<?xml version="1.0" encoding="UTF-8"?><TestSessionContainer xmlns="http://www.codecover.org/xml/testsession-container" Date="1501013483975" TestSessionContainerId="2b117ea9-c19a-4e77-903b-76a2064e3089" version="1.0">
<SrcFileList>
<SrcFile Content="package TestUnit;&#13;&#10;//import org.junit.Test;&#13;&#10;import stubs.Schedule;&#13;&#10;import stubs.ClassDetails;&#13;&#10;import stubs.Course;&#13;&#10;import stubs.ScheduleOptions;&#13;&#10;import java.util.Collection;&#13;&#10;import java.util.ArrayList;&#13;&#10;import static org.mockito.Mockito.*;&#13;&#10;&#13;&#10;public class ScheduleMakerController {&#13;&#10;&#13;&#10;    private boolean conflict(Collection c) {&#13;&#10;        ArrayList tmp1, tmp2, list = (ArrayList) c;&#13;&#10;        if (list.size() &lt;= 1)&#13;&#10;            return false;&#13;&#10;        for (int i = 0; i &lt; list.size(); i++)&#13;&#10;            for (int j = i + 1; j &lt; list.size(); j++)&#13;&#10;            {&#13;&#10;                tmp1 = (ArrayList) list.get(i);&#13;&#10;                tmp2 = (ArrayList) list.get(j);&#13;&#10;                if (((ClassDetails) tmp1.get(0)).hasConflict((ClassDetails) tmp2.get(0)))&#13;&#10;                    return true;&#13;&#10;            }&#13;&#10;        return false;&#13;&#10;    }&#13;&#10;&#13;&#10;    private boolean sizeIsOne(Collection c) {&#13;&#10;        for (Object item : c)&#13;&#10;        {&#13;&#10;            if (((Collection) item).size() != 1)&#13;&#10;                return false;&#13;&#10;        }&#13;&#10;        return true;&#13;&#10;    }&#13;&#10;&#13;&#10;    /**&#13;&#10;     * @param c         Collection of courses&#13;&#10;     * @param cursor&#13;&#10;     * @param schedules&#13;&#10;     */&#13;&#10;    private void findSchedule(Collection&lt;Collection&lt;ClassDetails&gt;&gt; c, int cursor, Collection&lt;Schedule&gt; schedules) {&#13;&#10;        ArrayList list = (ArrayList) c;&#13;&#10;        if (sizeIsOne(list))&#13;&#10;        {&#13;&#10;            if (!conflict(list))&#13;&#10;                schedules.add(new Schedule(list));&#13;&#10;        }&#13;&#10;        else&#13;&#10;        {&#13;&#10;            if (((ArrayList) list.get(cursor)).size() &gt; 1)&#13;&#10;            {&#13;&#10;                for (int j = 0; j &lt; ((ArrayList) list.get(cursor)).size(); j++)&#13;&#10;                {&#13;&#10;                    ArrayList&lt;Collection&lt;ClassDetails&gt;&gt; tmp = new ArrayList&lt;Collection&lt;ClassDetails&gt;&gt;(list);&#13;&#10;                    ArrayList aux = new ArrayList();&#13;&#10;                    ArrayList aux1 = (ArrayList) list.get(cursor);&#13;&#10;                    aux.add(aux1.get(j));&#13;&#10;&#13;&#10;                    tmp.set(cursor, aux);&#13;&#10;                    findSchedule(tmp, cursor, schedules);&#13;&#10;                }&#13;&#10;            }&#13;&#10;            else&#13;&#10;            {&#13;&#10;                findSchedule(c, cursor - 1, schedules);&#13;&#10;            }&#13;&#10;        }&#13;&#10;    }&#13;&#10;&#13;&#10;    public Collection&lt;Schedule&gt; createSchedule(ScheduleOptions schOpt) {&#13;&#10;        Collection&lt;Schedule&gt; schedules = new ArrayList&lt;Schedule&gt;();&#13;&#10;&#13;&#10;        //get courses&#13;&#10;        // This class checks the ScheduleOptions class which its information&#13;&#10;        // is derived from the createschedule page, this logic checks for empty fields.&#13;&#10;        // If its not empty then insert into the courses String collection&#13;&#10;        Collection&lt;String&gt; courses = new ArrayList&lt;String&gt;();&#13;&#10;        if (schOpt.getCourse1() != null &amp;&amp; !schOpt.getCourse1().trim().equals(&quot;&quot;))&#13;&#10;            courses.add(schOpt.getCourse1());&#13;&#10;        if (schOpt.getCourse2() != null &amp;&amp; !schOpt.getCourse2().trim().equals(&quot;&quot;))&#13;&#10;            courses.add(schOpt.getCourse2());&#13;&#10;        if (schOpt.getCourse3() != null &amp;&amp; !schOpt.getCourse3().trim().equals(&quot;&quot;))&#13;&#10;            courses.add(schOpt.getCourse3());&#13;&#10;        if (schOpt.getCourse4() != null &amp;&amp; !schOpt.getCourse4().trim().equals(&quot;&quot;))&#13;&#10;            courses.add(schOpt.getCourse4());&#13;&#10;        if (schOpt.getCourse5() != null &amp;&amp; !schOpt.getCourse5().trim().equals(&quot;&quot;))&#13;&#10;            courses.add(schOpt.getCourse5());&#13;&#10;        if (schOpt.getCourse6() != null &amp;&amp; !schOpt.getCourse6().trim().equals(&quot;&quot;))&#13;&#10;            courses.add(schOpt.getCourse6());&#13;&#10;//        courses.add(schOpt.getCourse4());&#13;&#10;//        courses.add(schOpt.getCourse5());&#13;&#10;//        courses.add(schOpt.getCourse6());&#13;&#10;        &#13;&#10;        // This checks if any courses were added, if not just return an empty schedule&#13;&#10;        if (courses.size() &lt;= 0)&#13;&#10;            return schedules;&#13;&#10; &#13;&#10;        //get campus, if all then insert both, else insert from schedule option &#13;&#10;        Collection&lt;String&gt; campus = new ArrayList&lt;String&gt;();&#13;&#10;        if (schOpt.getCampus().equals(&quot;All&quot;))&#13;&#10;        {&#13;&#10;            campus.add(&quot;Biscayne&quot;);&#13;&#10;            campus.add(&quot;University&quot;);&#13;&#10;        }&#13;&#10;        else&#13;&#10;            campus.add(schOpt.getCampus());&#13;&#10;&#13;&#10;        //get term&#13;&#10;        String term = schOpt.getTerm();&#13;&#10;&#13;&#10;        //get preferred days&#13;&#10;        String SPDays = &quot;&quot;;&#13;&#10;        if (schOpt.getM() != null)&#13;&#10;            SPDays += schOpt.getM();&#13;&#10;        else&#13;&#10;            SPDays += &quot;1&quot;;&#13;&#10;        if (schOpt.getT() != null)&#13;&#10;            SPDays += schOpt.getT();&#13;&#10;        else&#13;&#10;            SPDays += &quot;1&quot;;&#13;&#10;        if (schOpt.getW() != null)&#13;&#10;            SPDays += schOpt.getW();&#13;&#10;        else&#13;&#10;            SPDays += &quot;1&quot;;&#13;&#10;        if (schOpt.getTh() != null)&#13;&#10;            SPDays += schOpt.getTh();&#13;&#10;        else&#13;&#10;            SPDays += &quot;1&quot;;&#13;&#10;        if (schOpt.getF() != null)&#13;&#10;            SPDays += schOpt.getF();&#13;&#10;        else&#13;&#10;            SPDays += &quot;1&quot;;&#13;&#10;        if (schOpt.getS() != null)&#13;&#10;            SPDays += schOpt.getS();&#13;&#10;        else&#13;&#10;            SPDays += &quot;1&quot;;&#13;&#10;        if (schOpt.getSu() != null)&#13;&#10;            SPDays += schOpt.getSu();&#13;&#10;        else&#13;&#10;            SPDays += &quot;1&quot;;&#13;&#10;&#13;&#10;        Course course_tmp;&#13;&#10;        Collection&lt;Collection&lt;ClassDetails&gt;&gt; course_collection = new ArrayList&lt;Collection&lt;ClassDetails&gt;&gt;();&#13;&#10;&#13;&#10;        for (Object c : courses)&#13;&#10;        {&#13;&#10;            course_tmp = new Course(((String) c).substring(0, 3), ((String) c).substring(3));&#13;&#10;            Collection&lt;ClassDetails&gt; classes_tmp = course_tmp.getClasses(term, campus);&#13;&#10;            if (classes_tmp.size() &gt; 0)&#13;&#10;            {&#13;&#10;                char[] days = SPDays.toCharArray();&#13;&#10;                Collection&lt;ClassDetails&gt; returnClasses = new ArrayList&lt;ClassDetails&gt;();&#13;&#10;                boolean daymatches;&#13;&#10;&#13;&#10;                for (Object cd : classes_tmp)&#13;&#10;                {&#13;&#10;                    daymatches = false;&#13;&#10;                    char[] cdays = ((ClassDetails) cd).getDays().toCharArray();&#13;&#10;                    for (int i = 0; i &lt; 7; i++)&#13;&#10;                    {&#13;&#10;                        if (cdays[i] == '1')&#13;&#10;                        {&#13;&#10;                            if (cdays[i] == days[i])&#13;&#10;                                daymatches = true;&#13;&#10;                            else&#13;&#10;                            {&#13;&#10;                                daymatches = false;&#13;&#10;                                break;&#13;&#10;                            }&#13;&#10;                        }&#13;&#10;                    }&#13;&#10;&#13;&#10;                    if (daymatches)&#13;&#10;                        returnClasses.add((ClassDetails) cd);&#13;&#10;&#13;&#10;                }&#13;&#10;                if (!returnClasses.isEmpty())&#13;&#10;                    course_collection.add(returnClasses);&#13;&#10;            }&#13;&#10;        }&#13;&#10;&#13;&#10;        if (!course_collection.isEmpty())&#13;&#10;            findSchedule(course_collection, course_collection.size() - 1, schedules);&#13;&#10;&#13;&#10;        return schedules;&#13;&#10;    }&#13;&#10;&#13;&#10;    public Collection&lt;Schedule&gt; createSchedule(String term, Collection&lt;String&gt; courses, String cmp, String SPDays) {&#13;&#10;        Collection&lt;Schedule&gt; schedules = new ArrayList&lt;Schedule&gt;();&#13;&#10;&#13;&#10;        if (courses.size() &lt;= 0)&#13;&#10;            return schedules;&#13;&#10;&#13;&#10;        //get campus&#13;&#10;        Collection&lt;String&gt; campus = new ArrayList&lt;String&gt;();&#13;&#10;        if (cmp.equals(&quot;All&quot;))&#13;&#10;        {&#13;&#10;            campus.add(&quot;Biscayne&quot;);&#13;&#10;            campus.add(&quot;University&quot;);&#13;&#10;        }&#13;&#10;        else&#13;&#10;            campus.add(cmp);&#13;&#10;&#13;&#10;        Course course_tmp;&#13;&#10;        Collection&lt;Collection&lt;ClassDetails&gt;&gt; course_collection = new ArrayList&lt;Collection&lt;ClassDetails&gt;&gt;();&#13;&#10;&#13;&#10;        for (Object c : courses)&#13;&#10;        {&#13;&#10;            if (!((String) c).equals(&quot;&quot;))&#13;&#10;            {&#13;&#10;                course_tmp = new Course(((String) c).substring(0, 3), ((String) c).substring(3));&#13;&#10;                Collection&lt;ClassDetails&gt; classes_tmp = course_tmp.getClasses(term, campus);&#13;&#10;                if (classes_tmp.size() &gt; 0)&#13;&#10;                {&#13;&#10;&#13;&#10;                    char[] days = SPDays.toCharArray();&#13;&#10;                    Collection&lt;ClassDetails&gt; returnClasses = new ArrayList&lt;ClassDetails&gt;();&#13;&#10;                    boolean daymatches;&#13;&#10;&#13;&#10;                    for (Object cd : classes_tmp)&#13;&#10;                    {&#13;&#10;                        daymatches = false;&#13;&#10;                        char[] cdays = ((ClassDetails) cd).getDays().toCharArray();&#13;&#10;                        for (int i = 0; i &lt; 7; i++)&#13;&#10;                        {&#13;&#10;                            if (cdays[i] == '1')&#13;&#10;                            {&#13;&#10;                                if (cdays[i] == days[i])&#13;&#10;                                    daymatches = true;&#13;&#10;                                else&#13;&#10;                                {&#13;&#10;                                    daymatches = false;&#13;&#10;                                    break;&#13;&#10;                                }&#13;&#10;                            }&#13;&#10;                        }&#13;&#10;&#13;&#10;                        if (daymatches)&#13;&#10;                            returnClasses.add((ClassDetails) cd);&#13;&#10;&#13;&#10;                    }&#13;&#10;                    if (!returnClasses.isEmpty())&#13;&#10;                        course_collection.add(returnClasses);&#13;&#10;                }&#13;&#10;            }&#13;&#10;        }&#13;&#10;&#13;&#10;        if (!course_collection.isEmpty())&#13;&#10;            findSchedule(course_collection, course_collection.size() - 1, schedules);&#13;&#10;&#13;&#10;        return schedules;&#13;&#10;    }&#13;&#10;&#13;&#10;    public void sortSchedules() { /*to be implemented*/ }&#13;&#10;&#13;&#10;    public void getSavedSchedule() { /*to be implemented*/ }&#13;&#10;&#13;&#10;    public void getBalance() { /*to be implemented*/ }&#13;&#10;&#13;&#10;    private void findClasses() { /*to be implemented*/ }&#13;&#10;&#13;&#10;    public void saveSchedules(Collection&lt;Schedule&gt; schedules) {&#13;&#10;    }&#13;&#10;}&#13;&#10;" Filename="ScheduleMakerController.java" Intrnl_Id="1"/>
<SrcFile Content="package TestUnit;&#13;&#10;&#13;&#10;import java.util.Collection;&#13;&#10;import java.util.ArrayList;&#13;&#10;import java.util.Iterator;&#13;&#10;import java.sql.ResultSet;&#13;&#10;import java.sql.SQLException;&#13;&#10;import java.io.CharArrayWriter;&#13;&#10;&#13;&#10;&#13;&#10;&#13;&#10;&#13;&#10;&#13;&#10;import stubs.*;&#13;&#10;&#13;&#10;&#13;&#10;public class ClassDetails {&#13;&#10;&#13;&#10;    private Course course;&#13;&#10;    private String classNbr;&#13;&#10;    private Professor instructor;&#13;&#10;    private String bldg_room;&#13;&#10;    private String campus;&#13;&#10;    private String term;&#13;&#10;    private Time time;&#13;&#10;&#13;&#10;    //constructor&#13;&#10;    public ClassDetails() {&#13;&#10;&#13;&#10;    }&#13;&#10;&#13;&#10;    public String getTerm() {&#13;&#10;    &#9;return term;&#13;&#10;    }&#13;&#10;    &#13;&#10;    public void setTerm(String term) {&#13;&#10;        this.term = term;&#13;&#10;    }&#13;&#10;    &#13;&#10;    public void setCampus(String campus) {&#13;&#10;        this.campus = campus;&#13;&#10;    }&#13;&#10;&#13;&#10;    public String getCampus() {&#13;&#10;    &#9;return campus;&#13;&#10;    }&#13;&#10;    public ClassDetails(Course course, String classNbr) {&#13;&#10;        this.course = course;&#13;&#10;        this.classNbr = classNbr;&#13;&#10;    }&#13;&#10;&#13;&#10;    public Professor getInstructor() {&#13;&#10;        return null;&#13;&#10;    }&#13;&#10;&#13;&#10;    public boolean hasConflict(ClassDetails cd) {&#13;&#10;        Time c1 = getTime();&#13;&#10;        Time c2 = cd.getTime();&#13;&#10;        //compare times&#13;&#10;        String daysofC1 = c1.days;&#13;&#10;        String daysofC2 = c2.days;&#13;&#10;        //System.out.println(daysofC1);&#13;&#10;        ArrayList&lt;String&gt; A1, A2;&#13;&#10;        A1 = new ArrayList&lt;String&gt;();&#13;&#10;        A2 = new ArrayList&lt;String&gt;();&#13;&#10;        String[] days = new String[7];&#13;&#10;        days[0] = &quot;Mon&quot;;&#13;&#10;        days[1] = &quot;Tues&quot;;&#13;&#10;        days[2] = &quot;Wed&quot;;&#13;&#10;        days[3] = &quot;Thurs&quot;;&#13;&#10;        days[4] = &quot;Fri&quot;;&#13;&#10;        days[5] = &quot;Sat&quot;;&#13;&#10;        days[6] = &quot;Sun&quot;;&#13;&#10;&#13;&#10;        for (int i = 0; i &lt; 7; i++)&#13;&#10;        {&#13;&#10;            if (daysofC1.charAt(i) == '1')&#13;&#10;            {&#13;&#10;                String day = new String(days[i]);&#13;&#10;                A1.add(day);&#13;&#10;            }&#13;&#10;        }&#13;&#10;&#13;&#10;        for (int i = 0; i &lt; 7; i++)&#13;&#10;        {&#13;&#10;            if (daysofC2.charAt(i) == '1')&#13;&#10;            {&#13;&#10;                String day = new String(days[i]);&#13;&#10;                A2.add(day);&#13;&#10;            }&#13;&#10;        }&#13;&#10;        Iterator&lt;String&gt; it1 = A1.iterator();&#13;&#10;        Iterator&lt;String&gt; it2 = A2.iterator();&#13;&#10;        while (it1.hasNext())&#13;&#10;        {&#13;&#10;            String d1 = it1.next();&#13;&#10;            while (it2.hasNext())&#13;&#10;            {&#13;&#10;                String d2 = it2.next();&#13;&#10;&#13;&#10;                if (d1.equals(d2))&#13;&#10;                {&#13;&#10;                    //both classes starts at same hour&#13;&#10;                    if (c1.frHr == c2.frHr)&#13;&#10;                    {&#13;&#10;                        if (c1.frMn &gt;= c2.frMn)&#13;&#10;                            return true;&#13;&#10;                    }&#13;&#10;                    // c1 starts before c2&#13;&#10;                    else if (c1.frHr &lt; c2.frHr)&#13;&#10;                    {&#13;&#10;                        if (c1.toHr == c2.frHr)&#13;&#10;                        {&#13;&#10;                            if (c1.toMn &gt;= c2.frMn)&#13;&#10;                                return true;&#13;&#10;                        }&#13;&#10;                        else if (c1.toHr &gt; c2.frHr)&#13;&#10;                            return true;&#13;&#10;                    }&#13;&#10;&#13;&#10;                    //c1 starts after c2&#13;&#10;&#13;&#10;                    else if (c1.frHr &gt; c2.frHr)&#13;&#10;                    {&#13;&#10;                    &#9;&#13;&#10;                    &#9;&#13;&#10;                        if (c2.toHr == c1.frHr)&#13;&#10;                        {&#13;&#10;                        &#9;&#13;&#10;                            if (c2.toMn &gt;= c1.frMn)&#13;&#10;                                return true;&#13;&#10;                        }&#13;&#10;                        else if (c2.toHr &gt; c1.frHr)&#13;&#10;                            return true;&#13;&#10;                    }&#13;&#10;                }&#13;&#10;            }&#13;&#10;        }&#13;&#10;&#13;&#10;        return false;&#13;&#10;    }&#13;&#10;&#13;&#10;    public Time getTime() {&#13;&#10;        return time;&#13;&#10;    }&#13;&#10;&#13;&#10;    public void setTime(Time t) {&#13;&#10;        time = t;&#13;&#10;    }&#13;&#10;&#13;&#10;    public boolean isAtTime(int hour) {&#13;&#10;        if(getTime().frHr &lt;= hour &amp;&amp; hour &lt;= getTime().toHr)&#13;&#10;            return true;&#13;&#10;        else&#13;&#10;            return false;&#13;&#10;    }&#13;&#10;&#13;&#10;    public boolean isAtDay(int day) {&#13;&#10;        if(getTime().days.substring(day, day+1).equals(&quot;1&quot;))&#13;&#10;            return true;&#13;&#10;        else&#13;&#10;            return false;&#13;&#10;    }&#13;&#10;&#13;&#10;    public String toString() {&#13;&#10;        String result = &quot;&quot;;&#13;&#10;        result += course.toString() + &quot;\n&quot; + classNbr + &quot;\n&quot;;&#13;&#10;        if (this.getTime() != null)&#13;&#10;            result += &quot;&quot; + this.getTime().toString() + &quot;\n&quot;;&#13;&#10;//        if (instructor != null)&#13;&#10;//            result += &quot;&quot; + instructor.toString();&#13;&#10;//        if (bldg_room != null)&#13;&#10;//            result += &quot;&quot; + bldg_room;&#13;&#10;        if (campus != null)&#13;&#10;            result += &quot;&quot; + campus + &quot;\n&quot;;&#13;&#10;//        if (term != null)&#13;&#10;//            result += &quot;&quot; + term.toString();&#13;&#10;        return result;&#13;&#10;    }&#13;&#10;&#13;&#10;    public String getDays() {&#13;&#10;        return getTime().days;&#13;&#10;    }&#13;&#10;&#9;&#9;&#13;&#10;    public void setCourse(Course c){&#13;&#10;    &#9;&#13;&#10;    &#9;this.course = c;&#13;&#10;    &#9;&#13;&#10;    }&#13;&#10; &#13;&#10;    public String getCourse(){&#13;&#10; &#9;&#13;&#10; &#9;return course.toString();&#13;&#10; &#9;&#13;&#10; }&#13;&#10;}&#13;&#10;" Filename="ClassDetails.java" Intrnl_Id="2"/>
</SrcFileList>
<CritList>
<CritListEntry Name="org.codecover.model.utils.criteria.BranchCoverage" PluginName="org.codecover"/>
<CritListEntry Name="org.codecover.model.utils.criteria.StatementCoverage" PluginName="org.codecover"/>
</CritList>
<BoolOpList/>
<HierarchyLvlTypeList>
<HierarchyLvlType EnglishName="package" IntrnlName="package" Intrnl_Id="3"/>
<HierarchyLvlType EnglishName="method" IntrnlName="method" Intrnl_Id="4"/>
<HierarchyLvlType EnglishName="class" IntrnlName="class" Intrnl_Id="5"/>
<HierarchyLvlType EnglishName="default package" IntrnlName="default package" Intrnl_Id="6"/>
</HierarchyLvlTypeList>
<MASTRoot>
<HierarchyLvl HierarchyLvlId="518" HierarchyLvlTypeId="6" Intrnl_Id="7" Name="default package">
<Header/>
<LocList/>
<HierarchyLvl HierarchyLvlId="517" HierarchyLvlTypeId="3" Intrnl_Id="8" Name="TestUnit">
<Header/>
<LocList/>
<HierarchyLvl HierarchyLvlId="499" HierarchyLvlTypeId="5" Intrnl_Id="9" Name="ScheduleMakerController">
<Header>
<Loc EndOffset="285" SrcFileId="1" StartOffset="249"/>
</Header>
<LocList>
<Loc EndOffset="9487" SrcFileId="1" StartOffset="249"/>
</LocList>
<HierarchyLvl HierarchyLvlId="489" HierarchyLvlTypeId="4" Intrnl_Id="10" Name="conflict">
<Header>
<Loc EndOffset="333" SrcFileId="1" StartOffset="295"/>
</Header>
<LocList>
<Loc EndOffset="831" SrcFileId="1" StartOffset="295"/>
</LocList>
<StmntSeq Intrnl_Id="11">
<LocList>
<Loc EndOffset="388" SrcFileId="1" StartOffset="345"/>
<Loc EndOffset="446" SrcFileId="1" StartOffset="398"/>
<Loc EndOffset="801" SrcFileId="1" StartOffset="456"/>
<Loc EndOffset="824" SrcFileId="1" StartOffset="811"/>
</LocList>
<BasicStmnt CovItemId="S1" CovItemPrefix="TestUnit.ScheduleMakerController.java" Intrnl_Id="12">
<LocList>
<Loc EndOffset="388" SrcFileId="1" StartOffset="345"/>
</LocList>
</BasicStmnt>
<CondStmnt CovItemId="S2" CovItemPrefix="TestUnit.ScheduleMakerController.java" Intrnl_Id="13">
<Branch CovItemId="B1" CovItemPrefix="TestUnit.ScheduleMakerController.java" Implct="false" Intrnl_Id="14">
<Cond/>
<LocList>
<Loc EndOffset="446" SrcFileId="1" StartOffset="433"/>
</LocList>
<StmntSeq Intrnl_Id="15">
<LocList>
<Loc EndOffset="446" SrcFileId="1" StartOffset="433"/>
</LocList>
<BasicStmnt CovItemId="S3" CovItemPrefix="TestUnit.ScheduleMakerController.java" Intrnl_Id="16">
<LocList>
<Loc EndOffset="446" SrcFileId="1" StartOffset="433"/>
</LocList>
</BasicStmnt>
</StmntSeq>
</Branch>
<Branch CovItemId="B2" CovItemPrefix="TestUnit.ScheduleMakerController.java" Implct="true" Intrnl_Id="17">
<Cond/>
<LocList/>
<StmntSeq Intrnl_Id="18">
<LocList/>
</StmntSeq>
</Branch>
<Keyword EndOffset="400" SrcFileId="1" StartOffset="398"/>
<LocList>
<Loc EndOffset="446" SrcFileId="1" StartOffset="398"/>
</LocList>
</CondStmnt>
<LoopStmnt CovItemId="S4" CovItemPrefix="TestUnit.ScheduleMakerController.java" Intrnl_Id="19" MltplExecId="L1-2" MltplExecPrefix="TestUnit.ScheduleMakerController.java" NvrExecId="L1-0" NvrExecPrefix="TestUnit.ScheduleMakerController.java" OnceExecutedId="L1-1" OnceExecutedPrefix="TestUnit.ScheduleMakerController.java" OptBodyExec="true">
<StmntSeq Intrnl_Id="20">
<LocList>
<Loc EndOffset="801" SrcFileId="1" StartOffset="507"/>
</LocList>
<LoopStmnt CovItemId="S5" CovItemPrefix="TestUnit.ScheduleMakerController.java" Intrnl_Id="21" MltplExecId="L2-2" MltplExecPrefix="TestUnit.ScheduleMakerController.java" NvrExecId="L2-0" NvrExecPrefix="TestUnit.ScheduleMakerController.java" OnceExecutedId="L2-1" OnceExecutedPrefix="TestUnit.ScheduleMakerController.java" OptBodyExec="true">
<StmntSeq Intrnl_Id="22">
<LocList>
<Loc EndOffset="612" SrcFileId="1" StartOffset="581"/>
<Loc EndOffset="661" SrcFileId="1" StartOffset="630"/>
<Loc EndOffset="786" SrcFileId="1" StartOffset="679"/>
</LocList>
<BasicStmnt CovItemId="S6" CovItemPrefix="TestUnit.ScheduleMakerController.java" Intrnl_Id="23">
<LocList>
<Loc EndOffset="612" SrcFileId="1" StartOffset="581"/>
</LocList>
</BasicStmnt>
<BasicStmnt CovItemId="S7" CovItemPrefix="TestUnit.ScheduleMakerController.java" Intrnl_Id="24">
<LocList>
<Loc EndOffset="661" SrcFileId="1" StartOffset="630"/>
</LocList>
</BasicStmnt>
<CondStmnt CovItemId="S8" CovItemPrefix="TestUnit.ScheduleMakerController.java" Intrnl_Id="25">
<Branch CovItemId="B3" CovItemPrefix="TestUnit.ScheduleMakerController.java" Implct="false" Intrnl_Id="26">
<Cond/>
<LocList>
<Loc EndOffset="786" SrcFileId="1" StartOffset="774"/>
</LocList>
<StmntSeq Intrnl_Id="27">
<LocList>
<Loc EndOffset="786" SrcFileId="1" StartOffset="774"/>
</LocList>
<BasicStmnt CovItemId="S9" CovItemPrefix="TestUnit.ScheduleMakerController.java" Intrnl_Id="28">
<LocList>
<Loc EndOffset="786" SrcFileId="1" StartOffset="774"/>
</LocList>
</BasicStmnt>
</StmntSeq>
</Branch>
<Branch CovItemId="B4" CovItemPrefix="TestUnit.ScheduleMakerController.java" Implct="true" Intrnl_Id="29">
<Cond/>
<LocList/>
<StmntSeq Intrnl_Id="30">
<LocList/>
</StmntSeq>
</Branch>
<Keyword EndOffset="681" SrcFileId="1" StartOffset="679"/>
<LocList>
<Loc EndOffset="786" SrcFileId="1" StartOffset="679"/>
</LocList>
</CondStmnt>
</StmntSeq>
<Keyword EndOffset="510" SrcFileId="1" StartOffset="507"/>
<LocList>
<Loc EndOffset="801" SrcFileId="1" StartOffset="507"/>
</LocList>
</LoopStmnt>
</StmntSeq>
<Keyword EndOffset="459" SrcFileId="1" StartOffset="456"/>
<LocList>
<Loc EndOffset="801" SrcFileId="1" StartOffset="456"/>
</LocList>
</LoopStmnt>
<BasicStmnt CovItemId="S10" CovItemPrefix="TestUnit.ScheduleMakerController.java" Intrnl_Id="31">
<LocList>
<Loc EndOffset="824" SrcFileId="1" StartOffset="811"/>
</LocList>
</BasicStmnt>
</StmntSeq>
</HierarchyLvl>
<HierarchyLvl HierarchyLvlId="490" HierarchyLvlTypeId="4" Intrnl_Id="32" Name="sizeIsOne">
<Header>
<Loc EndOffset="878" SrcFileId="1" StartOffset="839"/>
</Header>
<LocList>
<Loc EndOffset="1043" SrcFileId="1" StartOffset="839"/>
</LocList>
<StmntSeq Intrnl_Id="33">
<LocList>
<Loc EndOffset="1014" SrcFileId="1" StartOffset="890"/>
<Loc EndOffset="1036" SrcFileId="1" StartOffset="1024"/>
</LocList>
<LoopStmnt CovItemId="S11" CovItemPrefix="TestUnit.ScheduleMakerController.java" Intrnl_Id="34" MltplExecId="L3-2" MltplExecPrefix="TestUnit.ScheduleMakerController.java" NvrExecId="L3-0" NvrExecPrefix="TestUnit.ScheduleMakerController.java" OnceExecutedId="L3-1" OnceExecutedPrefix="TestUnit.ScheduleMakerController.java" OptBodyExec="true">
<StmntSeq Intrnl_Id="35">
<LocList>
<Loc EndOffset="1003" SrcFileId="1" StartOffset="936"/>
</LocList>
<CondStmnt CovItemId="S12" CovItemPrefix="TestUnit.ScheduleMakerController.java" Intrnl_Id="36">
<Branch CovItemId="B5" CovItemPrefix="TestUnit.ScheduleMakerController.java" Implct="false" Intrnl_Id="37">
<Cond/>
<LocList>
<Loc EndOffset="1003" SrcFileId="1" StartOffset="990"/>
</LocList>
<StmntSeq Intrnl_Id="38">
<LocList>
<Loc EndOffset="1003" SrcFileId="1" StartOffset="990"/>
</LocList>
<BasicStmnt CovItemId="S13" CovItemPrefix="TestUnit.ScheduleMakerController.java" Intrnl_Id="39">
<LocList>
<Loc EndOffset="1003" SrcFileId="1" StartOffset="990"/>
</LocList>
</BasicStmnt>
</StmntSeq>
</Branch>
<Branch CovItemId="B6" CovItemPrefix="TestUnit.ScheduleMakerController.java" Implct="true" Intrnl_Id="40">
<Cond/>
<LocList/>
<StmntSeq Intrnl_Id="41">
<LocList/>
</StmntSeq>
</Branch>
<Keyword EndOffset="938" SrcFileId="1" StartOffset="936"/>
<LocList>
<Loc EndOffset="1003" SrcFileId="1" StartOffset="936"/>
</LocList>
</CondStmnt>
</StmntSeq>
<Keyword EndOffset="893" SrcFileId="1" StartOffset="890"/>
<LocList>
<Loc EndOffset="1014" SrcFileId="1" StartOffset="890"/>
</LocList>
</LoopStmnt>
<BasicStmnt CovItemId="S14" CovItemPrefix="TestUnit.ScheduleMakerController.java" Intrnl_Id="42">
<LocList>
<Loc EndOffset="1036" SrcFileId="1" StartOffset="1024"/>
</LocList>
</BasicStmnt>
</StmntSeq>
</HierarchyLvl>
<HierarchyLvl HierarchyLvlId="491" HierarchyLvlTypeId="4" Intrnl_Id="43" Name="findSchedule">
<Header>
<Loc EndOffset="1272" SrcFileId="1" StartOffset="1163"/>
</Header>
<LocList>
<Loc EndOffset="2189" SrcFileId="1" StartOffset="1163"/>
</LocList>
<StmntSeq Intrnl_Id="44">
<LocList>
<Loc EndOffset="1315" SrcFileId="1" StartOffset="1284"/>
<Loc EndOffset="2182" SrcFileId="1" StartOffset="1325"/>
</LocList>
<BasicStmnt CovItemId="S15" CovItemPrefix="TestUnit.ScheduleMakerController.java" Intrnl_Id="45">
<LocList>
<Loc EndOffset="1315" SrcFileId="1" StartOffset="1284"/>
</LocList>
</BasicStmnt>
<CondStmnt CovItemId="S16" CovItemPrefix="TestUnit.ScheduleMakerController.java" Intrnl_Id="46">
<Branch CovItemId="B7" CovItemPrefix="TestUnit.ScheduleMakerController.java" Implct="false" Intrnl_Id="47">
<Cond/>
<LocList>
<Loc EndOffset="1453" SrcFileId="1" StartOffset="1355"/>
</LocList>
<StmntSeq Intrnl_Id="48">
<LocList>
<Loc EndOffset="1442" SrcFileId="1" StartOffset="1370"/>
</LocList>
<CondStmnt CovItemId="S17" CovItemPrefix="TestUnit.ScheduleMakerController.java" Intrnl_Id="49">
<Branch CovItemId="B9" CovItemPrefix="TestUnit.ScheduleMakerController.java" Implct="false" Intrnl_Id="50">
<Cond/>
<LocList>
<Loc EndOffset="1442" SrcFileId="1" StartOffset="1408"/>
</LocList>
<StmntSeq Intrnl_Id="51">
<LocList>
<Loc EndOffset="1442" SrcFileId="1" StartOffset="1408"/>
</LocList>
<BasicStmnt CovItemId="S18" CovItemPrefix="TestUnit.ScheduleMakerController.java" Intrnl_Id="52">
<LocList>
<Loc EndOffset="1442" SrcFileId="1" StartOffset="1408"/>
</LocList>
</BasicStmnt>
</StmntSeq>
</Branch>
<Branch CovItemId="B10" CovItemPrefix="TestUnit.ScheduleMakerController.java" Implct="true" Intrnl_Id="53">
<Cond/>
<LocList/>
<StmntSeq Intrnl_Id="54">
<LocList/>
</StmntSeq>
</Branch>
<Keyword EndOffset="1372" SrcFileId="1" StartOffset="1370"/>
<LocList>
<Loc EndOffset="1442" SrcFileId="1" StartOffset="1370"/>
</LocList>
</CondStmnt>
</StmntSeq>
</Branch>
<Branch CovItemId="B8" CovItemPrefix="TestUnit.ScheduleMakerController.java" Implct="false" Intrnl_Id="55">
<Cond>
<Loc EndOffset="1467" SrcFileId="1" StartOffset="1463"/>
</Cond>
<LocList>
<Loc EndOffset="2182" SrcFileId="1" StartOffset="1477"/>
</LocList>
<StmntSeq Intrnl_Id="56">
<LocList>
<Loc EndOffset="2171" SrcFileId="1" StartOffset="1492"/>
</LocList>
<CondStmnt CovItemId="S19" CovItemPrefix="TestUnit.ScheduleMakerController.java" Intrnl_Id="57">
<Branch CovItemId="B11" CovItemPrefix="TestUnit.ScheduleMakerController.java" Implct="false" Intrnl_Id="58">
<Cond/>
<LocList>
<Loc EndOffset="2066" SrcFileId="1" StartOffset="1552"/>
</LocList>
<StmntSeq Intrnl_Id="59">
<LocList>
<Loc EndOffset="2051" SrcFileId="1" StartOffset="1571"/>
</LocList>
<LoopStmnt CovItemId="S20" CovItemPrefix="TestUnit.ScheduleMakerController.java" Intrnl_Id="60" MltplExecId="L4-2" MltplExecPrefix="TestUnit.ScheduleMakerController.java" NvrExecId="L4-0" NvrExecPrefix="TestUnit.ScheduleMakerController.java" OnceExecutedId="L4-1" OnceExecutedPrefix="TestUnit.ScheduleMakerController.java" OptBodyExec="true">
<StmntSeq Intrnl_Id="61">
<LocList>
<Loc EndOffset="1763" SrcFileId="1" StartOffset="1675"/>
<Loc EndOffset="1817" SrcFileId="1" StartOffset="1785"/>
<Loc EndOffset="1885" SrcFileId="1" StartOffset="1839"/>
<Loc EndOffset="1928" SrcFileId="1" StartOffset="1907"/>
<Loc EndOffset="1973" SrcFileId="1" StartOffset="1952"/>
<Loc EndOffset="2032" SrcFileId="1" StartOffset="1995"/>
</LocList>
<BasicStmnt CovItemId="S21" CovItemPrefix="TestUnit.ScheduleMakerController.java" Intrnl_Id="62">
<LocList>
<Loc EndOffset="1763" SrcFileId="1" StartOffset="1675"/>
</LocList>
</BasicStmnt>
<BasicStmnt CovItemId="S22" CovItemPrefix="TestUnit.ScheduleMakerController.java" Intrnl_Id="63">
<LocList>
<Loc EndOffset="1817" SrcFileId="1" StartOffset="1785"/>
</LocList>
</BasicStmnt>
<BasicStmnt CovItemId="S23" CovItemPrefix="TestUnit.ScheduleMakerController.java" Intrnl_Id="64">
<LocList>
<Loc EndOffset="1885" SrcFileId="1" StartOffset="1839"/>
</LocList>
</BasicStmnt>
<BasicStmnt CovItemId="S24" CovItemPrefix="TestUnit.ScheduleMakerController.java" Intrnl_Id="65">
<LocList>
<Loc EndOffset="1928" SrcFileId="1" StartOffset="1907"/>
</LocList>
</BasicStmnt>
<BasicStmnt CovItemId="S25" CovItemPrefix="TestUnit.ScheduleMakerController.java" Intrnl_Id="66">
<LocList>
<Loc EndOffset="1973" SrcFileId="1" StartOffset="1952"/>
</LocList>
</BasicStmnt>
<BasicStmnt CovItemId="S26" CovItemPrefix="TestUnit.ScheduleMakerController.java" Intrnl_Id="67">
<LocList>
<Loc EndOffset="2032" SrcFileId="1" StartOffset="1995"/>
</LocList>
</BasicStmnt>
</StmntSeq>
<Keyword EndOffset="1574" SrcFileId="1" StartOffset="1571"/>
<LocList>
<Loc EndOffset="2051" SrcFileId="1" StartOffset="1571"/>
</LocList>
</LoopStmnt>
</StmntSeq>
</Branch>
<Branch CovItemId="B12" CovItemPrefix="TestUnit.ScheduleMakerController.java" Implct="false" Intrnl_Id="68">
<Cond>
<Loc EndOffset="2084" SrcFileId="1" StartOffset="2080"/>
</Cond>
<LocList>
<Loc EndOffset="2171" SrcFileId="1" StartOffset="2098"/>
</LocList>
<StmntSeq Intrnl_Id="69">
<LocList>
<Loc EndOffset="2156" SrcFileId="1" StartOffset="2117"/>
</LocList>
<BasicStmnt CovItemId="S27" CovItemPrefix="TestUnit.ScheduleMakerController.java" Intrnl_Id="70">
<LocList>
<Loc EndOffset="2156" SrcFileId="1" StartOffset="2117"/>
</LocList>
</BasicStmnt>
</StmntSeq>
</Branch>
<Keyword EndOffset="1494" SrcFileId="1" StartOffset="1492"/>
<LocList>
<Loc EndOffset="2171" SrcFileId="1" StartOffset="1492"/>
</LocList>
</CondStmnt>
</StmntSeq>
</Branch>
<Keyword EndOffset="1327" SrcFileId="1" StartOffset="1325"/>
<LocList>
<Loc EndOffset="2182" SrcFileId="1" StartOffset="1325"/>
</LocList>
</CondStmnt>
</StmntSeq>
</HierarchyLvl>
<HierarchyLvl HierarchyLvlId="492" HierarchyLvlTypeId="4" Intrnl_Id="71" Name="createSchedule">
<Header>
<Loc EndOffset="2263" SrcFileId="1" StartOffset="2197"/>
</Header>
<LocList>
<Loc EndOffset="6748" SrcFileId="1" StartOffset="2197"/>
</LocList>
<StmntSeq Intrnl_Id="72">
<LocList>
<Loc EndOffset="2334" SrcFileId="1" StartOffset="2275"/>
<Loc EndOffset="2665" SrcFileId="1" StartOffset="2612"/>
<Loc EndOffset="2796" SrcFileId="1" StartOffset="2675"/>
<Loc EndOffset="2927" SrcFileId="1" StartOffset="2806"/>
<Loc EndOffset="3058" SrcFileId="1" StartOffset="2937"/>
<Loc EndOffset="3189" SrcFileId="1" StartOffset="3068"/>
<Loc EndOffset="3320" SrcFileId="1" StartOffset="3199"/>
<Loc EndOffset="3451" SrcFileId="1" StartOffset="3330"/>
<Loc EndOffset="3749" SrcFileId="1" StartOffset="3694"/>
<Loc EndOffset="3896" SrcFileId="1" StartOffset="3844"/>
<Loc EndOffset="4100" SrcFileId="1" StartOffset="3906"/>
<Loc EndOffset="4163" SrcFileId="1" StartOffset="4132"/>
<Loc EndOffset="4224" SrcFileId="1" StartOffset="4205"/>
<Loc EndOffset="4340" SrcFileId="1" StartOffset="4234"/>
<Loc EndOffset="4456" SrcFileId="1" StartOffset="4350"/>
<Loc EndOffset="4572" SrcFileId="1" StartOffset="4466"/>
<Loc EndOffset="4690" SrcFileId="1" StartOffset="4582"/>
<Loc EndOffset="4806" SrcFileId="1" StartOffset="4700"/>
<Loc EndOffset="4922" SrcFileId="1" StartOffset="4816"/>
<Loc EndOffset="5040" SrcFileId="1" StartOffset="4932"/>
<Loc EndOffset="5179" SrcFileId="1" StartOffset="5080"/>
<Loc EndOffset="6580" SrcFileId="1" StartOffset="5191"/>
<Loc EndOffset="6712" SrcFileId="1" StartOffset="6592"/>
<Loc EndOffset="6741" SrcFileId="1" StartOffset="6724"/>
</LocList>
<BasicStmnt CovItemId="S28" CovItemPrefix="TestUnit.ScheduleMakerController.java" Intrnl_Id="73">
<LocList>
<Loc EndOffset="2334" SrcFileId="1" StartOffset="2275"/>
</LocList>
</BasicStmnt>
<BasicStmnt CovItemId="S29" CovItemPrefix="TestUnit.ScheduleMakerController.java" Intrnl_Id="74">
<LocList>
<Loc EndOffset="2665" SrcFileId="1" StartOffset="2612"/>
</LocList>
</BasicStmnt>
<CondStmnt CovItemId="S30" CovItemPrefix="TestUnit.ScheduleMakerController.java" Intrnl_Id="75">
<Branch CovItemId="B13" CovItemPrefix="TestUnit.ScheduleMakerController.java" Implct="false" Intrnl_Id="76">
<Cond/>
<LocList>
<Loc EndOffset="2796" SrcFileId="1" StartOffset="2763"/>
</LocList>
<StmntSeq Intrnl_Id="77">
<LocList>
<Loc EndOffset="2796" SrcFileId="1" StartOffset="2763"/>
</LocList>
<BasicStmnt CovItemId="S31" CovItemPrefix="TestUnit.ScheduleMakerController.java" Intrnl_Id="78">
<LocList>
<Loc EndOffset="2796" SrcFileId="1" StartOffset="2763"/>
</LocList>
</BasicStmnt>
</StmntSeq>
</Branch>
<Branch CovItemId="B14" CovItemPrefix="TestUnit.ScheduleMakerController.java" Implct="true" Intrnl_Id="79">
<Cond/>
<LocList/>
<StmntSeq Intrnl_Id="80">
<LocList/>
</StmntSeq>
</Branch>
<Keyword EndOffset="2677" SrcFileId="1" StartOffset="2675"/>
<LocList>
<Loc EndOffset="2796" SrcFileId="1" StartOffset="2675"/>
</LocList>
</CondStmnt>
<CondStmnt CovItemId="S32" CovItemPrefix="TestUnit.ScheduleMakerController.java" Intrnl_Id="81">
<Branch CovItemId="B15" CovItemPrefix="TestUnit.ScheduleMakerController.java" Implct="false" Intrnl_Id="82">
<Cond/>
<LocList>
<Loc EndOffset="2927" SrcFileId="1" StartOffset="2894"/>
</LocList>
<StmntSeq Intrnl_Id="83">
<LocList>
<Loc EndOffset="2927" SrcFileId="1" StartOffset="2894"/>
</LocList>
<BasicStmnt CovItemId="S33" CovItemPrefix="TestUnit.ScheduleMakerController.java" Intrnl_Id="84">
<LocList>
<Loc EndOffset="2927" SrcFileId="1" StartOffset="2894"/>
</LocList>
</BasicStmnt>
</StmntSeq>
</Branch>
<Branch CovItemId="B16" CovItemPrefix="TestUnit.ScheduleMakerController.java" Implct="true" Intrnl_Id="85">
<Cond/>
<LocList/>
<StmntSeq Intrnl_Id="86">
<LocList/>
</StmntSeq>
</Branch>
<Keyword EndOffset="2808" SrcFileId="1" StartOffset="2806"/>
<LocList>
<Loc EndOffset="2927" SrcFileId="1" StartOffset="2806"/>
</LocList>
</CondStmnt>
<CondStmnt CovItemId="S34" CovItemPrefix="TestUnit.ScheduleMakerController.java" Intrnl_Id="87">
<Branch CovItemId="B17" CovItemPrefix="TestUnit.ScheduleMakerController.java" Implct="false" Intrnl_Id="88">
<Cond/>
<LocList>
<Loc EndOffset="3058" SrcFileId="1" StartOffset="3025"/>
</LocList>
<StmntSeq Intrnl_Id="89">
<LocList>
<Loc EndOffset="3058" SrcFileId="1" StartOffset="3025"/>
</LocList>
<BasicStmnt CovItemId="S35" CovItemPrefix="TestUnit.ScheduleMakerController.java" Intrnl_Id="90">
<LocList>
<Loc EndOffset="3058" SrcFileId="1" StartOffset="3025"/>
</LocList>
</BasicStmnt>
</StmntSeq>
</Branch>
<Branch CovItemId="B18" CovItemPrefix="TestUnit.ScheduleMakerController.java" Implct="true" Intrnl_Id="91">
<Cond/>
<LocList/>
<StmntSeq Intrnl_Id="92">
<LocList/>
</StmntSeq>
</Branch>
<Keyword EndOffset="2939" SrcFileId="1" StartOffset="2937"/>
<LocList>
<Loc EndOffset="3058" SrcFileId="1" StartOffset="2937"/>
</LocList>
</CondStmnt>
<CondStmnt CovItemId="S36" CovItemPrefix="TestUnit.ScheduleMakerController.java" Intrnl_Id="93">
<Branch CovItemId="B19" CovItemPrefix="TestUnit.ScheduleMakerController.java" Implct="false" Intrnl_Id="94">
<Cond/>
<LocList>
<Loc EndOffset="3189" SrcFileId="1" StartOffset="3156"/>
</LocList>
<StmntSeq Intrnl_Id="95">
<LocList>
<Loc EndOffset="3189" SrcFileId="1" StartOffset="3156"/>
</LocList>
<BasicStmnt CovItemId="S37" CovItemPrefix="TestUnit.ScheduleMakerController.java" Intrnl_Id="96">
<LocList>
<Loc EndOffset="3189" SrcFileId="1" StartOffset="3156"/>
</LocList>
</BasicStmnt>
</StmntSeq>
</Branch>
<Branch CovItemId="B20" CovItemPrefix="TestUnit.ScheduleMakerController.java" Implct="true" Intrnl_Id="97">
<Cond/>
<LocList/>
<StmntSeq Intrnl_Id="98">
<LocList/>
</StmntSeq>
</Branch>
<Keyword EndOffset="3070" SrcFileId="1" StartOffset="3068"/>
<LocList>
<Loc EndOffset="3189" SrcFileId="1" StartOffset="3068"/>
</LocList>
</CondStmnt>
<CondStmnt CovItemId="S38" CovItemPrefix="TestUnit.ScheduleMakerController.java" Intrnl_Id="99">
<Branch CovItemId="B21" CovItemPrefix="TestUnit.ScheduleMakerController.java" Implct="false" Intrnl_Id="100">
<Cond/>
<LocList>
<Loc EndOffset="3320" SrcFileId="1" StartOffset="3287"/>
</LocList>
<StmntSeq Intrnl_Id="101">
<LocList>
<Loc EndOffset="3320" SrcFileId="1" StartOffset="3287"/>
</LocList>
<BasicStmnt CovItemId="S39" CovItemPrefix="TestUnit.ScheduleMakerController.java" Intrnl_Id="102">
<LocList>
<Loc EndOffset="3320" SrcFileId="1" StartOffset="3287"/>
</LocList>
</BasicStmnt>
</StmntSeq>
</Branch>
<Branch CovItemId="B22" CovItemPrefix="TestUnit.ScheduleMakerController.java" Implct="true" Intrnl_Id="103">
<Cond/>
<LocList/>
<StmntSeq Intrnl_Id="104">
<LocList/>
</StmntSeq>
</Branch>
<Keyword EndOffset="3201" SrcFileId="1" StartOffset="3199"/>
<LocList>
<Loc EndOffset="3320" SrcFileId="1" StartOffset="3199"/>
</LocList>
</CondStmnt>
<CondStmnt CovItemId="S40" CovItemPrefix="TestUnit.ScheduleMakerController.java" Intrnl_Id="105">
<Branch CovItemId="B23" CovItemPrefix="TestUnit.ScheduleMakerController.java" Implct="false" Intrnl_Id="106">
<Cond/>
<LocList>
<Loc EndOffset="3451" SrcFileId="1" StartOffset="3418"/>
</LocList>
<StmntSeq Intrnl_Id="107">
<LocList>
<Loc EndOffset="3451" SrcFileId="1" StartOffset="3418"/>
</LocList>
<BasicStmnt CovItemId="S41" CovItemPrefix="TestUnit.ScheduleMakerController.java" Intrnl_Id="108">
<LocList>
<Loc EndOffset="3451" SrcFileId="1" StartOffset="3418"/>
</LocList>
</BasicStmnt>
</StmntSeq>
</Branch>
<Branch CovItemId="B24" CovItemPrefix="TestUnit.ScheduleMakerController.java" Implct="true" Intrnl_Id="109">
<Cond/>
<LocList/>
<StmntSeq Intrnl_Id="110">
<LocList/>
</StmntSeq>
</Branch>
<Keyword EndOffset="3332" SrcFileId="1" StartOffset="3330"/>
<LocList>
<Loc EndOffset="3451" SrcFileId="1" StartOffset="3330"/>
</LocList>
</CondStmnt>
<CondStmnt CovItemId="S42" CovItemPrefix="TestUnit.ScheduleMakerController.java" Intrnl_Id="111">
<Branch CovItemId="B25" CovItemPrefix="TestUnit.ScheduleMakerController.java" Implct="false" Intrnl_Id="112">
<Cond/>
<LocList>
<Loc EndOffset="3749" SrcFileId="1" StartOffset="3732"/>
</LocList>
<StmntSeq Intrnl_Id="113">
<LocList>
<Loc EndOffset="3749" SrcFileId="1" StartOffset="3732"/>
</LocList>
<BasicStmnt CovItemId="S43" CovItemPrefix="TestUnit.ScheduleMakerController.java" Intrnl_Id="114">
<LocList>
<Loc EndOffset="3749" SrcFileId="1" StartOffset="3732"/>
</LocList>
</BasicStmnt>
</StmntSeq>
</Branch>
<Branch CovItemId="B26" CovItemPrefix="TestUnit.ScheduleMakerController.java" Implct="true" Intrnl_Id="115">
<Cond/>
<LocList/>
<StmntSeq Intrnl_Id="116">
<LocList/>
</StmntSeq>
</Branch>
<Keyword EndOffset="3696" SrcFileId="1" StartOffset="3694"/>
<LocList>
<Loc EndOffset="3749" SrcFileId="1" StartOffset="3694"/>
</LocList>
</CondStmnt>
<BasicStmnt CovItemId="S44" CovItemPrefix="TestUnit.ScheduleMakerController.java" Intrnl_Id="117">
<LocList>
<Loc EndOffset="3896" SrcFileId="1" StartOffset="3844"/>
</LocList>
</BasicStmnt>
<CondStmnt CovItemId="S45" CovItemPrefix="TestUnit.ScheduleMakerController.java" Intrnl_Id="118">
<Branch CovItemId="B27" CovItemPrefix="TestUnit.ScheduleMakerController.java" Implct="false" Intrnl_Id="119">
<Cond/>
<LocList>
<Loc EndOffset="4041" SrcFileId="1" StartOffset="3953"/>
</LocList>
<StmntSeq Intrnl_Id="120">
<LocList>
<Loc EndOffset="3991" SrcFileId="1" StartOffset="3968"/>
<Loc EndOffset="4030" SrcFileId="1" StartOffset="4005"/>
</LocList>
<BasicStmnt CovItemId="S46" CovItemPrefix="TestUnit.ScheduleMakerController.java" Intrnl_Id="121">
<LocList>
<Loc EndOffset="3991" SrcFileId="1" StartOffset="3968"/>
</LocList>
</BasicStmnt>
<BasicStmnt CovItemId="S47" CovItemPrefix="TestUnit.ScheduleMakerController.java" Intrnl_Id="122">
<LocList>
<Loc EndOffset="4030" SrcFileId="1" StartOffset="4005"/>
</LocList>
</BasicStmnt>
</StmntSeq>
</Branch>
<Branch CovItemId="B28" CovItemPrefix="TestUnit.ScheduleMakerController.java" Implct="false" Intrnl_Id="123">
<Cond>
<Loc EndOffset="4055" SrcFileId="1" StartOffset="4051"/>
</Cond>
<LocList>
<Loc EndOffset="4100" SrcFileId="1" StartOffset="4069"/>
</LocList>
<StmntSeq Intrnl_Id="124">
<LocList>
<Loc EndOffset="4100" SrcFileId="1" StartOffset="4069"/>
</LocList>
<BasicStmnt CovItemId="S48" CovItemPrefix="TestUnit.ScheduleMakerController.java" Intrnl_Id="125">
<LocList>
<Loc EndOffset="4100" SrcFileId="1" StartOffset="4069"/>
</LocList>
</BasicStmnt>
</StmntSeq>
</Branch>
<Keyword EndOffset="3908" SrcFileId="1" StartOffset="3906"/>
<LocList>
<Loc EndOffset="4100" SrcFileId="1" StartOffset="3906"/>
</LocList>
</CondStmnt>
<BasicStmnt CovItemId="S49" CovItemPrefix="TestUnit.ScheduleMakerController.java" Intrnl_Id="126">
<LocList>
<Loc EndOffset="4163" SrcFileId="1" StartOffset="4132"/>
</LocList>
</BasicStmnt>
<BasicStmnt CovItemId="S50" CovItemPrefix="TestUnit.ScheduleMakerController.java" Intrnl_Id="127">
<LocList>
<Loc EndOffset="4224" SrcFileId="1" StartOffset="4205"/>
</LocList>
</BasicStmnt>
<CondStmnt CovItemId="S51" CovItemPrefix="TestUnit.ScheduleMakerController.java" Intrnl_Id="128">
<Branch CovItemId="B29" CovItemPrefix="TestUnit.ScheduleMakerController.java" Implct="false" Intrnl_Id="129">
<Cond/>
<LocList>
<Loc EndOffset="4298" SrcFileId="1" StartOffset="4274"/>
</LocList>
<StmntSeq Intrnl_Id="130">
<LocList>
<Loc EndOffset="4298" SrcFileId="1" StartOffset="4274"/>
</LocList>
<BasicStmnt CovItemId="S52" CovItemPrefix="TestUnit.ScheduleMakerController.java" Intrnl_Id="131">
<LocList>
<Loc EndOffset="4298" SrcFileId="1" StartOffset="4274"/>
</LocList>
</BasicStmnt>
</StmntSeq>
</Branch>
<Branch CovItemId="B30" CovItemPrefix="TestUnit.ScheduleMakerController.java" Implct="false" Intrnl_Id="132">
<Cond>
<Loc EndOffset="4312" SrcFileId="1" StartOffset="4308"/>
</Cond>
<LocList>
<Loc EndOffset="4340" SrcFileId="1" StartOffset="4326"/>
</LocList>
<StmntSeq Intrnl_Id="133">
<LocList>
<Loc EndOffset="4340" SrcFileId="1" StartOffset="4326"/>
</LocList>
<BasicStmnt CovItemId="S53" CovItemPrefix="TestUnit.ScheduleMakerController.java" Intrnl_Id="134">
<LocList>
<Loc EndOffset="4340" SrcFileId="1" StartOffset="4326"/>
</LocList>
</BasicStmnt>
</StmntSeq>
</Branch>
<Keyword EndOffset="4236" SrcFileId="1" StartOffset="4234"/>
<LocList>
<Loc EndOffset="4340" SrcFileId="1" StartOffset="4234"/>
</LocList>
</CondStmnt>
<CondStmnt CovItemId="S54" CovItemPrefix="TestUnit.ScheduleMakerController.java" Intrnl_Id="135">
<Branch CovItemId="B31" CovItemPrefix="TestUnit.ScheduleMakerController.java" Implct="false" Intrnl_Id="136">
<Cond/>
<LocList>
<Loc EndOffset="4414" SrcFileId="1" StartOffset="4390"/>
</LocList>
<StmntSeq Intrnl_Id="137">
<LocList>
<Loc EndOffset="4414" SrcFileId="1" StartOffset="4390"/>
</LocList>
<BasicStmnt CovItemId="S55" CovItemPrefix="TestUnit.ScheduleMakerController.java" Intrnl_Id="138">
<LocList>
<Loc EndOffset="4414" SrcFileId="1" StartOffset="4390"/>
</LocList>
</BasicStmnt>
</StmntSeq>
</Branch>
<Branch CovItemId="B32" CovItemPrefix="TestUnit.ScheduleMakerController.java" Implct="false" Intrnl_Id="139">
<Cond>
<Loc EndOffset="4428" SrcFileId="1" StartOffset="4424"/>
</Cond>
<LocList>
<Loc EndOffset="4456" SrcFileId="1" StartOffset="4442"/>
</LocList>
<StmntSeq Intrnl_Id="140">
<LocList>
<Loc EndOffset="4456" SrcFileId="1" StartOffset="4442"/>
</LocList>
<BasicStmnt CovItemId="S56" CovItemPrefix="TestUnit.ScheduleMakerController.java" Intrnl_Id="141">
<LocList>
<Loc EndOffset="4456" SrcFileId="1" StartOffset="4442"/>
</LocList>
</BasicStmnt>
</StmntSeq>
</Branch>
<Keyword EndOffset="4352" SrcFileId="1" StartOffset="4350"/>
<LocList>
<Loc EndOffset="4456" SrcFileId="1" StartOffset="4350"/>
</LocList>
</CondStmnt>
<CondStmnt CovItemId="S57" CovItemPrefix="TestUnit.ScheduleMakerController.java" Intrnl_Id="142">
<Branch CovItemId="B33" CovItemPrefix="TestUnit.ScheduleMakerController.java" Implct="false" Intrnl_Id="143">
<Cond/>
<LocList>
<Loc EndOffset="4530" SrcFileId="1" StartOffset="4506"/>
</LocList>
<StmntSeq Intrnl_Id="144">
<LocList>
<Loc EndOffset="4530" SrcFileId="1" StartOffset="4506"/>
</LocList>
<BasicStmnt CovItemId="S58" CovItemPrefix="TestUnit.ScheduleMakerController.java" Intrnl_Id="145">
<LocList>
<Loc EndOffset="4530" SrcFileId="1" StartOffset="4506"/>
</LocList>
</BasicStmnt>
</StmntSeq>
</Branch>
<Branch CovItemId="B34" CovItemPrefix="TestUnit.ScheduleMakerController.java" Implct="false" Intrnl_Id="146">
<Cond>
<Loc EndOffset="4544" SrcFileId="1" StartOffset="4540"/>
</Cond>
<LocList>
<Loc EndOffset="4572" SrcFileId="1" StartOffset="4558"/>
</LocList>
<StmntSeq Intrnl_Id="147">
<LocList>
<Loc EndOffset="4572" SrcFileId="1" StartOffset="4558"/>
</LocList>
<BasicStmnt CovItemId="S59" CovItemPrefix="TestUnit.ScheduleMakerController.java" Intrnl_Id="148">
<LocList>
<Loc EndOffset="4572" SrcFileId="1" StartOffset="4558"/>
</LocList>
</BasicStmnt>
</StmntSeq>
</Branch>
<Keyword EndOffset="4468" SrcFileId="1" StartOffset="4466"/>
<LocList>
<Loc EndOffset="4572" SrcFileId="1" StartOffset="4466"/>
</LocList>
</CondStmnt>
<CondStmnt CovItemId="S60" CovItemPrefix="TestUnit.ScheduleMakerController.java" Intrnl_Id="149">
<Branch CovItemId="B35" CovItemPrefix="TestUnit.ScheduleMakerController.java" Implct="false" Intrnl_Id="150">
<Cond/>
<LocList>
<Loc EndOffset="4648" SrcFileId="1" StartOffset="4623"/>
</LocList>
<StmntSeq Intrnl_Id="151">
<LocList>
<Loc EndOffset="4648" SrcFileId="1" StartOffset="4623"/>
</LocList>
<BasicStmnt CovItemId="S61" CovItemPrefix="TestUnit.ScheduleMakerController.java" Intrnl_Id="152">
<LocList>
<Loc EndOffset="4648" SrcFileId="1" StartOffset="4623"/>
</LocList>
</BasicStmnt>
</StmntSeq>
</Branch>
<Branch CovItemId="B36" CovItemPrefix="TestUnit.ScheduleMakerController.java" Implct="false" Intrnl_Id="153">
<Cond>
<Loc EndOffset="4662" SrcFileId="1" StartOffset="4658"/>
</Cond>
<LocList>
<Loc EndOffset="4690" SrcFileId="1" StartOffset="4676"/>
</LocList>
<StmntSeq Intrnl_Id="154">
<LocList>
<Loc EndOffset="4690" SrcFileId="1" StartOffset="4676"/>
</LocList>
<BasicStmnt CovItemId="S62" CovItemPrefix="TestUnit.ScheduleMakerController.java" Intrnl_Id="155">
<LocList>
<Loc EndOffset="4690" SrcFileId="1" StartOffset="4676"/>
</LocList>
</BasicStmnt>
</StmntSeq>
</Branch>
<Keyword EndOffset="4584" SrcFileId="1" StartOffset="4582"/>
<LocList>
<Loc EndOffset="4690" SrcFileId="1" StartOffset="4582"/>
</LocList>
</CondStmnt>
<CondStmnt CovItemId="S63" CovItemPrefix="TestUnit.ScheduleMakerController.java" Intrnl_Id="156">
<Branch CovItemId="B37" CovItemPrefix="TestUnit.ScheduleMakerController.java" Implct="false" Intrnl_Id="157">
<Cond/>
<LocList>
<Loc EndOffset="4764" SrcFileId="1" StartOffset="4740"/>
</LocList>
<StmntSeq Intrnl_Id="158">
<LocList>
<Loc EndOffset="4764" SrcFileId="1" StartOffset="4740"/>
</LocList>
<BasicStmnt CovItemId="S64" CovItemPrefix="TestUnit.ScheduleMakerController.java" Intrnl_Id="159">
<LocList>
<Loc EndOffset="4764" SrcFileId="1" StartOffset="4740"/>
</LocList>
</BasicStmnt>
</StmntSeq>
</Branch>
<Branch CovItemId="B38" CovItemPrefix="TestUnit.ScheduleMakerController.java" Implct="false" Intrnl_Id="160">
<Cond>
<Loc EndOffset="4778" SrcFileId="1" StartOffset="4774"/>
</Cond>
<LocList>
<Loc EndOffset="4806" SrcFileId="1" StartOffset="4792"/>
</LocList>
<StmntSeq Intrnl_Id="161">
<LocList>
<Loc EndOffset="4806" SrcFileId="1" StartOffset="4792"/>
</LocList>
<BasicStmnt CovItemId="S65" CovItemPrefix="TestUnit.ScheduleMakerController.java" Intrnl_Id="162">
<LocList>
<Loc EndOffset="4806" SrcFileId="1" StartOffset="4792"/>
</LocList>
</BasicStmnt>
</StmntSeq>
</Branch>
<Keyword EndOffset="4702" SrcFileId="1" StartOffset="4700"/>
<LocList>
<Loc EndOffset="4806" SrcFileId="1" StartOffset="4700"/>
</LocList>
</CondStmnt>
<CondStmnt CovItemId="S66" CovItemPrefix="TestUnit.ScheduleMakerController.java" Intrnl_Id="163">
<Branch CovItemId="B39" CovItemPrefix="TestUnit.ScheduleMakerController.java" Implct="false" Intrnl_Id="164">
<Cond/>
<LocList>
<Loc EndOffset="4880" SrcFileId="1" StartOffset="4856"/>
</LocList>
<StmntSeq Intrnl_Id="165">
<LocList>
<Loc EndOffset="4880" SrcFileId="1" StartOffset="4856"/>
</LocList>
<BasicStmnt CovItemId="S67" CovItemPrefix="TestUnit.ScheduleMakerController.java" Intrnl_Id="166">
<LocList>
<Loc EndOffset="4880" SrcFileId="1" StartOffset="4856"/>
</LocList>
</BasicStmnt>
</StmntSeq>
</Branch>
<Branch CovItemId="B40" CovItemPrefix="TestUnit.ScheduleMakerController.java" Implct="false" Intrnl_Id="167">
<Cond>
<Loc EndOffset="4894" SrcFileId="1" StartOffset="4890"/>
</Cond>
<LocList>
<Loc EndOffset="4922" SrcFileId="1" StartOffset="4908"/>
</LocList>
<StmntSeq Intrnl_Id="168">
<LocList>
<Loc EndOffset="4922" SrcFileId="1" StartOffset="4908"/>
</LocList>
<BasicStmnt CovItemId="S68" CovItemPrefix="TestUnit.ScheduleMakerController.java" Intrnl_Id="169">
<LocList>
<Loc EndOffset="4922" SrcFileId="1" StartOffset="4908"/>
</LocList>
</BasicStmnt>
</StmntSeq>
</Branch>
<Keyword EndOffset="4818" SrcFileId="1" StartOffset="4816"/>
<LocList>
<Loc EndOffset="4922" SrcFileId="1" StartOffset="4816"/>
</LocList>
</CondStmnt>
<CondStmnt CovItemId="S69" CovItemPrefix="TestUnit.ScheduleMakerController.java" Intrnl_Id="170">
<Branch CovItemId="B41" CovItemPrefix="TestUnit.ScheduleMakerController.java" Implct="false" Intrnl_Id="171">
<Cond/>
<LocList>
<Loc EndOffset="4998" SrcFileId="1" StartOffset="4973"/>
</LocList>
<StmntSeq Intrnl_Id="172">
<LocList>
<Loc EndOffset="4998" SrcFileId="1" StartOffset="4973"/>
</LocList>
<BasicStmnt CovItemId="S70" CovItemPrefix="TestUnit.ScheduleMakerController.java" Intrnl_Id="173">
<LocList>
<Loc EndOffset="4998" SrcFileId="1" StartOffset="4973"/>
</LocList>
</BasicStmnt>
</StmntSeq>
</Branch>
<Branch CovItemId="B42" CovItemPrefix="TestUnit.ScheduleMakerController.java" Implct="false" Intrnl_Id="174">
<Cond>
<Loc EndOffset="5012" SrcFileId="1" StartOffset="5008"/>
</Cond>
<LocList>
<Loc EndOffset="5040" SrcFileId="1" StartOffset="5026"/>
</LocList>
<StmntSeq Intrnl_Id="175">
<LocList>
<Loc EndOffset="5040" SrcFileId="1" StartOffset="5026"/>
</LocList>
<BasicStmnt CovItemId="S71" CovItemPrefix="TestUnit.ScheduleMakerController.java" Intrnl_Id="176">
<LocList>
<Loc EndOffset="5040" SrcFileId="1" StartOffset="5026"/>
</LocList>
</BasicStmnt>
</StmntSeq>
</Branch>
<Keyword EndOffset="4934" SrcFileId="1" StartOffset="4932"/>
<LocList>
<Loc EndOffset="5040" SrcFileId="1" StartOffset="4932"/>
</LocList>
</CondStmnt>
<BasicStmnt CovItemId="S72" CovItemPrefix="TestUnit.ScheduleMakerController.java" Intrnl_Id="177">
<LocList>
<Loc EndOffset="5179" SrcFileId="1" StartOffset="5080"/>
</LocList>
</BasicStmnt>
<LoopStmnt CovItemId="S73" CovItemPrefix="TestUnit.ScheduleMakerController.java" Intrnl_Id="178" MltplExecId="L5-2" MltplExecPrefix="TestUnit.ScheduleMakerController.java" NvrExecId="L5-0" NvrExecPrefix="TestUnit.ScheduleMakerController.java" OnceExecutedId="L5-1" OnceExecutedPrefix="TestUnit.ScheduleMakerController.java" OptBodyExec="true">
<StmntSeq Intrnl_Id="179">
<LocList>
<Loc EndOffset="5321" SrcFileId="1" StartOffset="5240"/>
<Loc EndOffset="5410" SrcFileId="1" StartOffset="5335"/>
<Loc EndOffset="6569" SrcFileId="1" StartOffset="5424"/>
</LocList>
<BasicStmnt CovItemId="S74" CovItemPrefix="TestUnit.ScheduleMakerController.java" Intrnl_Id="180">
<LocList>
<Loc EndOffset="5321" SrcFileId="1" StartOffset="5240"/>
</LocList>
</BasicStmnt>
<BasicStmnt CovItemId="S75" CovItemPrefix="TestUnit.ScheduleMakerController.java" Intrnl_Id="181">
<LocList>
<Loc EndOffset="5410" SrcFileId="1" StartOffset="5335"/>
</LocList>
</BasicStmnt>
<CondStmnt CovItemId="S76" CovItemPrefix="TestUnit.ScheduleMakerController.java" Intrnl_Id="182">
<Branch CovItemId="B43" CovItemPrefix="TestUnit.ScheduleMakerController.java" Implct="false" Intrnl_Id="183">
<Cond/>
<LocList>
<Loc EndOffset="6569" SrcFileId="1" StartOffset="5465"/>
</LocList>
<StmntSeq Intrnl_Id="184">
<LocList>
<Loc EndOffset="5519" SrcFileId="1" StartOffset="5484"/>
<Loc EndOffset="5608" SrcFileId="1" StartOffset="5537"/>
<Loc EndOffset="6448" SrcFileId="1" StartOffset="5665"/>
<Loc EndOffset="6554" SrcFileId="1" StartOffset="6466"/>
</LocList>
<BasicStmnt CovItemId="S77" CovItemPrefix="TestUnit.ScheduleMakerController.java" Intrnl_Id="185">
<LocList>
<Loc EndOffset="5519" SrcFileId="1" StartOffset="5484"/>
</LocList>
</BasicStmnt>
<BasicStmnt CovItemId="S78" CovItemPrefix="TestUnit.ScheduleMakerController.java" Intrnl_Id="186">
<LocList>
<Loc EndOffset="5608" SrcFileId="1" StartOffset="5537"/>
</LocList>
</BasicStmnt>
<LoopStmnt CovItemId="S79" CovItemPrefix="TestUnit.ScheduleMakerController.java" Intrnl_Id="187" MltplExecId="L6-2" MltplExecPrefix="TestUnit.ScheduleMakerController.java" NvrExecId="L6-0" NvrExecPrefix="TestUnit.ScheduleMakerController.java" OnceExecutedId="L6-1" OnceExecutedPrefix="TestUnit.ScheduleMakerController.java" OptBodyExec="true">
<StmntSeq Intrnl_Id="188">
<LocList>
<Loc EndOffset="5754" SrcFileId="1" StartOffset="5735"/>
<Loc EndOffset="5835" SrcFileId="1" StartOffset="5776"/>
<Loc EndOffset="6325" SrcFileId="1" StartOffset="5857"/>
<Loc EndOffset="6427" SrcFileId="1" StartOffset="6349"/>
</LocList>
<BasicStmnt CovItemId="S80" CovItemPrefix="TestUnit.ScheduleMakerController.java" Intrnl_Id="189">
<LocList>
<Loc EndOffset="5754" SrcFileId="1" StartOffset="5735"/>
</LocList>
</BasicStmnt>
<BasicStmnt CovItemId="S81" CovItemPrefix="TestUnit.ScheduleMakerController.java" Intrnl_Id="190">
<LocList>
<Loc EndOffset="5835" SrcFileId="1" StartOffset="5776"/>
</LocList>
</BasicStmnt>
<LoopStmnt CovItemId="S82" CovItemPrefix="TestUnit.ScheduleMakerController.java" Intrnl_Id="191" MltplExecId="L7-2" MltplExecPrefix="TestUnit.ScheduleMakerController.java" NvrExecId="L7-0" NvrExecPrefix="TestUnit.ScheduleMakerController.java" OnceExecutedId="L7-1" OnceExecutedPrefix="TestUnit.ScheduleMakerController.java" OptBodyExec="true">
<StmntSeq Intrnl_Id="192">
<LocList>
<Loc EndOffset="6302" SrcFileId="1" StartOffset="5933"/>
</LocList>
<CondStmnt CovItemId="S83" CovItemPrefix="TestUnit.ScheduleMakerController.java" Intrnl_Id="193">
<Branch CovItemId="B45" CovItemPrefix="TestUnit.ScheduleMakerController.java" Implct="false" Intrnl_Id="194">
<Cond/>
<LocList>
<Loc EndOffset="6302" SrcFileId="1" StartOffset="5979"/>
</LocList>
<StmntSeq Intrnl_Id="195">
<LocList>
<Loc EndOffset="6275" SrcFileId="1" StartOffset="6010"/>
</LocList>
<CondStmnt CovItemId="S84" CovItemPrefix="TestUnit.ScheduleMakerController.java" Intrnl_Id="196">
<Branch CovItemId="B47" CovItemPrefix="TestUnit.ScheduleMakerController.java" Implct="false" Intrnl_Id="197">
<Cond/>
<LocList>
<Loc EndOffset="6086" SrcFileId="1" StartOffset="6068"/>
</LocList>
<StmntSeq Intrnl_Id="198">
<LocList>
<Loc EndOffset="6086" SrcFileId="1" StartOffset="6068"/>
</LocList>
<BasicStmnt CovItemId="S85" CovItemPrefix="TestUnit.ScheduleMakerController.java" Intrnl_Id="199">
<LocList>
<Loc EndOffset="6086" SrcFileId="1" StartOffset="6068"/>
</LocList>
</BasicStmnt>
</StmntSeq>
</Branch>
<Branch CovItemId="B48" CovItemPrefix="TestUnit.ScheduleMakerController.java" Implct="false" Intrnl_Id="200">
<Cond>
<Loc EndOffset="6120" SrcFileId="1" StartOffset="6116"/>
</Cond>
<LocList>
<Loc EndOffset="6275" SrcFileId="1" StartOffset="6150"/>
</LocList>
<StmntSeq Intrnl_Id="201">
<LocList>
<Loc EndOffset="6204" SrcFileId="1" StartOffset="6185"/>
<Loc EndOffset="6244" SrcFileId="1" StartOffset="6238"/>
</LocList>
<BasicStmnt CovItemId="S86" CovItemPrefix="TestUnit.ScheduleMakerController.java" Intrnl_Id="202">
<LocList>
<Loc EndOffset="6204" SrcFileId="1" StartOffset="6185"/>
</LocList>
</BasicStmnt>
<BasicStmnt CovItemId="S87" CovItemPrefix="TestUnit.ScheduleMakerController.java" Intrnl_Id="203">
<LocList>
<Loc EndOffset="6244" SrcFileId="1" StartOffset="6238"/>
</LocList>
</BasicStmnt>
</StmntSeq>
</Branch>
<Keyword EndOffset="6012" SrcFileId="1" StartOffset="6010"/>
<LocList>
<Loc EndOffset="6275" SrcFileId="1" StartOffset="6010"/>
</LocList>
</CondStmnt>
</StmntSeq>
</Branch>
<Branch CovItemId="B46" CovItemPrefix="TestUnit.ScheduleMakerController.java" Implct="true" Intrnl_Id="204">
<Cond/>
<LocList/>
<StmntSeq Intrnl_Id="205">
<LocList/>
</StmntSeq>
</Branch>
<Keyword EndOffset="5935" SrcFileId="1" StartOffset="5933"/>
<LocList>
<Loc EndOffset="6302" SrcFileId="1" StartOffset="5933"/>
</LocList>
</CondStmnt>
</StmntSeq>
<Keyword EndOffset="5860" SrcFileId="1" StartOffset="5857"/>
<LocList>
<Loc EndOffset="6325" SrcFileId="1" StartOffset="5857"/>
</LocList>
</LoopStmnt>
<CondStmnt CovItemId="S88" CovItemPrefix="TestUnit.ScheduleMakerController.java" Intrnl_Id="206">
<Branch CovItemId="B49" CovItemPrefix="TestUnit.ScheduleMakerController.java" Implct="false" Intrnl_Id="207">
<Cond/>
<LocList>
<Loc EndOffset="6427" SrcFileId="1" StartOffset="6390"/>
</LocList>
<StmntSeq Intrnl_Id="208">
<LocList>
<Loc EndOffset="6427" SrcFileId="1" StartOffset="6390"/>
</LocList>
<BasicStmnt CovItemId="S89" CovItemPrefix="TestUnit.ScheduleMakerController.java" Intrnl_Id="209">
<LocList>
<Loc EndOffset="6427" SrcFileId="1" StartOffset="6390"/>
</LocList>
</BasicStmnt>
</StmntSeq>
</Branch>
<Branch CovItemId="B50" CovItemPrefix="TestUnit.ScheduleMakerController.java" Implct="true" Intrnl_Id="210">
<Cond/>
<LocList/>
<StmntSeq Intrnl_Id="211">
<LocList/>
</StmntSeq>
</Branch>
<Keyword EndOffset="6351" SrcFileId="1" StartOffset="6349"/>
<LocList>
<Loc EndOffset="6427" SrcFileId="1" StartOffset="6349"/>
</LocList>
</CondStmnt>
</StmntSeq>
<Keyword EndOffset="5668" SrcFileId="1" StartOffset="5665"/>
<LocList>
<Loc EndOffset="6448" SrcFileId="1" StartOffset="5665"/>
</LocList>
</LoopStmnt>
<CondStmnt CovItemId="S90" CovItemPrefix="TestUnit.ScheduleMakerController.java" Intrnl_Id="212">
<Branch CovItemId="B51" CovItemPrefix="TestUnit.ScheduleMakerController.java" Implct="false" Intrnl_Id="213">
<Cond/>
<LocList>
<Loc EndOffset="6554" SrcFileId="1" StartOffset="6517"/>
</LocList>
<StmntSeq Intrnl_Id="214">
<LocList>
<Loc EndOffset="6554" SrcFileId="1" StartOffset="6517"/>
</LocList>
<BasicStmnt CovItemId="S91" CovItemPrefix="TestUnit.ScheduleMakerController.java" Intrnl_Id="215">
<LocList>
<Loc EndOffset="6554" SrcFileId="1" StartOffset="6517"/>
</LocList>
</BasicStmnt>
</StmntSeq>
</Branch>
<Branch CovItemId="B52" CovItemPrefix="TestUnit.ScheduleMakerController.java" Implct="true" Intrnl_Id="216">
<Cond/>
<LocList/>
<StmntSeq Intrnl_Id="217">
<LocList/>
</StmntSeq>
</Branch>
<Keyword EndOffset="6468" SrcFileId="1" StartOffset="6466"/>
<LocList>
<Loc EndOffset="6554" SrcFileId="1" StartOffset="6466"/>
</LocList>
</CondStmnt>
</StmntSeq>
</Branch>
<Branch CovItemId="B44" CovItemPrefix="TestUnit.ScheduleMakerController.java" Implct="true" Intrnl_Id="218">
<Cond/>
<LocList/>
<StmntSeq Intrnl_Id="219">
<LocList/>
</StmntSeq>
</Branch>
<Keyword EndOffset="5426" SrcFileId="1" StartOffset="5424"/>
<LocList>
<Loc EndOffset="6569" SrcFileId="1" StartOffset="5424"/>
</LocList>
</CondStmnt>
</StmntSeq>
<Keyword EndOffset="5194" SrcFileId="1" StartOffset="5191"/>
<LocList>
<Loc EndOffset="6580" SrcFileId="1" StartOffset="5191"/>
</LocList>
</LoopStmnt>
<CondStmnt CovItemId="S92" CovItemPrefix="TestUnit.ScheduleMakerController.java" Intrnl_Id="220">
<Branch CovItemId="B53" CovItemPrefix="TestUnit.ScheduleMakerController.java" Implct="false" Intrnl_Id="221">
<Cond/>
<LocList>
<Loc EndOffset="6712" SrcFileId="1" StartOffset="6639"/>
</LocList>
<StmntSeq Intrnl_Id="222">
<LocList>
<Loc EndOffset="6712" SrcFileId="1" StartOffset="6639"/>
</LocList>
<BasicStmnt CovItemId="S93" CovItemPrefix="TestUnit.ScheduleMakerController.java" Intrnl_Id="223">
<LocList>
<Loc EndOffset="6712" SrcFileId="1" StartOffset="6639"/>
</LocList>
</BasicStmnt>
</StmntSeq>
</Branch>
<Branch CovItemId="B54" CovItemPrefix="TestUnit.ScheduleMakerController.java" Implct="true" Intrnl_Id="224">
<Cond/>
<LocList/>
<StmntSeq Intrnl_Id="225">
<LocList/>
</StmntSeq>
</Branch>
<Keyword EndOffset="6594" SrcFileId="1" StartOffset="6592"/>
<LocList>
<Loc EndOffset="6712" SrcFileId="1" StartOffset="6592"/>
</LocList>
</CondStmnt>
<BasicStmnt CovItemId="S94" CovItemPrefix="TestUnit.ScheduleMakerController.java" Intrnl_Id="226">
<LocList>
<Loc EndOffset="6741" SrcFileId="1" StartOffset="6724"/>
</LocList>
</BasicStmnt>
</StmntSeq>
</HierarchyLvl>
<HierarchyLvl HierarchyLvlId="493" HierarchyLvlTypeId="4" Intrnl_Id="227" Name="createSchedule">
<Header>
<Loc EndOffset="6866" SrcFileId="1" StartOffset="6756"/>
</Header>
<LocList>
<Loc EndOffset="9167" SrcFileId="1" StartOffset="6756"/>
</LocList>
<StmntSeq Intrnl_Id="228">
<LocList>
<Loc EndOffset="6937" SrcFileId="1" StartOffset="6878"/>
<Loc EndOffset="7004" SrcFileId="1" StartOffset="6949"/>
<Loc EndOffset="7090" SrcFileId="1" StartOffset="7038"/>
<Loc EndOffset="7264" SrcFileId="1" StartOffset="7100"/>
<Loc EndOffset="7403" SrcFileId="1" StartOffset="7304"/>
<Loc EndOffset="8999" SrcFileId="1" StartOffset="7415"/>
<Loc EndOffset="9131" SrcFileId="1" StartOffset="9011"/>
<Loc EndOffset="9160" SrcFileId="1" StartOffset="9143"/>
</LocList>
<BasicStmnt CovItemId="S95" CovItemPrefix="TestUnit.ScheduleMakerController.java" Intrnl_Id="229">
<LocList>
<Loc EndOffset="6937" SrcFileId="1" StartOffset="6878"/>
</LocList>
</BasicStmnt>
<CondStmnt CovItemId="S96" CovItemPrefix="TestUnit.ScheduleMakerController.java" Intrnl_Id="230">
<Branch CovItemId="B55" CovItemPrefix="TestUnit.ScheduleMakerController.java" Implct="false" Intrnl_Id="231">
<Cond/>
<LocList>
<Loc EndOffset="7004" SrcFileId="1" StartOffset="6987"/>
</LocList>
<StmntSeq Intrnl_Id="232">
<LocList>
<Loc EndOffset="7004" SrcFileId="1" StartOffset="6987"/>
</LocList>
<BasicStmnt CovItemId="S97" CovItemPrefix="TestUnit.ScheduleMakerController.java" Intrnl_Id="233">
<LocList>
<Loc EndOffset="7004" SrcFileId="1" StartOffset="6987"/>
</LocList>
</BasicStmnt>
</StmntSeq>
</Branch>
<Branch CovItemId="B56" CovItemPrefix="TestUnit.ScheduleMakerController.java" Implct="true" Intrnl_Id="234">
<Cond/>
<LocList/>
<StmntSeq Intrnl_Id="235">
<LocList/>
</StmntSeq>
</Branch>
<Keyword EndOffset="6951" SrcFileId="1" StartOffset="6949"/>
<LocList>
<Loc EndOffset="7004" SrcFileId="1" StartOffset="6949"/>
</LocList>
</CondStmnt>
<BasicStmnt CovItemId="S98" CovItemPrefix="TestUnit.ScheduleMakerController.java" Intrnl_Id="236">
<LocList>
<Loc EndOffset="7090" SrcFileId="1" StartOffset="7038"/>
</LocList>
</BasicStmnt>
<CondStmnt CovItemId="S99" CovItemPrefix="TestUnit.ScheduleMakerController.java" Intrnl_Id="237">
<Branch CovItemId="B57" CovItemPrefix="TestUnit.ScheduleMakerController.java" Implct="false" Intrnl_Id="238">
<Cond/>
<LocList>
<Loc EndOffset="7220" SrcFileId="1" StartOffset="7132"/>
</LocList>
<StmntSeq Intrnl_Id="239">
<LocList>
<Loc EndOffset="7170" SrcFileId="1" StartOffset="7147"/>
<Loc EndOffset="7209" SrcFileId="1" StartOffset="7184"/>
</LocList>
<BasicStmnt CovItemId="S100" CovItemPrefix="TestUnit.ScheduleMakerController.java" Intrnl_Id="240">
<LocList>
<Loc EndOffset="7170" SrcFileId="1" StartOffset="7147"/>
</LocList>
</BasicStmnt>
<BasicStmnt CovItemId="S101" CovItemPrefix="TestUnit.ScheduleMakerController.java" Intrnl_Id="241">
<LocList>
<Loc EndOffset="7209" SrcFileId="1" StartOffset="7184"/>
</LocList>
</BasicStmnt>
</StmntSeq>
</Branch>
<Branch CovItemId="B58" CovItemPrefix="TestUnit.ScheduleMakerController.java" Implct="false" Intrnl_Id="242">
<Cond>
<Loc EndOffset="7234" SrcFileId="1" StartOffset="7230"/>
</Cond>
<LocList>
<Loc EndOffset="7264" SrcFileId="1" StartOffset="7248"/>
</LocList>
<StmntSeq Intrnl_Id="243">
<LocList>
<Loc EndOffset="7264" SrcFileId="1" StartOffset="7248"/>
</LocList>
<BasicStmnt CovItemId="S102" CovItemPrefix="TestUnit.ScheduleMakerController.java" Intrnl_Id="244">
<LocList>
<Loc EndOffset="7264" SrcFileId="1" StartOffset="7248"/>
</LocList>
</BasicStmnt>
</StmntSeq>
</Branch>
<Keyword EndOffset="7102" SrcFileId="1" StartOffset="7100"/>
<LocList>
<Loc EndOffset="7264" SrcFileId="1" StartOffset="7100"/>
</LocList>
</CondStmnt>
<BasicStmnt CovItemId="S103" CovItemPrefix="TestUnit.ScheduleMakerController.java" Intrnl_Id="245">
<LocList>
<Loc EndOffset="7403" SrcFileId="1" StartOffset="7304"/>
</LocList>
</BasicStmnt>
<LoopStmnt CovItemId="S104" CovItemPrefix="TestUnit.ScheduleMakerController.java" Intrnl_Id="246" MltplExecId="L8-2" MltplExecPrefix="TestUnit.ScheduleMakerController.java" NvrExecId="L8-0" NvrExecPrefix="TestUnit.ScheduleMakerController.java" OnceExecutedId="L8-1" OnceExecutedPrefix="TestUnit.ScheduleMakerController.java" OptBodyExec="true">
<StmntSeq Intrnl_Id="247">
<LocList>
<Loc EndOffset="8988" SrcFileId="1" StartOffset="7464"/>
</LocList>
<CondStmnt CovItemId="S105" CovItemPrefix="TestUnit.ScheduleMakerController.java" Intrnl_Id="248">
<Branch CovItemId="B59" CovItemPrefix="TestUnit.ScheduleMakerController.java" Implct="false" Intrnl_Id="249">
<Cond/>
<LocList>
<Loc EndOffset="8988" SrcFileId="1" StartOffset="7507"/>
</LocList>
<StmntSeq Intrnl_Id="250">
<LocList>
<Loc EndOffset="7607" SrcFileId="1" StartOffset="7526"/>
<Loc EndOffset="7700" SrcFileId="1" StartOffset="7625"/>
<Loc EndOffset="8973" SrcFileId="1" StartOffset="7718"/>
</LocList>
<BasicStmnt CovItemId="S106" CovItemPrefix="TestUnit.ScheduleMakerController.java" Intrnl_Id="251">
<LocList>
<Loc EndOffset="7607" SrcFileId="1" StartOffset="7526"/>
</LocList>
</BasicStmnt>
<BasicStmnt CovItemId="S107" CovItemPrefix="TestUnit.ScheduleMakerController.java" Intrnl_Id="252">
<LocList>
<Loc EndOffset="7700" SrcFileId="1" StartOffset="7625"/>
</LocList>
</BasicStmnt>
<CondStmnt CovItemId="S108" CovItemPrefix="TestUnit.ScheduleMakerController.java" Intrnl_Id="253">
<Branch CovItemId="B61" CovItemPrefix="TestUnit.ScheduleMakerController.java" Implct="false" Intrnl_Id="254">
<Cond/>
<LocList>
<Loc EndOffset="8973" SrcFileId="1" StartOffset="7763"/>
</LocList>
<StmntSeq Intrnl_Id="255">
<LocList>
<Loc EndOffset="7823" SrcFileId="1" StartOffset="7788"/>
<Loc EndOffset="7916" SrcFileId="1" StartOffset="7845"/>
<Loc EndOffset="8840" SrcFileId="1" StartOffset="7981"/>
<Loc EndOffset="8954" SrcFileId="1" StartOffset="8862"/>
</LocList>
<BasicStmnt CovItemId="S109" CovItemPrefix="TestUnit.ScheduleMakerController.java" Intrnl_Id="256">
<LocList>
<Loc EndOffset="7823" SrcFileId="1" StartOffset="7788"/>
</LocList>
</BasicStmnt>
<BasicStmnt CovItemId="S110" CovItemPrefix="TestUnit.ScheduleMakerController.java" Intrnl_Id="257">
<LocList>
<Loc EndOffset="7916" SrcFileId="1" StartOffset="7845"/>
</LocList>
</BasicStmnt>
<LoopStmnt CovItemId="S111" CovItemPrefix="TestUnit.ScheduleMakerController.java" Intrnl_Id="258" MltplExecId="L9-2" MltplExecPrefix="TestUnit.ScheduleMakerController.java" NvrExecId="L9-0" NvrExecPrefix="TestUnit.ScheduleMakerController.java" OnceExecutedId="L9-1" OnceExecutedPrefix="TestUnit.ScheduleMakerController.java" OptBodyExec="true">
<StmntSeq Intrnl_Id="259">
<LocList>
<Loc EndOffset="8078" SrcFileId="1" StartOffset="8059"/>
<Loc EndOffset="8163" SrcFileId="1" StartOffset="8104"/>
<Loc EndOffset="8705" SrcFileId="1" StartOffset="8189"/>
<Loc EndOffset="8815" SrcFileId="1" StartOffset="8733"/>
</LocList>
<BasicStmnt CovItemId="S112" CovItemPrefix="TestUnit.ScheduleMakerController.java" Intrnl_Id="260">
<LocList>
<Loc EndOffset="8078" SrcFileId="1" StartOffset="8059"/>
</LocList>
</BasicStmnt>
<BasicStmnt CovItemId="S113" CovItemPrefix="TestUnit.ScheduleMakerController.java" Intrnl_Id="261">
<LocList>
<Loc EndOffset="8163" SrcFileId="1" StartOffset="8104"/>
</LocList>
</BasicStmnt>
<LoopStmnt CovItemId="S114" CovItemPrefix="TestUnit.ScheduleMakerController.java" Intrnl_Id="262" MltplExecId="L10-2" MltplExecPrefix="TestUnit.ScheduleMakerController.java" NvrExecId="L10-0" NvrExecPrefix="TestUnit.ScheduleMakerController.java" OnceExecutedId="L10-1" OnceExecutedPrefix="TestUnit.ScheduleMakerController.java" OptBodyExec="true">
<StmntSeq Intrnl_Id="263">
<LocList>
<Loc EndOffset="8678" SrcFileId="1" StartOffset="8273"/>
</LocList>
<CondStmnt CovItemId="S115" CovItemPrefix="TestUnit.ScheduleMakerController.java" Intrnl_Id="264">
<Branch CovItemId="B63" CovItemPrefix="TestUnit.ScheduleMakerController.java" Implct="false" Intrnl_Id="265">
<Cond/>
<LocList>
<Loc EndOffset="8678" SrcFileId="1" StartOffset="8323"/>
</LocList>
<StmntSeq Intrnl_Id="266">
<LocList>
<Loc EndOffset="8647" SrcFileId="1" StartOffset="8358"/>
</LocList>
<CondStmnt CovItemId="S116" CovItemPrefix="TestUnit.ScheduleMakerController.java" Intrnl_Id="267">
<Branch CovItemId="B65" CovItemPrefix="TestUnit.ScheduleMakerController.java" Implct="false" Intrnl_Id="268">
<Cond/>
<LocList>
<Loc EndOffset="8438" SrcFileId="1" StartOffset="8420"/>
</LocList>
<StmntSeq Intrnl_Id="269">
<LocList>
<Loc EndOffset="8438" SrcFileId="1" StartOffset="8420"/>
</LocList>
<BasicStmnt CovItemId="S117" CovItemPrefix="TestUnit.ScheduleMakerController.java" Intrnl_Id="270">
<LocList>
<Loc EndOffset="8438" SrcFileId="1" StartOffset="8420"/>
</LocList>
</BasicStmnt>
</StmntSeq>
</Branch>
<Branch CovItemId="B66" CovItemPrefix="TestUnit.ScheduleMakerController.java" Implct="false" Intrnl_Id="271">
<Cond>
<Loc EndOffset="8476" SrcFileId="1" StartOffset="8472"/>
</Cond>
<LocList>
<Loc EndOffset="8647" SrcFileId="1" StartOffset="8510"/>
</LocList>
<StmntSeq Intrnl_Id="272">
<LocList>
<Loc EndOffset="8568" SrcFileId="1" StartOffset="8549"/>
<Loc EndOffset="8612" SrcFileId="1" StartOffset="8606"/>
</LocList>
<BasicStmnt CovItemId="S118" CovItemPrefix="TestUnit.ScheduleMakerController.java" Intrnl_Id="273">
<LocList>
<Loc EndOffset="8568" SrcFileId="1" StartOffset="8549"/>
</LocList>
</BasicStmnt>
<BasicStmnt CovItemId="S119" CovItemPrefix="TestUnit.ScheduleMakerController.java" Intrnl_Id="274">
<LocList>
<Loc EndOffset="8612" SrcFileId="1" StartOffset="8606"/>
</LocList>
</BasicStmnt>
</StmntSeq>
</Branch>
<Keyword EndOffset="8360" SrcFileId="1" StartOffset="8358"/>
<LocList>
<Loc EndOffset="8647" SrcFileId="1" StartOffset="8358"/>
</LocList>
</CondStmnt>
</StmntSeq>
</Branch>
<Branch CovItemId="B64" CovItemPrefix="TestUnit.ScheduleMakerController.java" Implct="true" Intrnl_Id="275">
<Cond/>
<LocList/>
<StmntSeq Intrnl_Id="276">
<LocList/>
</StmntSeq>
</Branch>
<Keyword EndOffset="8275" SrcFileId="1" StartOffset="8273"/>
<LocList>
<Loc EndOffset="8678" SrcFileId="1" StartOffset="8273"/>
</LocList>
</CondStmnt>
</StmntSeq>
<Keyword EndOffset="8192" SrcFileId="1" StartOffset="8189"/>
<LocList>
<Loc EndOffset="8705" SrcFileId="1" StartOffset="8189"/>
</LocList>
</LoopStmnt>
<CondStmnt CovItemId="S120" CovItemPrefix="TestUnit.ScheduleMakerController.java" Intrnl_Id="277">
<Branch CovItemId="B67" CovItemPrefix="TestUnit.ScheduleMakerController.java" Implct="false" Intrnl_Id="278">
<Cond/>
<LocList>
<Loc EndOffset="8815" SrcFileId="1" StartOffset="8778"/>
</LocList>
<StmntSeq Intrnl_Id="279">
<LocList>
<Loc EndOffset="8815" SrcFileId="1" StartOffset="8778"/>
</LocList>
<BasicStmnt CovItemId="S121" CovItemPrefix="TestUnit.ScheduleMakerController.java" Intrnl_Id="280">
<LocList>
<Loc EndOffset="8815" SrcFileId="1" StartOffset="8778"/>
</LocList>
</BasicStmnt>
</StmntSeq>
</Branch>
<Branch CovItemId="B68" CovItemPrefix="TestUnit.ScheduleMakerController.java" Implct="true" Intrnl_Id="281">
<Cond/>
<LocList/>
<StmntSeq Intrnl_Id="282">
<LocList/>
</StmntSeq>
</Branch>
<Keyword EndOffset="8735" SrcFileId="1" StartOffset="8733"/>
<LocList>
<Loc EndOffset="8815" SrcFileId="1" StartOffset="8733"/>
</LocList>
</CondStmnt>
</StmntSeq>
<Keyword EndOffset="7984" SrcFileId="1" StartOffset="7981"/>
<LocList>
<Loc EndOffset="8840" SrcFileId="1" StartOffset="7981"/>
</LocList>
</LoopStmnt>
<CondStmnt CovItemId="S122" CovItemPrefix="TestUnit.ScheduleMakerController.java" Intrnl_Id="283">
<Branch CovItemId="B69" CovItemPrefix="TestUnit.ScheduleMakerController.java" Implct="false" Intrnl_Id="284">
<Cond/>
<LocList>
<Loc EndOffset="8954" SrcFileId="1" StartOffset="8917"/>
</LocList>
<StmntSeq Intrnl_Id="285">
<LocList>
<Loc EndOffset="8954" SrcFileId="1" StartOffset="8917"/>
</LocList>
<BasicStmnt CovItemId="S123" CovItemPrefix="TestUnit.ScheduleMakerController.java" Intrnl_Id="286">
<LocList>
<Loc EndOffset="8954" SrcFileId="1" StartOffset="8917"/>
</LocList>
</BasicStmnt>
</StmntSeq>
</Branch>
<Branch CovItemId="B70" CovItemPrefix="TestUnit.ScheduleMakerController.java" Implct="true" Intrnl_Id="287">
<Cond/>
<LocList/>
<StmntSeq Intrnl_Id="288">
<LocList/>
</StmntSeq>
</Branch>
<Keyword EndOffset="8864" SrcFileId="1" StartOffset="8862"/>
<LocList>
<Loc EndOffset="8954" SrcFileId="1" StartOffset="8862"/>
</LocList>
</CondStmnt>
</StmntSeq>
</Branch>
<Branch CovItemId="B62" CovItemPrefix="TestUnit.ScheduleMakerController.java" Implct="true" Intrnl_Id="289">
<Cond/>
<LocList/>
<StmntSeq Intrnl_Id="290">
<LocList/>
</StmntSeq>
</Branch>
<Keyword EndOffset="7720" SrcFileId="1" StartOffset="7718"/>
<LocList>
<Loc EndOffset="8973" SrcFileId="1" StartOffset="7718"/>
</LocList>
</CondStmnt>
</StmntSeq>
</Branch>
<Branch CovItemId="B60" CovItemPrefix="TestUnit.ScheduleMakerController.java" Implct="true" Intrnl_Id="291">
<Cond/>
<LocList/>
<StmntSeq Intrnl_Id="292">
<LocList/>
</StmntSeq>
</Branch>
<Keyword EndOffset="7466" SrcFileId="1" StartOffset="7464"/>
<LocList>
<Loc EndOffset="8988" SrcFileId="1" StartOffset="7464"/>
</LocList>
</CondStmnt>
</StmntSeq>
<Keyword EndOffset="7418" SrcFileId="1" StartOffset="7415"/>
<LocList>
<Loc EndOffset="8999" SrcFileId="1" StartOffset="7415"/>
</LocList>
</LoopStmnt>
<CondStmnt CovItemId="S124" CovItemPrefix="TestUnit.ScheduleMakerController.java" Intrnl_Id="293">
<Branch CovItemId="B71" CovItemPrefix="TestUnit.ScheduleMakerController.java" Implct="false" Intrnl_Id="294">
<Cond/>
<LocList>
<Loc EndOffset="9131" SrcFileId="1" StartOffset="9058"/>
</LocList>
<StmntSeq Intrnl_Id="295">
<LocList>
<Loc EndOffset="9131" SrcFileId="1" StartOffset="9058"/>
</LocList>
<BasicStmnt CovItemId="S125" CovItemPrefix="TestUnit.ScheduleMakerController.java" Intrnl_Id="296">
<LocList>
<Loc EndOffset="9131" SrcFileId="1" StartOffset="9058"/>
</LocList>
</BasicStmnt>
</StmntSeq>
</Branch>
<Branch CovItemId="B72" CovItemPrefix="TestUnit.ScheduleMakerController.java" Implct="true" Intrnl_Id="297">
<Cond/>
<LocList/>
<StmntSeq Intrnl_Id="298">
<LocList/>
</StmntSeq>
</Branch>
<Keyword EndOffset="9013" SrcFileId="1" StartOffset="9011"/>
<LocList>
<Loc EndOffset="9131" SrcFileId="1" StartOffset="9011"/>
</LocList>
</CondStmnt>
<BasicStmnt CovItemId="S126" CovItemPrefix="TestUnit.ScheduleMakerController.java" Intrnl_Id="299">
<LocList>
<Loc EndOffset="9160" SrcFileId="1" StartOffset="9143"/>
</LocList>
</BasicStmnt>
</StmntSeq>
</HierarchyLvl>
<HierarchyLvl HierarchyLvlId="494" HierarchyLvlTypeId="4" Intrnl_Id="300" Name="sortSchedules">
<Header>
<Loc EndOffset="9202" SrcFileId="1" StartOffset="9175"/>
</Header>
<LocList>
<Loc EndOffset="9228" SrcFileId="1" StartOffset="9175"/>
</LocList>
</HierarchyLvl>
<HierarchyLvl HierarchyLvlId="495" HierarchyLvlTypeId="4" Intrnl_Id="301" Name="getSavedSchedule">
<Header>
<Loc EndOffset="9266" SrcFileId="1" StartOffset="9236"/>
</Header>
<LocList>
<Loc EndOffset="9292" SrcFileId="1" StartOffset="9236"/>
</LocList>
</HierarchyLvl>
<HierarchyLvl HierarchyLvlId="496" HierarchyLvlTypeId="4" Intrnl_Id="302" Name="getBalance">
<Header>
<Loc EndOffset="9324" SrcFileId="1" StartOffset="9300"/>
</Header>
<LocList>
<Loc EndOffset="9350" SrcFileId="1" StartOffset="9300"/>
</LocList>
</HierarchyLvl>
<HierarchyLvl HierarchyLvlId="497" HierarchyLvlTypeId="4" Intrnl_Id="303" Name="findClasses">
<Header>
<Loc EndOffset="9384" SrcFileId="1" StartOffset="9358"/>
</Header>
<LocList>
<Loc EndOffset="9410" SrcFileId="1" StartOffset="9358"/>
</LocList>
</HierarchyLvl>
<HierarchyLvl HierarchyLvlId="498" HierarchyLvlTypeId="4" Intrnl_Id="304" Name="saveSchedules">
<Header>
<Loc EndOffset="9475" SrcFileId="1" StartOffset="9418"/>
</Header>
<LocList>
<Loc EndOffset="9484" SrcFileId="1" StartOffset="9418"/>
</LocList>
</HierarchyLvl>
</HierarchyLvl>
<HierarchyLvl HierarchyLvlId="516" HierarchyLvlTypeId="5" Intrnl_Id="305" Name="ClassDetails">
<Header>
<Loc EndOffset="256" SrcFileId="2" StartOffset="231"/>
</Header>
<LocList>
<Loc EndOffset="4904" SrcFileId="2" StartOffset="231"/>
</LocList>
<HierarchyLvl HierarchyLvlId="500" HierarchyLvlTypeId="4" Intrnl_Id="306" Name="ClassDetails">
<Header>
<Loc EndOffset="510" SrcFileId="2" StartOffset="489"/>
</Header>
<LocList>
<Loc EndOffset="521" SrcFileId="2" StartOffset="489"/>
</LocList>
</HierarchyLvl>
<HierarchyLvl HierarchyLvlId="501" HierarchyLvlTypeId="4" Intrnl_Id="307" Name="getTerm">
<Header>
<Loc EndOffset="552" SrcFileId="2" StartOffset="529"/>
</Header>
<LocList>
<Loc EndOffset="580" SrcFileId="2" StartOffset="529"/>
</LocList>
<StmntSeq Intrnl_Id="308">
<LocList>
<Loc EndOffset="573" SrcFileId="2" StartOffset="561"/>
</LocList>
<BasicStmnt CovItemId="S1" CovItemPrefix="TestUnit.ClassDetails.java" Intrnl_Id="309">
<LocList>
<Loc EndOffset="573" SrcFileId="2" StartOffset="561"/>
</LocList>
</BasicStmnt>
</StmntSeq>
</HierarchyLvl>
<HierarchyLvl HierarchyLvlId="502" HierarchyLvlTypeId="4" Intrnl_Id="310" Name="setTerm">
<Header>
<Loc EndOffset="624" SrcFileId="2" StartOffset="592"/>
</Header>
<LocList>
<Loc EndOffset="660" SrcFileId="2" StartOffset="592"/>
</LocList>
<StmntSeq Intrnl_Id="311">
<LocList>
<Loc EndOffset="653" SrcFileId="2" StartOffset="636"/>
</LocList>
<BasicStmnt CovItemId="S2" CovItemPrefix="TestUnit.ClassDetails.java" Intrnl_Id="312">
<LocList>
<Loc EndOffset="653" SrcFileId="2" StartOffset="636"/>
</LocList>
</BasicStmnt>
</StmntSeq>
</HierarchyLvl>
<HierarchyLvl HierarchyLvlId="503" HierarchyLvlTypeId="4" Intrnl_Id="313" Name="setCampus">
<Header>
<Loc EndOffset="708" SrcFileId="2" StartOffset="672"/>
</Header>
<LocList>
<Loc EndOffset="748" SrcFileId="2" StartOffset="672"/>
</LocList>
<StmntSeq Intrnl_Id="314">
<LocList>
<Loc EndOffset="741" SrcFileId="2" StartOffset="720"/>
</LocList>
<BasicStmnt CovItemId="S3" CovItemPrefix="TestUnit.ClassDetails.java" Intrnl_Id="315">
<LocList>
<Loc EndOffset="741" SrcFileId="2" StartOffset="720"/>
</LocList>
</BasicStmnt>
</StmntSeq>
</HierarchyLvl>
<HierarchyLvl HierarchyLvlId="504" HierarchyLvlTypeId="4" Intrnl_Id="316" Name="getCampus">
<Header>
<Loc EndOffset="781" SrcFileId="2" StartOffset="756"/>
</Header>
<LocList>
<Loc EndOffset="811" SrcFileId="2" StartOffset="756"/>
</LocList>
<StmntSeq Intrnl_Id="317">
<LocList>
<Loc EndOffset="804" SrcFileId="2" StartOffset="790"/>
</LocList>
<BasicStmnt CovItemId="S4" CovItemPrefix="TestUnit.ClassDetails.java" Intrnl_Id="318">
<LocList>
<Loc EndOffset="804" SrcFileId="2" StartOffset="790"/>
</LocList>
</BasicStmnt>
</StmntSeq>
</HierarchyLvl>
<HierarchyLvl HierarchyLvlId="505" HierarchyLvlTypeId="4" Intrnl_Id="319" Name="ClassDetails">
<Header>
<Loc EndOffset="868" SrcFileId="2" StartOffset="817"/>
</Header>
<LocList>
<Loc EndOffset="943" SrcFileId="2" StartOffset="817"/>
</LocList>
<StmntSeq Intrnl_Id="320">
<LocList>
<Loc EndOffset="901" SrcFileId="2" StartOffset="880"/>
<Loc EndOffset="936" SrcFileId="2" StartOffset="911"/>
</LocList>
<BasicStmnt CovItemId="S5" CovItemPrefix="TestUnit.ClassDetails.java" Intrnl_Id="321">
<LocList>
<Loc EndOffset="901" SrcFileId="2" StartOffset="880"/>
</LocList>
</BasicStmnt>
<BasicStmnt CovItemId="S6" CovItemPrefix="TestUnit.ClassDetails.java" Intrnl_Id="322">
<LocList>
<Loc EndOffset="936" SrcFileId="2" StartOffset="911"/>
</LocList>
</BasicStmnt>
</StmntSeq>
</HierarchyLvl>
<HierarchyLvl HierarchyLvlId="506" HierarchyLvlTypeId="4" Intrnl_Id="323" Name="getInstructor">
<Header>
<Loc EndOffset="983" SrcFileId="2" StartOffset="951"/>
</Header>
<LocList>
<Loc EndOffset="1014" SrcFileId="2" StartOffset="951"/>
</LocList>
<StmntSeq Intrnl_Id="324">
<LocList>
<Loc EndOffset="1007" SrcFileId="2" StartOffset="995"/>
</LocList>
<BasicStmnt CovItemId="S7" CovItemPrefix="TestUnit.ClassDetails.java" Intrnl_Id="325">
<LocList>
<Loc EndOffset="1007" SrcFileId="2" StartOffset="995"/>
</LocList>
</BasicStmnt>
</StmntSeq>
</HierarchyLvl>
<HierarchyLvl HierarchyLvlId="507" HierarchyLvlTypeId="4" Intrnl_Id="326" Name="hasConflict">
<Header>
<Loc EndOffset="1065" SrcFileId="2" StartOffset="1022"/>
</Header>
<LocList>
<Loc EndOffset="3621" SrcFileId="2" StartOffset="1022"/>
</LocList>
<StmntSeq Intrnl_Id="327">
<LocList>
<Loc EndOffset="1097" SrcFileId="2" StartOffset="1077"/>
<Loc EndOffset="1130" SrcFileId="2" StartOffset="1107"/>
<Loc EndOffset="1191" SrcFileId="2" StartOffset="1165"/>
<Loc EndOffset="1227" SrcFileId="2" StartOffset="1201"/>
<Loc EndOffset="1342" SrcFileId="2" StartOffset="1313"/>
<Loc EndOffset="1381" SrcFileId="2" StartOffset="1352"/>
<Loc EndOffset="1421" SrcFileId="2" StartOffset="1391"/>
<Loc EndOffset="1447" SrcFileId="2" StartOffset="1431"/>
<Loc EndOffset="1474" SrcFileId="2" StartOffset="1457"/>
<Loc EndOffset="1500" SrcFileId="2" StartOffset="1484"/>
<Loc EndOffset="1528" SrcFileId="2" StartOffset="1510"/>
<Loc EndOffset="1554" SrcFileId="2" StartOffset="1538"/>
<Loc EndOffset="1580" SrcFileId="2" StartOffset="1564"/>
<Loc EndOffset="1606" SrcFileId="2" StartOffset="1590"/>
<Loc EndOffset="1822" SrcFileId="2" StartOffset="1618"/>
<Loc EndOffset="2038" SrcFileId="2" StartOffset="1834"/>
<Loc EndOffset="2085" SrcFileId="2" StartOffset="2048"/>
<Loc EndOffset="2132" SrcFileId="2" StartOffset="2095"/>
<Loc EndOffset="3589" SrcFileId="2" StartOffset="2142"/>
<Loc EndOffset="3614" SrcFileId="2" StartOffset="3601"/>
</LocList>
<BasicStmnt CovItemId="S8" CovItemPrefix="TestUnit.ClassDetails.java" Intrnl_Id="328">
<LocList>
<Loc EndOffset="1097" SrcFileId="2" StartOffset="1077"/>
</LocList>
</BasicStmnt>
<BasicStmnt CovItemId="S9" CovItemPrefix="TestUnit.ClassDetails.java" Intrnl_Id="329">
<LocList>
<Loc EndOffset="1130" SrcFileId="2" StartOffset="1107"/>
</LocList>
</BasicStmnt>
<BasicStmnt CovItemId="S10" CovItemPrefix="TestUnit.ClassDetails.java" Intrnl_Id="330">
<LocList>
<Loc EndOffset="1191" SrcFileId="2" StartOffset="1165"/>
</LocList>
</BasicStmnt>
<BasicStmnt CovItemId="S11" CovItemPrefix="TestUnit.ClassDetails.java" Intrnl_Id="331">
<LocList>
<Loc EndOffset="1227" SrcFileId="2" StartOffset="1201"/>
</LocList>
</BasicStmnt>
<BasicStmnt CovItemId="S12" CovItemPrefix="TestUnit.ClassDetails.java" Intrnl_Id="332">
<LocList>
<Loc EndOffset="1342" SrcFileId="2" StartOffset="1313"/>
</LocList>
</BasicStmnt>
<BasicStmnt CovItemId="S13" CovItemPrefix="TestUnit.ClassDetails.java" Intrnl_Id="333">
<LocList>
<Loc EndOffset="1381" SrcFileId="2" StartOffset="1352"/>
</LocList>
</BasicStmnt>
<BasicStmnt CovItemId="S14" CovItemPrefix="TestUnit.ClassDetails.java" Intrnl_Id="334">
<LocList>
<Loc EndOffset="1421" SrcFileId="2" StartOffset="1391"/>
</LocList>
</BasicStmnt>
<BasicStmnt CovItemId="S15" CovItemPrefix="TestUnit.ClassDetails.java" Intrnl_Id="335">
<LocList>
<Loc EndOffset="1447" SrcFileId="2" StartOffset="1431"/>
</LocList>
</BasicStmnt>
<BasicStmnt CovItemId="S16" CovItemPrefix="TestUnit.ClassDetails.java" Intrnl_Id="336">
<LocList>
<Loc EndOffset="1474" SrcFileId="2" StartOffset="1457"/>
</LocList>
</BasicStmnt>
<BasicStmnt CovItemId="S17" CovItemPrefix="TestUnit.ClassDetails.java" Intrnl_Id="337">
<LocList>
<Loc EndOffset="1500" SrcFileId="2" StartOffset="1484"/>
</LocList>
</BasicStmnt>
<BasicStmnt CovItemId="S18" CovItemPrefix="TestUnit.ClassDetails.java" Intrnl_Id="338">
<LocList>
<Loc EndOffset="1528" SrcFileId="2" StartOffset="1510"/>
</LocList>
</BasicStmnt>
<BasicStmnt CovItemId="S19" CovItemPrefix="TestUnit.ClassDetails.java" Intrnl_Id="339">
<LocList>
<Loc EndOffset="1554" SrcFileId="2" StartOffset="1538"/>
</LocList>
</BasicStmnt>
<BasicStmnt CovItemId="S20" CovItemPrefix="TestUnit.ClassDetails.java" Intrnl_Id="340">
<LocList>
<Loc EndOffset="1580" SrcFileId="2" StartOffset="1564"/>
</LocList>
</BasicStmnt>
<BasicStmnt CovItemId="S21" CovItemPrefix="TestUnit.ClassDetails.java" Intrnl_Id="341">
<LocList>
<Loc EndOffset="1606" SrcFileId="2" StartOffset="1590"/>
</LocList>
</BasicStmnt>
<LoopStmnt CovItemId="S22" CovItemPrefix="TestUnit.ClassDetails.java" Intrnl_Id="342" MltplExecId="L1-2" MltplExecPrefix="TestUnit.ClassDetails.java" NvrExecId="L1-0" NvrExecPrefix="TestUnit.ClassDetails.java" OnceExecutedId="L1-1" OnceExecutedPrefix="TestUnit.ClassDetails.java" OptBodyExec="true">
<StmntSeq Intrnl_Id="343">
<LocList>
<Loc EndOffset="1811" SrcFileId="2" StartOffset="1670"/>
</LocList>
<CondStmnt CovItemId="S23" CovItemPrefix="TestUnit.ClassDetails.java" Intrnl_Id="344">
<Branch CovItemId="B1" CovItemPrefix="TestUnit.ClassDetails.java" Implct="false" Intrnl_Id="345">
<Cond/>
<LocList>
<Loc EndOffset="1811" SrcFileId="2" StartOffset="1714"/>
</LocList>
<StmntSeq Intrnl_Id="346">
<LocList>
<Loc EndOffset="1766" SrcFileId="2" StartOffset="1733"/>
<Loc EndOffset="1796" SrcFileId="2" StartOffset="1784"/>
</LocList>
<BasicStmnt CovItemId="S24" CovItemPrefix="TestUnit.ClassDetails.java" Intrnl_Id="347">
<LocList>
<Loc EndOffset="1766" SrcFileId="2" StartOffset="1733"/>
</LocList>
</BasicStmnt>
<BasicStmnt CovItemId="S25" CovItemPrefix="TestUnit.ClassDetails.java" Intrnl_Id="348">
<LocList>
<Loc EndOffset="1796" SrcFileId="2" StartOffset="1784"/>
</LocList>
</BasicStmnt>
</StmntSeq>
</Branch>
<Branch CovItemId="B2" CovItemPrefix="TestUnit.ClassDetails.java" Implct="true" Intrnl_Id="349">
<Cond/>
<LocList/>
<StmntSeq Intrnl_Id="350">
<LocList/>
</StmntSeq>
</Branch>
<Keyword EndOffset="1672" SrcFileId="2" StartOffset="1670"/>
<LocList>
<Loc EndOffset="1811" SrcFileId="2" StartOffset="1670"/>
</LocList>
</CondStmnt>
</StmntSeq>
<Keyword EndOffset="1621" SrcFileId="2" StartOffset="1618"/>
<LocList>
<Loc EndOffset="1822" SrcFileId="2" StartOffset="1618"/>
</LocList>
</LoopStmnt>
<LoopStmnt CovItemId="S26" CovItemPrefix="TestUnit.ClassDetails.java" Intrnl_Id="351" MltplExecId="L2-2" MltplExecPrefix="TestUnit.ClassDetails.java" NvrExecId="L2-0" NvrExecPrefix="TestUnit.ClassDetails.java" OnceExecutedId="L2-1" OnceExecutedPrefix="TestUnit.ClassDetails.java" OptBodyExec="true">
<StmntSeq Intrnl_Id="352">
<LocList>
<Loc EndOffset="2027" SrcFileId="2" StartOffset="1886"/>
</LocList>
<CondStmnt CovItemId="S27" CovItemPrefix="TestUnit.ClassDetails.java" Intrnl_Id="353">
<Branch CovItemId="B3" CovItemPrefix="TestUnit.ClassDetails.java" Implct="false" Intrnl_Id="354">
<Cond/>
<LocList>
<Loc EndOffset="2027" SrcFileId="2" StartOffset="1930"/>
</LocList>
<StmntSeq Intrnl_Id="355">
<LocList>
<Loc EndOffset="1982" SrcFileId="2" StartOffset="1949"/>
<Loc EndOffset="2012" SrcFileId="2" StartOffset="2000"/>
</LocList>
<BasicStmnt CovItemId="S28" CovItemPrefix="TestUnit.ClassDetails.java" Intrnl_Id="356">
<LocList>
<Loc EndOffset="1982" SrcFileId="2" StartOffset="1949"/>
</LocList>
</BasicStmnt>
<BasicStmnt CovItemId="S29" CovItemPrefix="TestUnit.ClassDetails.java" Intrnl_Id="357">
<LocList>
<Loc EndOffset="2012" SrcFileId="2" StartOffset="2000"/>
</LocList>
</BasicStmnt>
</StmntSeq>
</Branch>
<Branch CovItemId="B4" CovItemPrefix="TestUnit.ClassDetails.java" Implct="true" Intrnl_Id="358">
<Cond/>
<LocList/>
<StmntSeq Intrnl_Id="359">
<LocList/>
</StmntSeq>
</Branch>
<Keyword EndOffset="1888" SrcFileId="2" StartOffset="1886"/>
<LocList>
<Loc EndOffset="2027" SrcFileId="2" StartOffset="1886"/>
</LocList>
</CondStmnt>
</StmntSeq>
<Keyword EndOffset="1837" SrcFileId="2" StartOffset="1834"/>
<LocList>
<Loc EndOffset="2038" SrcFileId="2" StartOffset="1834"/>
</LocList>
</LoopStmnt>
<BasicStmnt CovItemId="S30" CovItemPrefix="TestUnit.ClassDetails.java" Intrnl_Id="360">
<LocList>
<Loc EndOffset="2085" SrcFileId="2" StartOffset="2048"/>
</LocList>
</BasicStmnt>
<BasicStmnt CovItemId="S31" CovItemPrefix="TestUnit.ClassDetails.java" Intrnl_Id="361">
<LocList>
<Loc EndOffset="2132" SrcFileId="2" StartOffset="2095"/>
</LocList>
</BasicStmnt>
<LoopStmnt CovItemId="S32" CovItemPrefix="TestUnit.ClassDetails.java" Intrnl_Id="362" MltplExecId="L3-2" MltplExecPrefix="TestUnit.ClassDetails.java" NvrExecId="L3-0" NvrExecPrefix="TestUnit.ClassDetails.java" OnceExecutedId="L3-1" OnceExecutedPrefix="TestUnit.ClassDetails.java" OptBodyExec="true">
<StmntSeq Intrnl_Id="363">
<LocList>
<Loc EndOffset="2211" SrcFileId="2" StartOffset="2188"/>
<Loc EndOffset="3578" SrcFileId="2" StartOffset="2225"/>
</LocList>
<BasicStmnt CovItemId="S33" CovItemPrefix="TestUnit.ClassDetails.java" Intrnl_Id="364">
<LocList>
<Loc EndOffset="2211" SrcFileId="2" StartOffset="2188"/>
</LocList>
</BasicStmnt>
<LoopStmnt CovItemId="S34" CovItemPrefix="TestUnit.ClassDetails.java" Intrnl_Id="365" MltplExecId="L4-2" MltplExecPrefix="TestUnit.ClassDetails.java" NvrExecId="L4-0" NvrExecPrefix="TestUnit.ClassDetails.java" OnceExecutedId="L4-1" OnceExecutedPrefix="TestUnit.ClassDetails.java" OptBodyExec="true">
<StmntSeq Intrnl_Id="366">
<LocList>
<Loc EndOffset="2302" SrcFileId="2" StartOffset="2279"/>
<Loc EndOffset="3563" SrcFileId="2" StartOffset="2322"/>
</LocList>
<BasicStmnt CovItemId="S35" CovItemPrefix="TestUnit.ClassDetails.java" Intrnl_Id="367">
<LocList>
<Loc EndOffset="2302" SrcFileId="2" StartOffset="2279"/>
</LocList>
</BasicStmnt>
<CondStmnt CovItemId="S36" CovItemPrefix="TestUnit.ClassDetails.java" Intrnl_Id="368">
<Branch CovItemId="B5" CovItemPrefix="TestUnit.ClassDetails.java" Implct="false" Intrnl_Id="369">
<Cond/>
<LocList>
<Loc EndOffset="3563" SrcFileId="2" StartOffset="2358"/>
</LocList>
<StmntSeq Intrnl_Id="370">
<LocList>
<Loc EndOffset="3544" SrcFileId="2" StartOffset="2437"/>
</LocList>
<CondStmnt CovItemId="S37" CovItemPrefix="TestUnit.ClassDetails.java" Intrnl_Id="371">
<Branch CovItemId="B7" CovItemPrefix="TestUnit.ClassDetails.java" Implct="false" Intrnl_Id="372">
<Cond/>
<LocList>
<Loc EndOffset="2597" SrcFileId="2" StartOffset="2482"/>
</LocList>
<StmntSeq Intrnl_Id="373">
<LocList>
<Loc EndOffset="2574" SrcFileId="2" StartOffset="2509"/>
</LocList>
<CondStmnt CovItemId="S38" CovItemPrefix="TestUnit.ClassDetails.java" Intrnl_Id="374">
<Branch CovItemId="B9" CovItemPrefix="TestUnit.ClassDetails.java" Implct="false" Intrnl_Id="375">
<Cond/>
<LocList>
<Loc EndOffset="2574" SrcFileId="2" StartOffset="2562"/>
</LocList>
<StmntSeq Intrnl_Id="376">
<LocList>
<Loc EndOffset="2574" SrcFileId="2" StartOffset="2562"/>
</LocList>
<BasicStmnt CovItemId="S39" CovItemPrefix="TestUnit.ClassDetails.java" Intrnl_Id="377">
<LocList>
<Loc EndOffset="2574" SrcFileId="2" StartOffset="2562"/>
</LocList>
</BasicStmnt>
</StmntSeq>
</Branch>
<Branch CovItemId="B10" CovItemPrefix="TestUnit.ClassDetails.java" Implct="true" Intrnl_Id="378">
<Cond/>
<LocList/>
<StmntSeq Intrnl_Id="379">
<LocList/>
</StmntSeq>
</Branch>
<Keyword EndOffset="2511" SrcFileId="2" StartOffset="2509"/>
<LocList>
<Loc EndOffset="2574" SrcFileId="2" StartOffset="2509"/>
</LocList>
</CondStmnt>
</StmntSeq>
</Branch>
<Branch CovItemId="B8" CovItemPrefix="TestUnit.ClassDetails.java" Implct="false" Intrnl_Id="380">
<Cond>
<Loc EndOffset="2667" SrcFileId="2" StartOffset="2663"/>
</Cond>
<LocList>
<Loc EndOffset="3544" SrcFileId="2" StartOffset="2668"/>
</LocList>
<StmntSeq Intrnl_Id="381">
<LocList>
<Loc EndOffset="3544" SrcFileId="2" StartOffset="2668"/>
</LocList>
<CondStmnt CovItemId="S40" CovItemPrefix="TestUnit.ClassDetails.java" Intrnl_Id="382">
<Branch CovItemId="B11" CovItemPrefix="TestUnit.ClassDetails.java" Implct="false" Intrnl_Id="383">
<Cond/>
<LocList>
<Loc EndOffset="3033" SrcFileId="2" StartOffset="2712"/>
</LocList>
<StmntSeq Intrnl_Id="384">
<LocList>
<Loc EndOffset="3010" SrcFileId="2" StartOffset="2739"/>
</LocList>
<CondStmnt CovItemId="S41" CovItemPrefix="TestUnit.ClassDetails.java" Intrnl_Id="385">
<Branch CovItemId="B13" CovItemPrefix="TestUnit.ClassDetails.java" Implct="false" Intrnl_Id="386">
<Cond/>
<LocList>
<Loc EndOffset="2915" SrcFileId="2" StartOffset="2788"/>
</LocList>
<StmntSeq Intrnl_Id="387">
<LocList>
<Loc EndOffset="2888" SrcFileId="2" StartOffset="2819"/>
</LocList>
<CondStmnt CovItemId="S42" CovItemPrefix="TestUnit.ClassDetails.java" Intrnl_Id="388">
<Branch CovItemId="B15" CovItemPrefix="TestUnit.ClassDetails.java" Implct="false" Intrnl_Id="389">
<Cond/>
<LocList>
<Loc EndOffset="2888" SrcFileId="2" StartOffset="2876"/>
</LocList>
<StmntSeq Intrnl_Id="390">
<LocList>
<Loc EndOffset="2888" SrcFileId="2" StartOffset="2876"/>
</LocList>
<BasicStmnt CovItemId="S43" CovItemPrefix="TestUnit.ClassDetails.java" Intrnl_Id="391">
<LocList>
<Loc EndOffset="2888" SrcFileId="2" StartOffset="2876"/>
</LocList>
</BasicStmnt>
</StmntSeq>
</Branch>
<Branch CovItemId="B16" CovItemPrefix="TestUnit.ClassDetails.java" Implct="true" Intrnl_Id="392">
<Cond/>
<LocList/>
<StmntSeq Intrnl_Id="393">
<LocList/>
</StmntSeq>
</Branch>
<Keyword EndOffset="2821" SrcFileId="2" StartOffset="2819"/>
<LocList>
<Loc EndOffset="2888" SrcFileId="2" StartOffset="2819"/>
</LocList>
</CondStmnt>
</StmntSeq>
</Branch>
<Branch CovItemId="B14" CovItemPrefix="TestUnit.ClassDetails.java" Implct="false" Intrnl_Id="394">
<Cond>
<Loc EndOffset="2945" SrcFileId="2" StartOffset="2941"/>
</Cond>
<LocList>
<Loc EndOffset="3010" SrcFileId="2" StartOffset="2946"/>
</LocList>
<StmntSeq Intrnl_Id="395">
<LocList>
<Loc EndOffset="3010" SrcFileId="2" StartOffset="2946"/>
</LocList>
<CondStmnt CovItemId="S44" CovItemPrefix="TestUnit.ClassDetails.java" Intrnl_Id="396">
<Branch CovItemId="B17" CovItemPrefix="TestUnit.ClassDetails.java" Implct="false" Intrnl_Id="397">
<Cond/>
<LocList>
<Loc EndOffset="3010" SrcFileId="2" StartOffset="2998"/>
</LocList>
<StmntSeq Intrnl_Id="398">
<LocList>
<Loc EndOffset="3010" SrcFileId="2" StartOffset="2998"/>
</LocList>
<BasicStmnt CovItemId="S45" CovItemPrefix="TestUnit.ClassDetails.java" Intrnl_Id="399">
<LocList>
<Loc EndOffset="3010" SrcFileId="2" StartOffset="2998"/>
</LocList>
</BasicStmnt>
</StmntSeq>
</Branch>
<Branch CovItemId="B18" CovItemPrefix="TestUnit.ClassDetails.java" Implct="true" Intrnl_Id="400">
<Cond/>
<LocList/>
<StmntSeq Intrnl_Id="401">
<LocList/>
</StmntSeq>
</Branch>
<Keyword EndOffset="2948" SrcFileId="2" StartOffset="2946"/>
<LocList>
<Loc EndOffset="3010" SrcFileId="2" StartOffset="2946"/>
</LocList>
</CondStmnt>
</StmntSeq>
</Branch>
<Keyword EndOffset="2741" SrcFileId="2" StartOffset="2739"/>
<LocList>
<Loc EndOffset="3010" SrcFileId="2" StartOffset="2739"/>
</LocList>
</CondStmnt>
</StmntSeq>
</Branch>
<Branch CovItemId="B12" CovItemPrefix="TestUnit.ClassDetails.java" Implct="false" Intrnl_Id="402">
<Cond>
<Loc EndOffset="3105" SrcFileId="2" StartOffset="3101"/>
</Cond>
<LocList>
<Loc EndOffset="3544" SrcFileId="2" StartOffset="3106"/>
</LocList>
<StmntSeq Intrnl_Id="403">
<LocList>
<Loc EndOffset="3544" SrcFileId="2" StartOffset="3106"/>
</LocList>
<CondStmnt CovItemId="S46" CovItemPrefix="TestUnit.ClassDetails.java" Intrnl_Id="404">
<Branch CovItemId="B19" CovItemPrefix="TestUnit.ClassDetails.java" Implct="false" Intrnl_Id="405">
<Cond/>
<LocList>
<Loc EndOffset="3544" SrcFileId="2" StartOffset="3150"/>
</LocList>
<StmntSeq Intrnl_Id="406">
<LocList>
<Loc EndOffset="3521" SrcFileId="2" StartOffset="3223"/>
</LocList>
<CondStmnt CovItemId="S47" CovItemPrefix="TestUnit.ClassDetails.java" Intrnl_Id="407">
<Branch CovItemId="B21" CovItemPrefix="TestUnit.ClassDetails.java" Implct="false" Intrnl_Id="408">
<Cond/>
<LocList>
<Loc EndOffset="3426" SrcFileId="2" StartOffset="3272"/>
</LocList>
<StmntSeq Intrnl_Id="409">
<LocList>
<Loc EndOffset="3399" SrcFileId="2" StartOffset="3330"/>
</LocList>
<CondStmnt CovItemId="S48" CovItemPrefix="TestUnit.ClassDetails.java" Intrnl_Id="410">
<Branch CovItemId="B23" CovItemPrefix="TestUnit.ClassDetails.java" Implct="false" Intrnl_Id="411">
<Cond/>
<LocList>
<Loc EndOffset="3399" SrcFileId="2" StartOffset="3387"/>
</LocList>
<StmntSeq Intrnl_Id="412">
<LocList>
<Loc EndOffset="3399" SrcFileId="2" StartOffset="3387"/>
</LocList>
<BasicStmnt CovItemId="S49" CovItemPrefix="TestUnit.ClassDetails.java" Intrnl_Id="413">
<LocList>
<Loc EndOffset="3399" SrcFileId="2" StartOffset="3387"/>
</LocList>
</BasicStmnt>
</StmntSeq>
</Branch>
<Branch CovItemId="B24" CovItemPrefix="TestUnit.ClassDetails.java" Implct="true" Intrnl_Id="414">
<Cond/>
<LocList/>
<StmntSeq Intrnl_Id="415">
<LocList/>
</StmntSeq>
</Branch>
<Keyword EndOffset="3332" SrcFileId="2" StartOffset="3330"/>
<LocList>
<Loc EndOffset="3399" SrcFileId="2" StartOffset="3330"/>
</LocList>
</CondStmnt>
</StmntSeq>
</Branch>
<Branch CovItemId="B22" CovItemPrefix="TestUnit.ClassDetails.java" Implct="false" Intrnl_Id="416">
<Cond>
<Loc EndOffset="3456" SrcFileId="2" StartOffset="3452"/>
</Cond>
<LocList>
<Loc EndOffset="3521" SrcFileId="2" StartOffset="3457"/>
</LocList>
<StmntSeq Intrnl_Id="417">
<LocList>
<Loc EndOffset="3521" SrcFileId="2" StartOffset="3457"/>
</LocList>
<CondStmnt CovItemId="S50" CovItemPrefix="TestUnit.ClassDetails.java" Intrnl_Id="418">
<Branch CovItemId="B25" CovItemPrefix="TestUnit.ClassDetails.java" Implct="false" Intrnl_Id="419">
<Cond/>
<LocList>
<Loc EndOffset="3521" SrcFileId="2" StartOffset="3509"/>
</LocList>
<StmntSeq Intrnl_Id="420">
<LocList>
<Loc EndOffset="3521" SrcFileId="2" StartOffset="3509"/>
</LocList>
<BasicStmnt CovItemId="S51" CovItemPrefix="TestUnit.ClassDetails.java" Intrnl_Id="421">
<LocList>
<Loc EndOffset="3521" SrcFileId="2" StartOffset="3509"/>
</LocList>
</BasicStmnt>
</StmntSeq>
</Branch>
<Branch CovItemId="B26" CovItemPrefix="TestUnit.ClassDetails.java" Implct="true" Intrnl_Id="422">
<Cond/>
<LocList/>
<StmntSeq Intrnl_Id="423">
<LocList/>
</StmntSeq>
</Branch>
<Keyword EndOffset="3459" SrcFileId="2" StartOffset="3457"/>
<LocList>
<Loc EndOffset="3521" SrcFileId="2" StartOffset="3457"/>
</LocList>
</CondStmnt>
</StmntSeq>
</Branch>
<Keyword EndOffset="3225" SrcFileId="2" StartOffset="3223"/>
<LocList>
<Loc EndOffset="3521" SrcFileId="2" StartOffset="3223"/>
</LocList>
</CondStmnt>
</StmntSeq>
</Branch>
<Branch CovItemId="B20" CovItemPrefix="TestUnit.ClassDetails.java" Implct="true" Intrnl_Id="424">
<Cond/>
<LocList/>
<StmntSeq Intrnl_Id="425">
<LocList/>
</StmntSeq>
</Branch>
<Keyword EndOffset="3108" SrcFileId="2" StartOffset="3106"/>
<LocList>
<Loc EndOffset="3544" SrcFileId="2" StartOffset="3106"/>
</LocList>
</CondStmnt>
</StmntSeq>
</Branch>
<Keyword EndOffset="2670" SrcFileId="2" StartOffset="2668"/>
<LocList>
<Loc EndOffset="3544" SrcFileId="2" StartOffset="2668"/>
</LocList>
</CondStmnt>
</StmntSeq>
</Branch>
<Keyword EndOffset="2439" SrcFileId="2" StartOffset="2437"/>
<LocList>
<Loc EndOffset="3544" SrcFileId="2" StartOffset="2437"/>
</LocList>
</CondStmnt>
</StmntSeq>
</Branch>
<Branch CovItemId="B6" CovItemPrefix="TestUnit.ClassDetails.java" Implct="true" Intrnl_Id="426">
<Cond/>
<LocList/>
<StmntSeq Intrnl_Id="427">
<LocList/>
</StmntSeq>
</Branch>
<Keyword EndOffset="2324" SrcFileId="2" StartOffset="2322"/>
<LocList>
<Loc EndOffset="3563" SrcFileId="2" StartOffset="2322"/>
</LocList>
</CondStmnt>
</StmntSeq>
<Keyword EndOffset="2230" SrcFileId="2" StartOffset="2225"/>
<LocList>
<Loc EndOffset="3578" SrcFileId="2" StartOffset="2225"/>
</LocList>
</LoopStmnt>
</StmntSeq>
<Keyword EndOffset="2147" SrcFileId="2" StartOffset="2142"/>
<LocList>
<Loc EndOffset="3589" SrcFileId="2" StartOffset="2142"/>
</LocList>
</LoopStmnt>
<BasicStmnt CovItemId="S52" CovItemPrefix="TestUnit.ClassDetails.java" Intrnl_Id="428">
<LocList>
<Loc EndOffset="3614" SrcFileId="2" StartOffset="3601"/>
</LocList>
</BasicStmnt>
</StmntSeq>
</HierarchyLvl>
<HierarchyLvl HierarchyLvlId="508" HierarchyLvlTypeId="4" Intrnl_Id="429" Name="getTime">
<Header>
<Loc EndOffset="3650" SrcFileId="2" StartOffset="3629"/>
</Header>
<LocList>
<Loc EndOffset="3681" SrcFileId="2" StartOffset="3629"/>
</LocList>
<StmntSeq Intrnl_Id="430">
<LocList>
<Loc EndOffset="3674" SrcFileId="2" StartOffset="3662"/>
</LocList>
<BasicStmnt CovItemId="S53" CovItemPrefix="TestUnit.ClassDetails.java" Intrnl_Id="431">
<LocList>
<Loc EndOffset="3674" SrcFileId="2" StartOffset="3662"/>
</LocList>
</BasicStmnt>
</StmntSeq>
</HierarchyLvl>
<HierarchyLvl HierarchyLvlId="509" HierarchyLvlTypeId="4" Intrnl_Id="432" Name="setTime">
<Header>
<Loc EndOffset="3716" SrcFileId="2" StartOffset="3689"/>
</Header>
<LocList>
<Loc EndOffset="3744" SrcFileId="2" StartOffset="3689"/>
</LocList>
<StmntSeq Intrnl_Id="433">
<LocList>
<Loc EndOffset="3737" SrcFileId="2" StartOffset="3728"/>
</LocList>
<BasicStmnt CovItemId="S54" CovItemPrefix="TestUnit.ClassDetails.java" Intrnl_Id="434">
<LocList>
<Loc EndOffset="3737" SrcFileId="2" StartOffset="3728"/>
</LocList>
</BasicStmnt>
</StmntSeq>
</HierarchyLvl>
<HierarchyLvl HierarchyLvlId="510" HierarchyLvlTypeId="4" Intrnl_Id="435" Name="isAtTime">
<Header>
<Loc EndOffset="3785" SrcFileId="2" StartOffset="3752"/>
</Header>
<LocList>
<Loc EndOffset="3923" SrcFileId="2" StartOffset="3752"/>
</LocList>
<StmntSeq Intrnl_Id="436">
<LocList>
<Loc EndOffset="3916" SrcFileId="2" StartOffset="3797"/>
</LocList>
<CondStmnt CovItemId="S55" CovItemPrefix="TestUnit.ClassDetails.java" Intrnl_Id="437">
<Branch CovItemId="B27" CovItemPrefix="TestUnit.ClassDetails.java" Implct="false" Intrnl_Id="438">
<Cond/>
<LocList>
<Loc EndOffset="3875" SrcFileId="2" StartOffset="3863"/>
</LocList>
<StmntSeq Intrnl_Id="439">
<LocList>
<Loc EndOffset="3875" SrcFileId="2" StartOffset="3863"/>
</LocList>
<BasicStmnt CovItemId="S56" CovItemPrefix="TestUnit.ClassDetails.java" Intrnl_Id="440">
<LocList>
<Loc EndOffset="3875" SrcFileId="2" StartOffset="3863"/>
</LocList>
</BasicStmnt>
</StmntSeq>
</Branch>
<Branch CovItemId="B28" CovItemPrefix="TestUnit.ClassDetails.java" Implct="false" Intrnl_Id="441">
<Cond>
<Loc EndOffset="3889" SrcFileId="2" StartOffset="3885"/>
</Cond>
<LocList>
<Loc EndOffset="3916" SrcFileId="2" StartOffset="3903"/>
</LocList>
<StmntSeq Intrnl_Id="442">
<LocList>
<Loc EndOffset="3916" SrcFileId="2" StartOffset="3903"/>
</LocList>
<BasicStmnt CovItemId="S57" CovItemPrefix="TestUnit.ClassDetails.java" Intrnl_Id="443">
<LocList>
<Loc EndOffset="3916" SrcFileId="2" StartOffset="3903"/>
</LocList>
</BasicStmnt>
</StmntSeq>
</Branch>
<Keyword EndOffset="3799" SrcFileId="2" StartOffset="3797"/>
<LocList>
<Loc EndOffset="3916" SrcFileId="2" StartOffset="3797"/>
</LocList>
</CondStmnt>
</StmntSeq>
</HierarchyLvl>
<HierarchyLvl HierarchyLvlId="511" HierarchyLvlTypeId="4" Intrnl_Id="444" Name="isAtDay">
<Header>
<Loc EndOffset="3962" SrcFileId="2" StartOffset="3931"/>
</Header>
<LocList>
<Loc EndOffset="4100" SrcFileId="2" StartOffset="3931"/>
</LocList>
<StmntSeq Intrnl_Id="445">
<LocList>
<Loc EndOffset="4093" SrcFileId="2" StartOffset="3974"/>
</LocList>
<CondStmnt CovItemId="S58" CovItemPrefix="TestUnit.ClassDetails.java" Intrnl_Id="446">
<Branch CovItemId="B29" CovItemPrefix="TestUnit.ClassDetails.java" Implct="false" Intrnl_Id="447">
<Cond/>
<LocList>
<Loc EndOffset="4052" SrcFileId="2" StartOffset="4040"/>
</LocList>
<StmntSeq Intrnl_Id="448">
<LocList>
<Loc EndOffset="4052" SrcFileId="2" StartOffset="4040"/>
</LocList>
<BasicStmnt CovItemId="S59" CovItemPrefix="TestUnit.ClassDetails.java" Intrnl_Id="449">
<LocList>
<Loc EndOffset="4052" SrcFileId="2" StartOffset="4040"/>
</LocList>
</BasicStmnt>
</StmntSeq>
</Branch>
<Branch CovItemId="B30" CovItemPrefix="TestUnit.ClassDetails.java" Implct="false" Intrnl_Id="450">
<Cond>
<Loc EndOffset="4066" SrcFileId="2" StartOffset="4062"/>
</Cond>
<LocList>
<Loc EndOffset="4093" SrcFileId="2" StartOffset="4080"/>
</LocList>
<StmntSeq Intrnl_Id="451">
<LocList>
<Loc EndOffset="4093" SrcFileId="2" StartOffset="4080"/>
</LocList>
<BasicStmnt CovItemId="S60" CovItemPrefix="TestUnit.ClassDetails.java" Intrnl_Id="452">
<LocList>
<Loc EndOffset="4093" SrcFileId="2" StartOffset="4080"/>
</LocList>
</BasicStmnt>
</StmntSeq>
</Branch>
<Keyword EndOffset="3976" SrcFileId="2" StartOffset="3974"/>
<LocList>
<Loc EndOffset="4093" SrcFileId="2" StartOffset="3974"/>
</LocList>
</CondStmnt>
</StmntSeq>
</HierarchyLvl>
<HierarchyLvl HierarchyLvlId="512" HierarchyLvlTypeId="4" Intrnl_Id="453" Name="toString">
<Header>
<Loc EndOffset="4132" SrcFileId="2" StartOffset="4108"/>
</Header>
<LocList>
<Loc EndOffset="4667" SrcFileId="2" StartOffset="4108"/>
</LocList>
<StmntSeq Intrnl_Id="454">
<LocList>
<Loc EndOffset="4163" SrcFileId="2" StartOffset="4144"/>
<Loc EndOffset="4226" SrcFileId="2" StartOffset="4173"/>
<Loc EndOffset="4325" SrcFileId="2" StartOffset="4236"/>
<Loc EndOffset="4560" SrcFileId="2" StartOffset="4498"/>
<Loc EndOffset="4660" SrcFileId="2" StartOffset="4646"/>
</LocList>
<BasicStmnt CovItemId="S61" CovItemPrefix="TestUnit.ClassDetails.java" Intrnl_Id="455">
<LocList>
<Loc EndOffset="4163" SrcFileId="2" StartOffset="4144"/>
</LocList>
</BasicStmnt>
<BasicStmnt CovItemId="S62" CovItemPrefix="TestUnit.ClassDetails.java" Intrnl_Id="456">
<LocList>
<Loc EndOffset="4226" SrcFileId="2" StartOffset="4173"/>
</LocList>
</BasicStmnt>
<CondStmnt CovItemId="S63" CovItemPrefix="TestUnit.ClassDetails.java" Intrnl_Id="457">
<Branch CovItemId="B31" CovItemPrefix="TestUnit.ClassDetails.java" Implct="false" Intrnl_Id="458">
<Cond/>
<LocList>
<Loc EndOffset="4325" SrcFileId="2" StartOffset="4277"/>
</LocList>
<StmntSeq Intrnl_Id="459">
<LocList>
<Loc EndOffset="4325" SrcFileId="2" StartOffset="4277"/>
</LocList>
<BasicStmnt CovItemId="S64" CovItemPrefix="TestUnit.ClassDetails.java" Intrnl_Id="460">
<LocList>
<Loc EndOffset="4325" SrcFileId="2" StartOffset="4277"/>
</LocList>
</BasicStmnt>
</StmntSeq>
</Branch>
<Branch CovItemId="B32" CovItemPrefix="TestUnit.ClassDetails.java" Implct="true" Intrnl_Id="461">
<Cond/>
<LocList/>
<StmntSeq Intrnl_Id="462">
<LocList/>
</StmntSeq>
</Branch>
<Keyword EndOffset="4238" SrcFileId="2" StartOffset="4236"/>
<LocList>
<Loc EndOffset="4325" SrcFileId="2" StartOffset="4236"/>
</LocList>
</CondStmnt>
<CondStmnt CovItemId="S65" CovItemPrefix="TestUnit.ClassDetails.java" Intrnl_Id="463">
<Branch CovItemId="B33" CovItemPrefix="TestUnit.ClassDetails.java" Implct="false" Intrnl_Id="464">
<Cond/>
<LocList>
<Loc EndOffset="4560" SrcFileId="2" StartOffset="4531"/>
</LocList>
<StmntSeq Intrnl_Id="465">
<LocList>
<Loc EndOffset="4560" SrcFileId="2" StartOffset="4531"/>
</LocList>
<BasicStmnt CovItemId="S66" CovItemPrefix="TestUnit.ClassDetails.java" Intrnl_Id="466">
<LocList>
<Loc EndOffset="4560" SrcFileId="2" StartOffset="4531"/>
</LocList>
</BasicStmnt>
</StmntSeq>
</Branch>
<Branch CovItemId="B34" CovItemPrefix="TestUnit.ClassDetails.java" Implct="true" Intrnl_Id="467">
<Cond/>
<LocList/>
<StmntSeq Intrnl_Id="468">
<LocList/>
</StmntSeq>
</Branch>
<Keyword EndOffset="4500" SrcFileId="2" StartOffset="4498"/>
<LocList>
<Loc EndOffset="4560" SrcFileId="2" StartOffset="4498"/>
</LocList>
</CondStmnt>
<BasicStmnt CovItemId="S67" CovItemPrefix="TestUnit.ClassDetails.java" Intrnl_Id="469">
<LocList>
<Loc EndOffset="4660" SrcFileId="2" StartOffset="4646"/>
</LocList>
</BasicStmnt>
</StmntSeq>
</HierarchyLvl>
<HierarchyLvl HierarchyLvlId="513" HierarchyLvlTypeId="4" Intrnl_Id="470" Name="getDays">
<Header>
<Loc EndOffset="4698" SrcFileId="2" StartOffset="4675"/>
</Header>
<LocList>
<Loc EndOffset="4739" SrcFileId="2" StartOffset="4675"/>
</LocList>
<StmntSeq Intrnl_Id="471">
<LocList>
<Loc EndOffset="4732" SrcFileId="2" StartOffset="4710"/>
</LocList>
<BasicStmnt CovItemId="S68" CovItemPrefix="TestUnit.ClassDetails.java" Intrnl_Id="472">
<LocList>
<Loc EndOffset="4732" SrcFileId="2" StartOffset="4710"/>
</LocList>
</BasicStmnt>
</StmntSeq>
</HierarchyLvl>
<HierarchyLvl HierarchyLvlId="514" HierarchyLvlTypeId="4" Intrnl_Id="473" Name="setCourse">
<Header>
<Loc EndOffset="4780" SrcFileId="2" StartOffset="4749"/>
</Header>
<LocList>
<Loc EndOffset="4825" SrcFileId="2" StartOffset="4749"/>
</LocList>
<StmntSeq Intrnl_Id="474">
<LocList>
<Loc EndOffset="4811" SrcFileId="2" StartOffset="4795"/>
</LocList>
<BasicStmnt CovItemId="S69" CovItemPrefix="TestUnit.ClassDetails.java" Intrnl_Id="475">
<LocList>
<Loc EndOffset="4811" SrcFileId="2" StartOffset="4795"/>
</LocList>
</BasicStmnt>
</StmntSeq>
</HierarchyLvl>
<HierarchyLvl HierarchyLvlId="515" HierarchyLvlTypeId="4" Intrnl_Id="476" Name="getCourse">
<Header>
<Loc EndOffset="4859" SrcFileId="2" StartOffset="4834"/>
</Header>
<LocList>
<Loc EndOffset="4901" SrcFileId="2" StartOffset="4834"/>
</LocList>
<StmntSeq Intrnl_Id="477">
<LocList>
<Loc EndOffset="4893" SrcFileId="2" StartOffset="4868"/>
</LocList>
<BasicStmnt CovItemId="S70" CovItemPrefix="TestUnit.ClassDetails.java" Intrnl_Id="478">
<LocList>
<Loc EndOffset="4893" SrcFileId="2" StartOffset="4868"/>
</LocList>
</BasicStmnt>
</StmntSeq>
</HierarchyLvl>
</HierarchyLvl>
</HierarchyLvl>
</HierarchyLvl>
</MASTRoot>
</TestSessionContainer>
