<?xml version="1.0" encoding="UTF-8"?><TestSessionContainer xmlns="http://www.codecover.org/xml/testsession-container" Date="1500942223658" TestSessionContainerId="7c2566af-7338-41f4-8f7c-2f1a06a31c55" version="1.0">
<SrcFileList>
<SrcFile Content="package TestUnit;&#13;&#10;&#13;&#10;import java.util.Collection;&#13;&#10;import java.util.ArrayList;&#13;&#10;import java.util.Iterator;&#13;&#10;import java.sql.ResultSet;&#13;&#10;import java.sql.SQLException;&#13;&#10;import java.io.CharArrayWriter;&#13;&#10;&#13;&#10;&#13;&#10;&#13;&#10;&#13;&#10;&#13;&#10;import stubs.*;&#13;&#10;&#13;&#10;&#13;&#10;public class ClassDetails {&#13;&#10;&#13;&#10;    private Course course;&#13;&#10;    private String classNbr;&#13;&#10;    private Professor instructor;&#13;&#10;    private String bldg_room;&#13;&#10;    private String campus;&#13;&#10;    private String term;&#13;&#10;    private Time time;&#13;&#10;&#13;&#10;    //constructor&#13;&#10;    public ClassDetails() {&#13;&#10;&#13;&#10;    }&#13;&#10;&#13;&#10;    public String getTerm() {&#13;&#10;    &#9;return term;&#13;&#10;    }&#13;&#10;    &#13;&#10;    public void setTerm(String term) {&#13;&#10;        this.term = term;&#13;&#10;    }&#13;&#10;    &#13;&#10;    public void setCampus(String campus) {&#13;&#10;        this.campus = campus;&#13;&#10;    }&#13;&#10;&#13;&#10;    public String getCampus() {&#13;&#10;    &#9;return campus;&#13;&#10;    }&#13;&#10;    public ClassDetails(Course course, String classNbr) {&#13;&#10;        this.course = course;&#13;&#10;        this.classNbr = classNbr;&#13;&#10;    }&#13;&#10;&#13;&#10;    public Professor getInstructor() {&#13;&#10;        return null;&#13;&#10;    }&#13;&#10;&#13;&#10;    public boolean hasConflict(ClassDetails cd) {&#13;&#10;        Time c1 = getTime();&#13;&#10;        Time c2 = cd.getTime();&#13;&#10;        //compare times&#13;&#10;        String daysofC1 = c1.days;&#13;&#10;        String daysofC2 = c2.days;&#13;&#10;        //System.out.println(daysofC1);&#13;&#10;        ArrayList&lt;String&gt; A1, A2;&#13;&#10;        A1 = new ArrayList&lt;String&gt;();&#13;&#10;        A2 = new ArrayList&lt;String&gt;();&#13;&#10;        String[] days = new String[7];&#13;&#10;        days[0] = &quot;Mon&quot;;&#13;&#10;        days[1] = &quot;Tues&quot;;&#13;&#10;        days[2] = &quot;Wed&quot;;&#13;&#10;        days[3] = &quot;Thurs&quot;;&#13;&#10;        days[4] = &quot;Fri&quot;;&#13;&#10;        days[5] = &quot;Sat&quot;;&#13;&#10;        days[6] = &quot;Sun&quot;;&#13;&#10;&#13;&#10;        for (int i = 0; i &lt; 7; i++)&#13;&#10;        {&#13;&#10;            if (daysofC1.charAt(i) == '1')&#13;&#10;            {&#13;&#10;                String day = new String(days[i]);&#13;&#10;                A1.add(day);&#13;&#10;            }&#13;&#10;        }&#13;&#10;&#13;&#10;        for (int i = 0; i &lt; 7; i++)&#13;&#10;        {&#13;&#10;            if (daysofC2.charAt(i) == '1')&#13;&#10;            {&#13;&#10;                String day = new String(days[i]);&#13;&#10;                A2.add(day);&#13;&#10;            }&#13;&#10;        }&#13;&#10;        Iterator&lt;String&gt; it1 = A1.iterator();&#13;&#10;        Iterator&lt;String&gt; it2 = A2.iterator();&#13;&#10;        while (it1.hasNext())&#13;&#10;        {&#13;&#10;            String d1 = it1.next();&#13;&#10;            while (it2.hasNext())&#13;&#10;            {&#13;&#10;                String d2 = it2.next();&#13;&#10;&#13;&#10;                if (d1.equals(d2))&#13;&#10;                {&#13;&#10;                    //both classes starts at same hour&#13;&#10;                    if (c1.frHr == c2.frHr)&#13;&#10;                    {&#13;&#10;                        if (c1.frMn &gt;= c2.frMn)&#13;&#10;                            return true;&#13;&#10;                    }&#13;&#10;                    // c1 starts before c2&#13;&#10;                    else if (c1.frHr &lt; c2.frHr)&#13;&#10;                    {&#13;&#10;                        if (c1.toHr == c2.frHr)&#13;&#10;                        {&#13;&#10;                            if (c1.toMn &gt;= c2.frMn)&#13;&#10;                                return true;&#13;&#10;                        }&#13;&#10;                        else if (c1.toHr &gt; c2.frHr)&#13;&#10;                            return true;&#13;&#10;                    }&#13;&#10;&#13;&#10;                    //c1 starts after c2&#13;&#10;&#13;&#10;                    else if (c1.frHr &gt; c2.frHr)&#13;&#10;                    {&#13;&#10;                    &#9;System.out.println(c2.toHr + &quot; and &quot; + c1.frHr);&#13;&#10;                        if (c2.toHr == c1.frHr)&#13;&#10;                        {&#13;&#10;                            if (c2.toMn &gt;= c1.frMn)&#13;&#10;                                return true;&#13;&#10;                        }&#13;&#10;                        else if (c2.toHr &gt; c1.frHr)&#13;&#10;                            return true;&#13;&#10;                    }&#13;&#10;                }&#13;&#10;            }&#13;&#10;        }&#13;&#10;&#13;&#10;        return false;&#13;&#10;    }&#13;&#10;&#13;&#10;    public Time getTime() {&#13;&#10;        return time;&#13;&#10;    }&#13;&#10;&#13;&#10;    public void setTime(Time t) {&#13;&#10;        time = t;&#13;&#10;    }&#13;&#10;&#13;&#10;    public boolean isAtTime(int hour) {&#13;&#10;        if(getTime().frHr &lt;= hour &amp;&amp; hour &lt;= getTime().toHr)&#13;&#10;            return true;&#13;&#10;        else&#13;&#10;            return false;&#13;&#10;    }&#13;&#10;&#13;&#10;    public boolean isAtDay(int day) {&#13;&#10;        if(getTime().days.substring(day, day+1).equals(&quot;1&quot;))&#13;&#10;            return true;&#13;&#10;        else&#13;&#10;            return false;&#13;&#10;    }&#13;&#10;&#13;&#10;    public String toString() {&#13;&#10;        String result = &quot;&quot;;&#13;&#10;        result += course.toString() + &quot;\n&quot; + classNbr + &quot;\n&quot;;&#13;&#10;        if (this.getTime() != null)&#13;&#10;            result += &quot;&quot; + this.getTime().toString() + &quot;\n&quot;;&#13;&#10;//        if (instructor != null)&#13;&#10;//            result += &quot;&quot; + instructor.toString();&#13;&#10;//        if (bldg_room != null)&#13;&#10;//            result += &quot;&quot; + bldg_room;&#13;&#10;        if (campus != null)&#13;&#10;            result += &quot;&quot; + campus + &quot;\n&quot;;&#13;&#10;//        if (term != null)&#13;&#10;//            result += &quot;&quot; + term.toString();&#13;&#10;        return result;&#13;&#10;    }&#13;&#10;&#13;&#10;    public String getDays() {&#13;&#10;        return getTime().days;&#13;&#10;    }&#13;&#10;&#9;&#9;&#13;&#10;    public void setCourse(Course c){&#13;&#10;    &#9;&#13;&#10;    &#9;this.course = c;&#13;&#10;    &#9;&#13;&#10;    }&#13;&#10; &#13;&#10;    public String getCourse(){&#13;&#10; &#9;&#13;&#10; &#9;return course.toString();&#13;&#10; &#9;&#13;&#10; }&#13;&#10;}&#13;&#10;" Filename="ClassDetails.java" Intrnl_Id="1"/>
</SrcFileList>
<CritList>
<CritListEntry Name="org.codecover.model.utils.criteria.BranchCoverage" PluginName="org.codecover"/>
<CritListEntry Name="org.codecover.model.utils.criteria.StatementCoverage" PluginName="org.codecover"/>
</CritList>
<BoolOpList/>
<HierarchyLvlTypeList>
<HierarchyLvlType EnglishName="package" IntrnlName="package" Intrnl_Id="2"/>
<HierarchyLvlType EnglishName="method" IntrnlName="method" Intrnl_Id="3"/>
<HierarchyLvlType EnglishName="class" IntrnlName="class" Intrnl_Id="4"/>
<HierarchyLvlType EnglishName="default package" IntrnlName="default package" Intrnl_Id="5"/>
</HierarchyLvlTypeList>
<MASTRoot>
<HierarchyLvl HierarchyLvlId="362" HierarchyLvlTypeId="5" Intrnl_Id="6" Name="default package">
<Header/>
<LocList/>
<HierarchyLvl HierarchyLvlId="361" HierarchyLvlTypeId="2" Intrnl_Id="7" Name="TestUnit">
<Header/>
<LocList/>
<HierarchyLvl HierarchyLvlId="360" HierarchyLvlTypeId="4" Intrnl_Id="8" Name="ClassDetails">
<Header>
<Loc EndOffset="256" SrcFileId="1" StartOffset="231"/>
</Header>
<LocList>
<Loc EndOffset="4902" SrcFileId="1" StartOffset="231"/>
</LocList>
<HierarchyLvl HierarchyLvlId="344" HierarchyLvlTypeId="3" Intrnl_Id="9" Name="ClassDetails">
<Header>
<Loc EndOffset="510" SrcFileId="1" StartOffset="489"/>
</Header>
<LocList>
<Loc EndOffset="521" SrcFileId="1" StartOffset="489"/>
</LocList>
</HierarchyLvl>
<HierarchyLvl HierarchyLvlId="345" HierarchyLvlTypeId="3" Intrnl_Id="10" Name="getTerm">
<Header>
<Loc EndOffset="552" SrcFileId="1" StartOffset="529"/>
</Header>
<LocList>
<Loc EndOffset="580" SrcFileId="1" StartOffset="529"/>
</LocList>
<StmntSeq Intrnl_Id="11">
<LocList>
<Loc EndOffset="573" SrcFileId="1" StartOffset="561"/>
</LocList>
<BasicStmnt CovItemId="S1" CovItemPrefix="TestUnit.ClassDetails.java" Intrnl_Id="12">
<LocList>
<Loc EndOffset="573" SrcFileId="1" StartOffset="561"/>
</LocList>
</BasicStmnt>
</StmntSeq>
</HierarchyLvl>
<HierarchyLvl HierarchyLvlId="346" HierarchyLvlTypeId="3" Intrnl_Id="13" Name="setTerm">
<Header>
<Loc EndOffset="624" SrcFileId="1" StartOffset="592"/>
</Header>
<LocList>
<Loc EndOffset="660" SrcFileId="1" StartOffset="592"/>
</LocList>
<StmntSeq Intrnl_Id="14">
<LocList>
<Loc EndOffset="653" SrcFileId="1" StartOffset="636"/>
</LocList>
<BasicStmnt CovItemId="S2" CovItemPrefix="TestUnit.ClassDetails.java" Intrnl_Id="15">
<LocList>
<Loc EndOffset="653" SrcFileId="1" StartOffset="636"/>
</LocList>
</BasicStmnt>
</StmntSeq>
</HierarchyLvl>
<HierarchyLvl HierarchyLvlId="347" HierarchyLvlTypeId="3" Intrnl_Id="16" Name="setCampus">
<Header>
<Loc EndOffset="708" SrcFileId="1" StartOffset="672"/>
</Header>
<LocList>
<Loc EndOffset="748" SrcFileId="1" StartOffset="672"/>
</LocList>
<StmntSeq Intrnl_Id="17">
<LocList>
<Loc EndOffset="741" SrcFileId="1" StartOffset="720"/>
</LocList>
<BasicStmnt CovItemId="S3" CovItemPrefix="TestUnit.ClassDetails.java" Intrnl_Id="18">
<LocList>
<Loc EndOffset="741" SrcFileId="1" StartOffset="720"/>
</LocList>
</BasicStmnt>
</StmntSeq>
</HierarchyLvl>
<HierarchyLvl HierarchyLvlId="348" HierarchyLvlTypeId="3" Intrnl_Id="19" Name="getCampus">
<Header>
<Loc EndOffset="781" SrcFileId="1" StartOffset="756"/>
</Header>
<LocList>
<Loc EndOffset="811" SrcFileId="1" StartOffset="756"/>
</LocList>
<StmntSeq Intrnl_Id="20">
<LocList>
<Loc EndOffset="804" SrcFileId="1" StartOffset="790"/>
</LocList>
<BasicStmnt CovItemId="S4" CovItemPrefix="TestUnit.ClassDetails.java" Intrnl_Id="21">
<LocList>
<Loc EndOffset="804" SrcFileId="1" StartOffset="790"/>
</LocList>
</BasicStmnt>
</StmntSeq>
</HierarchyLvl>
<HierarchyLvl HierarchyLvlId="349" HierarchyLvlTypeId="3" Intrnl_Id="22" Name="ClassDetails">
<Header>
<Loc EndOffset="868" SrcFileId="1" StartOffset="817"/>
</Header>
<LocList>
<Loc EndOffset="943" SrcFileId="1" StartOffset="817"/>
</LocList>
<StmntSeq Intrnl_Id="23">
<LocList>
<Loc EndOffset="901" SrcFileId="1" StartOffset="880"/>
<Loc EndOffset="936" SrcFileId="1" StartOffset="911"/>
</LocList>
<BasicStmnt CovItemId="S5" CovItemPrefix="TestUnit.ClassDetails.java" Intrnl_Id="24">
<LocList>
<Loc EndOffset="901" SrcFileId="1" StartOffset="880"/>
</LocList>
</BasicStmnt>
<BasicStmnt CovItemId="S6" CovItemPrefix="TestUnit.ClassDetails.java" Intrnl_Id="25">
<LocList>
<Loc EndOffset="936" SrcFileId="1" StartOffset="911"/>
</LocList>
</BasicStmnt>
</StmntSeq>
</HierarchyLvl>
<HierarchyLvl HierarchyLvlId="350" HierarchyLvlTypeId="3" Intrnl_Id="26" Name="getInstructor">
<Header>
<Loc EndOffset="983" SrcFileId="1" StartOffset="951"/>
</Header>
<LocList>
<Loc EndOffset="1014" SrcFileId="1" StartOffset="951"/>
</LocList>
<StmntSeq Intrnl_Id="27">
<LocList>
<Loc EndOffset="1007" SrcFileId="1" StartOffset="995"/>
</LocList>
<BasicStmnt CovItemId="S7" CovItemPrefix="TestUnit.ClassDetails.java" Intrnl_Id="28">
<LocList>
<Loc EndOffset="1007" SrcFileId="1" StartOffset="995"/>
</LocList>
</BasicStmnt>
</StmntSeq>
</HierarchyLvl>
<HierarchyLvl HierarchyLvlId="351" HierarchyLvlTypeId="3" Intrnl_Id="29" Name="hasConflict">
<Header>
<Loc EndOffset="1065" SrcFileId="1" StartOffset="1022"/>
</Header>
<LocList>
<Loc EndOffset="3619" SrcFileId="1" StartOffset="1022"/>
</LocList>
<StmntSeq Intrnl_Id="30">
<LocList>
<Loc EndOffset="1097" SrcFileId="1" StartOffset="1077"/>
<Loc EndOffset="1130" SrcFileId="1" StartOffset="1107"/>
<Loc EndOffset="1191" SrcFileId="1" StartOffset="1165"/>
<Loc EndOffset="1227" SrcFileId="1" StartOffset="1201"/>
<Loc EndOffset="1342" SrcFileId="1" StartOffset="1313"/>
<Loc EndOffset="1381" SrcFileId="1" StartOffset="1352"/>
<Loc EndOffset="1421" SrcFileId="1" StartOffset="1391"/>
<Loc EndOffset="1447" SrcFileId="1" StartOffset="1431"/>
<Loc EndOffset="1474" SrcFileId="1" StartOffset="1457"/>
<Loc EndOffset="1500" SrcFileId="1" StartOffset="1484"/>
<Loc EndOffset="1528" SrcFileId="1" StartOffset="1510"/>
<Loc EndOffset="1554" SrcFileId="1" StartOffset="1538"/>
<Loc EndOffset="1580" SrcFileId="1" StartOffset="1564"/>
<Loc EndOffset="1606" SrcFileId="1" StartOffset="1590"/>
<Loc EndOffset="1822" SrcFileId="1" StartOffset="1618"/>
<Loc EndOffset="2038" SrcFileId="1" StartOffset="1834"/>
<Loc EndOffset="2085" SrcFileId="1" StartOffset="2048"/>
<Loc EndOffset="2132" SrcFileId="1" StartOffset="2095"/>
<Loc EndOffset="3587" SrcFileId="1" StartOffset="2142"/>
<Loc EndOffset="3612" SrcFileId="1" StartOffset="3599"/>
</LocList>
<BasicStmnt CovItemId="S8" CovItemPrefix="TestUnit.ClassDetails.java" Intrnl_Id="31">
<LocList>
<Loc EndOffset="1097" SrcFileId="1" StartOffset="1077"/>
</LocList>
</BasicStmnt>
<BasicStmnt CovItemId="S9" CovItemPrefix="TestUnit.ClassDetails.java" Intrnl_Id="32">
<LocList>
<Loc EndOffset="1130" SrcFileId="1" StartOffset="1107"/>
</LocList>
</BasicStmnt>
<BasicStmnt CovItemId="S10" CovItemPrefix="TestUnit.ClassDetails.java" Intrnl_Id="33">
<LocList>
<Loc EndOffset="1191" SrcFileId="1" StartOffset="1165"/>
</LocList>
</BasicStmnt>
<BasicStmnt CovItemId="S11" CovItemPrefix="TestUnit.ClassDetails.java" Intrnl_Id="34">
<LocList>
<Loc EndOffset="1227" SrcFileId="1" StartOffset="1201"/>
</LocList>
</BasicStmnt>
<BasicStmnt CovItemId="S12" CovItemPrefix="TestUnit.ClassDetails.java" Intrnl_Id="35">
<LocList>
<Loc EndOffset="1342" SrcFileId="1" StartOffset="1313"/>
</LocList>
</BasicStmnt>
<BasicStmnt CovItemId="S13" CovItemPrefix="TestUnit.ClassDetails.java" Intrnl_Id="36">
<LocList>
<Loc EndOffset="1381" SrcFileId="1" StartOffset="1352"/>
</LocList>
</BasicStmnt>
<BasicStmnt CovItemId="S14" CovItemPrefix="TestUnit.ClassDetails.java" Intrnl_Id="37">
<LocList>
<Loc EndOffset="1421" SrcFileId="1" StartOffset="1391"/>
</LocList>
</BasicStmnt>
<BasicStmnt CovItemId="S15" CovItemPrefix="TestUnit.ClassDetails.java" Intrnl_Id="38">
<LocList>
<Loc EndOffset="1447" SrcFileId="1" StartOffset="1431"/>
</LocList>
</BasicStmnt>
<BasicStmnt CovItemId="S16" CovItemPrefix="TestUnit.ClassDetails.java" Intrnl_Id="39">
<LocList>
<Loc EndOffset="1474" SrcFileId="1" StartOffset="1457"/>
</LocList>
</BasicStmnt>
<BasicStmnt CovItemId="S17" CovItemPrefix="TestUnit.ClassDetails.java" Intrnl_Id="40">
<LocList>
<Loc EndOffset="1500" SrcFileId="1" StartOffset="1484"/>
</LocList>
</BasicStmnt>
<BasicStmnt CovItemId="S18" CovItemPrefix="TestUnit.ClassDetails.java" Intrnl_Id="41">
<LocList>
<Loc EndOffset="1528" SrcFileId="1" StartOffset="1510"/>
</LocList>
</BasicStmnt>
<BasicStmnt CovItemId="S19" CovItemPrefix="TestUnit.ClassDetails.java" Intrnl_Id="42">
<LocList>
<Loc EndOffset="1554" SrcFileId="1" StartOffset="1538"/>
</LocList>
</BasicStmnt>
<BasicStmnt CovItemId="S20" CovItemPrefix="TestUnit.ClassDetails.java" Intrnl_Id="43">
<LocList>
<Loc EndOffset="1580" SrcFileId="1" StartOffset="1564"/>
</LocList>
</BasicStmnt>
<BasicStmnt CovItemId="S21" CovItemPrefix="TestUnit.ClassDetails.java" Intrnl_Id="44">
<LocList>
<Loc EndOffset="1606" SrcFileId="1" StartOffset="1590"/>
</LocList>
</BasicStmnt>
<LoopStmnt CovItemId="S22" CovItemPrefix="TestUnit.ClassDetails.java" Intrnl_Id="45" MltplExecId="L1-2" MltplExecPrefix="TestUnit.ClassDetails.java" NvrExecId="L1-0" NvrExecPrefix="TestUnit.ClassDetails.java" OnceExecutedId="L1-1" OnceExecutedPrefix="TestUnit.ClassDetails.java" OptBodyExec="true">
<StmntSeq Intrnl_Id="46">
<LocList>
<Loc EndOffset="1811" SrcFileId="1" StartOffset="1670"/>
</LocList>
<CondStmnt CovItemId="S23" CovItemPrefix="TestUnit.ClassDetails.java" Intrnl_Id="47">
<Branch CovItemId="B1" CovItemPrefix="TestUnit.ClassDetails.java" Implct="false" Intrnl_Id="48">
<Cond/>
<LocList>
<Loc EndOffset="1811" SrcFileId="1" StartOffset="1714"/>
</LocList>
<StmntSeq Intrnl_Id="49">
<LocList>
<Loc EndOffset="1766" SrcFileId="1" StartOffset="1733"/>
<Loc EndOffset="1796" SrcFileId="1" StartOffset="1784"/>
</LocList>
<BasicStmnt CovItemId="S24" CovItemPrefix="TestUnit.ClassDetails.java" Intrnl_Id="50">
<LocList>
<Loc EndOffset="1766" SrcFileId="1" StartOffset="1733"/>
</LocList>
</BasicStmnt>
<BasicStmnt CovItemId="S25" CovItemPrefix="TestUnit.ClassDetails.java" Intrnl_Id="51">
<LocList>
<Loc EndOffset="1796" SrcFileId="1" StartOffset="1784"/>
</LocList>
</BasicStmnt>
</StmntSeq>
</Branch>
<Branch CovItemId="B2" CovItemPrefix="TestUnit.ClassDetails.java" Implct="true" Intrnl_Id="52">
<Cond/>
<LocList/>
<StmntSeq Intrnl_Id="53">
<LocList/>
</StmntSeq>
</Branch>
<Keyword EndOffset="1672" SrcFileId="1" StartOffset="1670"/>
<LocList>
<Loc EndOffset="1811" SrcFileId="1" StartOffset="1670"/>
</LocList>
</CondStmnt>
</StmntSeq>
<Keyword EndOffset="1621" SrcFileId="1" StartOffset="1618"/>
<LocList>
<Loc EndOffset="1822" SrcFileId="1" StartOffset="1618"/>
</LocList>
</LoopStmnt>
<LoopStmnt CovItemId="S26" CovItemPrefix="TestUnit.ClassDetails.java" Intrnl_Id="54" MltplExecId="L2-2" MltplExecPrefix="TestUnit.ClassDetails.java" NvrExecId="L2-0" NvrExecPrefix="TestUnit.ClassDetails.java" OnceExecutedId="L2-1" OnceExecutedPrefix="TestUnit.ClassDetails.java" OptBodyExec="true">
<StmntSeq Intrnl_Id="55">
<LocList>
<Loc EndOffset="2027" SrcFileId="1" StartOffset="1886"/>
</LocList>
<CondStmnt CovItemId="S27" CovItemPrefix="TestUnit.ClassDetails.java" Intrnl_Id="56">
<Branch CovItemId="B3" CovItemPrefix="TestUnit.ClassDetails.java" Implct="false" Intrnl_Id="57">
<Cond/>
<LocList>
<Loc EndOffset="2027" SrcFileId="1" StartOffset="1930"/>
</LocList>
<StmntSeq Intrnl_Id="58">
<LocList>
<Loc EndOffset="1982" SrcFileId="1" StartOffset="1949"/>
<Loc EndOffset="2012" SrcFileId="1" StartOffset="2000"/>
</LocList>
<BasicStmnt CovItemId="S28" CovItemPrefix="TestUnit.ClassDetails.java" Intrnl_Id="59">
<LocList>
<Loc EndOffset="1982" SrcFileId="1" StartOffset="1949"/>
</LocList>
</BasicStmnt>
<BasicStmnt CovItemId="S29" CovItemPrefix="TestUnit.ClassDetails.java" Intrnl_Id="60">
<LocList>
<Loc EndOffset="2012" SrcFileId="1" StartOffset="2000"/>
</LocList>
</BasicStmnt>
</StmntSeq>
</Branch>
<Branch CovItemId="B4" CovItemPrefix="TestUnit.ClassDetails.java" Implct="true" Intrnl_Id="61">
<Cond/>
<LocList/>
<StmntSeq Intrnl_Id="62">
<LocList/>
</StmntSeq>
</Branch>
<Keyword EndOffset="1888" SrcFileId="1" StartOffset="1886"/>
<LocList>
<Loc EndOffset="2027" SrcFileId="1" StartOffset="1886"/>
</LocList>
</CondStmnt>
</StmntSeq>
<Keyword EndOffset="1837" SrcFileId="1" StartOffset="1834"/>
<LocList>
<Loc EndOffset="2038" SrcFileId="1" StartOffset="1834"/>
</LocList>
</LoopStmnt>
<BasicStmnt CovItemId="S30" CovItemPrefix="TestUnit.ClassDetails.java" Intrnl_Id="63">
<LocList>
<Loc EndOffset="2085" SrcFileId="1" StartOffset="2048"/>
</LocList>
</BasicStmnt>
<BasicStmnt CovItemId="S31" CovItemPrefix="TestUnit.ClassDetails.java" Intrnl_Id="64">
<LocList>
<Loc EndOffset="2132" SrcFileId="1" StartOffset="2095"/>
</LocList>
</BasicStmnt>
<LoopStmnt CovItemId="S32" CovItemPrefix="TestUnit.ClassDetails.java" Intrnl_Id="65" MltplExecId="L3-2" MltplExecPrefix="TestUnit.ClassDetails.java" NvrExecId="L3-0" NvrExecPrefix="TestUnit.ClassDetails.java" OnceExecutedId="L3-1" OnceExecutedPrefix="TestUnit.ClassDetails.java" OptBodyExec="true">
<StmntSeq Intrnl_Id="66">
<LocList>
<Loc EndOffset="2211" SrcFileId="1" StartOffset="2188"/>
<Loc EndOffset="3576" SrcFileId="1" StartOffset="2225"/>
</LocList>
<BasicStmnt CovItemId="S33" CovItemPrefix="TestUnit.ClassDetails.java" Intrnl_Id="67">
<LocList>
<Loc EndOffset="2211" SrcFileId="1" StartOffset="2188"/>
</LocList>
</BasicStmnt>
<LoopStmnt CovItemId="S34" CovItemPrefix="TestUnit.ClassDetails.java" Intrnl_Id="68" MltplExecId="L4-2" MltplExecPrefix="TestUnit.ClassDetails.java" NvrExecId="L4-0" NvrExecPrefix="TestUnit.ClassDetails.java" OnceExecutedId="L4-1" OnceExecutedPrefix="TestUnit.ClassDetails.java" OptBodyExec="true">
<StmntSeq Intrnl_Id="69">
<LocList>
<Loc EndOffset="2302" SrcFileId="1" StartOffset="2279"/>
<Loc EndOffset="3561" SrcFileId="1" StartOffset="2322"/>
</LocList>
<BasicStmnt CovItemId="S35" CovItemPrefix="TestUnit.ClassDetails.java" Intrnl_Id="70">
<LocList>
<Loc EndOffset="2302" SrcFileId="1" StartOffset="2279"/>
</LocList>
</BasicStmnt>
<CondStmnt CovItemId="S36" CovItemPrefix="TestUnit.ClassDetails.java" Intrnl_Id="71">
<Branch CovItemId="B5" CovItemPrefix="TestUnit.ClassDetails.java" Implct="false" Intrnl_Id="72">
<Cond/>
<LocList>
<Loc EndOffset="3561" SrcFileId="1" StartOffset="2358"/>
</LocList>
<StmntSeq Intrnl_Id="73">
<LocList>
<Loc EndOffset="3542" SrcFileId="1" StartOffset="2437"/>
</LocList>
<CondStmnt CovItemId="S37" CovItemPrefix="TestUnit.ClassDetails.java" Intrnl_Id="74">
<Branch CovItemId="B7" CovItemPrefix="TestUnit.ClassDetails.java" Implct="false" Intrnl_Id="75">
<Cond/>
<LocList>
<Loc EndOffset="2597" SrcFileId="1" StartOffset="2482"/>
</LocList>
<StmntSeq Intrnl_Id="76">
<LocList>
<Loc EndOffset="2574" SrcFileId="1" StartOffset="2509"/>
</LocList>
<CondStmnt CovItemId="S38" CovItemPrefix="TestUnit.ClassDetails.java" Intrnl_Id="77">
<Branch CovItemId="B9" CovItemPrefix="TestUnit.ClassDetails.java" Implct="false" Intrnl_Id="78">
<Cond/>
<LocList>
<Loc EndOffset="2574" SrcFileId="1" StartOffset="2562"/>
</LocList>
<StmntSeq Intrnl_Id="79">
<LocList>
<Loc EndOffset="2574" SrcFileId="1" StartOffset="2562"/>
</LocList>
<BasicStmnt CovItemId="S39" CovItemPrefix="TestUnit.ClassDetails.java" Intrnl_Id="80">
<LocList>
<Loc EndOffset="2574" SrcFileId="1" StartOffset="2562"/>
</LocList>
</BasicStmnt>
</StmntSeq>
</Branch>
<Branch CovItemId="B10" CovItemPrefix="TestUnit.ClassDetails.java" Implct="true" Intrnl_Id="81">
<Cond/>
<LocList/>
<StmntSeq Intrnl_Id="82">
<LocList/>
</StmntSeq>
</Branch>
<Keyword EndOffset="2511" SrcFileId="1" StartOffset="2509"/>
<LocList>
<Loc EndOffset="2574" SrcFileId="1" StartOffset="2509"/>
</LocList>
</CondStmnt>
</StmntSeq>
</Branch>
<Branch CovItemId="B8" CovItemPrefix="TestUnit.ClassDetails.java" Implct="false" Intrnl_Id="83">
<Cond>
<Loc EndOffset="2667" SrcFileId="1" StartOffset="2663"/>
</Cond>
<LocList>
<Loc EndOffset="3542" SrcFileId="1" StartOffset="2668"/>
</LocList>
<StmntSeq Intrnl_Id="84">
<LocList>
<Loc EndOffset="3542" SrcFileId="1" StartOffset="2668"/>
</LocList>
<CondStmnt CovItemId="S40" CovItemPrefix="TestUnit.ClassDetails.java" Intrnl_Id="85">
<Branch CovItemId="B11" CovItemPrefix="TestUnit.ClassDetails.java" Implct="false" Intrnl_Id="86">
<Cond/>
<LocList>
<Loc EndOffset="3033" SrcFileId="1" StartOffset="2712"/>
</LocList>
<StmntSeq Intrnl_Id="87">
<LocList>
<Loc EndOffset="3010" SrcFileId="1" StartOffset="2739"/>
</LocList>
<CondStmnt CovItemId="S41" CovItemPrefix="TestUnit.ClassDetails.java" Intrnl_Id="88">
<Branch CovItemId="B13" CovItemPrefix="TestUnit.ClassDetails.java" Implct="false" Intrnl_Id="89">
<Cond/>
<LocList>
<Loc EndOffset="2915" SrcFileId="1" StartOffset="2788"/>
</LocList>
<StmntSeq Intrnl_Id="90">
<LocList>
<Loc EndOffset="2888" SrcFileId="1" StartOffset="2819"/>
</LocList>
<CondStmnt CovItemId="S42" CovItemPrefix="TestUnit.ClassDetails.java" Intrnl_Id="91">
<Branch CovItemId="B15" CovItemPrefix="TestUnit.ClassDetails.java" Implct="false" Intrnl_Id="92">
<Cond/>
<LocList>
<Loc EndOffset="2888" SrcFileId="1" StartOffset="2876"/>
</LocList>
<StmntSeq Intrnl_Id="93">
<LocList>
<Loc EndOffset="2888" SrcFileId="1" StartOffset="2876"/>
</LocList>
<BasicStmnt CovItemId="S43" CovItemPrefix="TestUnit.ClassDetails.java" Intrnl_Id="94">
<LocList>
<Loc EndOffset="2888" SrcFileId="1" StartOffset="2876"/>
</LocList>
</BasicStmnt>
</StmntSeq>
</Branch>
<Branch CovItemId="B16" CovItemPrefix="TestUnit.ClassDetails.java" Implct="true" Intrnl_Id="95">
<Cond/>
<LocList/>
<StmntSeq Intrnl_Id="96">
<LocList/>
</StmntSeq>
</Branch>
<Keyword EndOffset="2821" SrcFileId="1" StartOffset="2819"/>
<LocList>
<Loc EndOffset="2888" SrcFileId="1" StartOffset="2819"/>
</LocList>
</CondStmnt>
</StmntSeq>
</Branch>
<Branch CovItemId="B14" CovItemPrefix="TestUnit.ClassDetails.java" Implct="false" Intrnl_Id="97">
<Cond>
<Loc EndOffset="2945" SrcFileId="1" StartOffset="2941"/>
</Cond>
<LocList>
<Loc EndOffset="3010" SrcFileId="1" StartOffset="2946"/>
</LocList>
<StmntSeq Intrnl_Id="98">
<LocList>
<Loc EndOffset="3010" SrcFileId="1" StartOffset="2946"/>
</LocList>
<CondStmnt CovItemId="S44" CovItemPrefix="TestUnit.ClassDetails.java" Intrnl_Id="99">
<Branch CovItemId="B17" CovItemPrefix="TestUnit.ClassDetails.java" Implct="false" Intrnl_Id="100">
<Cond/>
<LocList>
<Loc EndOffset="3010" SrcFileId="1" StartOffset="2998"/>
</LocList>
<StmntSeq Intrnl_Id="101">
<LocList>
<Loc EndOffset="3010" SrcFileId="1" StartOffset="2998"/>
</LocList>
<BasicStmnt CovItemId="S45" CovItemPrefix="TestUnit.ClassDetails.java" Intrnl_Id="102">
<LocList>
<Loc EndOffset="3010" SrcFileId="1" StartOffset="2998"/>
</LocList>
</BasicStmnt>
</StmntSeq>
</Branch>
<Branch CovItemId="B18" CovItemPrefix="TestUnit.ClassDetails.java" Implct="true" Intrnl_Id="103">
<Cond/>
<LocList/>
<StmntSeq Intrnl_Id="104">
<LocList/>
</StmntSeq>
</Branch>
<Keyword EndOffset="2948" SrcFileId="1" StartOffset="2946"/>
<LocList>
<Loc EndOffset="3010" SrcFileId="1" StartOffset="2946"/>
</LocList>
</CondStmnt>
</StmntSeq>
</Branch>
<Keyword EndOffset="2741" SrcFileId="1" StartOffset="2739"/>
<LocList>
<Loc EndOffset="3010" SrcFileId="1" StartOffset="2739"/>
</LocList>
</CondStmnt>
</StmntSeq>
</Branch>
<Branch CovItemId="B12" CovItemPrefix="TestUnit.ClassDetails.java" Implct="false" Intrnl_Id="105">
<Cond>
<Loc EndOffset="3105" SrcFileId="1" StartOffset="3101"/>
</Cond>
<LocList>
<Loc EndOffset="3542" SrcFileId="1" StartOffset="3106"/>
</LocList>
<StmntSeq Intrnl_Id="106">
<LocList>
<Loc EndOffset="3542" SrcFileId="1" StartOffset="3106"/>
</LocList>
<CondStmnt CovItemId="S46" CovItemPrefix="TestUnit.ClassDetails.java" Intrnl_Id="107">
<Branch CovItemId="B19" CovItemPrefix="TestUnit.ClassDetails.java" Implct="false" Intrnl_Id="108">
<Cond/>
<LocList>
<Loc EndOffset="3542" SrcFileId="1" StartOffset="3150"/>
</LocList>
<StmntSeq Intrnl_Id="109">
<LocList>
<Loc EndOffset="3222" SrcFileId="1" StartOffset="3174"/>
<Loc EndOffset="3519" SrcFileId="1" StartOffset="3248"/>
</LocList>
<BasicStmnt CovItemId="S47" CovItemPrefix="TestUnit.ClassDetails.java" Intrnl_Id="110">
<LocList>
<Loc EndOffset="3222" SrcFileId="1" StartOffset="3174"/>
</LocList>
</BasicStmnt>
<CondStmnt CovItemId="S48" CovItemPrefix="TestUnit.ClassDetails.java" Intrnl_Id="111">
<Branch CovItemId="B21" CovItemPrefix="TestUnit.ClassDetails.java" Implct="false" Intrnl_Id="112">
<Cond/>
<LocList>
<Loc EndOffset="3424" SrcFileId="1" StartOffset="3297"/>
</LocList>
<StmntSeq Intrnl_Id="113">
<LocList>
<Loc EndOffset="3397" SrcFileId="1" StartOffset="3328"/>
</LocList>
<CondStmnt CovItemId="S49" CovItemPrefix="TestUnit.ClassDetails.java" Intrnl_Id="114">
<Branch CovItemId="B23" CovItemPrefix="TestUnit.ClassDetails.java" Implct="false" Intrnl_Id="115">
<Cond/>
<LocList>
<Loc EndOffset="3397" SrcFileId="1" StartOffset="3385"/>
</LocList>
<StmntSeq Intrnl_Id="116">
<LocList>
<Loc EndOffset="3397" SrcFileId="1" StartOffset="3385"/>
</LocList>
<BasicStmnt CovItemId="S50" CovItemPrefix="TestUnit.ClassDetails.java" Intrnl_Id="117">
<LocList>
<Loc EndOffset="3397" SrcFileId="1" StartOffset="3385"/>
</LocList>
</BasicStmnt>
</StmntSeq>
</Branch>
<Branch CovItemId="B24" CovItemPrefix="TestUnit.ClassDetails.java" Implct="true" Intrnl_Id="118">
<Cond/>
<LocList/>
<StmntSeq Intrnl_Id="119">
<LocList/>
</StmntSeq>
</Branch>
<Keyword EndOffset="3330" SrcFileId="1" StartOffset="3328"/>
<LocList>
<Loc EndOffset="3397" SrcFileId="1" StartOffset="3328"/>
</LocList>
</CondStmnt>
</StmntSeq>
</Branch>
<Branch CovItemId="B22" CovItemPrefix="TestUnit.ClassDetails.java" Implct="false" Intrnl_Id="120">
<Cond>
<Loc EndOffset="3454" SrcFileId="1" StartOffset="3450"/>
</Cond>
<LocList>
<Loc EndOffset="3519" SrcFileId="1" StartOffset="3455"/>
</LocList>
<StmntSeq Intrnl_Id="121">
<LocList>
<Loc EndOffset="3519" SrcFileId="1" StartOffset="3455"/>
</LocList>
<CondStmnt CovItemId="S51" CovItemPrefix="TestUnit.ClassDetails.java" Intrnl_Id="122">
<Branch CovItemId="B25" CovItemPrefix="TestUnit.ClassDetails.java" Implct="false" Intrnl_Id="123">
<Cond/>
<LocList>
<Loc EndOffset="3519" SrcFileId="1" StartOffset="3507"/>
</LocList>
<StmntSeq Intrnl_Id="124">
<LocList>
<Loc EndOffset="3519" SrcFileId="1" StartOffset="3507"/>
</LocList>
<BasicStmnt CovItemId="S52" CovItemPrefix="TestUnit.ClassDetails.java" Intrnl_Id="125">
<LocList>
<Loc EndOffset="3519" SrcFileId="1" StartOffset="3507"/>
</LocList>
</BasicStmnt>
</StmntSeq>
</Branch>
<Branch CovItemId="B26" CovItemPrefix="TestUnit.ClassDetails.java" Implct="true" Intrnl_Id="126">
<Cond/>
<LocList/>
<StmntSeq Intrnl_Id="127">
<LocList/>
</StmntSeq>
</Branch>
<Keyword EndOffset="3457" SrcFileId="1" StartOffset="3455"/>
<LocList>
<Loc EndOffset="3519" SrcFileId="1" StartOffset="3455"/>
</LocList>
</CondStmnt>
</StmntSeq>
</Branch>
<Keyword EndOffset="3250" SrcFileId="1" StartOffset="3248"/>
<LocList>
<Loc EndOffset="3519" SrcFileId="1" StartOffset="3248"/>
</LocList>
</CondStmnt>
</StmntSeq>
</Branch>
<Branch CovItemId="B20" CovItemPrefix="TestUnit.ClassDetails.java" Implct="true" Intrnl_Id="128">
<Cond/>
<LocList/>
<StmntSeq Intrnl_Id="129">
<LocList/>
</StmntSeq>
</Branch>
<Keyword EndOffset="3108" SrcFileId="1" StartOffset="3106"/>
<LocList>
<Loc EndOffset="3542" SrcFileId="1" StartOffset="3106"/>
</LocList>
</CondStmnt>
</StmntSeq>
</Branch>
<Keyword EndOffset="2670" SrcFileId="1" StartOffset="2668"/>
<LocList>
<Loc EndOffset="3542" SrcFileId="1" StartOffset="2668"/>
</LocList>
</CondStmnt>
</StmntSeq>
</Branch>
<Keyword EndOffset="2439" SrcFileId="1" StartOffset="2437"/>
<LocList>
<Loc EndOffset="3542" SrcFileId="1" StartOffset="2437"/>
</LocList>
</CondStmnt>
</StmntSeq>
</Branch>
<Branch CovItemId="B6" CovItemPrefix="TestUnit.ClassDetails.java" Implct="true" Intrnl_Id="130">
<Cond/>
<LocList/>
<StmntSeq Intrnl_Id="131">
<LocList/>
</StmntSeq>
</Branch>
<Keyword EndOffset="2324" SrcFileId="1" StartOffset="2322"/>
<LocList>
<Loc EndOffset="3561" SrcFileId="1" StartOffset="2322"/>
</LocList>
</CondStmnt>
</StmntSeq>
<Keyword EndOffset="2230" SrcFileId="1" StartOffset="2225"/>
<LocList>
<Loc EndOffset="3576" SrcFileId="1" StartOffset="2225"/>
</LocList>
</LoopStmnt>
</StmntSeq>
<Keyword EndOffset="2147" SrcFileId="1" StartOffset="2142"/>
<LocList>
<Loc EndOffset="3587" SrcFileId="1" StartOffset="2142"/>
</LocList>
</LoopStmnt>
<BasicStmnt CovItemId="S53" CovItemPrefix="TestUnit.ClassDetails.java" Intrnl_Id="132">
<LocList>
<Loc EndOffset="3612" SrcFileId="1" StartOffset="3599"/>
</LocList>
</BasicStmnt>
</StmntSeq>
</HierarchyLvl>
<HierarchyLvl HierarchyLvlId="352" HierarchyLvlTypeId="3" Intrnl_Id="133" Name="getTime">
<Header>
<Loc EndOffset="3648" SrcFileId="1" StartOffset="3627"/>
</Header>
<LocList>
<Loc EndOffset="3679" SrcFileId="1" StartOffset="3627"/>
</LocList>
<StmntSeq Intrnl_Id="134">
<LocList>
<Loc EndOffset="3672" SrcFileId="1" StartOffset="3660"/>
</LocList>
<BasicStmnt CovItemId="S54" CovItemPrefix="TestUnit.ClassDetails.java" Intrnl_Id="135">
<LocList>
<Loc EndOffset="3672" SrcFileId="1" StartOffset="3660"/>
</LocList>
</BasicStmnt>
</StmntSeq>
</HierarchyLvl>
<HierarchyLvl HierarchyLvlId="353" HierarchyLvlTypeId="3" Intrnl_Id="136" Name="setTime">
<Header>
<Loc EndOffset="3714" SrcFileId="1" StartOffset="3687"/>
</Header>
<LocList>
<Loc EndOffset="3742" SrcFileId="1" StartOffset="3687"/>
</LocList>
<StmntSeq Intrnl_Id="137">
<LocList>
<Loc EndOffset="3735" SrcFileId="1" StartOffset="3726"/>
</LocList>
<BasicStmnt CovItemId="S55" CovItemPrefix="TestUnit.ClassDetails.java" Intrnl_Id="138">
<LocList>
<Loc EndOffset="3735" SrcFileId="1" StartOffset="3726"/>
</LocList>
</BasicStmnt>
</StmntSeq>
</HierarchyLvl>
<HierarchyLvl HierarchyLvlId="354" HierarchyLvlTypeId="3" Intrnl_Id="139" Name="isAtTime">
<Header>
<Loc EndOffset="3783" SrcFileId="1" StartOffset="3750"/>
</Header>
<LocList>
<Loc EndOffset="3921" SrcFileId="1" StartOffset="3750"/>
</LocList>
<StmntSeq Intrnl_Id="140">
<LocList>
<Loc EndOffset="3914" SrcFileId="1" StartOffset="3795"/>
</LocList>
<CondStmnt CovItemId="S56" CovItemPrefix="TestUnit.ClassDetails.java" Intrnl_Id="141">
<Branch CovItemId="B27" CovItemPrefix="TestUnit.ClassDetails.java" Implct="false" Intrnl_Id="142">
<Cond/>
<LocList>
<Loc EndOffset="3873" SrcFileId="1" StartOffset="3861"/>
</LocList>
<StmntSeq Intrnl_Id="143">
<LocList>
<Loc EndOffset="3873" SrcFileId="1" StartOffset="3861"/>
</LocList>
<BasicStmnt CovItemId="S57" CovItemPrefix="TestUnit.ClassDetails.java" Intrnl_Id="144">
<LocList>
<Loc EndOffset="3873" SrcFileId="1" StartOffset="3861"/>
</LocList>
</BasicStmnt>
</StmntSeq>
</Branch>
<Branch CovItemId="B28" CovItemPrefix="TestUnit.ClassDetails.java" Implct="false" Intrnl_Id="145">
<Cond>
<Loc EndOffset="3887" SrcFileId="1" StartOffset="3883"/>
</Cond>
<LocList>
<Loc EndOffset="3914" SrcFileId="1" StartOffset="3901"/>
</LocList>
<StmntSeq Intrnl_Id="146">
<LocList>
<Loc EndOffset="3914" SrcFileId="1" StartOffset="3901"/>
</LocList>
<BasicStmnt CovItemId="S58" CovItemPrefix="TestUnit.ClassDetails.java" Intrnl_Id="147">
<LocList>
<Loc EndOffset="3914" SrcFileId="1" StartOffset="3901"/>
</LocList>
</BasicStmnt>
</StmntSeq>
</Branch>
<Keyword EndOffset="3797" SrcFileId="1" StartOffset="3795"/>
<LocList>
<Loc EndOffset="3914" SrcFileId="1" StartOffset="3795"/>
</LocList>
</CondStmnt>
</StmntSeq>
</HierarchyLvl>
<HierarchyLvl HierarchyLvlId="355" HierarchyLvlTypeId="3" Intrnl_Id="148" Name="isAtDay">
<Header>
<Loc EndOffset="3960" SrcFileId="1" StartOffset="3929"/>
</Header>
<LocList>
<Loc EndOffset="4098" SrcFileId="1" StartOffset="3929"/>
</LocList>
<StmntSeq Intrnl_Id="149">
<LocList>
<Loc EndOffset="4091" SrcFileId="1" StartOffset="3972"/>
</LocList>
<CondStmnt CovItemId="S59" CovItemPrefix="TestUnit.ClassDetails.java" Intrnl_Id="150">
<Branch CovItemId="B29" CovItemPrefix="TestUnit.ClassDetails.java" Implct="false" Intrnl_Id="151">
<Cond/>
<LocList>
<Loc EndOffset="4050" SrcFileId="1" StartOffset="4038"/>
</LocList>
<StmntSeq Intrnl_Id="152">
<LocList>
<Loc EndOffset="4050" SrcFileId="1" StartOffset="4038"/>
</LocList>
<BasicStmnt CovItemId="S60" CovItemPrefix="TestUnit.ClassDetails.java" Intrnl_Id="153">
<LocList>
<Loc EndOffset="4050" SrcFileId="1" StartOffset="4038"/>
</LocList>
</BasicStmnt>
</StmntSeq>
</Branch>
<Branch CovItemId="B30" CovItemPrefix="TestUnit.ClassDetails.java" Implct="false" Intrnl_Id="154">
<Cond>
<Loc EndOffset="4064" SrcFileId="1" StartOffset="4060"/>
</Cond>
<LocList>
<Loc EndOffset="4091" SrcFileId="1" StartOffset="4078"/>
</LocList>
<StmntSeq Intrnl_Id="155">
<LocList>
<Loc EndOffset="4091" SrcFileId="1" StartOffset="4078"/>
</LocList>
<BasicStmnt CovItemId="S61" CovItemPrefix="TestUnit.ClassDetails.java" Intrnl_Id="156">
<LocList>
<Loc EndOffset="4091" SrcFileId="1" StartOffset="4078"/>
</LocList>
</BasicStmnt>
</StmntSeq>
</Branch>
<Keyword EndOffset="3974" SrcFileId="1" StartOffset="3972"/>
<LocList>
<Loc EndOffset="4091" SrcFileId="1" StartOffset="3972"/>
</LocList>
</CondStmnt>
</StmntSeq>
</HierarchyLvl>
<HierarchyLvl HierarchyLvlId="356" HierarchyLvlTypeId="3" Intrnl_Id="157" Name="toString">
<Header>
<Loc EndOffset="4130" SrcFileId="1" StartOffset="4106"/>
</Header>
<LocList>
<Loc EndOffset="4665" SrcFileId="1" StartOffset="4106"/>
</LocList>
<StmntSeq Intrnl_Id="158">
<LocList>
<Loc EndOffset="4161" SrcFileId="1" StartOffset="4142"/>
<Loc EndOffset="4224" SrcFileId="1" StartOffset="4171"/>
<Loc EndOffset="4323" SrcFileId="1" StartOffset="4234"/>
<Loc EndOffset="4558" SrcFileId="1" StartOffset="4496"/>
<Loc EndOffset="4658" SrcFileId="1" StartOffset="4644"/>
</LocList>
<BasicStmnt CovItemId="S62" CovItemPrefix="TestUnit.ClassDetails.java" Intrnl_Id="159">
<LocList>
<Loc EndOffset="4161" SrcFileId="1" StartOffset="4142"/>
</LocList>
</BasicStmnt>
<BasicStmnt CovItemId="S63" CovItemPrefix="TestUnit.ClassDetails.java" Intrnl_Id="160">
<LocList>
<Loc EndOffset="4224" SrcFileId="1" StartOffset="4171"/>
</LocList>
</BasicStmnt>
<CondStmnt CovItemId="S64" CovItemPrefix="TestUnit.ClassDetails.java" Intrnl_Id="161">
<Branch CovItemId="B31" CovItemPrefix="TestUnit.ClassDetails.java" Implct="false" Intrnl_Id="162">
<Cond/>
<LocList>
<Loc EndOffset="4323" SrcFileId="1" StartOffset="4275"/>
</LocList>
<StmntSeq Intrnl_Id="163">
<LocList>
<Loc EndOffset="4323" SrcFileId="1" StartOffset="4275"/>
</LocList>
<BasicStmnt CovItemId="S65" CovItemPrefix="TestUnit.ClassDetails.java" Intrnl_Id="164">
<LocList>
<Loc EndOffset="4323" SrcFileId="1" StartOffset="4275"/>
</LocList>
</BasicStmnt>
</StmntSeq>
</Branch>
<Branch CovItemId="B32" CovItemPrefix="TestUnit.ClassDetails.java" Implct="true" Intrnl_Id="165">
<Cond/>
<LocList/>
<StmntSeq Intrnl_Id="166">
<LocList/>
</StmntSeq>
</Branch>
<Keyword EndOffset="4236" SrcFileId="1" StartOffset="4234"/>
<LocList>
<Loc EndOffset="4323" SrcFileId="1" StartOffset="4234"/>
</LocList>
</CondStmnt>
<CondStmnt CovItemId="S66" CovItemPrefix="TestUnit.ClassDetails.java" Intrnl_Id="167">
<Branch CovItemId="B33" CovItemPrefix="TestUnit.ClassDetails.java" Implct="false" Intrnl_Id="168">
<Cond/>
<LocList>
<Loc EndOffset="4558" SrcFileId="1" StartOffset="4529"/>
</LocList>
<StmntSeq Intrnl_Id="169">
<LocList>
<Loc EndOffset="4558" SrcFileId="1" StartOffset="4529"/>
</LocList>
<BasicStmnt CovItemId="S67" CovItemPrefix="TestUnit.ClassDetails.java" Intrnl_Id="170">
<LocList>
<Loc EndOffset="4558" SrcFileId="1" StartOffset="4529"/>
</LocList>
</BasicStmnt>
</StmntSeq>
</Branch>
<Branch CovItemId="B34" CovItemPrefix="TestUnit.ClassDetails.java" Implct="true" Intrnl_Id="171">
<Cond/>
<LocList/>
<StmntSeq Intrnl_Id="172">
<LocList/>
</StmntSeq>
</Branch>
<Keyword EndOffset="4498" SrcFileId="1" StartOffset="4496"/>
<LocList>
<Loc EndOffset="4558" SrcFileId="1" StartOffset="4496"/>
</LocList>
</CondStmnt>
<BasicStmnt CovItemId="S68" CovItemPrefix="TestUnit.ClassDetails.java" Intrnl_Id="173">
<LocList>
<Loc EndOffset="4658" SrcFileId="1" StartOffset="4644"/>
</LocList>
</BasicStmnt>
</StmntSeq>
</HierarchyLvl>
<HierarchyLvl HierarchyLvlId="357" HierarchyLvlTypeId="3" Intrnl_Id="174" Name="getDays">
<Header>
<Loc EndOffset="4696" SrcFileId="1" StartOffset="4673"/>
</Header>
<LocList>
<Loc EndOffset="4737" SrcFileId="1" StartOffset="4673"/>
</LocList>
<StmntSeq Intrnl_Id="175">
<LocList>
<Loc EndOffset="4730" SrcFileId="1" StartOffset="4708"/>
</LocList>
<BasicStmnt CovItemId="S69" CovItemPrefix="TestUnit.ClassDetails.java" Intrnl_Id="176">
<LocList>
<Loc EndOffset="4730" SrcFileId="1" StartOffset="4708"/>
</LocList>
</BasicStmnt>
</StmntSeq>
</HierarchyLvl>
<HierarchyLvl HierarchyLvlId="358" HierarchyLvlTypeId="3" Intrnl_Id="177" Name="setCourse">
<Header>
<Loc EndOffset="4778" SrcFileId="1" StartOffset="4747"/>
</Header>
<LocList>
<Loc EndOffset="4823" SrcFileId="1" StartOffset="4747"/>
</LocList>
<StmntSeq Intrnl_Id="178">
<LocList>
<Loc EndOffset="4809" SrcFileId="1" StartOffset="4793"/>
</LocList>
<BasicStmnt CovItemId="S70" CovItemPrefix="TestUnit.ClassDetails.java" Intrnl_Id="179">
<LocList>
<Loc EndOffset="4809" SrcFileId="1" StartOffset="4793"/>
</LocList>
</BasicStmnt>
</StmntSeq>
</HierarchyLvl>
<HierarchyLvl HierarchyLvlId="359" HierarchyLvlTypeId="3" Intrnl_Id="180" Name="getCourse">
<Header>
<Loc EndOffset="4857" SrcFileId="1" StartOffset="4832"/>
</Header>
<LocList>
<Loc EndOffset="4899" SrcFileId="1" StartOffset="4832"/>
</LocList>
<StmntSeq Intrnl_Id="181">
<LocList>
<Loc EndOffset="4891" SrcFileId="1" StartOffset="4866"/>
</LocList>
<BasicStmnt CovItemId="S71" CovItemPrefix="TestUnit.ClassDetails.java" Intrnl_Id="182">
<LocList>
<Loc EndOffset="4891" SrcFileId="1" StartOffset="4866"/>
</LocList>
</BasicStmnt>
</StmntSeq>
</HierarchyLvl>
</HierarchyLvl>
</HierarchyLvl>
</HierarchyLvl>
</MASTRoot>
<TestSession Comment="" Date="1500942225231" Name="Jul 24, 2017 8:23:45 PM">
<TestCase Comment="" Date="1500942224565" Name="TestUnit.ClassDetailsTests:testSetCampus1">
<CovList>
<CovPrefix CovItemPrefix="TestUnit.ClassDetails.java">
<Cov CovItemId="S3" Value="1"/>
<Cov CovItemId="S4" Value="1"/>
<Cov CovItemId="S5" Value="1"/>
<Cov CovItemId="S55" Value="8"/>
<Cov CovItemId="S6" Value="1"/>
</CovPrefix>
</CovList>
<AssgnmntList/>
<ObjMetaDataList/>
<MetaDataList/>
</TestCase>
<TestCase Comment="" Date="1500942224581" Name="TestUnit.ClassDetailsTests:testSetCampus2">
<CovList>
<CovPrefix CovItemPrefix="TestUnit.ClassDetails.java">
<Cov CovItemId="S3" Value="1"/>
<Cov CovItemId="S4" Value="1"/>
<Cov CovItemId="S5" Value="1"/>
<Cov CovItemId="S55" Value="8"/>
<Cov CovItemId="S6" Value="1"/>
</CovPrefix>
</CovList>
<AssgnmntList/>
<ObjMetaDataList/>
<MetaDataList/>
</TestCase>
<TestCase Comment="Failure&#10;java.lang.AssertionError&#13;&#10;&#9;at org.junit.Assert.fail(Assert.java:86)&#13;&#10;&#9;at org.junit.Assert.assertTrue(Assert.java:41)&#13;&#10;&#9;at org.junit.Assert.assertNotNull(Assert.java:621)&#13;&#10;&#9;at TestUnit.ClassDetailsTests.testGetInstructor(ClassDetailsTests.java:159)&#13;&#10;&#9;at sun.reflect.NativeMethodAccessorImpl.invoke0(Native Method)&#13;&#10;&#9;at sun.reflect.NativeMethodAccessorImpl.invoke(Unknown Source)&#13;&#10;&#9;at sun.reflect.DelegatingMethodAccessorImpl.invoke(Unknown Source)&#13;&#10;&#9;at java.lang.reflect.Method.invoke(Unknown Source)&#13;&#10;&#9;at org.junit.runners.model.FrameworkMethod$1.runReflectiveCall(FrameworkMethod.java:47)&#13;&#10;&#9;at org.junit.internal.runners.model.ReflectiveCallable.run(ReflectiveCallable.java:12)&#13;&#10;&#9;at org.junit.runners.model.FrameworkMethod.invokeExplosively(FrameworkMethod.java:44)&#13;&#10;&#9;at org.junit.internal.runners.statements.InvokeMethod.evaluate(InvokeMethod.java:17)&#13;&#10;&#9;at org.junit.internal.runners.statements.RunBefores.evaluate(RunBefores.java:26)&#13;&#10;&#9;at org.junit.internal.runners.statements.RunAfters.evaluate(RunAfters.java:27)&#13;&#10;&#9;at org.junit.runners.ParentRunner.runLeaf(ParentRunner.java:271)&#13;&#10;&#9;at org.junit.runners.BlockJUnit4ClassRunner.runChild(BlockJUnit4ClassRunner.java:70)&#13;&#10;&#9;at org.junit.runners.BlockJUnit4ClassRunner.runChild(BlockJUnit4ClassRunner.java:50)&#13;&#10;&#9;at org.junit.runners.ParentRunner$3.run(ParentRunner.java:238)&#13;&#10;&#9;at org.junit.runners.ParentRunner$1.schedule(ParentRunner.java:63)&#13;&#10;&#9;at org.junit.runners.ParentRunner.runChildren(ParentRunner.java:236)&#13;&#10;&#9;at org.junit.runners.ParentRunner.access$000(ParentRunner.java:53)&#13;&#10;&#9;at org.junit.runners.ParentRunner$2.evaluate(ParentRunner.java:229)&#13;&#10;&#9;at org.junit.runners.ParentRunner.run(ParentRunner.java:309)&#13;&#10;&#9;at org.eclipse.jdt.internal.junit4.runner.JUnit4TestReference.run(JUnit4TestReference.java:50)&#13;&#10;&#9;at org.eclipse.jdt.internal.junit.runner.TestExecution.run(TestExecution.java:38)&#13;&#10;&#9;at org.eclipse.jdt.internal.junit.runner.RemoteTestRunner.runTests(RemoteTestRunner.java:467)&#13;&#10;&#9;at org.eclipse.jdt.internal.junit.runner.RemoteTestRunner.runTests(RemoteTestRunner.java:683)&#13;&#10;&#9;at org.eclipse.jdt.internal.junit.runner.RemoteTestRunner.run(RemoteTestRunner.java:390)&#13;&#10;&#9;at org.codecover.juniteclipse.runner.EclipseTestRunner.main(EclipseTestRunner.java:40)" Date="1500942224612" Name="TestUnit.ClassDetailsTests:testGetInstructor">
<CovList>
<CovPrefix CovItemPrefix="TestUnit.ClassDetails.java">
<Cov CovItemId="S5" Value="1"/>
<Cov CovItemId="S55" Value="8"/>
<Cov CovItemId="S6" Value="1"/>
<Cov CovItemId="S7" Value="1"/>
</CovPrefix>
</CovList>
<AssgnmntList/>
<ObjMetaDataList/>
<MetaDataList/>
</TestCase>
<TestCase Comment="Failure&#10;org.junit.ComparisonFailure: expected:&lt;[Programming&#10;12345&#10;10:00-12:0]0&#10;MMC&#10;&gt; but was:&lt;[COP3337&#10;null&#10;10:0-12:]0&#10;MMC&#10;&gt;&#13;&#10;&#9;at org.junit.Assert.assertEquals(Assert.java:115)&#13;&#10;&#9;at org.junit.Assert.assertEquals(Assert.java:144)&#13;&#10;&#9;at TestUnit.ClassDetailsTests.testToString(ClassDetailsTests.java:234)&#13;&#10;&#9;at sun.reflect.NativeMethodAccessorImpl.invoke0(Native Method)&#13;&#10;&#9;at sun.reflect.NativeMethodAccessorImpl.invoke(Unknown Source)&#13;&#10;&#9;at sun.reflect.DelegatingMethodAccessorImpl.invoke(Unknown Source)&#13;&#10;&#9;at java.lang.reflect.Method.invoke(Unknown Source)&#13;&#10;&#9;at org.junit.runners.model.FrameworkMethod$1.runReflectiveCall(FrameworkMethod.java:47)&#13;&#10;&#9;at org.junit.internal.runners.model.ReflectiveCallable.run(ReflectiveCallable.java:12)&#13;&#10;&#9;at org.junit.runners.model.FrameworkMethod.invokeExplosively(FrameworkMethod.java:44)&#13;&#10;&#9;at org.junit.internal.runners.statements.InvokeMethod.evaluate(InvokeMethod.java:17)&#13;&#10;&#9;at org.junit.internal.runners.statements.RunBefores.evaluate(RunBefores.java:26)&#13;&#10;&#9;at org.junit.internal.runners.statements.RunAfters.evaluate(RunAfters.java:27)&#13;&#10;&#9;at org.junit.runners.ParentRunner.runLeaf(ParentRunner.java:271)&#13;&#10;&#9;at org.junit.runners.BlockJUnit4ClassRunner.runChild(BlockJUnit4ClassRunner.java:70)&#13;&#10;&#9;at org.junit.runners.BlockJUnit4ClassRunner.runChild(BlockJUnit4ClassRunner.java:50)&#13;&#10;&#9;at org.junit.runners.ParentRunner$3.run(ParentRunner.java:238)&#13;&#10;&#9;at org.junit.runners.ParentRunner$1.schedule(ParentRunner.java:63)&#13;&#10;&#9;at org.junit.runners.ParentRunner.runChildren(ParentRunner.java:236)&#13;&#10;&#9;at org.junit.runners.ParentRunner.access$000(ParentRunner.java:53)&#13;&#10;&#9;at org.junit.runners.ParentRunner$2.evaluate(ParentRunner.java:229)&#13;&#10;&#9;at org.junit.runners.ParentRunner.run(ParentRunner.java:309)&#13;&#10;&#9;at org.eclipse.jdt.internal.junit4.runner.JUnit4TestReference.run(JUnit4TestReference.java:50)&#13;&#10;&#9;at org.eclipse.jdt.internal.junit.runner.TestExecution.run(TestExecution.java:38)&#13;&#10;&#9;at org.eclipse.jdt.internal.junit.runner.RemoteTestRunner.runTests(RemoteTestRunner.java:467)&#13;&#10;&#9;at org.eclipse.jdt.internal.junit.runner.RemoteTestRunner.runTests(RemoteTestRunner.java:683)&#13;&#10;&#9;at org.eclipse.jdt.internal.junit.runner.RemoteTestRunner.run(RemoteTestRunner.java:390)&#13;&#10;&#9;at org.codecover.juniteclipse.runner.EclipseTestRunner.main(EclipseTestRunner.java:40)" Date="1500942224628" Name="TestUnit.ClassDetailsTests:testToString">
<CovList>
<CovPrefix CovItemPrefix="TestUnit.ClassDetails.java">
<Cov CovItemId="B31" Value="1"/>
<Cov CovItemId="B33" Value="1"/>
<Cov CovItemId="S3" Value="1"/>
<Cov CovItemId="S5" Value="1"/>
<Cov CovItemId="S54" Value="2"/>
<Cov CovItemId="S55" Value="9"/>
<Cov CovItemId="S6" Value="1"/>
<Cov CovItemId="S62" Value="1"/>
<Cov CovItemId="S63" Value="1"/>
<Cov CovItemId="S64" Value="1"/>
<Cov CovItemId="S65" Value="1"/>
<Cov CovItemId="S66" Value="1"/>
<Cov CovItemId="S67" Value="1"/>
<Cov CovItemId="S68" Value="1"/>
<Cov CovItemId="S70" Value="1"/>
</CovPrefix>
</CovList>
<AssgnmntList/>
<ObjMetaDataList/>
<MetaDataList/>
</TestCase>
<TestCase Comment="" Date="1500942224643" Name="TestUnit.ClassDetailsTests:testHasConflict1">
<CovList>
<CovPrefix CovItemPrefix="TestUnit.ClassDetails.java">
<Cov CovItemId="B1" Value="2"/>
<Cov CovItemId="B12" Value="1"/>
<Cov CovItemId="B19" Value="1"/>
<Cov CovItemId="B2" Value="5"/>
<Cov CovItemId="B22" Value="1"/>
<Cov CovItemId="B26" Value="1"/>
<Cov CovItemId="B3" Value="2"/>
<Cov CovItemId="B4" Value="5"/>
<Cov CovItemId="B5" Value="1"/>
<Cov CovItemId="B6" Value="1"/>
<Cov CovItemId="B8" Value="1"/>
<Cov CovItemId="S10" Value="1"/>
<Cov CovItemId="S11" Value="1"/>
<Cov CovItemId="S12" Value="1"/>
<Cov CovItemId="S13" Value="1"/>
<Cov CovItemId="S14" Value="1"/>
<Cov CovItemId="S15" Value="1"/>
<Cov CovItemId="S16" Value="1"/>
<Cov CovItemId="S17" Value="1"/>
<Cov CovItemId="S18" Value="1"/>
<Cov CovItemId="S19" Value="1"/>
<Cov CovItemId="S20" Value="1"/>
<Cov CovItemId="S21" Value="1"/>
<Cov CovItemId="S22" Value="1"/>
<Cov CovItemId="S23" Value="7"/>
<Cov CovItemId="S24" Value="2"/>
<Cov CovItemId="S25" Value="2"/>
<Cov CovItemId="S26" Value="1"/>
<Cov CovItemId="S27" Value="7"/>
<Cov CovItemId="S28" Value="2"/>
<Cov CovItemId="S29" Value="2"/>
<Cov CovItemId="S30" Value="1"/>
<Cov CovItemId="S31" Value="1"/>
<Cov CovItemId="S32" Value="1"/>
<Cov CovItemId="S33" Value="2"/>
<Cov CovItemId="S34" Value="2"/>
<Cov CovItemId="S35" Value="2"/>
<Cov CovItemId="S36" Value="2"/>
<Cov CovItemId="S37" Value="1"/>
<Cov CovItemId="S40" Value="1"/>
<Cov CovItemId="S46" Value="1"/>
<Cov CovItemId="S47" Value="1"/>
<Cov CovItemId="S48" Value="1"/>
<Cov CovItemId="S5" Value="1"/>
<Cov CovItemId="S51" Value="1"/>
<Cov CovItemId="S53" Value="1"/>
<Cov CovItemId="S54" Value="2"/>
<Cov CovItemId="S55" Value="8"/>
<Cov CovItemId="S6" Value="1"/>
<Cov CovItemId="S8" Value="1"/>
<Cov CovItemId="S9" Value="1"/>
</CovPrefix>
</CovList>
<AssgnmntList/>
<ObjMetaDataList/>
<MetaDataList/>
</TestCase>
<TestCase Comment="" Date="1500942224643" Name="TestUnit.ClassDetailsTests:testHasConflict2">
<CovList>
<CovPrefix CovItemPrefix="TestUnit.ClassDetails.java">
<Cov CovItemId="B1" Value="2"/>
<Cov CovItemId="B2" Value="5"/>
<Cov CovItemId="B3" Value="2"/>
<Cov CovItemId="B4" Value="5"/>
<Cov CovItemId="B5" Value="1"/>
<Cov CovItemId="B7" Value="1"/>
<Cov CovItemId="B9" Value="1"/>
<Cov CovItemId="S10" Value="1"/>
<Cov CovItemId="S11" Value="1"/>
<Cov CovItemId="S12" Value="1"/>
<Cov CovItemId="S13" Value="1"/>
<Cov CovItemId="S14" Value="1"/>
<Cov CovItemId="S15" Value="1"/>
<Cov CovItemId="S16" Value="1"/>
<Cov CovItemId="S17" Value="1"/>
<Cov CovItemId="S18" Value="1"/>
<Cov CovItemId="S19" Value="1"/>
<Cov CovItemId="S20" Value="1"/>
<Cov CovItemId="S21" Value="1"/>
<Cov CovItemId="S22" Value="1"/>
<Cov CovItemId="S23" Value="7"/>
<Cov CovItemId="S24" Value="2"/>
<Cov CovItemId="S25" Value="2"/>
<Cov CovItemId="S26" Value="1"/>
<Cov CovItemId="S27" Value="7"/>
<Cov CovItemId="S28" Value="2"/>
<Cov CovItemId="S29" Value="2"/>
<Cov CovItemId="S30" Value="1"/>
<Cov CovItemId="S31" Value="1"/>
<Cov CovItemId="S32" Value="1"/>
<Cov CovItemId="S33" Value="1"/>
<Cov CovItemId="S34" Value="1"/>
<Cov CovItemId="S35" Value="1"/>
<Cov CovItemId="S36" Value="1"/>
<Cov CovItemId="S37" Value="1"/>
<Cov CovItemId="S38" Value="1"/>
<Cov CovItemId="S39" Value="1"/>
<Cov CovItemId="S5" Value="1"/>
<Cov CovItemId="S54" Value="2"/>
<Cov CovItemId="S55" Value="8"/>
<Cov CovItemId="S6" Value="1"/>
<Cov CovItemId="S8" Value="1"/>
<Cov CovItemId="S9" Value="1"/>
</CovPrefix>
</CovList>
<AssgnmntList/>
<ObjMetaDataList/>
<MetaDataList/>
</TestCase>
<TestCase Comment="" Date="1500942224643" Name="TestUnit.ClassDetailsTests:testHasConflict3">
<CovList>
<CovPrefix CovItemPrefix="TestUnit.ClassDetails.java">
<Cov CovItemId="B1" Value="2"/>
<Cov CovItemId="B2" Value="5"/>
<Cov CovItemId="B3" Value="2"/>
<Cov CovItemId="B4" Value="5"/>
<Cov CovItemId="B5" Value="1"/>
<Cov CovItemId="B7" Value="1"/>
<Cov CovItemId="B9" Value="1"/>
<Cov CovItemId="S10" Value="1"/>
<Cov CovItemId="S11" Value="1"/>
<Cov CovItemId="S12" Value="1"/>
<Cov CovItemId="S13" Value="1"/>
<Cov CovItemId="S14" Value="1"/>
<Cov CovItemId="S15" Value="1"/>
<Cov CovItemId="S16" Value="1"/>
<Cov CovItemId="S17" Value="1"/>
<Cov CovItemId="S18" Value="1"/>
<Cov CovItemId="S19" Value="1"/>
<Cov CovItemId="S20" Value="1"/>
<Cov CovItemId="S21" Value="1"/>
<Cov CovItemId="S22" Value="1"/>
<Cov CovItemId="S23" Value="7"/>
<Cov CovItemId="S24" Value="2"/>
<Cov CovItemId="S25" Value="2"/>
<Cov CovItemId="S26" Value="1"/>
<Cov CovItemId="S27" Value="7"/>
<Cov CovItemId="S28" Value="2"/>
<Cov CovItemId="S29" Value="2"/>
<Cov CovItemId="S30" Value="1"/>
<Cov CovItemId="S31" Value="1"/>
<Cov CovItemId="S32" Value="1"/>
<Cov CovItemId="S33" Value="1"/>
<Cov CovItemId="S34" Value="1"/>
<Cov CovItemId="S35" Value="1"/>
<Cov CovItemId="S36" Value="1"/>
<Cov CovItemId="S37" Value="1"/>
<Cov CovItemId="S38" Value="1"/>
<Cov CovItemId="S39" Value="1"/>
<Cov CovItemId="S5" Value="1"/>
<Cov CovItemId="S54" Value="2"/>
<Cov CovItemId="S55" Value="8"/>
<Cov CovItemId="S6" Value="1"/>
<Cov CovItemId="S8" Value="1"/>
<Cov CovItemId="S9" Value="1"/>
</CovPrefix>
</CovList>
<AssgnmntList/>
<ObjMetaDataList/>
<MetaDataList/>
</TestCase>
<TestCase Comment="Failure&#10;java.lang.AssertionError: expected:&lt;true&gt; but was:&lt;false&gt;&#13;&#10;&#9;at org.junit.Assert.fail(Assert.java:88)&#13;&#10;&#9;at org.junit.Assert.failNotEquals(Assert.java:743)&#13;&#10;&#9;at org.junit.Assert.assertEquals(Assert.java:118)&#13;&#10;&#9;at org.junit.Assert.assertEquals(Assert.java:144)&#13;&#10;&#9;at TestUnit.ClassDetailsTests.testHasConflict4(ClassDetailsTests.java:101)&#13;&#10;&#9;at sun.reflect.NativeMethodAccessorImpl.invoke0(Native Method)&#13;&#10;&#9;at sun.reflect.NativeMethodAccessorImpl.invoke(Unknown Source)&#13;&#10;&#9;at sun.reflect.DelegatingMethodAccessorImpl.invoke(Unknown Source)&#13;&#10;&#9;at java.lang.reflect.Method.invoke(Unknown Source)&#13;&#10;&#9;at org.junit.runners.model.FrameworkMethod$1.runReflectiveCall(FrameworkMethod.java:47)&#13;&#10;&#9;at org.junit.internal.runners.model.ReflectiveCallable.run(ReflectiveCallable.java:12)&#13;&#10;&#9;at org.junit.runners.model.FrameworkMethod.invokeExplosively(FrameworkMethod.java:44)&#13;&#10;&#9;at org.junit.internal.runners.statements.InvokeMethod.evaluate(InvokeMethod.java:17)&#13;&#10;&#9;at org.junit.internal.runners.statements.RunBefores.evaluate(RunBefores.java:26)&#13;&#10;&#9;at org.junit.internal.runners.statements.RunAfters.evaluate(RunAfters.java:27)&#13;&#10;&#9;at org.junit.runners.ParentRunner.runLeaf(ParentRunner.java:271)&#13;&#10;&#9;at org.junit.runners.BlockJUnit4ClassRunner.runChild(BlockJUnit4ClassRunner.java:70)&#13;&#10;&#9;at org.junit.runners.BlockJUnit4ClassRunner.runChild(BlockJUnit4ClassRunner.java:50)&#13;&#10;&#9;at org.junit.runners.ParentRunner$3.run(ParentRunner.java:238)&#13;&#10;&#9;at org.junit.runners.ParentRunner$1.schedule(ParentRunner.java:63)&#13;&#10;&#9;at org.junit.runners.ParentRunner.runChildren(ParentRunner.java:236)&#13;&#10;&#9;at org.junit.runners.ParentRunner.access$000(ParentRunner.java:53)&#13;&#10;&#9;at org.junit.runners.ParentRunner$2.evaluate(ParentRunner.java:229)&#13;&#10;&#9;at org.junit.runners.ParentRunner.run(ParentRunner.java:309)&#13;&#10;&#9;at org.eclipse.jdt.internal.junit4.runner.JUnit4TestReference.run(JUnit4TestReference.java:50)&#13;&#10;&#9;at org.eclipse.jdt.internal.junit.runner.TestExecution.run(TestExecution.java:38)&#13;&#10;&#9;at org.eclipse.jdt.internal.junit.runner.RemoteTestRunner.runTests(RemoteTestRunner.java:467)&#13;&#10;&#9;at org.eclipse.jdt.internal.junit.runner.RemoteTestRunner.runTests(RemoteTestRunner.java:683)&#13;&#10;&#9;at org.eclipse.jdt.internal.junit.runner.RemoteTestRunner.run(RemoteTestRunner.java:390)&#13;&#10;&#9;at org.codecover.juniteclipse.runner.EclipseTestRunner.main(EclipseTestRunner.java:40)" Date="1500942224643" Name="TestUnit.ClassDetailsTests:testHasConflict4">
<CovList>
<CovPrefix CovItemPrefix="TestUnit.ClassDetails.java">
<Cov CovItemId="B1" Value="2"/>
<Cov CovItemId="B10" Value="1"/>
<Cov CovItemId="B2" Value="5"/>
<Cov CovItemId="B3" Value="2"/>
<Cov CovItemId="B4" Value="5"/>
<Cov CovItemId="B5" Value="1"/>
<Cov CovItemId="B6" Value="1"/>
<Cov CovItemId="B7" Value="1"/>
<Cov CovItemId="S10" Value="1"/>
<Cov CovItemId="S11" Value="1"/>
<Cov CovItemId="S12" Value="1"/>
<Cov CovItemId="S13" Value="1"/>
<Cov CovItemId="S14" Value="1"/>
<Cov CovItemId="S15" Value="1"/>
<Cov CovItemId="S16" Value="1"/>
<Cov CovItemId="S17" Value="1"/>
<Cov CovItemId="S18" Value="1"/>
<Cov CovItemId="S19" Value="1"/>
<Cov CovItemId="S20" Value="1"/>
<Cov CovItemId="S21" Value="1"/>
<Cov CovItemId="S22" Value="1"/>
<Cov CovItemId="S23" Value="7"/>
<Cov CovItemId="S24" Value="2"/>
<Cov CovItemId="S25" Value="2"/>
<Cov CovItemId="S26" Value="1"/>
<Cov CovItemId="S27" Value="7"/>
<Cov CovItemId="S28" Value="2"/>
<Cov CovItemId="S29" Value="2"/>
<Cov CovItemId="S30" Value="1"/>
<Cov CovItemId="S31" Value="1"/>
<Cov CovItemId="S32" Value="1"/>
<Cov CovItemId="S33" Value="2"/>
<Cov CovItemId="S34" Value="2"/>
<Cov CovItemId="S35" Value="2"/>
<Cov CovItemId="S36" Value="2"/>
<Cov CovItemId="S37" Value="1"/>
<Cov CovItemId="S38" Value="1"/>
<Cov CovItemId="S5" Value="1"/>
<Cov CovItemId="S53" Value="1"/>
<Cov CovItemId="S54" Value="2"/>
<Cov CovItemId="S55" Value="8"/>
<Cov CovItemId="S6" Value="1"/>
<Cov CovItemId="S8" Value="1"/>
<Cov CovItemId="S9" Value="1"/>
</CovPrefix>
</CovList>
<AssgnmntList/>
<ObjMetaDataList/>
<MetaDataList/>
</TestCase>
<TestCase Comment="" Date="1500942224643" Name="TestUnit.ClassDetailsTests:testHasConflict5">
<CovList>
<CovPrefix CovItemPrefix="TestUnit.ClassDetails.java">
<Cov CovItemId="B1" Value="2"/>
<Cov CovItemId="B11" Value="1"/>
<Cov CovItemId="B13" Value="1"/>
<Cov CovItemId="B15" Value="1"/>
<Cov CovItemId="B2" Value="5"/>
<Cov CovItemId="B3" Value="2"/>
<Cov CovItemId="B4" Value="5"/>
<Cov CovItemId="B5" Value="1"/>
<Cov CovItemId="B8" Value="1"/>
<Cov CovItemId="S10" Value="1"/>
<Cov CovItemId="S11" Value="1"/>
<Cov CovItemId="S12" Value="1"/>
<Cov CovItemId="S13" Value="1"/>
<Cov CovItemId="S14" Value="1"/>
<Cov CovItemId="S15" Value="1"/>
<Cov CovItemId="S16" Value="1"/>
<Cov CovItemId="S17" Value="1"/>
<Cov CovItemId="S18" Value="1"/>
<Cov CovItemId="S19" Value="1"/>
<Cov CovItemId="S20" Value="1"/>
<Cov CovItemId="S21" Value="1"/>
<Cov CovItemId="S22" Value="1"/>
<Cov CovItemId="S23" Value="7"/>
<Cov CovItemId="S24" Value="2"/>
<Cov CovItemId="S25" Value="2"/>
<Cov CovItemId="S26" Value="1"/>
<Cov CovItemId="S27" Value="7"/>
<Cov CovItemId="S28" Value="2"/>
<Cov CovItemId="S29" Value="2"/>
<Cov CovItemId="S30" Value="1"/>
<Cov CovItemId="S31" Value="1"/>
<Cov CovItemId="S32" Value="1"/>
<Cov CovItemId="S33" Value="1"/>
<Cov CovItemId="S34" Value="1"/>
<Cov CovItemId="S35" Value="1"/>
<Cov CovItemId="S36" Value="1"/>
<Cov CovItemId="S37" Value="1"/>
<Cov CovItemId="S40" Value="1"/>
<Cov CovItemId="S41" Value="1"/>
<Cov CovItemId="S42" Value="1"/>
<Cov CovItemId="S43" Value="1"/>
<Cov CovItemId="S5" Value="1"/>
<Cov CovItemId="S54" Value="2"/>
<Cov CovItemId="S55" Value="8"/>
<Cov CovItemId="S6" Value="1"/>
<Cov CovItemId="S8" Value="1"/>
<Cov CovItemId="S9" Value="1"/>
</CovPrefix>
</CovList>
<AssgnmntList/>
<ObjMetaDataList/>
<MetaDataList/>
</TestCase>
<TestCase Comment="" Date="1500942224643" Name="TestUnit.ClassDetailsTests:testHasConflict6">
<CovList>
<CovPrefix CovItemPrefix="TestUnit.ClassDetails.java">
<Cov CovItemId="B1" Value="2"/>
<Cov CovItemId="B11" Value="1"/>
<Cov CovItemId="B14" Value="1"/>
<Cov CovItemId="B17" Value="1"/>
<Cov CovItemId="B2" Value="5"/>
<Cov CovItemId="B3" Value="2"/>
<Cov CovItemId="B4" Value="5"/>
<Cov CovItemId="B5" Value="1"/>
<Cov CovItemId="B8" Value="1"/>
<Cov CovItemId="S10" Value="1"/>
<Cov CovItemId="S11" Value="1"/>
<Cov CovItemId="S12" Value="1"/>
<Cov CovItemId="S13" Value="1"/>
<Cov CovItemId="S14" Value="1"/>
<Cov CovItemId="S15" Value="1"/>
<Cov CovItemId="S16" Value="1"/>
<Cov CovItemId="S17" Value="1"/>
<Cov CovItemId="S18" Value="1"/>
<Cov CovItemId="S19" Value="1"/>
<Cov CovItemId="S20" Value="1"/>
<Cov CovItemId="S21" Value="1"/>
<Cov CovItemId="S22" Value="1"/>
<Cov CovItemId="S23" Value="7"/>
<Cov CovItemId="S24" Value="2"/>
<Cov CovItemId="S25" Value="2"/>
<Cov CovItemId="S26" Value="1"/>
<Cov CovItemId="S27" Value="7"/>
<Cov CovItemId="S28" Value="2"/>
<Cov CovItemId="S29" Value="2"/>
<Cov CovItemId="S30" Value="1"/>
<Cov CovItemId="S31" Value="1"/>
<Cov CovItemId="S32" Value="1"/>
<Cov CovItemId="S33" Value="1"/>
<Cov CovItemId="S34" Value="1"/>
<Cov CovItemId="S35" Value="1"/>
<Cov CovItemId="S36" Value="1"/>
<Cov CovItemId="S37" Value="1"/>
<Cov CovItemId="S40" Value="1"/>
<Cov CovItemId="S41" Value="1"/>
<Cov CovItemId="S44" Value="1"/>
<Cov CovItemId="S45" Value="1"/>
<Cov CovItemId="S5" Value="1"/>
<Cov CovItemId="S54" Value="2"/>
<Cov CovItemId="S55" Value="8"/>
<Cov CovItemId="S6" Value="1"/>
<Cov CovItemId="S8" Value="1"/>
<Cov CovItemId="S9" Value="1"/>
</CovPrefix>
</CovList>
<AssgnmntList/>
<ObjMetaDataList/>
<MetaDataList/>
</TestCase>
<TestCase Comment="" Date="1500942224643" Name="TestUnit.ClassDetailsTests:testHasConflict7">
<CovList>
<CovPrefix CovItemPrefix="TestUnit.ClassDetails.java">
<Cov CovItemId="B1" Value="2"/>
<Cov CovItemId="B12" Value="1"/>
<Cov CovItemId="B19" Value="1"/>
<Cov CovItemId="B2" Value="5"/>
<Cov CovItemId="B22" Value="1"/>
<Cov CovItemId="B25" Value="1"/>
<Cov CovItemId="B3" Value="2"/>
<Cov CovItemId="B4" Value="5"/>
<Cov CovItemId="B5" Value="1"/>
<Cov CovItemId="B8" Value="1"/>
<Cov CovItemId="S10" Value="1"/>
<Cov CovItemId="S11" Value="1"/>
<Cov CovItemId="S12" Value="1"/>
<Cov CovItemId="S13" Value="1"/>
<Cov CovItemId="S14" Value="1"/>
<Cov CovItemId="S15" Value="1"/>
<Cov CovItemId="S16" Value="1"/>
<Cov CovItemId="S17" Value="1"/>
<Cov CovItemId="S18" Value="1"/>
<Cov CovItemId="S19" Value="1"/>
<Cov CovItemId="S20" Value="1"/>
<Cov CovItemId="S21" Value="1"/>
<Cov CovItemId="S22" Value="1"/>
<Cov CovItemId="S23" Value="7"/>
<Cov CovItemId="S24" Value="2"/>
<Cov CovItemId="S25" Value="2"/>
<Cov CovItemId="S26" Value="1"/>
<Cov CovItemId="S27" Value="7"/>
<Cov CovItemId="S28" Value="2"/>
<Cov CovItemId="S29" Value="2"/>
<Cov CovItemId="S30" Value="1"/>
<Cov CovItemId="S31" Value="1"/>
<Cov CovItemId="S32" Value="1"/>
<Cov CovItemId="S33" Value="1"/>
<Cov CovItemId="S34" Value="1"/>
<Cov CovItemId="S35" Value="1"/>
<Cov CovItemId="S36" Value="1"/>
<Cov CovItemId="S37" Value="1"/>
<Cov CovItemId="S40" Value="1"/>
<Cov CovItemId="S46" Value="1"/>
<Cov CovItemId="S47" Value="1"/>
<Cov CovItemId="S48" Value="1"/>
<Cov CovItemId="S5" Value="1"/>
<Cov CovItemId="S51" Value="1"/>
<Cov CovItemId="S52" Value="1"/>
<Cov CovItemId="S54" Value="2"/>
<Cov CovItemId="S55" Value="8"/>
<Cov CovItemId="S6" Value="1"/>
<Cov CovItemId="S8" Value="1"/>
<Cov CovItemId="S9" Value="1"/>
</CovPrefix>
</CovList>
<AssgnmntList/>
<ObjMetaDataList/>
<MetaDataList/>
</TestCase>
<TestCase Comment="" Date="1500942224643" Name="TestUnit.ClassDetailsTests:testHasConflict8">
<CovList>
<CovPrefix CovItemPrefix="TestUnit.ClassDetails.java">
<Cov CovItemId="B1" Value="2"/>
<Cov CovItemId="B11" Value="1"/>
<Cov CovItemId="B14" Value="1"/>
<Cov CovItemId="B17" Value="1"/>
<Cov CovItemId="B2" Value="5"/>
<Cov CovItemId="B3" Value="2"/>
<Cov CovItemId="B4" Value="5"/>
<Cov CovItemId="B5" Value="1"/>
<Cov CovItemId="B8" Value="1"/>
<Cov CovItemId="S10" Value="1"/>
<Cov CovItemId="S11" Value="1"/>
<Cov CovItemId="S12" Value="1"/>
<Cov CovItemId="S13" Value="1"/>
<Cov CovItemId="S14" Value="1"/>
<Cov CovItemId="S15" Value="1"/>
<Cov CovItemId="S16" Value="1"/>
<Cov CovItemId="S17" Value="1"/>
<Cov CovItemId="S18" Value="1"/>
<Cov CovItemId="S19" Value="1"/>
<Cov CovItemId="S20" Value="1"/>
<Cov CovItemId="S21" Value="1"/>
<Cov CovItemId="S22" Value="1"/>
<Cov CovItemId="S23" Value="7"/>
<Cov CovItemId="S24" Value="2"/>
<Cov CovItemId="S25" Value="2"/>
<Cov CovItemId="S26" Value="1"/>
<Cov CovItemId="S27" Value="7"/>
<Cov CovItemId="S28" Value="2"/>
<Cov CovItemId="S29" Value="2"/>
<Cov CovItemId="S30" Value="1"/>
<Cov CovItemId="S31" Value="1"/>
<Cov CovItemId="S32" Value="1"/>
<Cov CovItemId="S33" Value="1"/>
<Cov CovItemId="S34" Value="1"/>
<Cov CovItemId="S35" Value="1"/>
<Cov CovItemId="S36" Value="1"/>
<Cov CovItemId="S37" Value="1"/>
<Cov CovItemId="S40" Value="1"/>
<Cov CovItemId="S41" Value="1"/>
<Cov CovItemId="S44" Value="1"/>
<Cov CovItemId="S45" Value="1"/>
<Cov CovItemId="S5" Value="1"/>
<Cov CovItemId="S54" Value="2"/>
<Cov CovItemId="S55" Value="8"/>
<Cov CovItemId="S6" Value="1"/>
<Cov CovItemId="S8" Value="1"/>
<Cov CovItemId="S9" Value="1"/>
</CovPrefix>
</CovList>
<AssgnmntList/>
<ObjMetaDataList/>
<MetaDataList/>
</TestCase>
<TestCase Comment="Error&#10;java.lang.NullPointerException&#13;&#10;&#9;at TestUnit.ClassDetails.hasConflict(ClassDetails.java:74)&#13;&#10;&#9;at TestUnit.ClassDetailsTests.testHasConflict9(ClassDetailsTests.java:130)&#13;&#10;&#9;at sun.reflect.NativeMethodAccessorImpl.invoke0(Native Method)&#13;&#10;&#9;at sun.reflect.NativeMethodAccessorImpl.invoke(Unknown Source)&#13;&#10;&#9;at sun.reflect.DelegatingMethodAccessorImpl.invoke(Unknown Source)&#13;&#10;&#9;at java.lang.reflect.Method.invoke(Unknown Source)&#13;&#10;&#9;at org.junit.runners.model.FrameworkMethod$1.runReflectiveCall(FrameworkMethod.java:47)&#13;&#10;&#9;at org.junit.internal.runners.model.ReflectiveCallable.run(ReflectiveCallable.java:12)&#13;&#10;&#9;at org.junit.runners.model.FrameworkMethod.invokeExplosively(FrameworkMethod.java:44)&#13;&#10;&#9;at org.junit.internal.runners.statements.InvokeMethod.evaluate(InvokeMethod.java:17)&#13;&#10;&#9;at org.junit.internal.runners.statements.RunBefores.evaluate(RunBefores.java:26)&#13;&#10;&#9;at org.junit.internal.runners.statements.RunAfters.evaluate(RunAfters.java:27)&#13;&#10;&#9;at org.junit.runners.ParentRunner.runLeaf(ParentRunner.java:271)&#13;&#10;&#9;at org.junit.runners.BlockJUnit4ClassRunner.runChild(BlockJUnit4ClassRunner.java:70)&#13;&#10;&#9;at org.junit.runners.BlockJUnit4ClassRunner.runChild(BlockJUnit4ClassRunner.java:50)&#13;&#10;&#9;at org.junit.runners.ParentRunner$3.run(ParentRunner.java:238)&#13;&#10;&#9;at org.junit.runners.ParentRunner$1.schedule(ParentRunner.java:63)&#13;&#10;&#9;at org.junit.runners.ParentRunner.runChildren(ParentRunner.java:236)&#13;&#10;&#9;at org.junit.runners.ParentRunner.access$000(ParentRunner.java:53)&#13;&#10;&#9;at org.junit.runners.ParentRunner$2.evaluate(ParentRunner.java:229)&#13;&#10;&#9;at org.junit.runners.ParentRunner.run(ParentRunner.java:309)&#13;&#10;&#9;at org.eclipse.jdt.internal.junit4.runner.JUnit4TestReference.run(JUnit4TestReference.java:50)&#13;&#10;&#9;at org.eclipse.jdt.internal.junit.runner.TestExecution.run(TestExecution.java:38)&#13;&#10;&#9;at org.eclipse.jdt.internal.junit.runner.RemoteTestRunner.runTests(RemoteTestRunner.java:467)&#13;&#10;&#9;at org.eclipse.jdt.internal.junit.runner.RemoteTestRunner.runTests(RemoteTestRunner.java:683)&#13;&#10;&#9;at org.eclipse.jdt.internal.junit.runner.RemoteTestRunner.run(RemoteTestRunner.java:390)&#13;&#10;&#9;at org.codecover.juniteclipse.runner.EclipseTestRunner.main(EclipseTestRunner.java:40)" Date="1500942224643" Name="TestUnit.ClassDetailsTests:testHasConflict9">
<CovList>
<CovPrefix CovItemPrefix="TestUnit.ClassDetails.java">
<Cov CovItemId="S10" Value="1"/>
<Cov CovItemId="S5" Value="1"/>
<Cov CovItemId="S54" Value="2"/>
<Cov CovItemId="S55" Value="8"/>
<Cov CovItemId="S6" Value="1"/>
<Cov CovItemId="S8" Value="1"/>
<Cov CovItemId="S9" Value="1"/>
</CovPrefix>
</CovList>
<AssgnmntList/>
<ObjMetaDataList/>
<MetaDataList/>
</TestCase>
<TestCase Comment="" Date="1500942224659" Name="TestUnit.ClassDetailsTests:testIsAtTime1">
<CovList>
<CovPrefix CovItemPrefix="TestUnit.ClassDetails.java">
<Cov CovItemId="B28" Value="1"/>
<Cov CovItemId="S5" Value="1"/>
<Cov CovItemId="S54" Value="1"/>
<Cov CovItemId="S55" Value="9"/>
<Cov CovItemId="S56" Value="1"/>
<Cov CovItemId="S58" Value="1"/>
<Cov CovItemId="S6" Value="1"/>
</CovPrefix>
</CovList>
<AssgnmntList/>
<ObjMetaDataList/>
<MetaDataList/>
</TestCase>
<TestCase Comment="" Date="1500942225037" Name="TestUnit.ClassDetailsTests:testIsAtTime2">
<CovList>
<CovPrefix CovItemPrefix="TestUnit.ClassDetails.java">
<Cov CovItemId="B27" Value="1"/>
<Cov CovItemId="S5" Value="1"/>
<Cov CovItemId="S54" Value="2"/>
<Cov CovItemId="S55" Value="9"/>
<Cov CovItemId="S56" Value="1"/>
<Cov CovItemId="S57" Value="1"/>
<Cov CovItemId="S6" Value="1"/>
</CovPrefix>
</CovList>
<AssgnmntList/>
<ObjMetaDataList/>
<MetaDataList/>
</TestCase>
<TestCase Comment="" Date="1500942225039" Name="TestUnit.ClassDetailsTests:testGetDays">
<CovList>
<CovPrefix CovItemPrefix="TestUnit.ClassDetails.java">
<Cov CovItemId="S5" Value="1"/>
<Cov CovItemId="S54" Value="1"/>
<Cov CovItemId="S55" Value="9"/>
<Cov CovItemId="S6" Value="1"/>
<Cov CovItemId="S69" Value="1"/>
</CovPrefix>
</CovList>
<AssgnmntList/>
<ObjMetaDataList/>
<MetaDataList/>
</TestCase>
<TestCase Comment="" Date="1500942225042" Name="TestUnit.ClassDetailsTests:testGetTerm">
<CovList>
<CovPrefix CovItemPrefix="TestUnit.ClassDetails.java">
<Cov CovItemId="S1" Value="1"/>
<Cov CovItemId="S2" Value="1"/>
<Cov CovItemId="S5" Value="1"/>
<Cov CovItemId="S55" Value="8"/>
<Cov CovItemId="S6" Value="1"/>
</CovPrefix>
</CovList>
<AssgnmntList/>
<ObjMetaDataList/>
<MetaDataList/>
</TestCase>
<TestCase Comment="" Date="1500942225043" Name="TestUnit.ClassDetailsTests:testGetTime">
<CovList>
<CovPrefix CovItemPrefix="TestUnit.ClassDetails.java">
<Cov CovItemId="S5" Value="1"/>
<Cov CovItemId="S54" Value="1"/>
<Cov CovItemId="S55" Value="9"/>
<Cov CovItemId="S6" Value="1"/>
</CovPrefix>
</CovList>
<AssgnmntList/>
<ObjMetaDataList/>
<MetaDataList/>
</TestCase>
<TestCase Comment="" Date="1500942225059" Name="TestUnit.ClassDetailsTests:testIsAtDay1">
<CovList>
<CovPrefix CovItemPrefix="TestUnit.ClassDetails.java">
<Cov CovItemId="B29" Value="1"/>
<Cov CovItemId="S5" Value="1"/>
<Cov CovItemId="S54" Value="1"/>
<Cov CovItemId="S55" Value="9"/>
<Cov CovItemId="S59" Value="1"/>
<Cov CovItemId="S6" Value="1"/>
<Cov CovItemId="S60" Value="1"/>
</CovPrefix>
</CovList>
<AssgnmntList/>
<ObjMetaDataList/>
<MetaDataList/>
</TestCase>
<TestCase Comment="" Date="1500942225059" Name="TestUnit.ClassDetailsTests:testIsAtDay2">
<CovList>
<CovPrefix CovItemPrefix="TestUnit.ClassDetails.java">
<Cov CovItemId="B30" Value="1"/>
<Cov CovItemId="S5" Value="1"/>
<Cov CovItemId="S54" Value="1"/>
<Cov CovItemId="S55" Value="9"/>
<Cov CovItemId="S59" Value="1"/>
<Cov CovItemId="S6" Value="1"/>
<Cov CovItemId="S61" Value="1"/>
</CovPrefix>
</CovList>
<AssgnmntList/>
<ObjMetaDataList/>
<MetaDataList/>
</TestCase>
<TestCase Comment="" Date="1500942225059" Name="TestUnit.ClassDetailsTests:testSetCourse">
<CovList>
<CovPrefix CovItemPrefix="TestUnit.ClassDetails.java">
<Cov CovItemId="S5" Value="1"/>
<Cov CovItemId="S55" Value="8"/>
<Cov CovItemId="S6" Value="1"/>
<Cov CovItemId="S70" Value="1"/>
<Cov CovItemId="S71" Value="1"/>
</CovPrefix>
</CovList>
<AssgnmntList/>
<ObjMetaDataList/>
<MetaDataList/>
</TestCase>
<TestCase Comment="" Date="1500942225059" Name="TestUnit.ClassDetailsTests:testGetCampus">
<CovList>
<CovPrefix CovItemPrefix="TestUnit.ClassDetails.java">
<Cov CovItemId="S3" Value="1"/>
<Cov CovItemId="S4" Value="1"/>
<Cov CovItemId="S5" Value="1"/>
<Cov CovItemId="S55" Value="8"/>
<Cov CovItemId="S6" Value="1"/>
</CovPrefix>
</CovList>
<AssgnmntList/>
<ObjMetaDataList/>
<MetaDataList/>
</TestCase>
<TestCase Comment="" Date="1500942225059" Name="TestUnit.ClassDetailsTests:testGetCourse">
<CovList>
<CovPrefix CovItemPrefix="TestUnit.ClassDetails.java">
<Cov CovItemId="S5" Value="1"/>
<Cov CovItemId="S55" Value="8"/>
<Cov CovItemId="S6" Value="1"/>
<Cov CovItemId="S70" Value="1"/>
<Cov CovItemId="S71" Value="1"/>
</CovPrefix>
</CovList>
<AssgnmntList/>
<ObjMetaDataList/>
<MetaDataList/>
</TestCase>
<TestCase Comment="" Date="1500942225059" Name="TestUnit.ClassDetailsTests:testSetTerm">
<CovList>
<CovPrefix CovItemPrefix="TestUnit.ClassDetails.java">
<Cov CovItemId="S1" Value="1"/>
<Cov CovItemId="S2" Value="1"/>
<Cov CovItemId="S5" Value="1"/>
<Cov CovItemId="S55" Value="8"/>
<Cov CovItemId="S6" Value="1"/>
</CovPrefix>
</CovList>
<AssgnmntList/>
<ObjMetaDataList/>
<MetaDataList/>
</TestCase>
<TestCase Comment="" Date="1500942225059" Name="TestUnit.ClassDetailsTests:testSetTime">
<CovList>
<CovPrefix CovItemPrefix="TestUnit.ClassDetails.java">
<Cov CovItemId="S5" Value="1"/>
<Cov CovItemId="S54" Value="1"/>
<Cov CovItemId="S55" Value="9"/>
<Cov CovItemId="S6" Value="1"/>
</CovPrefix>
</CovList>
<AssgnmntList/>
<ObjMetaDataList/>
<MetaDataList/>
</TestCase>
<TestCase Comment="" Date="1500942225059" Name="TestUnit.ClassDetailsTests:testSetClassNbr">
<CovList>
<CovPrefix CovItemPrefix="TestUnit.ClassDetails.java">
<Cov CovItemId="S5" Value="1"/>
<Cov CovItemId="S55" Value="8"/>
<Cov CovItemId="S6" Value="1"/>
</CovPrefix>
</CovList>
<AssgnmntList/>
<ObjMetaDataList/>
<MetaDataList/>
</TestCase>
<MetaDataList/>
</TestSession>
<TestSession Comment="" Date="1500942339721" Name="Jul 24, 2017 8:25:39 PM">
<TestCase Comment="" Date="1500942339303" Name="TestUnit.ClassDetailsTests:testSetCampus1">
<CovList>
<CovPrefix CovItemPrefix="TestUnit.ClassDetails.java">
<Cov CovItemId="S3" Value="1"/>
<Cov CovItemId="S4" Value="1"/>
<Cov CovItemId="S5" Value="1"/>
<Cov CovItemId="S55" Value="9"/>
<Cov CovItemId="S6" Value="1"/>
</CovPrefix>
</CovList>
<AssgnmntList/>
<ObjMetaDataList/>
<MetaDataList/>
</TestCase>
<TestCase Comment="" Date="1500942339319" Name="TestUnit.ClassDetailsTests:testSetCampus2">
<CovList>
<CovPrefix CovItemPrefix="TestUnit.ClassDetails.java">
<Cov CovItemId="S3" Value="1"/>
<Cov CovItemId="S4" Value="1"/>
<Cov CovItemId="S5" Value="1"/>
<Cov CovItemId="S55" Value="9"/>
<Cov CovItemId="S6" Value="1"/>
</CovPrefix>
</CovList>
<AssgnmntList/>
<ObjMetaDataList/>
<MetaDataList/>
</TestCase>
<TestCase Comment="Failure&#10;java.lang.AssertionError&#13;&#10;&#9;at org.junit.Assert.fail(Assert.java:86)&#13;&#10;&#9;at org.junit.Assert.assertTrue(Assert.java:41)&#13;&#10;&#9;at org.junit.Assert.assertNotNull(Assert.java:621)&#13;&#10;&#9;at TestUnit.ClassDetailsTests.testGetInstructor(ClassDetailsTests.java:159)&#13;&#10;&#9;at sun.reflect.NativeMethodAccessorImpl.invoke0(Native Method)&#13;&#10;&#9;at sun.reflect.NativeMethodAccessorImpl.invoke(Unknown Source)&#13;&#10;&#9;at sun.reflect.DelegatingMethodAccessorImpl.invoke(Unknown Source)&#13;&#10;&#9;at java.lang.reflect.Method.invoke(Unknown Source)&#13;&#10;&#9;at org.junit.runners.model.FrameworkMethod$1.runReflectiveCall(FrameworkMethod.java:47)&#13;&#10;&#9;at org.junit.internal.runners.model.ReflectiveCallable.run(ReflectiveCallable.java:12)&#13;&#10;&#9;at org.junit.runners.model.FrameworkMethod.invokeExplosively(FrameworkMethod.java:44)&#13;&#10;&#9;at org.junit.internal.runners.statements.InvokeMethod.evaluate(InvokeMethod.java:17)&#13;&#10;&#9;at org.junit.internal.runners.statements.RunBefores.evaluate(RunBefores.java:26)&#13;&#10;&#9;at org.junit.internal.runners.statements.RunAfters.evaluate(RunAfters.java:27)&#13;&#10;&#9;at org.junit.runners.ParentRunner.runLeaf(ParentRunner.java:271)&#13;&#10;&#9;at org.junit.runners.BlockJUnit4ClassRunner.runChild(BlockJUnit4ClassRunner.java:70)&#13;&#10;&#9;at org.junit.runners.BlockJUnit4ClassRunner.runChild(BlockJUnit4ClassRunner.java:50)&#13;&#10;&#9;at org.junit.runners.ParentRunner$3.run(ParentRunner.java:238)&#13;&#10;&#9;at org.junit.runners.ParentRunner$1.schedule(ParentRunner.java:63)&#13;&#10;&#9;at org.junit.runners.ParentRunner.runChildren(ParentRunner.java:236)&#13;&#10;&#9;at org.junit.runners.ParentRunner.access$000(ParentRunner.java:53)&#13;&#10;&#9;at org.junit.runners.ParentRunner$2.evaluate(ParentRunner.java:229)&#13;&#10;&#9;at org.junit.runners.ParentRunner.run(ParentRunner.java:309)&#13;&#10;&#9;at org.eclipse.jdt.internal.junit4.runner.JUnit4TestReference.run(JUnit4TestReference.java:50)&#13;&#10;&#9;at org.eclipse.jdt.internal.junit.runner.TestExecution.run(TestExecution.java:38)&#13;&#10;&#9;at org.eclipse.jdt.internal.junit.runner.RemoteTestRunner.runTests(RemoteTestRunner.java:467)&#13;&#10;&#9;at org.eclipse.jdt.internal.junit.runner.RemoteTestRunner.runTests(RemoteTestRunner.java:683)&#13;&#10;&#9;at org.eclipse.jdt.internal.junit.runner.RemoteTestRunner.run(RemoteTestRunner.java:390)&#13;&#10;&#9;at org.codecover.juniteclipse.runner.EclipseTestRunner.main(EclipseTestRunner.java:40)" Date="1500942339319" Name="TestUnit.ClassDetailsTests:testGetInstructor">
<CovList>
<CovPrefix CovItemPrefix="TestUnit.ClassDetails.java">
<Cov CovItemId="S5" Value="1"/>
<Cov CovItemId="S55" Value="9"/>
<Cov CovItemId="S6" Value="1"/>
<Cov CovItemId="S7" Value="1"/>
</CovPrefix>
</CovList>
<AssgnmntList/>
<ObjMetaDataList/>
<MetaDataList/>
</TestCase>
<TestCase Comment="Failure&#10;org.junit.ComparisonFailure: expected:&lt;[Programming&#10;12345&#10;10:00-12:0]0&#10;MMC&#10;&gt; but was:&lt;[COP3337&#10;null&#10;10:0-12:]0&#10;MMC&#10;&gt;&#13;&#10;&#9;at org.junit.Assert.assertEquals(Assert.java:115)&#13;&#10;&#9;at org.junit.Assert.assertEquals(Assert.java:144)&#13;&#10;&#9;at TestUnit.ClassDetailsTests.testToString(ClassDetailsTests.java:234)&#13;&#10;&#9;at sun.reflect.NativeMethodAccessorImpl.invoke0(Native Method)&#13;&#10;&#9;at sun.reflect.NativeMethodAccessorImpl.invoke(Unknown Source)&#13;&#10;&#9;at sun.reflect.DelegatingMethodAccessorImpl.invoke(Unknown Source)&#13;&#10;&#9;at java.lang.reflect.Method.invoke(Unknown Source)&#13;&#10;&#9;at org.junit.runners.model.FrameworkMethod$1.runReflectiveCall(FrameworkMethod.java:47)&#13;&#10;&#9;at org.junit.internal.runners.model.ReflectiveCallable.run(ReflectiveCallable.java:12)&#13;&#10;&#9;at org.junit.runners.model.FrameworkMethod.invokeExplosively(FrameworkMethod.java:44)&#13;&#10;&#9;at org.junit.internal.runners.statements.InvokeMethod.evaluate(InvokeMethod.java:17)&#13;&#10;&#9;at org.junit.internal.runners.statements.RunBefores.evaluate(RunBefores.java:26)&#13;&#10;&#9;at org.junit.internal.runners.statements.RunAfters.evaluate(RunAfters.java:27)&#13;&#10;&#9;at org.junit.runners.ParentRunner.runLeaf(ParentRunner.java:271)&#13;&#10;&#9;at org.junit.runners.BlockJUnit4ClassRunner.runChild(BlockJUnit4ClassRunner.java:70)&#13;&#10;&#9;at org.junit.runners.BlockJUnit4ClassRunner.runChild(BlockJUnit4ClassRunner.java:50)&#13;&#10;&#9;at org.junit.runners.ParentRunner$3.run(ParentRunner.java:238)&#13;&#10;&#9;at org.junit.runners.ParentRunner$1.schedule(ParentRunner.java:63)&#13;&#10;&#9;at org.junit.runners.ParentRunner.runChildren(ParentRunner.java:236)&#13;&#10;&#9;at org.junit.runners.ParentRunner.access$000(ParentRunner.java:53)&#13;&#10;&#9;at org.junit.runners.ParentRunner$2.evaluate(ParentRunner.java:229)&#13;&#10;&#9;at org.junit.runners.ParentRunner.run(ParentRunner.java:309)&#13;&#10;&#9;at org.eclipse.jdt.internal.junit4.runner.JUnit4TestReference.run(JUnit4TestReference.java:50)&#13;&#10;&#9;at org.eclipse.jdt.internal.junit.runner.TestExecution.run(TestExecution.java:38)&#13;&#10;&#9;at org.eclipse.jdt.internal.junit.runner.RemoteTestRunner.runTests(RemoteTestRunner.java:467)&#13;&#10;&#9;at org.eclipse.jdt.internal.junit.runner.RemoteTestRunner.runTests(RemoteTestRunner.java:683)&#13;&#10;&#9;at org.eclipse.jdt.internal.junit.runner.RemoteTestRunner.run(RemoteTestRunner.java:390)&#13;&#10;&#9;at org.codecover.juniteclipse.runner.EclipseTestRunner.main(EclipseTestRunner.java:40)" Date="1500942339319" Name="TestUnit.ClassDetailsTests:testToString">
<CovList>
<CovPrefix CovItemPrefix="TestUnit.ClassDetails.java">
<Cov CovItemId="B31" Value="1"/>
<Cov CovItemId="B33" Value="1"/>
<Cov CovItemId="S3" Value="1"/>
<Cov CovItemId="S5" Value="1"/>
<Cov CovItemId="S54" Value="2"/>
<Cov CovItemId="S55" Value="10"/>
<Cov CovItemId="S6" Value="1"/>
<Cov CovItemId="S62" Value="1"/>
<Cov CovItemId="S63" Value="1"/>
<Cov CovItemId="S64" Value="1"/>
<Cov CovItemId="S65" Value="1"/>
<Cov CovItemId="S66" Value="1"/>
<Cov CovItemId="S67" Value="1"/>
<Cov CovItemId="S68" Value="1"/>
<Cov CovItemId="S70" Value="1"/>
</CovPrefix>
</CovList>
<AssgnmntList/>
<ObjMetaDataList/>
<MetaDataList/>
</TestCase>
<TestCase Comment="" Date="1500942339334" Name="TestUnit.ClassDetailsTests:testHasConflict1">
<CovList>
<CovPrefix CovItemPrefix="TestUnit.ClassDetails.java">
<Cov CovItemId="B1" Value="2"/>
<Cov CovItemId="B12" Value="1"/>
<Cov CovItemId="B19" Value="1"/>
<Cov CovItemId="B2" Value="5"/>
<Cov CovItemId="B22" Value="1"/>
<Cov CovItemId="B26" Value="1"/>
<Cov CovItemId="B3" Value="2"/>
<Cov CovItemId="B4" Value="5"/>
<Cov CovItemId="B5" Value="1"/>
<Cov CovItemId="B6" Value="1"/>
<Cov CovItemId="B8" Value="1"/>
<Cov CovItemId="S10" Value="1"/>
<Cov CovItemId="S11" Value="1"/>
<Cov CovItemId="S12" Value="1"/>
<Cov CovItemId="S13" Value="1"/>
<Cov CovItemId="S14" Value="1"/>
<Cov CovItemId="S15" Value="1"/>
<Cov CovItemId="S16" Value="1"/>
<Cov CovItemId="S17" Value="1"/>
<Cov CovItemId="S18" Value="1"/>
<Cov CovItemId="S19" Value="1"/>
<Cov CovItemId="S20" Value="1"/>
<Cov CovItemId="S21" Value="1"/>
<Cov CovItemId="S22" Value="1"/>
<Cov CovItemId="S23" Value="7"/>
<Cov CovItemId="S24" Value="2"/>
<Cov CovItemId="S25" Value="2"/>
<Cov CovItemId="S26" Value="1"/>
<Cov CovItemId="S27" Value="7"/>
<Cov CovItemId="S28" Value="2"/>
<Cov CovItemId="S29" Value="2"/>
<Cov CovItemId="S30" Value="1"/>
<Cov CovItemId="S31" Value="1"/>
<Cov CovItemId="S32" Value="1"/>
<Cov CovItemId="S33" Value="2"/>
<Cov CovItemId="S34" Value="2"/>
<Cov CovItemId="S35" Value="2"/>
<Cov CovItemId="S36" Value="2"/>
<Cov CovItemId="S37" Value="1"/>
<Cov CovItemId="S40" Value="1"/>
<Cov CovItemId="S46" Value="1"/>
<Cov CovItemId="S47" Value="1"/>
<Cov CovItemId="S48" Value="1"/>
<Cov CovItemId="S5" Value="1"/>
<Cov CovItemId="S51" Value="1"/>
<Cov CovItemId="S53" Value="1"/>
<Cov CovItemId="S54" Value="2"/>
<Cov CovItemId="S55" Value="9"/>
<Cov CovItemId="S6" Value="1"/>
<Cov CovItemId="S8" Value="1"/>
<Cov CovItemId="S9" Value="1"/>
</CovPrefix>
</CovList>
<AssgnmntList/>
<ObjMetaDataList/>
<MetaDataList/>
</TestCase>
<TestCase Comment="" Date="1500942339334" Name="TestUnit.ClassDetailsTests:testHasConflict2">
<CovList>
<CovPrefix CovItemPrefix="TestUnit.ClassDetails.java">
<Cov CovItemId="B1" Value="2"/>
<Cov CovItemId="B2" Value="5"/>
<Cov CovItemId="B3" Value="2"/>
<Cov CovItemId="B4" Value="5"/>
<Cov CovItemId="B5" Value="1"/>
<Cov CovItemId="B7" Value="1"/>
<Cov CovItemId="B9" Value="1"/>
<Cov CovItemId="S10" Value="1"/>
<Cov CovItemId="S11" Value="1"/>
<Cov CovItemId="S12" Value="1"/>
<Cov CovItemId="S13" Value="1"/>
<Cov CovItemId="S14" Value="1"/>
<Cov CovItemId="S15" Value="1"/>
<Cov CovItemId="S16" Value="1"/>
<Cov CovItemId="S17" Value="1"/>
<Cov CovItemId="S18" Value="1"/>
<Cov CovItemId="S19" Value="1"/>
<Cov CovItemId="S20" Value="1"/>
<Cov CovItemId="S21" Value="1"/>
<Cov CovItemId="S22" Value="1"/>
<Cov CovItemId="S23" Value="7"/>
<Cov CovItemId="S24" Value="2"/>
<Cov CovItemId="S25" Value="2"/>
<Cov CovItemId="S26" Value="1"/>
<Cov CovItemId="S27" Value="7"/>
<Cov CovItemId="S28" Value="2"/>
<Cov CovItemId="S29" Value="2"/>
<Cov CovItemId="S30" Value="1"/>
<Cov CovItemId="S31" Value="1"/>
<Cov CovItemId="S32" Value="1"/>
<Cov CovItemId="S33" Value="1"/>
<Cov CovItemId="S34" Value="1"/>
<Cov CovItemId="S35" Value="1"/>
<Cov CovItemId="S36" Value="1"/>
<Cov CovItemId="S37" Value="1"/>
<Cov CovItemId="S38" Value="1"/>
<Cov CovItemId="S39" Value="1"/>
<Cov CovItemId="S5" Value="1"/>
<Cov CovItemId="S54" Value="2"/>
<Cov CovItemId="S55" Value="9"/>
<Cov CovItemId="S6" Value="1"/>
<Cov CovItemId="S8" Value="1"/>
<Cov CovItemId="S9" Value="1"/>
</CovPrefix>
</CovList>
<AssgnmntList/>
<ObjMetaDataList/>
<MetaDataList/>
</TestCase>
<TestCase Comment="" Date="1500942339334" Name="TestUnit.ClassDetailsTests:testHasConflict3">
<CovList>
<CovPrefix CovItemPrefix="TestUnit.ClassDetails.java">
<Cov CovItemId="B1" Value="2"/>
<Cov CovItemId="B2" Value="5"/>
<Cov CovItemId="B3" Value="2"/>
<Cov CovItemId="B4" Value="5"/>
<Cov CovItemId="B5" Value="1"/>
<Cov CovItemId="B7" Value="1"/>
<Cov CovItemId="B9" Value="1"/>
<Cov CovItemId="S10" Value="1"/>
<Cov CovItemId="S11" Value="1"/>
<Cov CovItemId="S12" Value="1"/>
<Cov CovItemId="S13" Value="1"/>
<Cov CovItemId="S14" Value="1"/>
<Cov CovItemId="S15" Value="1"/>
<Cov CovItemId="S16" Value="1"/>
<Cov CovItemId="S17" Value="1"/>
<Cov CovItemId="S18" Value="1"/>
<Cov CovItemId="S19" Value="1"/>
<Cov CovItemId="S20" Value="1"/>
<Cov CovItemId="S21" Value="1"/>
<Cov CovItemId="S22" Value="1"/>
<Cov CovItemId="S23" Value="7"/>
<Cov CovItemId="S24" Value="2"/>
<Cov CovItemId="S25" Value="2"/>
<Cov CovItemId="S26" Value="1"/>
<Cov CovItemId="S27" Value="7"/>
<Cov CovItemId="S28" Value="2"/>
<Cov CovItemId="S29" Value="2"/>
<Cov CovItemId="S30" Value="1"/>
<Cov CovItemId="S31" Value="1"/>
<Cov CovItemId="S32" Value="1"/>
<Cov CovItemId="S33" Value="1"/>
<Cov CovItemId="S34" Value="1"/>
<Cov CovItemId="S35" Value="1"/>
<Cov CovItemId="S36" Value="1"/>
<Cov CovItemId="S37" Value="1"/>
<Cov CovItemId="S38" Value="1"/>
<Cov CovItemId="S39" Value="1"/>
<Cov CovItemId="S5" Value="1"/>
<Cov CovItemId="S54" Value="2"/>
<Cov CovItemId="S55" Value="9"/>
<Cov CovItemId="S6" Value="1"/>
<Cov CovItemId="S8" Value="1"/>
<Cov CovItemId="S9" Value="1"/>
</CovPrefix>
</CovList>
<AssgnmntList/>
<ObjMetaDataList/>
<MetaDataList/>
</TestCase>
<TestCase Comment="Failure&#10;java.lang.AssertionError: expected:&lt;true&gt; but was:&lt;false&gt;&#13;&#10;&#9;at org.junit.Assert.fail(Assert.java:88)&#13;&#10;&#9;at org.junit.Assert.failNotEquals(Assert.java:743)&#13;&#10;&#9;at org.junit.Assert.assertEquals(Assert.java:118)&#13;&#10;&#9;at org.junit.Assert.assertEquals(Assert.java:144)&#13;&#10;&#9;at TestUnit.ClassDetailsTests.testHasConflict4(ClassDetailsTests.java:102)&#13;&#10;&#9;at sun.reflect.NativeMethodAccessorImpl.invoke0(Native Method)&#13;&#10;&#9;at sun.reflect.NativeMethodAccessorImpl.invoke(Unknown Source)&#13;&#10;&#9;at sun.reflect.DelegatingMethodAccessorImpl.invoke(Unknown Source)&#13;&#10;&#9;at java.lang.reflect.Method.invoke(Unknown Source)&#13;&#10;&#9;at org.junit.runners.model.FrameworkMethod$1.runReflectiveCall(FrameworkMethod.java:47)&#13;&#10;&#9;at org.junit.internal.runners.model.ReflectiveCallable.run(ReflectiveCallable.java:12)&#13;&#10;&#9;at org.junit.runners.model.FrameworkMethod.invokeExplosively(FrameworkMethod.java:44)&#13;&#10;&#9;at org.junit.internal.runners.statements.InvokeMethod.evaluate(InvokeMethod.java:17)&#13;&#10;&#9;at org.junit.internal.runners.statements.RunBefores.evaluate(RunBefores.java:26)&#13;&#10;&#9;at org.junit.internal.runners.statements.RunAfters.evaluate(RunAfters.java:27)&#13;&#10;&#9;at org.junit.runners.ParentRunner.runLeaf(ParentRunner.java:271)&#13;&#10;&#9;at org.junit.runners.BlockJUnit4ClassRunner.runChild(BlockJUnit4ClassRunner.java:70)&#13;&#10;&#9;at org.junit.runners.BlockJUnit4ClassRunner.runChild(BlockJUnit4ClassRunner.java:50)&#13;&#10;&#9;at org.junit.runners.ParentRunner$3.run(ParentRunner.java:238)&#13;&#10;&#9;at org.junit.runners.ParentRunner$1.schedule(ParentRunner.java:63)&#13;&#10;&#9;at org.junit.runners.ParentRunner.runChildren(ParentRunner.java:236)&#13;&#10;&#9;at org.junit.runners.ParentRunner.access$000(ParentRunner.java:53)&#13;&#10;&#9;at org.junit.runners.ParentRunner$2.evaluate(ParentRunner.java:229)&#13;&#10;&#9;at org.junit.runners.ParentRunner.run(ParentRunner.java:309)&#13;&#10;&#9;at org.eclipse.jdt.internal.junit4.runner.JUnit4TestReference.run(JUnit4TestReference.java:50)&#13;&#10;&#9;at org.eclipse.jdt.internal.junit.runner.TestExecution.run(TestExecution.java:38)&#13;&#10;&#9;at org.eclipse.jdt.internal.junit.runner.RemoteTestRunner.runTests(RemoteTestRunner.java:467)&#13;&#10;&#9;at org.eclipse.jdt.internal.junit.runner.RemoteTestRunner.runTests(RemoteTestRunner.java:683)&#13;&#10;&#9;at org.eclipse.jdt.internal.junit.runner.RemoteTestRunner.run(RemoteTestRunner.java:390)&#13;&#10;&#9;at org.codecover.juniteclipse.runner.EclipseTestRunner.main(EclipseTestRunner.java:40)" Date="1500942339334" Name="TestUnit.ClassDetailsTests:testHasConflict4">
<CovList>
<CovPrefix CovItemPrefix="TestUnit.ClassDetails.java">
<Cov CovItemId="B1" Value="2"/>
<Cov CovItemId="B10" Value="1"/>
<Cov CovItemId="B2" Value="5"/>
<Cov CovItemId="B3" Value="2"/>
<Cov CovItemId="B4" Value="5"/>
<Cov CovItemId="B5" Value="1"/>
<Cov CovItemId="B6" Value="1"/>
<Cov CovItemId="B7" Value="1"/>
<Cov CovItemId="S10" Value="1"/>
<Cov CovItemId="S11" Value="1"/>
<Cov CovItemId="S12" Value="1"/>
<Cov CovItemId="S13" Value="1"/>
<Cov CovItemId="S14" Value="1"/>
<Cov CovItemId="S15" Value="1"/>
<Cov CovItemId="S16" Value="1"/>
<Cov CovItemId="S17" Value="1"/>
<Cov CovItemId="S18" Value="1"/>
<Cov CovItemId="S19" Value="1"/>
<Cov CovItemId="S20" Value="1"/>
<Cov CovItemId="S21" Value="1"/>
<Cov CovItemId="S22" Value="1"/>
<Cov CovItemId="S23" Value="7"/>
<Cov CovItemId="S24" Value="2"/>
<Cov CovItemId="S25" Value="2"/>
<Cov CovItemId="S26" Value="1"/>
<Cov CovItemId="S27" Value="7"/>
<Cov CovItemId="S28" Value="2"/>
<Cov CovItemId="S29" Value="2"/>
<Cov CovItemId="S30" Value="1"/>
<Cov CovItemId="S31" Value="1"/>
<Cov CovItemId="S32" Value="1"/>
<Cov CovItemId="S33" Value="2"/>
<Cov CovItemId="S34" Value="2"/>
<Cov CovItemId="S35" Value="2"/>
<Cov CovItemId="S36" Value="2"/>
<Cov CovItemId="S37" Value="1"/>
<Cov CovItemId="S38" Value="1"/>
<Cov CovItemId="S5" Value="1"/>
<Cov CovItemId="S53" Value="1"/>
<Cov CovItemId="S54" Value="2"/>
<Cov CovItemId="S55" Value="9"/>
<Cov CovItemId="S6" Value="1"/>
<Cov CovItemId="S8" Value="1"/>
<Cov CovItemId="S9" Value="1"/>
</CovPrefix>
</CovList>
<AssgnmntList/>
<ObjMetaDataList/>
<MetaDataList/>
</TestCase>
<TestCase Comment="" Date="1500942339334" Name="TestUnit.ClassDetailsTests:testHasConflict5">
<CovList>
<CovPrefix CovItemPrefix="TestUnit.ClassDetails.java">
<Cov CovItemId="B1" Value="2"/>
<Cov CovItemId="B11" Value="1"/>
<Cov CovItemId="B13" Value="1"/>
<Cov CovItemId="B15" Value="1"/>
<Cov CovItemId="B2" Value="5"/>
<Cov CovItemId="B3" Value="2"/>
<Cov CovItemId="B4" Value="5"/>
<Cov CovItemId="B5" Value="1"/>
<Cov CovItemId="B8" Value="1"/>
<Cov CovItemId="S10" Value="1"/>
<Cov CovItemId="S11" Value="1"/>
<Cov CovItemId="S12" Value="1"/>
<Cov CovItemId="S13" Value="1"/>
<Cov CovItemId="S14" Value="1"/>
<Cov CovItemId="S15" Value="1"/>
<Cov CovItemId="S16" Value="1"/>
<Cov CovItemId="S17" Value="1"/>
<Cov CovItemId="S18" Value="1"/>
<Cov CovItemId="S19" Value="1"/>
<Cov CovItemId="S20" Value="1"/>
<Cov CovItemId="S21" Value="1"/>
<Cov CovItemId="S22" Value="1"/>
<Cov CovItemId="S23" Value="7"/>
<Cov CovItemId="S24" Value="2"/>
<Cov CovItemId="S25" Value="2"/>
<Cov CovItemId="S26" Value="1"/>
<Cov CovItemId="S27" Value="7"/>
<Cov CovItemId="S28" Value="2"/>
<Cov CovItemId="S29" Value="2"/>
<Cov CovItemId="S30" Value="1"/>
<Cov CovItemId="S31" Value="1"/>
<Cov CovItemId="S32" Value="1"/>
<Cov CovItemId="S33" Value="1"/>
<Cov CovItemId="S34" Value="1"/>
<Cov CovItemId="S35" Value="1"/>
<Cov CovItemId="S36" Value="1"/>
<Cov CovItemId="S37" Value="1"/>
<Cov CovItemId="S40" Value="1"/>
<Cov CovItemId="S41" Value="1"/>
<Cov CovItemId="S42" Value="1"/>
<Cov CovItemId="S43" Value="1"/>
<Cov CovItemId="S5" Value="1"/>
<Cov CovItemId="S54" Value="2"/>
<Cov CovItemId="S55" Value="9"/>
<Cov CovItemId="S6" Value="1"/>
<Cov CovItemId="S8" Value="1"/>
<Cov CovItemId="S9" Value="1"/>
</CovPrefix>
</CovList>
<AssgnmntList/>
<ObjMetaDataList/>
<MetaDataList/>
</TestCase>
<TestCase Comment="" Date="1500942339334" Name="TestUnit.ClassDetailsTests:testHasConflict6">
<CovList>
<CovPrefix CovItemPrefix="TestUnit.ClassDetails.java">
<Cov CovItemId="B1" Value="2"/>
<Cov CovItemId="B11" Value="1"/>
<Cov CovItemId="B14" Value="1"/>
<Cov CovItemId="B17" Value="1"/>
<Cov CovItemId="B2" Value="5"/>
<Cov CovItemId="B3" Value="2"/>
<Cov CovItemId="B4" Value="5"/>
<Cov CovItemId="B5" Value="1"/>
<Cov CovItemId="B8" Value="1"/>
<Cov CovItemId="S10" Value="1"/>
<Cov CovItemId="S11" Value="1"/>
<Cov CovItemId="S12" Value="1"/>
<Cov CovItemId="S13" Value="1"/>
<Cov CovItemId="S14" Value="1"/>
<Cov CovItemId="S15" Value="1"/>
<Cov CovItemId="S16" Value="1"/>
<Cov CovItemId="S17" Value="1"/>
<Cov CovItemId="S18" Value="1"/>
<Cov CovItemId="S19" Value="1"/>
<Cov CovItemId="S20" Value="1"/>
<Cov CovItemId="S21" Value="1"/>
<Cov CovItemId="S22" Value="1"/>
<Cov CovItemId="S23" Value="7"/>
<Cov CovItemId="S24" Value="2"/>
<Cov CovItemId="S25" Value="2"/>
<Cov CovItemId="S26" Value="1"/>
<Cov CovItemId="S27" Value="7"/>
<Cov CovItemId="S28" Value="2"/>
<Cov CovItemId="S29" Value="2"/>
<Cov CovItemId="S30" Value="1"/>
<Cov CovItemId="S31" Value="1"/>
<Cov CovItemId="S32" Value="1"/>
<Cov CovItemId="S33" Value="1"/>
<Cov CovItemId="S34" Value="1"/>
<Cov CovItemId="S35" Value="1"/>
<Cov CovItemId="S36" Value="1"/>
<Cov CovItemId="S37" Value="1"/>
<Cov CovItemId="S40" Value="1"/>
<Cov CovItemId="S41" Value="1"/>
<Cov CovItemId="S44" Value="1"/>
<Cov CovItemId="S45" Value="1"/>
<Cov CovItemId="S5" Value="1"/>
<Cov CovItemId="S54" Value="2"/>
<Cov CovItemId="S55" Value="9"/>
<Cov CovItemId="S6" Value="1"/>
<Cov CovItemId="S8" Value="1"/>
<Cov CovItemId="S9" Value="1"/>
</CovPrefix>
</CovList>
<AssgnmntList/>
<ObjMetaDataList/>
<MetaDataList/>
</TestCase>
<TestCase Comment="" Date="1500942339334" Name="TestUnit.ClassDetailsTests:testHasConflict7">
<CovList>
<CovPrefix CovItemPrefix="TestUnit.ClassDetails.java">
<Cov CovItemId="B1" Value="2"/>
<Cov CovItemId="B12" Value="1"/>
<Cov CovItemId="B19" Value="1"/>
<Cov CovItemId="B2" Value="5"/>
<Cov CovItemId="B22" Value="1"/>
<Cov CovItemId="B25" Value="1"/>
<Cov CovItemId="B3" Value="2"/>
<Cov CovItemId="B4" Value="5"/>
<Cov CovItemId="B5" Value="1"/>
<Cov CovItemId="B8" Value="1"/>
<Cov CovItemId="S10" Value="1"/>
<Cov CovItemId="S11" Value="1"/>
<Cov CovItemId="S12" Value="1"/>
<Cov CovItemId="S13" Value="1"/>
<Cov CovItemId="S14" Value="1"/>
<Cov CovItemId="S15" Value="1"/>
<Cov CovItemId="S16" Value="1"/>
<Cov CovItemId="S17" Value="1"/>
<Cov CovItemId="S18" Value="1"/>
<Cov CovItemId="S19" Value="1"/>
<Cov CovItemId="S20" Value="1"/>
<Cov CovItemId="S21" Value="1"/>
<Cov CovItemId="S22" Value="1"/>
<Cov CovItemId="S23" Value="7"/>
<Cov CovItemId="S24" Value="2"/>
<Cov CovItemId="S25" Value="2"/>
<Cov CovItemId="S26" Value="1"/>
<Cov CovItemId="S27" Value="7"/>
<Cov CovItemId="S28" Value="2"/>
<Cov CovItemId="S29" Value="2"/>
<Cov CovItemId="S30" Value="1"/>
<Cov CovItemId="S31" Value="1"/>
<Cov CovItemId="S32" Value="1"/>
<Cov CovItemId="S33" Value="1"/>
<Cov CovItemId="S34" Value="1"/>
<Cov CovItemId="S35" Value="1"/>
<Cov CovItemId="S36" Value="1"/>
<Cov CovItemId="S37" Value="1"/>
<Cov CovItemId="S40" Value="1"/>
<Cov CovItemId="S46" Value="1"/>
<Cov CovItemId="S47" Value="1"/>
<Cov CovItemId="S48" Value="1"/>
<Cov CovItemId="S5" Value="1"/>
<Cov CovItemId="S51" Value="1"/>
<Cov CovItemId="S52" Value="1"/>
<Cov CovItemId="S54" Value="2"/>
<Cov CovItemId="S55" Value="9"/>
<Cov CovItemId="S6" Value="1"/>
<Cov CovItemId="S8" Value="1"/>
<Cov CovItemId="S9" Value="1"/>
</CovPrefix>
</CovList>
<AssgnmntList/>
<ObjMetaDataList/>
<MetaDataList/>
</TestCase>
<TestCase Comment="" Date="1500942339334" Name="TestUnit.ClassDetailsTests:testHasConflict8">
<CovList>
<CovPrefix CovItemPrefix="TestUnit.ClassDetails.java">
<Cov CovItemId="B1" Value="2"/>
<Cov CovItemId="B11" Value="1"/>
<Cov CovItemId="B14" Value="1"/>
<Cov CovItemId="B17" Value="1"/>
<Cov CovItemId="B2" Value="5"/>
<Cov CovItemId="B3" Value="2"/>
<Cov CovItemId="B4" Value="5"/>
<Cov CovItemId="B5" Value="1"/>
<Cov CovItemId="B8" Value="1"/>
<Cov CovItemId="S10" Value="1"/>
<Cov CovItemId="S11" Value="1"/>
<Cov CovItemId="S12" Value="1"/>
<Cov CovItemId="S13" Value="1"/>
<Cov CovItemId="S14" Value="1"/>
<Cov CovItemId="S15" Value="1"/>
<Cov CovItemId="S16" Value="1"/>
<Cov CovItemId="S17" Value="1"/>
<Cov CovItemId="S18" Value="1"/>
<Cov CovItemId="S19" Value="1"/>
<Cov CovItemId="S20" Value="1"/>
<Cov CovItemId="S21" Value="1"/>
<Cov CovItemId="S22" Value="1"/>
<Cov CovItemId="S23" Value="7"/>
<Cov CovItemId="S24" Value="2"/>
<Cov CovItemId="S25" Value="2"/>
<Cov CovItemId="S26" Value="1"/>
<Cov CovItemId="S27" Value="7"/>
<Cov CovItemId="S28" Value="2"/>
<Cov CovItemId="S29" Value="2"/>
<Cov CovItemId="S30" Value="1"/>
<Cov CovItemId="S31" Value="1"/>
<Cov CovItemId="S32" Value="1"/>
<Cov CovItemId="S33" Value="1"/>
<Cov CovItemId="S34" Value="1"/>
<Cov CovItemId="S35" Value="1"/>
<Cov CovItemId="S36" Value="1"/>
<Cov CovItemId="S37" Value="1"/>
<Cov CovItemId="S40" Value="1"/>
<Cov CovItemId="S41" Value="1"/>
<Cov CovItemId="S44" Value="1"/>
<Cov CovItemId="S45" Value="1"/>
<Cov CovItemId="S5" Value="1"/>
<Cov CovItemId="S54" Value="2"/>
<Cov CovItemId="S55" Value="9"/>
<Cov CovItemId="S6" Value="1"/>
<Cov CovItemId="S8" Value="1"/>
<Cov CovItemId="S9" Value="1"/>
</CovPrefix>
</CovList>
<AssgnmntList/>
<ObjMetaDataList/>
<MetaDataList/>
</TestCase>
<TestCase Comment="" Date="1500942339350" Name="TestUnit.ClassDetailsTests:testHasConflict9">
<CovList>
<CovPrefix CovItemPrefix="TestUnit.ClassDetails.java">
<Cov CovItemId="B1" Value="2"/>
<Cov CovItemId="B11" Value="1"/>
<Cov CovItemId="B13" Value="1"/>
<Cov CovItemId="B15" Value="1"/>
<Cov CovItemId="B2" Value="5"/>
<Cov CovItemId="B3" Value="2"/>
<Cov CovItemId="B4" Value="5"/>
<Cov CovItemId="B5" Value="1"/>
<Cov CovItemId="B8" Value="1"/>
<Cov CovItemId="S10" Value="1"/>
<Cov CovItemId="S11" Value="1"/>
<Cov CovItemId="S12" Value="1"/>
<Cov CovItemId="S13" Value="1"/>
<Cov CovItemId="S14" Value="1"/>
<Cov CovItemId="S15" Value="1"/>
<Cov CovItemId="S16" Value="1"/>
<Cov CovItemId="S17" Value="1"/>
<Cov CovItemId="S18" Value="1"/>
<Cov CovItemId="S19" Value="1"/>
<Cov CovItemId="S20" Value="1"/>
<Cov CovItemId="S21" Value="1"/>
<Cov CovItemId="S22" Value="1"/>
<Cov CovItemId="S23" Value="7"/>
<Cov CovItemId="S24" Value="2"/>
<Cov CovItemId="S25" Value="2"/>
<Cov CovItemId="S26" Value="1"/>
<Cov CovItemId="S27" Value="7"/>
<Cov CovItemId="S28" Value="2"/>
<Cov CovItemId="S29" Value="2"/>
<Cov CovItemId="S30" Value="1"/>
<Cov CovItemId="S31" Value="1"/>
<Cov CovItemId="S32" Value="1"/>
<Cov CovItemId="S33" Value="1"/>
<Cov CovItemId="S34" Value="1"/>
<Cov CovItemId="S35" Value="1"/>
<Cov CovItemId="S36" Value="1"/>
<Cov CovItemId="S37" Value="1"/>
<Cov CovItemId="S40" Value="1"/>
<Cov CovItemId="S41" Value="1"/>
<Cov CovItemId="S42" Value="1"/>
<Cov CovItemId="S43" Value="1"/>
<Cov CovItemId="S5" Value="1"/>
<Cov CovItemId="S54" Value="2"/>
<Cov CovItemId="S55" Value="9"/>
<Cov CovItemId="S6" Value="1"/>
<Cov CovItemId="S8" Value="1"/>
<Cov CovItemId="S9" Value="1"/>
</CovPrefix>
</CovList>
<AssgnmntList/>
<ObjMetaDataList/>
<MetaDataList/>
</TestCase>
<TestCase Comment="" Date="1500942339350" Name="TestUnit.ClassDetailsTests:testIsAtTime1">
<CovList>
<CovPrefix CovItemPrefix="TestUnit.ClassDetails.java">
<Cov CovItemId="B28" Value="1"/>
<Cov CovItemId="S5" Value="1"/>
<Cov CovItemId="S54" Value="1"/>
<Cov CovItemId="S55" Value="10"/>
<Cov CovItemId="S56" Value="1"/>
<Cov CovItemId="S58" Value="1"/>
<Cov CovItemId="S6" Value="1"/>
</CovPrefix>
</CovList>
<AssgnmntList/>
<ObjMetaDataList/>
<MetaDataList/>
</TestCase>
<TestCase Comment="" Date="1500942339647" Name="TestUnit.ClassDetailsTests:testIsAtTime2">
<CovList>
<CovPrefix CovItemPrefix="TestUnit.ClassDetails.java">
<Cov CovItemId="B27" Value="1"/>
<Cov CovItemId="S5" Value="1"/>
<Cov CovItemId="S54" Value="2"/>
<Cov CovItemId="S55" Value="10"/>
<Cov CovItemId="S56" Value="1"/>
<Cov CovItemId="S57" Value="1"/>
<Cov CovItemId="S6" Value="1"/>
</CovPrefix>
</CovList>
<AssgnmntList/>
<ObjMetaDataList/>
<MetaDataList/>
</TestCase>
<TestCase Comment="" Date="1500942339647" Name="TestUnit.ClassDetailsTests:testGetDays">
<CovList>
<CovPrefix CovItemPrefix="TestUnit.ClassDetails.java">
<Cov CovItemId="S5" Value="1"/>
<Cov CovItemId="S54" Value="1"/>
<Cov CovItemId="S55" Value="10"/>
<Cov CovItemId="S6" Value="1"/>
<Cov CovItemId="S69" Value="1"/>
</CovPrefix>
</CovList>
<AssgnmntList/>
<ObjMetaDataList/>
<MetaDataList/>
</TestCase>
<TestCase Comment="" Date="1500942339647" Name="TestUnit.ClassDetailsTests:testGetTerm">
<CovList>
<CovPrefix CovItemPrefix="TestUnit.ClassDetails.java">
<Cov CovItemId="S1" Value="1"/>
<Cov CovItemId="S2" Value="1"/>
<Cov CovItemId="S5" Value="1"/>
<Cov CovItemId="S55" Value="9"/>
<Cov CovItemId="S6" Value="1"/>
</CovPrefix>
</CovList>
<AssgnmntList/>
<ObjMetaDataList/>
<MetaDataList/>
</TestCase>
<TestCase Comment="" Date="1500942339647" Name="TestUnit.ClassDetailsTests:testGetTime">
<CovList>
<CovPrefix CovItemPrefix="TestUnit.ClassDetails.java">
<Cov CovItemId="S5" Value="1"/>
<Cov CovItemId="S54" Value="1"/>
<Cov CovItemId="S55" Value="10"/>
<Cov CovItemId="S6" Value="1"/>
</CovPrefix>
</CovList>
<AssgnmntList/>
<ObjMetaDataList/>
<MetaDataList/>
</TestCase>
<TestCase Comment="" Date="1500942339694" Name="TestUnit.ClassDetailsTests:testIsAtDay1">
<CovList>
<CovPrefix CovItemPrefix="TestUnit.ClassDetails.java">
<Cov CovItemId="B29" Value="1"/>
<Cov CovItemId="S5" Value="1"/>
<Cov CovItemId="S54" Value="1"/>
<Cov CovItemId="S55" Value="10"/>
<Cov CovItemId="S59" Value="1"/>
<Cov CovItemId="S6" Value="1"/>
<Cov CovItemId="S60" Value="1"/>
</CovPrefix>
</CovList>
<AssgnmntList/>
<ObjMetaDataList/>
<MetaDataList/>
</TestCase>
<TestCase Comment="" Date="1500942339694" Name="TestUnit.ClassDetailsTests:testIsAtDay2">
<CovList>
<CovPrefix CovItemPrefix="TestUnit.ClassDetails.java">
<Cov CovItemId="B30" Value="1"/>
<Cov CovItemId="S5" Value="1"/>
<Cov CovItemId="S54" Value="1"/>
<Cov CovItemId="S55" Value="10"/>
<Cov CovItemId="S59" Value="1"/>
<Cov CovItemId="S6" Value="1"/>
<Cov CovItemId="S61" Value="1"/>
</CovPrefix>
</CovList>
<AssgnmntList/>
<ObjMetaDataList/>
<MetaDataList/>
</TestCase>
<TestCase Comment="" Date="1500942339694" Name="TestUnit.ClassDetailsTests:testSetCourse">
<CovList>
<CovPrefix CovItemPrefix="TestUnit.ClassDetails.java">
<Cov CovItemId="S5" Value="1"/>
<Cov CovItemId="S55" Value="9"/>
<Cov CovItemId="S6" Value="1"/>
<Cov CovItemId="S70" Value="1"/>
<Cov CovItemId="S71" Value="1"/>
</CovPrefix>
</CovList>
<AssgnmntList/>
<ObjMetaDataList/>
<MetaDataList/>
</TestCase>
<TestCase Comment="" Date="1500942339694" Name="TestUnit.ClassDetailsTests:testGetCampus">
<CovList>
<CovPrefix CovItemPrefix="TestUnit.ClassDetails.java">
<Cov CovItemId="S3" Value="1"/>
<Cov CovItemId="S4" Value="1"/>
<Cov CovItemId="S5" Value="1"/>
<Cov CovItemId="S55" Value="9"/>
<Cov CovItemId="S6" Value="1"/>
</CovPrefix>
</CovList>
<AssgnmntList/>
<ObjMetaDataList/>
<MetaDataList/>
</TestCase>
<TestCase Comment="" Date="1500942339694" Name="TestUnit.ClassDetailsTests:testGetCourse">
<CovList>
<CovPrefix CovItemPrefix="TestUnit.ClassDetails.java">
<Cov CovItemId="S5" Value="1"/>
<Cov CovItemId="S55" Value="9"/>
<Cov CovItemId="S6" Value="1"/>
<Cov CovItemId="S70" Value="1"/>
<Cov CovItemId="S71" Value="1"/>
</CovPrefix>
</CovList>
<AssgnmntList/>
<ObjMetaDataList/>
<MetaDataList/>
</TestCase>
<TestCase Comment="" Date="1500942339709" Name="TestUnit.ClassDetailsTests:testSetTerm">
<CovList>
<CovPrefix CovItemPrefix="TestUnit.ClassDetails.java">
<Cov CovItemId="S1" Value="1"/>
<Cov CovItemId="S2" Value="1"/>
<Cov CovItemId="S5" Value="1"/>
<Cov CovItemId="S55" Value="9"/>
<Cov CovItemId="S6" Value="1"/>
</CovPrefix>
</CovList>
<AssgnmntList/>
<ObjMetaDataList/>
<MetaDataList/>
</TestCase>
<TestCase Comment="" Date="1500942339709" Name="TestUnit.ClassDetailsTests:testSetTime">
<CovList>
<CovPrefix CovItemPrefix="TestUnit.ClassDetails.java">
<Cov CovItemId="S5" Value="1"/>
<Cov CovItemId="S54" Value="1"/>
<Cov CovItemId="S55" Value="10"/>
<Cov CovItemId="S6" Value="1"/>
</CovPrefix>
</CovList>
<AssgnmntList/>
<ObjMetaDataList/>
<MetaDataList/>
</TestCase>
<TestCase Comment="" Date="1500942339709" Name="TestUnit.ClassDetailsTests:testSetClassNbr">
<CovList>
<CovPrefix CovItemPrefix="TestUnit.ClassDetails.java">
<Cov CovItemId="S5" Value="1"/>
<Cov CovItemId="S55" Value="9"/>
<Cov CovItemId="S6" Value="1"/>
</CovPrefix>
</CovList>
<AssgnmntList/>
<ObjMetaDataList/>
<MetaDataList/>
</TestCase>
<MetaDataList/>
</TestSession>
<TestSession Comment="" Date="1500942383892" Name="Jul 24, 2017 8:26:23 PM">
<TestCase Comment="" Date="1500942383435" Name="TestUnit.ClassDetailsTests:testSetCampus1">
<CovList>
<CovPrefix CovItemPrefix="TestUnit.ClassDetails.java">
<Cov CovItemId="S3" Value="1"/>
<Cov CovItemId="S4" Value="1"/>
<Cov CovItemId="S5" Value="1"/>
<Cov CovItemId="S55" Value="9"/>
<Cov CovItemId="S6" Value="1"/>
</CovPrefix>
</CovList>
<AssgnmntList/>
<ObjMetaDataList/>
<MetaDataList/>
</TestCase>
<TestCase Comment="" Date="1500942383450" Name="TestUnit.ClassDetailsTests:testSetCampus2">
<CovList>
<CovPrefix CovItemPrefix="TestUnit.ClassDetails.java">
<Cov CovItemId="S3" Value="1"/>
<Cov CovItemId="S4" Value="1"/>
<Cov CovItemId="S5" Value="1"/>
<Cov CovItemId="S55" Value="9"/>
<Cov CovItemId="S6" Value="1"/>
</CovPrefix>
</CovList>
<AssgnmntList/>
<ObjMetaDataList/>
<MetaDataList/>
</TestCase>
<TestCase Comment="Failure&#10;java.lang.AssertionError&#13;&#10;&#9;at org.junit.Assert.fail(Assert.java:86)&#13;&#10;&#9;at org.junit.Assert.assertTrue(Assert.java:41)&#13;&#10;&#9;at org.junit.Assert.assertNotNull(Assert.java:621)&#13;&#10;&#9;at TestUnit.ClassDetailsTests.testGetInstructor(ClassDetailsTests.java:159)&#13;&#10;&#9;at sun.reflect.NativeMethodAccessorImpl.invoke0(Native Method)&#13;&#10;&#9;at sun.reflect.NativeMethodAccessorImpl.invoke(Unknown Source)&#13;&#10;&#9;at sun.reflect.DelegatingMethodAccessorImpl.invoke(Unknown Source)&#13;&#10;&#9;at java.lang.reflect.Method.invoke(Unknown Source)&#13;&#10;&#9;at org.junit.runners.model.FrameworkMethod$1.runReflectiveCall(FrameworkMethod.java:47)&#13;&#10;&#9;at org.junit.internal.runners.model.ReflectiveCallable.run(ReflectiveCallable.java:12)&#13;&#10;&#9;at org.junit.runners.model.FrameworkMethod.invokeExplosively(FrameworkMethod.java:44)&#13;&#10;&#9;at org.junit.internal.runners.statements.InvokeMethod.evaluate(InvokeMethod.java:17)&#13;&#10;&#9;at org.junit.internal.runners.statements.RunBefores.evaluate(RunBefores.java:26)&#13;&#10;&#9;at org.junit.internal.runners.statements.RunAfters.evaluate(RunAfters.java:27)&#13;&#10;&#9;at org.junit.runners.ParentRunner.runLeaf(ParentRunner.java:271)&#13;&#10;&#9;at org.junit.runners.BlockJUnit4ClassRunner.runChild(BlockJUnit4ClassRunner.java:70)&#13;&#10;&#9;at org.junit.runners.BlockJUnit4ClassRunner.runChild(BlockJUnit4ClassRunner.java:50)&#13;&#10;&#9;at org.junit.runners.ParentRunner$3.run(ParentRunner.java:238)&#13;&#10;&#9;at org.junit.runners.ParentRunner$1.schedule(ParentRunner.java:63)&#13;&#10;&#9;at org.junit.runners.ParentRunner.runChildren(ParentRunner.java:236)&#13;&#10;&#9;at org.junit.runners.ParentRunner.access$000(ParentRunner.java:53)&#13;&#10;&#9;at org.junit.runners.ParentRunner$2.evaluate(ParentRunner.java:229)&#13;&#10;&#9;at org.junit.runners.ParentRunner.run(ParentRunner.java:309)&#13;&#10;&#9;at org.eclipse.jdt.internal.junit4.runner.JUnit4TestReference.run(JUnit4TestReference.java:50)&#13;&#10;&#9;at org.eclipse.jdt.internal.junit.runner.TestExecution.run(TestExecution.java:38)&#13;&#10;&#9;at org.eclipse.jdt.internal.junit.runner.RemoteTestRunner.runTests(RemoteTestRunner.java:467)&#13;&#10;&#9;at org.eclipse.jdt.internal.junit.runner.RemoteTestRunner.runTests(RemoteTestRunner.java:683)&#13;&#10;&#9;at org.eclipse.jdt.internal.junit.runner.RemoteTestRunner.run(RemoteTestRunner.java:390)&#13;&#10;&#9;at org.codecover.juniteclipse.runner.EclipseTestRunner.main(EclipseTestRunner.java:40)" Date="1500942383466" Name="TestUnit.ClassDetailsTests:testGetInstructor">
<CovList>
<CovPrefix CovItemPrefix="TestUnit.ClassDetails.java">
<Cov CovItemId="S5" Value="1"/>
<Cov CovItemId="S55" Value="9"/>
<Cov CovItemId="S6" Value="1"/>
<Cov CovItemId="S7" Value="1"/>
</CovPrefix>
</CovList>
<AssgnmntList/>
<ObjMetaDataList/>
<MetaDataList/>
</TestCase>
<TestCase Comment="Failure&#10;org.junit.ComparisonFailure: expected:&lt;[Programming&#10;12345&#10;10:00-12:0]0&#10;MMC&#10;&gt; but was:&lt;[COP3337&#10;null&#10;10:0-12:]0&#10;MMC&#10;&gt;&#13;&#10;&#9;at org.junit.Assert.assertEquals(Assert.java:115)&#13;&#10;&#9;at org.junit.Assert.assertEquals(Assert.java:144)&#13;&#10;&#9;at TestUnit.ClassDetailsTests.testToString(ClassDetailsTests.java:234)&#13;&#10;&#9;at sun.reflect.NativeMethodAccessorImpl.invoke0(Native Method)&#13;&#10;&#9;at sun.reflect.NativeMethodAccessorImpl.invoke(Unknown Source)&#13;&#10;&#9;at sun.reflect.DelegatingMethodAccessorImpl.invoke(Unknown Source)&#13;&#10;&#9;at java.lang.reflect.Method.invoke(Unknown Source)&#13;&#10;&#9;at org.junit.runners.model.FrameworkMethod$1.runReflectiveCall(FrameworkMethod.java:47)&#13;&#10;&#9;at org.junit.internal.runners.model.ReflectiveCallable.run(ReflectiveCallable.java:12)&#13;&#10;&#9;at org.junit.runners.model.FrameworkMethod.invokeExplosively(FrameworkMethod.java:44)&#13;&#10;&#9;at org.junit.internal.runners.statements.InvokeMethod.evaluate(InvokeMethod.java:17)&#13;&#10;&#9;at org.junit.internal.runners.statements.RunBefores.evaluate(RunBefores.java:26)&#13;&#10;&#9;at org.junit.internal.runners.statements.RunAfters.evaluate(RunAfters.java:27)&#13;&#10;&#9;at org.junit.runners.ParentRunner.runLeaf(ParentRunner.java:271)&#13;&#10;&#9;at org.junit.runners.BlockJUnit4ClassRunner.runChild(BlockJUnit4ClassRunner.java:70)&#13;&#10;&#9;at org.junit.runners.BlockJUnit4ClassRunner.runChild(BlockJUnit4ClassRunner.java:50)&#13;&#10;&#9;at org.junit.runners.ParentRunner$3.run(ParentRunner.java:238)&#13;&#10;&#9;at org.junit.runners.ParentRunner$1.schedule(ParentRunner.java:63)&#13;&#10;&#9;at org.junit.runners.ParentRunner.runChildren(ParentRunner.java:236)&#13;&#10;&#9;at org.junit.runners.ParentRunner.access$000(ParentRunner.java:53)&#13;&#10;&#9;at org.junit.runners.ParentRunner$2.evaluate(ParentRunner.java:229)&#13;&#10;&#9;at org.junit.runners.ParentRunner.run(ParentRunner.java:309)&#13;&#10;&#9;at org.eclipse.jdt.internal.junit4.runner.JUnit4TestReference.run(JUnit4TestReference.java:50)&#13;&#10;&#9;at org.eclipse.jdt.internal.junit.runner.TestExecution.run(TestExecution.java:38)&#13;&#10;&#9;at org.eclipse.jdt.internal.junit.runner.RemoteTestRunner.runTests(RemoteTestRunner.java:467)&#13;&#10;&#9;at org.eclipse.jdt.internal.junit.runner.RemoteTestRunner.runTests(RemoteTestRunner.java:683)&#13;&#10;&#9;at org.eclipse.jdt.internal.junit.runner.RemoteTestRunner.run(RemoteTestRunner.java:390)&#13;&#10;&#9;at org.codecover.juniteclipse.runner.EclipseTestRunner.main(EclipseTestRunner.java:40)" Date="1500942383497" Name="TestUnit.ClassDetailsTests:testToString">
<CovList>
<CovPrefix CovItemPrefix="TestUnit.ClassDetails.java">
<Cov CovItemId="B31" Value="1"/>
<Cov CovItemId="B33" Value="1"/>
<Cov CovItemId="S3" Value="1"/>
<Cov CovItemId="S5" Value="1"/>
<Cov CovItemId="S54" Value="2"/>
<Cov CovItemId="S55" Value="10"/>
<Cov CovItemId="S6" Value="1"/>
<Cov CovItemId="S62" Value="1"/>
<Cov CovItemId="S63" Value="1"/>
<Cov CovItemId="S64" Value="1"/>
<Cov CovItemId="S65" Value="1"/>
<Cov CovItemId="S66" Value="1"/>
<Cov CovItemId="S67" Value="1"/>
<Cov CovItemId="S68" Value="1"/>
<Cov CovItemId="S70" Value="1"/>
</CovPrefix>
</CovList>
<AssgnmntList/>
<ObjMetaDataList/>
<MetaDataList/>
</TestCase>
<TestCase Comment="" Date="1500942383497" Name="TestUnit.ClassDetailsTests:testHasConflict1">
<CovList>
<CovPrefix CovItemPrefix="TestUnit.ClassDetails.java">
<Cov CovItemId="B1" Value="2"/>
<Cov CovItemId="B12" Value="1"/>
<Cov CovItemId="B19" Value="1"/>
<Cov CovItemId="B2" Value="5"/>
<Cov CovItemId="B22" Value="1"/>
<Cov CovItemId="B26" Value="1"/>
<Cov CovItemId="B3" Value="2"/>
<Cov CovItemId="B4" Value="5"/>
<Cov CovItemId="B5" Value="1"/>
<Cov CovItemId="B6" Value="1"/>
<Cov CovItemId="B8" Value="1"/>
<Cov CovItemId="S10" Value="1"/>
<Cov CovItemId="S11" Value="1"/>
<Cov CovItemId="S12" Value="1"/>
<Cov CovItemId="S13" Value="1"/>
<Cov CovItemId="S14" Value="1"/>
<Cov CovItemId="S15" Value="1"/>
<Cov CovItemId="S16" Value="1"/>
<Cov CovItemId="S17" Value="1"/>
<Cov CovItemId="S18" Value="1"/>
<Cov CovItemId="S19" Value="1"/>
<Cov CovItemId="S20" Value="1"/>
<Cov CovItemId="S21" Value="1"/>
<Cov CovItemId="S22" Value="1"/>
<Cov CovItemId="S23" Value="7"/>
<Cov CovItemId="S24" Value="2"/>
<Cov CovItemId="S25" Value="2"/>
<Cov CovItemId="S26" Value="1"/>
<Cov CovItemId="S27" Value="7"/>
<Cov CovItemId="S28" Value="2"/>
<Cov CovItemId="S29" Value="2"/>
<Cov CovItemId="S30" Value="1"/>
<Cov CovItemId="S31" Value="1"/>
<Cov CovItemId="S32" Value="1"/>
<Cov CovItemId="S33" Value="2"/>
<Cov CovItemId="S34" Value="2"/>
<Cov CovItemId="S35" Value="2"/>
<Cov CovItemId="S36" Value="2"/>
<Cov CovItemId="S37" Value="1"/>
<Cov CovItemId="S40" Value="1"/>
<Cov CovItemId="S46" Value="1"/>
<Cov CovItemId="S47" Value="1"/>
<Cov CovItemId="S48" Value="1"/>
<Cov CovItemId="S5" Value="1"/>
<Cov CovItemId="S51" Value="1"/>
<Cov CovItemId="S53" Value="1"/>
<Cov CovItemId="S54" Value="2"/>
<Cov CovItemId="S55" Value="9"/>
<Cov CovItemId="S6" Value="1"/>
<Cov CovItemId="S8" Value="1"/>
<Cov CovItemId="S9" Value="1"/>
</CovPrefix>
</CovList>
<AssgnmntList/>
<ObjMetaDataList/>
<MetaDataList/>
</TestCase>
<TestCase Comment="" Date="1500942383497" Name="TestUnit.ClassDetailsTests:testHasConflict2">
<CovList>
<CovPrefix CovItemPrefix="TestUnit.ClassDetails.java">
<Cov CovItemId="B1" Value="2"/>
<Cov CovItemId="B2" Value="5"/>
<Cov CovItemId="B3" Value="2"/>
<Cov CovItemId="B4" Value="5"/>
<Cov CovItemId="B5" Value="1"/>
<Cov CovItemId="B7" Value="1"/>
<Cov CovItemId="B9" Value="1"/>
<Cov CovItemId="S10" Value="1"/>
<Cov CovItemId="S11" Value="1"/>
<Cov CovItemId="S12" Value="1"/>
<Cov CovItemId="S13" Value="1"/>
<Cov CovItemId="S14" Value="1"/>
<Cov CovItemId="S15" Value="1"/>
<Cov CovItemId="S16" Value="1"/>
<Cov CovItemId="S17" Value="1"/>
<Cov CovItemId="S18" Value="1"/>
<Cov CovItemId="S19" Value="1"/>
<Cov CovItemId="S20" Value="1"/>
<Cov CovItemId="S21" Value="1"/>
<Cov CovItemId="S22" Value="1"/>
<Cov CovItemId="S23" Value="7"/>
<Cov CovItemId="S24" Value="2"/>
<Cov CovItemId="S25" Value="2"/>
<Cov CovItemId="S26" Value="1"/>
<Cov CovItemId="S27" Value="7"/>
<Cov CovItemId="S28" Value="2"/>
<Cov CovItemId="S29" Value="2"/>
<Cov CovItemId="S30" Value="1"/>
<Cov CovItemId="S31" Value="1"/>
<Cov CovItemId="S32" Value="1"/>
<Cov CovItemId="S33" Value="1"/>
<Cov CovItemId="S34" Value="1"/>
<Cov CovItemId="S35" Value="1"/>
<Cov CovItemId="S36" Value="1"/>
<Cov CovItemId="S37" Value="1"/>
<Cov CovItemId="S38" Value="1"/>
<Cov CovItemId="S39" Value="1"/>
<Cov CovItemId="S5" Value="1"/>
<Cov CovItemId="S54" Value="2"/>
<Cov CovItemId="S55" Value="9"/>
<Cov CovItemId="S6" Value="1"/>
<Cov CovItemId="S8" Value="1"/>
<Cov CovItemId="S9" Value="1"/>
</CovPrefix>
</CovList>
<AssgnmntList/>
<ObjMetaDataList/>
<MetaDataList/>
</TestCase>
<TestCase Comment="" Date="1500942383513" Name="TestUnit.ClassDetailsTests:testHasConflict3">
<CovList>
<CovPrefix CovItemPrefix="TestUnit.ClassDetails.java">
<Cov CovItemId="B1" Value="2"/>
<Cov CovItemId="B2" Value="5"/>
<Cov CovItemId="B3" Value="2"/>
<Cov CovItemId="B4" Value="5"/>
<Cov CovItemId="B5" Value="1"/>
<Cov CovItemId="B7" Value="1"/>
<Cov CovItemId="B9" Value="1"/>
<Cov CovItemId="S10" Value="1"/>
<Cov CovItemId="S11" Value="1"/>
<Cov CovItemId="S12" Value="1"/>
<Cov CovItemId="S13" Value="1"/>
<Cov CovItemId="S14" Value="1"/>
<Cov CovItemId="S15" Value="1"/>
<Cov CovItemId="S16" Value="1"/>
<Cov CovItemId="S17" Value="1"/>
<Cov CovItemId="S18" Value="1"/>
<Cov CovItemId="S19" Value="1"/>
<Cov CovItemId="S20" Value="1"/>
<Cov CovItemId="S21" Value="1"/>
<Cov CovItemId="S22" Value="1"/>
<Cov CovItemId="S23" Value="7"/>
<Cov CovItemId="S24" Value="2"/>
<Cov CovItemId="S25" Value="2"/>
<Cov CovItemId="S26" Value="1"/>
<Cov CovItemId="S27" Value="7"/>
<Cov CovItemId="S28" Value="2"/>
<Cov CovItemId="S29" Value="2"/>
<Cov CovItemId="S30" Value="1"/>
<Cov CovItemId="S31" Value="1"/>
<Cov CovItemId="S32" Value="1"/>
<Cov CovItemId="S33" Value="1"/>
<Cov CovItemId="S34" Value="1"/>
<Cov CovItemId="S35" Value="1"/>
<Cov CovItemId="S36" Value="1"/>
<Cov CovItemId="S37" Value="1"/>
<Cov CovItemId="S38" Value="1"/>
<Cov CovItemId="S39" Value="1"/>
<Cov CovItemId="S5" Value="1"/>
<Cov CovItemId="S54" Value="2"/>
<Cov CovItemId="S55" Value="9"/>
<Cov CovItemId="S6" Value="1"/>
<Cov CovItemId="S8" Value="1"/>
<Cov CovItemId="S9" Value="1"/>
</CovPrefix>
</CovList>
<AssgnmntList/>
<ObjMetaDataList/>
<MetaDataList/>
</TestCase>
<TestCase Comment="Failure&#10;java.lang.AssertionError: expected:&lt;true&gt; but was:&lt;false&gt;&#13;&#10;&#9;at org.junit.Assert.fail(Assert.java:88)&#13;&#10;&#9;at org.junit.Assert.failNotEquals(Assert.java:743)&#13;&#10;&#9;at org.junit.Assert.assertEquals(Assert.java:118)&#13;&#10;&#9;at org.junit.Assert.assertEquals(Assert.java:144)&#13;&#10;&#9;at TestUnit.ClassDetailsTests.testHasConflict4(ClassDetailsTests.java:102)&#13;&#10;&#9;at sun.reflect.NativeMethodAccessorImpl.invoke0(Native Method)&#13;&#10;&#9;at sun.reflect.NativeMethodAccessorImpl.invoke(Unknown Source)&#13;&#10;&#9;at sun.reflect.DelegatingMethodAccessorImpl.invoke(Unknown Source)&#13;&#10;&#9;at java.lang.reflect.Method.invoke(Unknown Source)&#13;&#10;&#9;at org.junit.runners.model.FrameworkMethod$1.runReflectiveCall(FrameworkMethod.java:47)&#13;&#10;&#9;at org.junit.internal.runners.model.ReflectiveCallable.run(ReflectiveCallable.java:12)&#13;&#10;&#9;at org.junit.runners.model.FrameworkMethod.invokeExplosively(FrameworkMethod.java:44)&#13;&#10;&#9;at org.junit.internal.runners.statements.InvokeMethod.evaluate(InvokeMethod.java:17)&#13;&#10;&#9;at org.junit.internal.runners.statements.RunBefores.evaluate(RunBefores.java:26)&#13;&#10;&#9;at org.junit.internal.runners.statements.RunAfters.evaluate(RunAfters.java:27)&#13;&#10;&#9;at org.junit.runners.ParentRunner.runLeaf(ParentRunner.java:271)&#13;&#10;&#9;at org.junit.runners.BlockJUnit4ClassRunner.runChild(BlockJUnit4ClassRunner.java:70)&#13;&#10;&#9;at org.junit.runners.BlockJUnit4ClassRunner.runChild(BlockJUnit4ClassRunner.java:50)&#13;&#10;&#9;at org.junit.runners.ParentRunner$3.run(ParentRunner.java:238)&#13;&#10;&#9;at org.junit.runners.ParentRunner$1.schedule(ParentRunner.java:63)&#13;&#10;&#9;at org.junit.runners.ParentRunner.runChildren(ParentRunner.java:236)&#13;&#10;&#9;at org.junit.runners.ParentRunner.access$000(ParentRunner.java:53)&#13;&#10;&#9;at org.junit.runners.ParentRunner$2.evaluate(ParentRunner.java:229)&#13;&#10;&#9;at org.junit.runners.ParentRunner.run(ParentRunner.java:309)&#13;&#10;&#9;at org.eclipse.jdt.internal.junit4.runner.JUnit4TestReference.run(JUnit4TestReference.java:50)&#13;&#10;&#9;at org.eclipse.jdt.internal.junit.runner.TestExecution.run(TestExecution.java:38)&#13;&#10;&#9;at org.eclipse.jdt.internal.junit.runner.RemoteTestRunner.runTests(RemoteTestRunner.java:467)&#13;&#10;&#9;at org.eclipse.jdt.internal.junit.runner.RemoteTestRunner.runTests(RemoteTestRunner.java:683)&#13;&#10;&#9;at org.eclipse.jdt.internal.junit.runner.RemoteTestRunner.run(RemoteTestRunner.java:390)&#13;&#10;&#9;at org.codecover.juniteclipse.runner.EclipseTestRunner.main(EclipseTestRunner.java:40)" Date="1500942383513" Name="TestUnit.ClassDetailsTests:testHasConflict4">
<CovList>
<CovPrefix CovItemPrefix="TestUnit.ClassDetails.java">
<Cov CovItemId="B1" Value="2"/>
<Cov CovItemId="B10" Value="1"/>
<Cov CovItemId="B2" Value="5"/>
<Cov CovItemId="B3" Value="2"/>
<Cov CovItemId="B4" Value="5"/>
<Cov CovItemId="B5" Value="1"/>
<Cov CovItemId="B6" Value="1"/>
<Cov CovItemId="B7" Value="1"/>
<Cov CovItemId="S10" Value="1"/>
<Cov CovItemId="S11" Value="1"/>
<Cov CovItemId="S12" Value="1"/>
<Cov CovItemId="S13" Value="1"/>
<Cov CovItemId="S14" Value="1"/>
<Cov CovItemId="S15" Value="1"/>
<Cov CovItemId="S16" Value="1"/>
<Cov CovItemId="S17" Value="1"/>
<Cov CovItemId="S18" Value="1"/>
<Cov CovItemId="S19" Value="1"/>
<Cov CovItemId="S20" Value="1"/>
<Cov CovItemId="S21" Value="1"/>
<Cov CovItemId="S22" Value="1"/>
<Cov CovItemId="S23" Value="7"/>
<Cov CovItemId="S24" Value="2"/>
<Cov CovItemId="S25" Value="2"/>
<Cov CovItemId="S26" Value="1"/>
<Cov CovItemId="S27" Value="7"/>
<Cov CovItemId="S28" Value="2"/>
<Cov CovItemId="S29" Value="2"/>
<Cov CovItemId="S30" Value="1"/>
<Cov CovItemId="S31" Value="1"/>
<Cov CovItemId="S32" Value="1"/>
<Cov CovItemId="S33" Value="2"/>
<Cov CovItemId="S34" Value="2"/>
<Cov CovItemId="S35" Value="2"/>
<Cov CovItemId="S36" Value="2"/>
<Cov CovItemId="S37" Value="1"/>
<Cov CovItemId="S38" Value="1"/>
<Cov CovItemId="S5" Value="1"/>
<Cov CovItemId="S53" Value="1"/>
<Cov CovItemId="S54" Value="2"/>
<Cov CovItemId="S55" Value="9"/>
<Cov CovItemId="S6" Value="1"/>
<Cov CovItemId="S8" Value="1"/>
<Cov CovItemId="S9" Value="1"/>
</CovPrefix>
</CovList>
<AssgnmntList/>
<ObjMetaDataList/>
<MetaDataList/>
</TestCase>
<TestCase Comment="" Date="1500942383513" Name="TestUnit.ClassDetailsTests:testHasConflict5">
<CovList>
<CovPrefix CovItemPrefix="TestUnit.ClassDetails.java">
<Cov CovItemId="B1" Value="2"/>
<Cov CovItemId="B11" Value="1"/>
<Cov CovItemId="B13" Value="1"/>
<Cov CovItemId="B15" Value="1"/>
<Cov CovItemId="B2" Value="5"/>
<Cov CovItemId="B3" Value="2"/>
<Cov CovItemId="B4" Value="5"/>
<Cov CovItemId="B5" Value="1"/>
<Cov CovItemId="B8" Value="1"/>
<Cov CovItemId="S10" Value="1"/>
<Cov CovItemId="S11" Value="1"/>
<Cov CovItemId="S12" Value="1"/>
<Cov CovItemId="S13" Value="1"/>
<Cov CovItemId="S14" Value="1"/>
<Cov CovItemId="S15" Value="1"/>
<Cov CovItemId="S16" Value="1"/>
<Cov CovItemId="S17" Value="1"/>
<Cov CovItemId="S18" Value="1"/>
<Cov CovItemId="S19" Value="1"/>
<Cov CovItemId="S20" Value="1"/>
<Cov CovItemId="S21" Value="1"/>
<Cov CovItemId="S22" Value="1"/>
<Cov CovItemId="S23" Value="7"/>
<Cov CovItemId="S24" Value="2"/>
<Cov CovItemId="S25" Value="2"/>
<Cov CovItemId="S26" Value="1"/>
<Cov CovItemId="S27" Value="7"/>
<Cov CovItemId="S28" Value="2"/>
<Cov CovItemId="S29" Value="2"/>
<Cov CovItemId="S30" Value="1"/>
<Cov CovItemId="S31" Value="1"/>
<Cov CovItemId="S32" Value="1"/>
<Cov CovItemId="S33" Value="1"/>
<Cov CovItemId="S34" Value="1"/>
<Cov CovItemId="S35" Value="1"/>
<Cov CovItemId="S36" Value="1"/>
<Cov CovItemId="S37" Value="1"/>
<Cov CovItemId="S40" Value="1"/>
<Cov CovItemId="S41" Value="1"/>
<Cov CovItemId="S42" Value="1"/>
<Cov CovItemId="S43" Value="1"/>
<Cov CovItemId="S5" Value="1"/>
<Cov CovItemId="S54" Value="2"/>
<Cov CovItemId="S55" Value="9"/>
<Cov CovItemId="S6" Value="1"/>
<Cov CovItemId="S8" Value="1"/>
<Cov CovItemId="S9" Value="1"/>
</CovPrefix>
</CovList>
<AssgnmntList/>
<ObjMetaDataList/>
<MetaDataList/>
</TestCase>
<TestCase Comment="" Date="1500942383513" Name="TestUnit.ClassDetailsTests:testHasConflict6">
<CovList>
<CovPrefix CovItemPrefix="TestUnit.ClassDetails.java">
<Cov CovItemId="B1" Value="2"/>
<Cov CovItemId="B11" Value="1"/>
<Cov CovItemId="B14" Value="1"/>
<Cov CovItemId="B17" Value="1"/>
<Cov CovItemId="B2" Value="5"/>
<Cov CovItemId="B3" Value="2"/>
<Cov CovItemId="B4" Value="5"/>
<Cov CovItemId="B5" Value="1"/>
<Cov CovItemId="B8" Value="1"/>
<Cov CovItemId="S10" Value="1"/>
<Cov CovItemId="S11" Value="1"/>
<Cov CovItemId="S12" Value="1"/>
<Cov CovItemId="S13" Value="1"/>
<Cov CovItemId="S14" Value="1"/>
<Cov CovItemId="S15" Value="1"/>
<Cov CovItemId="S16" Value="1"/>
<Cov CovItemId="S17" Value="1"/>
<Cov CovItemId="S18" Value="1"/>
<Cov CovItemId="S19" Value="1"/>
<Cov CovItemId="S20" Value="1"/>
<Cov CovItemId="S21" Value="1"/>
<Cov CovItemId="S22" Value="1"/>
<Cov CovItemId="S23" Value="7"/>
<Cov CovItemId="S24" Value="2"/>
<Cov CovItemId="S25" Value="2"/>
<Cov CovItemId="S26" Value="1"/>
<Cov CovItemId="S27" Value="7"/>
<Cov CovItemId="S28" Value="2"/>
<Cov CovItemId="S29" Value="2"/>
<Cov CovItemId="S30" Value="1"/>
<Cov CovItemId="S31" Value="1"/>
<Cov CovItemId="S32" Value="1"/>
<Cov CovItemId="S33" Value="1"/>
<Cov CovItemId="S34" Value="1"/>
<Cov CovItemId="S35" Value="1"/>
<Cov CovItemId="S36" Value="1"/>
<Cov CovItemId="S37" Value="1"/>
<Cov CovItemId="S40" Value="1"/>
<Cov CovItemId="S41" Value="1"/>
<Cov CovItemId="S44" Value="1"/>
<Cov CovItemId="S45" Value="1"/>
<Cov CovItemId="S5" Value="1"/>
<Cov CovItemId="S54" Value="2"/>
<Cov CovItemId="S55" Value="9"/>
<Cov CovItemId="S6" Value="1"/>
<Cov CovItemId="S8" Value="1"/>
<Cov CovItemId="S9" Value="1"/>
</CovPrefix>
</CovList>
<AssgnmntList/>
<ObjMetaDataList/>
<MetaDataList/>
</TestCase>
<TestCase Comment="" Date="1500942383513" Name="TestUnit.ClassDetailsTests:testHasConflict7">
<CovList>
<CovPrefix CovItemPrefix="TestUnit.ClassDetails.java">
<Cov CovItemId="B1" Value="2"/>
<Cov CovItemId="B12" Value="1"/>
<Cov CovItemId="B19" Value="1"/>
<Cov CovItemId="B2" Value="5"/>
<Cov CovItemId="B22" Value="1"/>
<Cov CovItemId="B25" Value="1"/>
<Cov CovItemId="B3" Value="2"/>
<Cov CovItemId="B4" Value="5"/>
<Cov CovItemId="B5" Value="1"/>
<Cov CovItemId="B8" Value="1"/>
<Cov CovItemId="S10" Value="1"/>
<Cov CovItemId="S11" Value="1"/>
<Cov CovItemId="S12" Value="1"/>
<Cov CovItemId="S13" Value="1"/>
<Cov CovItemId="S14" Value="1"/>
<Cov CovItemId="S15" Value="1"/>
<Cov CovItemId="S16" Value="1"/>
<Cov CovItemId="S17" Value="1"/>
<Cov CovItemId="S18" Value="1"/>
<Cov CovItemId="S19" Value="1"/>
<Cov CovItemId="S20" Value="1"/>
<Cov CovItemId="S21" Value="1"/>
<Cov CovItemId="S22" Value="1"/>
<Cov CovItemId="S23" Value="7"/>
<Cov CovItemId="S24" Value="2"/>
<Cov CovItemId="S25" Value="2"/>
<Cov CovItemId="S26" Value="1"/>
<Cov CovItemId="S27" Value="7"/>
<Cov CovItemId="S28" Value="2"/>
<Cov CovItemId="S29" Value="2"/>
<Cov CovItemId="S30" Value="1"/>
<Cov CovItemId="S31" Value="1"/>
<Cov CovItemId="S32" Value="1"/>
<Cov CovItemId="S33" Value="1"/>
<Cov CovItemId="S34" Value="1"/>
<Cov CovItemId="S35" Value="1"/>
<Cov CovItemId="S36" Value="1"/>
<Cov CovItemId="S37" Value="1"/>
<Cov CovItemId="S40" Value="1"/>
<Cov CovItemId="S46" Value="1"/>
<Cov CovItemId="S47" Value="1"/>
<Cov CovItemId="S48" Value="1"/>
<Cov CovItemId="S5" Value="1"/>
<Cov CovItemId="S51" Value="1"/>
<Cov CovItemId="S52" Value="1"/>
<Cov CovItemId="S54" Value="2"/>
<Cov CovItemId="S55" Value="9"/>
<Cov CovItemId="S6" Value="1"/>
<Cov CovItemId="S8" Value="1"/>
<Cov CovItemId="S9" Value="1"/>
</CovPrefix>
</CovList>
<AssgnmntList/>
<ObjMetaDataList/>
<MetaDataList/>
</TestCase>
<TestCase Comment="" Date="1500942383513" Name="TestUnit.ClassDetailsTests:testHasConflict8">
<CovList>
<CovPrefix CovItemPrefix="TestUnit.ClassDetails.java">
<Cov CovItemId="B1" Value="2"/>
<Cov CovItemId="B11" Value="1"/>
<Cov CovItemId="B14" Value="1"/>
<Cov CovItemId="B17" Value="1"/>
<Cov CovItemId="B2" Value="5"/>
<Cov CovItemId="B3" Value="2"/>
<Cov CovItemId="B4" Value="5"/>
<Cov CovItemId="B5" Value="1"/>
<Cov CovItemId="B8" Value="1"/>
<Cov CovItemId="S10" Value="1"/>
<Cov CovItemId="S11" Value="1"/>
<Cov CovItemId="S12" Value="1"/>
<Cov CovItemId="S13" Value="1"/>
<Cov CovItemId="S14" Value="1"/>
<Cov CovItemId="S15" Value="1"/>
<Cov CovItemId="S16" Value="1"/>
<Cov CovItemId="S17" Value="1"/>
<Cov CovItemId="S18" Value="1"/>
<Cov CovItemId="S19" Value="1"/>
<Cov CovItemId="S20" Value="1"/>
<Cov CovItemId="S21" Value="1"/>
<Cov CovItemId="S22" Value="1"/>
<Cov CovItemId="S23" Value="7"/>
<Cov CovItemId="S24" Value="2"/>
<Cov CovItemId="S25" Value="2"/>
<Cov CovItemId="S26" Value="1"/>
<Cov CovItemId="S27" Value="7"/>
<Cov CovItemId="S28" Value="2"/>
<Cov CovItemId="S29" Value="2"/>
<Cov CovItemId="S30" Value="1"/>
<Cov CovItemId="S31" Value="1"/>
<Cov CovItemId="S32" Value="1"/>
<Cov CovItemId="S33" Value="1"/>
<Cov CovItemId="S34" Value="1"/>
<Cov CovItemId="S35" Value="1"/>
<Cov CovItemId="S36" Value="1"/>
<Cov CovItemId="S37" Value="1"/>
<Cov CovItemId="S40" Value="1"/>
<Cov CovItemId="S41" Value="1"/>
<Cov CovItemId="S44" Value="1"/>
<Cov CovItemId="S45" Value="1"/>
<Cov CovItemId="S5" Value="1"/>
<Cov CovItemId="S54" Value="2"/>
<Cov CovItemId="S55" Value="9"/>
<Cov CovItemId="S6" Value="1"/>
<Cov CovItemId="S8" Value="1"/>
<Cov CovItemId="S9" Value="1"/>
</CovPrefix>
</CovList>
<AssgnmntList/>
<ObjMetaDataList/>
<MetaDataList/>
</TestCase>
<TestCase Comment="" Date="1500942383529" Name="TestUnit.ClassDetailsTests:testHasConflict9">
<CovList>
<CovPrefix CovItemPrefix="TestUnit.ClassDetails.java">
<Cov CovItemId="B1" Value="2"/>
<Cov CovItemId="B11" Value="1"/>
<Cov CovItemId="B13" Value="1"/>
<Cov CovItemId="B15" Value="1"/>
<Cov CovItemId="B2" Value="5"/>
<Cov CovItemId="B3" Value="2"/>
<Cov CovItemId="B4" Value="5"/>
<Cov CovItemId="B5" Value="1"/>
<Cov CovItemId="B8" Value="1"/>
<Cov CovItemId="S10" Value="1"/>
<Cov CovItemId="S11" Value="1"/>
<Cov CovItemId="S12" Value="1"/>
<Cov CovItemId="S13" Value="1"/>
<Cov CovItemId="S14" Value="1"/>
<Cov CovItemId="S15" Value="1"/>
<Cov CovItemId="S16" Value="1"/>
<Cov CovItemId="S17" Value="1"/>
<Cov CovItemId="S18" Value="1"/>
<Cov CovItemId="S19" Value="1"/>
<Cov CovItemId="S20" Value="1"/>
<Cov CovItemId="S21" Value="1"/>
<Cov CovItemId="S22" Value="1"/>
<Cov CovItemId="S23" Value="7"/>
<Cov CovItemId="S24" Value="2"/>
<Cov CovItemId="S25" Value="2"/>
<Cov CovItemId="S26" Value="1"/>
<Cov CovItemId="S27" Value="7"/>
<Cov CovItemId="S28" Value="2"/>
<Cov CovItemId="S29" Value="2"/>
<Cov CovItemId="S30" Value="1"/>
<Cov CovItemId="S31" Value="1"/>
<Cov CovItemId="S32" Value="1"/>
<Cov CovItemId="S33" Value="1"/>
<Cov CovItemId="S34" Value="1"/>
<Cov CovItemId="S35" Value="1"/>
<Cov CovItemId="S36" Value="1"/>
<Cov CovItemId="S37" Value="1"/>
<Cov CovItemId="S40" Value="1"/>
<Cov CovItemId="S41" Value="1"/>
<Cov CovItemId="S42" Value="1"/>
<Cov CovItemId="S43" Value="1"/>
<Cov CovItemId="S5" Value="1"/>
<Cov CovItemId="S54" Value="2"/>
<Cov CovItemId="S55" Value="9"/>
<Cov CovItemId="S6" Value="1"/>
<Cov CovItemId="S8" Value="1"/>
<Cov CovItemId="S9" Value="1"/>
</CovPrefix>
</CovList>
<AssgnmntList/>
<ObjMetaDataList/>
<MetaDataList/>
</TestCase>
<TestCase Comment="" Date="1500942383529" Name="TestUnit.ClassDetailsTests:testIsAtTime1">
<CovList>
<CovPrefix CovItemPrefix="TestUnit.ClassDetails.java">
<Cov CovItemId="B28" Value="1"/>
<Cov CovItemId="S5" Value="1"/>
<Cov CovItemId="S54" Value="1"/>
<Cov CovItemId="S55" Value="10"/>
<Cov CovItemId="S56" Value="1"/>
<Cov CovItemId="S58" Value="1"/>
<Cov CovItemId="S6" Value="1"/>
</CovPrefix>
</CovList>
<AssgnmntList/>
<ObjMetaDataList/>
<MetaDataList/>
</TestCase>
<TestCase Comment="" Date="1500942383841" Name="TestUnit.ClassDetailsTests:testIsAtTime2">
<CovList>
<CovPrefix CovItemPrefix="TestUnit.ClassDetails.java">
<Cov CovItemId="B27" Value="1"/>
<Cov CovItemId="S5" Value="1"/>
<Cov CovItemId="S54" Value="2"/>
<Cov CovItemId="S55" Value="10"/>
<Cov CovItemId="S56" Value="1"/>
<Cov CovItemId="S57" Value="1"/>
<Cov CovItemId="S6" Value="1"/>
</CovPrefix>
</CovList>
<AssgnmntList/>
<ObjMetaDataList/>
<MetaDataList/>
</TestCase>
<TestCase Comment="" Date="1500942383841" Name="TestUnit.ClassDetailsTests:testGetDays">
<CovList>
<CovPrefix CovItemPrefix="TestUnit.ClassDetails.java">
<Cov CovItemId="S5" Value="1"/>
<Cov CovItemId="S54" Value="1"/>
<Cov CovItemId="S55" Value="10"/>
<Cov CovItemId="S6" Value="1"/>
<Cov CovItemId="S69" Value="1"/>
</CovPrefix>
</CovList>
<AssgnmntList/>
<ObjMetaDataList/>
<MetaDataList/>
</TestCase>
<TestCase Comment="" Date="1500942383841" Name="TestUnit.ClassDetailsTests:testGetTerm">
<CovList>
<CovPrefix CovItemPrefix="TestUnit.ClassDetails.java">
<Cov CovItemId="S1" Value="1"/>
<Cov CovItemId="S2" Value="1"/>
<Cov CovItemId="S5" Value="1"/>
<Cov CovItemId="S55" Value="9"/>
<Cov CovItemId="S6" Value="1"/>
</CovPrefix>
</CovList>
<AssgnmntList/>
<ObjMetaDataList/>
<MetaDataList/>
</TestCase>
<TestCase Comment="" Date="1500942383841" Name="TestUnit.ClassDetailsTests:testGetTime">
<CovList>
<CovPrefix CovItemPrefix="TestUnit.ClassDetails.java">
<Cov CovItemId="S5" Value="1"/>
<Cov CovItemId="S54" Value="1"/>
<Cov CovItemId="S55" Value="10"/>
<Cov CovItemId="S6" Value="1"/>
</CovPrefix>
</CovList>
<AssgnmntList/>
<ObjMetaDataList/>
<MetaDataList/>
</TestCase>
<TestCase Comment="" Date="1500942383857" Name="TestUnit.ClassDetailsTests:testIsAtDay1">
<CovList>
<CovPrefix CovItemPrefix="TestUnit.ClassDetails.java">
<Cov CovItemId="B29" Value="1"/>
<Cov CovItemId="S5" Value="1"/>
<Cov CovItemId="S54" Value="1"/>
<Cov CovItemId="S55" Value="10"/>
<Cov CovItemId="S59" Value="1"/>
<Cov CovItemId="S6" Value="1"/>
<Cov CovItemId="S60" Value="1"/>
</CovPrefix>
</CovList>
<AssgnmntList/>
<ObjMetaDataList/>
<MetaDataList/>
</TestCase>
<TestCase Comment="" Date="1500942383857" Name="TestUnit.ClassDetailsTests:testIsAtDay2">
<CovList>
<CovPrefix CovItemPrefix="TestUnit.ClassDetails.java">
<Cov CovItemId="B30" Value="1"/>
<Cov CovItemId="S5" Value="1"/>
<Cov CovItemId="S54" Value="1"/>
<Cov CovItemId="S55" Value="10"/>
<Cov CovItemId="S59" Value="1"/>
<Cov CovItemId="S6" Value="1"/>
<Cov CovItemId="S61" Value="1"/>
</CovPrefix>
</CovList>
<AssgnmntList/>
<ObjMetaDataList/>
<MetaDataList/>
</TestCase>
<TestCase Comment="" Date="1500942383857" Name="TestUnit.ClassDetailsTests:testSetCourse">
<CovList>
<CovPrefix CovItemPrefix="TestUnit.ClassDetails.java">
<Cov CovItemId="S5" Value="1"/>
<Cov CovItemId="S55" Value="9"/>
<Cov CovItemId="S6" Value="1"/>
<Cov CovItemId="S70" Value="1"/>
<Cov CovItemId="S71" Value="1"/>
</CovPrefix>
</CovList>
<AssgnmntList/>
<ObjMetaDataList/>
<MetaDataList/>
</TestCase>
<TestCase Comment="" Date="1500942383857" Name="TestUnit.ClassDetailsTests:testGetCampus">
<CovList>
<CovPrefix CovItemPrefix="TestUnit.ClassDetails.java">
<Cov CovItemId="S3" Value="1"/>
<Cov CovItemId="S4" Value="1"/>
<Cov CovItemId="S5" Value="1"/>
<Cov CovItemId="S55" Value="9"/>
<Cov CovItemId="S6" Value="1"/>
</CovPrefix>
</CovList>
<AssgnmntList/>
<ObjMetaDataList/>
<MetaDataList/>
</TestCase>
<TestCase Comment="" Date="1500942383857" Name="TestUnit.ClassDetailsTests:testGetCourse">
<CovList>
<CovPrefix CovItemPrefix="TestUnit.ClassDetails.java">
<Cov CovItemId="S5" Value="1"/>
<Cov CovItemId="S55" Value="9"/>
<Cov CovItemId="S6" Value="1"/>
<Cov CovItemId="S70" Value="1"/>
<Cov CovItemId="S71" Value="1"/>
</CovPrefix>
</CovList>
<AssgnmntList/>
<ObjMetaDataList/>
<MetaDataList/>
</TestCase>
<TestCase Comment="" Date="1500942383872" Name="TestUnit.ClassDetailsTests:testSetTerm">
<CovList>
<CovPrefix CovItemPrefix="TestUnit.ClassDetails.java">
<Cov CovItemId="S1" Value="1"/>
<Cov CovItemId="S2" Value="1"/>
<Cov CovItemId="S5" Value="1"/>
<Cov CovItemId="S55" Value="9"/>
<Cov CovItemId="S6" Value="1"/>
</CovPrefix>
</CovList>
<AssgnmntList/>
<ObjMetaDataList/>
<MetaDataList/>
</TestCase>
<TestCase Comment="" Date="1500942383872" Name="TestUnit.ClassDetailsTests:testSetTime">
<CovList>
<CovPrefix CovItemPrefix="TestUnit.ClassDetails.java">
<Cov CovItemId="S5" Value="1"/>
<Cov CovItemId="S54" Value="1"/>
<Cov CovItemId="S55" Value="10"/>
<Cov CovItemId="S6" Value="1"/>
</CovPrefix>
</CovList>
<AssgnmntList/>
<ObjMetaDataList/>
<MetaDataList/>
</TestCase>
<TestCase Comment="" Date="1500942383872" Name="TestUnit.ClassDetailsTests:testSetClassNbr">
<CovList>
<CovPrefix CovItemPrefix="TestUnit.ClassDetails.java">
<Cov CovItemId="S5" Value="1"/>
<Cov CovItemId="S55" Value="9"/>
<Cov CovItemId="S6" Value="1"/>
</CovPrefix>
</CovList>
<AssgnmntList/>
<ObjMetaDataList/>
<MetaDataList/>
</TestCase>
<MetaDataList/>
</TestSession>
<TestSession Comment="" Date="1500942449615" Name="Jul 24, 2017 8:27:29 PM">
<TestCase Comment="" Date="1500942449303" Name="TestUnit.ClassDetailsTests:testSetCampus1">
<CovList>
<CovPrefix CovItemPrefix="TestUnit.ClassDetails.java">
<Cov CovItemId="S3" Value="1"/>
<Cov CovItemId="S4" Value="1"/>
<Cov CovItemId="S5" Value="1"/>
<Cov CovItemId="S55" Value="9"/>
<Cov CovItemId="S6" Value="1"/>
</CovPrefix>
</CovList>
<AssgnmntList/>
<ObjMetaDataList/>
<MetaDataList/>
</TestCase>
<TestCase Comment="" Date="1500942449318" Name="TestUnit.ClassDetailsTests:testSetCampus2">
<CovList>
<CovPrefix CovItemPrefix="TestUnit.ClassDetails.java">
<Cov CovItemId="S3" Value="1"/>
<Cov CovItemId="S4" Value="1"/>
<Cov CovItemId="S5" Value="1"/>
<Cov CovItemId="S55" Value="9"/>
<Cov CovItemId="S6" Value="1"/>
</CovPrefix>
</CovList>
<AssgnmntList/>
<ObjMetaDataList/>
<MetaDataList/>
</TestCase>
<TestCase Comment="Failure&#10;java.lang.AssertionError&#13;&#10;&#9;at org.junit.Assert.fail(Assert.java:86)&#13;&#10;&#9;at org.junit.Assert.assertTrue(Assert.java:41)&#13;&#10;&#9;at org.junit.Assert.assertNotNull(Assert.java:621)&#13;&#10;&#9;at TestUnit.ClassDetailsTests.testGetInstructor(ClassDetailsTests.java:159)&#13;&#10;&#9;at sun.reflect.NativeMethodAccessorImpl.invoke0(Native Method)&#13;&#10;&#9;at sun.reflect.NativeMethodAccessorImpl.invoke(Unknown Source)&#13;&#10;&#9;at sun.reflect.DelegatingMethodAccessorImpl.invoke(Unknown Source)&#13;&#10;&#9;at java.lang.reflect.Method.invoke(Unknown Source)&#13;&#10;&#9;at org.junit.runners.model.FrameworkMethod$1.runReflectiveCall(FrameworkMethod.java:47)&#13;&#10;&#9;at org.junit.internal.runners.model.ReflectiveCallable.run(ReflectiveCallable.java:12)&#13;&#10;&#9;at org.junit.runners.model.FrameworkMethod.invokeExplosively(FrameworkMethod.java:44)&#13;&#10;&#9;at org.junit.internal.runners.statements.InvokeMethod.evaluate(InvokeMethod.java:17)&#13;&#10;&#9;at org.junit.internal.runners.statements.RunBefores.evaluate(RunBefores.java:26)&#13;&#10;&#9;at org.junit.internal.runners.statements.RunAfters.evaluate(RunAfters.java:27)&#13;&#10;&#9;at org.junit.runners.ParentRunner.runLeaf(ParentRunner.java:271)&#13;&#10;&#9;at org.junit.runners.BlockJUnit4ClassRunner.runChild(BlockJUnit4ClassRunner.java:70)&#13;&#10;&#9;at org.junit.runners.BlockJUnit4ClassRunner.runChild(BlockJUnit4ClassRunner.java:50)&#13;&#10;&#9;at org.junit.runners.ParentRunner$3.run(ParentRunner.java:238)&#13;&#10;&#9;at org.junit.runners.ParentRunner$1.schedule(ParentRunner.java:63)&#13;&#10;&#9;at org.junit.runners.ParentRunner.runChildren(ParentRunner.java:236)&#13;&#10;&#9;at org.junit.runners.ParentRunner.access$000(ParentRunner.java:53)&#13;&#10;&#9;at org.junit.runners.ParentRunner$2.evaluate(ParentRunner.java:229)&#13;&#10;&#9;at org.junit.runners.ParentRunner.run(ParentRunner.java:309)&#13;&#10;&#9;at org.eclipse.jdt.internal.junit4.runner.JUnit4TestReference.run(JUnit4TestReference.java:50)&#13;&#10;&#9;at org.eclipse.jdt.internal.junit.runner.TestExecution.run(TestExecution.java:38)&#13;&#10;&#9;at org.eclipse.jdt.internal.junit.runner.RemoteTestRunner.runTests(RemoteTestRunner.java:467)&#13;&#10;&#9;at org.eclipse.jdt.internal.junit.runner.RemoteTestRunner.runTests(RemoteTestRunner.java:683)&#13;&#10;&#9;at org.eclipse.jdt.internal.junit.runner.RemoteTestRunner.run(RemoteTestRunner.java:390)&#13;&#10;&#9;at org.codecover.juniteclipse.runner.EclipseTestRunner.main(EclipseTestRunner.java:40)" Date="1500942449334" Name="TestUnit.ClassDetailsTests:testGetInstructor">
<CovList>
<CovPrefix CovItemPrefix="TestUnit.ClassDetails.java">
<Cov CovItemId="S5" Value="1"/>
<Cov CovItemId="S55" Value="9"/>
<Cov CovItemId="S6" Value="1"/>
<Cov CovItemId="S7" Value="1"/>
</CovPrefix>
</CovList>
<AssgnmntList/>
<ObjMetaDataList/>
<MetaDataList/>
</TestCase>
<TestCase Comment="Failure&#10;org.junit.ComparisonFailure: expected:&lt;[Programming&#10;12345&#10;10:00-12:0]0&#10;MMC&#10;&gt; but was:&lt;[COP3337&#10;null&#10;10:0-12:]0&#10;MMC&#10;&gt;&#13;&#10;&#9;at org.junit.Assert.assertEquals(Assert.java:115)&#13;&#10;&#9;at org.junit.Assert.assertEquals(Assert.java:144)&#13;&#10;&#9;at TestUnit.ClassDetailsTests.testToString(ClassDetailsTests.java:234)&#13;&#10;&#9;at sun.reflect.NativeMethodAccessorImpl.invoke0(Native Method)&#13;&#10;&#9;at sun.reflect.NativeMethodAccessorImpl.invoke(Unknown Source)&#13;&#10;&#9;at sun.reflect.DelegatingMethodAccessorImpl.invoke(Unknown Source)&#13;&#10;&#9;at java.lang.reflect.Method.invoke(Unknown Source)&#13;&#10;&#9;at org.junit.runners.model.FrameworkMethod$1.runReflectiveCall(FrameworkMethod.java:47)&#13;&#10;&#9;at org.junit.internal.runners.model.ReflectiveCallable.run(ReflectiveCallable.java:12)&#13;&#10;&#9;at org.junit.runners.model.FrameworkMethod.invokeExplosively(FrameworkMethod.java:44)&#13;&#10;&#9;at org.junit.internal.runners.statements.InvokeMethod.evaluate(InvokeMethod.java:17)&#13;&#10;&#9;at org.junit.internal.runners.statements.RunBefores.evaluate(RunBefores.java:26)&#13;&#10;&#9;at org.junit.internal.runners.statements.RunAfters.evaluate(RunAfters.java:27)&#13;&#10;&#9;at org.junit.runners.ParentRunner.runLeaf(ParentRunner.java:271)&#13;&#10;&#9;at org.junit.runners.BlockJUnit4ClassRunner.runChild(BlockJUnit4ClassRunner.java:70)&#13;&#10;&#9;at org.junit.runners.BlockJUnit4ClassRunner.runChild(BlockJUnit4ClassRunner.java:50)&#13;&#10;&#9;at org.junit.runners.ParentRunner$3.run(ParentRunner.java:238)&#13;&#10;&#9;at org.junit.runners.ParentRunner$1.schedule(ParentRunner.java:63)&#13;&#10;&#9;at org.junit.runners.ParentRunner.runChildren(ParentRunner.java:236)&#13;&#10;&#9;at org.junit.runners.ParentRunner.access$000(ParentRunner.java:53)&#13;&#10;&#9;at org.junit.runners.ParentRunner$2.evaluate(ParentRunner.java:229)&#13;&#10;&#9;at org.junit.runners.ParentRunner.run(ParentRunner.java:309)&#13;&#10;&#9;at org.eclipse.jdt.internal.junit4.runner.JUnit4TestReference.run(JUnit4TestReference.java:50)&#13;&#10;&#9;at org.eclipse.jdt.internal.junit.runner.TestExecution.run(TestExecution.java:38)&#13;&#10;&#9;at org.eclipse.jdt.internal.junit.runner.RemoteTestRunner.runTests(RemoteTestRunner.java:467)&#13;&#10;&#9;at org.eclipse.jdt.internal.junit.runner.RemoteTestRunner.runTests(RemoteTestRunner.java:683)&#13;&#10;&#9;at org.eclipse.jdt.internal.junit.runner.RemoteTestRunner.run(RemoteTestRunner.java:390)&#13;&#10;&#9;at org.codecover.juniteclipse.runner.EclipseTestRunner.main(EclipseTestRunner.java:40)" Date="1500942449350" Name="TestUnit.ClassDetailsTests:testToString">
<CovList>
<CovPrefix CovItemPrefix="TestUnit.ClassDetails.java">
<Cov CovItemId="B31" Value="1"/>
<Cov CovItemId="B33" Value="1"/>
<Cov CovItemId="S3" Value="1"/>
<Cov CovItemId="S5" Value="1"/>
<Cov CovItemId="S54" Value="2"/>
<Cov CovItemId="S55" Value="10"/>
<Cov CovItemId="S6" Value="1"/>
<Cov CovItemId="S62" Value="1"/>
<Cov CovItemId="S63" Value="1"/>
<Cov CovItemId="S64" Value="1"/>
<Cov CovItemId="S65" Value="1"/>
<Cov CovItemId="S66" Value="1"/>
<Cov CovItemId="S67" Value="1"/>
<Cov CovItemId="S68" Value="1"/>
<Cov CovItemId="S70" Value="1"/>
</CovPrefix>
</CovList>
<AssgnmntList/>
<ObjMetaDataList/>
<MetaDataList/>
</TestCase>
<TestCase Comment="" Date="1500942449350" Name="TestUnit.ClassDetailsTests:testHasConflict1">
<CovList>
<CovPrefix CovItemPrefix="TestUnit.ClassDetails.java">
<Cov CovItemId="B1" Value="2"/>
<Cov CovItemId="B12" Value="1"/>
<Cov CovItemId="B19" Value="1"/>
<Cov CovItemId="B2" Value="5"/>
<Cov CovItemId="B22" Value="1"/>
<Cov CovItemId="B26" Value="1"/>
<Cov CovItemId="B3" Value="2"/>
<Cov CovItemId="B4" Value="5"/>
<Cov CovItemId="B5" Value="1"/>
<Cov CovItemId="B6" Value="1"/>
<Cov CovItemId="B8" Value="1"/>
<Cov CovItemId="S10" Value="1"/>
<Cov CovItemId="S11" Value="1"/>
<Cov CovItemId="S12" Value="1"/>
<Cov CovItemId="S13" Value="1"/>
<Cov CovItemId="S14" Value="1"/>
<Cov CovItemId="S15" Value="1"/>
<Cov CovItemId="S16" Value="1"/>
<Cov CovItemId="S17" Value="1"/>
<Cov CovItemId="S18" Value="1"/>
<Cov CovItemId="S19" Value="1"/>
<Cov CovItemId="S20" Value="1"/>
<Cov CovItemId="S21" Value="1"/>
<Cov CovItemId="S22" Value="1"/>
<Cov CovItemId="S23" Value="7"/>
<Cov CovItemId="S24" Value="2"/>
<Cov CovItemId="S25" Value="2"/>
<Cov CovItemId="S26" Value="1"/>
<Cov CovItemId="S27" Value="7"/>
<Cov CovItemId="S28" Value="2"/>
<Cov CovItemId="S29" Value="2"/>
<Cov CovItemId="S30" Value="1"/>
<Cov CovItemId="S31" Value="1"/>
<Cov CovItemId="S32" Value="1"/>
<Cov CovItemId="S33" Value="2"/>
<Cov CovItemId="S34" Value="2"/>
<Cov CovItemId="S35" Value="2"/>
<Cov CovItemId="S36" Value="2"/>
<Cov CovItemId="S37" Value="1"/>
<Cov CovItemId="S40" Value="1"/>
<Cov CovItemId="S46" Value="1"/>
<Cov CovItemId="S47" Value="1"/>
<Cov CovItemId="S48" Value="1"/>
<Cov CovItemId="S5" Value="1"/>
<Cov CovItemId="S51" Value="1"/>
<Cov CovItemId="S53" Value="1"/>
<Cov CovItemId="S54" Value="2"/>
<Cov CovItemId="S55" Value="9"/>
<Cov CovItemId="S6" Value="1"/>
<Cov CovItemId="S8" Value="1"/>
<Cov CovItemId="S9" Value="1"/>
</CovPrefix>
</CovList>
<AssgnmntList/>
<ObjMetaDataList/>
<MetaDataList/>
</TestCase>
<TestCase Comment="" Date="1500942449350" Name="TestUnit.ClassDetailsTests:testHasConflict2">
<CovList>
<CovPrefix CovItemPrefix="TestUnit.ClassDetails.java">
<Cov CovItemId="B1" Value="2"/>
<Cov CovItemId="B2" Value="5"/>
<Cov CovItemId="B3" Value="2"/>
<Cov CovItemId="B4" Value="5"/>
<Cov CovItemId="B5" Value="1"/>
<Cov CovItemId="B7" Value="1"/>
<Cov CovItemId="B9" Value="1"/>
<Cov CovItemId="S10" Value="1"/>
<Cov CovItemId="S11" Value="1"/>
<Cov CovItemId="S12" Value="1"/>
<Cov CovItemId="S13" Value="1"/>
<Cov CovItemId="S14" Value="1"/>
<Cov CovItemId="S15" Value="1"/>
<Cov CovItemId="S16" Value="1"/>
<Cov CovItemId="S17" Value="1"/>
<Cov CovItemId="S18" Value="1"/>
<Cov CovItemId="S19" Value="1"/>
<Cov CovItemId="S20" Value="1"/>
<Cov CovItemId="S21" Value="1"/>
<Cov CovItemId="S22" Value="1"/>
<Cov CovItemId="S23" Value="7"/>
<Cov CovItemId="S24" Value="2"/>
<Cov CovItemId="S25" Value="2"/>
<Cov CovItemId="S26" Value="1"/>
<Cov CovItemId="S27" Value="7"/>
<Cov CovItemId="S28" Value="2"/>
<Cov CovItemId="S29" Value="2"/>
<Cov CovItemId="S30" Value="1"/>
<Cov CovItemId="S31" Value="1"/>
<Cov CovItemId="S32" Value="1"/>
<Cov CovItemId="S33" Value="1"/>
<Cov CovItemId="S34" Value="1"/>
<Cov CovItemId="S35" Value="1"/>
<Cov CovItemId="S36" Value="1"/>
<Cov CovItemId="S37" Value="1"/>
<Cov CovItemId="S38" Value="1"/>
<Cov CovItemId="S39" Value="1"/>
<Cov CovItemId="S5" Value="1"/>
<Cov CovItemId="S54" Value="2"/>
<Cov CovItemId="S55" Value="9"/>
<Cov CovItemId="S6" Value="1"/>
<Cov CovItemId="S8" Value="1"/>
<Cov CovItemId="S9" Value="1"/>
</CovPrefix>
</CovList>
<AssgnmntList/>
<ObjMetaDataList/>
<MetaDataList/>
</TestCase>
<TestCase Comment="" Date="1500942449350" Name="TestUnit.ClassDetailsTests:testHasConflict3">
<CovList>
<CovPrefix CovItemPrefix="TestUnit.ClassDetails.java">
<Cov CovItemId="B1" Value="2"/>
<Cov CovItemId="B2" Value="5"/>
<Cov CovItemId="B3" Value="2"/>
<Cov CovItemId="B4" Value="5"/>
<Cov CovItemId="B5" Value="1"/>
<Cov CovItemId="B7" Value="1"/>
<Cov CovItemId="B9" Value="1"/>
<Cov CovItemId="S10" Value="1"/>
<Cov CovItemId="S11" Value="1"/>
<Cov CovItemId="S12" Value="1"/>
<Cov CovItemId="S13" Value="1"/>
<Cov CovItemId="S14" Value="1"/>
<Cov CovItemId="S15" Value="1"/>
<Cov CovItemId="S16" Value="1"/>
<Cov CovItemId="S17" Value="1"/>
<Cov CovItemId="S18" Value="1"/>
<Cov CovItemId="S19" Value="1"/>
<Cov CovItemId="S20" Value="1"/>
<Cov CovItemId="S21" Value="1"/>
<Cov CovItemId="S22" Value="1"/>
<Cov CovItemId="S23" Value="7"/>
<Cov CovItemId="S24" Value="2"/>
<Cov CovItemId="S25" Value="2"/>
<Cov CovItemId="S26" Value="1"/>
<Cov CovItemId="S27" Value="7"/>
<Cov CovItemId="S28" Value="2"/>
<Cov CovItemId="S29" Value="2"/>
<Cov CovItemId="S30" Value="1"/>
<Cov CovItemId="S31" Value="1"/>
<Cov CovItemId="S32" Value="1"/>
<Cov CovItemId="S33" Value="1"/>
<Cov CovItemId="S34" Value="1"/>
<Cov CovItemId="S35" Value="1"/>
<Cov CovItemId="S36" Value="1"/>
<Cov CovItemId="S37" Value="1"/>
<Cov CovItemId="S38" Value="1"/>
<Cov CovItemId="S39" Value="1"/>
<Cov CovItemId="S5" Value="1"/>
<Cov CovItemId="S54" Value="2"/>
<Cov CovItemId="S55" Value="9"/>
<Cov CovItemId="S6" Value="1"/>
<Cov CovItemId="S8" Value="1"/>
<Cov CovItemId="S9" Value="1"/>
</CovPrefix>
</CovList>
<AssgnmntList/>
<ObjMetaDataList/>
<MetaDataList/>
</TestCase>
<TestCase Comment="Failure&#10;java.lang.AssertionError: expected:&lt;true&gt; but was:&lt;false&gt;&#13;&#10;&#9;at org.junit.Assert.fail(Assert.java:88)&#13;&#10;&#9;at org.junit.Assert.failNotEquals(Assert.java:743)&#13;&#10;&#9;at org.junit.Assert.assertEquals(Assert.java:118)&#13;&#10;&#9;at org.junit.Assert.assertEquals(Assert.java:144)&#13;&#10;&#9;at TestUnit.ClassDetailsTests.testHasConflict4(ClassDetailsTests.java:102)&#13;&#10;&#9;at sun.reflect.NativeMethodAccessorImpl.invoke0(Native Method)&#13;&#10;&#9;at sun.reflect.NativeMethodAccessorImpl.invoke(Unknown Source)&#13;&#10;&#9;at sun.reflect.DelegatingMethodAccessorImpl.invoke(Unknown Source)&#13;&#10;&#9;at java.lang.reflect.Method.invoke(Unknown Source)&#13;&#10;&#9;at org.junit.runners.model.FrameworkMethod$1.runReflectiveCall(FrameworkMethod.java:47)&#13;&#10;&#9;at org.junit.internal.runners.model.ReflectiveCallable.run(ReflectiveCallable.java:12)&#13;&#10;&#9;at org.junit.runners.model.FrameworkMethod.invokeExplosively(FrameworkMethod.java:44)&#13;&#10;&#9;at org.junit.internal.runners.statements.InvokeMethod.evaluate(InvokeMethod.java:17)&#13;&#10;&#9;at org.junit.internal.runners.statements.RunBefores.evaluate(RunBefores.java:26)&#13;&#10;&#9;at org.junit.internal.runners.statements.RunAfters.evaluate(RunAfters.java:27)&#13;&#10;&#9;at org.junit.runners.ParentRunner.runLeaf(ParentRunner.java:271)&#13;&#10;&#9;at org.junit.runners.BlockJUnit4ClassRunner.runChild(BlockJUnit4ClassRunner.java:70)&#13;&#10;&#9;at org.junit.runners.BlockJUnit4ClassRunner.runChild(BlockJUnit4ClassRunner.java:50)&#13;&#10;&#9;at org.junit.runners.ParentRunner$3.run(ParentRunner.java:238)&#13;&#10;&#9;at org.junit.runners.ParentRunner$1.schedule(ParentRunner.java:63)&#13;&#10;&#9;at org.junit.runners.ParentRunner.runChildren(ParentRunner.java:236)&#13;&#10;&#9;at org.junit.runners.ParentRunner.access$000(ParentRunner.java:53)&#13;&#10;&#9;at org.junit.runners.ParentRunner$2.evaluate(ParentRunner.java:229)&#13;&#10;&#9;at org.junit.runners.ParentRunner.run(ParentRunner.java:309)&#13;&#10;&#9;at org.eclipse.jdt.internal.junit4.runner.JUnit4TestReference.run(JUnit4TestReference.java:50)&#13;&#10;&#9;at org.eclipse.jdt.internal.junit.runner.TestExecution.run(TestExecution.java:38)&#13;&#10;&#9;at org.eclipse.jdt.internal.junit.runner.RemoteTestRunner.runTests(RemoteTestRunner.java:467)&#13;&#10;&#9;at org.eclipse.jdt.internal.junit.runner.RemoteTestRunner.runTests(RemoteTestRunner.java:683)&#13;&#10;&#9;at org.eclipse.jdt.internal.junit.runner.RemoteTestRunner.run(RemoteTestRunner.java:390)&#13;&#10;&#9;at org.codecover.juniteclipse.runner.EclipseTestRunner.main(EclipseTestRunner.java:40)" Date="1500942449350" Name="TestUnit.ClassDetailsTests:testHasConflict4">
<CovList>
<CovPrefix CovItemPrefix="TestUnit.ClassDetails.java">
<Cov CovItemId="B1" Value="2"/>
<Cov CovItemId="B10" Value="1"/>
<Cov CovItemId="B2" Value="5"/>
<Cov CovItemId="B3" Value="2"/>
<Cov CovItemId="B4" Value="5"/>
<Cov CovItemId="B5" Value="1"/>
<Cov CovItemId="B6" Value="1"/>
<Cov CovItemId="B7" Value="1"/>
<Cov CovItemId="S10" Value="1"/>
<Cov CovItemId="S11" Value="1"/>
<Cov CovItemId="S12" Value="1"/>
<Cov CovItemId="S13" Value="1"/>
<Cov CovItemId="S14" Value="1"/>
<Cov CovItemId="S15" Value="1"/>
<Cov CovItemId="S16" Value="1"/>
<Cov CovItemId="S17" Value="1"/>
<Cov CovItemId="S18" Value="1"/>
<Cov CovItemId="S19" Value="1"/>
<Cov CovItemId="S20" Value="1"/>
<Cov CovItemId="S21" Value="1"/>
<Cov CovItemId="S22" Value="1"/>
<Cov CovItemId="S23" Value="7"/>
<Cov CovItemId="S24" Value="2"/>
<Cov CovItemId="S25" Value="2"/>
<Cov CovItemId="S26" Value="1"/>
<Cov CovItemId="S27" Value="7"/>
<Cov CovItemId="S28" Value="2"/>
<Cov CovItemId="S29" Value="2"/>
<Cov CovItemId="S30" Value="1"/>
<Cov CovItemId="S31" Value="1"/>
<Cov CovItemId="S32" Value="1"/>
<Cov CovItemId="S33" Value="2"/>
<Cov CovItemId="S34" Value="2"/>
<Cov CovItemId="S35" Value="2"/>
<Cov CovItemId="S36" Value="2"/>
<Cov CovItemId="S37" Value="1"/>
<Cov CovItemId="S38" Value="1"/>
<Cov CovItemId="S5" Value="1"/>
<Cov CovItemId="S53" Value="1"/>
<Cov CovItemId="S54" Value="2"/>
<Cov CovItemId="S55" Value="9"/>
<Cov CovItemId="S6" Value="1"/>
<Cov CovItemId="S8" Value="1"/>
<Cov CovItemId="S9" Value="1"/>
</CovPrefix>
</CovList>
<AssgnmntList/>
<ObjMetaDataList/>
<MetaDataList/>
</TestCase>
<TestCase Comment="" Date="1500942449350" Name="TestUnit.ClassDetailsTests:testHasConflict5">
<CovList>
<CovPrefix CovItemPrefix="TestUnit.ClassDetails.java">
<Cov CovItemId="B1" Value="2"/>
<Cov CovItemId="B11" Value="1"/>
<Cov CovItemId="B13" Value="1"/>
<Cov CovItemId="B15" Value="1"/>
<Cov CovItemId="B2" Value="5"/>
<Cov CovItemId="B3" Value="2"/>
<Cov CovItemId="B4" Value="5"/>
<Cov CovItemId="B5" Value="1"/>
<Cov CovItemId="B8" Value="1"/>
<Cov CovItemId="S10" Value="1"/>
<Cov CovItemId="S11" Value="1"/>
<Cov CovItemId="S12" Value="1"/>
<Cov CovItemId="S13" Value="1"/>
<Cov CovItemId="S14" Value="1"/>
<Cov CovItemId="S15" Value="1"/>
<Cov CovItemId="S16" Value="1"/>
<Cov CovItemId="S17" Value="1"/>
<Cov CovItemId="S18" Value="1"/>
<Cov CovItemId="S19" Value="1"/>
<Cov CovItemId="S20" Value="1"/>
<Cov CovItemId="S21" Value="1"/>
<Cov CovItemId="S22" Value="1"/>
<Cov CovItemId="S23" Value="7"/>
<Cov CovItemId="S24" Value="2"/>
<Cov CovItemId="S25" Value="2"/>
<Cov CovItemId="S26" Value="1"/>
<Cov CovItemId="S27" Value="7"/>
<Cov CovItemId="S28" Value="2"/>
<Cov CovItemId="S29" Value="2"/>
<Cov CovItemId="S30" Value="1"/>
<Cov CovItemId="S31" Value="1"/>
<Cov CovItemId="S32" Value="1"/>
<Cov CovItemId="S33" Value="1"/>
<Cov CovItemId="S34" Value="1"/>
<Cov CovItemId="S35" Value="1"/>
<Cov CovItemId="S36" Value="1"/>
<Cov CovItemId="S37" Value="1"/>
<Cov CovItemId="S40" Value="1"/>
<Cov CovItemId="S41" Value="1"/>
<Cov CovItemId="S42" Value="1"/>
<Cov CovItemId="S43" Value="1"/>
<Cov CovItemId="S5" Value="1"/>
<Cov CovItemId="S54" Value="2"/>
<Cov CovItemId="S55" Value="9"/>
<Cov CovItemId="S6" Value="1"/>
<Cov CovItemId="S8" Value="1"/>
<Cov CovItemId="S9" Value="1"/>
</CovPrefix>
</CovList>
<AssgnmntList/>
<ObjMetaDataList/>
<MetaDataList/>
</TestCase>
<TestCase Comment="" Date="1500942449350" Name="TestUnit.ClassDetailsTests:testHasConflict6">
<CovList>
<CovPrefix CovItemPrefix="TestUnit.ClassDetails.java">
<Cov CovItemId="B1" Value="2"/>
<Cov CovItemId="B11" Value="1"/>
<Cov CovItemId="B14" Value="1"/>
<Cov CovItemId="B17" Value="1"/>
<Cov CovItemId="B2" Value="5"/>
<Cov CovItemId="B3" Value="2"/>
<Cov CovItemId="B4" Value="5"/>
<Cov CovItemId="B5" Value="1"/>
<Cov CovItemId="B8" Value="1"/>
<Cov CovItemId="S10" Value="1"/>
<Cov CovItemId="S11" Value="1"/>
<Cov CovItemId="S12" Value="1"/>
<Cov CovItemId="S13" Value="1"/>
<Cov CovItemId="S14" Value="1"/>
<Cov CovItemId="S15" Value="1"/>
<Cov CovItemId="S16" Value="1"/>
<Cov CovItemId="S17" Value="1"/>
<Cov CovItemId="S18" Value="1"/>
<Cov CovItemId="S19" Value="1"/>
<Cov CovItemId="S20" Value="1"/>
<Cov CovItemId="S21" Value="1"/>
<Cov CovItemId="S22" Value="1"/>
<Cov CovItemId="S23" Value="7"/>
<Cov CovItemId="S24" Value="2"/>
<Cov CovItemId="S25" Value="2"/>
<Cov CovItemId="S26" Value="1"/>
<Cov CovItemId="S27" Value="7"/>
<Cov CovItemId="S28" Value="2"/>
<Cov CovItemId="S29" Value="2"/>
<Cov CovItemId="S30" Value="1"/>
<Cov CovItemId="S31" Value="1"/>
<Cov CovItemId="S32" Value="1"/>
<Cov CovItemId="S33" Value="1"/>
<Cov CovItemId="S34" Value="1"/>
<Cov CovItemId="S35" Value="1"/>
<Cov CovItemId="S36" Value="1"/>
<Cov CovItemId="S37" Value="1"/>
<Cov CovItemId="S40" Value="1"/>
<Cov CovItemId="S41" Value="1"/>
<Cov CovItemId="S44" Value="1"/>
<Cov CovItemId="S45" Value="1"/>
<Cov CovItemId="S5" Value="1"/>
<Cov CovItemId="S54" Value="2"/>
<Cov CovItemId="S55" Value="9"/>
<Cov CovItemId="S6" Value="1"/>
<Cov CovItemId="S8" Value="1"/>
<Cov CovItemId="S9" Value="1"/>
</CovPrefix>
</CovList>
<AssgnmntList/>
<ObjMetaDataList/>
<MetaDataList/>
</TestCase>
<TestCase Comment="" Date="1500942449350" Name="TestUnit.ClassDetailsTests:testHasConflict7">
<CovList>
<CovPrefix CovItemPrefix="TestUnit.ClassDetails.java">
<Cov CovItemId="B1" Value="2"/>
<Cov CovItemId="B12" Value="1"/>
<Cov CovItemId="B19" Value="1"/>
<Cov CovItemId="B2" Value="5"/>
<Cov CovItemId="B22" Value="1"/>
<Cov CovItemId="B25" Value="1"/>
<Cov CovItemId="B3" Value="2"/>
<Cov CovItemId="B4" Value="5"/>
<Cov CovItemId="B5" Value="1"/>
<Cov CovItemId="B8" Value="1"/>
<Cov CovItemId="S10" Value="1"/>
<Cov CovItemId="S11" Value="1"/>
<Cov CovItemId="S12" Value="1"/>
<Cov CovItemId="S13" Value="1"/>
<Cov CovItemId="S14" Value="1"/>
<Cov CovItemId="S15" Value="1"/>
<Cov CovItemId="S16" Value="1"/>
<Cov CovItemId="S17" Value="1"/>
<Cov CovItemId="S18" Value="1"/>
<Cov CovItemId="S19" Value="1"/>
<Cov CovItemId="S20" Value="1"/>
<Cov CovItemId="S21" Value="1"/>
<Cov CovItemId="S22" Value="1"/>
<Cov CovItemId="S23" Value="7"/>
<Cov CovItemId="S24" Value="2"/>
<Cov CovItemId="S25" Value="2"/>
<Cov CovItemId="S26" Value="1"/>
<Cov CovItemId="S27" Value="7"/>
<Cov CovItemId="S28" Value="2"/>
<Cov CovItemId="S29" Value="2"/>
<Cov CovItemId="S30" Value="1"/>
<Cov CovItemId="S31" Value="1"/>
<Cov CovItemId="S32" Value="1"/>
<Cov CovItemId="S33" Value="1"/>
<Cov CovItemId="S34" Value="1"/>
<Cov CovItemId="S35" Value="1"/>
<Cov CovItemId="S36" Value="1"/>
<Cov CovItemId="S37" Value="1"/>
<Cov CovItemId="S40" Value="1"/>
<Cov CovItemId="S46" Value="1"/>
<Cov CovItemId="S47" Value="1"/>
<Cov CovItemId="S48" Value="1"/>
<Cov CovItemId="S5" Value="1"/>
<Cov CovItemId="S51" Value="1"/>
<Cov CovItemId="S52" Value="1"/>
<Cov CovItemId="S54" Value="2"/>
<Cov CovItemId="S55" Value="9"/>
<Cov CovItemId="S6" Value="1"/>
<Cov CovItemId="S8" Value="1"/>
<Cov CovItemId="S9" Value="1"/>
</CovPrefix>
</CovList>
<AssgnmntList/>
<ObjMetaDataList/>
<MetaDataList/>
</TestCase>
<TestCase Comment="" Date="1500942449350" Name="TestUnit.ClassDetailsTests:testHasConflict8">
<CovList>
<CovPrefix CovItemPrefix="TestUnit.ClassDetails.java">
<Cov CovItemId="B1" Value="2"/>
<Cov CovItemId="B11" Value="1"/>
<Cov CovItemId="B14" Value="1"/>
<Cov CovItemId="B17" Value="1"/>
<Cov CovItemId="B2" Value="5"/>
<Cov CovItemId="B3" Value="2"/>
<Cov CovItemId="B4" Value="5"/>
<Cov CovItemId="B5" Value="1"/>
<Cov CovItemId="B8" Value="1"/>
<Cov CovItemId="S10" Value="1"/>
<Cov CovItemId="S11" Value="1"/>
<Cov CovItemId="S12" Value="1"/>
<Cov CovItemId="S13" Value="1"/>
<Cov CovItemId="S14" Value="1"/>
<Cov CovItemId="S15" Value="1"/>
<Cov CovItemId="S16" Value="1"/>
<Cov CovItemId="S17" Value="1"/>
<Cov CovItemId="S18" Value="1"/>
<Cov CovItemId="S19" Value="1"/>
<Cov CovItemId="S20" Value="1"/>
<Cov CovItemId="S21" Value="1"/>
<Cov CovItemId="S22" Value="1"/>
<Cov CovItemId="S23" Value="7"/>
<Cov CovItemId="S24" Value="2"/>
<Cov CovItemId="S25" Value="2"/>
<Cov CovItemId="S26" Value="1"/>
<Cov CovItemId="S27" Value="7"/>
<Cov CovItemId="S28" Value="2"/>
<Cov CovItemId="S29" Value="2"/>
<Cov CovItemId="S30" Value="1"/>
<Cov CovItemId="S31" Value="1"/>
<Cov CovItemId="S32" Value="1"/>
<Cov CovItemId="S33" Value="1"/>
<Cov CovItemId="S34" Value="1"/>
<Cov CovItemId="S35" Value="1"/>
<Cov CovItemId="S36" Value="1"/>
<Cov CovItemId="S37" Value="1"/>
<Cov CovItemId="S40" Value="1"/>
<Cov CovItemId="S41" Value="1"/>
<Cov CovItemId="S44" Value="1"/>
<Cov CovItemId="S45" Value="1"/>
<Cov CovItemId="S5" Value="1"/>
<Cov CovItemId="S54" Value="2"/>
<Cov CovItemId="S55" Value="9"/>
<Cov CovItemId="S6" Value="1"/>
<Cov CovItemId="S8" Value="1"/>
<Cov CovItemId="S9" Value="1"/>
</CovPrefix>
</CovList>
<AssgnmntList/>
<ObjMetaDataList/>
<MetaDataList/>
</TestCase>
<TestCase Comment="" Date="1500942449350" Name="TestUnit.ClassDetailsTests:testHasConflict9">
<CovList>
<CovPrefix CovItemPrefix="TestUnit.ClassDetails.java">
<Cov CovItemId="B1" Value="2"/>
<Cov CovItemId="B12" Value="1"/>
<Cov CovItemId="B19" Value="1"/>
<Cov CovItemId="B2" Value="5"/>
<Cov CovItemId="B21" Value="1"/>
<Cov CovItemId="B23" Value="1"/>
<Cov CovItemId="B3" Value="2"/>
<Cov CovItemId="B4" Value="5"/>
<Cov CovItemId="B5" Value="1"/>
<Cov CovItemId="B8" Value="1"/>
<Cov CovItemId="S10" Value="1"/>
<Cov CovItemId="S11" Value="1"/>
<Cov CovItemId="S12" Value="1"/>
<Cov CovItemId="S13" Value="1"/>
<Cov CovItemId="S14" Value="1"/>
<Cov CovItemId="S15" Value="1"/>
<Cov CovItemId="S16" Value="1"/>
<Cov CovItemId="S17" Value="1"/>
<Cov CovItemId="S18" Value="1"/>
<Cov CovItemId="S19" Value="1"/>
<Cov CovItemId="S20" Value="1"/>
<Cov CovItemId="S21" Value="1"/>
<Cov CovItemId="S22" Value="1"/>
<Cov CovItemId="S23" Value="7"/>
<Cov CovItemId="S24" Value="2"/>
<Cov CovItemId="S25" Value="2"/>
<Cov CovItemId="S26" Value="1"/>
<Cov CovItemId="S27" Value="7"/>
<Cov CovItemId="S28" Value="2"/>
<Cov CovItemId="S29" Value="2"/>
<Cov CovItemId="S30" Value="1"/>
<Cov CovItemId="S31" Value="1"/>
<Cov CovItemId="S32" Value="1"/>
<Cov CovItemId="S33" Value="1"/>
<Cov CovItemId="S34" Value="1"/>
<Cov CovItemId="S35" Value="1"/>
<Cov CovItemId="S36" Value="1"/>
<Cov CovItemId="S37" Value="1"/>
<Cov CovItemId="S40" Value="1"/>
<Cov CovItemId="S46" Value="1"/>
<Cov CovItemId="S47" Value="1"/>
<Cov CovItemId="S48" Value="1"/>
<Cov CovItemId="S49" Value="1"/>
<Cov CovItemId="S5" Value="1"/>
<Cov CovItemId="S50" Value="1"/>
<Cov CovItemId="S54" Value="2"/>
<Cov CovItemId="S55" Value="9"/>
<Cov CovItemId="S6" Value="1"/>
<Cov CovItemId="S8" Value="1"/>
<Cov CovItemId="S9" Value="1"/>
</CovPrefix>
</CovList>
<AssgnmntList/>
<ObjMetaDataList/>
<MetaDataList/>
</TestCase>
<TestCase Comment="" Date="1500942449365" Name="TestUnit.ClassDetailsTests:testIsAtTime1">
<CovList>
<CovPrefix CovItemPrefix="TestUnit.ClassDetails.java">
<Cov CovItemId="B28" Value="1"/>
<Cov CovItemId="S5" Value="1"/>
<Cov CovItemId="S54" Value="1"/>
<Cov CovItemId="S55" Value="10"/>
<Cov CovItemId="S56" Value="1"/>
<Cov CovItemId="S58" Value="1"/>
<Cov CovItemId="S6" Value="1"/>
</CovPrefix>
</CovList>
<AssgnmntList/>
<ObjMetaDataList/>
<MetaDataList/>
</TestCase>
<TestCase Comment="" Date="1500942449568" Name="TestUnit.ClassDetailsTests:testIsAtTime2">
<CovList>
<CovPrefix CovItemPrefix="TestUnit.ClassDetails.java">
<Cov CovItemId="B27" Value="1"/>
<Cov CovItemId="S5" Value="1"/>
<Cov CovItemId="S54" Value="2"/>
<Cov CovItemId="S55" Value="10"/>
<Cov CovItemId="S56" Value="1"/>
<Cov CovItemId="S57" Value="1"/>
<Cov CovItemId="S6" Value="1"/>
</CovPrefix>
</CovList>
<AssgnmntList/>
<ObjMetaDataList/>
<MetaDataList/>
</TestCase>
<TestCase Comment="" Date="1500942449568" Name="TestUnit.ClassDetailsTests:testGetDays">
<CovList>
<CovPrefix CovItemPrefix="TestUnit.ClassDetails.java">
<Cov CovItemId="S5" Value="1"/>
<Cov CovItemId="S54" Value="1"/>
<Cov CovItemId="S55" Value="10"/>
<Cov CovItemId="S6" Value="1"/>
<Cov CovItemId="S69" Value="1"/>
</CovPrefix>
</CovList>
<AssgnmntList/>
<ObjMetaDataList/>
<MetaDataList/>
</TestCase>
<TestCase Comment="" Date="1500942449568" Name="TestUnit.ClassDetailsTests:testGetTerm">
<CovList>
<CovPrefix CovItemPrefix="TestUnit.ClassDetails.java">
<Cov CovItemId="S1" Value="1"/>
<Cov CovItemId="S2" Value="1"/>
<Cov CovItemId="S5" Value="1"/>
<Cov CovItemId="S55" Value="9"/>
<Cov CovItemId="S6" Value="1"/>
</CovPrefix>
</CovList>
<AssgnmntList/>
<ObjMetaDataList/>
<MetaDataList/>
</TestCase>
<TestCase Comment="" Date="1500942449568" Name="TestUnit.ClassDetailsTests:testGetTime">
<CovList>
<CovPrefix CovItemPrefix="TestUnit.ClassDetails.java">
<Cov CovItemId="S5" Value="1"/>
<Cov CovItemId="S54" Value="1"/>
<Cov CovItemId="S55" Value="10"/>
<Cov CovItemId="S6" Value="1"/>
</CovPrefix>
</CovList>
<AssgnmntList/>
<ObjMetaDataList/>
<MetaDataList/>
</TestCase>
<TestCase Comment="" Date="1500942449584" Name="TestUnit.ClassDetailsTests:testIsAtDay1">
<CovList>
<CovPrefix CovItemPrefix="TestUnit.ClassDetails.java">
<Cov CovItemId="B29" Value="1"/>
<Cov CovItemId="S5" Value="1"/>
<Cov CovItemId="S54" Value="1"/>
<Cov CovItemId="S55" Value="10"/>
<Cov CovItemId="S59" Value="1"/>
<Cov CovItemId="S6" Value="1"/>
<Cov CovItemId="S60" Value="1"/>
</CovPrefix>
</CovList>
<AssgnmntList/>
<ObjMetaDataList/>
<MetaDataList/>
</TestCase>
<TestCase Comment="" Date="1500942449584" Name="TestUnit.ClassDetailsTests:testIsAtDay2">
<CovList>
<CovPrefix CovItemPrefix="TestUnit.ClassDetails.java">
<Cov CovItemId="B30" Value="1"/>
<Cov CovItemId="S5" Value="1"/>
<Cov CovItemId="S54" Value="1"/>
<Cov CovItemId="S55" Value="10"/>
<Cov CovItemId="S59" Value="1"/>
<Cov CovItemId="S6" Value="1"/>
<Cov CovItemId="S61" Value="1"/>
</CovPrefix>
</CovList>
<AssgnmntList/>
<ObjMetaDataList/>
<MetaDataList/>
</TestCase>
<TestCase Comment="" Date="1500942449584" Name="TestUnit.ClassDetailsTests:testSetCourse">
<CovList>
<CovPrefix CovItemPrefix="TestUnit.ClassDetails.java">
<Cov CovItemId="S5" Value="1"/>
<Cov CovItemId="S55" Value="9"/>
<Cov CovItemId="S6" Value="1"/>
<Cov CovItemId="S70" Value="1"/>
<Cov CovItemId="S71" Value="1"/>
</CovPrefix>
</CovList>
<AssgnmntList/>
<ObjMetaDataList/>
<MetaDataList/>
</TestCase>
<TestCase Comment="" Date="1500942449584" Name="TestUnit.ClassDetailsTests:testGetCampus">
<CovList>
<CovPrefix CovItemPrefix="TestUnit.ClassDetails.java">
<Cov CovItemId="S3" Value="1"/>
<Cov CovItemId="S4" Value="1"/>
<Cov CovItemId="S5" Value="1"/>
<Cov CovItemId="S55" Value="9"/>
<Cov CovItemId="S6" Value="1"/>
</CovPrefix>
</CovList>
<AssgnmntList/>
<ObjMetaDataList/>
<MetaDataList/>
</TestCase>
<TestCase Comment="" Date="1500942449584" Name="TestUnit.ClassDetailsTests:testGetCourse">
<CovList>
<CovPrefix CovItemPrefix="TestUnit.ClassDetails.java">
<Cov CovItemId="S5" Value="1"/>
<Cov CovItemId="S55" Value="9"/>
<Cov CovItemId="S6" Value="1"/>
<Cov CovItemId="S70" Value="1"/>
<Cov CovItemId="S71" Value="1"/>
</CovPrefix>
</CovList>
<AssgnmntList/>
<ObjMetaDataList/>
<MetaDataList/>
</TestCase>
<TestCase Comment="" Date="1500942449600" Name="TestUnit.ClassDetailsTests:testSetTerm">
<CovList>
<CovPrefix CovItemPrefix="TestUnit.ClassDetails.java">
<Cov CovItemId="S1" Value="1"/>
<Cov CovItemId="S2" Value="1"/>
<Cov CovItemId="S5" Value="1"/>
<Cov CovItemId="S55" Value="9"/>
<Cov CovItemId="S6" Value="1"/>
</CovPrefix>
</CovList>
<AssgnmntList/>
<ObjMetaDataList/>
<MetaDataList/>
</TestCase>
<TestCase Comment="" Date="1500942449600" Name="TestUnit.ClassDetailsTests:testSetTime">
<CovList>
<CovPrefix CovItemPrefix="TestUnit.ClassDetails.java">
<Cov CovItemId="S5" Value="1"/>
<Cov CovItemId="S54" Value="1"/>
<Cov CovItemId="S55" Value="10"/>
<Cov CovItemId="S6" Value="1"/>
</CovPrefix>
</CovList>
<AssgnmntList/>
<ObjMetaDataList/>
<MetaDataList/>
</TestCase>
<TestCase Comment="" Date="1500942449600" Name="TestUnit.ClassDetailsTests:testSetClassNbr">
<CovList>
<CovPrefix CovItemPrefix="TestUnit.ClassDetails.java">
<Cov CovItemId="S5" Value="1"/>
<Cov CovItemId="S55" Value="9"/>
<Cov CovItemId="S6" Value="1"/>
</CovPrefix>
</CovList>
<AssgnmntList/>
<ObjMetaDataList/>
<MetaDataList/>
</TestCase>
<MetaDataList/>
</TestSession>
<TestSession Comment="" Date="1500942480355" Name="Jul 24, 2017 8:28:00 PM">
<TestCase Comment="" Date="1500942479933" Name="TestUnit.ClassDetailsTests:testSetCampus1">
<CovList>
<CovPrefix CovItemPrefix="TestUnit.ClassDetails.java">
<Cov CovItemId="S3" Value="1"/>
<Cov CovItemId="S4" Value="1"/>
<Cov CovItemId="S5" Value="1"/>
<Cov CovItemId="S55" Value="9"/>
<Cov CovItemId="S6" Value="1"/>
</CovPrefix>
</CovList>
<AssgnmntList/>
<ObjMetaDataList/>
<MetaDataList/>
</TestCase>
<TestCase Comment="" Date="1500942479933" Name="TestUnit.ClassDetailsTests:testSetCampus2">
<CovList>
<CovPrefix CovItemPrefix="TestUnit.ClassDetails.java">
<Cov CovItemId="S3" Value="1"/>
<Cov CovItemId="S4" Value="1"/>
<Cov CovItemId="S5" Value="1"/>
<Cov CovItemId="S55" Value="9"/>
<Cov CovItemId="S6" Value="1"/>
</CovPrefix>
</CovList>
<AssgnmntList/>
<ObjMetaDataList/>
<MetaDataList/>
</TestCase>
<TestCase Comment="Failure&#10;java.lang.AssertionError&#13;&#10;&#9;at org.junit.Assert.fail(Assert.java:86)&#13;&#10;&#9;at org.junit.Assert.assertTrue(Assert.java:41)&#13;&#10;&#9;at org.junit.Assert.assertNotNull(Assert.java:621)&#13;&#10;&#9;at TestUnit.ClassDetailsTests.testGetInstructor(ClassDetailsTests.java:159)&#13;&#10;&#9;at sun.reflect.NativeMethodAccessorImpl.invoke0(Native Method)&#13;&#10;&#9;at sun.reflect.NativeMethodAccessorImpl.invoke(Unknown Source)&#13;&#10;&#9;at sun.reflect.DelegatingMethodAccessorImpl.invoke(Unknown Source)&#13;&#10;&#9;at java.lang.reflect.Method.invoke(Unknown Source)&#13;&#10;&#9;at org.junit.runners.model.FrameworkMethod$1.runReflectiveCall(FrameworkMethod.java:47)&#13;&#10;&#9;at org.junit.internal.runners.model.ReflectiveCallable.run(ReflectiveCallable.java:12)&#13;&#10;&#9;at org.junit.runners.model.FrameworkMethod.invokeExplosively(FrameworkMethod.java:44)&#13;&#10;&#9;at org.junit.internal.runners.statements.InvokeMethod.evaluate(InvokeMethod.java:17)&#13;&#10;&#9;at org.junit.internal.runners.statements.RunBefores.evaluate(RunBefores.java:26)&#13;&#10;&#9;at org.junit.internal.runners.statements.RunAfters.evaluate(RunAfters.java:27)&#13;&#10;&#9;at org.junit.runners.ParentRunner.runLeaf(ParentRunner.java:271)&#13;&#10;&#9;at org.junit.runners.BlockJUnit4ClassRunner.runChild(BlockJUnit4ClassRunner.java:70)&#13;&#10;&#9;at org.junit.runners.BlockJUnit4ClassRunner.runChild(BlockJUnit4ClassRunner.java:50)&#13;&#10;&#9;at org.junit.runners.ParentRunner$3.run(ParentRunner.java:238)&#13;&#10;&#9;at org.junit.runners.ParentRunner$1.schedule(ParentRunner.java:63)&#13;&#10;&#9;at org.junit.runners.ParentRunner.runChildren(ParentRunner.java:236)&#13;&#10;&#9;at org.junit.runners.ParentRunner.access$000(ParentRunner.java:53)&#13;&#10;&#9;at org.junit.runners.ParentRunner$2.evaluate(ParentRunner.java:229)&#13;&#10;&#9;at org.junit.runners.ParentRunner.run(ParentRunner.java:309)&#13;&#10;&#9;at org.eclipse.jdt.internal.junit4.runner.JUnit4TestReference.run(JUnit4TestReference.java:50)&#13;&#10;&#9;at org.eclipse.jdt.internal.junit.runner.TestExecution.run(TestExecution.java:38)&#13;&#10;&#9;at org.eclipse.jdt.internal.junit.runner.RemoteTestRunner.runTests(RemoteTestRunner.java:467)&#13;&#10;&#9;at org.eclipse.jdt.internal.junit.runner.RemoteTestRunner.runTests(RemoteTestRunner.java:683)&#13;&#10;&#9;at org.eclipse.jdt.internal.junit.runner.RemoteTestRunner.run(RemoteTestRunner.java:390)&#13;&#10;&#9;at org.codecover.juniteclipse.runner.EclipseTestRunner.main(EclipseTestRunner.java:40)" Date="1500942479964" Name="TestUnit.ClassDetailsTests:testGetInstructor">
<CovList>
<CovPrefix CovItemPrefix="TestUnit.ClassDetails.java">
<Cov CovItemId="S5" Value="1"/>
<Cov CovItemId="S55" Value="9"/>
<Cov CovItemId="S6" Value="1"/>
<Cov CovItemId="S7" Value="1"/>
</CovPrefix>
</CovList>
<AssgnmntList/>
<ObjMetaDataList/>
<MetaDataList/>
</TestCase>
<TestCase Comment="Failure&#10;org.junit.ComparisonFailure: expected:&lt;[Programming&#10;12345&#10;10:00-12:0]0&#10;MMC&#10;&gt; but was:&lt;[COP3337&#10;null&#10;10:0-12:]0&#10;MMC&#10;&gt;&#13;&#10;&#9;at org.junit.Assert.assertEquals(Assert.java:115)&#13;&#10;&#9;at org.junit.Assert.assertEquals(Assert.java:144)&#13;&#10;&#9;at TestUnit.ClassDetailsTests.testToString(ClassDetailsTests.java:234)&#13;&#10;&#9;at sun.reflect.NativeMethodAccessorImpl.invoke0(Native Method)&#13;&#10;&#9;at sun.reflect.NativeMethodAccessorImpl.invoke(Unknown Source)&#13;&#10;&#9;at sun.reflect.DelegatingMethodAccessorImpl.invoke(Unknown Source)&#13;&#10;&#9;at java.lang.reflect.Method.invoke(Unknown Source)&#13;&#10;&#9;at org.junit.runners.model.FrameworkMethod$1.runReflectiveCall(FrameworkMethod.java:47)&#13;&#10;&#9;at org.junit.internal.runners.model.ReflectiveCallable.run(ReflectiveCallable.java:12)&#13;&#10;&#9;at org.junit.runners.model.FrameworkMethod.invokeExplosively(FrameworkMethod.java:44)&#13;&#10;&#9;at org.junit.internal.runners.statements.InvokeMethod.evaluate(InvokeMethod.java:17)&#13;&#10;&#9;at org.junit.internal.runners.statements.RunBefores.evaluate(RunBefores.java:26)&#13;&#10;&#9;at org.junit.internal.runners.statements.RunAfters.evaluate(RunAfters.java:27)&#13;&#10;&#9;at org.junit.runners.ParentRunner.runLeaf(ParentRunner.java:271)&#13;&#10;&#9;at org.junit.runners.BlockJUnit4ClassRunner.runChild(BlockJUnit4ClassRunner.java:70)&#13;&#10;&#9;at org.junit.runners.BlockJUnit4ClassRunner.runChild(BlockJUnit4ClassRunner.java:50)&#13;&#10;&#9;at org.junit.runners.ParentRunner$3.run(ParentRunner.java:238)&#13;&#10;&#9;at org.junit.runners.ParentRunner$1.schedule(ParentRunner.java:63)&#13;&#10;&#9;at org.junit.runners.ParentRunner.runChildren(ParentRunner.java:236)&#13;&#10;&#9;at org.junit.runners.ParentRunner.access$000(ParentRunner.java:53)&#13;&#10;&#9;at org.junit.runners.ParentRunner$2.evaluate(ParentRunner.java:229)&#13;&#10;&#9;at org.junit.runners.ParentRunner.run(ParentRunner.java:309)&#13;&#10;&#9;at org.eclipse.jdt.internal.junit4.runner.JUnit4TestReference.run(JUnit4TestReference.java:50)&#13;&#10;&#9;at org.eclipse.jdt.internal.junit.runner.TestExecution.run(TestExecution.java:38)&#13;&#10;&#9;at org.eclipse.jdt.internal.junit.runner.RemoteTestRunner.runTests(RemoteTestRunner.java:467)&#13;&#10;&#9;at org.eclipse.jdt.internal.junit.runner.RemoteTestRunner.runTests(RemoteTestRunner.java:683)&#13;&#10;&#9;at org.eclipse.jdt.internal.junit.runner.RemoteTestRunner.run(RemoteTestRunner.java:390)&#13;&#10;&#9;at org.codecover.juniteclipse.runner.EclipseTestRunner.main(EclipseTestRunner.java:40)" Date="1500942479964" Name="TestUnit.ClassDetailsTests:testToString">
<CovList>
<CovPrefix CovItemPrefix="TestUnit.ClassDetails.java">
<Cov CovItemId="B31" Value="1"/>
<Cov CovItemId="B33" Value="1"/>
<Cov CovItemId="S3" Value="1"/>
<Cov CovItemId="S5" Value="1"/>
<Cov CovItemId="S54" Value="2"/>
<Cov CovItemId="S55" Value="10"/>
<Cov CovItemId="S6" Value="1"/>
<Cov CovItemId="S62" Value="1"/>
<Cov CovItemId="S63" Value="1"/>
<Cov CovItemId="S64" Value="1"/>
<Cov CovItemId="S65" Value="1"/>
<Cov CovItemId="S66" Value="1"/>
<Cov CovItemId="S67" Value="1"/>
<Cov CovItemId="S68" Value="1"/>
<Cov CovItemId="S70" Value="1"/>
</CovPrefix>
</CovList>
<AssgnmntList/>
<ObjMetaDataList/>
<MetaDataList/>
</TestCase>
<TestCase Comment="" Date="1500942479980" Name="TestUnit.ClassDetailsTests:testHasConflict1">
<CovList>
<CovPrefix CovItemPrefix="TestUnit.ClassDetails.java">
<Cov CovItemId="B1" Value="2"/>
<Cov CovItemId="B12" Value="1"/>
<Cov CovItemId="B19" Value="1"/>
<Cov CovItemId="B2" Value="5"/>
<Cov CovItemId="B22" Value="1"/>
<Cov CovItemId="B26" Value="1"/>
<Cov CovItemId="B3" Value="2"/>
<Cov CovItemId="B4" Value="5"/>
<Cov CovItemId="B5" Value="1"/>
<Cov CovItemId="B6" Value="1"/>
<Cov CovItemId="B8" Value="1"/>
<Cov CovItemId="S10" Value="1"/>
<Cov CovItemId="S11" Value="1"/>
<Cov CovItemId="S12" Value="1"/>
<Cov CovItemId="S13" Value="1"/>
<Cov CovItemId="S14" Value="1"/>
<Cov CovItemId="S15" Value="1"/>
<Cov CovItemId="S16" Value="1"/>
<Cov CovItemId="S17" Value="1"/>
<Cov CovItemId="S18" Value="1"/>
<Cov CovItemId="S19" Value="1"/>
<Cov CovItemId="S20" Value="1"/>
<Cov CovItemId="S21" Value="1"/>
<Cov CovItemId="S22" Value="1"/>
<Cov CovItemId="S23" Value="7"/>
<Cov CovItemId="S24" Value="2"/>
<Cov CovItemId="S25" Value="2"/>
<Cov CovItemId="S26" Value="1"/>
<Cov CovItemId="S27" Value="7"/>
<Cov CovItemId="S28" Value="2"/>
<Cov CovItemId="S29" Value="2"/>
<Cov CovItemId="S30" Value="1"/>
<Cov CovItemId="S31" Value="1"/>
<Cov CovItemId="S32" Value="1"/>
<Cov CovItemId="S33" Value="2"/>
<Cov CovItemId="S34" Value="2"/>
<Cov CovItemId="S35" Value="2"/>
<Cov CovItemId="S36" Value="2"/>
<Cov CovItemId="S37" Value="1"/>
<Cov CovItemId="S40" Value="1"/>
<Cov CovItemId="S46" Value="1"/>
<Cov CovItemId="S47" Value="1"/>
<Cov CovItemId="S48" Value="1"/>
<Cov CovItemId="S5" Value="1"/>
<Cov CovItemId="S51" Value="1"/>
<Cov CovItemId="S53" Value="1"/>
<Cov CovItemId="S54" Value="2"/>
<Cov CovItemId="S55" Value="9"/>
<Cov CovItemId="S6" Value="1"/>
<Cov CovItemId="S8" Value="1"/>
<Cov CovItemId="S9" Value="1"/>
</CovPrefix>
</CovList>
<AssgnmntList/>
<ObjMetaDataList/>
<MetaDataList/>
</TestCase>
<TestCase Comment="" Date="1500942479980" Name="TestUnit.ClassDetailsTests:testHasConflict2">
<CovList>
<CovPrefix CovItemPrefix="TestUnit.ClassDetails.java">
<Cov CovItemId="B1" Value="2"/>
<Cov CovItemId="B2" Value="5"/>
<Cov CovItemId="B3" Value="2"/>
<Cov CovItemId="B4" Value="5"/>
<Cov CovItemId="B5" Value="1"/>
<Cov CovItemId="B7" Value="1"/>
<Cov CovItemId="B9" Value="1"/>
<Cov CovItemId="S10" Value="1"/>
<Cov CovItemId="S11" Value="1"/>
<Cov CovItemId="S12" Value="1"/>
<Cov CovItemId="S13" Value="1"/>
<Cov CovItemId="S14" Value="1"/>
<Cov CovItemId="S15" Value="1"/>
<Cov CovItemId="S16" Value="1"/>
<Cov CovItemId="S17" Value="1"/>
<Cov CovItemId="S18" Value="1"/>
<Cov CovItemId="S19" Value="1"/>
<Cov CovItemId="S20" Value="1"/>
<Cov CovItemId="S21" Value="1"/>
<Cov CovItemId="S22" Value="1"/>
<Cov CovItemId="S23" Value="7"/>
<Cov CovItemId="S24" Value="2"/>
<Cov CovItemId="S25" Value="2"/>
<Cov CovItemId="S26" Value="1"/>
<Cov CovItemId="S27" Value="7"/>
<Cov CovItemId="S28" Value="2"/>
<Cov CovItemId="S29" Value="2"/>
<Cov CovItemId="S30" Value="1"/>
<Cov CovItemId="S31" Value="1"/>
<Cov CovItemId="S32" Value="1"/>
<Cov CovItemId="S33" Value="1"/>
<Cov CovItemId="S34" Value="1"/>
<Cov CovItemId="S35" Value="1"/>
<Cov CovItemId="S36" Value="1"/>
<Cov CovItemId="S37" Value="1"/>
<Cov CovItemId="S38" Value="1"/>
<Cov CovItemId="S39" Value="1"/>
<Cov CovItemId="S5" Value="1"/>
<Cov CovItemId="S54" Value="2"/>
<Cov CovItemId="S55" Value="9"/>
<Cov CovItemId="S6" Value="1"/>
<Cov CovItemId="S8" Value="1"/>
<Cov CovItemId="S9" Value="1"/>
</CovPrefix>
</CovList>
<AssgnmntList/>
<ObjMetaDataList/>
<MetaDataList/>
</TestCase>
<TestCase Comment="" Date="1500942479980" Name="TestUnit.ClassDetailsTests:testHasConflict3">
<CovList>
<CovPrefix CovItemPrefix="TestUnit.ClassDetails.java">
<Cov CovItemId="B1" Value="2"/>
<Cov CovItemId="B2" Value="5"/>
<Cov CovItemId="B3" Value="2"/>
<Cov CovItemId="B4" Value="5"/>
<Cov CovItemId="B5" Value="1"/>
<Cov CovItemId="B7" Value="1"/>
<Cov CovItemId="B9" Value="1"/>
<Cov CovItemId="S10" Value="1"/>
<Cov CovItemId="S11" Value="1"/>
<Cov CovItemId="S12" Value="1"/>
<Cov CovItemId="S13" Value="1"/>
<Cov CovItemId="S14" Value="1"/>
<Cov CovItemId="S15" Value="1"/>
<Cov CovItemId="S16" Value="1"/>
<Cov CovItemId="S17" Value="1"/>
<Cov CovItemId="S18" Value="1"/>
<Cov CovItemId="S19" Value="1"/>
<Cov CovItemId="S20" Value="1"/>
<Cov CovItemId="S21" Value="1"/>
<Cov CovItemId="S22" Value="1"/>
<Cov CovItemId="S23" Value="7"/>
<Cov CovItemId="S24" Value="2"/>
<Cov CovItemId="S25" Value="2"/>
<Cov CovItemId="S26" Value="1"/>
<Cov CovItemId="S27" Value="7"/>
<Cov CovItemId="S28" Value="2"/>
<Cov CovItemId="S29" Value="2"/>
<Cov CovItemId="S30" Value="1"/>
<Cov CovItemId="S31" Value="1"/>
<Cov CovItemId="S32" Value="1"/>
<Cov CovItemId="S33" Value="1"/>
<Cov CovItemId="S34" Value="1"/>
<Cov CovItemId="S35" Value="1"/>
<Cov CovItemId="S36" Value="1"/>
<Cov CovItemId="S37" Value="1"/>
<Cov CovItemId="S38" Value="1"/>
<Cov CovItemId="S39" Value="1"/>
<Cov CovItemId="S5" Value="1"/>
<Cov CovItemId="S54" Value="2"/>
<Cov CovItemId="S55" Value="9"/>
<Cov CovItemId="S6" Value="1"/>
<Cov CovItemId="S8" Value="1"/>
<Cov CovItemId="S9" Value="1"/>
</CovPrefix>
</CovList>
<AssgnmntList/>
<ObjMetaDataList/>
<MetaDataList/>
</TestCase>
<TestCase Comment="Failure&#10;java.lang.AssertionError: expected:&lt;true&gt; but was:&lt;false&gt;&#13;&#10;&#9;at org.junit.Assert.fail(Assert.java:88)&#13;&#10;&#9;at org.junit.Assert.failNotEquals(Assert.java:743)&#13;&#10;&#9;at org.junit.Assert.assertEquals(Assert.java:118)&#13;&#10;&#9;at org.junit.Assert.assertEquals(Assert.java:144)&#13;&#10;&#9;at TestUnit.ClassDetailsTests.testHasConflict4(ClassDetailsTests.java:102)&#13;&#10;&#9;at sun.reflect.NativeMethodAccessorImpl.invoke0(Native Method)&#13;&#10;&#9;at sun.reflect.NativeMethodAccessorImpl.invoke(Unknown Source)&#13;&#10;&#9;at sun.reflect.DelegatingMethodAccessorImpl.invoke(Unknown Source)&#13;&#10;&#9;at java.lang.reflect.Method.invoke(Unknown Source)&#13;&#10;&#9;at org.junit.runners.model.FrameworkMethod$1.runReflectiveCall(FrameworkMethod.java:47)&#13;&#10;&#9;at org.junit.internal.runners.model.ReflectiveCallable.run(ReflectiveCallable.java:12)&#13;&#10;&#9;at org.junit.runners.model.FrameworkMethod.invokeExplosively(FrameworkMethod.java:44)&#13;&#10;&#9;at org.junit.internal.runners.statements.InvokeMethod.evaluate(InvokeMethod.java:17)&#13;&#10;&#9;at org.junit.internal.runners.statements.RunBefores.evaluate(RunBefores.java:26)&#13;&#10;&#9;at org.junit.internal.runners.statements.RunAfters.evaluate(RunAfters.java:27)&#13;&#10;&#9;at org.junit.runners.ParentRunner.runLeaf(ParentRunner.java:271)&#13;&#10;&#9;at org.junit.runners.BlockJUnit4ClassRunner.runChild(BlockJUnit4ClassRunner.java:70)&#13;&#10;&#9;at org.junit.runners.BlockJUnit4ClassRunner.runChild(BlockJUnit4ClassRunner.java:50)&#13;&#10;&#9;at org.junit.runners.ParentRunner$3.run(ParentRunner.java:238)&#13;&#10;&#9;at org.junit.runners.ParentRunner$1.schedule(ParentRunner.java:63)&#13;&#10;&#9;at org.junit.runners.ParentRunner.runChildren(ParentRunner.java:236)&#13;&#10;&#9;at org.junit.runners.ParentRunner.access$000(ParentRunner.java:53)&#13;&#10;&#9;at org.junit.runners.ParentRunner$2.evaluate(ParentRunner.java:229)&#13;&#10;&#9;at org.junit.runners.ParentRunner.run(ParentRunner.java:309)&#13;&#10;&#9;at org.eclipse.jdt.internal.junit4.runner.JUnit4TestReference.run(JUnit4TestReference.java:50)&#13;&#10;&#9;at org.eclipse.jdt.internal.junit.runner.TestExecution.run(TestExecution.java:38)&#13;&#10;&#9;at org.eclipse.jdt.internal.junit.runner.RemoteTestRunner.runTests(RemoteTestRunner.java:467)&#13;&#10;&#9;at org.eclipse.jdt.internal.junit.runner.RemoteTestRunner.runTests(RemoteTestRunner.java:683)&#13;&#10;&#9;at org.eclipse.jdt.internal.junit.runner.RemoteTestRunner.run(RemoteTestRunner.java:390)&#13;&#10;&#9;at org.codecover.juniteclipse.runner.EclipseTestRunner.main(EclipseTestRunner.java:40)" Date="1500942479980" Name="TestUnit.ClassDetailsTests:testHasConflict4">
<CovList>
<CovPrefix CovItemPrefix="TestUnit.ClassDetails.java">
<Cov CovItemId="B1" Value="2"/>
<Cov CovItemId="B10" Value="1"/>
<Cov CovItemId="B2" Value="5"/>
<Cov CovItemId="B3" Value="2"/>
<Cov CovItemId="B4" Value="5"/>
<Cov CovItemId="B5" Value="1"/>
<Cov CovItemId="B6" Value="1"/>
<Cov CovItemId="B7" Value="1"/>
<Cov CovItemId="S10" Value="1"/>
<Cov CovItemId="S11" Value="1"/>
<Cov CovItemId="S12" Value="1"/>
<Cov CovItemId="S13" Value="1"/>
<Cov CovItemId="S14" Value="1"/>
<Cov CovItemId="S15" Value="1"/>
<Cov CovItemId="S16" Value="1"/>
<Cov CovItemId="S17" Value="1"/>
<Cov CovItemId="S18" Value="1"/>
<Cov CovItemId="S19" Value="1"/>
<Cov CovItemId="S20" Value="1"/>
<Cov CovItemId="S21" Value="1"/>
<Cov CovItemId="S22" Value="1"/>
<Cov CovItemId="S23" Value="7"/>
<Cov CovItemId="S24" Value="2"/>
<Cov CovItemId="S25" Value="2"/>
<Cov CovItemId="S26" Value="1"/>
<Cov CovItemId="S27" Value="7"/>
<Cov CovItemId="S28" Value="2"/>
<Cov CovItemId="S29" Value="2"/>
<Cov CovItemId="S30" Value="1"/>
<Cov CovItemId="S31" Value="1"/>
<Cov CovItemId="S32" Value="1"/>
<Cov CovItemId="S33" Value="2"/>
<Cov CovItemId="S34" Value="2"/>
<Cov CovItemId="S35" Value="2"/>
<Cov CovItemId="S36" Value="2"/>
<Cov CovItemId="S37" Value="1"/>
<Cov CovItemId="S38" Value="1"/>
<Cov CovItemId="S5" Value="1"/>
<Cov CovItemId="S53" Value="1"/>
<Cov CovItemId="S54" Value="2"/>
<Cov CovItemId="S55" Value="9"/>
<Cov CovItemId="S6" Value="1"/>
<Cov CovItemId="S8" Value="1"/>
<Cov CovItemId="S9" Value="1"/>
</CovPrefix>
</CovList>
<AssgnmntList/>
<ObjMetaDataList/>
<MetaDataList/>
</TestCase>
<TestCase Comment="" Date="1500942479980" Name="TestUnit.ClassDetailsTests:testHasConflict5">
<CovList>
<CovPrefix CovItemPrefix="TestUnit.ClassDetails.java">
<Cov CovItemId="B1" Value="2"/>
<Cov CovItemId="B11" Value="1"/>
<Cov CovItemId="B13" Value="1"/>
<Cov CovItemId="B15" Value="1"/>
<Cov CovItemId="B2" Value="5"/>
<Cov CovItemId="B3" Value="2"/>
<Cov CovItemId="B4" Value="5"/>
<Cov CovItemId="B5" Value="1"/>
<Cov CovItemId="B8" Value="1"/>
<Cov CovItemId="S10" Value="1"/>
<Cov CovItemId="S11" Value="1"/>
<Cov CovItemId="S12" Value="1"/>
<Cov CovItemId="S13" Value="1"/>
<Cov CovItemId="S14" Value="1"/>
<Cov CovItemId="S15" Value="1"/>
<Cov CovItemId="S16" Value="1"/>
<Cov CovItemId="S17" Value="1"/>
<Cov CovItemId="S18" Value="1"/>
<Cov CovItemId="S19" Value="1"/>
<Cov CovItemId="S20" Value="1"/>
<Cov CovItemId="S21" Value="1"/>
<Cov CovItemId="S22" Value="1"/>
<Cov CovItemId="S23" Value="7"/>
<Cov CovItemId="S24" Value="2"/>
<Cov CovItemId="S25" Value="2"/>
<Cov CovItemId="S26" Value="1"/>
<Cov CovItemId="S27" Value="7"/>
<Cov CovItemId="S28" Value="2"/>
<Cov CovItemId="S29" Value="2"/>
<Cov CovItemId="S30" Value="1"/>
<Cov CovItemId="S31" Value="1"/>
<Cov CovItemId="S32" Value="1"/>
<Cov CovItemId="S33" Value="1"/>
<Cov CovItemId="S34" Value="1"/>
<Cov CovItemId="S35" Value="1"/>
<Cov CovItemId="S36" Value="1"/>
<Cov CovItemId="S37" Value="1"/>
<Cov CovItemId="S40" Value="1"/>
<Cov CovItemId="S41" Value="1"/>
<Cov CovItemId="S42" Value="1"/>
<Cov CovItemId="S43" Value="1"/>
<Cov CovItemId="S5" Value="1"/>
<Cov CovItemId="S54" Value="2"/>
<Cov CovItemId="S55" Value="9"/>
<Cov CovItemId="S6" Value="1"/>
<Cov CovItemId="S8" Value="1"/>
<Cov CovItemId="S9" Value="1"/>
</CovPrefix>
</CovList>
<AssgnmntList/>
<ObjMetaDataList/>
<MetaDataList/>
</TestCase>
<TestCase Comment="" Date="1500942479980" Name="TestUnit.ClassDetailsTests:testHasConflict6">
<CovList>
<CovPrefix CovItemPrefix="TestUnit.ClassDetails.java">
<Cov CovItemId="B1" Value="2"/>
<Cov CovItemId="B11" Value="1"/>
<Cov CovItemId="B14" Value="1"/>
<Cov CovItemId="B17" Value="1"/>
<Cov CovItemId="B2" Value="5"/>
<Cov CovItemId="B3" Value="2"/>
<Cov CovItemId="B4" Value="5"/>
<Cov CovItemId="B5" Value="1"/>
<Cov CovItemId="B8" Value="1"/>
<Cov CovItemId="S10" Value="1"/>
<Cov CovItemId="S11" Value="1"/>
<Cov CovItemId="S12" Value="1"/>
<Cov CovItemId="S13" Value="1"/>
<Cov CovItemId="S14" Value="1"/>
<Cov CovItemId="S15" Value="1"/>
<Cov CovItemId="S16" Value="1"/>
<Cov CovItemId="S17" Value="1"/>
<Cov CovItemId="S18" Value="1"/>
<Cov CovItemId="S19" Value="1"/>
<Cov CovItemId="S20" Value="1"/>
<Cov CovItemId="S21" Value="1"/>
<Cov CovItemId="S22" Value="1"/>
<Cov CovItemId="S23" Value="7"/>
<Cov CovItemId="S24" Value="2"/>
<Cov CovItemId="S25" Value="2"/>
<Cov CovItemId="S26" Value="1"/>
<Cov CovItemId="S27" Value="7"/>
<Cov CovItemId="S28" Value="2"/>
<Cov CovItemId="S29" Value="2"/>
<Cov CovItemId="S30" Value="1"/>
<Cov CovItemId="S31" Value="1"/>
<Cov CovItemId="S32" Value="1"/>
<Cov CovItemId="S33" Value="1"/>
<Cov CovItemId="S34" Value="1"/>
<Cov CovItemId="S35" Value="1"/>
<Cov CovItemId="S36" Value="1"/>
<Cov CovItemId="S37" Value="1"/>
<Cov CovItemId="S40" Value="1"/>
<Cov CovItemId="S41" Value="1"/>
<Cov CovItemId="S44" Value="1"/>
<Cov CovItemId="S45" Value="1"/>
<Cov CovItemId="S5" Value="1"/>
<Cov CovItemId="S54" Value="2"/>
<Cov CovItemId="S55" Value="9"/>
<Cov CovItemId="S6" Value="1"/>
<Cov CovItemId="S8" Value="1"/>
<Cov CovItemId="S9" Value="1"/>
</CovPrefix>
</CovList>
<AssgnmntList/>
<ObjMetaDataList/>
<MetaDataList/>
</TestCase>
<TestCase Comment="" Date="1500942479980" Name="TestUnit.ClassDetailsTests:testHasConflict7">
<CovList>
<CovPrefix CovItemPrefix="TestUnit.ClassDetails.java">
<Cov CovItemId="B1" Value="2"/>
<Cov CovItemId="B12" Value="1"/>
<Cov CovItemId="B19" Value="1"/>
<Cov CovItemId="B2" Value="5"/>
<Cov CovItemId="B22" Value="1"/>
<Cov CovItemId="B25" Value="1"/>
<Cov CovItemId="B3" Value="2"/>
<Cov CovItemId="B4" Value="5"/>
<Cov CovItemId="B5" Value="1"/>
<Cov CovItemId="B8" Value="1"/>
<Cov CovItemId="S10" Value="1"/>
<Cov CovItemId="S11" Value="1"/>
<Cov CovItemId="S12" Value="1"/>
<Cov CovItemId="S13" Value="1"/>
<Cov CovItemId="S14" Value="1"/>
<Cov CovItemId="S15" Value="1"/>
<Cov CovItemId="S16" Value="1"/>
<Cov CovItemId="S17" Value="1"/>
<Cov CovItemId="S18" Value="1"/>
<Cov CovItemId="S19" Value="1"/>
<Cov CovItemId="S20" Value="1"/>
<Cov CovItemId="S21" Value="1"/>
<Cov CovItemId="S22" Value="1"/>
<Cov CovItemId="S23" Value="7"/>
<Cov CovItemId="S24" Value="2"/>
<Cov CovItemId="S25" Value="2"/>
<Cov CovItemId="S26" Value="1"/>
<Cov CovItemId="S27" Value="7"/>
<Cov CovItemId="S28" Value="2"/>
<Cov CovItemId="S29" Value="2"/>
<Cov CovItemId="S30" Value="1"/>
<Cov CovItemId="S31" Value="1"/>
<Cov CovItemId="S32" Value="1"/>
<Cov CovItemId="S33" Value="1"/>
<Cov CovItemId="S34" Value="1"/>
<Cov CovItemId="S35" Value="1"/>
<Cov CovItemId="S36" Value="1"/>
<Cov CovItemId="S37" Value="1"/>
<Cov CovItemId="S40" Value="1"/>
<Cov CovItemId="S46" Value="1"/>
<Cov CovItemId="S47" Value="1"/>
<Cov CovItemId="S48" Value="1"/>
<Cov CovItemId="S5" Value="1"/>
<Cov CovItemId="S51" Value="1"/>
<Cov CovItemId="S52" Value="1"/>
<Cov CovItemId="S54" Value="2"/>
<Cov CovItemId="S55" Value="9"/>
<Cov CovItemId="S6" Value="1"/>
<Cov CovItemId="S8" Value="1"/>
<Cov CovItemId="S9" Value="1"/>
</CovPrefix>
</CovList>
<AssgnmntList/>
<ObjMetaDataList/>
<MetaDataList/>
</TestCase>
<TestCase Comment="" Date="1500942479980" Name="TestUnit.ClassDetailsTests:testHasConflict8">
<CovList>
<CovPrefix CovItemPrefix="TestUnit.ClassDetails.java">
<Cov CovItemId="B1" Value="2"/>
<Cov CovItemId="B11" Value="1"/>
<Cov CovItemId="B14" Value="1"/>
<Cov CovItemId="B17" Value="1"/>
<Cov CovItemId="B2" Value="5"/>
<Cov CovItemId="B3" Value="2"/>
<Cov CovItemId="B4" Value="5"/>
<Cov CovItemId="B5" Value="1"/>
<Cov CovItemId="B8" Value="1"/>
<Cov CovItemId="S10" Value="1"/>
<Cov CovItemId="S11" Value="1"/>
<Cov CovItemId="S12" Value="1"/>
<Cov CovItemId="S13" Value="1"/>
<Cov CovItemId="S14" Value="1"/>
<Cov CovItemId="S15" Value="1"/>
<Cov CovItemId="S16" Value="1"/>
<Cov CovItemId="S17" Value="1"/>
<Cov CovItemId="S18" Value="1"/>
<Cov CovItemId="S19" Value="1"/>
<Cov CovItemId="S20" Value="1"/>
<Cov CovItemId="S21" Value="1"/>
<Cov CovItemId="S22" Value="1"/>
<Cov CovItemId="S23" Value="7"/>
<Cov CovItemId="S24" Value="2"/>
<Cov CovItemId="S25" Value="2"/>
<Cov CovItemId="S26" Value="1"/>
<Cov CovItemId="S27" Value="7"/>
<Cov CovItemId="S28" Value="2"/>
<Cov CovItemId="S29" Value="2"/>
<Cov CovItemId="S30" Value="1"/>
<Cov CovItemId="S31" Value="1"/>
<Cov CovItemId="S32" Value="1"/>
<Cov CovItemId="S33" Value="1"/>
<Cov CovItemId="S34" Value="1"/>
<Cov CovItemId="S35" Value="1"/>
<Cov CovItemId="S36" Value="1"/>
<Cov CovItemId="S37" Value="1"/>
<Cov CovItemId="S40" Value="1"/>
<Cov CovItemId="S41" Value="1"/>
<Cov CovItemId="S44" Value="1"/>
<Cov CovItemId="S45" Value="1"/>
<Cov CovItemId="S5" Value="1"/>
<Cov CovItemId="S54" Value="2"/>
<Cov CovItemId="S55" Value="9"/>
<Cov CovItemId="S6" Value="1"/>
<Cov CovItemId="S8" Value="1"/>
<Cov CovItemId="S9" Value="1"/>
</CovPrefix>
</CovList>
<AssgnmntList/>
<ObjMetaDataList/>
<MetaDataList/>
</TestCase>
<TestCase Comment="" Date="1500942479980" Name="TestUnit.ClassDetailsTests:testHasConflict9">
<CovList>
<CovPrefix CovItemPrefix="TestUnit.ClassDetails.java">
<Cov CovItemId="B1" Value="2"/>
<Cov CovItemId="B12" Value="1"/>
<Cov CovItemId="B19" Value="1"/>
<Cov CovItemId="B2" Value="5"/>
<Cov CovItemId="B21" Value="1"/>
<Cov CovItemId="B23" Value="1"/>
<Cov CovItemId="B3" Value="2"/>
<Cov CovItemId="B4" Value="5"/>
<Cov CovItemId="B5" Value="1"/>
<Cov CovItemId="B8" Value="1"/>
<Cov CovItemId="S10" Value="1"/>
<Cov CovItemId="S11" Value="1"/>
<Cov CovItemId="S12" Value="1"/>
<Cov CovItemId="S13" Value="1"/>
<Cov CovItemId="S14" Value="1"/>
<Cov CovItemId="S15" Value="1"/>
<Cov CovItemId="S16" Value="1"/>
<Cov CovItemId="S17" Value="1"/>
<Cov CovItemId="S18" Value="1"/>
<Cov CovItemId="S19" Value="1"/>
<Cov CovItemId="S20" Value="1"/>
<Cov CovItemId="S21" Value="1"/>
<Cov CovItemId="S22" Value="1"/>
<Cov CovItemId="S23" Value="7"/>
<Cov CovItemId="S24" Value="2"/>
<Cov CovItemId="S25" Value="2"/>
<Cov CovItemId="S26" Value="1"/>
<Cov CovItemId="S27" Value="7"/>
<Cov CovItemId="S28" Value="2"/>
<Cov CovItemId="S29" Value="2"/>
<Cov CovItemId="S30" Value="1"/>
<Cov CovItemId="S31" Value="1"/>
<Cov CovItemId="S32" Value="1"/>
<Cov CovItemId="S33" Value="1"/>
<Cov CovItemId="S34" Value="1"/>
<Cov CovItemId="S35" Value="1"/>
<Cov CovItemId="S36" Value="1"/>
<Cov CovItemId="S37" Value="1"/>
<Cov CovItemId="S40" Value="1"/>
<Cov CovItemId="S46" Value="1"/>
<Cov CovItemId="S47" Value="1"/>
<Cov CovItemId="S48" Value="1"/>
<Cov CovItemId="S49" Value="1"/>
<Cov CovItemId="S5" Value="1"/>
<Cov CovItemId="S50" Value="1"/>
<Cov CovItemId="S54" Value="2"/>
<Cov CovItemId="S55" Value="9"/>
<Cov CovItemId="S6" Value="1"/>
<Cov CovItemId="S8" Value="1"/>
<Cov CovItemId="S9" Value="1"/>
</CovPrefix>
</CovList>
<AssgnmntList/>
<ObjMetaDataList/>
<MetaDataList/>
</TestCase>
<TestCase Comment="" Date="1500942479980" Name="TestUnit.ClassDetailsTests:testIsAtTime1">
<CovList>
<CovPrefix CovItemPrefix="TestUnit.ClassDetails.java">
<Cov CovItemId="B28" Value="1"/>
<Cov CovItemId="S5" Value="1"/>
<Cov CovItemId="S54" Value="1"/>
<Cov CovItemId="S55" Value="10"/>
<Cov CovItemId="S56" Value="1"/>
<Cov CovItemId="S58" Value="1"/>
<Cov CovItemId="S6" Value="1"/>
</CovPrefix>
</CovList>
<AssgnmntList/>
<ObjMetaDataList/>
<MetaDataList/>
</TestCase>
<TestCase Comment="" Date="1500942480293" Name="TestUnit.ClassDetailsTests:testIsAtTime2">
<CovList>
<CovPrefix CovItemPrefix="TestUnit.ClassDetails.java">
<Cov CovItemId="B27" Value="1"/>
<Cov CovItemId="S5" Value="1"/>
<Cov CovItemId="S54" Value="2"/>
<Cov CovItemId="S55" Value="10"/>
<Cov CovItemId="S56" Value="1"/>
<Cov CovItemId="S57" Value="1"/>
<Cov CovItemId="S6" Value="1"/>
</CovPrefix>
</CovList>
<AssgnmntList/>
<ObjMetaDataList/>
<MetaDataList/>
</TestCase>
<TestCase Comment="" Date="1500942480308" Name="TestUnit.ClassDetailsTests:testGetDays">
<CovList>
<CovPrefix CovItemPrefix="TestUnit.ClassDetails.java">
<Cov CovItemId="S5" Value="1"/>
<Cov CovItemId="S54" Value="1"/>
<Cov CovItemId="S55" Value="10"/>
<Cov CovItemId="S6" Value="1"/>
<Cov CovItemId="S69" Value="1"/>
</CovPrefix>
</CovList>
<AssgnmntList/>
<ObjMetaDataList/>
<MetaDataList/>
</TestCase>
<TestCase Comment="" Date="1500942480308" Name="TestUnit.ClassDetailsTests:testGetTerm">
<CovList>
<CovPrefix CovItemPrefix="TestUnit.ClassDetails.java">
<Cov CovItemId="S1" Value="1"/>
<Cov CovItemId="S2" Value="1"/>
<Cov CovItemId="S5" Value="1"/>
<Cov CovItemId="S55" Value="9"/>
<Cov CovItemId="S6" Value="1"/>
</CovPrefix>
</CovList>
<AssgnmntList/>
<ObjMetaDataList/>
<MetaDataList/>
</TestCase>
<TestCase Comment="" Date="1500942480308" Name="TestUnit.ClassDetailsTests:testGetTime">
<CovList>
<CovPrefix CovItemPrefix="TestUnit.ClassDetails.java">
<Cov CovItemId="S5" Value="1"/>
<Cov CovItemId="S54" Value="1"/>
<Cov CovItemId="S55" Value="10"/>
<Cov CovItemId="S6" Value="1"/>
</CovPrefix>
</CovList>
<AssgnmntList/>
<ObjMetaDataList/>
<MetaDataList/>
</TestCase>
<TestCase Comment="" Date="1500942480324" Name="TestUnit.ClassDetailsTests:testIsAtDay1">
<CovList>
<CovPrefix CovItemPrefix="TestUnit.ClassDetails.java">
<Cov CovItemId="B29" Value="1"/>
<Cov CovItemId="S5" Value="1"/>
<Cov CovItemId="S54" Value="1"/>
<Cov CovItemId="S55" Value="10"/>
<Cov CovItemId="S59" Value="1"/>
<Cov CovItemId="S6" Value="1"/>
<Cov CovItemId="S60" Value="1"/>
</CovPrefix>
</CovList>
<AssgnmntList/>
<ObjMetaDataList/>
<MetaDataList/>
</TestCase>
<TestCase Comment="" Date="1500942480324" Name="TestUnit.ClassDetailsTests:testIsAtDay2">
<CovList>
<CovPrefix CovItemPrefix="TestUnit.ClassDetails.java">
<Cov CovItemId="B30" Value="1"/>
<Cov CovItemId="S5" Value="1"/>
<Cov CovItemId="S54" Value="1"/>
<Cov CovItemId="S55" Value="10"/>
<Cov CovItemId="S59" Value="1"/>
<Cov CovItemId="S6" Value="1"/>
<Cov CovItemId="S61" Value="1"/>
</CovPrefix>
</CovList>
<AssgnmntList/>
<ObjMetaDataList/>
<MetaDataList/>
</TestCase>
<TestCase Comment="" Date="1500942480324" Name="TestUnit.ClassDetailsTests:testSetCourse">
<CovList>
<CovPrefix CovItemPrefix="TestUnit.ClassDetails.java">
<Cov CovItemId="S5" Value="1"/>
<Cov CovItemId="S55" Value="9"/>
<Cov CovItemId="S6" Value="1"/>
<Cov CovItemId="S70" Value="1"/>
<Cov CovItemId="S71" Value="1"/>
</CovPrefix>
</CovList>
<AssgnmntList/>
<ObjMetaDataList/>
<MetaDataList/>
</TestCase>
<TestCase Comment="" Date="1500942480324" Name="TestUnit.ClassDetailsTests:testGetCampus">
<CovList>
<CovPrefix CovItemPrefix="TestUnit.ClassDetails.java">
<Cov CovItemId="S3" Value="1"/>
<Cov CovItemId="S4" Value="1"/>
<Cov CovItemId="S5" Value="1"/>
<Cov CovItemId="S55" Value="9"/>
<Cov CovItemId="S6" Value="1"/>
</CovPrefix>
</CovList>
<AssgnmntList/>
<ObjMetaDataList/>
<MetaDataList/>
</TestCase>
<TestCase Comment="" Date="1500942480324" Name="TestUnit.ClassDetailsTests:testGetCourse">
<CovList>
<CovPrefix CovItemPrefix="TestUnit.ClassDetails.java">
<Cov CovItemId="S5" Value="1"/>
<Cov CovItemId="S55" Value="9"/>
<Cov CovItemId="S6" Value="1"/>
<Cov CovItemId="S70" Value="1"/>
<Cov CovItemId="S71" Value="1"/>
</CovPrefix>
</CovList>
<AssgnmntList/>
<ObjMetaDataList/>
<MetaDataList/>
</TestCase>
<TestCase Comment="" Date="1500942480339" Name="TestUnit.ClassDetailsTests:testSetTerm">
<CovList>
<CovPrefix CovItemPrefix="TestUnit.ClassDetails.java">
<Cov CovItemId="S1" Value="1"/>
<Cov CovItemId="S2" Value="1"/>
<Cov CovItemId="S5" Value="1"/>
<Cov CovItemId="S55" Value="9"/>
<Cov CovItemId="S6" Value="1"/>
</CovPrefix>
</CovList>
<AssgnmntList/>
<ObjMetaDataList/>
<MetaDataList/>
</TestCase>
<TestCase Comment="" Date="1500942480339" Name="TestUnit.ClassDetailsTests:testSetTime">
<CovList>
<CovPrefix CovItemPrefix="TestUnit.ClassDetails.java">
<Cov CovItemId="S5" Value="1"/>
<Cov CovItemId="S54" Value="1"/>
<Cov CovItemId="S55" Value="10"/>
<Cov CovItemId="S6" Value="1"/>
</CovPrefix>
</CovList>
<AssgnmntList/>
<ObjMetaDataList/>
<MetaDataList/>
</TestCase>
<TestCase Comment="" Date="1500942480339" Name="TestUnit.ClassDetailsTests:testSetClassNbr">
<CovList>
<CovPrefix CovItemPrefix="TestUnit.ClassDetails.java">
<Cov CovItemId="S5" Value="1"/>
<Cov CovItemId="S55" Value="9"/>
<Cov CovItemId="S6" Value="1"/>
</CovPrefix>
</CovList>
<AssgnmntList/>
<ObjMetaDataList/>
<MetaDataList/>
</TestCase>
<MetaDataList/>
</TestSession>
<TestSession Comment="" Date="1500942538160" Name="Jul 24, 2017 8:28:58 PM">
<TestCase Comment="" Date="1500942537816" Name="TestUnit.ClassDetailsTests:testSetCampus1">
<CovList>
<CovPrefix CovItemPrefix="TestUnit.ClassDetails.java">
<Cov CovItemId="S3" Value="1"/>
<Cov CovItemId="S4" Value="1"/>
<Cov CovItemId="S5" Value="1"/>
<Cov CovItemId="S55" Value="9"/>
<Cov CovItemId="S6" Value="1"/>
</CovPrefix>
</CovList>
<AssgnmntList/>
<ObjMetaDataList/>
<MetaDataList/>
</TestCase>
<TestCase Comment="" Date="1500942537832" Name="TestUnit.ClassDetailsTests:testSetCampus2">
<CovList>
<CovPrefix CovItemPrefix="TestUnit.ClassDetails.java">
<Cov CovItemId="S3" Value="1"/>
<Cov CovItemId="S4" Value="1"/>
<Cov CovItemId="S5" Value="1"/>
<Cov CovItemId="S55" Value="9"/>
<Cov CovItemId="S6" Value="1"/>
</CovPrefix>
</CovList>
<AssgnmntList/>
<ObjMetaDataList/>
<MetaDataList/>
</TestCase>
<TestCase Comment="Failure&#10;java.lang.AssertionError&#13;&#10;&#9;at org.junit.Assert.fail(Assert.java:86)&#13;&#10;&#9;at org.junit.Assert.assertTrue(Assert.java:41)&#13;&#10;&#9;at org.junit.Assert.assertNotNull(Assert.java:621)&#13;&#10;&#9;at TestUnit.ClassDetailsTests.testGetInstructor(ClassDetailsTests.java:159)&#13;&#10;&#9;at sun.reflect.NativeMethodAccessorImpl.invoke0(Native Method)&#13;&#10;&#9;at sun.reflect.NativeMethodAccessorImpl.invoke(Unknown Source)&#13;&#10;&#9;at sun.reflect.DelegatingMethodAccessorImpl.invoke(Unknown Source)&#13;&#10;&#9;at java.lang.reflect.Method.invoke(Unknown Source)&#13;&#10;&#9;at org.junit.runners.model.FrameworkMethod$1.runReflectiveCall(FrameworkMethod.java:47)&#13;&#10;&#9;at org.junit.internal.runners.model.ReflectiveCallable.run(ReflectiveCallable.java:12)&#13;&#10;&#9;at org.junit.runners.model.FrameworkMethod.invokeExplosively(FrameworkMethod.java:44)&#13;&#10;&#9;at org.junit.internal.runners.statements.InvokeMethod.evaluate(InvokeMethod.java:17)&#13;&#10;&#9;at org.junit.internal.runners.statements.RunBefores.evaluate(RunBefores.java:26)&#13;&#10;&#9;at org.junit.internal.runners.statements.RunAfters.evaluate(RunAfters.java:27)&#13;&#10;&#9;at org.junit.runners.ParentRunner.runLeaf(ParentRunner.java:271)&#13;&#10;&#9;at org.junit.runners.BlockJUnit4ClassRunner.runChild(BlockJUnit4ClassRunner.java:70)&#13;&#10;&#9;at org.junit.runners.BlockJUnit4ClassRunner.runChild(BlockJUnit4ClassRunner.java:50)&#13;&#10;&#9;at org.junit.runners.ParentRunner$3.run(ParentRunner.java:238)&#13;&#10;&#9;at org.junit.runners.ParentRunner$1.schedule(ParentRunner.java:63)&#13;&#10;&#9;at org.junit.runners.ParentRunner.runChildren(ParentRunner.java:236)&#13;&#10;&#9;at org.junit.runners.ParentRunner.access$000(ParentRunner.java:53)&#13;&#10;&#9;at org.junit.runners.ParentRunner$2.evaluate(ParentRunner.java:229)&#13;&#10;&#9;at org.junit.runners.ParentRunner.run(ParentRunner.java:309)&#13;&#10;&#9;at org.eclipse.jdt.internal.junit4.runner.JUnit4TestReference.run(JUnit4TestReference.java:50)&#13;&#10;&#9;at org.eclipse.jdt.internal.junit.runner.TestExecution.run(TestExecution.java:38)&#13;&#10;&#9;at org.eclipse.jdt.internal.junit.runner.RemoteTestRunner.runTests(RemoteTestRunner.java:467)&#13;&#10;&#9;at org.eclipse.jdt.internal.junit.runner.RemoteTestRunner.runTests(RemoteTestRunner.java:683)&#13;&#10;&#9;at org.eclipse.jdt.internal.junit.runner.RemoteTestRunner.run(RemoteTestRunner.java:390)&#13;&#10;&#9;at org.codecover.juniteclipse.runner.EclipseTestRunner.main(EclipseTestRunner.java:40)" Date="1500942537847" Name="TestUnit.ClassDetailsTests:testGetInstructor">
<CovList>
<CovPrefix CovItemPrefix="TestUnit.ClassDetails.java">
<Cov CovItemId="S5" Value="1"/>
<Cov CovItemId="S55" Value="9"/>
<Cov CovItemId="S6" Value="1"/>
<Cov CovItemId="S7" Value="1"/>
</CovPrefix>
</CovList>
<AssgnmntList/>
<ObjMetaDataList/>
<MetaDataList/>
</TestCase>
<TestCase Comment="Failure&#10;org.junit.ComparisonFailure: expected:&lt;[Programming&#10;12345&#10;10:00-12:0]0&#10;MMC&#10;&gt; but was:&lt;[COP3337&#10;null&#10;10:0-12:]0&#10;MMC&#10;&gt;&#13;&#10;&#9;at org.junit.Assert.assertEquals(Assert.java:115)&#13;&#10;&#9;at org.junit.Assert.assertEquals(Assert.java:144)&#13;&#10;&#9;at TestUnit.ClassDetailsTests.testToString(ClassDetailsTests.java:234)&#13;&#10;&#9;at sun.reflect.NativeMethodAccessorImpl.invoke0(Native Method)&#13;&#10;&#9;at sun.reflect.NativeMethodAccessorImpl.invoke(Unknown Source)&#13;&#10;&#9;at sun.reflect.DelegatingMethodAccessorImpl.invoke(Unknown Source)&#13;&#10;&#9;at java.lang.reflect.Method.invoke(Unknown Source)&#13;&#10;&#9;at org.junit.runners.model.FrameworkMethod$1.runReflectiveCall(FrameworkMethod.java:47)&#13;&#10;&#9;at org.junit.internal.runners.model.ReflectiveCallable.run(ReflectiveCallable.java:12)&#13;&#10;&#9;at org.junit.runners.model.FrameworkMethod.invokeExplosively(FrameworkMethod.java:44)&#13;&#10;&#9;at org.junit.internal.runners.statements.InvokeMethod.evaluate(InvokeMethod.java:17)&#13;&#10;&#9;at org.junit.internal.runners.statements.RunBefores.evaluate(RunBefores.java:26)&#13;&#10;&#9;at org.junit.internal.runners.statements.RunAfters.evaluate(RunAfters.java:27)&#13;&#10;&#9;at org.junit.runners.ParentRunner.runLeaf(ParentRunner.java:271)&#13;&#10;&#9;at org.junit.runners.BlockJUnit4ClassRunner.runChild(BlockJUnit4ClassRunner.java:70)&#13;&#10;&#9;at org.junit.runners.BlockJUnit4ClassRunner.runChild(BlockJUnit4ClassRunner.java:50)&#13;&#10;&#9;at org.junit.runners.ParentRunner$3.run(ParentRunner.java:238)&#13;&#10;&#9;at org.junit.runners.ParentRunner$1.schedule(ParentRunner.java:63)&#13;&#10;&#9;at org.junit.runners.ParentRunner.runChildren(ParentRunner.java:236)&#13;&#10;&#9;at org.junit.runners.ParentRunner.access$000(ParentRunner.java:53)&#13;&#10;&#9;at org.junit.runners.ParentRunner$2.evaluate(ParentRunner.java:229)&#13;&#10;&#9;at org.junit.runners.ParentRunner.run(ParentRunner.java:309)&#13;&#10;&#9;at org.eclipse.jdt.internal.junit4.runner.JUnit4TestReference.run(JUnit4TestReference.java:50)&#13;&#10;&#9;at org.eclipse.jdt.internal.junit.runner.TestExecution.run(TestExecution.java:38)&#13;&#10;&#9;at org.eclipse.jdt.internal.junit.runner.RemoteTestRunner.runTests(RemoteTestRunner.java:467)&#13;&#10;&#9;at org.eclipse.jdt.internal.junit.runner.RemoteTestRunner.runTests(RemoteTestRunner.java:683)&#13;&#10;&#9;at org.eclipse.jdt.internal.junit.runner.RemoteTestRunner.run(RemoteTestRunner.java:390)&#13;&#10;&#9;at org.codecover.juniteclipse.runner.EclipseTestRunner.main(EclipseTestRunner.java:40)" Date="1500942537863" Name="TestUnit.ClassDetailsTests:testToString">
<CovList>
<CovPrefix CovItemPrefix="TestUnit.ClassDetails.java">
<Cov CovItemId="B31" Value="1"/>
<Cov CovItemId="B33" Value="1"/>
<Cov CovItemId="S3" Value="1"/>
<Cov CovItemId="S5" Value="1"/>
<Cov CovItemId="S54" Value="2"/>
<Cov CovItemId="S55" Value="10"/>
<Cov CovItemId="S6" Value="1"/>
<Cov CovItemId="S62" Value="1"/>
<Cov CovItemId="S63" Value="1"/>
<Cov CovItemId="S64" Value="1"/>
<Cov CovItemId="S65" Value="1"/>
<Cov CovItemId="S66" Value="1"/>
<Cov CovItemId="S67" Value="1"/>
<Cov CovItemId="S68" Value="1"/>
<Cov CovItemId="S70" Value="1"/>
</CovPrefix>
</CovList>
<AssgnmntList/>
<ObjMetaDataList/>
<MetaDataList/>
</TestCase>
<TestCase Comment="" Date="1500942537863" Name="TestUnit.ClassDetailsTests:testHasConflict1">
<CovList>
<CovPrefix CovItemPrefix="TestUnit.ClassDetails.java">
<Cov CovItemId="B1" Value="2"/>
<Cov CovItemId="B12" Value="1"/>
<Cov CovItemId="B19" Value="1"/>
<Cov CovItemId="B2" Value="5"/>
<Cov CovItemId="B22" Value="1"/>
<Cov CovItemId="B26" Value="1"/>
<Cov CovItemId="B3" Value="2"/>
<Cov CovItemId="B4" Value="5"/>
<Cov CovItemId="B5" Value="1"/>
<Cov CovItemId="B6" Value="1"/>
<Cov CovItemId="B8" Value="1"/>
<Cov CovItemId="S10" Value="1"/>
<Cov CovItemId="S11" Value="1"/>
<Cov CovItemId="S12" Value="1"/>
<Cov CovItemId="S13" Value="1"/>
<Cov CovItemId="S14" Value="1"/>
<Cov CovItemId="S15" Value="1"/>
<Cov CovItemId="S16" Value="1"/>
<Cov CovItemId="S17" Value="1"/>
<Cov CovItemId="S18" Value="1"/>
<Cov CovItemId="S19" Value="1"/>
<Cov CovItemId="S20" Value="1"/>
<Cov CovItemId="S21" Value="1"/>
<Cov CovItemId="S22" Value="1"/>
<Cov CovItemId="S23" Value="7"/>
<Cov CovItemId="S24" Value="2"/>
<Cov CovItemId="S25" Value="2"/>
<Cov CovItemId="S26" Value="1"/>
<Cov CovItemId="S27" Value="7"/>
<Cov CovItemId="S28" Value="2"/>
<Cov CovItemId="S29" Value="2"/>
<Cov CovItemId="S30" Value="1"/>
<Cov CovItemId="S31" Value="1"/>
<Cov CovItemId="S32" Value="1"/>
<Cov CovItemId="S33" Value="2"/>
<Cov CovItemId="S34" Value="2"/>
<Cov CovItemId="S35" Value="2"/>
<Cov CovItemId="S36" Value="2"/>
<Cov CovItemId="S37" Value="1"/>
<Cov CovItemId="S40" Value="1"/>
<Cov CovItemId="S46" Value="1"/>
<Cov CovItemId="S47" Value="1"/>
<Cov CovItemId="S48" Value="1"/>
<Cov CovItemId="S5" Value="1"/>
<Cov CovItemId="S51" Value="1"/>
<Cov CovItemId="S53" Value="1"/>
<Cov CovItemId="S54" Value="2"/>
<Cov CovItemId="S55" Value="9"/>
<Cov CovItemId="S6" Value="1"/>
<Cov CovItemId="S8" Value="1"/>
<Cov CovItemId="S9" Value="1"/>
</CovPrefix>
</CovList>
<AssgnmntList/>
<ObjMetaDataList/>
<MetaDataList/>
</TestCase>
<TestCase Comment="" Date="1500942537863" Name="TestUnit.ClassDetailsTests:testHasConflict2">
<CovList>
<CovPrefix CovItemPrefix="TestUnit.ClassDetails.java">
<Cov CovItemId="B1" Value="2"/>
<Cov CovItemId="B2" Value="5"/>
<Cov CovItemId="B3" Value="2"/>
<Cov CovItemId="B4" Value="5"/>
<Cov CovItemId="B5" Value="1"/>
<Cov CovItemId="B7" Value="1"/>
<Cov CovItemId="B9" Value="1"/>
<Cov CovItemId="S10" Value="1"/>
<Cov CovItemId="S11" Value="1"/>
<Cov CovItemId="S12" Value="1"/>
<Cov CovItemId="S13" Value="1"/>
<Cov CovItemId="S14" Value="1"/>
<Cov CovItemId="S15" Value="1"/>
<Cov CovItemId="S16" Value="1"/>
<Cov CovItemId="S17" Value="1"/>
<Cov CovItemId="S18" Value="1"/>
<Cov CovItemId="S19" Value="1"/>
<Cov CovItemId="S20" Value="1"/>
<Cov CovItemId="S21" Value="1"/>
<Cov CovItemId="S22" Value="1"/>
<Cov CovItemId="S23" Value="7"/>
<Cov CovItemId="S24" Value="2"/>
<Cov CovItemId="S25" Value="2"/>
<Cov CovItemId="S26" Value="1"/>
<Cov CovItemId="S27" Value="7"/>
<Cov CovItemId="S28" Value="2"/>
<Cov CovItemId="S29" Value="2"/>
<Cov CovItemId="S30" Value="1"/>
<Cov CovItemId="S31" Value="1"/>
<Cov CovItemId="S32" Value="1"/>
<Cov CovItemId="S33" Value="1"/>
<Cov CovItemId="S34" Value="1"/>
<Cov CovItemId="S35" Value="1"/>
<Cov CovItemId="S36" Value="1"/>
<Cov CovItemId="S37" Value="1"/>
<Cov CovItemId="S38" Value="1"/>
<Cov CovItemId="S39" Value="1"/>
<Cov CovItemId="S5" Value="1"/>
<Cov CovItemId="S54" Value="2"/>
<Cov CovItemId="S55" Value="9"/>
<Cov CovItemId="S6" Value="1"/>
<Cov CovItemId="S8" Value="1"/>
<Cov CovItemId="S9" Value="1"/>
</CovPrefix>
</CovList>
<AssgnmntList/>
<ObjMetaDataList/>
<MetaDataList/>
</TestCase>
<TestCase Comment="" Date="1500942537863" Name="TestUnit.ClassDetailsTests:testHasConflict3">
<CovList>
<CovPrefix CovItemPrefix="TestUnit.ClassDetails.java">
<Cov CovItemId="B1" Value="2"/>
<Cov CovItemId="B2" Value="5"/>
<Cov CovItemId="B3" Value="2"/>
<Cov CovItemId="B4" Value="5"/>
<Cov CovItemId="B5" Value="1"/>
<Cov CovItemId="B7" Value="1"/>
<Cov CovItemId="B9" Value="1"/>
<Cov CovItemId="S10" Value="1"/>
<Cov CovItemId="S11" Value="1"/>
<Cov CovItemId="S12" Value="1"/>
<Cov CovItemId="S13" Value="1"/>
<Cov CovItemId="S14" Value="1"/>
<Cov CovItemId="S15" Value="1"/>
<Cov CovItemId="S16" Value="1"/>
<Cov CovItemId="S17" Value="1"/>
<Cov CovItemId="S18" Value="1"/>
<Cov CovItemId="S19" Value="1"/>
<Cov CovItemId="S20" Value="1"/>
<Cov CovItemId="S21" Value="1"/>
<Cov CovItemId="S22" Value="1"/>
<Cov CovItemId="S23" Value="7"/>
<Cov CovItemId="S24" Value="2"/>
<Cov CovItemId="S25" Value="2"/>
<Cov CovItemId="S26" Value="1"/>
<Cov CovItemId="S27" Value="7"/>
<Cov CovItemId="S28" Value="2"/>
<Cov CovItemId="S29" Value="2"/>
<Cov CovItemId="S30" Value="1"/>
<Cov CovItemId="S31" Value="1"/>
<Cov CovItemId="S32" Value="1"/>
<Cov CovItemId="S33" Value="1"/>
<Cov CovItemId="S34" Value="1"/>
<Cov CovItemId="S35" Value="1"/>
<Cov CovItemId="S36" Value="1"/>
<Cov CovItemId="S37" Value="1"/>
<Cov CovItemId="S38" Value="1"/>
<Cov CovItemId="S39" Value="1"/>
<Cov CovItemId="S5" Value="1"/>
<Cov CovItemId="S54" Value="2"/>
<Cov CovItemId="S55" Value="9"/>
<Cov CovItemId="S6" Value="1"/>
<Cov CovItemId="S8" Value="1"/>
<Cov CovItemId="S9" Value="1"/>
</CovPrefix>
</CovList>
<AssgnmntList/>
<ObjMetaDataList/>
<MetaDataList/>
</TestCase>
<TestCase Comment="Failure&#10;java.lang.AssertionError: expected:&lt;true&gt; but was:&lt;false&gt;&#13;&#10;&#9;at org.junit.Assert.fail(Assert.java:88)&#13;&#10;&#9;at org.junit.Assert.failNotEquals(Assert.java:743)&#13;&#10;&#9;at org.junit.Assert.assertEquals(Assert.java:118)&#13;&#10;&#9;at org.junit.Assert.assertEquals(Assert.java:144)&#13;&#10;&#9;at TestUnit.ClassDetailsTests.testHasConflict4(ClassDetailsTests.java:102)&#13;&#10;&#9;at sun.reflect.NativeMethodAccessorImpl.invoke0(Native Method)&#13;&#10;&#9;at sun.reflect.NativeMethodAccessorImpl.invoke(Unknown Source)&#13;&#10;&#9;at sun.reflect.DelegatingMethodAccessorImpl.invoke(Unknown Source)&#13;&#10;&#9;at java.lang.reflect.Method.invoke(Unknown Source)&#13;&#10;&#9;at org.junit.runners.model.FrameworkMethod$1.runReflectiveCall(FrameworkMethod.java:47)&#13;&#10;&#9;at org.junit.internal.runners.model.ReflectiveCallable.run(ReflectiveCallable.java:12)&#13;&#10;&#9;at org.junit.runners.model.FrameworkMethod.invokeExplosively(FrameworkMethod.java:44)&#13;&#10;&#9;at org.junit.internal.runners.statements.InvokeMethod.evaluate(InvokeMethod.java:17)&#13;&#10;&#9;at org.junit.internal.runners.statements.RunBefores.evaluate(RunBefores.java:26)&#13;&#10;&#9;at org.junit.internal.runners.statements.RunAfters.evaluate(RunAfters.java:27)&#13;&#10;&#9;at org.junit.runners.ParentRunner.runLeaf(ParentRunner.java:271)&#13;&#10;&#9;at org.junit.runners.BlockJUnit4ClassRunner.runChild(BlockJUnit4ClassRunner.java:70)&#13;&#10;&#9;at org.junit.runners.BlockJUnit4ClassRunner.runChild(BlockJUnit4ClassRunner.java:50)&#13;&#10;&#9;at org.junit.runners.ParentRunner$3.run(ParentRunner.java:238)&#13;&#10;&#9;at org.junit.runners.ParentRunner$1.schedule(ParentRunner.java:63)&#13;&#10;&#9;at org.junit.runners.ParentRunner.runChildren(ParentRunner.java:236)&#13;&#10;&#9;at org.junit.runners.ParentRunner.access$000(ParentRunner.java:53)&#13;&#10;&#9;at org.junit.runners.ParentRunner$2.evaluate(ParentRunner.java:229)&#13;&#10;&#9;at org.junit.runners.ParentRunner.run(ParentRunner.java:309)&#13;&#10;&#9;at org.eclipse.jdt.internal.junit4.runner.JUnit4TestReference.run(JUnit4TestReference.java:50)&#13;&#10;&#9;at org.eclipse.jdt.internal.junit.runner.TestExecution.run(TestExecution.java:38)&#13;&#10;&#9;at org.eclipse.jdt.internal.junit.runner.RemoteTestRunner.runTests(RemoteTestRunner.java:467)&#13;&#10;&#9;at org.eclipse.jdt.internal.junit.runner.RemoteTestRunner.runTests(RemoteTestRunner.java:683)&#13;&#10;&#9;at org.eclipse.jdt.internal.junit.runner.RemoteTestRunner.run(RemoteTestRunner.java:390)&#13;&#10;&#9;at org.codecover.juniteclipse.runner.EclipseTestRunner.main(EclipseTestRunner.java:40)" Date="1500942537863" Name="TestUnit.ClassDetailsTests:testHasConflict4">
<CovList>
<CovPrefix CovItemPrefix="TestUnit.ClassDetails.java">
<Cov CovItemId="B1" Value="2"/>
<Cov CovItemId="B10" Value="1"/>
<Cov CovItemId="B2" Value="5"/>
<Cov CovItemId="B3" Value="2"/>
<Cov CovItemId="B4" Value="5"/>
<Cov CovItemId="B5" Value="1"/>
<Cov CovItemId="B6" Value="1"/>
<Cov CovItemId="B7" Value="1"/>
<Cov CovItemId="S10" Value="1"/>
<Cov CovItemId="S11" Value="1"/>
<Cov CovItemId="S12" Value="1"/>
<Cov CovItemId="S13" Value="1"/>
<Cov CovItemId="S14" Value="1"/>
<Cov CovItemId="S15" Value="1"/>
<Cov CovItemId="S16" Value="1"/>
<Cov CovItemId="S17" Value="1"/>
<Cov CovItemId="S18" Value="1"/>
<Cov CovItemId="S19" Value="1"/>
<Cov CovItemId="S20" Value="1"/>
<Cov CovItemId="S21" Value="1"/>
<Cov CovItemId="S22" Value="1"/>
<Cov CovItemId="S23" Value="7"/>
<Cov CovItemId="S24" Value="2"/>
<Cov CovItemId="S25" Value="2"/>
<Cov CovItemId="S26" Value="1"/>
<Cov CovItemId="S27" Value="7"/>
<Cov CovItemId="S28" Value="2"/>
<Cov CovItemId="S29" Value="2"/>
<Cov CovItemId="S30" Value="1"/>
<Cov CovItemId="S31" Value="1"/>
<Cov CovItemId="S32" Value="1"/>
<Cov CovItemId="S33" Value="2"/>
<Cov CovItemId="S34" Value="2"/>
<Cov CovItemId="S35" Value="2"/>
<Cov CovItemId="S36" Value="2"/>
<Cov CovItemId="S37" Value="1"/>
<Cov CovItemId="S38" Value="1"/>
<Cov CovItemId="S5" Value="1"/>
<Cov CovItemId="S53" Value="1"/>
<Cov CovItemId="S54" Value="2"/>
<Cov CovItemId="S55" Value="9"/>
<Cov CovItemId="S6" Value="1"/>
<Cov CovItemId="S8" Value="1"/>
<Cov CovItemId="S9" Value="1"/>
</CovPrefix>
</CovList>
<AssgnmntList/>
<ObjMetaDataList/>
<MetaDataList/>
</TestCase>
<TestCase Comment="" Date="1500942537879" Name="TestUnit.ClassDetailsTests:testHasConflict5">
<CovList>
<CovPrefix CovItemPrefix="TestUnit.ClassDetails.java">
<Cov CovItemId="B1" Value="2"/>
<Cov CovItemId="B11" Value="1"/>
<Cov CovItemId="B13" Value="1"/>
<Cov CovItemId="B15" Value="1"/>
<Cov CovItemId="B2" Value="5"/>
<Cov CovItemId="B3" Value="2"/>
<Cov CovItemId="B4" Value="5"/>
<Cov CovItemId="B5" Value="1"/>
<Cov CovItemId="B8" Value="1"/>
<Cov CovItemId="S10" Value="1"/>
<Cov CovItemId="S11" Value="1"/>
<Cov CovItemId="S12" Value="1"/>
<Cov CovItemId="S13" Value="1"/>
<Cov CovItemId="S14" Value="1"/>
<Cov CovItemId="S15" Value="1"/>
<Cov CovItemId="S16" Value="1"/>
<Cov CovItemId="S17" Value="1"/>
<Cov CovItemId="S18" Value="1"/>
<Cov CovItemId="S19" Value="1"/>
<Cov CovItemId="S20" Value="1"/>
<Cov CovItemId="S21" Value="1"/>
<Cov CovItemId="S22" Value="1"/>
<Cov CovItemId="S23" Value="7"/>
<Cov CovItemId="S24" Value="2"/>
<Cov CovItemId="S25" Value="2"/>
<Cov CovItemId="S26" Value="1"/>
<Cov CovItemId="S27" Value="7"/>
<Cov CovItemId="S28" Value="2"/>
<Cov CovItemId="S29" Value="2"/>
<Cov CovItemId="S30" Value="1"/>
<Cov CovItemId="S31" Value="1"/>
<Cov CovItemId="S32" Value="1"/>
<Cov CovItemId="S33" Value="1"/>
<Cov CovItemId="S34" Value="1"/>
<Cov CovItemId="S35" Value="1"/>
<Cov CovItemId="S36" Value="1"/>
<Cov CovItemId="S37" Value="1"/>
<Cov CovItemId="S40" Value="1"/>
<Cov CovItemId="S41" Value="1"/>
<Cov CovItemId="S42" Value="1"/>
<Cov CovItemId="S43" Value="1"/>
<Cov CovItemId="S5" Value="1"/>
<Cov CovItemId="S54" Value="2"/>
<Cov CovItemId="S55" Value="9"/>
<Cov CovItemId="S6" Value="1"/>
<Cov CovItemId="S8" Value="1"/>
<Cov CovItemId="S9" Value="1"/>
</CovPrefix>
</CovList>
<AssgnmntList/>
<ObjMetaDataList/>
<MetaDataList/>
</TestCase>
<TestCase Comment="" Date="1500942537879" Name="TestUnit.ClassDetailsTests:testHasConflict6">
<CovList>
<CovPrefix CovItemPrefix="TestUnit.ClassDetails.java">
<Cov CovItemId="B1" Value="2"/>
<Cov CovItemId="B11" Value="1"/>
<Cov CovItemId="B14" Value="1"/>
<Cov CovItemId="B17" Value="1"/>
<Cov CovItemId="B2" Value="5"/>
<Cov CovItemId="B3" Value="2"/>
<Cov CovItemId="B4" Value="5"/>
<Cov CovItemId="B5" Value="1"/>
<Cov CovItemId="B8" Value="1"/>
<Cov CovItemId="S10" Value="1"/>
<Cov CovItemId="S11" Value="1"/>
<Cov CovItemId="S12" Value="1"/>
<Cov CovItemId="S13" Value="1"/>
<Cov CovItemId="S14" Value="1"/>
<Cov CovItemId="S15" Value="1"/>
<Cov CovItemId="S16" Value="1"/>
<Cov CovItemId="S17" Value="1"/>
<Cov CovItemId="S18" Value="1"/>
<Cov CovItemId="S19" Value="1"/>
<Cov CovItemId="S20" Value="1"/>
<Cov CovItemId="S21" Value="1"/>
<Cov CovItemId="S22" Value="1"/>
<Cov CovItemId="S23" Value="7"/>
<Cov CovItemId="S24" Value="2"/>
<Cov CovItemId="S25" Value="2"/>
<Cov CovItemId="S26" Value="1"/>
<Cov CovItemId="S27" Value="7"/>
<Cov CovItemId="S28" Value="2"/>
<Cov CovItemId="S29" Value="2"/>
<Cov CovItemId="S30" Value="1"/>
<Cov CovItemId="S31" Value="1"/>
<Cov CovItemId="S32" Value="1"/>
<Cov CovItemId="S33" Value="1"/>
<Cov CovItemId="S34" Value="1"/>
<Cov CovItemId="S35" Value="1"/>
<Cov CovItemId="S36" Value="1"/>
<Cov CovItemId="S37" Value="1"/>
<Cov CovItemId="S40" Value="1"/>
<Cov CovItemId="S41" Value="1"/>
<Cov CovItemId="S44" Value="1"/>
<Cov CovItemId="S45" Value="1"/>
<Cov CovItemId="S5" Value="1"/>
<Cov CovItemId="S54" Value="2"/>
<Cov CovItemId="S55" Value="9"/>
<Cov CovItemId="S6" Value="1"/>
<Cov CovItemId="S8" Value="1"/>
<Cov CovItemId="S9" Value="1"/>
</CovPrefix>
</CovList>
<AssgnmntList/>
<ObjMetaDataList/>
<MetaDataList/>
</TestCase>
<TestCase Comment="" Date="1500942537879" Name="TestUnit.ClassDetailsTests:testHasConflict7">
<CovList>
<CovPrefix CovItemPrefix="TestUnit.ClassDetails.java">
<Cov CovItemId="B1" Value="2"/>
<Cov CovItemId="B12" Value="1"/>
<Cov CovItemId="B19" Value="1"/>
<Cov CovItemId="B2" Value="5"/>
<Cov CovItemId="B22" Value="1"/>
<Cov CovItemId="B25" Value="1"/>
<Cov CovItemId="B3" Value="2"/>
<Cov CovItemId="B4" Value="5"/>
<Cov CovItemId="B5" Value="1"/>
<Cov CovItemId="B8" Value="1"/>
<Cov CovItemId="S10" Value="1"/>
<Cov CovItemId="S11" Value="1"/>
<Cov CovItemId="S12" Value="1"/>
<Cov CovItemId="S13" Value="1"/>
<Cov CovItemId="S14" Value="1"/>
<Cov CovItemId="S15" Value="1"/>
<Cov CovItemId="S16" Value="1"/>
<Cov CovItemId="S17" Value="1"/>
<Cov CovItemId="S18" Value="1"/>
<Cov CovItemId="S19" Value="1"/>
<Cov CovItemId="S20" Value="1"/>
<Cov CovItemId="S21" Value="1"/>
<Cov CovItemId="S22" Value="1"/>
<Cov CovItemId="S23" Value="7"/>
<Cov CovItemId="S24" Value="2"/>
<Cov CovItemId="S25" Value="2"/>
<Cov CovItemId="S26" Value="1"/>
<Cov CovItemId="S27" Value="7"/>
<Cov CovItemId="S28" Value="2"/>
<Cov CovItemId="S29" Value="2"/>
<Cov CovItemId="S30" Value="1"/>
<Cov CovItemId="S31" Value="1"/>
<Cov CovItemId="S32" Value="1"/>
<Cov CovItemId="S33" Value="1"/>
<Cov CovItemId="S34" Value="1"/>
<Cov CovItemId="S35" Value="1"/>
<Cov CovItemId="S36" Value="1"/>
<Cov CovItemId="S37" Value="1"/>
<Cov CovItemId="S40" Value="1"/>
<Cov CovItemId="S46" Value="1"/>
<Cov CovItemId="S47" Value="1"/>
<Cov CovItemId="S48" Value="1"/>
<Cov CovItemId="S5" Value="1"/>
<Cov CovItemId="S51" Value="1"/>
<Cov CovItemId="S52" Value="1"/>
<Cov CovItemId="S54" Value="2"/>
<Cov CovItemId="S55" Value="9"/>
<Cov CovItemId="S6" Value="1"/>
<Cov CovItemId="S8" Value="1"/>
<Cov CovItemId="S9" Value="1"/>
</CovPrefix>
</CovList>
<AssgnmntList/>
<ObjMetaDataList/>
<MetaDataList/>
</TestCase>
<TestCase Comment="" Date="1500942537879" Name="TestUnit.ClassDetailsTests:testHasConflict8">
<CovList>
<CovPrefix CovItemPrefix="TestUnit.ClassDetails.java">
<Cov CovItemId="B1" Value="2"/>
<Cov CovItemId="B11" Value="1"/>
<Cov CovItemId="B14" Value="1"/>
<Cov CovItemId="B17" Value="1"/>
<Cov CovItemId="B2" Value="5"/>
<Cov CovItemId="B3" Value="2"/>
<Cov CovItemId="B4" Value="5"/>
<Cov CovItemId="B5" Value="1"/>
<Cov CovItemId="B8" Value="1"/>
<Cov CovItemId="S10" Value="1"/>
<Cov CovItemId="S11" Value="1"/>
<Cov CovItemId="S12" Value="1"/>
<Cov CovItemId="S13" Value="1"/>
<Cov CovItemId="S14" Value="1"/>
<Cov CovItemId="S15" Value="1"/>
<Cov CovItemId="S16" Value="1"/>
<Cov CovItemId="S17" Value="1"/>
<Cov CovItemId="S18" Value="1"/>
<Cov CovItemId="S19" Value="1"/>
<Cov CovItemId="S20" Value="1"/>
<Cov CovItemId="S21" Value="1"/>
<Cov CovItemId="S22" Value="1"/>
<Cov CovItemId="S23" Value="7"/>
<Cov CovItemId="S24" Value="2"/>
<Cov CovItemId="S25" Value="2"/>
<Cov CovItemId="S26" Value="1"/>
<Cov CovItemId="S27" Value="7"/>
<Cov CovItemId="S28" Value="2"/>
<Cov CovItemId="S29" Value="2"/>
<Cov CovItemId="S30" Value="1"/>
<Cov CovItemId="S31" Value="1"/>
<Cov CovItemId="S32" Value="1"/>
<Cov CovItemId="S33" Value="1"/>
<Cov CovItemId="S34" Value="1"/>
<Cov CovItemId="S35" Value="1"/>
<Cov CovItemId="S36" Value="1"/>
<Cov CovItemId="S37" Value="1"/>
<Cov CovItemId="S40" Value="1"/>
<Cov CovItemId="S41" Value="1"/>
<Cov CovItemId="S44" Value="1"/>
<Cov CovItemId="S45" Value="1"/>
<Cov CovItemId="S5" Value="1"/>
<Cov CovItemId="S54" Value="2"/>
<Cov CovItemId="S55" Value="9"/>
<Cov CovItemId="S6" Value="1"/>
<Cov CovItemId="S8" Value="1"/>
<Cov CovItemId="S9" Value="1"/>
</CovPrefix>
</CovList>
<AssgnmntList/>
<ObjMetaDataList/>
<MetaDataList/>
</TestCase>
<TestCase Comment="" Date="1500942537879" Name="TestUnit.ClassDetailsTests:testHasConflict9">
<CovList>
<CovPrefix CovItemPrefix="TestUnit.ClassDetails.java">
<Cov CovItemId="B1" Value="2"/>
<Cov CovItemId="B12" Value="1"/>
<Cov CovItemId="B19" Value="1"/>
<Cov CovItemId="B2" Value="5"/>
<Cov CovItemId="B21" Value="1"/>
<Cov CovItemId="B23" Value="1"/>
<Cov CovItemId="B3" Value="2"/>
<Cov CovItemId="B4" Value="5"/>
<Cov CovItemId="B5" Value="1"/>
<Cov CovItemId="B8" Value="1"/>
<Cov CovItemId="S10" Value="1"/>
<Cov CovItemId="S11" Value="1"/>
<Cov CovItemId="S12" Value="1"/>
<Cov CovItemId="S13" Value="1"/>
<Cov CovItemId="S14" Value="1"/>
<Cov CovItemId="S15" Value="1"/>
<Cov CovItemId="S16" Value="1"/>
<Cov CovItemId="S17" Value="1"/>
<Cov CovItemId="S18" Value="1"/>
<Cov CovItemId="S19" Value="1"/>
<Cov CovItemId="S20" Value="1"/>
<Cov CovItemId="S21" Value="1"/>
<Cov CovItemId="S22" Value="1"/>
<Cov CovItemId="S23" Value="7"/>
<Cov CovItemId="S24" Value="2"/>
<Cov CovItemId="S25" Value="2"/>
<Cov CovItemId="S26" Value="1"/>
<Cov CovItemId="S27" Value="7"/>
<Cov CovItemId="S28" Value="2"/>
<Cov CovItemId="S29" Value="2"/>
<Cov CovItemId="S30" Value="1"/>
<Cov CovItemId="S31" Value="1"/>
<Cov CovItemId="S32" Value="1"/>
<Cov CovItemId="S33" Value="1"/>
<Cov CovItemId="S34" Value="1"/>
<Cov CovItemId="S35" Value="1"/>
<Cov CovItemId="S36" Value="1"/>
<Cov CovItemId="S37" Value="1"/>
<Cov CovItemId="S40" Value="1"/>
<Cov CovItemId="S46" Value="1"/>
<Cov CovItemId="S47" Value="1"/>
<Cov CovItemId="S48" Value="1"/>
<Cov CovItemId="S49" Value="1"/>
<Cov CovItemId="S5" Value="1"/>
<Cov CovItemId="S50" Value="1"/>
<Cov CovItemId="S54" Value="2"/>
<Cov CovItemId="S55" Value="9"/>
<Cov CovItemId="S6" Value="1"/>
<Cov CovItemId="S8" Value="1"/>
<Cov CovItemId="S9" Value="1"/>
</CovPrefix>
</CovList>
<AssgnmntList/>
<ObjMetaDataList/>
<MetaDataList/>
</TestCase>
<TestCase Comment="" Date="1500942537879" Name="TestUnit.ClassDetailsTests:testIsAtTime1">
<CovList>
<CovPrefix CovItemPrefix="TestUnit.ClassDetails.java">
<Cov CovItemId="B28" Value="1"/>
<Cov CovItemId="S5" Value="1"/>
<Cov CovItemId="S54" Value="1"/>
<Cov CovItemId="S55" Value="10"/>
<Cov CovItemId="S56" Value="1"/>
<Cov CovItemId="S58" Value="1"/>
<Cov CovItemId="S6" Value="1"/>
</CovPrefix>
</CovList>
<AssgnmntList/>
<ObjMetaDataList/>
<MetaDataList/>
</TestCase>
<TestCase Comment="" Date="1500942538113" Name="TestUnit.ClassDetailsTests:testIsAtTime2">
<CovList>
<CovPrefix CovItemPrefix="TestUnit.ClassDetails.java">
<Cov CovItemId="B27" Value="1"/>
<Cov CovItemId="S5" Value="1"/>
<Cov CovItemId="S54" Value="2"/>
<Cov CovItemId="S55" Value="10"/>
<Cov CovItemId="S56" Value="1"/>
<Cov CovItemId="S57" Value="1"/>
<Cov CovItemId="S6" Value="1"/>
</CovPrefix>
</CovList>
<AssgnmntList/>
<ObjMetaDataList/>
<MetaDataList/>
</TestCase>
<TestCase Comment="" Date="1500942538113" Name="TestUnit.ClassDetailsTests:testGetDays">
<CovList>
<CovPrefix CovItemPrefix="TestUnit.ClassDetails.java">
<Cov CovItemId="S5" Value="1"/>
<Cov CovItemId="S54" Value="1"/>
<Cov CovItemId="S55" Value="10"/>
<Cov CovItemId="S6" Value="1"/>
<Cov CovItemId="S69" Value="1"/>
</CovPrefix>
</CovList>
<AssgnmntList/>
<ObjMetaDataList/>
<MetaDataList/>
</TestCase>
<TestCase Comment="" Date="1500942538113" Name="TestUnit.ClassDetailsTests:testGetTerm">
<CovList>
<CovPrefix CovItemPrefix="TestUnit.ClassDetails.java">
<Cov CovItemId="S1" Value="1"/>
<Cov CovItemId="S2" Value="1"/>
<Cov CovItemId="S5" Value="1"/>
<Cov CovItemId="S55" Value="9"/>
<Cov CovItemId="S6" Value="1"/>
</CovPrefix>
</CovList>
<AssgnmntList/>
<ObjMetaDataList/>
<MetaDataList/>
</TestCase>
<TestCase Comment="" Date="1500942538113" Name="TestUnit.ClassDetailsTests:testGetTime">
<CovList>
<CovPrefix CovItemPrefix="TestUnit.ClassDetails.java">
<Cov CovItemId="S5" Value="1"/>
<Cov CovItemId="S54" Value="1"/>
<Cov CovItemId="S55" Value="10"/>
<Cov CovItemId="S6" Value="1"/>
</CovPrefix>
</CovList>
<AssgnmntList/>
<ObjMetaDataList/>
<MetaDataList/>
</TestCase>
<TestCase Comment="" Date="1500942538129" Name="TestUnit.ClassDetailsTests:testIsAtDay1">
<CovList>
<CovPrefix CovItemPrefix="TestUnit.ClassDetails.java">
<Cov CovItemId="B29" Value="1"/>
<Cov CovItemId="S5" Value="1"/>
<Cov CovItemId="S54" Value="1"/>
<Cov CovItemId="S55" Value="10"/>
<Cov CovItemId="S59" Value="1"/>
<Cov CovItemId="S6" Value="1"/>
<Cov CovItemId="S60" Value="1"/>
</CovPrefix>
</CovList>
<AssgnmntList/>
<ObjMetaDataList/>
<MetaDataList/>
</TestCase>
<TestCase Comment="" Date="1500942538129" Name="TestUnit.ClassDetailsTests:testIsAtDay2">
<CovList>
<CovPrefix CovItemPrefix="TestUnit.ClassDetails.java">
<Cov CovItemId="B30" Value="1"/>
<Cov CovItemId="S5" Value="1"/>
<Cov CovItemId="S54" Value="1"/>
<Cov CovItemId="S55" Value="10"/>
<Cov CovItemId="S59" Value="1"/>
<Cov CovItemId="S6" Value="1"/>
<Cov CovItemId="S61" Value="1"/>
</CovPrefix>
</CovList>
<AssgnmntList/>
<ObjMetaDataList/>
<MetaDataList/>
</TestCase>
<TestCase Comment="" Date="1500942538144" Name="TestUnit.ClassDetailsTests:testSetCourse">
<CovList>
<CovPrefix CovItemPrefix="TestUnit.ClassDetails.java">
<Cov CovItemId="S5" Value="1"/>
<Cov CovItemId="S55" Value="9"/>
<Cov CovItemId="S6" Value="1"/>
<Cov CovItemId="S70" Value="1"/>
<Cov CovItemId="S71" Value="1"/>
</CovPrefix>
</CovList>
<AssgnmntList/>
<ObjMetaDataList/>
<MetaDataList/>
</TestCase>
<TestCase Comment="" Date="1500942538144" Name="TestUnit.ClassDetailsTests:testGetCampus">
<CovList>
<CovPrefix CovItemPrefix="TestUnit.ClassDetails.java">
<Cov CovItemId="S3" Value="1"/>
<Cov CovItemId="S4" Value="1"/>
<Cov CovItemId="S5" Value="1"/>
<Cov CovItemId="S55" Value="9"/>
<Cov CovItemId="S6" Value="1"/>
</CovPrefix>
</CovList>
<AssgnmntList/>
<ObjMetaDataList/>
<MetaDataList/>
</TestCase>
<TestCase Comment="" Date="1500942538144" Name="TestUnit.ClassDetailsTests:testGetCourse">
<CovList>
<CovPrefix CovItemPrefix="TestUnit.ClassDetails.java">
<Cov CovItemId="S5" Value="1"/>
<Cov CovItemId="S55" Value="9"/>
<Cov CovItemId="S6" Value="1"/>
<Cov CovItemId="S70" Value="1"/>
<Cov CovItemId="S71" Value="1"/>
</CovPrefix>
</CovList>
<AssgnmntList/>
<ObjMetaDataList/>
<MetaDataList/>
</TestCase>
<TestCase Comment="" Date="1500942538144" Name="TestUnit.ClassDetailsTests:testSetTerm">
<CovList>
<CovPrefix CovItemPrefix="TestUnit.ClassDetails.java">
<Cov CovItemId="S1" Value="1"/>
<Cov CovItemId="S2" Value="1"/>
<Cov CovItemId="S5" Value="1"/>
<Cov CovItemId="S55" Value="9"/>
<Cov CovItemId="S6" Value="1"/>
</CovPrefix>
</CovList>
<AssgnmntList/>
<ObjMetaDataList/>
<MetaDataList/>
</TestCase>
<TestCase Comment="" Date="1500942538144" Name="TestUnit.ClassDetailsTests:testSetTime">
<CovList>
<CovPrefix CovItemPrefix="TestUnit.ClassDetails.java">
<Cov CovItemId="S5" Value="1"/>
<Cov CovItemId="S54" Value="1"/>
<Cov CovItemId="S55" Value="10"/>
<Cov CovItemId="S6" Value="1"/>
</CovPrefix>
</CovList>
<AssgnmntList/>
<ObjMetaDataList/>
<MetaDataList/>
</TestCase>
<TestCase Comment="" Date="1500942538144" Name="TestUnit.ClassDetailsTests:testSetClassNbr">
<CovList>
<CovPrefix CovItemPrefix="TestUnit.ClassDetails.java">
<Cov CovItemId="S5" Value="1"/>
<Cov CovItemId="S55" Value="9"/>
<Cov CovItemId="S6" Value="1"/>
</CovPrefix>
</CovList>
<AssgnmntList/>
<ObjMetaDataList/>
<MetaDataList/>
</TestCase>
<MetaDataList/>
</TestSession>
<TestSession Comment="" Date="1500942652248" Name="Jul 24, 2017 8:30:52 PM">
<TestCase Comment="" Date="1500942651857" Name="TestUnit.ClassDetailsTests:testSetCampus1">
<CovList>
<CovPrefix CovItemPrefix="TestUnit.ClassDetails.java">
<Cov CovItemId="S3" Value="1"/>
<Cov CovItemId="S4" Value="1"/>
<Cov CovItemId="S5" Value="1"/>
<Cov CovItemId="S55" Value="9"/>
<Cov CovItemId="S6" Value="1"/>
</CovPrefix>
</CovList>
<AssgnmntList/>
<ObjMetaDataList/>
<MetaDataList/>
</TestCase>
<TestCase Comment="" Date="1500942651857" Name="TestUnit.ClassDetailsTests:testSetCampus2">
<CovList>
<CovPrefix CovItemPrefix="TestUnit.ClassDetails.java">
<Cov CovItemId="S3" Value="1"/>
<Cov CovItemId="S4" Value="1"/>
<Cov CovItemId="S5" Value="1"/>
<Cov CovItemId="S55" Value="9"/>
<Cov CovItemId="S6" Value="1"/>
</CovPrefix>
</CovList>
<AssgnmntList/>
<ObjMetaDataList/>
<MetaDataList/>
</TestCase>
<TestCase Comment="Failure&#10;java.lang.AssertionError&#13;&#10;&#9;at org.junit.Assert.fail(Assert.java:86)&#13;&#10;&#9;at org.junit.Assert.assertTrue(Assert.java:41)&#13;&#10;&#9;at org.junit.Assert.assertNotNull(Assert.java:621)&#13;&#10;&#9;at TestUnit.ClassDetailsTests.testGetInstructor(ClassDetailsTests.java:159)&#13;&#10;&#9;at sun.reflect.NativeMethodAccessorImpl.invoke0(Native Method)&#13;&#10;&#9;at sun.reflect.NativeMethodAccessorImpl.invoke(Unknown Source)&#13;&#10;&#9;at sun.reflect.DelegatingMethodAccessorImpl.invoke(Unknown Source)&#13;&#10;&#9;at java.lang.reflect.Method.invoke(Unknown Source)&#13;&#10;&#9;at org.junit.runners.model.FrameworkMethod$1.runReflectiveCall(FrameworkMethod.java:47)&#13;&#10;&#9;at org.junit.internal.runners.model.ReflectiveCallable.run(ReflectiveCallable.java:12)&#13;&#10;&#9;at org.junit.runners.model.FrameworkMethod.invokeExplosively(FrameworkMethod.java:44)&#13;&#10;&#9;at org.junit.internal.runners.statements.InvokeMethod.evaluate(InvokeMethod.java:17)&#13;&#10;&#9;at org.junit.internal.runners.statements.RunBefores.evaluate(RunBefores.java:26)&#13;&#10;&#9;at org.junit.internal.runners.statements.RunAfters.evaluate(RunAfters.java:27)&#13;&#10;&#9;at org.junit.runners.ParentRunner.runLeaf(ParentRunner.java:271)&#13;&#10;&#9;at org.junit.runners.BlockJUnit4ClassRunner.runChild(BlockJUnit4ClassRunner.java:70)&#13;&#10;&#9;at org.junit.runners.BlockJUnit4ClassRunner.runChild(BlockJUnit4ClassRunner.java:50)&#13;&#10;&#9;at org.junit.runners.ParentRunner$3.run(ParentRunner.java:238)&#13;&#10;&#9;at org.junit.runners.ParentRunner$1.schedule(ParentRunner.java:63)&#13;&#10;&#9;at org.junit.runners.ParentRunner.runChildren(ParentRunner.java:236)&#13;&#10;&#9;at org.junit.runners.ParentRunner.access$000(ParentRunner.java:53)&#13;&#10;&#9;at org.junit.runners.ParentRunner$2.evaluate(ParentRunner.java:229)&#13;&#10;&#9;at org.junit.runners.ParentRunner.run(ParentRunner.java:309)&#13;&#10;&#9;at org.eclipse.jdt.internal.junit4.runner.JUnit4TestReference.run(JUnit4TestReference.java:50)&#13;&#10;&#9;at org.eclipse.jdt.internal.junit.runner.TestExecution.run(TestExecution.java:38)&#13;&#10;&#9;at org.eclipse.jdt.internal.junit.runner.RemoteTestRunner.runTests(RemoteTestRunner.java:467)&#13;&#10;&#9;at org.eclipse.jdt.internal.junit.runner.RemoteTestRunner.runTests(RemoteTestRunner.java:683)&#13;&#10;&#9;at org.eclipse.jdt.internal.junit.runner.RemoteTestRunner.run(RemoteTestRunner.java:390)&#13;&#10;&#9;at org.codecover.juniteclipse.runner.EclipseTestRunner.main(EclipseTestRunner.java:40)" Date="1500942651888" Name="TestUnit.ClassDetailsTests:testGetInstructor">
<CovList>
<CovPrefix CovItemPrefix="TestUnit.ClassDetails.java">
<Cov CovItemId="S5" Value="1"/>
<Cov CovItemId="S55" Value="9"/>
<Cov CovItemId="S6" Value="1"/>
<Cov CovItemId="S7" Value="1"/>
</CovPrefix>
</CovList>
<AssgnmntList/>
<ObjMetaDataList/>
<MetaDataList/>
</TestCase>
<TestCase Comment="Failure&#10;org.junit.ComparisonFailure: expected:&lt;[Programming&#10;12345&#10;10:00-12:0]0&#10;MMC&#10;&gt; but was:&lt;[COP3337&#10;null&#10;10:0-12:]0&#10;MMC&#10;&gt;&#13;&#10;&#9;at org.junit.Assert.assertEquals(Assert.java:115)&#13;&#10;&#9;at org.junit.Assert.assertEquals(Assert.java:144)&#13;&#10;&#9;at TestUnit.ClassDetailsTests.testToString(ClassDetailsTests.java:234)&#13;&#10;&#9;at sun.reflect.NativeMethodAccessorImpl.invoke0(Native Method)&#13;&#10;&#9;at sun.reflect.NativeMethodAccessorImpl.invoke(Unknown Source)&#13;&#10;&#9;at sun.reflect.DelegatingMethodAccessorImpl.invoke(Unknown Source)&#13;&#10;&#9;at java.lang.reflect.Method.invoke(Unknown Source)&#13;&#10;&#9;at org.junit.runners.model.FrameworkMethod$1.runReflectiveCall(FrameworkMethod.java:47)&#13;&#10;&#9;at org.junit.internal.runners.model.ReflectiveCallable.run(ReflectiveCallable.java:12)&#13;&#10;&#9;at org.junit.runners.model.FrameworkMethod.invokeExplosively(FrameworkMethod.java:44)&#13;&#10;&#9;at org.junit.internal.runners.statements.InvokeMethod.evaluate(InvokeMethod.java:17)&#13;&#10;&#9;at org.junit.internal.runners.statements.RunBefores.evaluate(RunBefores.java:26)&#13;&#10;&#9;at org.junit.internal.runners.statements.RunAfters.evaluate(RunAfters.java:27)&#13;&#10;&#9;at org.junit.runners.ParentRunner.runLeaf(ParentRunner.java:271)&#13;&#10;&#9;at org.junit.runners.BlockJUnit4ClassRunner.runChild(BlockJUnit4ClassRunner.java:70)&#13;&#10;&#9;at org.junit.runners.BlockJUnit4ClassRunner.runChild(BlockJUnit4ClassRunner.java:50)&#13;&#10;&#9;at org.junit.runners.ParentRunner$3.run(ParentRunner.java:238)&#13;&#10;&#9;at org.junit.runners.ParentRunner$1.schedule(ParentRunner.java:63)&#13;&#10;&#9;at org.junit.runners.ParentRunner.runChildren(ParentRunner.java:236)&#13;&#10;&#9;at org.junit.runners.ParentRunner.access$000(ParentRunner.java:53)&#13;&#10;&#9;at org.junit.runners.ParentRunner$2.evaluate(ParentRunner.java:229)&#13;&#10;&#9;at org.junit.runners.ParentRunner.run(ParentRunner.java:309)&#13;&#10;&#9;at org.eclipse.jdt.internal.junit4.runner.JUnit4TestReference.run(JUnit4TestReference.java:50)&#13;&#10;&#9;at org.eclipse.jdt.internal.junit.runner.TestExecution.run(TestExecution.java:38)&#13;&#10;&#9;at org.eclipse.jdt.internal.junit.runner.RemoteTestRunner.runTests(RemoteTestRunner.java:467)&#13;&#10;&#9;at org.eclipse.jdt.internal.junit.runner.RemoteTestRunner.runTests(RemoteTestRunner.java:683)&#13;&#10;&#9;at org.eclipse.jdt.internal.junit.runner.RemoteTestRunner.run(RemoteTestRunner.java:390)&#13;&#10;&#9;at org.codecover.juniteclipse.runner.EclipseTestRunner.main(EclipseTestRunner.java:40)" Date="1500942651888" Name="TestUnit.ClassDetailsTests:testToString">
<CovList>
<CovPrefix CovItemPrefix="TestUnit.ClassDetails.java">
<Cov CovItemId="B31" Value="1"/>
<Cov CovItemId="B33" Value="1"/>
<Cov CovItemId="S3" Value="1"/>
<Cov CovItemId="S5" Value="1"/>
<Cov CovItemId="S54" Value="2"/>
<Cov CovItemId="S55" Value="10"/>
<Cov CovItemId="S6" Value="1"/>
<Cov CovItemId="S62" Value="1"/>
<Cov CovItemId="S63" Value="1"/>
<Cov CovItemId="S64" Value="1"/>
<Cov CovItemId="S65" Value="1"/>
<Cov CovItemId="S66" Value="1"/>
<Cov CovItemId="S67" Value="1"/>
<Cov CovItemId="S68" Value="1"/>
<Cov CovItemId="S70" Value="1"/>
</CovPrefix>
</CovList>
<AssgnmntList/>
<ObjMetaDataList/>
<MetaDataList/>
</TestCase>
<TestCase Comment="" Date="1500942651904" Name="TestUnit.ClassDetailsTests:testHasConflict1">
<CovList>
<CovPrefix CovItemPrefix="TestUnit.ClassDetails.java">
<Cov CovItemId="B1" Value="2"/>
<Cov CovItemId="B12" Value="1"/>
<Cov CovItemId="B19" Value="1"/>
<Cov CovItemId="B2" Value="5"/>
<Cov CovItemId="B22" Value="1"/>
<Cov CovItemId="B26" Value="1"/>
<Cov CovItemId="B3" Value="2"/>
<Cov CovItemId="B4" Value="5"/>
<Cov CovItemId="B5" Value="1"/>
<Cov CovItemId="B6" Value="1"/>
<Cov CovItemId="B8" Value="1"/>
<Cov CovItemId="S10" Value="1"/>
<Cov CovItemId="S11" Value="1"/>
<Cov CovItemId="S12" Value="1"/>
<Cov CovItemId="S13" Value="1"/>
<Cov CovItemId="S14" Value="1"/>
<Cov CovItemId="S15" Value="1"/>
<Cov CovItemId="S16" Value="1"/>
<Cov CovItemId="S17" Value="1"/>
<Cov CovItemId="S18" Value="1"/>
<Cov CovItemId="S19" Value="1"/>
<Cov CovItemId="S20" Value="1"/>
<Cov CovItemId="S21" Value="1"/>
<Cov CovItemId="S22" Value="1"/>
<Cov CovItemId="S23" Value="7"/>
<Cov CovItemId="S24" Value="2"/>
<Cov CovItemId="S25" Value="2"/>
<Cov CovItemId="S26" Value="1"/>
<Cov CovItemId="S27" Value="7"/>
<Cov CovItemId="S28" Value="2"/>
<Cov CovItemId="S29" Value="2"/>
<Cov CovItemId="S30" Value="1"/>
<Cov CovItemId="S31" Value="1"/>
<Cov CovItemId="S32" Value="1"/>
<Cov CovItemId="S33" Value="2"/>
<Cov CovItemId="S34" Value="2"/>
<Cov CovItemId="S35" Value="2"/>
<Cov CovItemId="S36" Value="2"/>
<Cov CovItemId="S37" Value="1"/>
<Cov CovItemId="S40" Value="1"/>
<Cov CovItemId="S46" Value="1"/>
<Cov CovItemId="S47" Value="1"/>
<Cov CovItemId="S48" Value="1"/>
<Cov CovItemId="S5" Value="1"/>
<Cov CovItemId="S51" Value="1"/>
<Cov CovItemId="S53" Value="1"/>
<Cov CovItemId="S54" Value="2"/>
<Cov CovItemId="S55" Value="9"/>
<Cov CovItemId="S6" Value="1"/>
<Cov CovItemId="S8" Value="1"/>
<Cov CovItemId="S9" Value="1"/>
</CovPrefix>
</CovList>
<AssgnmntList/>
<ObjMetaDataList/>
<MetaDataList/>
</TestCase>
<TestCase Comment="" Date="1500942651904" Name="TestUnit.ClassDetailsTests:testHasConflict2">
<CovList>
<CovPrefix CovItemPrefix="TestUnit.ClassDetails.java">
<Cov CovItemId="B1" Value="2"/>
<Cov CovItemId="B2" Value="5"/>
<Cov CovItemId="B3" Value="2"/>
<Cov CovItemId="B4" Value="5"/>
<Cov CovItemId="B5" Value="1"/>
<Cov CovItemId="B7" Value="1"/>
<Cov CovItemId="B9" Value="1"/>
<Cov CovItemId="S10" Value="1"/>
<Cov CovItemId="S11" Value="1"/>
<Cov CovItemId="S12" Value="1"/>
<Cov CovItemId="S13" Value="1"/>
<Cov CovItemId="S14" Value="1"/>
<Cov CovItemId="S15" Value="1"/>
<Cov CovItemId="S16" Value="1"/>
<Cov CovItemId="S17" Value="1"/>
<Cov CovItemId="S18" Value="1"/>
<Cov CovItemId="S19" Value="1"/>
<Cov CovItemId="S20" Value="1"/>
<Cov CovItemId="S21" Value="1"/>
<Cov CovItemId="S22" Value="1"/>
<Cov CovItemId="S23" Value="7"/>
<Cov CovItemId="S24" Value="2"/>
<Cov CovItemId="S25" Value="2"/>
<Cov CovItemId="S26" Value="1"/>
<Cov CovItemId="S27" Value="7"/>
<Cov CovItemId="S28" Value="2"/>
<Cov CovItemId="S29" Value="2"/>
<Cov CovItemId="S30" Value="1"/>
<Cov CovItemId="S31" Value="1"/>
<Cov CovItemId="S32" Value="1"/>
<Cov CovItemId="S33" Value="1"/>
<Cov CovItemId="S34" Value="1"/>
<Cov CovItemId="S35" Value="1"/>
<Cov CovItemId="S36" Value="1"/>
<Cov CovItemId="S37" Value="1"/>
<Cov CovItemId="S38" Value="1"/>
<Cov CovItemId="S39" Value="1"/>
<Cov CovItemId="S5" Value="1"/>
<Cov CovItemId="S54" Value="2"/>
<Cov CovItemId="S55" Value="9"/>
<Cov CovItemId="S6" Value="1"/>
<Cov CovItemId="S8" Value="1"/>
<Cov CovItemId="S9" Value="1"/>
</CovPrefix>
</CovList>
<AssgnmntList/>
<ObjMetaDataList/>
<MetaDataList/>
</TestCase>
<TestCase Comment="" Date="1500942651904" Name="TestUnit.ClassDetailsTests:testHasConflict3">
<CovList>
<CovPrefix CovItemPrefix="TestUnit.ClassDetails.java">
<Cov CovItemId="B1" Value="2"/>
<Cov CovItemId="B2" Value="5"/>
<Cov CovItemId="B3" Value="2"/>
<Cov CovItemId="B4" Value="5"/>
<Cov CovItemId="B5" Value="1"/>
<Cov CovItemId="B7" Value="1"/>
<Cov CovItemId="B9" Value="1"/>
<Cov CovItemId="S10" Value="1"/>
<Cov CovItemId="S11" Value="1"/>
<Cov CovItemId="S12" Value="1"/>
<Cov CovItemId="S13" Value="1"/>
<Cov CovItemId="S14" Value="1"/>
<Cov CovItemId="S15" Value="1"/>
<Cov CovItemId="S16" Value="1"/>
<Cov CovItemId="S17" Value="1"/>
<Cov CovItemId="S18" Value="1"/>
<Cov CovItemId="S19" Value="1"/>
<Cov CovItemId="S20" Value="1"/>
<Cov CovItemId="S21" Value="1"/>
<Cov CovItemId="S22" Value="1"/>
<Cov CovItemId="S23" Value="7"/>
<Cov CovItemId="S24" Value="2"/>
<Cov CovItemId="S25" Value="2"/>
<Cov CovItemId="S26" Value="1"/>
<Cov CovItemId="S27" Value="7"/>
<Cov CovItemId="S28" Value="2"/>
<Cov CovItemId="S29" Value="2"/>
<Cov CovItemId="S30" Value="1"/>
<Cov CovItemId="S31" Value="1"/>
<Cov CovItemId="S32" Value="1"/>
<Cov CovItemId="S33" Value="1"/>
<Cov CovItemId="S34" Value="1"/>
<Cov CovItemId="S35" Value="1"/>
<Cov CovItemId="S36" Value="1"/>
<Cov CovItemId="S37" Value="1"/>
<Cov CovItemId="S38" Value="1"/>
<Cov CovItemId="S39" Value="1"/>
<Cov CovItemId="S5" Value="1"/>
<Cov CovItemId="S54" Value="2"/>
<Cov CovItemId="S55" Value="9"/>
<Cov CovItemId="S6" Value="1"/>
<Cov CovItemId="S8" Value="1"/>
<Cov CovItemId="S9" Value="1"/>
</CovPrefix>
</CovList>
<AssgnmntList/>
<ObjMetaDataList/>
<MetaDataList/>
</TestCase>
<TestCase Comment="Failure&#10;java.lang.AssertionError: expected:&lt;true&gt; but was:&lt;false&gt;&#13;&#10;&#9;at org.junit.Assert.fail(Assert.java:88)&#13;&#10;&#9;at org.junit.Assert.failNotEquals(Assert.java:743)&#13;&#10;&#9;at org.junit.Assert.assertEquals(Assert.java:118)&#13;&#10;&#9;at org.junit.Assert.assertEquals(Assert.java:144)&#13;&#10;&#9;at TestUnit.ClassDetailsTests.testHasConflict4(ClassDetailsTests.java:102)&#13;&#10;&#9;at sun.reflect.NativeMethodAccessorImpl.invoke0(Native Method)&#13;&#10;&#9;at sun.reflect.NativeMethodAccessorImpl.invoke(Unknown Source)&#13;&#10;&#9;at sun.reflect.DelegatingMethodAccessorImpl.invoke(Unknown Source)&#13;&#10;&#9;at java.lang.reflect.Method.invoke(Unknown Source)&#13;&#10;&#9;at org.junit.runners.model.FrameworkMethod$1.runReflectiveCall(FrameworkMethod.java:47)&#13;&#10;&#9;at org.junit.internal.runners.model.ReflectiveCallable.run(ReflectiveCallable.java:12)&#13;&#10;&#9;at org.junit.runners.model.FrameworkMethod.invokeExplosively(FrameworkMethod.java:44)&#13;&#10;&#9;at org.junit.internal.runners.statements.InvokeMethod.evaluate(InvokeMethod.java:17)&#13;&#10;&#9;at org.junit.internal.runners.statements.RunBefores.evaluate(RunBefores.java:26)&#13;&#10;&#9;at org.junit.internal.runners.statements.RunAfters.evaluate(RunAfters.java:27)&#13;&#10;&#9;at org.junit.runners.ParentRunner.runLeaf(ParentRunner.java:271)&#13;&#10;&#9;at org.junit.runners.BlockJUnit4ClassRunner.runChild(BlockJUnit4ClassRunner.java:70)&#13;&#10;&#9;at org.junit.runners.BlockJUnit4ClassRunner.runChild(BlockJUnit4ClassRunner.java:50)&#13;&#10;&#9;at org.junit.runners.ParentRunner$3.run(ParentRunner.java:238)&#13;&#10;&#9;at org.junit.runners.ParentRunner$1.schedule(ParentRunner.java:63)&#13;&#10;&#9;at org.junit.runners.ParentRunner.runChildren(ParentRunner.java:236)&#13;&#10;&#9;at org.junit.runners.ParentRunner.access$000(ParentRunner.java:53)&#13;&#10;&#9;at org.junit.runners.ParentRunner$2.evaluate(ParentRunner.java:229)&#13;&#10;&#9;at org.junit.runners.ParentRunner.run(ParentRunner.java:309)&#13;&#10;&#9;at org.eclipse.jdt.internal.junit4.runner.JUnit4TestReference.run(JUnit4TestReference.java:50)&#13;&#10;&#9;at org.eclipse.jdt.internal.junit.runner.TestExecution.run(TestExecution.java:38)&#13;&#10;&#9;at org.eclipse.jdt.internal.junit.runner.RemoteTestRunner.runTests(RemoteTestRunner.java:467)&#13;&#10;&#9;at org.eclipse.jdt.internal.junit.runner.RemoteTestRunner.runTests(RemoteTestRunner.java:683)&#13;&#10;&#9;at org.eclipse.jdt.internal.junit.runner.RemoteTestRunner.run(RemoteTestRunner.java:390)&#13;&#10;&#9;at org.codecover.juniteclipse.runner.EclipseTestRunner.main(EclipseTestRunner.java:40)" Date="1500942651904" Name="TestUnit.ClassDetailsTests:testHasConflict4">
<CovList>
<CovPrefix CovItemPrefix="TestUnit.ClassDetails.java">
<Cov CovItemId="B1" Value="2"/>
<Cov CovItemId="B10" Value="1"/>
<Cov CovItemId="B2" Value="5"/>
<Cov CovItemId="B3" Value="2"/>
<Cov CovItemId="B4" Value="5"/>
<Cov CovItemId="B5" Value="1"/>
<Cov CovItemId="B6" Value="1"/>
<Cov CovItemId="B7" Value="1"/>
<Cov CovItemId="S10" Value="1"/>
<Cov CovItemId="S11" Value="1"/>
<Cov CovItemId="S12" Value="1"/>
<Cov CovItemId="S13" Value="1"/>
<Cov CovItemId="S14" Value="1"/>
<Cov CovItemId="S15" Value="1"/>
<Cov CovItemId="S16" Value="1"/>
<Cov CovItemId="S17" Value="1"/>
<Cov CovItemId="S18" Value="1"/>
<Cov CovItemId="S19" Value="1"/>
<Cov CovItemId="S20" Value="1"/>
<Cov CovItemId="S21" Value="1"/>
<Cov CovItemId="S22" Value="1"/>
<Cov CovItemId="S23" Value="7"/>
<Cov CovItemId="S24" Value="2"/>
<Cov CovItemId="S25" Value="2"/>
<Cov CovItemId="S26" Value="1"/>
<Cov CovItemId="S27" Value="7"/>
<Cov CovItemId="S28" Value="2"/>
<Cov CovItemId="S29" Value="2"/>
<Cov CovItemId="S30" Value="1"/>
<Cov CovItemId="S31" Value="1"/>
<Cov CovItemId="S32" Value="1"/>
<Cov CovItemId="S33" Value="2"/>
<Cov CovItemId="S34" Value="2"/>
<Cov CovItemId="S35" Value="2"/>
<Cov CovItemId="S36" Value="2"/>
<Cov CovItemId="S37" Value="1"/>
<Cov CovItemId="S38" Value="1"/>
<Cov CovItemId="S5" Value="1"/>
<Cov CovItemId="S53" Value="1"/>
<Cov CovItemId="S54" Value="2"/>
<Cov CovItemId="S55" Value="9"/>
<Cov CovItemId="S6" Value="1"/>
<Cov CovItemId="S8" Value="1"/>
<Cov CovItemId="S9" Value="1"/>
</CovPrefix>
</CovList>
<AssgnmntList/>
<ObjMetaDataList/>
<MetaDataList/>
</TestCase>
<TestCase Comment="" Date="1500942651904" Name="TestUnit.ClassDetailsTests:testHasConflict5">
<CovList>
<CovPrefix CovItemPrefix="TestUnit.ClassDetails.java">
<Cov CovItemId="B1" Value="2"/>
<Cov CovItemId="B11" Value="1"/>
<Cov CovItemId="B13" Value="1"/>
<Cov CovItemId="B15" Value="1"/>
<Cov CovItemId="B2" Value="5"/>
<Cov CovItemId="B3" Value="2"/>
<Cov CovItemId="B4" Value="5"/>
<Cov CovItemId="B5" Value="1"/>
<Cov CovItemId="B8" Value="1"/>
<Cov CovItemId="S10" Value="1"/>
<Cov CovItemId="S11" Value="1"/>
<Cov CovItemId="S12" Value="1"/>
<Cov CovItemId="S13" Value="1"/>
<Cov CovItemId="S14" Value="1"/>
<Cov CovItemId="S15" Value="1"/>
<Cov CovItemId="S16" Value="1"/>
<Cov CovItemId="S17" Value="1"/>
<Cov CovItemId="S18" Value="1"/>
<Cov CovItemId="S19" Value="1"/>
<Cov CovItemId="S20" Value="1"/>
<Cov CovItemId="S21" Value="1"/>
<Cov CovItemId="S22" Value="1"/>
<Cov CovItemId="S23" Value="7"/>
<Cov CovItemId="S24" Value="2"/>
<Cov CovItemId="S25" Value="2"/>
<Cov CovItemId="S26" Value="1"/>
<Cov CovItemId="S27" Value="7"/>
<Cov CovItemId="S28" Value="2"/>
<Cov CovItemId="S29" Value="2"/>
<Cov CovItemId="S30" Value="1"/>
<Cov CovItemId="S31" Value="1"/>
<Cov CovItemId="S32" Value="1"/>
<Cov CovItemId="S33" Value="1"/>
<Cov CovItemId="S34" Value="1"/>
<Cov CovItemId="S35" Value="1"/>
<Cov CovItemId="S36" Value="1"/>
<Cov CovItemId="S37" Value="1"/>
<Cov CovItemId="S40" Value="1"/>
<Cov CovItemId="S41" Value="1"/>
<Cov CovItemId="S42" Value="1"/>
<Cov CovItemId="S43" Value="1"/>
<Cov CovItemId="S5" Value="1"/>
<Cov CovItemId="S54" Value="2"/>
<Cov CovItemId="S55" Value="9"/>
<Cov CovItemId="S6" Value="1"/>
<Cov CovItemId="S8" Value="1"/>
<Cov CovItemId="S9" Value="1"/>
</CovPrefix>
</CovList>
<AssgnmntList/>
<ObjMetaDataList/>
<MetaDataList/>
</TestCase>
<TestCase Comment="" Date="1500942651904" Name="TestUnit.ClassDetailsTests:testHasConflict6">
<CovList>
<CovPrefix CovItemPrefix="TestUnit.ClassDetails.java">
<Cov CovItemId="B1" Value="2"/>
<Cov CovItemId="B11" Value="1"/>
<Cov CovItemId="B14" Value="1"/>
<Cov CovItemId="B17" Value="1"/>
<Cov CovItemId="B2" Value="5"/>
<Cov CovItemId="B3" Value="2"/>
<Cov CovItemId="B4" Value="5"/>
<Cov CovItemId="B5" Value="1"/>
<Cov CovItemId="B8" Value="1"/>
<Cov CovItemId="S10" Value="1"/>
<Cov CovItemId="S11" Value="1"/>
<Cov CovItemId="S12" Value="1"/>
<Cov CovItemId="S13" Value="1"/>
<Cov CovItemId="S14" Value="1"/>
<Cov CovItemId="S15" Value="1"/>
<Cov CovItemId="S16" Value="1"/>
<Cov CovItemId="S17" Value="1"/>
<Cov CovItemId="S18" Value="1"/>
<Cov CovItemId="S19" Value="1"/>
<Cov CovItemId="S20" Value="1"/>
<Cov CovItemId="S21" Value="1"/>
<Cov CovItemId="S22" Value="1"/>
<Cov CovItemId="S23" Value="7"/>
<Cov CovItemId="S24" Value="2"/>
<Cov CovItemId="S25" Value="2"/>
<Cov CovItemId="S26" Value="1"/>
<Cov CovItemId="S27" Value="7"/>
<Cov CovItemId="S28" Value="2"/>
<Cov CovItemId="S29" Value="2"/>
<Cov CovItemId="S30" Value="1"/>
<Cov CovItemId="S31" Value="1"/>
<Cov CovItemId="S32" Value="1"/>
<Cov CovItemId="S33" Value="1"/>
<Cov CovItemId="S34" Value="1"/>
<Cov CovItemId="S35" Value="1"/>
<Cov CovItemId="S36" Value="1"/>
<Cov CovItemId="S37" Value="1"/>
<Cov CovItemId="S40" Value="1"/>
<Cov CovItemId="S41" Value="1"/>
<Cov CovItemId="S44" Value="1"/>
<Cov CovItemId="S45" Value="1"/>
<Cov CovItemId="S5" Value="1"/>
<Cov CovItemId="S54" Value="2"/>
<Cov CovItemId="S55" Value="9"/>
<Cov CovItemId="S6" Value="1"/>
<Cov CovItemId="S8" Value="1"/>
<Cov CovItemId="S9" Value="1"/>
</CovPrefix>
</CovList>
<AssgnmntList/>
<ObjMetaDataList/>
<MetaDataList/>
</TestCase>
<TestCase Comment="" Date="1500942651920" Name="TestUnit.ClassDetailsTests:testHasConflict7">
<CovList>
<CovPrefix CovItemPrefix="TestUnit.ClassDetails.java">
<Cov CovItemId="B1" Value="2"/>
<Cov CovItemId="B12" Value="1"/>
<Cov CovItemId="B19" Value="1"/>
<Cov CovItemId="B2" Value="5"/>
<Cov CovItemId="B22" Value="1"/>
<Cov CovItemId="B25" Value="1"/>
<Cov CovItemId="B3" Value="2"/>
<Cov CovItemId="B4" Value="5"/>
<Cov CovItemId="B5" Value="1"/>
<Cov CovItemId="B8" Value="1"/>
<Cov CovItemId="S10" Value="1"/>
<Cov CovItemId="S11" Value="1"/>
<Cov CovItemId="S12" Value="1"/>
<Cov CovItemId="S13" Value="1"/>
<Cov CovItemId="S14" Value="1"/>
<Cov CovItemId="S15" Value="1"/>
<Cov CovItemId="S16" Value="1"/>
<Cov CovItemId="S17" Value="1"/>
<Cov CovItemId="S18" Value="1"/>
<Cov CovItemId="S19" Value="1"/>
<Cov CovItemId="S20" Value="1"/>
<Cov CovItemId="S21" Value="1"/>
<Cov CovItemId="S22" Value="1"/>
<Cov CovItemId="S23" Value="7"/>
<Cov CovItemId="S24" Value="2"/>
<Cov CovItemId="S25" Value="2"/>
<Cov CovItemId="S26" Value="1"/>
<Cov CovItemId="S27" Value="7"/>
<Cov CovItemId="S28" Value="2"/>
<Cov CovItemId="S29" Value="2"/>
<Cov CovItemId="S30" Value="1"/>
<Cov CovItemId="S31" Value="1"/>
<Cov CovItemId="S32" Value="1"/>
<Cov CovItemId="S33" Value="1"/>
<Cov CovItemId="S34" Value="1"/>
<Cov CovItemId="S35" Value="1"/>
<Cov CovItemId="S36" Value="1"/>
<Cov CovItemId="S37" Value="1"/>
<Cov CovItemId="S40" Value="1"/>
<Cov CovItemId="S46" Value="1"/>
<Cov CovItemId="S47" Value="1"/>
<Cov CovItemId="S48" Value="1"/>
<Cov CovItemId="S5" Value="1"/>
<Cov CovItemId="S51" Value="1"/>
<Cov CovItemId="S52" Value="1"/>
<Cov CovItemId="S54" Value="2"/>
<Cov CovItemId="S55" Value="9"/>
<Cov CovItemId="S6" Value="1"/>
<Cov CovItemId="S8" Value="1"/>
<Cov CovItemId="S9" Value="1"/>
</CovPrefix>
</CovList>
<AssgnmntList/>
<ObjMetaDataList/>
<MetaDataList/>
</TestCase>
<TestCase Comment="" Date="1500942651920" Name="TestUnit.ClassDetailsTests:testHasConflict8">
<CovList>
<CovPrefix CovItemPrefix="TestUnit.ClassDetails.java">
<Cov CovItemId="B1" Value="2"/>
<Cov CovItemId="B11" Value="1"/>
<Cov CovItemId="B14" Value="1"/>
<Cov CovItemId="B17" Value="1"/>
<Cov CovItemId="B2" Value="5"/>
<Cov CovItemId="B3" Value="2"/>
<Cov CovItemId="B4" Value="5"/>
<Cov CovItemId="B5" Value="1"/>
<Cov CovItemId="B8" Value="1"/>
<Cov CovItemId="S10" Value="1"/>
<Cov CovItemId="S11" Value="1"/>
<Cov CovItemId="S12" Value="1"/>
<Cov CovItemId="S13" Value="1"/>
<Cov CovItemId="S14" Value="1"/>
<Cov CovItemId="S15" Value="1"/>
<Cov CovItemId="S16" Value="1"/>
<Cov CovItemId="S17" Value="1"/>
<Cov CovItemId="S18" Value="1"/>
<Cov CovItemId="S19" Value="1"/>
<Cov CovItemId="S20" Value="1"/>
<Cov CovItemId="S21" Value="1"/>
<Cov CovItemId="S22" Value="1"/>
<Cov CovItemId="S23" Value="7"/>
<Cov CovItemId="S24" Value="2"/>
<Cov CovItemId="S25" Value="2"/>
<Cov CovItemId="S26" Value="1"/>
<Cov CovItemId="S27" Value="7"/>
<Cov CovItemId="S28" Value="2"/>
<Cov CovItemId="S29" Value="2"/>
<Cov CovItemId="S30" Value="1"/>
<Cov CovItemId="S31" Value="1"/>
<Cov CovItemId="S32" Value="1"/>
<Cov CovItemId="S33" Value="1"/>
<Cov CovItemId="S34" Value="1"/>
<Cov CovItemId="S35" Value="1"/>
<Cov CovItemId="S36" Value="1"/>
<Cov CovItemId="S37" Value="1"/>
<Cov CovItemId="S40" Value="1"/>
<Cov CovItemId="S41" Value="1"/>
<Cov CovItemId="S44" Value="1"/>
<Cov CovItemId="S45" Value="1"/>
<Cov CovItemId="S5" Value="1"/>
<Cov CovItemId="S54" Value="2"/>
<Cov CovItemId="S55" Value="9"/>
<Cov CovItemId="S6" Value="1"/>
<Cov CovItemId="S8" Value="1"/>
<Cov CovItemId="S9" Value="1"/>
</CovPrefix>
</CovList>
<AssgnmntList/>
<ObjMetaDataList/>
<MetaDataList/>
</TestCase>
<TestCase Comment="" Date="1500942651920" Name="TestUnit.ClassDetailsTests:testHasConflict9">
<CovList>
<CovPrefix CovItemPrefix="TestUnit.ClassDetails.java">
<Cov CovItemId="B1" Value="2"/>
<Cov CovItemId="B12" Value="1"/>
<Cov CovItemId="B19" Value="1"/>
<Cov CovItemId="B2" Value="5"/>
<Cov CovItemId="B21" Value="1"/>
<Cov CovItemId="B23" Value="1"/>
<Cov CovItemId="B3" Value="2"/>
<Cov CovItemId="B4" Value="5"/>
<Cov CovItemId="B5" Value="1"/>
<Cov CovItemId="B8" Value="1"/>
<Cov CovItemId="S10" Value="1"/>
<Cov CovItemId="S11" Value="1"/>
<Cov CovItemId="S12" Value="1"/>
<Cov CovItemId="S13" Value="1"/>
<Cov CovItemId="S14" Value="1"/>
<Cov CovItemId="S15" Value="1"/>
<Cov CovItemId="S16" Value="1"/>
<Cov CovItemId="S17" Value="1"/>
<Cov CovItemId="S18" Value="1"/>
<Cov CovItemId="S19" Value="1"/>
<Cov CovItemId="S20" Value="1"/>
<Cov CovItemId="S21" Value="1"/>
<Cov CovItemId="S22" Value="1"/>
<Cov CovItemId="S23" Value="7"/>
<Cov CovItemId="S24" Value="2"/>
<Cov CovItemId="S25" Value="2"/>
<Cov CovItemId="S26" Value="1"/>
<Cov CovItemId="S27" Value="7"/>
<Cov CovItemId="S28" Value="2"/>
<Cov CovItemId="S29" Value="2"/>
<Cov CovItemId="S30" Value="1"/>
<Cov CovItemId="S31" Value="1"/>
<Cov CovItemId="S32" Value="1"/>
<Cov CovItemId="S33" Value="1"/>
<Cov CovItemId="S34" Value="1"/>
<Cov CovItemId="S35" Value="1"/>
<Cov CovItemId="S36" Value="1"/>
<Cov CovItemId="S37" Value="1"/>
<Cov CovItemId="S40" Value="1"/>
<Cov CovItemId="S46" Value="1"/>
<Cov CovItemId="S47" Value="1"/>
<Cov CovItemId="S48" Value="1"/>
<Cov CovItemId="S49" Value="1"/>
<Cov CovItemId="S5" Value="1"/>
<Cov CovItemId="S50" Value="1"/>
<Cov CovItemId="S54" Value="2"/>
<Cov CovItemId="S55" Value="9"/>
<Cov CovItemId="S6" Value="1"/>
<Cov CovItemId="S8" Value="1"/>
<Cov CovItemId="S9" Value="1"/>
</CovPrefix>
</CovList>
<AssgnmntList/>
<ObjMetaDataList/>
<MetaDataList/>
</TestCase>
<TestCase Comment="" Date="1500942651920" Name="TestUnit.ClassDetailsTests:testIsAtTime1">
<CovList>
<CovPrefix CovItemPrefix="TestUnit.ClassDetails.java">
<Cov CovItemId="B28" Value="1"/>
<Cov CovItemId="S5" Value="1"/>
<Cov CovItemId="S54" Value="1"/>
<Cov CovItemId="S55" Value="10"/>
<Cov CovItemId="S56" Value="1"/>
<Cov CovItemId="S58" Value="1"/>
<Cov CovItemId="S6" Value="1"/>
</CovPrefix>
</CovList>
<AssgnmntList/>
<ObjMetaDataList/>
<MetaDataList/>
</TestCase>
<TestCase Comment="" Date="1500942652170" Name="TestUnit.ClassDetailsTests:testIsAtTime2">
<CovList>
<CovPrefix CovItemPrefix="TestUnit.ClassDetails.java">
<Cov CovItemId="B27" Value="1"/>
<Cov CovItemId="S5" Value="1"/>
<Cov CovItemId="S54" Value="2"/>
<Cov CovItemId="S55" Value="10"/>
<Cov CovItemId="S56" Value="1"/>
<Cov CovItemId="S57" Value="1"/>
<Cov CovItemId="S6" Value="1"/>
</CovPrefix>
</CovList>
<AssgnmntList/>
<ObjMetaDataList/>
<MetaDataList/>
</TestCase>
<TestCase Comment="" Date="1500942652170" Name="TestUnit.ClassDetailsTests:testGetDays">
<CovList>
<CovPrefix CovItemPrefix="TestUnit.ClassDetails.java">
<Cov CovItemId="S5" Value="1"/>
<Cov CovItemId="S54" Value="1"/>
<Cov CovItemId="S55" Value="10"/>
<Cov CovItemId="S6" Value="1"/>
<Cov CovItemId="S69" Value="1"/>
</CovPrefix>
</CovList>
<AssgnmntList/>
<ObjMetaDataList/>
<MetaDataList/>
</TestCase>
<TestCase Comment="" Date="1500942652170" Name="TestUnit.ClassDetailsTests:testGetTerm">
<CovList>
<CovPrefix CovItemPrefix="TestUnit.ClassDetails.java">
<Cov CovItemId="S1" Value="1"/>
<Cov CovItemId="S2" Value="1"/>
<Cov CovItemId="S5" Value="1"/>
<Cov CovItemId="S55" Value="9"/>
<Cov CovItemId="S6" Value="1"/>
</CovPrefix>
</CovList>
<AssgnmntList/>
<ObjMetaDataList/>
<MetaDataList/>
</TestCase>
<TestCase Comment="" Date="1500942652185" Name="TestUnit.ClassDetailsTests:testGetTime">
<CovList>
<CovPrefix CovItemPrefix="TestUnit.ClassDetails.java">
<Cov CovItemId="S5" Value="1"/>
<Cov CovItemId="S54" Value="1"/>
<Cov CovItemId="S55" Value="10"/>
<Cov CovItemId="S6" Value="1"/>
</CovPrefix>
</CovList>
<AssgnmntList/>
<ObjMetaDataList/>
<MetaDataList/>
</TestCase>
<TestCase Comment="" Date="1500942652201" Name="TestUnit.ClassDetailsTests:testIsAtDay1">
<CovList>
<CovPrefix CovItemPrefix="TestUnit.ClassDetails.java">
<Cov CovItemId="B29" Value="1"/>
<Cov CovItemId="S5" Value="1"/>
<Cov CovItemId="S54" Value="1"/>
<Cov CovItemId="S55" Value="10"/>
<Cov CovItemId="S59" Value="1"/>
<Cov CovItemId="S6" Value="1"/>
<Cov CovItemId="S60" Value="1"/>
</CovPrefix>
</CovList>
<AssgnmntList/>
<ObjMetaDataList/>
<MetaDataList/>
</TestCase>
<TestCase Comment="" Date="1500942652201" Name="TestUnit.ClassDetailsTests:testIsAtDay2">
<CovList>
<CovPrefix CovItemPrefix="TestUnit.ClassDetails.java">
<Cov CovItemId="B30" Value="1"/>
<Cov CovItemId="S5" Value="1"/>
<Cov CovItemId="S54" Value="1"/>
<Cov CovItemId="S55" Value="10"/>
<Cov CovItemId="S59" Value="1"/>
<Cov CovItemId="S6" Value="1"/>
<Cov CovItemId="S61" Value="1"/>
</CovPrefix>
</CovList>
<AssgnmntList/>
<ObjMetaDataList/>
<MetaDataList/>
</TestCase>
<TestCase Comment="" Date="1500942652217" Name="TestUnit.ClassDetailsTests:testSetCourse">
<CovList>
<CovPrefix CovItemPrefix="TestUnit.ClassDetails.java">
<Cov CovItemId="S5" Value="1"/>
<Cov CovItemId="S55" Value="9"/>
<Cov CovItemId="S6" Value="1"/>
<Cov CovItemId="S70" Value="1"/>
<Cov CovItemId="S71" Value="1"/>
</CovPrefix>
</CovList>
<AssgnmntList/>
<ObjMetaDataList/>
<MetaDataList/>
</TestCase>
<TestCase Comment="" Date="1500942652217" Name="TestUnit.ClassDetailsTests:testGetCampus">
<CovList>
<CovPrefix CovItemPrefix="TestUnit.ClassDetails.java">
<Cov CovItemId="S3" Value="1"/>
<Cov CovItemId="S4" Value="1"/>
<Cov CovItemId="S5" Value="1"/>
<Cov CovItemId="S55" Value="9"/>
<Cov CovItemId="S6" Value="1"/>
</CovPrefix>
</CovList>
<AssgnmntList/>
<ObjMetaDataList/>
<MetaDataList/>
</TestCase>
<TestCase Comment="" Date="1500942652217" Name="TestUnit.ClassDetailsTests:testGetCourse">
<CovList>
<CovPrefix CovItemPrefix="TestUnit.ClassDetails.java">
<Cov CovItemId="S5" Value="1"/>
<Cov CovItemId="S55" Value="9"/>
<Cov CovItemId="S6" Value="1"/>
<Cov CovItemId="S70" Value="1"/>
<Cov CovItemId="S71" Value="1"/>
</CovPrefix>
</CovList>
<AssgnmntList/>
<ObjMetaDataList/>
<MetaDataList/>
</TestCase>
<TestCase Comment="" Date="1500942652232" Name="TestUnit.ClassDetailsTests:testSetTerm">
<CovList>
<CovPrefix CovItemPrefix="TestUnit.ClassDetails.java">
<Cov CovItemId="S1" Value="1"/>
<Cov CovItemId="S2" Value="1"/>
<Cov CovItemId="S5" Value="1"/>
<Cov CovItemId="S55" Value="9"/>
<Cov CovItemId="S6" Value="1"/>
</CovPrefix>
</CovList>
<AssgnmntList/>
<ObjMetaDataList/>
<MetaDataList/>
</TestCase>
<TestCase Comment="" Date="1500942652232" Name="TestUnit.ClassDetailsTests:testSetTime">
<CovList>
<CovPrefix CovItemPrefix="TestUnit.ClassDetails.java">
<Cov CovItemId="S5" Value="1"/>
<Cov CovItemId="S54" Value="1"/>
<Cov CovItemId="S55" Value="10"/>
<Cov CovItemId="S6" Value="1"/>
</CovPrefix>
</CovList>
<AssgnmntList/>
<ObjMetaDataList/>
<MetaDataList/>
</TestCase>
<TestCase Comment="" Date="1500942652232" Name="TestUnit.ClassDetailsTests:testSetClassNbr">
<CovList>
<CovPrefix CovItemPrefix="TestUnit.ClassDetails.java">
<Cov CovItemId="S5" Value="1"/>
<Cov CovItemId="S55" Value="9"/>
<Cov CovItemId="S6" Value="1"/>
</CovPrefix>
</CovList>
<AssgnmntList/>
<ObjMetaDataList/>
<MetaDataList/>
</TestCase>
<MetaDataList/>
</TestSession>
</TestSessionContainer>
