<?xml version="1.0" encoding="UTF-8"?><TestSessionContainer xmlns="http://www.codecover.org/xml/testsession-container" Date="1500940981070" TestSessionContainerId="60d50e18-f93b-473a-b0a0-4b1746aa10bb" version="1.0">
<SrcFileList>
<SrcFile Content="package TestUnit;&#13;&#10;import stubs.*;&#13;&#10;import static org.junit.Assert.*;&#13;&#10;&#13;&#10;import org.junit.After;&#13;&#10;import org.junit.Before;&#13;&#10;import org.junit.Test;&#13;&#10;import static org.mockito.Mockito.*;&#13;&#10;import java.util.*;&#13;&#10;&#13;&#10;public class ClassDetailsTests {&#13;&#10;&#13;&#10;&#9;Time t1;&#13;&#10;&#9;Time t2;&#13;&#10;&#9;Time t3;&#13;&#10;&#9;Time t4;&#13;&#10;&#9;Time t5;&#13;&#10;&#9;Time t6;&#13;&#10;&#9;Time t7;&#13;&#10;&#9;Time t8;&#13;&#10;&#9;Time t9;&#13;&#10;&#9;ClassDetails cd1;&#13;&#10;&#9;ClassDetails cd2;&#13;&#10;&#9;ClassDetails cd3;&#13;&#10;&#9;ClassDetails cd4;&#13;&#10;&#9;ClassDetails cd5;&#13;&#10;&#9;ClassDetails cd6;&#13;&#10;&#9;ClassDetails cd7;&#13;&#10;&#9;ClassDetails cd8;&#13;&#10;&#9;ClassDetails cd9;&#13;&#10;&#9;&#13;&#10;&#9;@Before&#13;&#10;&#9;public void setUp() throws Exception {&#13;&#10;&#9;&#9;// Change the value of the time in the Time constructors&#13;&#10;&#9;&#9;t1 = new Time(&quot;04:30&quot;, &quot;06:20&quot;, &quot;0101000&quot;);&#13;&#10;&#9;&#9;t2 = new Time(&quot;03:30&quot;, &quot;03:45&quot;, &quot;0101000&quot;);&#13;&#10;&#9;&#9;t3 = new Time(&quot;12:00&quot;, &quot;01:00&quot;, &quot;1010000&quot;);&#13;&#10;&#9;&#9;t4 = new Time(&quot;04:30&quot;, &quot;06:20&quot;, &quot;0101000&quot;);&#13;&#10;&#9;&#9;t5 = new Time(&quot;04:20&quot;, &quot;06:10&quot;, &quot;0101000&quot;);&#13;&#10;&#9;&#9;t6 = new Time(&quot;06:20&quot;, &quot;09:20&quot;, &quot;0101000&quot;);&#13;&#10;&#9;&#9;t7 = new Time(&quot;05:00&quot;, &quot;06:00&quot;, &quot;0101000&quot;);&#13;&#10;&#9;&#9;t8 = new Time(&quot;03:30&quot;, &quot;05:00&quot;, &quot;0101000&quot;);&#13;&#10;&#9;&#9;t9 = new Time(&quot;04:00&quot;, &quot;05:15&quot;, &quot;0101000&quot;);&#13;&#10;&#9;&#9;cd1 = new ClassDetails();&#13;&#10;&#9;&#9;cd2 = new ClassDetails();&#13;&#10;&#9;&#9;cd4 = new ClassDetails();&#13;&#10;&#9;&#9;cd5 = new ClassDetails();&#13;&#10;&#9;&#9;cd6 = new ClassDetails();&#13;&#10;&#9;&#9;cd7 = new ClassDetails();&#13;&#10;&#9;&#9;cd8 = new ClassDetails();&#13;&#10;&#9;&#9;cd9 = new ClassDetails();&#13;&#10;&#9;&#9;cd1.setTime(t1);&#13;&#10;&#9;&#9;cd4.setTime(t4);&#13;&#10;&#9;&#9;cd2.setTime(t2);&#13;&#10;&#9;&#9;cd3 = new ClassDetails(new Course(&quot;cop&quot;, &quot;2210&quot;),&quot;10772&quot;);&#13;&#10;&#9;&#9;cd3.setTime(t3);&#13;&#10;&#9;&#9;cd5.setTime(t5);&#13;&#10;&#9;&#9;cd6.setTime(t6);&#13;&#10;&#9;&#9;cd7.setTime(t7);&#13;&#10;&#9;&#9;cd8.setTime(t8);&#13;&#10;&#9;&#9;&#13;&#10;&#9;}&#13;&#10;&#13;&#10;&#9;@After&#13;&#10;&#9;public void tearDown() throws Exception {&#13;&#10;&#9;}&#13;&#10;/*&#13;&#10; * Test ID: UT_CD_001_SetTerm&#13;&#10; * Purpose: To set the setTerm(String) method. This method allows to set the&#13;&#10; *          term for a ClassDetails object&#13;&#10; * Precondition:A &#13;&#10; * Input:&#13;&#10; * Expected Output:&#13;&#10; */&#13;&#10;&#9;@Test&#13;&#10;&#9;public void testSetTerm() {&#9;    &#13;&#10;&#9;&#9;cd1.setTerm(&quot;Fall 2017&quot;);&#13;&#10;&#9;&#9;assertEquals(&quot;Fall 2017&quot;, cd1.getTerm());   &#13;&#10;&#9;}&#13;&#10;&#9;&#13;&#10;&#9;// This test two objects with no interference&#13;&#10;&#9;@Test&#13;&#10;&#9;public void testHasConflict1() {&#13;&#10;&#9;&#9;assertEquals(false, cd1.hasConflict(cd2));&#13;&#10;&#9;}&#13;&#10;&#9;&#13;&#10;&#9;// This tests two objects with the same exact time&#13;&#10;&#9;@Test&#13;&#10;&#9;public void testHasConflict2() {&#13;&#10;&#9;&#9;assertEquals(true, cd1.hasConflict(cd4));&#13;&#10;&#9;}&#13;&#10;&#9;// This test two objects where cd1 happens after cd5&#13;&#10;&#9;@Test&#13;&#10;&#9;public void testHasConflict3() {&#13;&#10;&#9;&#9;assertEquals(true, cd1.hasConflict(cd5));&#13;&#10;&#9;}&#13;&#10;&#9;&#13;&#10;&#9;// This test two objects where cd1 happens before cd5&#13;&#10;&#9;&#9;@Test&#13;&#10;&#9;public void testHasConflict4() {&#13;&#10;&#9;&#9;assertEquals(true, cd5.hasConflict(cd1));&#13;&#10;&#9;}&#13;&#10;&#9;&#9;&#13;&#10;&#9;//This tests for overlapping end(cd1) and start times(cd6)&#13;&#10;&#9;@Test&#13;&#10;&#9;public void testHasConflict5() {&#13;&#10;&#9;&#9;assertEquals(true, cd1.hasConflict(cd6));&#13;&#10;&#9;}&#13;&#10;&#9;&#9;&#13;&#10;&#9;//Test if cd7 is ending earlier than cd1 even though cd1 started earlier&#13;&#10;&#9;@Test&#13;&#10;&#9;public void testHasConflict6() {&#13;&#10;&#9;&#9;assertEquals(true, cd1.hasConflict(cd7));&#13;&#10;&#9;}&#13;&#10;&#9;&#13;&#10;&#9;// Tests if cd8 starts before cd1 and cd8 ends before cd1&#13;&#10;&#9;@Test&#13;&#10;&#9;public void testHasConflict7() {&#13;&#10;&#9;&#9;assertEquals(true, cd1.hasConflict(cd8));&#13;&#10;&#9;}&#13;&#10;&#9;&#13;&#10;&#9;@Test&#13;&#10;&#9;public void testHasConflict8() {&#13;&#10;&#9;&#9;assertEquals(true, cd8.hasConflict(cd1));&#13;&#10;&#9;}&#13;&#10;&#9;&#13;&#10;&#9;@Test&#13;&#10;&#9;public void testHasConflict9() {&#13;&#10;&#9;&#9;assertEquals(true, cd7.hasConflict(cd9));&#13;&#10;&#9;}&#13;&#10;&#9;&#13;&#10;&#9;@Test&#13;&#10;&#9;public void testGetTerm() {&#13;&#10;&#9;&#9;cd1.setTerm(&quot;Spring 2018&quot;);&#13;&#10;&#9;&#9;assertEquals(&quot;Spring 2018&quot;, cd1.getTerm());&#13;&#10;&#9;}&#13;&#10;&#9;&#13;&#10;&#9;@Test&#13;&#10;&#9;public void testSetCampus1() {&#13;&#10;&#9;&#9;cd1.setCampus(&quot;MMC&quot;);&#13;&#10;&#9;&#9;assertEquals(&quot;MMC&quot;, cd1.getCampus());&#13;&#10;&#9;}&#13;&#10;&#9;&#13;&#10;&#9;@Test&#13;&#10;&#9;public void testSetCampus2() {&#13;&#10;&#9;&#9;cd1.setCampus(&quot;&quot;);&#13;&#10;&#9;&#9;assertEquals(&quot;&quot;, cd1.getCampus());&#13;&#10;&#9;}&#13;&#10;&#9;&#13;&#10;&#9;@Test&#13;&#10;&#9;public void testGetCampus() {&#13;&#10;&#9;&#9;cd1.setCampus(&quot;MMC&quot;);&#13;&#10;&#9;&#9;assertEquals(&quot;MMC&quot;, cd1.getCampus());&#13;&#10;&#9;}&#13;&#10;&#9;&#13;&#10;&#9;@Test&#13;&#10;&#9;public void testGetInstructor() {&#13;&#10;&#9;&#9;assertNotNull(null, cd1.getInstructor());&#13;&#10;&#9;}&#13;&#10;&#9;&#13;&#10;&#9;@Test &#13;&#10;&#9;public void testSetTime() {&#13;&#10;&#9;&#9;Time mockedTime = mock(Time.class);&#13;&#10;&#9;&#9;when(mockedTime.toString()).thenReturn(&quot;04:30-06:20&quot;);&#13;&#10;&#9;&#9;cd1.setTime(mockedTime);&#13;&#10;&#9;&#9;assertEquals(&quot;04:30-06:20&quot;, cd1.getTime().toString());&#13;&#10;&#9;}&#13;&#10;&#9;&#13;&#10;&#9;@Test&#13;&#10;&#9;public void testGetTime() {&#13;&#10;&#9;&#9;Time mockedTime = mock(Time.class);&#13;&#10;&#9;&#9;when(mockedTime.toString()).thenReturn(&quot;04:30-06:20&quot;);&#13;&#10;&#9;&#9;cd1.setTime(mockedTime);&#13;&#10;&#9;&#9;assertEquals(&quot;04:30-06:20&quot;, cd1.getTime().toString());&#13;&#10;&#9;}&#13;&#10;&#9;&#13;&#10;&#9;&#13;&#10;&#9;@Test&#13;&#10;&#9;public void testGetDays() {&#13;&#10;&#9;&#9;Time mockedTime = mock(Time.class);&#13;&#10;&#9;&#9;mockedTime.days = &quot;0101000&quot;;&#13;&#10;&#9;&#9;cd1.setTime(mockedTime);&#13;&#10;&#9;&#9;assertEquals(&quot;0101000&quot;, cd1.getDays());&#13;&#10;&#9;}&#13;&#10;&#9;&#13;&#10;&#9;@Test&#13;&#10;&#9;public void testIsAtDay1() {&#13;&#10;&#9;&#9;Time mockedTime = mock(Time.class);&#13;&#10;&#9;&#9;cd1.setTime(mockedTime);&#13;&#10;&#9;&#9;mockedTime.days = &quot;0101000&quot;;&#13;&#10;&#9;&#9;// The day entered here corresponds to Monday = 0 and Tuesday = 1 and so on...&#13;&#10;&#9;&#9;assertEquals(true, cd1.isAtDay(3));&#13;&#10;&#9;}&#13;&#10;&#9;&#13;&#10;&#9;@Test&#13;&#10;&#9;public void testIsAtDay2() {&#13;&#10;&#9;&#9;Time mockedTime = mock(Time.class);&#13;&#10;&#9;&#9;cd1.setTime(mockedTime);&#13;&#10;&#9;&#9;mockedTime.days = &quot;0101000&quot;;&#13;&#10;&#9;&#9;// The day entered here corresponds to Monday = 0 and Tuesday = 1 and so on...&#13;&#10;&#9;&#9;assertEquals(false, cd1.isAtDay(2));&#13;&#10;&#9;}&#13;&#10;&#9;&#13;&#10;&#9;@Test&#13;&#10;&#9;public void testIsAtTime1() {&#13;&#10;&#9;&#9;Time mockedTime = mock(Time.class);&#13;&#10;&#9;&#9;mockedTime.toHr = 12;&#13;&#10;&#9;&#9;mockedTime.frHr = 10;&#13;&#10;&#9;&#9;cd1.setTime(mockedTime);&#13;&#10;&#9;&#9;assertEquals(false, cd1.isAtTime(07));&#13;&#10;&#9;}&#13;&#10;&#9;&#13;&#10;&#9;@Test&#13;&#10;&#9;public void testIsAtTime2() {&#13;&#10;&#9;&#9;Time mockedTime = mock(Time.class);&#13;&#10;&#9;&#9;mockedTime.toHr = 12;&#13;&#10;&#9;&#9;mockedTime.frHr = 10;&#13;&#10;&#9;&#9;cd1.setTime(mockedTime);&#13;&#10;&#9;&#9;assertEquals(true, cd1.isAtTime(11));&#13;&#10;&#9;}&#13;&#10;&#9;&#13;&#10;&#9;@Test&#13;&#10;&#9;public void testToString() {&#13;&#10;&#9;&#9;Time mockedTime = new Time(&quot;10:00&quot;, &quot;12:00&quot;, &quot;1010000&quot;);&#13;&#10;&#9;&#9;Course mockedCourse = new Course(&quot;COP&quot;, &quot;3337&quot;);&#13;&#10;&#9;&#9;mockedTime.toHr = 12;&#13;&#10;&#9;&#9;mockedTime.frHr = 10;&#13;&#10;&#9;&#9;cd1.setTime(mockedTime);&#13;&#10;&#9;&#9;cd1.setCourse(mockedCourse);&#13;&#10;&#9;&#9;cd1.setCampus(&quot;MMC&quot;);&#13;&#10;&#9;&#9;//cd1.setClassNbr(&quot;12345&quot;);&#13;&#10;&#9;&#9;&#13;&#10;&#9;&#9;assertEquals(&quot;Programming\n12345\n10:00-12:00\nMMC\n&quot;, cd1.toString());&#13;&#10;&#9;}&#13;&#10;&#9;&#13;&#10;&#9;@Test&#13;&#10;&#9;public void testSetCourse() {&#13;&#10;&#9;&#9;Course mockedCourse = new Course(&quot;COP&quot;, &quot;3337&quot;);&#13;&#10;&#9;&#9;cd1.setCourse(mockedCourse);&#13;&#10;&#9;&#9;assertEquals(&quot;COP3337&quot;, cd1.getCourse());&#13;&#10;&#9;}&#13;&#10;&#9;&#13;&#10;&#9;@Test&#13;&#10;&#9;public void testGetCourse(){&#13;&#10;&#9;&#9;&#13;&#10;&#9;&#9;Course mockedCourse = mock(Course.class);&#13;&#10;&#9;&#9;when(mockedCourse.toString()).thenReturn(&quot;COP3337&quot;);&#13;&#10;&#9;&#9;cd1.setCourse(mockedCourse);&#13;&#10;&#9;&#9;assertEquals(&quot;COP3337&quot;, cd1.getCourse());&#13;&#10;&#9;&#9;&#13;&#10;&#9;}&#13;&#10;&#9;&#13;&#10;&#9;@Test&#13;&#10;&#9;public void testSetClassNbr() {&#13;&#10;&#9;&#13;&#10;&#9;}&#13;&#10;}&#13;&#10;" Filename="ClassDetailsTests.java" Intrnl_Id="1"/>
<SrcFile Content="package TestUnit;&#13;&#10;&#13;&#10;import java.util.Collection;&#13;&#10;import java.util.ArrayList;&#13;&#10;import java.util.Iterator;&#13;&#10;import java.sql.ResultSet;&#13;&#10;import java.sql.SQLException;&#13;&#10;import java.io.CharArrayWriter;&#13;&#10;&#13;&#10;&#13;&#10;&#13;&#10;&#13;&#10;&#13;&#10;import stubs.*;&#13;&#10;&#13;&#10;&#13;&#10;public class ClassDetails {&#13;&#10;&#13;&#10;    private Course course;&#13;&#10;    private String classNbr;&#13;&#10;    private Professor instructor;&#13;&#10;    private String bldg_room;&#13;&#10;    private String campus;&#13;&#10;    private String term;&#13;&#10;    private Time time;&#13;&#10;&#13;&#10;    //constructor&#13;&#10;    public ClassDetails() {&#13;&#10;&#13;&#10;    }&#13;&#10;&#13;&#10;    public String getTerm() {&#13;&#10;    &#9;return term;&#13;&#10;    }&#13;&#10;    &#13;&#10;    public void setTerm(String term) {&#13;&#10;        this.term = term;&#13;&#10;    }&#13;&#10;    &#13;&#10;    public void setCampus(String campus) {&#13;&#10;        this.campus = campus;&#13;&#10;    }&#13;&#10;&#13;&#10;    public String getCampus() {&#13;&#10;    &#9;return campus;&#13;&#10;    }&#13;&#10;    public ClassDetails(Course course, String classNbr) {&#13;&#10;        this.course = course;&#13;&#10;        this.classNbr = classNbr;&#13;&#10;    }&#13;&#10;&#13;&#10;    public Professor getInstructor() {&#13;&#10;        return null;&#13;&#10;    }&#13;&#10;&#13;&#10;    public boolean hasConflict(ClassDetails cd) {&#13;&#10;        Time c1 = getTime();&#13;&#10;        Time c2 = cd.getTime();&#13;&#10;        //compare times&#13;&#10;        String daysofC1 = c1.days;&#13;&#10;        String daysofC2 = c2.days;&#13;&#10;        //System.out.println(daysofC1);&#13;&#10;        ArrayList&lt;String&gt; A1, A2;&#13;&#10;        A1 = new ArrayList&lt;String&gt;();&#13;&#10;        A2 = new ArrayList&lt;String&gt;();&#13;&#10;        String[] days = new String[7];&#13;&#10;        days[0] = &quot;Mon&quot;;&#13;&#10;        days[1] = &quot;Tues&quot;;&#13;&#10;        days[2] = &quot;Wed&quot;;&#13;&#10;        days[3] = &quot;Thurs&quot;;&#13;&#10;        days[4] = &quot;Fri&quot;;&#13;&#10;        days[5] = &quot;Sat&quot;;&#13;&#10;        days[6] = &quot;Sun&quot;;&#13;&#10;&#13;&#10;        for (int i = 0; i &lt; 7; i++)&#13;&#10;        {&#13;&#10;            if (daysofC1.charAt(i) == '1')&#13;&#10;            {&#13;&#10;                String day = new String(days[i]);&#13;&#10;                A1.add(day);&#13;&#10;            }&#13;&#10;        }&#13;&#10;&#13;&#10;        for (int i = 0; i &lt; 7; i++)&#13;&#10;        {&#13;&#10;            if (daysofC2.charAt(i) == '1')&#13;&#10;            {&#13;&#10;                String day = new String(days[i]);&#13;&#10;                A2.add(day);&#13;&#10;            }&#13;&#10;        }&#13;&#10;        Iterator&lt;String&gt; it1 = A1.iterator();&#13;&#10;        Iterator&lt;String&gt; it2 = A2.iterator();&#13;&#10;        while (it1.hasNext())&#13;&#10;        {&#13;&#10;            String d1 = it1.next();&#13;&#10;            while (it2.hasNext())&#13;&#10;            {&#13;&#10;                String d2 = it2.next();&#13;&#10;&#13;&#10;                if (d1.equals(d2))&#13;&#10;                {&#13;&#10;                    //both classes starts at same hour&#13;&#10;                    if (c1.frHr == c2.frHr)&#13;&#10;                    {&#13;&#10;                        if (c1.frMn &gt;= c2.frMn)&#13;&#10;                            return true;&#13;&#10;                    }&#13;&#10;                    // c1 starts before c2&#13;&#10;                    else if (c1.frHr &lt; c2.frHr)&#13;&#10;                    {&#13;&#10;                        if (c1.toHr == c2.frHr)&#13;&#10;                        {&#13;&#10;                            if (c1.toMn &gt;= c2.frMn)&#13;&#10;                                return true;&#13;&#10;                        }&#13;&#10;                        else if (c1.toHr &gt; c2.frHr)&#13;&#10;                            return true;&#13;&#10;                    }&#13;&#10;&#13;&#10;                    //c1 starts after c2&#13;&#10;&#13;&#10;                    else if (c1.frHr &gt; c2.frHr)&#13;&#10;                    {&#13;&#10;                        if (c2.toHr == c1.frHr)&#13;&#10;                        {&#13;&#10;                            if (c2.toMn &gt;= c1.frMn)&#13;&#10;                                return true;&#13;&#10;                        }&#13;&#10;                        else if (c2.toHr &gt; c1.frHr)&#13;&#10;                            return true;&#13;&#10;                    }&#13;&#10;                }&#13;&#10;            }&#13;&#10;        }&#13;&#10;&#13;&#10;        return false;&#13;&#10;    }&#13;&#10;&#13;&#10;    public Time getTime() {&#13;&#10;        return time;&#13;&#10;    }&#13;&#10;&#13;&#10;    public void setTime(Time t) {&#13;&#10;        time = t;&#13;&#10;    }&#13;&#10;&#13;&#10;    public boolean isAtTime(int hour) {&#13;&#10;        if(getTime().frHr &lt;= hour &amp;&amp; hour &lt;= getTime().toHr)&#13;&#10;            return true;&#13;&#10;        else&#13;&#10;            return false;&#13;&#10;    }&#13;&#10;&#13;&#10;    public boolean isAtDay(int day) {&#13;&#10;        if(getTime().days.substring(day, day+1).equals(&quot;1&quot;))&#13;&#10;            return true;&#13;&#10;        else&#13;&#10;            return false;&#13;&#10;    }&#13;&#10;&#13;&#10;    public String toString() {&#13;&#10;        String result = &quot;&quot;;&#13;&#10;        result += course.toString() + &quot;\n&quot; + classNbr + &quot;\n&quot;;&#13;&#10;        if (this.getTime() != null)&#13;&#10;            result += &quot;&quot; + this.getTime().toString() + &quot;\n&quot;;&#13;&#10;//        if (instructor != null)&#13;&#10;//            result += &quot;&quot; + instructor.toString();&#13;&#10;//        if (bldg_room != null)&#13;&#10;//            result += &quot;&quot; + bldg_room;&#13;&#10;        if (campus != null)&#13;&#10;            result += &quot;&quot; + campus + &quot;\n&quot;;&#13;&#10;//        if (term != null)&#13;&#10;//            result += &quot;&quot; + term.toString();&#13;&#10;        return result;&#13;&#10;    }&#13;&#10;&#13;&#10;    public String getDays() {&#13;&#10;        return getTime().days;&#13;&#10;    }&#13;&#10;&#9;&#9;&#13;&#10;    public void setCourse(Course c){&#13;&#10;    &#9;&#13;&#10;    &#9;this.course = c;&#13;&#10;    &#9;&#13;&#10;    }&#13;&#10; &#13;&#10;    public String getCourse(){&#13;&#10; &#9;&#13;&#10; &#9;return course.toString();&#13;&#10; &#9;&#13;&#10; }&#13;&#10;}&#13;&#10;" Filename="ClassDetails.java" Intrnl_Id="2"/>
</SrcFileList>
<CritList>
<CritListEntry Name="org.codecover.model.utils.criteria.BranchCoverage" PluginName="org.codecover"/>
<CritListEntry Name="org.codecover.model.utils.criteria.StatementCoverage" PluginName="org.codecover"/>
</CritList>
<BoolOpList/>
<HierarchyLvlTypeList>
<HierarchyLvlType EnglishName="package" IntrnlName="package" Intrnl_Id="3"/>
<HierarchyLvlType EnglishName="method" IntrnlName="method" Intrnl_Id="4"/>
<HierarchyLvlType EnglishName="class" IntrnlName="class" Intrnl_Id="5"/>
<HierarchyLvlType EnglishName="default package" IntrnlName="default package" Intrnl_Id="6"/>
</HierarchyLvlTypeList>
<MASTRoot>
<HierarchyLvl HierarchyLvlId="143" HierarchyLvlTypeId="6" Intrnl_Id="7" Name="default package">
<Header/>
<LocList/>
<HierarchyLvl HierarchyLvlId="142" HierarchyLvlTypeId="3" Intrnl_Id="8" Name="TestUnit">
<Header/>
<LocList/>
<HierarchyLvl HierarchyLvlId="124" HierarchyLvlTypeId="5" Intrnl_Id="9" Name="ClassDetailsTests">
<Header>
<Loc EndOffset="239" SrcFileId="1" StartOffset="209"/>
</Header>
<LocList>
<Loc EndOffset="6193" SrcFileId="1" StartOffset="209"/>
</LocList>
<HierarchyLvl HierarchyLvlId="96" HierarchyLvlTypeId="4" Intrnl_Id="10" Name="setUp">
<Header>
<Loc EndOffset="574" SrcFileId="1" StartOffset="528"/>
</Header>
<LocList>
<Loc EndOffset="1521" SrcFileId="1" StartOffset="528"/>
</LocList>
<StmntSeq Intrnl_Id="11">
<LocList>
<Loc EndOffset="683" SrcFileId="1" StartOffset="640"/>
<Loc EndOffset="730" SrcFileId="1" StartOffset="687"/>
<Loc EndOffset="777" SrcFileId="1" StartOffset="734"/>
<Loc EndOffset="824" SrcFileId="1" StartOffset="781"/>
<Loc EndOffset="871" SrcFileId="1" StartOffset="828"/>
<Loc EndOffset="918" SrcFileId="1" StartOffset="875"/>
<Loc EndOffset="965" SrcFileId="1" StartOffset="922"/>
<Loc EndOffset="1012" SrcFileId="1" StartOffset="969"/>
<Loc EndOffset="1059" SrcFileId="1" StartOffset="1016"/>
<Loc EndOffset="1088" SrcFileId="1" StartOffset="1063"/>
<Loc EndOffset="1117" SrcFileId="1" StartOffset="1092"/>
<Loc EndOffset="1146" SrcFileId="1" StartOffset="1121"/>
<Loc EndOffset="1175" SrcFileId="1" StartOffset="1150"/>
<Loc EndOffset="1204" SrcFileId="1" StartOffset="1179"/>
<Loc EndOffset="1233" SrcFileId="1" StartOffset="1208"/>
<Loc EndOffset="1262" SrcFileId="1" StartOffset="1237"/>
<Loc EndOffset="1291" SrcFileId="1" StartOffset="1266"/>
<Loc EndOffset="1311" SrcFileId="1" StartOffset="1295"/>
<Loc EndOffset="1331" SrcFileId="1" StartOffset="1315"/>
<Loc EndOffset="1351" SrcFileId="1" StartOffset="1335"/>
<Loc EndOffset="1413" SrcFileId="1" StartOffset="1355"/>
<Loc EndOffset="1433" SrcFileId="1" StartOffset="1417"/>
<Loc EndOffset="1453" SrcFileId="1" StartOffset="1437"/>
<Loc EndOffset="1473" SrcFileId="1" StartOffset="1457"/>
<Loc EndOffset="1493" SrcFileId="1" StartOffset="1477"/>
<Loc EndOffset="1513" SrcFileId="1" StartOffset="1497"/>
</LocList>
<BasicStmnt CovItemId="S1" CovItemPrefix="TestUnit.ClassDetailsTests.java" Intrnl_Id="12">
<LocList>
<Loc EndOffset="683" SrcFileId="1" StartOffset="640"/>
</LocList>
</BasicStmnt>
<BasicStmnt CovItemId="S2" CovItemPrefix="TestUnit.ClassDetailsTests.java" Intrnl_Id="13">
<LocList>
<Loc EndOffset="730" SrcFileId="1" StartOffset="687"/>
</LocList>
</BasicStmnt>
<BasicStmnt CovItemId="S3" CovItemPrefix="TestUnit.ClassDetailsTests.java" Intrnl_Id="14">
<LocList>
<Loc EndOffset="777" SrcFileId="1" StartOffset="734"/>
</LocList>
</BasicStmnt>
<BasicStmnt CovItemId="S4" CovItemPrefix="TestUnit.ClassDetailsTests.java" Intrnl_Id="15">
<LocList>
<Loc EndOffset="824" SrcFileId="1" StartOffset="781"/>
</LocList>
</BasicStmnt>
<BasicStmnt CovItemId="S5" CovItemPrefix="TestUnit.ClassDetailsTests.java" Intrnl_Id="16">
<LocList>
<Loc EndOffset="871" SrcFileId="1" StartOffset="828"/>
</LocList>
</BasicStmnt>
<BasicStmnt CovItemId="S6" CovItemPrefix="TestUnit.ClassDetailsTests.java" Intrnl_Id="17">
<LocList>
<Loc EndOffset="918" SrcFileId="1" StartOffset="875"/>
</LocList>
</BasicStmnt>
<BasicStmnt CovItemId="S7" CovItemPrefix="TestUnit.ClassDetailsTests.java" Intrnl_Id="18">
<LocList>
<Loc EndOffset="965" SrcFileId="1" StartOffset="922"/>
</LocList>
</BasicStmnt>
<BasicStmnt CovItemId="S8" CovItemPrefix="TestUnit.ClassDetailsTests.java" Intrnl_Id="19">
<LocList>
<Loc EndOffset="1012" SrcFileId="1" StartOffset="969"/>
</LocList>
</BasicStmnt>
<BasicStmnt CovItemId="S9" CovItemPrefix="TestUnit.ClassDetailsTests.java" Intrnl_Id="20">
<LocList>
<Loc EndOffset="1059" SrcFileId="1" StartOffset="1016"/>
</LocList>
</BasicStmnt>
<BasicStmnt CovItemId="S10" CovItemPrefix="TestUnit.ClassDetailsTests.java" Intrnl_Id="21">
<LocList>
<Loc EndOffset="1088" SrcFileId="1" StartOffset="1063"/>
</LocList>
</BasicStmnt>
<BasicStmnt CovItemId="S11" CovItemPrefix="TestUnit.ClassDetailsTests.java" Intrnl_Id="22">
<LocList>
<Loc EndOffset="1117" SrcFileId="1" StartOffset="1092"/>
</LocList>
</BasicStmnt>
<BasicStmnt CovItemId="S12" CovItemPrefix="TestUnit.ClassDetailsTests.java" Intrnl_Id="23">
<LocList>
<Loc EndOffset="1146" SrcFileId="1" StartOffset="1121"/>
</LocList>
</BasicStmnt>
<BasicStmnt CovItemId="S13" CovItemPrefix="TestUnit.ClassDetailsTests.java" Intrnl_Id="24">
<LocList>
<Loc EndOffset="1175" SrcFileId="1" StartOffset="1150"/>
</LocList>
</BasicStmnt>
<BasicStmnt CovItemId="S14" CovItemPrefix="TestUnit.ClassDetailsTests.java" Intrnl_Id="25">
<LocList>
<Loc EndOffset="1204" SrcFileId="1" StartOffset="1179"/>
</LocList>
</BasicStmnt>
<BasicStmnt CovItemId="S15" CovItemPrefix="TestUnit.ClassDetailsTests.java" Intrnl_Id="26">
<LocList>
<Loc EndOffset="1233" SrcFileId="1" StartOffset="1208"/>
</LocList>
</BasicStmnt>
<BasicStmnt CovItemId="S16" CovItemPrefix="TestUnit.ClassDetailsTests.java" Intrnl_Id="27">
<LocList>
<Loc EndOffset="1262" SrcFileId="1" StartOffset="1237"/>
</LocList>
</BasicStmnt>
<BasicStmnt CovItemId="S17" CovItemPrefix="TestUnit.ClassDetailsTests.java" Intrnl_Id="28">
<LocList>
<Loc EndOffset="1291" SrcFileId="1" StartOffset="1266"/>
</LocList>
</BasicStmnt>
<BasicStmnt CovItemId="S18" CovItemPrefix="TestUnit.ClassDetailsTests.java" Intrnl_Id="29">
<LocList>
<Loc EndOffset="1311" SrcFileId="1" StartOffset="1295"/>
</LocList>
</BasicStmnt>
<BasicStmnt CovItemId="S19" CovItemPrefix="TestUnit.ClassDetailsTests.java" Intrnl_Id="30">
<LocList>
<Loc EndOffset="1331" SrcFileId="1" StartOffset="1315"/>
</LocList>
</BasicStmnt>
<BasicStmnt CovItemId="S20" CovItemPrefix="TestUnit.ClassDetailsTests.java" Intrnl_Id="31">
<LocList>
<Loc EndOffset="1351" SrcFileId="1" StartOffset="1335"/>
</LocList>
</BasicStmnt>
<BasicStmnt CovItemId="S21" CovItemPrefix="TestUnit.ClassDetailsTests.java" Intrnl_Id="32">
<LocList>
<Loc EndOffset="1413" SrcFileId="1" StartOffset="1355"/>
</LocList>
</BasicStmnt>
<BasicStmnt CovItemId="S22" CovItemPrefix="TestUnit.ClassDetailsTests.java" Intrnl_Id="33">
<LocList>
<Loc EndOffset="1433" SrcFileId="1" StartOffset="1417"/>
</LocList>
</BasicStmnt>
<BasicStmnt CovItemId="S23" CovItemPrefix="TestUnit.ClassDetailsTests.java" Intrnl_Id="34">
<LocList>
<Loc EndOffset="1453" SrcFileId="1" StartOffset="1437"/>
</LocList>
</BasicStmnt>
<BasicStmnt CovItemId="S24" CovItemPrefix="TestUnit.ClassDetailsTests.java" Intrnl_Id="35">
<LocList>
<Loc EndOffset="1473" SrcFileId="1" StartOffset="1457"/>
</LocList>
</BasicStmnt>
<BasicStmnt CovItemId="S25" CovItemPrefix="TestUnit.ClassDetailsTests.java" Intrnl_Id="36">
<LocList>
<Loc EndOffset="1493" SrcFileId="1" StartOffset="1477"/>
</LocList>
</BasicStmnt>
<BasicStmnt CovItemId="S26" CovItemPrefix="TestUnit.ClassDetailsTests.java" Intrnl_Id="37">
<LocList>
<Loc EndOffset="1513" SrcFileId="1" StartOffset="1497"/>
</LocList>
</BasicStmnt>
</StmntSeq>
</HierarchyLvl>
<HierarchyLvl HierarchyLvlId="97" HierarchyLvlTypeId="4" Intrnl_Id="38" Name="tearDown">
<Header>
<Loc EndOffset="1574" SrcFileId="1" StartOffset="1526"/>
</Header>
<LocList>
<Loc EndOffset="1580" SrcFileId="1" StartOffset="1526"/>
</LocList>
</HierarchyLvl>
<HierarchyLvl HierarchyLvlId="98" HierarchyLvlTypeId="4" Intrnl_Id="39" Name="testSetTerm">
<Header>
<Loc EndOffset="1830" SrcFileId="1" StartOffset="1797"/>
</Header>
<LocList>
<Loc EndOffset="1918" SrcFileId="1" StartOffset="1797"/>
</LocList>
<StmntSeq Intrnl_Id="40">
<LocList>
<Loc EndOffset="1866" SrcFileId="1" StartOffset="1841"/>
<Loc EndOffset="1911" SrcFileId="1" StartOffset="1870"/>
</LocList>
<BasicStmnt CovItemId="S27" CovItemPrefix="TestUnit.ClassDetailsTests.java" Intrnl_Id="41">
<LocList>
<Loc EndOffset="1866" SrcFileId="1" StartOffset="1841"/>
</LocList>
</BasicStmnt>
<BasicStmnt CovItemId="S28" CovItemPrefix="TestUnit.ClassDetailsTests.java" Intrnl_Id="42">
<LocList>
<Loc EndOffset="1911" SrcFileId="1" StartOffset="1870"/>
</LocList>
</BasicStmnt>
</StmntSeq>
</HierarchyLvl>
<HierarchyLvl HierarchyLvlId="99" HierarchyLvlTypeId="4" Intrnl_Id="43" Name="testHasConflict1">
<Header>
<Loc EndOffset="2010" SrcFileId="1" StartOffset="1972"/>
</Header>
<LocList>
<Loc EndOffset="2062" SrcFileId="1" StartOffset="1972"/>
</LocList>
<StmntSeq Intrnl_Id="44">
<LocList>
<Loc EndOffset="2058" SrcFileId="1" StartOffset="2016"/>
</LocList>
<BasicStmnt CovItemId="S29" CovItemPrefix="TestUnit.ClassDetailsTests.java" Intrnl_Id="45">
<LocList>
<Loc EndOffset="2058" SrcFileId="1" StartOffset="2016"/>
</LocList>
</BasicStmnt>
</StmntSeq>
</HierarchyLvl>
<HierarchyLvl HierarchyLvlId="100" HierarchyLvlTypeId="4" Intrnl_Id="46" Name="testHasConflict2">
<Header>
<Loc EndOffset="2159" SrcFileId="1" StartOffset="2121"/>
</Header>
<LocList>
<Loc EndOffset="2210" SrcFileId="1" StartOffset="2121"/>
</LocList>
<StmntSeq Intrnl_Id="47">
<LocList>
<Loc EndOffset="2206" SrcFileId="1" StartOffset="2165"/>
</LocList>
<BasicStmnt CovItemId="S30" CovItemPrefix="TestUnit.ClassDetailsTests.java" Intrnl_Id="48">
<LocList>
<Loc EndOffset="2206" SrcFileId="1" StartOffset="2165"/>
</LocList>
</BasicStmnt>
</StmntSeq>
</HierarchyLvl>
<HierarchyLvl HierarchyLvlId="101" HierarchyLvlTypeId="4" Intrnl_Id="49" Name="testHasConflict3">
<Header>
<Loc EndOffset="2306" SrcFileId="1" StartOffset="2268"/>
</Header>
<LocList>
<Loc EndOffset="2357" SrcFileId="1" StartOffset="2268"/>
</LocList>
<StmntSeq Intrnl_Id="50">
<LocList>
<Loc EndOffset="2353" SrcFileId="1" StartOffset="2312"/>
</LocList>
<BasicStmnt CovItemId="S31" CovItemPrefix="TestUnit.ClassDetailsTests.java" Intrnl_Id="51">
<LocList>
<Loc EndOffset="2353" SrcFileId="1" StartOffset="2312"/>
</LocList>
</BasicStmnt>
</StmntSeq>
</HierarchyLvl>
<HierarchyLvl HierarchyLvlId="102" HierarchyLvlTypeId="4" Intrnl_Id="52" Name="testHasConflict4">
<Header>
<Loc EndOffset="2458" SrcFileId="1" StartOffset="2420"/>
</Header>
<LocList>
<Loc EndOffset="2509" SrcFileId="1" StartOffset="2420"/>
</LocList>
<StmntSeq Intrnl_Id="53">
<LocList>
<Loc EndOffset="2505" SrcFileId="1" StartOffset="2464"/>
</LocList>
<BasicStmnt CovItemId="S32" CovItemPrefix="TestUnit.ClassDetailsTests.java" Intrnl_Id="54">
<LocList>
<Loc EndOffset="2505" SrcFileId="1" StartOffset="2464"/>
</LocList>
</BasicStmnt>
</StmntSeq>
</HierarchyLvl>
<HierarchyLvl HierarchyLvlId="103" HierarchyLvlTypeId="4" Intrnl_Id="55" Name="testHasConflict5">
<Header>
<Loc EndOffset="2615" SrcFileId="1" StartOffset="2577"/>
</Header>
<LocList>
<Loc EndOffset="2666" SrcFileId="1" StartOffset="2577"/>
</LocList>
<StmntSeq Intrnl_Id="56">
<LocList>
<Loc EndOffset="2662" SrcFileId="1" StartOffset="2621"/>
</LocList>
<BasicStmnt CovItemId="S33" CovItemPrefix="TestUnit.ClassDetailsTests.java" Intrnl_Id="57">
<LocList>
<Loc EndOffset="2662" SrcFileId="1" StartOffset="2621"/>
</LocList>
</BasicStmnt>
</StmntSeq>
</HierarchyLvl>
<HierarchyLvl HierarchyLvlId="104" HierarchyLvlTypeId="4" Intrnl_Id="58" Name="testHasConflict6">
<Header>
<Loc EndOffset="2786" SrcFileId="1" StartOffset="2748"/>
</Header>
<LocList>
<Loc EndOffset="2837" SrcFileId="1" StartOffset="2748"/>
</LocList>
<StmntSeq Intrnl_Id="59">
<LocList>
<Loc EndOffset="2833" SrcFileId="1" StartOffset="2792"/>
</LocList>
<BasicStmnt CovItemId="S34" CovItemPrefix="TestUnit.ClassDetailsTests.java" Intrnl_Id="60">
<LocList>
<Loc EndOffset="2833" SrcFileId="1" StartOffset="2792"/>
</LocList>
</BasicStmnt>
</StmntSeq>
</HierarchyLvl>
<HierarchyLvl HierarchyLvlId="105" HierarchyLvlTypeId="4" Intrnl_Id="61" Name="testHasConflict7">
<Header>
<Loc EndOffset="2941" SrcFileId="1" StartOffset="2903"/>
</Header>
<LocList>
<Loc EndOffset="2992" SrcFileId="1" StartOffset="2903"/>
</LocList>
<StmntSeq Intrnl_Id="62">
<LocList>
<Loc EndOffset="2988" SrcFileId="1" StartOffset="2947"/>
</LocList>
<BasicStmnt CovItemId="S35" CovItemPrefix="TestUnit.ClassDetailsTests.java" Intrnl_Id="63">
<LocList>
<Loc EndOffset="2988" SrcFileId="1" StartOffset="2947"/>
</LocList>
</BasicStmnt>
</StmntSeq>
</HierarchyLvl>
<HierarchyLvl HierarchyLvlId="106" HierarchyLvlTypeId="4" Intrnl_Id="64" Name="testHasConflict8">
<Header>
<Loc EndOffset="3036" SrcFileId="1" StartOffset="2998"/>
</Header>
<LocList>
<Loc EndOffset="3087" SrcFileId="1" StartOffset="2998"/>
</LocList>
<StmntSeq Intrnl_Id="65">
<LocList>
<Loc EndOffset="3083" SrcFileId="1" StartOffset="3042"/>
</LocList>
<BasicStmnt CovItemId="S36" CovItemPrefix="TestUnit.ClassDetailsTests.java" Intrnl_Id="66">
<LocList>
<Loc EndOffset="3083" SrcFileId="1" StartOffset="3042"/>
</LocList>
</BasicStmnt>
</StmntSeq>
</HierarchyLvl>
<HierarchyLvl HierarchyLvlId="107" HierarchyLvlTypeId="4" Intrnl_Id="67" Name="testHasConflict9">
<Header>
<Loc EndOffset="3131" SrcFileId="1" StartOffset="3093"/>
</Header>
<LocList>
<Loc EndOffset="3182" SrcFileId="1" StartOffset="3093"/>
</LocList>
<StmntSeq Intrnl_Id="68">
<LocList>
<Loc EndOffset="3178" SrcFileId="1" StartOffset="3137"/>
</LocList>
<BasicStmnt CovItemId="S37" CovItemPrefix="TestUnit.ClassDetailsTests.java" Intrnl_Id="69">
<LocList>
<Loc EndOffset="3178" SrcFileId="1" StartOffset="3137"/>
</LocList>
</BasicStmnt>
</StmntSeq>
</HierarchyLvl>
<HierarchyLvl HierarchyLvlId="108" HierarchyLvlTypeId="4" Intrnl_Id="70" Name="testGetTerm">
<Header>
<Loc EndOffset="3221" SrcFileId="1" StartOffset="3188"/>
</Header>
<LocList>
<Loc EndOffset="3305" SrcFileId="1" StartOffset="3188"/>
</LocList>
<StmntSeq Intrnl_Id="71">
<LocList>
<Loc EndOffset="3254" SrcFileId="1" StartOffset="3227"/>
<Loc EndOffset="3301" SrcFileId="1" StartOffset="3258"/>
</LocList>
<BasicStmnt CovItemId="S38" CovItemPrefix="TestUnit.ClassDetailsTests.java" Intrnl_Id="72">
<LocList>
<Loc EndOffset="3254" SrcFileId="1" StartOffset="3227"/>
</LocList>
</BasicStmnt>
<BasicStmnt CovItemId="S39" CovItemPrefix="TestUnit.ClassDetailsTests.java" Intrnl_Id="73">
<LocList>
<Loc EndOffset="3301" SrcFileId="1" StartOffset="3258"/>
</LocList>
</BasicStmnt>
</StmntSeq>
</HierarchyLvl>
<HierarchyLvl HierarchyLvlId="109" HierarchyLvlTypeId="4" Intrnl_Id="74" Name="testSetCampus1">
<Header>
<Loc EndOffset="3347" SrcFileId="1" StartOffset="3311"/>
</Header>
<LocList>
<Loc EndOffset="3419" SrcFileId="1" StartOffset="3311"/>
</LocList>
<StmntSeq Intrnl_Id="75">
<LocList>
<Loc EndOffset="3374" SrcFileId="1" StartOffset="3353"/>
<Loc EndOffset="3415" SrcFileId="1" StartOffset="3378"/>
</LocList>
<BasicStmnt CovItemId="S40" CovItemPrefix="TestUnit.ClassDetailsTests.java" Intrnl_Id="76">
<LocList>
<Loc EndOffset="3374" SrcFileId="1" StartOffset="3353"/>
</LocList>
</BasicStmnt>
<BasicStmnt CovItemId="S41" CovItemPrefix="TestUnit.ClassDetailsTests.java" Intrnl_Id="77">
<LocList>
<Loc EndOffset="3415" SrcFileId="1" StartOffset="3378"/>
</LocList>
</BasicStmnt>
</StmntSeq>
</HierarchyLvl>
<HierarchyLvl HierarchyLvlId="110" HierarchyLvlTypeId="4" Intrnl_Id="78" Name="testSetCampus2">
<Header>
<Loc EndOffset="3461" SrcFileId="1" StartOffset="3425"/>
</Header>
<LocList>
<Loc EndOffset="3527" SrcFileId="1" StartOffset="3425"/>
</LocList>
<StmntSeq Intrnl_Id="79">
<LocList>
<Loc EndOffset="3485" SrcFileId="1" StartOffset="3467"/>
<Loc EndOffset="3523" SrcFileId="1" StartOffset="3489"/>
</LocList>
<BasicStmnt CovItemId="S42" CovItemPrefix="TestUnit.ClassDetailsTests.java" Intrnl_Id="80">
<LocList>
<Loc EndOffset="3485" SrcFileId="1" StartOffset="3467"/>
</LocList>
</BasicStmnt>
<BasicStmnt CovItemId="S43" CovItemPrefix="TestUnit.ClassDetailsTests.java" Intrnl_Id="81">
<LocList>
<Loc EndOffset="3523" SrcFileId="1" StartOffset="3489"/>
</LocList>
</BasicStmnt>
</StmntSeq>
</HierarchyLvl>
<HierarchyLvl HierarchyLvlId="111" HierarchyLvlTypeId="4" Intrnl_Id="82" Name="testGetCampus">
<Header>
<Loc EndOffset="3568" SrcFileId="1" StartOffset="3533"/>
</Header>
<LocList>
<Loc EndOffset="3640" SrcFileId="1" StartOffset="3533"/>
</LocList>
<StmntSeq Intrnl_Id="83">
<LocList>
<Loc EndOffset="3595" SrcFileId="1" StartOffset="3574"/>
<Loc EndOffset="3636" SrcFileId="1" StartOffset="3599"/>
</LocList>
<BasicStmnt CovItemId="S44" CovItemPrefix="TestUnit.ClassDetailsTests.java" Intrnl_Id="84">
<LocList>
<Loc EndOffset="3595" SrcFileId="1" StartOffset="3574"/>
</LocList>
</BasicStmnt>
<BasicStmnt CovItemId="S45" CovItemPrefix="TestUnit.ClassDetailsTests.java" Intrnl_Id="85">
<LocList>
<Loc EndOffset="3636" SrcFileId="1" StartOffset="3599"/>
</LocList>
</BasicStmnt>
</StmntSeq>
</HierarchyLvl>
<HierarchyLvl HierarchyLvlId="112" HierarchyLvlTypeId="4" Intrnl_Id="86" Name="testGetInstructor">
<Header>
<Loc EndOffset="3685" SrcFileId="1" StartOffset="3646"/>
</Header>
<LocList>
<Loc EndOffset="3736" SrcFileId="1" StartOffset="3646"/>
</LocList>
<StmntSeq Intrnl_Id="87">
<LocList>
<Loc EndOffset="3732" SrcFileId="1" StartOffset="3691"/>
</LocList>
<BasicStmnt CovItemId="S46" CovItemPrefix="TestUnit.ClassDetailsTests.java" Intrnl_Id="88">
<LocList>
<Loc EndOffset="3732" SrcFileId="1" StartOffset="3691"/>
</LocList>
</BasicStmnt>
</StmntSeq>
</HierarchyLvl>
<HierarchyLvl HierarchyLvlId="113" HierarchyLvlTypeId="4" Intrnl_Id="89" Name="testSetTime">
<Header>
<Loc EndOffset="3776" SrcFileId="1" StartOffset="3742"/>
</Header>
<LocList>
<Loc EndOffset="3965" SrcFileId="1" StartOffset="3742"/>
</LocList>
<StmntSeq Intrnl_Id="90">
<LocList>
<Loc EndOffset="3817" SrcFileId="1" StartOffset="3782"/>
<Loc EndOffset="3875" SrcFileId="1" StartOffset="3821"/>
<Loc EndOffset="3903" SrcFileId="1" StartOffset="3879"/>
<Loc EndOffset="3961" SrcFileId="1" StartOffset="3907"/>
</LocList>
<BasicStmnt CovItemId="S47" CovItemPrefix="TestUnit.ClassDetailsTests.java" Intrnl_Id="91">
<LocList>
<Loc EndOffset="3817" SrcFileId="1" StartOffset="3782"/>
</LocList>
</BasicStmnt>
<BasicStmnt CovItemId="S48" CovItemPrefix="TestUnit.ClassDetailsTests.java" Intrnl_Id="92">
<LocList>
<Loc EndOffset="3875" SrcFileId="1" StartOffset="3821"/>
</LocList>
</BasicStmnt>
<BasicStmnt CovItemId="S49" CovItemPrefix="TestUnit.ClassDetailsTests.java" Intrnl_Id="93">
<LocList>
<Loc EndOffset="3903" SrcFileId="1" StartOffset="3879"/>
</LocList>
</BasicStmnt>
<BasicStmnt CovItemId="S50" CovItemPrefix="TestUnit.ClassDetailsTests.java" Intrnl_Id="94">
<LocList>
<Loc EndOffset="3961" SrcFileId="1" StartOffset="3907"/>
</LocList>
</BasicStmnt>
</StmntSeq>
</HierarchyLvl>
<HierarchyLvl HierarchyLvlId="114" HierarchyLvlTypeId="4" Intrnl_Id="95" Name="testGetTime">
<Header>
<Loc EndOffset="4004" SrcFileId="1" StartOffset="3971"/>
</Header>
<LocList>
<Loc EndOffset="4193" SrcFileId="1" StartOffset="3971"/>
</LocList>
<StmntSeq Intrnl_Id="96">
<LocList>
<Loc EndOffset="4045" SrcFileId="1" StartOffset="4010"/>
<Loc EndOffset="4103" SrcFileId="1" StartOffset="4049"/>
<Loc EndOffset="4131" SrcFileId="1" StartOffset="4107"/>
<Loc EndOffset="4189" SrcFileId="1" StartOffset="4135"/>
</LocList>
<BasicStmnt CovItemId="S51" CovItemPrefix="TestUnit.ClassDetailsTests.java" Intrnl_Id="97">
<LocList>
<Loc EndOffset="4045" SrcFileId="1" StartOffset="4010"/>
</LocList>
</BasicStmnt>
<BasicStmnt CovItemId="S52" CovItemPrefix="TestUnit.ClassDetailsTests.java" Intrnl_Id="98">
<LocList>
<Loc EndOffset="4103" SrcFileId="1" StartOffset="4049"/>
</LocList>
</BasicStmnt>
<BasicStmnt CovItemId="S53" CovItemPrefix="TestUnit.ClassDetailsTests.java" Intrnl_Id="99">
<LocList>
<Loc EndOffset="4131" SrcFileId="1" StartOffset="4107"/>
</LocList>
</BasicStmnt>
<BasicStmnt CovItemId="S54" CovItemPrefix="TestUnit.ClassDetailsTests.java" Intrnl_Id="100">
<LocList>
<Loc EndOffset="4189" SrcFileId="1" StartOffset="4135"/>
</LocList>
</BasicStmnt>
</StmntSeq>
</HierarchyLvl>
<HierarchyLvl HierarchyLvlId="115" HierarchyLvlTypeId="4" Intrnl_Id="101" Name="testGetDays">
<Header>
<Loc EndOffset="4235" SrcFileId="1" StartOffset="4202"/>
</Header>
<LocList>
<Loc EndOffset="4383" SrcFileId="1" StartOffset="4202"/>
</LocList>
<StmntSeq Intrnl_Id="102">
<LocList>
<Loc EndOffset="4276" SrcFileId="1" StartOffset="4241"/>
<Loc EndOffset="4308" SrcFileId="1" StartOffset="4280"/>
<Loc EndOffset="4336" SrcFileId="1" StartOffset="4312"/>
<Loc EndOffset="4379" SrcFileId="1" StartOffset="4340"/>
</LocList>
<BasicStmnt CovItemId="S55" CovItemPrefix="TestUnit.ClassDetailsTests.java" Intrnl_Id="103">
<LocList>
<Loc EndOffset="4276" SrcFileId="1" StartOffset="4241"/>
</LocList>
</BasicStmnt>
<BasicStmnt CovItemId="S56" CovItemPrefix="TestUnit.ClassDetailsTests.java" Intrnl_Id="104">
<LocList>
<Loc EndOffset="4308" SrcFileId="1" StartOffset="4280"/>
</LocList>
</BasicStmnt>
<BasicStmnt CovItemId="S57" CovItemPrefix="TestUnit.ClassDetailsTests.java" Intrnl_Id="105">
<LocList>
<Loc EndOffset="4336" SrcFileId="1" StartOffset="4312"/>
</LocList>
</BasicStmnt>
<BasicStmnt CovItemId="S58" CovItemPrefix="TestUnit.ClassDetailsTests.java" Intrnl_Id="106">
<LocList>
<Loc EndOffset="4379" SrcFileId="1" StartOffset="4340"/>
</LocList>
</BasicStmnt>
</StmntSeq>
</HierarchyLvl>
<HierarchyLvl HierarchyLvlId="116" HierarchyLvlTypeId="4" Intrnl_Id="107" Name="testIsAtDay1">
<Header>
<Loc EndOffset="4423" SrcFileId="1" StartOffset="4389"/>
</Header>
<LocList>
<Loc EndOffset="4649" SrcFileId="1" StartOffset="4389"/>
</LocList>
<StmntSeq Intrnl_Id="108">
<LocList>
<Loc EndOffset="4464" SrcFileId="1" StartOffset="4429"/>
<Loc EndOffset="4492" SrcFileId="1" StartOffset="4468"/>
<Loc EndOffset="4524" SrcFileId="1" StartOffset="4496"/>
<Loc EndOffset="4645" SrcFileId="1" StartOffset="4610"/>
</LocList>
<BasicStmnt CovItemId="S59" CovItemPrefix="TestUnit.ClassDetailsTests.java" Intrnl_Id="109">
<LocList>
<Loc EndOffset="4464" SrcFileId="1" StartOffset="4429"/>
</LocList>
</BasicStmnt>
<BasicStmnt CovItemId="S60" CovItemPrefix="TestUnit.ClassDetailsTests.java" Intrnl_Id="110">
<LocList>
<Loc EndOffset="4492" SrcFileId="1" StartOffset="4468"/>
</LocList>
</BasicStmnt>
<BasicStmnt CovItemId="S61" CovItemPrefix="TestUnit.ClassDetailsTests.java" Intrnl_Id="111">
<LocList>
<Loc EndOffset="4524" SrcFileId="1" StartOffset="4496"/>
</LocList>
</BasicStmnt>
<BasicStmnt CovItemId="S62" CovItemPrefix="TestUnit.ClassDetailsTests.java" Intrnl_Id="112">
<LocList>
<Loc EndOffset="4645" SrcFileId="1" StartOffset="4610"/>
</LocList>
</BasicStmnt>
</StmntSeq>
</HierarchyLvl>
<HierarchyLvl HierarchyLvlId="117" HierarchyLvlTypeId="4" Intrnl_Id="113" Name="testIsAtDay2">
<Header>
<Loc EndOffset="4689" SrcFileId="1" StartOffset="4655"/>
</Header>
<LocList>
<Loc EndOffset="4916" SrcFileId="1" StartOffset="4655"/>
</LocList>
<StmntSeq Intrnl_Id="114">
<LocList>
<Loc EndOffset="4730" SrcFileId="1" StartOffset="4695"/>
<Loc EndOffset="4758" SrcFileId="1" StartOffset="4734"/>
<Loc EndOffset="4790" SrcFileId="1" StartOffset="4762"/>
<Loc EndOffset="4912" SrcFileId="1" StartOffset="4876"/>
</LocList>
<BasicStmnt CovItemId="S63" CovItemPrefix="TestUnit.ClassDetailsTests.java" Intrnl_Id="115">
<LocList>
<Loc EndOffset="4730" SrcFileId="1" StartOffset="4695"/>
</LocList>
</BasicStmnt>
<BasicStmnt CovItemId="S64" CovItemPrefix="TestUnit.ClassDetailsTests.java" Intrnl_Id="116">
<LocList>
<Loc EndOffset="4758" SrcFileId="1" StartOffset="4734"/>
</LocList>
</BasicStmnt>
<BasicStmnt CovItemId="S65" CovItemPrefix="TestUnit.ClassDetailsTests.java" Intrnl_Id="117">
<LocList>
<Loc EndOffset="4790" SrcFileId="1" StartOffset="4762"/>
</LocList>
</BasicStmnt>
<BasicStmnt CovItemId="S66" CovItemPrefix="TestUnit.ClassDetailsTests.java" Intrnl_Id="118">
<LocList>
<Loc EndOffset="4912" SrcFileId="1" StartOffset="4876"/>
</LocList>
</BasicStmnt>
</StmntSeq>
</HierarchyLvl>
<HierarchyLvl HierarchyLvlId="118" HierarchyLvlTypeId="4" Intrnl_Id="119" Name="testIsAtTime1">
<Header>
<Loc EndOffset="4957" SrcFileId="1" StartOffset="4922"/>
</Header>
<LocList>
<Loc EndOffset="5122" SrcFileId="1" StartOffset="4922"/>
</LocList>
<StmntSeq Intrnl_Id="120">
<LocList>
<Loc EndOffset="4998" SrcFileId="1" StartOffset="4963"/>
<Loc EndOffset="5023" SrcFileId="1" StartOffset="5002"/>
<Loc EndOffset="5048" SrcFileId="1" StartOffset="5027"/>
<Loc EndOffset="5076" SrcFileId="1" StartOffset="5052"/>
<Loc EndOffset="5118" SrcFileId="1" StartOffset="5080"/>
</LocList>
<BasicStmnt CovItemId="S67" CovItemPrefix="TestUnit.ClassDetailsTests.java" Intrnl_Id="121">
<LocList>
<Loc EndOffset="4998" SrcFileId="1" StartOffset="4963"/>
</LocList>
</BasicStmnt>
<BasicStmnt CovItemId="S68" CovItemPrefix="TestUnit.ClassDetailsTests.java" Intrnl_Id="122">
<LocList>
<Loc EndOffset="5023" SrcFileId="1" StartOffset="5002"/>
</LocList>
</BasicStmnt>
<BasicStmnt CovItemId="S69" CovItemPrefix="TestUnit.ClassDetailsTests.java" Intrnl_Id="123">
<LocList>
<Loc EndOffset="5048" SrcFileId="1" StartOffset="5027"/>
</LocList>
</BasicStmnt>
<BasicStmnt CovItemId="S70" CovItemPrefix="TestUnit.ClassDetailsTests.java" Intrnl_Id="124">
<LocList>
<Loc EndOffset="5076" SrcFileId="1" StartOffset="5052"/>
</LocList>
</BasicStmnt>
<BasicStmnt CovItemId="S71" CovItemPrefix="TestUnit.ClassDetailsTests.java" Intrnl_Id="125">
<LocList>
<Loc EndOffset="5118" SrcFileId="1" StartOffset="5080"/>
</LocList>
</BasicStmnt>
</StmntSeq>
</HierarchyLvl>
<HierarchyLvl HierarchyLvlId="119" HierarchyLvlTypeId="4" Intrnl_Id="126" Name="testIsAtTime2">
<Header>
<Loc EndOffset="5163" SrcFileId="1" StartOffset="5128"/>
</Header>
<LocList>
<Loc EndOffset="5327" SrcFileId="1" StartOffset="5128"/>
</LocList>
<StmntSeq Intrnl_Id="127">
<LocList>
<Loc EndOffset="5204" SrcFileId="1" StartOffset="5169"/>
<Loc EndOffset="5229" SrcFileId="1" StartOffset="5208"/>
<Loc EndOffset="5254" SrcFileId="1" StartOffset="5233"/>
<Loc EndOffset="5282" SrcFileId="1" StartOffset="5258"/>
<Loc EndOffset="5323" SrcFileId="1" StartOffset="5286"/>
</LocList>
<BasicStmnt CovItemId="S72" CovItemPrefix="TestUnit.ClassDetailsTests.java" Intrnl_Id="128">
<LocList>
<Loc EndOffset="5204" SrcFileId="1" StartOffset="5169"/>
</LocList>
</BasicStmnt>
<BasicStmnt CovItemId="S73" CovItemPrefix="TestUnit.ClassDetailsTests.java" Intrnl_Id="129">
<LocList>
<Loc EndOffset="5229" SrcFileId="1" StartOffset="5208"/>
</LocList>
</BasicStmnt>
<BasicStmnt CovItemId="S74" CovItemPrefix="TestUnit.ClassDetailsTests.java" Intrnl_Id="130">
<LocList>
<Loc EndOffset="5254" SrcFileId="1" StartOffset="5233"/>
</LocList>
</BasicStmnt>
<BasicStmnt CovItemId="S75" CovItemPrefix="TestUnit.ClassDetailsTests.java" Intrnl_Id="131">
<LocList>
<Loc EndOffset="5282" SrcFileId="1" StartOffset="5258"/>
</LocList>
</BasicStmnt>
<BasicStmnt CovItemId="S76" CovItemPrefix="TestUnit.ClassDetailsTests.java" Intrnl_Id="132">
<LocList>
<Loc EndOffset="5323" SrcFileId="1" StartOffset="5286"/>
</LocList>
</BasicStmnt>
</StmntSeq>
</HierarchyLvl>
<HierarchyLvl HierarchyLvlId="120" HierarchyLvlTypeId="4" Intrnl_Id="133" Name="testToString">
<Header>
<Loc EndOffset="5367" SrcFileId="1" StartOffset="5333"/>
</Header>
<LocList>
<Loc EndOffset="5730" SrcFileId="1" StartOffset="5333"/>
</LocList>
<StmntSeq Intrnl_Id="134">
<LocList>
<Loc EndOffset="5429" SrcFileId="1" StartOffset="5373"/>
<Loc EndOffset="5481" SrcFileId="1" StartOffset="5433"/>
<Loc EndOffset="5506" SrcFileId="1" StartOffset="5485"/>
<Loc EndOffset="5531" SrcFileId="1" StartOffset="5510"/>
<Loc EndOffset="5559" SrcFileId="1" StartOffset="5535"/>
<Loc EndOffset="5591" SrcFileId="1" StartOffset="5563"/>
<Loc EndOffset="5616" SrcFileId="1" StartOffset="5595"/>
<Loc EndOffset="5726" SrcFileId="1" StartOffset="5655"/>
</LocList>
<BasicStmnt CovItemId="S77" CovItemPrefix="TestUnit.ClassDetailsTests.java" Intrnl_Id="135">
<LocList>
<Loc EndOffset="5429" SrcFileId="1" StartOffset="5373"/>
</LocList>
</BasicStmnt>
<BasicStmnt CovItemId="S78" CovItemPrefix="TestUnit.ClassDetailsTests.java" Intrnl_Id="136">
<LocList>
<Loc EndOffset="5481" SrcFileId="1" StartOffset="5433"/>
</LocList>
</BasicStmnt>
<BasicStmnt CovItemId="S79" CovItemPrefix="TestUnit.ClassDetailsTests.java" Intrnl_Id="137">
<LocList>
<Loc EndOffset="5506" SrcFileId="1" StartOffset="5485"/>
</LocList>
</BasicStmnt>
<BasicStmnt CovItemId="S80" CovItemPrefix="TestUnit.ClassDetailsTests.java" Intrnl_Id="138">
<LocList>
<Loc EndOffset="5531" SrcFileId="1" StartOffset="5510"/>
</LocList>
</BasicStmnt>
<BasicStmnt CovItemId="S81" CovItemPrefix="TestUnit.ClassDetailsTests.java" Intrnl_Id="139">
<LocList>
<Loc EndOffset="5559" SrcFileId="1" StartOffset="5535"/>
</LocList>
</BasicStmnt>
<BasicStmnt CovItemId="S82" CovItemPrefix="TestUnit.ClassDetailsTests.java" Intrnl_Id="140">
<LocList>
<Loc EndOffset="5591" SrcFileId="1" StartOffset="5563"/>
</LocList>
</BasicStmnt>
<BasicStmnt CovItemId="S83" CovItemPrefix="TestUnit.ClassDetailsTests.java" Intrnl_Id="141">
<LocList>
<Loc EndOffset="5616" SrcFileId="1" StartOffset="5595"/>
</LocList>
</BasicStmnt>
<BasicStmnt CovItemId="S84" CovItemPrefix="TestUnit.ClassDetailsTests.java" Intrnl_Id="142">
<LocList>
<Loc EndOffset="5726" SrcFileId="1" StartOffset="5655"/>
</LocList>
</BasicStmnt>
</StmntSeq>
</HierarchyLvl>
<HierarchyLvl HierarchyLvlId="121" HierarchyLvlTypeId="4" Intrnl_Id="143" Name="testSetCourse">
<Header>
<Loc EndOffset="5771" SrcFileId="1" StartOffset="5736"/>
</Header>
<LocList>
<Loc EndOffset="5906" SrcFileId="1" StartOffset="5736"/>
</LocList>
<StmntSeq Intrnl_Id="144">
<LocList>
<Loc EndOffset="5825" SrcFileId="1" StartOffset="5777"/>
<Loc EndOffset="5857" SrcFileId="1" StartOffset="5829"/>
<Loc EndOffset="5902" SrcFileId="1" StartOffset="5861"/>
</LocList>
<BasicStmnt CovItemId="S85" CovItemPrefix="TestUnit.ClassDetailsTests.java" Intrnl_Id="145">
<LocList>
<Loc EndOffset="5825" SrcFileId="1" StartOffset="5777"/>
</LocList>
</BasicStmnt>
<BasicStmnt CovItemId="S86" CovItemPrefix="TestUnit.ClassDetailsTests.java" Intrnl_Id="146">
<LocList>
<Loc EndOffset="5857" SrcFileId="1" StartOffset="5829"/>
</LocList>
</BasicStmnt>
<BasicStmnt CovItemId="S87" CovItemPrefix="TestUnit.ClassDetailsTests.java" Intrnl_Id="147">
<LocList>
<Loc EndOffset="5902" SrcFileId="1" StartOffset="5861"/>
</LocList>
</BasicStmnt>
</StmntSeq>
</HierarchyLvl>
<HierarchyLvl HierarchyLvlId="122" HierarchyLvlTypeId="4" Intrnl_Id="148" Name="testGetCourse">
<Header>
<Loc EndOffset="5947" SrcFileId="1" StartOffset="5912"/>
</Header>
<LocList>
<Loc EndOffset="6138" SrcFileId="1" StartOffset="5912"/>
</LocList>
<StmntSeq Intrnl_Id="149">
<LocList>
<Loc EndOffset="5997" SrcFileId="1" StartOffset="5956"/>
<Loc EndOffset="6053" SrcFileId="1" StartOffset="6001"/>
<Loc EndOffset="6085" SrcFileId="1" StartOffset="6057"/>
<Loc EndOffset="6130" SrcFileId="1" StartOffset="6089"/>
</LocList>
<BasicStmnt CovItemId="S88" CovItemPrefix="TestUnit.ClassDetailsTests.java" Intrnl_Id="150">
<LocList>
<Loc EndOffset="5997" SrcFileId="1" StartOffset="5956"/>
</LocList>
</BasicStmnt>
<BasicStmnt CovItemId="S89" CovItemPrefix="TestUnit.ClassDetailsTests.java" Intrnl_Id="151">
<LocList>
<Loc EndOffset="6053" SrcFileId="1" StartOffset="6001"/>
</LocList>
</BasicStmnt>
<BasicStmnt CovItemId="S90" CovItemPrefix="TestUnit.ClassDetailsTests.java" Intrnl_Id="152">
<LocList>
<Loc EndOffset="6085" SrcFileId="1" StartOffset="6057"/>
</LocList>
</BasicStmnt>
<BasicStmnt CovItemId="S91" CovItemPrefix="TestUnit.ClassDetailsTests.java" Intrnl_Id="153">
<LocList>
<Loc EndOffset="6130" SrcFileId="1" StartOffset="6089"/>
</LocList>
</BasicStmnt>
</StmntSeq>
</HierarchyLvl>
<HierarchyLvl HierarchyLvlId="123" HierarchyLvlTypeId="4" Intrnl_Id="154" Name="testSetClassNbr">
<Header>
<Loc EndOffset="6181" SrcFileId="1" StartOffset="6144"/>
</Header>
<LocList>
<Loc EndOffset="6190" SrcFileId="1" StartOffset="6144"/>
</LocList>
</HierarchyLvl>
</HierarchyLvl>
<HierarchyLvl HierarchyLvlId="141" HierarchyLvlTypeId="5" Intrnl_Id="155" Name="ClassDetails">
<Header>
<Loc EndOffset="256" SrcFileId="2" StartOffset="231"/>
</Header>
<LocList>
<Loc EndOffset="4831" SrcFileId="2" StartOffset="231"/>
</LocList>
<HierarchyLvl HierarchyLvlId="125" HierarchyLvlTypeId="4" Intrnl_Id="156" Name="ClassDetails">
<Header>
<Loc EndOffset="510" SrcFileId="2" StartOffset="489"/>
</Header>
<LocList>
<Loc EndOffset="521" SrcFileId="2" StartOffset="489"/>
</LocList>
</HierarchyLvl>
<HierarchyLvl HierarchyLvlId="126" HierarchyLvlTypeId="4" Intrnl_Id="157" Name="getTerm">
<Header>
<Loc EndOffset="552" SrcFileId="2" StartOffset="529"/>
</Header>
<LocList>
<Loc EndOffset="580" SrcFileId="2" StartOffset="529"/>
</LocList>
<StmntSeq Intrnl_Id="158">
<LocList>
<Loc EndOffset="573" SrcFileId="2" StartOffset="561"/>
</LocList>
<BasicStmnt CovItemId="S1" CovItemPrefix="TestUnit.ClassDetails.java" Intrnl_Id="159">
<LocList>
<Loc EndOffset="573" SrcFileId="2" StartOffset="561"/>
</LocList>
</BasicStmnt>
</StmntSeq>
</HierarchyLvl>
<HierarchyLvl HierarchyLvlId="127" HierarchyLvlTypeId="4" Intrnl_Id="160" Name="setTerm">
<Header>
<Loc EndOffset="624" SrcFileId="2" StartOffset="592"/>
</Header>
<LocList>
<Loc EndOffset="660" SrcFileId="2" StartOffset="592"/>
</LocList>
<StmntSeq Intrnl_Id="161">
<LocList>
<Loc EndOffset="653" SrcFileId="2" StartOffset="636"/>
</LocList>
<BasicStmnt CovItemId="S2" CovItemPrefix="TestUnit.ClassDetails.java" Intrnl_Id="162">
<LocList>
<Loc EndOffset="653" SrcFileId="2" StartOffset="636"/>
</LocList>
</BasicStmnt>
</StmntSeq>
</HierarchyLvl>
<HierarchyLvl HierarchyLvlId="128" HierarchyLvlTypeId="4" Intrnl_Id="163" Name="setCampus">
<Header>
<Loc EndOffset="708" SrcFileId="2" StartOffset="672"/>
</Header>
<LocList>
<Loc EndOffset="748" SrcFileId="2" StartOffset="672"/>
</LocList>
<StmntSeq Intrnl_Id="164">
<LocList>
<Loc EndOffset="741" SrcFileId="2" StartOffset="720"/>
</LocList>
<BasicStmnt CovItemId="S3" CovItemPrefix="TestUnit.ClassDetails.java" Intrnl_Id="165">
<LocList>
<Loc EndOffset="741" SrcFileId="2" StartOffset="720"/>
</LocList>
</BasicStmnt>
</StmntSeq>
</HierarchyLvl>
<HierarchyLvl HierarchyLvlId="129" HierarchyLvlTypeId="4" Intrnl_Id="166" Name="getCampus">
<Header>
<Loc EndOffset="781" SrcFileId="2" StartOffset="756"/>
</Header>
<LocList>
<Loc EndOffset="811" SrcFileId="2" StartOffset="756"/>
</LocList>
<StmntSeq Intrnl_Id="167">
<LocList>
<Loc EndOffset="804" SrcFileId="2" StartOffset="790"/>
</LocList>
<BasicStmnt CovItemId="S4" CovItemPrefix="TestUnit.ClassDetails.java" Intrnl_Id="168">
<LocList>
<Loc EndOffset="804" SrcFileId="2" StartOffset="790"/>
</LocList>
</BasicStmnt>
</StmntSeq>
</HierarchyLvl>
<HierarchyLvl HierarchyLvlId="130" HierarchyLvlTypeId="4" Intrnl_Id="169" Name="ClassDetails">
<Header>
<Loc EndOffset="868" SrcFileId="2" StartOffset="817"/>
</Header>
<LocList>
<Loc EndOffset="943" SrcFileId="2" StartOffset="817"/>
</LocList>
<StmntSeq Intrnl_Id="170">
<LocList>
<Loc EndOffset="901" SrcFileId="2" StartOffset="880"/>
<Loc EndOffset="936" SrcFileId="2" StartOffset="911"/>
</LocList>
<BasicStmnt CovItemId="S5" CovItemPrefix="TestUnit.ClassDetails.java" Intrnl_Id="171">
<LocList>
<Loc EndOffset="901" SrcFileId="2" StartOffset="880"/>
</LocList>
</BasicStmnt>
<BasicStmnt CovItemId="S6" CovItemPrefix="TestUnit.ClassDetails.java" Intrnl_Id="172">
<LocList>
<Loc EndOffset="936" SrcFileId="2" StartOffset="911"/>
</LocList>
</BasicStmnt>
</StmntSeq>
</HierarchyLvl>
<HierarchyLvl HierarchyLvlId="131" HierarchyLvlTypeId="4" Intrnl_Id="173" Name="getInstructor">
<Header>
<Loc EndOffset="983" SrcFileId="2" StartOffset="951"/>
</Header>
<LocList>
<Loc EndOffset="1014" SrcFileId="2" StartOffset="951"/>
</LocList>
<StmntSeq Intrnl_Id="174">
<LocList>
<Loc EndOffset="1007" SrcFileId="2" StartOffset="995"/>
</LocList>
<BasicStmnt CovItemId="S7" CovItemPrefix="TestUnit.ClassDetails.java" Intrnl_Id="175">
<LocList>
<Loc EndOffset="1007" SrcFileId="2" StartOffset="995"/>
</LocList>
</BasicStmnt>
</StmntSeq>
</HierarchyLvl>
<HierarchyLvl HierarchyLvlId="132" HierarchyLvlTypeId="4" Intrnl_Id="176" Name="hasConflict">
<Header>
<Loc EndOffset="1065" SrcFileId="2" StartOffset="1022"/>
</Header>
<LocList>
<Loc EndOffset="3548" SrcFileId="2" StartOffset="1022"/>
</LocList>
<StmntSeq Intrnl_Id="177">
<LocList>
<Loc EndOffset="1097" SrcFileId="2" StartOffset="1077"/>
<Loc EndOffset="1130" SrcFileId="2" StartOffset="1107"/>
<Loc EndOffset="1191" SrcFileId="2" StartOffset="1165"/>
<Loc EndOffset="1227" SrcFileId="2" StartOffset="1201"/>
<Loc EndOffset="1342" SrcFileId="2" StartOffset="1313"/>
<Loc EndOffset="1381" SrcFileId="2" StartOffset="1352"/>
<Loc EndOffset="1421" SrcFileId="2" StartOffset="1391"/>
<Loc EndOffset="1447" SrcFileId="2" StartOffset="1431"/>
<Loc EndOffset="1474" SrcFileId="2" StartOffset="1457"/>
<Loc EndOffset="1500" SrcFileId="2" StartOffset="1484"/>
<Loc EndOffset="1528" SrcFileId="2" StartOffset="1510"/>
<Loc EndOffset="1554" SrcFileId="2" StartOffset="1538"/>
<Loc EndOffset="1580" SrcFileId="2" StartOffset="1564"/>
<Loc EndOffset="1606" SrcFileId="2" StartOffset="1590"/>
<Loc EndOffset="1822" SrcFileId="2" StartOffset="1618"/>
<Loc EndOffset="2038" SrcFileId="2" StartOffset="1834"/>
<Loc EndOffset="2085" SrcFileId="2" StartOffset="2048"/>
<Loc EndOffset="2132" SrcFileId="2" StartOffset="2095"/>
<Loc EndOffset="3516" SrcFileId="2" StartOffset="2142"/>
<Loc EndOffset="3541" SrcFileId="2" StartOffset="3528"/>
</LocList>
<BasicStmnt CovItemId="S8" CovItemPrefix="TestUnit.ClassDetails.java" Intrnl_Id="178">
<LocList>
<Loc EndOffset="1097" SrcFileId="2" StartOffset="1077"/>
</LocList>
</BasicStmnt>
<BasicStmnt CovItemId="S9" CovItemPrefix="TestUnit.ClassDetails.java" Intrnl_Id="179">
<LocList>
<Loc EndOffset="1130" SrcFileId="2" StartOffset="1107"/>
</LocList>
</BasicStmnt>
<BasicStmnt CovItemId="S10" CovItemPrefix="TestUnit.ClassDetails.java" Intrnl_Id="180">
<LocList>
<Loc EndOffset="1191" SrcFileId="2" StartOffset="1165"/>
</LocList>
</BasicStmnt>
<BasicStmnt CovItemId="S11" CovItemPrefix="TestUnit.ClassDetails.java" Intrnl_Id="181">
<LocList>
<Loc EndOffset="1227" SrcFileId="2" StartOffset="1201"/>
</LocList>
</BasicStmnt>
<BasicStmnt CovItemId="S12" CovItemPrefix="TestUnit.ClassDetails.java" Intrnl_Id="182">
<LocList>
<Loc EndOffset="1342" SrcFileId="2" StartOffset="1313"/>
</LocList>
</BasicStmnt>
<BasicStmnt CovItemId="S13" CovItemPrefix="TestUnit.ClassDetails.java" Intrnl_Id="183">
<LocList>
<Loc EndOffset="1381" SrcFileId="2" StartOffset="1352"/>
</LocList>
</BasicStmnt>
<BasicStmnt CovItemId="S14" CovItemPrefix="TestUnit.ClassDetails.java" Intrnl_Id="184">
<LocList>
<Loc EndOffset="1421" SrcFileId="2" StartOffset="1391"/>
</LocList>
</BasicStmnt>
<BasicStmnt CovItemId="S15" CovItemPrefix="TestUnit.ClassDetails.java" Intrnl_Id="185">
<LocList>
<Loc EndOffset="1447" SrcFileId="2" StartOffset="1431"/>
</LocList>
</BasicStmnt>
<BasicStmnt CovItemId="S16" CovItemPrefix="TestUnit.ClassDetails.java" Intrnl_Id="186">
<LocList>
<Loc EndOffset="1474" SrcFileId="2" StartOffset="1457"/>
</LocList>
</BasicStmnt>
<BasicStmnt CovItemId="S17" CovItemPrefix="TestUnit.ClassDetails.java" Intrnl_Id="187">
<LocList>
<Loc EndOffset="1500" SrcFileId="2" StartOffset="1484"/>
</LocList>
</BasicStmnt>
<BasicStmnt CovItemId="S18" CovItemPrefix="TestUnit.ClassDetails.java" Intrnl_Id="188">
<LocList>
<Loc EndOffset="1528" SrcFileId="2" StartOffset="1510"/>
</LocList>
</BasicStmnt>
<BasicStmnt CovItemId="S19" CovItemPrefix="TestUnit.ClassDetails.java" Intrnl_Id="189">
<LocList>
<Loc EndOffset="1554" SrcFileId="2" StartOffset="1538"/>
</LocList>
</BasicStmnt>
<BasicStmnt CovItemId="S20" CovItemPrefix="TestUnit.ClassDetails.java" Intrnl_Id="190">
<LocList>
<Loc EndOffset="1580" SrcFileId="2" StartOffset="1564"/>
</LocList>
</BasicStmnt>
<BasicStmnt CovItemId="S21" CovItemPrefix="TestUnit.ClassDetails.java" Intrnl_Id="191">
<LocList>
<Loc EndOffset="1606" SrcFileId="2" StartOffset="1590"/>
</LocList>
</BasicStmnt>
<LoopStmnt CovItemId="S22" CovItemPrefix="TestUnit.ClassDetails.java" Intrnl_Id="192" MltplExecId="L1-2" MltplExecPrefix="TestUnit.ClassDetails.java" NvrExecId="L1-0" NvrExecPrefix="TestUnit.ClassDetails.java" OnceExecutedId="L1-1" OnceExecutedPrefix="TestUnit.ClassDetails.java" OptBodyExec="true">
<StmntSeq Intrnl_Id="193">
<LocList>
<Loc EndOffset="1811" SrcFileId="2" StartOffset="1670"/>
</LocList>
<CondStmnt CovItemId="S23" CovItemPrefix="TestUnit.ClassDetails.java" Intrnl_Id="194">
<Branch CovItemId="B1" CovItemPrefix="TestUnit.ClassDetails.java" Implct="false" Intrnl_Id="195">
<Cond/>
<LocList>
<Loc EndOffset="1811" SrcFileId="2" StartOffset="1714"/>
</LocList>
<StmntSeq Intrnl_Id="196">
<LocList>
<Loc EndOffset="1766" SrcFileId="2" StartOffset="1733"/>
<Loc EndOffset="1796" SrcFileId="2" StartOffset="1784"/>
</LocList>
<BasicStmnt CovItemId="S24" CovItemPrefix="TestUnit.ClassDetails.java" Intrnl_Id="197">
<LocList>
<Loc EndOffset="1766" SrcFileId="2" StartOffset="1733"/>
</LocList>
</BasicStmnt>
<BasicStmnt CovItemId="S25" CovItemPrefix="TestUnit.ClassDetails.java" Intrnl_Id="198">
<LocList>
<Loc EndOffset="1796" SrcFileId="2" StartOffset="1784"/>
</LocList>
</BasicStmnt>
</StmntSeq>
</Branch>
<Branch CovItemId="B2" CovItemPrefix="TestUnit.ClassDetails.java" Implct="true" Intrnl_Id="199">
<Cond/>
<LocList/>
<StmntSeq Intrnl_Id="200">
<LocList/>
</StmntSeq>
</Branch>
<Keyword EndOffset="1672" SrcFileId="2" StartOffset="1670"/>
<LocList>
<Loc EndOffset="1811" SrcFileId="2" StartOffset="1670"/>
</LocList>
</CondStmnt>
</StmntSeq>
<Keyword EndOffset="1621" SrcFileId="2" StartOffset="1618"/>
<LocList>
<Loc EndOffset="1822" SrcFileId="2" StartOffset="1618"/>
</LocList>
</LoopStmnt>
<LoopStmnt CovItemId="S26" CovItemPrefix="TestUnit.ClassDetails.java" Intrnl_Id="201" MltplExecId="L2-2" MltplExecPrefix="TestUnit.ClassDetails.java" NvrExecId="L2-0" NvrExecPrefix="TestUnit.ClassDetails.java" OnceExecutedId="L2-1" OnceExecutedPrefix="TestUnit.ClassDetails.java" OptBodyExec="true">
<StmntSeq Intrnl_Id="202">
<LocList>
<Loc EndOffset="2027" SrcFileId="2" StartOffset="1886"/>
</LocList>
<CondStmnt CovItemId="S27" CovItemPrefix="TestUnit.ClassDetails.java" Intrnl_Id="203">
<Branch CovItemId="B3" CovItemPrefix="TestUnit.ClassDetails.java" Implct="false" Intrnl_Id="204">
<Cond/>
<LocList>
<Loc EndOffset="2027" SrcFileId="2" StartOffset="1930"/>
</LocList>
<StmntSeq Intrnl_Id="205">
<LocList>
<Loc EndOffset="1982" SrcFileId="2" StartOffset="1949"/>
<Loc EndOffset="2012" SrcFileId="2" StartOffset="2000"/>
</LocList>
<BasicStmnt CovItemId="S28" CovItemPrefix="TestUnit.ClassDetails.java" Intrnl_Id="206">
<LocList>
<Loc EndOffset="1982" SrcFileId="2" StartOffset="1949"/>
</LocList>
</BasicStmnt>
<BasicStmnt CovItemId="S29" CovItemPrefix="TestUnit.ClassDetails.java" Intrnl_Id="207">
<LocList>
<Loc EndOffset="2012" SrcFileId="2" StartOffset="2000"/>
</LocList>
</BasicStmnt>
</StmntSeq>
</Branch>
<Branch CovItemId="B4" CovItemPrefix="TestUnit.ClassDetails.java" Implct="true" Intrnl_Id="208">
<Cond/>
<LocList/>
<StmntSeq Intrnl_Id="209">
<LocList/>
</StmntSeq>
</Branch>
<Keyword EndOffset="1888" SrcFileId="2" StartOffset="1886"/>
<LocList>
<Loc EndOffset="2027" SrcFileId="2" StartOffset="1886"/>
</LocList>
</CondStmnt>
</StmntSeq>
<Keyword EndOffset="1837" SrcFileId="2" StartOffset="1834"/>
<LocList>
<Loc EndOffset="2038" SrcFileId="2" StartOffset="1834"/>
</LocList>
</LoopStmnt>
<BasicStmnt CovItemId="S30" CovItemPrefix="TestUnit.ClassDetails.java" Intrnl_Id="210">
<LocList>
<Loc EndOffset="2085" SrcFileId="2" StartOffset="2048"/>
</LocList>
</BasicStmnt>
<BasicStmnt CovItemId="S31" CovItemPrefix="TestUnit.ClassDetails.java" Intrnl_Id="211">
<LocList>
<Loc EndOffset="2132" SrcFileId="2" StartOffset="2095"/>
</LocList>
</BasicStmnt>
<LoopStmnt CovItemId="S32" CovItemPrefix="TestUnit.ClassDetails.java" Intrnl_Id="212" MltplExecId="L3-2" MltplExecPrefix="TestUnit.ClassDetails.java" NvrExecId="L3-0" NvrExecPrefix="TestUnit.ClassDetails.java" OnceExecutedId="L3-1" OnceExecutedPrefix="TestUnit.ClassDetails.java" OptBodyExec="true">
<StmntSeq Intrnl_Id="213">
<LocList>
<Loc EndOffset="2211" SrcFileId="2" StartOffset="2188"/>
<Loc EndOffset="3505" SrcFileId="2" StartOffset="2225"/>
</LocList>
<BasicStmnt CovItemId="S33" CovItemPrefix="TestUnit.ClassDetails.java" Intrnl_Id="214">
<LocList>
<Loc EndOffset="2211" SrcFileId="2" StartOffset="2188"/>
</LocList>
</BasicStmnt>
<LoopStmnt CovItemId="S34" CovItemPrefix="TestUnit.ClassDetails.java" Intrnl_Id="215" MltplExecId="L4-2" MltplExecPrefix="TestUnit.ClassDetails.java" NvrExecId="L4-0" NvrExecPrefix="TestUnit.ClassDetails.java" OnceExecutedId="L4-1" OnceExecutedPrefix="TestUnit.ClassDetails.java" OptBodyExec="true">
<StmntSeq Intrnl_Id="216">
<LocList>
<Loc EndOffset="2302" SrcFileId="2" StartOffset="2279"/>
<Loc EndOffset="3490" SrcFileId="2" StartOffset="2322"/>
</LocList>
<BasicStmnt CovItemId="S35" CovItemPrefix="TestUnit.ClassDetails.java" Intrnl_Id="217">
<LocList>
<Loc EndOffset="2302" SrcFileId="2" StartOffset="2279"/>
</LocList>
</BasicStmnt>
<CondStmnt CovItemId="S36" CovItemPrefix="TestUnit.ClassDetails.java" Intrnl_Id="218">
<Branch CovItemId="B5" CovItemPrefix="TestUnit.ClassDetails.java" Implct="false" Intrnl_Id="219">
<Cond/>
<LocList>
<Loc EndOffset="3490" SrcFileId="2" StartOffset="2358"/>
</LocList>
<StmntSeq Intrnl_Id="220">
<LocList>
<Loc EndOffset="3471" SrcFileId="2" StartOffset="2437"/>
</LocList>
<CondStmnt CovItemId="S37" CovItemPrefix="TestUnit.ClassDetails.java" Intrnl_Id="221">
<Branch CovItemId="B7" CovItemPrefix="TestUnit.ClassDetails.java" Implct="false" Intrnl_Id="222">
<Cond/>
<LocList>
<Loc EndOffset="2597" SrcFileId="2" StartOffset="2482"/>
</LocList>
<StmntSeq Intrnl_Id="223">
<LocList>
<Loc EndOffset="2574" SrcFileId="2" StartOffset="2509"/>
</LocList>
<CondStmnt CovItemId="S38" CovItemPrefix="TestUnit.ClassDetails.java" Intrnl_Id="224">
<Branch CovItemId="B9" CovItemPrefix="TestUnit.ClassDetails.java" Implct="false" Intrnl_Id="225">
<Cond/>
<LocList>
<Loc EndOffset="2574" SrcFileId="2" StartOffset="2562"/>
</LocList>
<StmntSeq Intrnl_Id="226">
<LocList>
<Loc EndOffset="2574" SrcFileId="2" StartOffset="2562"/>
</LocList>
<BasicStmnt CovItemId="S39" CovItemPrefix="TestUnit.ClassDetails.java" Intrnl_Id="227">
<LocList>
<Loc EndOffset="2574" SrcFileId="2" StartOffset="2562"/>
</LocList>
</BasicStmnt>
</StmntSeq>
</Branch>
<Branch CovItemId="B10" CovItemPrefix="TestUnit.ClassDetails.java" Implct="true" Intrnl_Id="228">
<Cond/>
<LocList/>
<StmntSeq Intrnl_Id="229">
<LocList/>
</StmntSeq>
</Branch>
<Keyword EndOffset="2511" SrcFileId="2" StartOffset="2509"/>
<LocList>
<Loc EndOffset="2574" SrcFileId="2" StartOffset="2509"/>
</LocList>
</CondStmnt>
</StmntSeq>
</Branch>
<Branch CovItemId="B8" CovItemPrefix="TestUnit.ClassDetails.java" Implct="false" Intrnl_Id="230">
<Cond>
<Loc EndOffset="2667" SrcFileId="2" StartOffset="2663"/>
</Cond>
<LocList>
<Loc EndOffset="3471" SrcFileId="2" StartOffset="2668"/>
</LocList>
<StmntSeq Intrnl_Id="231">
<LocList>
<Loc EndOffset="3471" SrcFileId="2" StartOffset="2668"/>
</LocList>
<CondStmnt CovItemId="S40" CovItemPrefix="TestUnit.ClassDetails.java" Intrnl_Id="232">
<Branch CovItemId="B11" CovItemPrefix="TestUnit.ClassDetails.java" Implct="false" Intrnl_Id="233">
<Cond/>
<LocList>
<Loc EndOffset="3033" SrcFileId="2" StartOffset="2712"/>
</LocList>
<StmntSeq Intrnl_Id="234">
<LocList>
<Loc EndOffset="3010" SrcFileId="2" StartOffset="2739"/>
</LocList>
<CondStmnt CovItemId="S41" CovItemPrefix="TestUnit.ClassDetails.java" Intrnl_Id="235">
<Branch CovItemId="B13" CovItemPrefix="TestUnit.ClassDetails.java" Implct="false" Intrnl_Id="236">
<Cond/>
<LocList>
<Loc EndOffset="2915" SrcFileId="2" StartOffset="2788"/>
</LocList>
<StmntSeq Intrnl_Id="237">
<LocList>
<Loc EndOffset="2888" SrcFileId="2" StartOffset="2819"/>
</LocList>
<CondStmnt CovItemId="S42" CovItemPrefix="TestUnit.ClassDetails.java" Intrnl_Id="238">
<Branch CovItemId="B15" CovItemPrefix="TestUnit.ClassDetails.java" Implct="false" Intrnl_Id="239">
<Cond/>
<LocList>
<Loc EndOffset="2888" SrcFileId="2" StartOffset="2876"/>
</LocList>
<StmntSeq Intrnl_Id="240">
<LocList>
<Loc EndOffset="2888" SrcFileId="2" StartOffset="2876"/>
</LocList>
<BasicStmnt CovItemId="S43" CovItemPrefix="TestUnit.ClassDetails.java" Intrnl_Id="241">
<LocList>
<Loc EndOffset="2888" SrcFileId="2" StartOffset="2876"/>
</LocList>
</BasicStmnt>
</StmntSeq>
</Branch>
<Branch CovItemId="B16" CovItemPrefix="TestUnit.ClassDetails.java" Implct="true" Intrnl_Id="242">
<Cond/>
<LocList/>
<StmntSeq Intrnl_Id="243">
<LocList/>
</StmntSeq>
</Branch>
<Keyword EndOffset="2821" SrcFileId="2" StartOffset="2819"/>
<LocList>
<Loc EndOffset="2888" SrcFileId="2" StartOffset="2819"/>
</LocList>
</CondStmnt>
</StmntSeq>
</Branch>
<Branch CovItemId="B14" CovItemPrefix="TestUnit.ClassDetails.java" Implct="false" Intrnl_Id="244">
<Cond>
<Loc EndOffset="2945" SrcFileId="2" StartOffset="2941"/>
</Cond>
<LocList>
<Loc EndOffset="3010" SrcFileId="2" StartOffset="2946"/>
</LocList>
<StmntSeq Intrnl_Id="245">
<LocList>
<Loc EndOffset="3010" SrcFileId="2" StartOffset="2946"/>
</LocList>
<CondStmnt CovItemId="S44" CovItemPrefix="TestUnit.ClassDetails.java" Intrnl_Id="246">
<Branch CovItemId="B17" CovItemPrefix="TestUnit.ClassDetails.java" Implct="false" Intrnl_Id="247">
<Cond/>
<LocList>
<Loc EndOffset="3010" SrcFileId="2" StartOffset="2998"/>
</LocList>
<StmntSeq Intrnl_Id="248">
<LocList>
<Loc EndOffset="3010" SrcFileId="2" StartOffset="2998"/>
</LocList>
<BasicStmnt CovItemId="S45" CovItemPrefix="TestUnit.ClassDetails.java" Intrnl_Id="249">
<LocList>
<Loc EndOffset="3010" SrcFileId="2" StartOffset="2998"/>
</LocList>
</BasicStmnt>
</StmntSeq>
</Branch>
<Branch CovItemId="B18" CovItemPrefix="TestUnit.ClassDetails.java" Implct="true" Intrnl_Id="250">
<Cond/>
<LocList/>
<StmntSeq Intrnl_Id="251">
<LocList/>
</StmntSeq>
</Branch>
<Keyword EndOffset="2948" SrcFileId="2" StartOffset="2946"/>
<LocList>
<Loc EndOffset="3010" SrcFileId="2" StartOffset="2946"/>
</LocList>
</CondStmnt>
</StmntSeq>
</Branch>
<Keyword EndOffset="2741" SrcFileId="2" StartOffset="2739"/>
<LocList>
<Loc EndOffset="3010" SrcFileId="2" StartOffset="2739"/>
</LocList>
</CondStmnt>
</StmntSeq>
</Branch>
<Branch CovItemId="B12" CovItemPrefix="TestUnit.ClassDetails.java" Implct="false" Intrnl_Id="252">
<Cond>
<Loc EndOffset="3105" SrcFileId="2" StartOffset="3101"/>
</Cond>
<LocList>
<Loc EndOffset="3471" SrcFileId="2" StartOffset="3106"/>
</LocList>
<StmntSeq Intrnl_Id="253">
<LocList>
<Loc EndOffset="3471" SrcFileId="2" StartOffset="3106"/>
</LocList>
<CondStmnt CovItemId="S46" CovItemPrefix="TestUnit.ClassDetails.java" Intrnl_Id="254">
<Branch CovItemId="B19" CovItemPrefix="TestUnit.ClassDetails.java" Implct="false" Intrnl_Id="255">
<Cond/>
<LocList>
<Loc EndOffset="3471" SrcFileId="2" StartOffset="3150"/>
</LocList>
<StmntSeq Intrnl_Id="256">
<LocList>
<Loc EndOffset="3448" SrcFileId="2" StartOffset="3177"/>
</LocList>
<CondStmnt CovItemId="S47" CovItemPrefix="TestUnit.ClassDetails.java" Intrnl_Id="257">
<Branch CovItemId="B21" CovItemPrefix="TestUnit.ClassDetails.java" Implct="false" Intrnl_Id="258">
<Cond/>
<LocList>
<Loc EndOffset="3353" SrcFileId="2" StartOffset="3226"/>
</LocList>
<StmntSeq Intrnl_Id="259">
<LocList>
<Loc EndOffset="3326" SrcFileId="2" StartOffset="3257"/>
</LocList>
<CondStmnt CovItemId="S48" CovItemPrefix="TestUnit.ClassDetails.java" Intrnl_Id="260">
<Branch CovItemId="B23" CovItemPrefix="TestUnit.ClassDetails.java" Implct="false" Intrnl_Id="261">
<Cond/>
<LocList>
<Loc EndOffset="3326" SrcFileId="2" StartOffset="3314"/>
</LocList>
<StmntSeq Intrnl_Id="262">
<LocList>
<Loc EndOffset="3326" SrcFileId="2" StartOffset="3314"/>
</LocList>
<BasicStmnt CovItemId="S49" CovItemPrefix="TestUnit.ClassDetails.java" Intrnl_Id="263">
<LocList>
<Loc EndOffset="3326" SrcFileId="2" StartOffset="3314"/>
</LocList>
</BasicStmnt>
</StmntSeq>
</Branch>
<Branch CovItemId="B24" CovItemPrefix="TestUnit.ClassDetails.java" Implct="true" Intrnl_Id="264">
<Cond/>
<LocList/>
<StmntSeq Intrnl_Id="265">
<LocList/>
</StmntSeq>
</Branch>
<Keyword EndOffset="3259" SrcFileId="2" StartOffset="3257"/>
<LocList>
<Loc EndOffset="3326" SrcFileId="2" StartOffset="3257"/>
</LocList>
</CondStmnt>
</StmntSeq>
</Branch>
<Branch CovItemId="B22" CovItemPrefix="TestUnit.ClassDetails.java" Implct="false" Intrnl_Id="266">
<Cond>
<Loc EndOffset="3383" SrcFileId="2" StartOffset="3379"/>
</Cond>
<LocList>
<Loc EndOffset="3448" SrcFileId="2" StartOffset="3384"/>
</LocList>
<StmntSeq Intrnl_Id="267">
<LocList>
<Loc EndOffset="3448" SrcFileId="2" StartOffset="3384"/>
</LocList>
<CondStmnt CovItemId="S50" CovItemPrefix="TestUnit.ClassDetails.java" Intrnl_Id="268">
<Branch CovItemId="B25" CovItemPrefix="TestUnit.ClassDetails.java" Implct="false" Intrnl_Id="269">
<Cond/>
<LocList>
<Loc EndOffset="3448" SrcFileId="2" StartOffset="3436"/>
</LocList>
<StmntSeq Intrnl_Id="270">
<LocList>
<Loc EndOffset="3448" SrcFileId="2" StartOffset="3436"/>
</LocList>
<BasicStmnt CovItemId="S51" CovItemPrefix="TestUnit.ClassDetails.java" Intrnl_Id="271">
<LocList>
<Loc EndOffset="3448" SrcFileId="2" StartOffset="3436"/>
</LocList>
</BasicStmnt>
</StmntSeq>
</Branch>
<Branch CovItemId="B26" CovItemPrefix="TestUnit.ClassDetails.java" Implct="true" Intrnl_Id="272">
<Cond/>
<LocList/>
<StmntSeq Intrnl_Id="273">
<LocList/>
</StmntSeq>
</Branch>
<Keyword EndOffset="3386" SrcFileId="2" StartOffset="3384"/>
<LocList>
<Loc EndOffset="3448" SrcFileId="2" StartOffset="3384"/>
</LocList>
</CondStmnt>
</StmntSeq>
</Branch>
<Keyword EndOffset="3179" SrcFileId="2" StartOffset="3177"/>
<LocList>
<Loc EndOffset="3448" SrcFileId="2" StartOffset="3177"/>
</LocList>
</CondStmnt>
</StmntSeq>
</Branch>
<Branch CovItemId="B20" CovItemPrefix="TestUnit.ClassDetails.java" Implct="true" Intrnl_Id="274">
<Cond/>
<LocList/>
<StmntSeq Intrnl_Id="275">
<LocList/>
</StmntSeq>
</Branch>
<Keyword EndOffset="3108" SrcFileId="2" StartOffset="3106"/>
<LocList>
<Loc EndOffset="3471" SrcFileId="2" StartOffset="3106"/>
</LocList>
</CondStmnt>
</StmntSeq>
</Branch>
<Keyword EndOffset="2670" SrcFileId="2" StartOffset="2668"/>
<LocList>
<Loc EndOffset="3471" SrcFileId="2" StartOffset="2668"/>
</LocList>
</CondStmnt>
</StmntSeq>
</Branch>
<Keyword EndOffset="2439" SrcFileId="2" StartOffset="2437"/>
<LocList>
<Loc EndOffset="3471" SrcFileId="2" StartOffset="2437"/>
</LocList>
</CondStmnt>
</StmntSeq>
</Branch>
<Branch CovItemId="B6" CovItemPrefix="TestUnit.ClassDetails.java" Implct="true" Intrnl_Id="276">
<Cond/>
<LocList/>
<StmntSeq Intrnl_Id="277">
<LocList/>
</StmntSeq>
</Branch>
<Keyword EndOffset="2324" SrcFileId="2" StartOffset="2322"/>
<LocList>
<Loc EndOffset="3490" SrcFileId="2" StartOffset="2322"/>
</LocList>
</CondStmnt>
</StmntSeq>
<Keyword EndOffset="2230" SrcFileId="2" StartOffset="2225"/>
<LocList>
<Loc EndOffset="3505" SrcFileId="2" StartOffset="2225"/>
</LocList>
</LoopStmnt>
</StmntSeq>
<Keyword EndOffset="2147" SrcFileId="2" StartOffset="2142"/>
<LocList>
<Loc EndOffset="3516" SrcFileId="2" StartOffset="2142"/>
</LocList>
</LoopStmnt>
<BasicStmnt CovItemId="S52" CovItemPrefix="TestUnit.ClassDetails.java" Intrnl_Id="278">
<LocList>
<Loc EndOffset="3541" SrcFileId="2" StartOffset="3528"/>
</LocList>
</BasicStmnt>
</StmntSeq>
</HierarchyLvl>
<HierarchyLvl HierarchyLvlId="133" HierarchyLvlTypeId="4" Intrnl_Id="279" Name="getTime">
<Header>
<Loc EndOffset="3577" SrcFileId="2" StartOffset="3556"/>
</Header>
<LocList>
<Loc EndOffset="3608" SrcFileId="2" StartOffset="3556"/>
</LocList>
<StmntSeq Intrnl_Id="280">
<LocList>
<Loc EndOffset="3601" SrcFileId="2" StartOffset="3589"/>
</LocList>
<BasicStmnt CovItemId="S53" CovItemPrefix="TestUnit.ClassDetails.java" Intrnl_Id="281">
<LocList>
<Loc EndOffset="3601" SrcFileId="2" StartOffset="3589"/>
</LocList>
</BasicStmnt>
</StmntSeq>
</HierarchyLvl>
<HierarchyLvl HierarchyLvlId="134" HierarchyLvlTypeId="4" Intrnl_Id="282" Name="setTime">
<Header>
<Loc EndOffset="3643" SrcFileId="2" StartOffset="3616"/>
</Header>
<LocList>
<Loc EndOffset="3671" SrcFileId="2" StartOffset="3616"/>
</LocList>
<StmntSeq Intrnl_Id="283">
<LocList>
<Loc EndOffset="3664" SrcFileId="2" StartOffset="3655"/>
</LocList>
<BasicStmnt CovItemId="S54" CovItemPrefix="TestUnit.ClassDetails.java" Intrnl_Id="284">
<LocList>
<Loc EndOffset="3664" SrcFileId="2" StartOffset="3655"/>
</LocList>
</BasicStmnt>
</StmntSeq>
</HierarchyLvl>
<HierarchyLvl HierarchyLvlId="135" HierarchyLvlTypeId="4" Intrnl_Id="285" Name="isAtTime">
<Header>
<Loc EndOffset="3712" SrcFileId="2" StartOffset="3679"/>
</Header>
<LocList>
<Loc EndOffset="3850" SrcFileId="2" StartOffset="3679"/>
</LocList>
<StmntSeq Intrnl_Id="286">
<LocList>
<Loc EndOffset="3843" SrcFileId="2" StartOffset="3724"/>
</LocList>
<CondStmnt CovItemId="S55" CovItemPrefix="TestUnit.ClassDetails.java" Intrnl_Id="287">
<Branch CovItemId="B27" CovItemPrefix="TestUnit.ClassDetails.java" Implct="false" Intrnl_Id="288">
<Cond/>
<LocList>
<Loc EndOffset="3802" SrcFileId="2" StartOffset="3790"/>
</LocList>
<StmntSeq Intrnl_Id="289">
<LocList>
<Loc EndOffset="3802" SrcFileId="2" StartOffset="3790"/>
</LocList>
<BasicStmnt CovItemId="S56" CovItemPrefix="TestUnit.ClassDetails.java" Intrnl_Id="290">
<LocList>
<Loc EndOffset="3802" SrcFileId="2" StartOffset="3790"/>
</LocList>
</BasicStmnt>
</StmntSeq>
</Branch>
<Branch CovItemId="B28" CovItemPrefix="TestUnit.ClassDetails.java" Implct="false" Intrnl_Id="291">
<Cond>
<Loc EndOffset="3816" SrcFileId="2" StartOffset="3812"/>
</Cond>
<LocList>
<Loc EndOffset="3843" SrcFileId="2" StartOffset="3830"/>
</LocList>
<StmntSeq Intrnl_Id="292">
<LocList>
<Loc EndOffset="3843" SrcFileId="2" StartOffset="3830"/>
</LocList>
<BasicStmnt CovItemId="S57" CovItemPrefix="TestUnit.ClassDetails.java" Intrnl_Id="293">
<LocList>
<Loc EndOffset="3843" SrcFileId="2" StartOffset="3830"/>
</LocList>
</BasicStmnt>
</StmntSeq>
</Branch>
<Keyword EndOffset="3726" SrcFileId="2" StartOffset="3724"/>
<LocList>
<Loc EndOffset="3843" SrcFileId="2" StartOffset="3724"/>
</LocList>
</CondStmnt>
</StmntSeq>
</HierarchyLvl>
<HierarchyLvl HierarchyLvlId="136" HierarchyLvlTypeId="4" Intrnl_Id="294" Name="isAtDay">
<Header>
<Loc EndOffset="3889" SrcFileId="2" StartOffset="3858"/>
</Header>
<LocList>
<Loc EndOffset="4027" SrcFileId="2" StartOffset="3858"/>
</LocList>
<StmntSeq Intrnl_Id="295">
<LocList>
<Loc EndOffset="4020" SrcFileId="2" StartOffset="3901"/>
</LocList>
<CondStmnt CovItemId="S58" CovItemPrefix="TestUnit.ClassDetails.java" Intrnl_Id="296">
<Branch CovItemId="B29" CovItemPrefix="TestUnit.ClassDetails.java" Implct="false" Intrnl_Id="297">
<Cond/>
<LocList>
<Loc EndOffset="3979" SrcFileId="2" StartOffset="3967"/>
</LocList>
<StmntSeq Intrnl_Id="298">
<LocList>
<Loc EndOffset="3979" SrcFileId="2" StartOffset="3967"/>
</LocList>
<BasicStmnt CovItemId="S59" CovItemPrefix="TestUnit.ClassDetails.java" Intrnl_Id="299">
<LocList>
<Loc EndOffset="3979" SrcFileId="2" StartOffset="3967"/>
</LocList>
</BasicStmnt>
</StmntSeq>
</Branch>
<Branch CovItemId="B30" CovItemPrefix="TestUnit.ClassDetails.java" Implct="false" Intrnl_Id="300">
<Cond>
<Loc EndOffset="3993" SrcFileId="2" StartOffset="3989"/>
</Cond>
<LocList>
<Loc EndOffset="4020" SrcFileId="2" StartOffset="4007"/>
</LocList>
<StmntSeq Intrnl_Id="301">
<LocList>
<Loc EndOffset="4020" SrcFileId="2" StartOffset="4007"/>
</LocList>
<BasicStmnt CovItemId="S60" CovItemPrefix="TestUnit.ClassDetails.java" Intrnl_Id="302">
<LocList>
<Loc EndOffset="4020" SrcFileId="2" StartOffset="4007"/>
</LocList>
</BasicStmnt>
</StmntSeq>
</Branch>
<Keyword EndOffset="3903" SrcFileId="2" StartOffset="3901"/>
<LocList>
<Loc EndOffset="4020" SrcFileId="2" StartOffset="3901"/>
</LocList>
</CondStmnt>
</StmntSeq>
</HierarchyLvl>
<HierarchyLvl HierarchyLvlId="137" HierarchyLvlTypeId="4" Intrnl_Id="303" Name="toString">
<Header>
<Loc EndOffset="4059" SrcFileId="2" StartOffset="4035"/>
</Header>
<LocList>
<Loc EndOffset="4594" SrcFileId="2" StartOffset="4035"/>
</LocList>
<StmntSeq Intrnl_Id="304">
<LocList>
<Loc EndOffset="4090" SrcFileId="2" StartOffset="4071"/>
<Loc EndOffset="4153" SrcFileId="2" StartOffset="4100"/>
<Loc EndOffset="4252" SrcFileId="2" StartOffset="4163"/>
<Loc EndOffset="4487" SrcFileId="2" StartOffset="4425"/>
<Loc EndOffset="4587" SrcFileId="2" StartOffset="4573"/>
</LocList>
<BasicStmnt CovItemId="S61" CovItemPrefix="TestUnit.ClassDetails.java" Intrnl_Id="305">
<LocList>
<Loc EndOffset="4090" SrcFileId="2" StartOffset="4071"/>
</LocList>
</BasicStmnt>
<BasicStmnt CovItemId="S62" CovItemPrefix="TestUnit.ClassDetails.java" Intrnl_Id="306">
<LocList>
<Loc EndOffset="4153" SrcFileId="2" StartOffset="4100"/>
</LocList>
</BasicStmnt>
<CondStmnt CovItemId="S63" CovItemPrefix="TestUnit.ClassDetails.java" Intrnl_Id="307">
<Branch CovItemId="B31" CovItemPrefix="TestUnit.ClassDetails.java" Implct="false" Intrnl_Id="308">
<Cond/>
<LocList>
<Loc EndOffset="4252" SrcFileId="2" StartOffset="4204"/>
</LocList>
<StmntSeq Intrnl_Id="309">
<LocList>
<Loc EndOffset="4252" SrcFileId="2" StartOffset="4204"/>
</LocList>
<BasicStmnt CovItemId="S64" CovItemPrefix="TestUnit.ClassDetails.java" Intrnl_Id="310">
<LocList>
<Loc EndOffset="4252" SrcFileId="2" StartOffset="4204"/>
</LocList>
</BasicStmnt>
</StmntSeq>
</Branch>
<Branch CovItemId="B32" CovItemPrefix="TestUnit.ClassDetails.java" Implct="true" Intrnl_Id="311">
<Cond/>
<LocList/>
<StmntSeq Intrnl_Id="312">
<LocList/>
</StmntSeq>
</Branch>
<Keyword EndOffset="4165" SrcFileId="2" StartOffset="4163"/>
<LocList>
<Loc EndOffset="4252" SrcFileId="2" StartOffset="4163"/>
</LocList>
</CondStmnt>
<CondStmnt CovItemId="S65" CovItemPrefix="TestUnit.ClassDetails.java" Intrnl_Id="313">
<Branch CovItemId="B33" CovItemPrefix="TestUnit.ClassDetails.java" Implct="false" Intrnl_Id="314">
<Cond/>
<LocList>
<Loc EndOffset="4487" SrcFileId="2" StartOffset="4458"/>
</LocList>
<StmntSeq Intrnl_Id="315">
<LocList>
<Loc EndOffset="4487" SrcFileId="2" StartOffset="4458"/>
</LocList>
<BasicStmnt CovItemId="S66" CovItemPrefix="TestUnit.ClassDetails.java" Intrnl_Id="316">
<LocList>
<Loc EndOffset="4487" SrcFileId="2" StartOffset="4458"/>
</LocList>
</BasicStmnt>
</StmntSeq>
</Branch>
<Branch CovItemId="B34" CovItemPrefix="TestUnit.ClassDetails.java" Implct="true" Intrnl_Id="317">
<Cond/>
<LocList/>
<StmntSeq Intrnl_Id="318">
<LocList/>
</StmntSeq>
</Branch>
<Keyword EndOffset="4427" SrcFileId="2" StartOffset="4425"/>
<LocList>
<Loc EndOffset="4487" SrcFileId="2" StartOffset="4425"/>
</LocList>
</CondStmnt>
<BasicStmnt CovItemId="S67" CovItemPrefix="TestUnit.ClassDetails.java" Intrnl_Id="319">
<LocList>
<Loc EndOffset="4587" SrcFileId="2" StartOffset="4573"/>
</LocList>
</BasicStmnt>
</StmntSeq>
</HierarchyLvl>
<HierarchyLvl HierarchyLvlId="138" HierarchyLvlTypeId="4" Intrnl_Id="320" Name="getDays">
<Header>
<Loc EndOffset="4625" SrcFileId="2" StartOffset="4602"/>
</Header>
<LocList>
<Loc EndOffset="4666" SrcFileId="2" StartOffset="4602"/>
</LocList>
<StmntSeq Intrnl_Id="321">
<LocList>
<Loc EndOffset="4659" SrcFileId="2" StartOffset="4637"/>
</LocList>
<BasicStmnt CovItemId="S68" CovItemPrefix="TestUnit.ClassDetails.java" Intrnl_Id="322">
<LocList>
<Loc EndOffset="4659" SrcFileId="2" StartOffset="4637"/>
</LocList>
</BasicStmnt>
</StmntSeq>
</HierarchyLvl>
<HierarchyLvl HierarchyLvlId="139" HierarchyLvlTypeId="4" Intrnl_Id="323" Name="setCourse">
<Header>
<Loc EndOffset="4707" SrcFileId="2" StartOffset="4676"/>
</Header>
<LocList>
<Loc EndOffset="4752" SrcFileId="2" StartOffset="4676"/>
</LocList>
<StmntSeq Intrnl_Id="324">
<LocList>
<Loc EndOffset="4738" SrcFileId="2" StartOffset="4722"/>
</LocList>
<BasicStmnt CovItemId="S69" CovItemPrefix="TestUnit.ClassDetails.java" Intrnl_Id="325">
<LocList>
<Loc EndOffset="4738" SrcFileId="2" StartOffset="4722"/>
</LocList>
</BasicStmnt>
</StmntSeq>
</HierarchyLvl>
<HierarchyLvl HierarchyLvlId="140" HierarchyLvlTypeId="4" Intrnl_Id="326" Name="getCourse">
<Header>
<Loc EndOffset="4786" SrcFileId="2" StartOffset="4761"/>
</Header>
<LocList>
<Loc EndOffset="4828" SrcFileId="2" StartOffset="4761"/>
</LocList>
<StmntSeq Intrnl_Id="327">
<LocList>
<Loc EndOffset="4820" SrcFileId="2" StartOffset="4795"/>
</LocList>
<BasicStmnt CovItemId="S70" CovItemPrefix="TestUnit.ClassDetails.java" Intrnl_Id="328">
<LocList>
<Loc EndOffset="4820" SrcFileId="2" StartOffset="4795"/>
</LocList>
</BasicStmnt>
</StmntSeq>
</HierarchyLvl>
</HierarchyLvl>
</HierarchyLvl>
</HierarchyLvl>
</MASTRoot>
</TestSessionContainer>
