<?xml version="1.0" encoding="UTF-8"?><TestSessionContainer xmlns="http://www.codecover.org/xml/testsession-container" Date="1501011910750" TestSessionContainerId="e4d3c9b0-70d5-4411-870b-ec03b549bd02" version="1.0">
<SrcFileList>
<SrcFile Content="package TestUnit;&#13;&#10;//import org.junit.Test;&#13;&#10;import stubs.Schedule;&#13;&#10;import stubs.ClassDetails;&#13;&#10;import stubs.Course;&#13;&#10;import stubs.ScheduleOptions;&#13;&#10;import java.util.Collection;&#13;&#10;import java.util.ArrayList;&#13;&#10;import static org.mockito.Mockito.*;&#13;&#10;&#13;&#10;public class ScheduleMakerController {&#13;&#10;&#13;&#10;    private boolean conflict(Collection c) {&#13;&#10;        ArrayList tmp1, tmp2, list = (ArrayList) c;&#13;&#10;        if (list.size() &lt;= 1)&#13;&#10;            return false;&#13;&#10;        for (int i = 0; i &lt; list.size(); i++)&#13;&#10;            for (int j = i + 1; j &lt; list.size(); j++)&#13;&#10;            {&#13;&#10;                tmp1 = (ArrayList) list.get(i);&#13;&#10;                tmp2 = (ArrayList) list.get(j);&#13;&#10;                if (((ClassDetails) tmp1.get(0)).hasConflict((ClassDetails) tmp2.get(0)))&#13;&#10;                    return true;&#13;&#10;            }&#13;&#10;        return false;&#13;&#10;    }&#13;&#10;&#13;&#10;    private boolean sizeIsOne(Collection c) {&#13;&#10;        for (Object item : c)&#13;&#10;        {&#13;&#10;            if (((Collection) item).size() != 1)&#13;&#10;                return false;&#13;&#10;        }&#13;&#10;        return true;&#13;&#10;    }&#13;&#10;&#13;&#10;    /**&#13;&#10;     * @param c         Collection of courses&#13;&#10;     * @param cursor&#13;&#10;     * @param schedules&#13;&#10;     */&#13;&#10;    private void findSchedule(Collection&lt;Collection&lt;ClassDetails&gt;&gt; c, int cursor, Collection&lt;Schedule&gt; schedules) {&#13;&#10;        ArrayList list = (ArrayList) c;&#13;&#10;        if (sizeIsOne(list))&#13;&#10;        {&#13;&#10;            if (!conflict(list))&#13;&#10;                schedules.add(new Schedule(list));&#13;&#10;        }&#13;&#10;        else&#13;&#10;        {&#13;&#10;            if (((ArrayList) list.get(cursor)).size() &gt; 1)&#13;&#10;            {&#13;&#10;                for (int j = 0; j &lt; ((ArrayList) list.get(cursor)).size(); j++)&#13;&#10;                {&#13;&#10;                    ArrayList&lt;Collection&lt;ClassDetails&gt;&gt; tmp = new ArrayList&lt;Collection&lt;ClassDetails&gt;&gt;(list);&#13;&#10;                    ArrayList aux = new ArrayList();&#13;&#10;                    ArrayList aux1 = (ArrayList) list.get(cursor);&#13;&#10;                    aux.add(aux1.get(j));&#13;&#10;&#13;&#10;                    tmp.set(cursor, aux);&#13;&#10;                    findSchedule(tmp, cursor, schedules);&#13;&#10;                }&#13;&#10;            }&#13;&#10;            else&#13;&#10;            {&#13;&#10;                findSchedule(c, cursor - 1, schedules);&#13;&#10;            }&#13;&#10;        }&#13;&#10;    }&#13;&#10;&#13;&#10;    public Collection&lt;Schedule&gt; createSchedule(ScheduleOptions schOpt) {&#13;&#10;        Collection&lt;Schedule&gt; schedules = new ArrayList&lt;Schedule&gt;();&#13;&#10;&#13;&#10;        //get courses&#13;&#10;        // This class checks the ScheduleOptions class which its information&#13;&#10;        // is derived from the createschedule page, this logic checks for empty fields.&#13;&#10;        // If its not empty then insert into the courses String collection&#13;&#10;        Collection&lt;String&gt; courses = new ArrayList&lt;String&gt;();&#13;&#10;        if (schOpt.getCourse1() != null &amp;&amp; !schOpt.getCourse1().trim().equals(&quot;&quot;))&#13;&#10;            courses.add(schOpt.getCourse1());&#13;&#10;        if (schOpt.getCourse2() != null &amp;&amp; !schOpt.getCourse2().trim().equals(&quot;&quot;))&#13;&#10;            courses.add(schOpt.getCourse2());&#13;&#10;        if (schOpt.getCourse3() != null &amp;&amp; !schOpt.getCourse3().trim().equals(&quot;&quot;))&#13;&#10;            courses.add(schOpt.getCourse3());&#13;&#10;        if (schOpt.getCourse4() != null &amp;&amp; !schOpt.getCourse4().trim().equals(&quot;&quot;))&#13;&#10;            courses.add(schOpt.getCourse4());&#13;&#10;        if (schOpt.getCourse5() != null &amp;&amp; !schOpt.getCourse5().trim().equals(&quot;&quot;))&#13;&#10;            courses.add(schOpt.getCourse5());&#13;&#10;        if (schOpt.getCourse6() != null &amp;&amp; !schOpt.getCourse6().trim().equals(&quot;&quot;))&#13;&#10;            courses.add(schOpt.getCourse6());&#13;&#10;//        courses.add(schOpt.getCourse4());&#13;&#10;//        courses.add(schOpt.getCourse5());&#13;&#10;//        courses.add(schOpt.getCourse6());&#13;&#10;        &#13;&#10;        // This checks if any courses were added, if not just return an empty schedule&#13;&#10;        if (courses.size() &lt;= 0)&#13;&#10;            return schedules;&#13;&#10; &#13;&#10;        //get campus, if all then insert both, else insert from schedule option &#13;&#10;        Collection&lt;String&gt; campus = new ArrayList&lt;String&gt;();&#13;&#10;        if (schOpt.getCampus().equals(&quot;All&quot;))&#13;&#10;        {&#13;&#10;            campus.add(&quot;Biscayne&quot;);&#13;&#10;            campus.add(&quot;University&quot;);&#13;&#10;        }&#13;&#10;        else&#13;&#10;            campus.add(schOpt.getCampus());&#13;&#10;&#13;&#10;        //get term&#13;&#10;        String term = schOpt.getTerm();&#13;&#10;&#13;&#10;        //get preferred days&#13;&#10;        String SPDays = &quot;&quot;;&#13;&#10;        if (schOpt.getM() != null)&#13;&#10;            SPDays += schOpt.getM();&#13;&#10;        else&#13;&#10;            SPDays += &quot;1&quot;;&#13;&#10;        if (schOpt.getT() != null)&#13;&#10;            SPDays += schOpt.getT();&#13;&#10;        else&#13;&#10;            SPDays += &quot;1&quot;;&#13;&#10;        if (schOpt.getW() != null)&#13;&#10;            SPDays += schOpt.getW();&#13;&#10;        else&#13;&#10;            SPDays += &quot;1&quot;;&#13;&#10;        if (schOpt.getTh() != null)&#13;&#10;            SPDays += schOpt.getTh();&#13;&#10;        else&#13;&#10;            SPDays += &quot;1&quot;;&#13;&#10;        if (schOpt.getF() != null)&#13;&#10;            SPDays += schOpt.getF();&#13;&#10;        else&#13;&#10;            SPDays += &quot;1&quot;;&#13;&#10;        if (schOpt.getS() != null)&#13;&#10;            SPDays += schOpt.getS();&#13;&#10;        else&#13;&#10;            SPDays += &quot;1&quot;;&#13;&#10;        if (schOpt.getSu() != null)&#13;&#10;            SPDays += schOpt.getSu();&#13;&#10;        else&#13;&#10;            SPDays += &quot;1&quot;;&#13;&#10;&#13;&#10;        Course course_tmp;&#13;&#10;        Collection&lt;Collection&lt;ClassDetails&gt;&gt; course_collection = new ArrayList&lt;Collection&lt;ClassDetails&gt;&gt;();&#13;&#10;&#13;&#10;        for (Object c : courses)&#13;&#10;        {&#13;&#10;            course_tmp = new Course(((String) c).substring(0, 3), ((String) c).substring(3));&#13;&#10;            Collection&lt;ClassDetails&gt; classes_tmp = course_tmp.getClasses(term, campus);&#13;&#10;            if (classes_tmp.size() &gt; 0)&#13;&#10;            {&#13;&#10;                char[] days = SPDays.toCharArray();&#13;&#10;                Collection&lt;ClassDetails&gt; returnClasses = new ArrayList&lt;ClassDetails&gt;();&#13;&#10;                boolean daymatches;&#13;&#10;&#13;&#10;                for (Object cd : classes_tmp)&#13;&#10;                {&#13;&#10;                    daymatches = false;&#13;&#10;                    char[] cdays = ((ClassDetails) cd).getDays().toCharArray();&#13;&#10;                    for (int i = 0; i &lt; 7; i++)&#13;&#10;                    {&#13;&#10;                        if (cdays[i] == '1')&#13;&#10;                        {&#13;&#10;                            if (cdays[i] == days[i])&#13;&#10;                                daymatches = true;&#13;&#10;                            else&#13;&#10;                            {&#13;&#10;                                daymatches = false;&#13;&#10;                                break;&#13;&#10;                            }&#13;&#10;                        }&#13;&#10;                    }&#13;&#10;&#13;&#10;                    if (daymatches)&#13;&#10;                        returnClasses.add((ClassDetails) cd);&#13;&#10;&#13;&#10;                }&#13;&#10;                if (!returnClasses.isEmpty())&#13;&#10;                    course_collection.add(returnClasses);&#13;&#10;            }&#13;&#10;        }&#13;&#10;&#13;&#10;        if (!course_collection.isEmpty())&#13;&#10;            findSchedule(course_collection, course_collection.size() - 1, schedules);&#13;&#10;&#13;&#10;        return schedules;&#13;&#10;    }&#13;&#10;&#13;&#10;    public Collection&lt;Schedule&gt; createSchedule(String term, Collection&lt;String&gt; courses, String cmp, String SPDays) {&#13;&#10;        Collection&lt;Schedule&gt; schedules = new ArrayList&lt;Schedule&gt;();&#13;&#10;&#13;&#10;        if (courses.size() &lt;= 0)&#13;&#10;            return schedules;&#13;&#10;&#13;&#10;        //get campus&#13;&#10;        Collection&lt;String&gt; campus = new ArrayList&lt;String&gt;();&#13;&#10;        if (cmp.equals(&quot;All&quot;))&#13;&#10;        {&#13;&#10;            campus.add(&quot;Biscayne&quot;);&#13;&#10;            campus.add(&quot;University&quot;);&#13;&#10;        }&#13;&#10;        else&#13;&#10;            campus.add(cmp);&#13;&#10;&#13;&#10;        Course course_tmp;&#13;&#10;        Collection&lt;Collection&lt;ClassDetails&gt;&gt; course_collection = new ArrayList&lt;Collection&lt;ClassDetails&gt;&gt;();&#13;&#10;&#13;&#10;        for (Object c : courses)&#13;&#10;        {&#13;&#10;            if (!((String) c).equals(&quot;&quot;))&#13;&#10;            {&#13;&#10;                course_tmp = new Course(((String) c).substring(0, 3), ((String) c).substring(3));&#13;&#10;                Collection&lt;ClassDetails&gt; classes_tmp = course_tmp.getClasses(term, campus);&#13;&#10;                if (classes_tmp.size() &gt; 0)&#13;&#10;                {&#13;&#10;&#13;&#10;                    char[] days = SPDays.toCharArray();&#13;&#10;                    Collection&lt;ClassDetails&gt; returnClasses = new ArrayList&lt;ClassDetails&gt;();&#13;&#10;                    boolean daymatches;&#13;&#10;&#13;&#10;                    for (Object cd : classes_tmp)&#13;&#10;                    {&#13;&#10;                        daymatches = false;&#13;&#10;                        char[] cdays = ((ClassDetails) cd).getDays().toCharArray();&#13;&#10;                        for (int i = 0; i &lt; 7; i++)&#13;&#10;                        {&#13;&#10;                            if (cdays[i] == '1')&#13;&#10;                            {&#13;&#10;                                if (cdays[i] == days[i])&#13;&#10;                                    daymatches = true;&#13;&#10;                                else&#13;&#10;                                {&#13;&#10;                                    daymatches = false;&#13;&#10;                                    break;&#13;&#10;                                }&#13;&#10;                            }&#13;&#10;                        }&#13;&#10;&#13;&#10;                        if (daymatches)&#13;&#10;                            returnClasses.add((ClassDetails) cd);&#13;&#10;&#13;&#10;                    }&#13;&#10;                    if (!returnClasses.isEmpty())&#13;&#10;                        course_collection.add(returnClasses);&#13;&#10;                }&#13;&#10;            }&#13;&#10;        }&#13;&#10;&#13;&#10;        if (!course_collection.isEmpty())&#13;&#10;            findSchedule(course_collection, course_collection.size() - 1, schedules);&#13;&#10;&#13;&#10;        return schedules;&#13;&#10;    }&#13;&#10;&#13;&#10;    public void sortSchedules() { /*to be implemented*/ }&#13;&#10;&#13;&#10;    public void getSavedSchedule() { /*to be implemented*/ }&#13;&#10;&#13;&#10;    public void getBalance() { /*to be implemented*/ }&#13;&#10;&#13;&#10;    private void findClasses() { /*to be implemented*/ }&#13;&#10;&#13;&#10;    public void saveSchedules(Collection&lt;Schedule&gt; schedules) {&#13;&#10;    }&#13;&#10;}&#13;&#10;" Filename="ScheduleMakerController.java" Intrnl_Id="1"/>
</SrcFileList>
<CritList>
<CritListEntry Name="org.codecover.model.utils.criteria.BranchCoverage" PluginName="org.codecover"/>
<CritListEntry Name="org.codecover.model.utils.criteria.StatementCoverage" PluginName="org.codecover"/>
</CritList>
<BoolOpList/>
<HierarchyLvlTypeList>
<HierarchyLvlType EnglishName="package" IntrnlName="package" Intrnl_Id="2"/>
<HierarchyLvlType EnglishName="method" IntrnlName="method" Intrnl_Id="3"/>
<HierarchyLvlType EnglishName="class" IntrnlName="class" Intrnl_Id="4"/>
<HierarchyLvlType EnglishName="default package" IntrnlName="default package" Intrnl_Id="5"/>
</HierarchyLvlTypeList>
<MASTRoot>
<HierarchyLvl HierarchyLvlId="176" HierarchyLvlTypeId="5" Intrnl_Id="6" Name="default package">
<Header/>
<LocList/>
<HierarchyLvl HierarchyLvlId="175" HierarchyLvlTypeId="2" Intrnl_Id="7" Name="TestUnit">
<Header/>
<LocList/>
<HierarchyLvl HierarchyLvlId="174" HierarchyLvlTypeId="4" Intrnl_Id="8" Name="ScheduleMakerController">
<Header>
<Loc EndOffset="285" SrcFileId="1" StartOffset="249"/>
</Header>
<LocList>
<Loc EndOffset="9487" SrcFileId="1" StartOffset="249"/>
</LocList>
<HierarchyLvl HierarchyLvlId="164" HierarchyLvlTypeId="3" Intrnl_Id="9" Name="conflict">
<Header>
<Loc EndOffset="333" SrcFileId="1" StartOffset="295"/>
</Header>
<LocList>
<Loc EndOffset="831" SrcFileId="1" StartOffset="295"/>
</LocList>
<StmntSeq Intrnl_Id="10">
<LocList>
<Loc EndOffset="388" SrcFileId="1" StartOffset="345"/>
<Loc EndOffset="446" SrcFileId="1" StartOffset="398"/>
<Loc EndOffset="801" SrcFileId="1" StartOffset="456"/>
<Loc EndOffset="824" SrcFileId="1" StartOffset="811"/>
</LocList>
<BasicStmnt CovItemId="S1" CovItemPrefix="TestUnit.ScheduleMakerController.java" Intrnl_Id="11">
<LocList>
<Loc EndOffset="388" SrcFileId="1" StartOffset="345"/>
</LocList>
</BasicStmnt>
<CondStmnt CovItemId="S2" CovItemPrefix="TestUnit.ScheduleMakerController.java" Intrnl_Id="12">
<Branch CovItemId="B1" CovItemPrefix="TestUnit.ScheduleMakerController.java" Implct="false" Intrnl_Id="13">
<Cond/>
<LocList>
<Loc EndOffset="446" SrcFileId="1" StartOffset="433"/>
</LocList>
<StmntSeq Intrnl_Id="14">
<LocList>
<Loc EndOffset="446" SrcFileId="1" StartOffset="433"/>
</LocList>
<BasicStmnt CovItemId="S3" CovItemPrefix="TestUnit.ScheduleMakerController.java" Intrnl_Id="15">
<LocList>
<Loc EndOffset="446" SrcFileId="1" StartOffset="433"/>
</LocList>
</BasicStmnt>
</StmntSeq>
</Branch>
<Branch CovItemId="B2" CovItemPrefix="TestUnit.ScheduleMakerController.java" Implct="true" Intrnl_Id="16">
<Cond/>
<LocList/>
<StmntSeq Intrnl_Id="17">
<LocList/>
</StmntSeq>
</Branch>
<Keyword EndOffset="400" SrcFileId="1" StartOffset="398"/>
<LocList>
<Loc EndOffset="446" SrcFileId="1" StartOffset="398"/>
</LocList>
</CondStmnt>
<LoopStmnt CovItemId="S4" CovItemPrefix="TestUnit.ScheduleMakerController.java" Intrnl_Id="18" MltplExecId="L1-2" MltplExecPrefix="TestUnit.ScheduleMakerController.java" NvrExecId="L1-0" NvrExecPrefix="TestUnit.ScheduleMakerController.java" OnceExecutedId="L1-1" OnceExecutedPrefix="TestUnit.ScheduleMakerController.java" OptBodyExec="true">
<StmntSeq Intrnl_Id="19">
<LocList>
<Loc EndOffset="801" SrcFileId="1" StartOffset="507"/>
</LocList>
<LoopStmnt CovItemId="S5" CovItemPrefix="TestUnit.ScheduleMakerController.java" Intrnl_Id="20" MltplExecId="L2-2" MltplExecPrefix="TestUnit.ScheduleMakerController.java" NvrExecId="L2-0" NvrExecPrefix="TestUnit.ScheduleMakerController.java" OnceExecutedId="L2-1" OnceExecutedPrefix="TestUnit.ScheduleMakerController.java" OptBodyExec="true">
<StmntSeq Intrnl_Id="21">
<LocList>
<Loc EndOffset="612" SrcFileId="1" StartOffset="581"/>
<Loc EndOffset="661" SrcFileId="1" StartOffset="630"/>
<Loc EndOffset="786" SrcFileId="1" StartOffset="679"/>
</LocList>
<BasicStmnt CovItemId="S6" CovItemPrefix="TestUnit.ScheduleMakerController.java" Intrnl_Id="22">
<LocList>
<Loc EndOffset="612" SrcFileId="1" StartOffset="581"/>
</LocList>
</BasicStmnt>
<BasicStmnt CovItemId="S7" CovItemPrefix="TestUnit.ScheduleMakerController.java" Intrnl_Id="23">
<LocList>
<Loc EndOffset="661" SrcFileId="1" StartOffset="630"/>
</LocList>
</BasicStmnt>
<CondStmnt CovItemId="S8" CovItemPrefix="TestUnit.ScheduleMakerController.java" Intrnl_Id="24">
<Branch CovItemId="B3" CovItemPrefix="TestUnit.ScheduleMakerController.java" Implct="false" Intrnl_Id="25">
<Cond/>
<LocList>
<Loc EndOffset="786" SrcFileId="1" StartOffset="774"/>
</LocList>
<StmntSeq Intrnl_Id="26">
<LocList>
<Loc EndOffset="786" SrcFileId="1" StartOffset="774"/>
</LocList>
<BasicStmnt CovItemId="S9" CovItemPrefix="TestUnit.ScheduleMakerController.java" Intrnl_Id="27">
<LocList>
<Loc EndOffset="786" SrcFileId="1" StartOffset="774"/>
</LocList>
</BasicStmnt>
</StmntSeq>
</Branch>
<Branch CovItemId="B4" CovItemPrefix="TestUnit.ScheduleMakerController.java" Implct="true" Intrnl_Id="28">
<Cond/>
<LocList/>
<StmntSeq Intrnl_Id="29">
<LocList/>
</StmntSeq>
</Branch>
<Keyword EndOffset="681" SrcFileId="1" StartOffset="679"/>
<LocList>
<Loc EndOffset="786" SrcFileId="1" StartOffset="679"/>
</LocList>
</CondStmnt>
</StmntSeq>
<Keyword EndOffset="510" SrcFileId="1" StartOffset="507"/>
<LocList>
<Loc EndOffset="801" SrcFileId="1" StartOffset="507"/>
</LocList>
</LoopStmnt>
</StmntSeq>
<Keyword EndOffset="459" SrcFileId="1" StartOffset="456"/>
<LocList>
<Loc EndOffset="801" SrcFileId="1" StartOffset="456"/>
</LocList>
</LoopStmnt>
<BasicStmnt CovItemId="S10" CovItemPrefix="TestUnit.ScheduleMakerController.java" Intrnl_Id="30">
<LocList>
<Loc EndOffset="824" SrcFileId="1" StartOffset="811"/>
</LocList>
</BasicStmnt>
</StmntSeq>
</HierarchyLvl>
<HierarchyLvl HierarchyLvlId="165" HierarchyLvlTypeId="3" Intrnl_Id="31" Name="sizeIsOne">
<Header>
<Loc EndOffset="878" SrcFileId="1" StartOffset="839"/>
</Header>
<LocList>
<Loc EndOffset="1043" SrcFileId="1" StartOffset="839"/>
</LocList>
<StmntSeq Intrnl_Id="32">
<LocList>
<Loc EndOffset="1014" SrcFileId="1" StartOffset="890"/>
<Loc EndOffset="1036" SrcFileId="1" StartOffset="1024"/>
</LocList>
<LoopStmnt CovItemId="S11" CovItemPrefix="TestUnit.ScheduleMakerController.java" Intrnl_Id="33" MltplExecId="L3-2" MltplExecPrefix="TestUnit.ScheduleMakerController.java" NvrExecId="L3-0" NvrExecPrefix="TestUnit.ScheduleMakerController.java" OnceExecutedId="L3-1" OnceExecutedPrefix="TestUnit.ScheduleMakerController.java" OptBodyExec="true">
<StmntSeq Intrnl_Id="34">
<LocList>
<Loc EndOffset="1003" SrcFileId="1" StartOffset="936"/>
</LocList>
<CondStmnt CovItemId="S12" CovItemPrefix="TestUnit.ScheduleMakerController.java" Intrnl_Id="35">
<Branch CovItemId="B5" CovItemPrefix="TestUnit.ScheduleMakerController.java" Implct="false" Intrnl_Id="36">
<Cond/>
<LocList>
<Loc EndOffset="1003" SrcFileId="1" StartOffset="990"/>
</LocList>
<StmntSeq Intrnl_Id="37">
<LocList>
<Loc EndOffset="1003" SrcFileId="1" StartOffset="990"/>
</LocList>
<BasicStmnt CovItemId="S13" CovItemPrefix="TestUnit.ScheduleMakerController.java" Intrnl_Id="38">
<LocList>
<Loc EndOffset="1003" SrcFileId="1" StartOffset="990"/>
</LocList>
</BasicStmnt>
</StmntSeq>
</Branch>
<Branch CovItemId="B6" CovItemPrefix="TestUnit.ScheduleMakerController.java" Implct="true" Intrnl_Id="39">
<Cond/>
<LocList/>
<StmntSeq Intrnl_Id="40">
<LocList/>
</StmntSeq>
</Branch>
<Keyword EndOffset="938" SrcFileId="1" StartOffset="936"/>
<LocList>
<Loc EndOffset="1003" SrcFileId="1" StartOffset="936"/>
</LocList>
</CondStmnt>
</StmntSeq>
<Keyword EndOffset="893" SrcFileId="1" StartOffset="890"/>
<LocList>
<Loc EndOffset="1014" SrcFileId="1" StartOffset="890"/>
</LocList>
</LoopStmnt>
<BasicStmnt CovItemId="S14" CovItemPrefix="TestUnit.ScheduleMakerController.java" Intrnl_Id="41">
<LocList>
<Loc EndOffset="1036" SrcFileId="1" StartOffset="1024"/>
</LocList>
</BasicStmnt>
</StmntSeq>
</HierarchyLvl>
<HierarchyLvl HierarchyLvlId="166" HierarchyLvlTypeId="3" Intrnl_Id="42" Name="findSchedule">
<Header>
<Loc EndOffset="1272" SrcFileId="1" StartOffset="1163"/>
</Header>
<LocList>
<Loc EndOffset="2189" SrcFileId="1" StartOffset="1163"/>
</LocList>
<StmntSeq Intrnl_Id="43">
<LocList>
<Loc EndOffset="1315" SrcFileId="1" StartOffset="1284"/>
<Loc EndOffset="2182" SrcFileId="1" StartOffset="1325"/>
</LocList>
<BasicStmnt CovItemId="S15" CovItemPrefix="TestUnit.ScheduleMakerController.java" Intrnl_Id="44">
<LocList>
<Loc EndOffset="1315" SrcFileId="1" StartOffset="1284"/>
</LocList>
</BasicStmnt>
<CondStmnt CovItemId="S16" CovItemPrefix="TestUnit.ScheduleMakerController.java" Intrnl_Id="45">
<Branch CovItemId="B7" CovItemPrefix="TestUnit.ScheduleMakerController.java" Implct="false" Intrnl_Id="46">
<Cond/>
<LocList>
<Loc EndOffset="1453" SrcFileId="1" StartOffset="1355"/>
</LocList>
<StmntSeq Intrnl_Id="47">
<LocList>
<Loc EndOffset="1442" SrcFileId="1" StartOffset="1370"/>
</LocList>
<CondStmnt CovItemId="S17" CovItemPrefix="TestUnit.ScheduleMakerController.java" Intrnl_Id="48">
<Branch CovItemId="B9" CovItemPrefix="TestUnit.ScheduleMakerController.java" Implct="false" Intrnl_Id="49">
<Cond/>
<LocList>
<Loc EndOffset="1442" SrcFileId="1" StartOffset="1408"/>
</LocList>
<StmntSeq Intrnl_Id="50">
<LocList>
<Loc EndOffset="1442" SrcFileId="1" StartOffset="1408"/>
</LocList>
<BasicStmnt CovItemId="S18" CovItemPrefix="TestUnit.ScheduleMakerController.java" Intrnl_Id="51">
<LocList>
<Loc EndOffset="1442" SrcFileId="1" StartOffset="1408"/>
</LocList>
</BasicStmnt>
</StmntSeq>
</Branch>
<Branch CovItemId="B10" CovItemPrefix="TestUnit.ScheduleMakerController.java" Implct="true" Intrnl_Id="52">
<Cond/>
<LocList/>
<StmntSeq Intrnl_Id="53">
<LocList/>
</StmntSeq>
</Branch>
<Keyword EndOffset="1372" SrcFileId="1" StartOffset="1370"/>
<LocList>
<Loc EndOffset="1442" SrcFileId="1" StartOffset="1370"/>
</LocList>
</CondStmnt>
</StmntSeq>
</Branch>
<Branch CovItemId="B8" CovItemPrefix="TestUnit.ScheduleMakerController.java" Implct="false" Intrnl_Id="54">
<Cond>
<Loc EndOffset="1467" SrcFileId="1" StartOffset="1463"/>
</Cond>
<LocList>
<Loc EndOffset="2182" SrcFileId="1" StartOffset="1477"/>
</LocList>
<StmntSeq Intrnl_Id="55">
<LocList>
<Loc EndOffset="2171" SrcFileId="1" StartOffset="1492"/>
</LocList>
<CondStmnt CovItemId="S19" CovItemPrefix="TestUnit.ScheduleMakerController.java" Intrnl_Id="56">
<Branch CovItemId="B11" CovItemPrefix="TestUnit.ScheduleMakerController.java" Implct="false" Intrnl_Id="57">
<Cond/>
<LocList>
<Loc EndOffset="2066" SrcFileId="1" StartOffset="1552"/>
</LocList>
<StmntSeq Intrnl_Id="58">
<LocList>
<Loc EndOffset="2051" SrcFileId="1" StartOffset="1571"/>
</LocList>
<LoopStmnt CovItemId="S20" CovItemPrefix="TestUnit.ScheduleMakerController.java" Intrnl_Id="59" MltplExecId="L4-2" MltplExecPrefix="TestUnit.ScheduleMakerController.java" NvrExecId="L4-0" NvrExecPrefix="TestUnit.ScheduleMakerController.java" OnceExecutedId="L4-1" OnceExecutedPrefix="TestUnit.ScheduleMakerController.java" OptBodyExec="true">
<StmntSeq Intrnl_Id="60">
<LocList>
<Loc EndOffset="1763" SrcFileId="1" StartOffset="1675"/>
<Loc EndOffset="1817" SrcFileId="1" StartOffset="1785"/>
<Loc EndOffset="1885" SrcFileId="1" StartOffset="1839"/>
<Loc EndOffset="1928" SrcFileId="1" StartOffset="1907"/>
<Loc EndOffset="1973" SrcFileId="1" StartOffset="1952"/>
<Loc EndOffset="2032" SrcFileId="1" StartOffset="1995"/>
</LocList>
<BasicStmnt CovItemId="S21" CovItemPrefix="TestUnit.ScheduleMakerController.java" Intrnl_Id="61">
<LocList>
<Loc EndOffset="1763" SrcFileId="1" StartOffset="1675"/>
</LocList>
</BasicStmnt>
<BasicStmnt CovItemId="S22" CovItemPrefix="TestUnit.ScheduleMakerController.java" Intrnl_Id="62">
<LocList>
<Loc EndOffset="1817" SrcFileId="1" StartOffset="1785"/>
</LocList>
</BasicStmnt>
<BasicStmnt CovItemId="S23" CovItemPrefix="TestUnit.ScheduleMakerController.java" Intrnl_Id="63">
<LocList>
<Loc EndOffset="1885" SrcFileId="1" StartOffset="1839"/>
</LocList>
</BasicStmnt>
<BasicStmnt CovItemId="S24" CovItemPrefix="TestUnit.ScheduleMakerController.java" Intrnl_Id="64">
<LocList>
<Loc EndOffset="1928" SrcFileId="1" StartOffset="1907"/>
</LocList>
</BasicStmnt>
<BasicStmnt CovItemId="S25" CovItemPrefix="TestUnit.ScheduleMakerController.java" Intrnl_Id="65">
<LocList>
<Loc EndOffset="1973" SrcFileId="1" StartOffset="1952"/>
</LocList>
</BasicStmnt>
<BasicStmnt CovItemId="S26" CovItemPrefix="TestUnit.ScheduleMakerController.java" Intrnl_Id="66">
<LocList>
<Loc EndOffset="2032" SrcFileId="1" StartOffset="1995"/>
</LocList>
</BasicStmnt>
</StmntSeq>
<Keyword EndOffset="1574" SrcFileId="1" StartOffset="1571"/>
<LocList>
<Loc EndOffset="2051" SrcFileId="1" StartOffset="1571"/>
</LocList>
</LoopStmnt>
</StmntSeq>
</Branch>
<Branch CovItemId="B12" CovItemPrefix="TestUnit.ScheduleMakerController.java" Implct="false" Intrnl_Id="67">
<Cond>
<Loc EndOffset="2084" SrcFileId="1" StartOffset="2080"/>
</Cond>
<LocList>
<Loc EndOffset="2171" SrcFileId="1" StartOffset="2098"/>
</LocList>
<StmntSeq Intrnl_Id="68">
<LocList>
<Loc EndOffset="2156" SrcFileId="1" StartOffset="2117"/>
</LocList>
<BasicStmnt CovItemId="S27" CovItemPrefix="TestUnit.ScheduleMakerController.java" Intrnl_Id="69">
<LocList>
<Loc EndOffset="2156" SrcFileId="1" StartOffset="2117"/>
</LocList>
</BasicStmnt>
</StmntSeq>
</Branch>
<Keyword EndOffset="1494" SrcFileId="1" StartOffset="1492"/>
<LocList>
<Loc EndOffset="2171" SrcFileId="1" StartOffset="1492"/>
</LocList>
</CondStmnt>
</StmntSeq>
</Branch>
<Keyword EndOffset="1327" SrcFileId="1" StartOffset="1325"/>
<LocList>
<Loc EndOffset="2182" SrcFileId="1" StartOffset="1325"/>
</LocList>
</CondStmnt>
</StmntSeq>
</HierarchyLvl>
<HierarchyLvl HierarchyLvlId="167" HierarchyLvlTypeId="3" Intrnl_Id="70" Name="createSchedule">
<Header>
<Loc EndOffset="2263" SrcFileId="1" StartOffset="2197"/>
</Header>
<LocList>
<Loc EndOffset="6748" SrcFileId="1" StartOffset="2197"/>
</LocList>
<StmntSeq Intrnl_Id="71">
<LocList>
<Loc EndOffset="2334" SrcFileId="1" StartOffset="2275"/>
<Loc EndOffset="2665" SrcFileId="1" StartOffset="2612"/>
<Loc EndOffset="2796" SrcFileId="1" StartOffset="2675"/>
<Loc EndOffset="2927" SrcFileId="1" StartOffset="2806"/>
<Loc EndOffset="3058" SrcFileId="1" StartOffset="2937"/>
<Loc EndOffset="3189" SrcFileId="1" StartOffset="3068"/>
<Loc EndOffset="3320" SrcFileId="1" StartOffset="3199"/>
<Loc EndOffset="3451" SrcFileId="1" StartOffset="3330"/>
<Loc EndOffset="3749" SrcFileId="1" StartOffset="3694"/>
<Loc EndOffset="3896" SrcFileId="1" StartOffset="3844"/>
<Loc EndOffset="4100" SrcFileId="1" StartOffset="3906"/>
<Loc EndOffset="4163" SrcFileId="1" StartOffset="4132"/>
<Loc EndOffset="4224" SrcFileId="1" StartOffset="4205"/>
<Loc EndOffset="4340" SrcFileId="1" StartOffset="4234"/>
<Loc EndOffset="4456" SrcFileId="1" StartOffset="4350"/>
<Loc EndOffset="4572" SrcFileId="1" StartOffset="4466"/>
<Loc EndOffset="4690" SrcFileId="1" StartOffset="4582"/>
<Loc EndOffset="4806" SrcFileId="1" StartOffset="4700"/>
<Loc EndOffset="4922" SrcFileId="1" StartOffset="4816"/>
<Loc EndOffset="5040" SrcFileId="1" StartOffset="4932"/>
<Loc EndOffset="5179" SrcFileId="1" StartOffset="5080"/>
<Loc EndOffset="6580" SrcFileId="1" StartOffset="5191"/>
<Loc EndOffset="6712" SrcFileId="1" StartOffset="6592"/>
<Loc EndOffset="6741" SrcFileId="1" StartOffset="6724"/>
</LocList>
<BasicStmnt CovItemId="S28" CovItemPrefix="TestUnit.ScheduleMakerController.java" Intrnl_Id="72">
<LocList>
<Loc EndOffset="2334" SrcFileId="1" StartOffset="2275"/>
</LocList>
</BasicStmnt>
<BasicStmnt CovItemId="S29" CovItemPrefix="TestUnit.ScheduleMakerController.java" Intrnl_Id="73">
<LocList>
<Loc EndOffset="2665" SrcFileId="1" StartOffset="2612"/>
</LocList>
</BasicStmnt>
<CondStmnt CovItemId="S30" CovItemPrefix="TestUnit.ScheduleMakerController.java" Intrnl_Id="74">
<Branch CovItemId="B13" CovItemPrefix="TestUnit.ScheduleMakerController.java" Implct="false" Intrnl_Id="75">
<Cond/>
<LocList>
<Loc EndOffset="2796" SrcFileId="1" StartOffset="2763"/>
</LocList>
<StmntSeq Intrnl_Id="76">
<LocList>
<Loc EndOffset="2796" SrcFileId="1" StartOffset="2763"/>
</LocList>
<BasicStmnt CovItemId="S31" CovItemPrefix="TestUnit.ScheduleMakerController.java" Intrnl_Id="77">
<LocList>
<Loc EndOffset="2796" SrcFileId="1" StartOffset="2763"/>
</LocList>
</BasicStmnt>
</StmntSeq>
</Branch>
<Branch CovItemId="B14" CovItemPrefix="TestUnit.ScheduleMakerController.java" Implct="true" Intrnl_Id="78">
<Cond/>
<LocList/>
<StmntSeq Intrnl_Id="79">
<LocList/>
</StmntSeq>
</Branch>
<Keyword EndOffset="2677" SrcFileId="1" StartOffset="2675"/>
<LocList>
<Loc EndOffset="2796" SrcFileId="1" StartOffset="2675"/>
</LocList>
</CondStmnt>
<CondStmnt CovItemId="S32" CovItemPrefix="TestUnit.ScheduleMakerController.java" Intrnl_Id="80">
<Branch CovItemId="B15" CovItemPrefix="TestUnit.ScheduleMakerController.java" Implct="false" Intrnl_Id="81">
<Cond/>
<LocList>
<Loc EndOffset="2927" SrcFileId="1" StartOffset="2894"/>
</LocList>
<StmntSeq Intrnl_Id="82">
<LocList>
<Loc EndOffset="2927" SrcFileId="1" StartOffset="2894"/>
</LocList>
<BasicStmnt CovItemId="S33" CovItemPrefix="TestUnit.ScheduleMakerController.java" Intrnl_Id="83">
<LocList>
<Loc EndOffset="2927" SrcFileId="1" StartOffset="2894"/>
</LocList>
</BasicStmnt>
</StmntSeq>
</Branch>
<Branch CovItemId="B16" CovItemPrefix="TestUnit.ScheduleMakerController.java" Implct="true" Intrnl_Id="84">
<Cond/>
<LocList/>
<StmntSeq Intrnl_Id="85">
<LocList/>
</StmntSeq>
</Branch>
<Keyword EndOffset="2808" SrcFileId="1" StartOffset="2806"/>
<LocList>
<Loc EndOffset="2927" SrcFileId="1" StartOffset="2806"/>
</LocList>
</CondStmnt>
<CondStmnt CovItemId="S34" CovItemPrefix="TestUnit.ScheduleMakerController.java" Intrnl_Id="86">
<Branch CovItemId="B17" CovItemPrefix="TestUnit.ScheduleMakerController.java" Implct="false" Intrnl_Id="87">
<Cond/>
<LocList>
<Loc EndOffset="3058" SrcFileId="1" StartOffset="3025"/>
</LocList>
<StmntSeq Intrnl_Id="88">
<LocList>
<Loc EndOffset="3058" SrcFileId="1" StartOffset="3025"/>
</LocList>
<BasicStmnt CovItemId="S35" CovItemPrefix="TestUnit.ScheduleMakerController.java" Intrnl_Id="89">
<LocList>
<Loc EndOffset="3058" SrcFileId="1" StartOffset="3025"/>
</LocList>
</BasicStmnt>
</StmntSeq>
</Branch>
<Branch CovItemId="B18" CovItemPrefix="TestUnit.ScheduleMakerController.java" Implct="true" Intrnl_Id="90">
<Cond/>
<LocList/>
<StmntSeq Intrnl_Id="91">
<LocList/>
</StmntSeq>
</Branch>
<Keyword EndOffset="2939" SrcFileId="1" StartOffset="2937"/>
<LocList>
<Loc EndOffset="3058" SrcFileId="1" StartOffset="2937"/>
</LocList>
</CondStmnt>
<CondStmnt CovItemId="S36" CovItemPrefix="TestUnit.ScheduleMakerController.java" Intrnl_Id="92">
<Branch CovItemId="B19" CovItemPrefix="TestUnit.ScheduleMakerController.java" Implct="false" Intrnl_Id="93">
<Cond/>
<LocList>
<Loc EndOffset="3189" SrcFileId="1" StartOffset="3156"/>
</LocList>
<StmntSeq Intrnl_Id="94">
<LocList>
<Loc EndOffset="3189" SrcFileId="1" StartOffset="3156"/>
</LocList>
<BasicStmnt CovItemId="S37" CovItemPrefix="TestUnit.ScheduleMakerController.java" Intrnl_Id="95">
<LocList>
<Loc EndOffset="3189" SrcFileId="1" StartOffset="3156"/>
</LocList>
</BasicStmnt>
</StmntSeq>
</Branch>
<Branch CovItemId="B20" CovItemPrefix="TestUnit.ScheduleMakerController.java" Implct="true" Intrnl_Id="96">
<Cond/>
<LocList/>
<StmntSeq Intrnl_Id="97">
<LocList/>
</StmntSeq>
</Branch>
<Keyword EndOffset="3070" SrcFileId="1" StartOffset="3068"/>
<LocList>
<Loc EndOffset="3189" SrcFileId="1" StartOffset="3068"/>
</LocList>
</CondStmnt>
<CondStmnt CovItemId="S38" CovItemPrefix="TestUnit.ScheduleMakerController.java" Intrnl_Id="98">
<Branch CovItemId="B21" CovItemPrefix="TestUnit.ScheduleMakerController.java" Implct="false" Intrnl_Id="99">
<Cond/>
<LocList>
<Loc EndOffset="3320" SrcFileId="1" StartOffset="3287"/>
</LocList>
<StmntSeq Intrnl_Id="100">
<LocList>
<Loc EndOffset="3320" SrcFileId="1" StartOffset="3287"/>
</LocList>
<BasicStmnt CovItemId="S39" CovItemPrefix="TestUnit.ScheduleMakerController.java" Intrnl_Id="101">
<LocList>
<Loc EndOffset="3320" SrcFileId="1" StartOffset="3287"/>
</LocList>
</BasicStmnt>
</StmntSeq>
</Branch>
<Branch CovItemId="B22" CovItemPrefix="TestUnit.ScheduleMakerController.java" Implct="true" Intrnl_Id="102">
<Cond/>
<LocList/>
<StmntSeq Intrnl_Id="103">
<LocList/>
</StmntSeq>
</Branch>
<Keyword EndOffset="3201" SrcFileId="1" StartOffset="3199"/>
<LocList>
<Loc EndOffset="3320" SrcFileId="1" StartOffset="3199"/>
</LocList>
</CondStmnt>
<CondStmnt CovItemId="S40" CovItemPrefix="TestUnit.ScheduleMakerController.java" Intrnl_Id="104">
<Branch CovItemId="B23" CovItemPrefix="TestUnit.ScheduleMakerController.java" Implct="false" Intrnl_Id="105">
<Cond/>
<LocList>
<Loc EndOffset="3451" SrcFileId="1" StartOffset="3418"/>
</LocList>
<StmntSeq Intrnl_Id="106">
<LocList>
<Loc EndOffset="3451" SrcFileId="1" StartOffset="3418"/>
</LocList>
<BasicStmnt CovItemId="S41" CovItemPrefix="TestUnit.ScheduleMakerController.java" Intrnl_Id="107">
<LocList>
<Loc EndOffset="3451" SrcFileId="1" StartOffset="3418"/>
</LocList>
</BasicStmnt>
</StmntSeq>
</Branch>
<Branch CovItemId="B24" CovItemPrefix="TestUnit.ScheduleMakerController.java" Implct="true" Intrnl_Id="108">
<Cond/>
<LocList/>
<StmntSeq Intrnl_Id="109">
<LocList/>
</StmntSeq>
</Branch>
<Keyword EndOffset="3332" SrcFileId="1" StartOffset="3330"/>
<LocList>
<Loc EndOffset="3451" SrcFileId="1" StartOffset="3330"/>
</LocList>
</CondStmnt>
<CondStmnt CovItemId="S42" CovItemPrefix="TestUnit.ScheduleMakerController.java" Intrnl_Id="110">
<Branch CovItemId="B25" CovItemPrefix="TestUnit.ScheduleMakerController.java" Implct="false" Intrnl_Id="111">
<Cond/>
<LocList>
<Loc EndOffset="3749" SrcFileId="1" StartOffset="3732"/>
</LocList>
<StmntSeq Intrnl_Id="112">
<LocList>
<Loc EndOffset="3749" SrcFileId="1" StartOffset="3732"/>
</LocList>
<BasicStmnt CovItemId="S43" CovItemPrefix="TestUnit.ScheduleMakerController.java" Intrnl_Id="113">
<LocList>
<Loc EndOffset="3749" SrcFileId="1" StartOffset="3732"/>
</LocList>
</BasicStmnt>
</StmntSeq>
</Branch>
<Branch CovItemId="B26" CovItemPrefix="TestUnit.ScheduleMakerController.java" Implct="true" Intrnl_Id="114">
<Cond/>
<LocList/>
<StmntSeq Intrnl_Id="115">
<LocList/>
</StmntSeq>
</Branch>
<Keyword EndOffset="3696" SrcFileId="1" StartOffset="3694"/>
<LocList>
<Loc EndOffset="3749" SrcFileId="1" StartOffset="3694"/>
</LocList>
</CondStmnt>
<BasicStmnt CovItemId="S44" CovItemPrefix="TestUnit.ScheduleMakerController.java" Intrnl_Id="116">
<LocList>
<Loc EndOffset="3896" SrcFileId="1" StartOffset="3844"/>
</LocList>
</BasicStmnt>
<CondStmnt CovItemId="S45" CovItemPrefix="TestUnit.ScheduleMakerController.java" Intrnl_Id="117">
<Branch CovItemId="B27" CovItemPrefix="TestUnit.ScheduleMakerController.java" Implct="false" Intrnl_Id="118">
<Cond/>
<LocList>
<Loc EndOffset="4041" SrcFileId="1" StartOffset="3953"/>
</LocList>
<StmntSeq Intrnl_Id="119">
<LocList>
<Loc EndOffset="3991" SrcFileId="1" StartOffset="3968"/>
<Loc EndOffset="4030" SrcFileId="1" StartOffset="4005"/>
</LocList>
<BasicStmnt CovItemId="S46" CovItemPrefix="TestUnit.ScheduleMakerController.java" Intrnl_Id="120">
<LocList>
<Loc EndOffset="3991" SrcFileId="1" StartOffset="3968"/>
</LocList>
</BasicStmnt>
<BasicStmnt CovItemId="S47" CovItemPrefix="TestUnit.ScheduleMakerController.java" Intrnl_Id="121">
<LocList>
<Loc EndOffset="4030" SrcFileId="1" StartOffset="4005"/>
</LocList>
</BasicStmnt>
</StmntSeq>
</Branch>
<Branch CovItemId="B28" CovItemPrefix="TestUnit.ScheduleMakerController.java" Implct="false" Intrnl_Id="122">
<Cond>
<Loc EndOffset="4055" SrcFileId="1" StartOffset="4051"/>
</Cond>
<LocList>
<Loc EndOffset="4100" SrcFileId="1" StartOffset="4069"/>
</LocList>
<StmntSeq Intrnl_Id="123">
<LocList>
<Loc EndOffset="4100" SrcFileId="1" StartOffset="4069"/>
</LocList>
<BasicStmnt CovItemId="S48" CovItemPrefix="TestUnit.ScheduleMakerController.java" Intrnl_Id="124">
<LocList>
<Loc EndOffset="4100" SrcFileId="1" StartOffset="4069"/>
</LocList>
</BasicStmnt>
</StmntSeq>
</Branch>
<Keyword EndOffset="3908" SrcFileId="1" StartOffset="3906"/>
<LocList>
<Loc EndOffset="4100" SrcFileId="1" StartOffset="3906"/>
</LocList>
</CondStmnt>
<BasicStmnt CovItemId="S49" CovItemPrefix="TestUnit.ScheduleMakerController.java" Intrnl_Id="125">
<LocList>
<Loc EndOffset="4163" SrcFileId="1" StartOffset="4132"/>
</LocList>
</BasicStmnt>
<BasicStmnt CovItemId="S50" CovItemPrefix="TestUnit.ScheduleMakerController.java" Intrnl_Id="126">
<LocList>
<Loc EndOffset="4224" SrcFileId="1" StartOffset="4205"/>
</LocList>
</BasicStmnt>
<CondStmnt CovItemId="S51" CovItemPrefix="TestUnit.ScheduleMakerController.java" Intrnl_Id="127">
<Branch CovItemId="B29" CovItemPrefix="TestUnit.ScheduleMakerController.java" Implct="false" Intrnl_Id="128">
<Cond/>
<LocList>
<Loc EndOffset="4298" SrcFileId="1" StartOffset="4274"/>
</LocList>
<StmntSeq Intrnl_Id="129">
<LocList>
<Loc EndOffset="4298" SrcFileId="1" StartOffset="4274"/>
</LocList>
<BasicStmnt CovItemId="S52" CovItemPrefix="TestUnit.ScheduleMakerController.java" Intrnl_Id="130">
<LocList>
<Loc EndOffset="4298" SrcFileId="1" StartOffset="4274"/>
</LocList>
</BasicStmnt>
</StmntSeq>
</Branch>
<Branch CovItemId="B30" CovItemPrefix="TestUnit.ScheduleMakerController.java" Implct="false" Intrnl_Id="131">
<Cond>
<Loc EndOffset="4312" SrcFileId="1" StartOffset="4308"/>
</Cond>
<LocList>
<Loc EndOffset="4340" SrcFileId="1" StartOffset="4326"/>
</LocList>
<StmntSeq Intrnl_Id="132">
<LocList>
<Loc EndOffset="4340" SrcFileId="1" StartOffset="4326"/>
</LocList>
<BasicStmnt CovItemId="S53" CovItemPrefix="TestUnit.ScheduleMakerController.java" Intrnl_Id="133">
<LocList>
<Loc EndOffset="4340" SrcFileId="1" StartOffset="4326"/>
</LocList>
</BasicStmnt>
</StmntSeq>
</Branch>
<Keyword EndOffset="4236" SrcFileId="1" StartOffset="4234"/>
<LocList>
<Loc EndOffset="4340" SrcFileId="1" StartOffset="4234"/>
</LocList>
</CondStmnt>
<CondStmnt CovItemId="S54" CovItemPrefix="TestUnit.ScheduleMakerController.java" Intrnl_Id="134">
<Branch CovItemId="B31" CovItemPrefix="TestUnit.ScheduleMakerController.java" Implct="false" Intrnl_Id="135">
<Cond/>
<LocList>
<Loc EndOffset="4414" SrcFileId="1" StartOffset="4390"/>
</LocList>
<StmntSeq Intrnl_Id="136">
<LocList>
<Loc EndOffset="4414" SrcFileId="1" StartOffset="4390"/>
</LocList>
<BasicStmnt CovItemId="S55" CovItemPrefix="TestUnit.ScheduleMakerController.java" Intrnl_Id="137">
<LocList>
<Loc EndOffset="4414" SrcFileId="1" StartOffset="4390"/>
</LocList>
</BasicStmnt>
</StmntSeq>
</Branch>
<Branch CovItemId="B32" CovItemPrefix="TestUnit.ScheduleMakerController.java" Implct="false" Intrnl_Id="138">
<Cond>
<Loc EndOffset="4428" SrcFileId="1" StartOffset="4424"/>
</Cond>
<LocList>
<Loc EndOffset="4456" SrcFileId="1" StartOffset="4442"/>
</LocList>
<StmntSeq Intrnl_Id="139">
<LocList>
<Loc EndOffset="4456" SrcFileId="1" StartOffset="4442"/>
</LocList>
<BasicStmnt CovItemId="S56" CovItemPrefix="TestUnit.ScheduleMakerController.java" Intrnl_Id="140">
<LocList>
<Loc EndOffset="4456" SrcFileId="1" StartOffset="4442"/>
</LocList>
</BasicStmnt>
</StmntSeq>
</Branch>
<Keyword EndOffset="4352" SrcFileId="1" StartOffset="4350"/>
<LocList>
<Loc EndOffset="4456" SrcFileId="1" StartOffset="4350"/>
</LocList>
</CondStmnt>
<CondStmnt CovItemId="S57" CovItemPrefix="TestUnit.ScheduleMakerController.java" Intrnl_Id="141">
<Branch CovItemId="B33" CovItemPrefix="TestUnit.ScheduleMakerController.java" Implct="false" Intrnl_Id="142">
<Cond/>
<LocList>
<Loc EndOffset="4530" SrcFileId="1" StartOffset="4506"/>
</LocList>
<StmntSeq Intrnl_Id="143">
<LocList>
<Loc EndOffset="4530" SrcFileId="1" StartOffset="4506"/>
</LocList>
<BasicStmnt CovItemId="S58" CovItemPrefix="TestUnit.ScheduleMakerController.java" Intrnl_Id="144">
<LocList>
<Loc EndOffset="4530" SrcFileId="1" StartOffset="4506"/>
</LocList>
</BasicStmnt>
</StmntSeq>
</Branch>
<Branch CovItemId="B34" CovItemPrefix="TestUnit.ScheduleMakerController.java" Implct="false" Intrnl_Id="145">
<Cond>
<Loc EndOffset="4544" SrcFileId="1" StartOffset="4540"/>
</Cond>
<LocList>
<Loc EndOffset="4572" SrcFileId="1" StartOffset="4558"/>
</LocList>
<StmntSeq Intrnl_Id="146">
<LocList>
<Loc EndOffset="4572" SrcFileId="1" StartOffset="4558"/>
</LocList>
<BasicStmnt CovItemId="S59" CovItemPrefix="TestUnit.ScheduleMakerController.java" Intrnl_Id="147">
<LocList>
<Loc EndOffset="4572" SrcFileId="1" StartOffset="4558"/>
</LocList>
</BasicStmnt>
</StmntSeq>
</Branch>
<Keyword EndOffset="4468" SrcFileId="1" StartOffset="4466"/>
<LocList>
<Loc EndOffset="4572" SrcFileId="1" StartOffset="4466"/>
</LocList>
</CondStmnt>
<CondStmnt CovItemId="S60" CovItemPrefix="TestUnit.ScheduleMakerController.java" Intrnl_Id="148">
<Branch CovItemId="B35" CovItemPrefix="TestUnit.ScheduleMakerController.java" Implct="false" Intrnl_Id="149">
<Cond/>
<LocList>
<Loc EndOffset="4648" SrcFileId="1" StartOffset="4623"/>
</LocList>
<StmntSeq Intrnl_Id="150">
<LocList>
<Loc EndOffset="4648" SrcFileId="1" StartOffset="4623"/>
</LocList>
<BasicStmnt CovItemId="S61" CovItemPrefix="TestUnit.ScheduleMakerController.java" Intrnl_Id="151">
<LocList>
<Loc EndOffset="4648" SrcFileId="1" StartOffset="4623"/>
</LocList>
</BasicStmnt>
</StmntSeq>
</Branch>
<Branch CovItemId="B36" CovItemPrefix="TestUnit.ScheduleMakerController.java" Implct="false" Intrnl_Id="152">
<Cond>
<Loc EndOffset="4662" SrcFileId="1" StartOffset="4658"/>
</Cond>
<LocList>
<Loc EndOffset="4690" SrcFileId="1" StartOffset="4676"/>
</LocList>
<StmntSeq Intrnl_Id="153">
<LocList>
<Loc EndOffset="4690" SrcFileId="1" StartOffset="4676"/>
</LocList>
<BasicStmnt CovItemId="S62" CovItemPrefix="TestUnit.ScheduleMakerController.java" Intrnl_Id="154">
<LocList>
<Loc EndOffset="4690" SrcFileId="1" StartOffset="4676"/>
</LocList>
</BasicStmnt>
</StmntSeq>
</Branch>
<Keyword EndOffset="4584" SrcFileId="1" StartOffset="4582"/>
<LocList>
<Loc EndOffset="4690" SrcFileId="1" StartOffset="4582"/>
</LocList>
</CondStmnt>
<CondStmnt CovItemId="S63" CovItemPrefix="TestUnit.ScheduleMakerController.java" Intrnl_Id="155">
<Branch CovItemId="B37" CovItemPrefix="TestUnit.ScheduleMakerController.java" Implct="false" Intrnl_Id="156">
<Cond/>
<LocList>
<Loc EndOffset="4764" SrcFileId="1" StartOffset="4740"/>
</LocList>
<StmntSeq Intrnl_Id="157">
<LocList>
<Loc EndOffset="4764" SrcFileId="1" StartOffset="4740"/>
</LocList>
<BasicStmnt CovItemId="S64" CovItemPrefix="TestUnit.ScheduleMakerController.java" Intrnl_Id="158">
<LocList>
<Loc EndOffset="4764" SrcFileId="1" StartOffset="4740"/>
</LocList>
</BasicStmnt>
</StmntSeq>
</Branch>
<Branch CovItemId="B38" CovItemPrefix="TestUnit.ScheduleMakerController.java" Implct="false" Intrnl_Id="159">
<Cond>
<Loc EndOffset="4778" SrcFileId="1" StartOffset="4774"/>
</Cond>
<LocList>
<Loc EndOffset="4806" SrcFileId="1" StartOffset="4792"/>
</LocList>
<StmntSeq Intrnl_Id="160">
<LocList>
<Loc EndOffset="4806" SrcFileId="1" StartOffset="4792"/>
</LocList>
<BasicStmnt CovItemId="S65" CovItemPrefix="TestUnit.ScheduleMakerController.java" Intrnl_Id="161">
<LocList>
<Loc EndOffset="4806" SrcFileId="1" StartOffset="4792"/>
</LocList>
</BasicStmnt>
</StmntSeq>
</Branch>
<Keyword EndOffset="4702" SrcFileId="1" StartOffset="4700"/>
<LocList>
<Loc EndOffset="4806" SrcFileId="1" StartOffset="4700"/>
</LocList>
</CondStmnt>
<CondStmnt CovItemId="S66" CovItemPrefix="TestUnit.ScheduleMakerController.java" Intrnl_Id="162">
<Branch CovItemId="B39" CovItemPrefix="TestUnit.ScheduleMakerController.java" Implct="false" Intrnl_Id="163">
<Cond/>
<LocList>
<Loc EndOffset="4880" SrcFileId="1" StartOffset="4856"/>
</LocList>
<StmntSeq Intrnl_Id="164">
<LocList>
<Loc EndOffset="4880" SrcFileId="1" StartOffset="4856"/>
</LocList>
<BasicStmnt CovItemId="S67" CovItemPrefix="TestUnit.ScheduleMakerController.java" Intrnl_Id="165">
<LocList>
<Loc EndOffset="4880" SrcFileId="1" StartOffset="4856"/>
</LocList>
</BasicStmnt>
</StmntSeq>
</Branch>
<Branch CovItemId="B40" CovItemPrefix="TestUnit.ScheduleMakerController.java" Implct="false" Intrnl_Id="166">
<Cond>
<Loc EndOffset="4894" SrcFileId="1" StartOffset="4890"/>
</Cond>
<LocList>
<Loc EndOffset="4922" SrcFileId="1" StartOffset="4908"/>
</LocList>
<StmntSeq Intrnl_Id="167">
<LocList>
<Loc EndOffset="4922" SrcFileId="1" StartOffset="4908"/>
</LocList>
<BasicStmnt CovItemId="S68" CovItemPrefix="TestUnit.ScheduleMakerController.java" Intrnl_Id="168">
<LocList>
<Loc EndOffset="4922" SrcFileId="1" StartOffset="4908"/>
</LocList>
</BasicStmnt>
</StmntSeq>
</Branch>
<Keyword EndOffset="4818" SrcFileId="1" StartOffset="4816"/>
<LocList>
<Loc EndOffset="4922" SrcFileId="1" StartOffset="4816"/>
</LocList>
</CondStmnt>
<CondStmnt CovItemId="S69" CovItemPrefix="TestUnit.ScheduleMakerController.java" Intrnl_Id="169">
<Branch CovItemId="B41" CovItemPrefix="TestUnit.ScheduleMakerController.java" Implct="false" Intrnl_Id="170">
<Cond/>
<LocList>
<Loc EndOffset="4998" SrcFileId="1" StartOffset="4973"/>
</LocList>
<StmntSeq Intrnl_Id="171">
<LocList>
<Loc EndOffset="4998" SrcFileId="1" StartOffset="4973"/>
</LocList>
<BasicStmnt CovItemId="S70" CovItemPrefix="TestUnit.ScheduleMakerController.java" Intrnl_Id="172">
<LocList>
<Loc EndOffset="4998" SrcFileId="1" StartOffset="4973"/>
</LocList>
</BasicStmnt>
</StmntSeq>
</Branch>
<Branch CovItemId="B42" CovItemPrefix="TestUnit.ScheduleMakerController.java" Implct="false" Intrnl_Id="173">
<Cond>
<Loc EndOffset="5012" SrcFileId="1" StartOffset="5008"/>
</Cond>
<LocList>
<Loc EndOffset="5040" SrcFileId="1" StartOffset="5026"/>
</LocList>
<StmntSeq Intrnl_Id="174">
<LocList>
<Loc EndOffset="5040" SrcFileId="1" StartOffset="5026"/>
</LocList>
<BasicStmnt CovItemId="S71" CovItemPrefix="TestUnit.ScheduleMakerController.java" Intrnl_Id="175">
<LocList>
<Loc EndOffset="5040" SrcFileId="1" StartOffset="5026"/>
</LocList>
</BasicStmnt>
</StmntSeq>
</Branch>
<Keyword EndOffset="4934" SrcFileId="1" StartOffset="4932"/>
<LocList>
<Loc EndOffset="5040" SrcFileId="1" StartOffset="4932"/>
</LocList>
</CondStmnt>
<BasicStmnt CovItemId="S72" CovItemPrefix="TestUnit.ScheduleMakerController.java" Intrnl_Id="176">
<LocList>
<Loc EndOffset="5179" SrcFileId="1" StartOffset="5080"/>
</LocList>
</BasicStmnt>
<LoopStmnt CovItemId="S73" CovItemPrefix="TestUnit.ScheduleMakerController.java" Intrnl_Id="177" MltplExecId="L5-2" MltplExecPrefix="TestUnit.ScheduleMakerController.java" NvrExecId="L5-0" NvrExecPrefix="TestUnit.ScheduleMakerController.java" OnceExecutedId="L5-1" OnceExecutedPrefix="TestUnit.ScheduleMakerController.java" OptBodyExec="true">
<StmntSeq Intrnl_Id="178">
<LocList>
<Loc EndOffset="5321" SrcFileId="1" StartOffset="5240"/>
<Loc EndOffset="5410" SrcFileId="1" StartOffset="5335"/>
<Loc EndOffset="6569" SrcFileId="1" StartOffset="5424"/>
</LocList>
<BasicStmnt CovItemId="S74" CovItemPrefix="TestUnit.ScheduleMakerController.java" Intrnl_Id="179">
<LocList>
<Loc EndOffset="5321" SrcFileId="1" StartOffset="5240"/>
</LocList>
</BasicStmnt>
<BasicStmnt CovItemId="S75" CovItemPrefix="TestUnit.ScheduleMakerController.java" Intrnl_Id="180">
<LocList>
<Loc EndOffset="5410" SrcFileId="1" StartOffset="5335"/>
</LocList>
</BasicStmnt>
<CondStmnt CovItemId="S76" CovItemPrefix="TestUnit.ScheduleMakerController.java" Intrnl_Id="181">
<Branch CovItemId="B43" CovItemPrefix="TestUnit.ScheduleMakerController.java" Implct="false" Intrnl_Id="182">
<Cond/>
<LocList>
<Loc EndOffset="6569" SrcFileId="1" StartOffset="5465"/>
</LocList>
<StmntSeq Intrnl_Id="183">
<LocList>
<Loc EndOffset="5519" SrcFileId="1" StartOffset="5484"/>
<Loc EndOffset="5608" SrcFileId="1" StartOffset="5537"/>
<Loc EndOffset="6448" SrcFileId="1" StartOffset="5665"/>
<Loc EndOffset="6554" SrcFileId="1" StartOffset="6466"/>
</LocList>
<BasicStmnt CovItemId="S77" CovItemPrefix="TestUnit.ScheduleMakerController.java" Intrnl_Id="184">
<LocList>
<Loc EndOffset="5519" SrcFileId="1" StartOffset="5484"/>
</LocList>
</BasicStmnt>
<BasicStmnt CovItemId="S78" CovItemPrefix="TestUnit.ScheduleMakerController.java" Intrnl_Id="185">
<LocList>
<Loc EndOffset="5608" SrcFileId="1" StartOffset="5537"/>
</LocList>
</BasicStmnt>
<LoopStmnt CovItemId="S79" CovItemPrefix="TestUnit.ScheduleMakerController.java" Intrnl_Id="186" MltplExecId="L6-2" MltplExecPrefix="TestUnit.ScheduleMakerController.java" NvrExecId="L6-0" NvrExecPrefix="TestUnit.ScheduleMakerController.java" OnceExecutedId="L6-1" OnceExecutedPrefix="TestUnit.ScheduleMakerController.java" OptBodyExec="true">
<StmntSeq Intrnl_Id="187">
<LocList>
<Loc EndOffset="5754" SrcFileId="1" StartOffset="5735"/>
<Loc EndOffset="5835" SrcFileId="1" StartOffset="5776"/>
<Loc EndOffset="6325" SrcFileId="1" StartOffset="5857"/>
<Loc EndOffset="6427" SrcFileId="1" StartOffset="6349"/>
</LocList>
<BasicStmnt CovItemId="S80" CovItemPrefix="TestUnit.ScheduleMakerController.java" Intrnl_Id="188">
<LocList>
<Loc EndOffset="5754" SrcFileId="1" StartOffset="5735"/>
</LocList>
</BasicStmnt>
<BasicStmnt CovItemId="S81" CovItemPrefix="TestUnit.ScheduleMakerController.java" Intrnl_Id="189">
<LocList>
<Loc EndOffset="5835" SrcFileId="1" StartOffset="5776"/>
</LocList>
</BasicStmnt>
<LoopStmnt CovItemId="S82" CovItemPrefix="TestUnit.ScheduleMakerController.java" Intrnl_Id="190" MltplExecId="L7-2" MltplExecPrefix="TestUnit.ScheduleMakerController.java" NvrExecId="L7-0" NvrExecPrefix="TestUnit.ScheduleMakerController.java" OnceExecutedId="L7-1" OnceExecutedPrefix="TestUnit.ScheduleMakerController.java" OptBodyExec="true">
<StmntSeq Intrnl_Id="191">
<LocList>
<Loc EndOffset="6302" SrcFileId="1" StartOffset="5933"/>
</LocList>
<CondStmnt CovItemId="S83" CovItemPrefix="TestUnit.ScheduleMakerController.java" Intrnl_Id="192">
<Branch CovItemId="B45" CovItemPrefix="TestUnit.ScheduleMakerController.java" Implct="false" Intrnl_Id="193">
<Cond/>
<LocList>
<Loc EndOffset="6302" SrcFileId="1" StartOffset="5979"/>
</LocList>
<StmntSeq Intrnl_Id="194">
<LocList>
<Loc EndOffset="6275" SrcFileId="1" StartOffset="6010"/>
</LocList>
<CondStmnt CovItemId="S84" CovItemPrefix="TestUnit.ScheduleMakerController.java" Intrnl_Id="195">
<Branch CovItemId="B47" CovItemPrefix="TestUnit.ScheduleMakerController.java" Implct="false" Intrnl_Id="196">
<Cond/>
<LocList>
<Loc EndOffset="6086" SrcFileId="1" StartOffset="6068"/>
</LocList>
<StmntSeq Intrnl_Id="197">
<LocList>
<Loc EndOffset="6086" SrcFileId="1" StartOffset="6068"/>
</LocList>
<BasicStmnt CovItemId="S85" CovItemPrefix="TestUnit.ScheduleMakerController.java" Intrnl_Id="198">
<LocList>
<Loc EndOffset="6086" SrcFileId="1" StartOffset="6068"/>
</LocList>
</BasicStmnt>
</StmntSeq>
</Branch>
<Branch CovItemId="B48" CovItemPrefix="TestUnit.ScheduleMakerController.java" Implct="false" Intrnl_Id="199">
<Cond>
<Loc EndOffset="6120" SrcFileId="1" StartOffset="6116"/>
</Cond>
<LocList>
<Loc EndOffset="6275" SrcFileId="1" StartOffset="6150"/>
</LocList>
<StmntSeq Intrnl_Id="200">
<LocList>
<Loc EndOffset="6204" SrcFileId="1" StartOffset="6185"/>
<Loc EndOffset="6244" SrcFileId="1" StartOffset="6238"/>
</LocList>
<BasicStmnt CovItemId="S86" CovItemPrefix="TestUnit.ScheduleMakerController.java" Intrnl_Id="201">
<LocList>
<Loc EndOffset="6204" SrcFileId="1" StartOffset="6185"/>
</LocList>
</BasicStmnt>
<BasicStmnt CovItemId="S87" CovItemPrefix="TestUnit.ScheduleMakerController.java" Intrnl_Id="202">
<LocList>
<Loc EndOffset="6244" SrcFileId="1" StartOffset="6238"/>
</LocList>
</BasicStmnt>
</StmntSeq>
</Branch>
<Keyword EndOffset="6012" SrcFileId="1" StartOffset="6010"/>
<LocList>
<Loc EndOffset="6275" SrcFileId="1" StartOffset="6010"/>
</LocList>
</CondStmnt>
</StmntSeq>
</Branch>
<Branch CovItemId="B46" CovItemPrefix="TestUnit.ScheduleMakerController.java" Implct="true" Intrnl_Id="203">
<Cond/>
<LocList/>
<StmntSeq Intrnl_Id="204">
<LocList/>
</StmntSeq>
</Branch>
<Keyword EndOffset="5935" SrcFileId="1" StartOffset="5933"/>
<LocList>
<Loc EndOffset="6302" SrcFileId="1" StartOffset="5933"/>
</LocList>
</CondStmnt>
</StmntSeq>
<Keyword EndOffset="5860" SrcFileId="1" StartOffset="5857"/>
<LocList>
<Loc EndOffset="6325" SrcFileId="1" StartOffset="5857"/>
</LocList>
</LoopStmnt>
<CondStmnt CovItemId="S88" CovItemPrefix="TestUnit.ScheduleMakerController.java" Intrnl_Id="205">
<Branch CovItemId="B49" CovItemPrefix="TestUnit.ScheduleMakerController.java" Implct="false" Intrnl_Id="206">
<Cond/>
<LocList>
<Loc EndOffset="6427" SrcFileId="1" StartOffset="6390"/>
</LocList>
<StmntSeq Intrnl_Id="207">
<LocList>
<Loc EndOffset="6427" SrcFileId="1" StartOffset="6390"/>
</LocList>
<BasicStmnt CovItemId="S89" CovItemPrefix="TestUnit.ScheduleMakerController.java" Intrnl_Id="208">
<LocList>
<Loc EndOffset="6427" SrcFileId="1" StartOffset="6390"/>
</LocList>
</BasicStmnt>
</StmntSeq>
</Branch>
<Branch CovItemId="B50" CovItemPrefix="TestUnit.ScheduleMakerController.java" Implct="true" Intrnl_Id="209">
<Cond/>
<LocList/>
<StmntSeq Intrnl_Id="210">
<LocList/>
</StmntSeq>
</Branch>
<Keyword EndOffset="6351" SrcFileId="1" StartOffset="6349"/>
<LocList>
<Loc EndOffset="6427" SrcFileId="1" StartOffset="6349"/>
</LocList>
</CondStmnt>
</StmntSeq>
<Keyword EndOffset="5668" SrcFileId="1" StartOffset="5665"/>
<LocList>
<Loc EndOffset="6448" SrcFileId="1" StartOffset="5665"/>
</LocList>
</LoopStmnt>
<CondStmnt CovItemId="S90" CovItemPrefix="TestUnit.ScheduleMakerController.java" Intrnl_Id="211">
<Branch CovItemId="B51" CovItemPrefix="TestUnit.ScheduleMakerController.java" Implct="false" Intrnl_Id="212">
<Cond/>
<LocList>
<Loc EndOffset="6554" SrcFileId="1" StartOffset="6517"/>
</LocList>
<StmntSeq Intrnl_Id="213">
<LocList>
<Loc EndOffset="6554" SrcFileId="1" StartOffset="6517"/>
</LocList>
<BasicStmnt CovItemId="S91" CovItemPrefix="TestUnit.ScheduleMakerController.java" Intrnl_Id="214">
<LocList>
<Loc EndOffset="6554" SrcFileId="1" StartOffset="6517"/>
</LocList>
</BasicStmnt>
</StmntSeq>
</Branch>
<Branch CovItemId="B52" CovItemPrefix="TestUnit.ScheduleMakerController.java" Implct="true" Intrnl_Id="215">
<Cond/>
<LocList/>
<StmntSeq Intrnl_Id="216">
<LocList/>
</StmntSeq>
</Branch>
<Keyword EndOffset="6468" SrcFileId="1" StartOffset="6466"/>
<LocList>
<Loc EndOffset="6554" SrcFileId="1" StartOffset="6466"/>
</LocList>
</CondStmnt>
</StmntSeq>
</Branch>
<Branch CovItemId="B44" CovItemPrefix="TestUnit.ScheduleMakerController.java" Implct="true" Intrnl_Id="217">
<Cond/>
<LocList/>
<StmntSeq Intrnl_Id="218">
<LocList/>
</StmntSeq>
</Branch>
<Keyword EndOffset="5426" SrcFileId="1" StartOffset="5424"/>
<LocList>
<Loc EndOffset="6569" SrcFileId="1" StartOffset="5424"/>
</LocList>
</CondStmnt>
</StmntSeq>
<Keyword EndOffset="5194" SrcFileId="1" StartOffset="5191"/>
<LocList>
<Loc EndOffset="6580" SrcFileId="1" StartOffset="5191"/>
</LocList>
</LoopStmnt>
<CondStmnt CovItemId="S92" CovItemPrefix="TestUnit.ScheduleMakerController.java" Intrnl_Id="219">
<Branch CovItemId="B53" CovItemPrefix="TestUnit.ScheduleMakerController.java" Implct="false" Intrnl_Id="220">
<Cond/>
<LocList>
<Loc EndOffset="6712" SrcFileId="1" StartOffset="6639"/>
</LocList>
<StmntSeq Intrnl_Id="221">
<LocList>
<Loc EndOffset="6712" SrcFileId="1" StartOffset="6639"/>
</LocList>
<BasicStmnt CovItemId="S93" CovItemPrefix="TestUnit.ScheduleMakerController.java" Intrnl_Id="222">
<LocList>
<Loc EndOffset="6712" SrcFileId="1" StartOffset="6639"/>
</LocList>
</BasicStmnt>
</StmntSeq>
</Branch>
<Branch CovItemId="B54" CovItemPrefix="TestUnit.ScheduleMakerController.java" Implct="true" Intrnl_Id="223">
<Cond/>
<LocList/>
<StmntSeq Intrnl_Id="224">
<LocList/>
</StmntSeq>
</Branch>
<Keyword EndOffset="6594" SrcFileId="1" StartOffset="6592"/>
<LocList>
<Loc EndOffset="6712" SrcFileId="1" StartOffset="6592"/>
</LocList>
</CondStmnt>
<BasicStmnt CovItemId="S94" CovItemPrefix="TestUnit.ScheduleMakerController.java" Intrnl_Id="225">
<LocList>
<Loc EndOffset="6741" SrcFileId="1" StartOffset="6724"/>
</LocList>
</BasicStmnt>
</StmntSeq>
</HierarchyLvl>
<HierarchyLvl HierarchyLvlId="168" HierarchyLvlTypeId="3" Intrnl_Id="226" Name="createSchedule">
<Header>
<Loc EndOffset="6866" SrcFileId="1" StartOffset="6756"/>
</Header>
<LocList>
<Loc EndOffset="9167" SrcFileId="1" StartOffset="6756"/>
</LocList>
<StmntSeq Intrnl_Id="227">
<LocList>
<Loc EndOffset="6937" SrcFileId="1" StartOffset="6878"/>
<Loc EndOffset="7004" SrcFileId="1" StartOffset="6949"/>
<Loc EndOffset="7090" SrcFileId="1" StartOffset="7038"/>
<Loc EndOffset="7264" SrcFileId="1" StartOffset="7100"/>
<Loc EndOffset="7403" SrcFileId="1" StartOffset="7304"/>
<Loc EndOffset="8999" SrcFileId="1" StartOffset="7415"/>
<Loc EndOffset="9131" SrcFileId="1" StartOffset="9011"/>
<Loc EndOffset="9160" SrcFileId="1" StartOffset="9143"/>
</LocList>
<BasicStmnt CovItemId="S95" CovItemPrefix="TestUnit.ScheduleMakerController.java" Intrnl_Id="228">
<LocList>
<Loc EndOffset="6937" SrcFileId="1" StartOffset="6878"/>
</LocList>
</BasicStmnt>
<CondStmnt CovItemId="S96" CovItemPrefix="TestUnit.ScheduleMakerController.java" Intrnl_Id="229">
<Branch CovItemId="B55" CovItemPrefix="TestUnit.ScheduleMakerController.java" Implct="false" Intrnl_Id="230">
<Cond/>
<LocList>
<Loc EndOffset="7004" SrcFileId="1" StartOffset="6987"/>
</LocList>
<StmntSeq Intrnl_Id="231">
<LocList>
<Loc EndOffset="7004" SrcFileId="1" StartOffset="6987"/>
</LocList>
<BasicStmnt CovItemId="S97" CovItemPrefix="TestUnit.ScheduleMakerController.java" Intrnl_Id="232">
<LocList>
<Loc EndOffset="7004" SrcFileId="1" StartOffset="6987"/>
</LocList>
</BasicStmnt>
</StmntSeq>
</Branch>
<Branch CovItemId="B56" CovItemPrefix="TestUnit.ScheduleMakerController.java" Implct="true" Intrnl_Id="233">
<Cond/>
<LocList/>
<StmntSeq Intrnl_Id="234">
<LocList/>
</StmntSeq>
</Branch>
<Keyword EndOffset="6951" SrcFileId="1" StartOffset="6949"/>
<LocList>
<Loc EndOffset="7004" SrcFileId="1" StartOffset="6949"/>
</LocList>
</CondStmnt>
<BasicStmnt CovItemId="S98" CovItemPrefix="TestUnit.ScheduleMakerController.java" Intrnl_Id="235">
<LocList>
<Loc EndOffset="7090" SrcFileId="1" StartOffset="7038"/>
</LocList>
</BasicStmnt>
<CondStmnt CovItemId="S99" CovItemPrefix="TestUnit.ScheduleMakerController.java" Intrnl_Id="236">
<Branch CovItemId="B57" CovItemPrefix="TestUnit.ScheduleMakerController.java" Implct="false" Intrnl_Id="237">
<Cond/>
<LocList>
<Loc EndOffset="7220" SrcFileId="1" StartOffset="7132"/>
</LocList>
<StmntSeq Intrnl_Id="238">
<LocList>
<Loc EndOffset="7170" SrcFileId="1" StartOffset="7147"/>
<Loc EndOffset="7209" SrcFileId="1" StartOffset="7184"/>
</LocList>
<BasicStmnt CovItemId="S100" CovItemPrefix="TestUnit.ScheduleMakerController.java" Intrnl_Id="239">
<LocList>
<Loc EndOffset="7170" SrcFileId="1" StartOffset="7147"/>
</LocList>
</BasicStmnt>
<BasicStmnt CovItemId="S101" CovItemPrefix="TestUnit.ScheduleMakerController.java" Intrnl_Id="240">
<LocList>
<Loc EndOffset="7209" SrcFileId="1" StartOffset="7184"/>
</LocList>
</BasicStmnt>
</StmntSeq>
</Branch>
<Branch CovItemId="B58" CovItemPrefix="TestUnit.ScheduleMakerController.java" Implct="false" Intrnl_Id="241">
<Cond>
<Loc EndOffset="7234" SrcFileId="1" StartOffset="7230"/>
</Cond>
<LocList>
<Loc EndOffset="7264" SrcFileId="1" StartOffset="7248"/>
</LocList>
<StmntSeq Intrnl_Id="242">
<LocList>
<Loc EndOffset="7264" SrcFileId="1" StartOffset="7248"/>
</LocList>
<BasicStmnt CovItemId="S102" CovItemPrefix="TestUnit.ScheduleMakerController.java" Intrnl_Id="243">
<LocList>
<Loc EndOffset="7264" SrcFileId="1" StartOffset="7248"/>
</LocList>
</BasicStmnt>
</StmntSeq>
</Branch>
<Keyword EndOffset="7102" SrcFileId="1" StartOffset="7100"/>
<LocList>
<Loc EndOffset="7264" SrcFileId="1" StartOffset="7100"/>
</LocList>
</CondStmnt>
<BasicStmnt CovItemId="S103" CovItemPrefix="TestUnit.ScheduleMakerController.java" Intrnl_Id="244">
<LocList>
<Loc EndOffset="7403" SrcFileId="1" StartOffset="7304"/>
</LocList>
</BasicStmnt>
<LoopStmnt CovItemId="S104" CovItemPrefix="TestUnit.ScheduleMakerController.java" Intrnl_Id="245" MltplExecId="L8-2" MltplExecPrefix="TestUnit.ScheduleMakerController.java" NvrExecId="L8-0" NvrExecPrefix="TestUnit.ScheduleMakerController.java" OnceExecutedId="L8-1" OnceExecutedPrefix="TestUnit.ScheduleMakerController.java" OptBodyExec="true">
<StmntSeq Intrnl_Id="246">
<LocList>
<Loc EndOffset="8988" SrcFileId="1" StartOffset="7464"/>
</LocList>
<CondStmnt CovItemId="S105" CovItemPrefix="TestUnit.ScheduleMakerController.java" Intrnl_Id="247">
<Branch CovItemId="B59" CovItemPrefix="TestUnit.ScheduleMakerController.java" Implct="false" Intrnl_Id="248">
<Cond/>
<LocList>
<Loc EndOffset="8988" SrcFileId="1" StartOffset="7507"/>
</LocList>
<StmntSeq Intrnl_Id="249">
<LocList>
<Loc EndOffset="7607" SrcFileId="1" StartOffset="7526"/>
<Loc EndOffset="7700" SrcFileId="1" StartOffset="7625"/>
<Loc EndOffset="8973" SrcFileId="1" StartOffset="7718"/>
</LocList>
<BasicStmnt CovItemId="S106" CovItemPrefix="TestUnit.ScheduleMakerController.java" Intrnl_Id="250">
<LocList>
<Loc EndOffset="7607" SrcFileId="1" StartOffset="7526"/>
</LocList>
</BasicStmnt>
<BasicStmnt CovItemId="S107" CovItemPrefix="TestUnit.ScheduleMakerController.java" Intrnl_Id="251">
<LocList>
<Loc EndOffset="7700" SrcFileId="1" StartOffset="7625"/>
</LocList>
</BasicStmnt>
<CondStmnt CovItemId="S108" CovItemPrefix="TestUnit.ScheduleMakerController.java" Intrnl_Id="252">
<Branch CovItemId="B61" CovItemPrefix="TestUnit.ScheduleMakerController.java" Implct="false" Intrnl_Id="253">
<Cond/>
<LocList>
<Loc EndOffset="8973" SrcFileId="1" StartOffset="7763"/>
</LocList>
<StmntSeq Intrnl_Id="254">
<LocList>
<Loc EndOffset="7823" SrcFileId="1" StartOffset="7788"/>
<Loc EndOffset="7916" SrcFileId="1" StartOffset="7845"/>
<Loc EndOffset="8840" SrcFileId="1" StartOffset="7981"/>
<Loc EndOffset="8954" SrcFileId="1" StartOffset="8862"/>
</LocList>
<BasicStmnt CovItemId="S109" CovItemPrefix="TestUnit.ScheduleMakerController.java" Intrnl_Id="255">
<LocList>
<Loc EndOffset="7823" SrcFileId="1" StartOffset="7788"/>
</LocList>
</BasicStmnt>
<BasicStmnt CovItemId="S110" CovItemPrefix="TestUnit.ScheduleMakerController.java" Intrnl_Id="256">
<LocList>
<Loc EndOffset="7916" SrcFileId="1" StartOffset="7845"/>
</LocList>
</BasicStmnt>
<LoopStmnt CovItemId="S111" CovItemPrefix="TestUnit.ScheduleMakerController.java" Intrnl_Id="257" MltplExecId="L9-2" MltplExecPrefix="TestUnit.ScheduleMakerController.java" NvrExecId="L9-0" NvrExecPrefix="TestUnit.ScheduleMakerController.java" OnceExecutedId="L9-1" OnceExecutedPrefix="TestUnit.ScheduleMakerController.java" OptBodyExec="true">
<StmntSeq Intrnl_Id="258">
<LocList>
<Loc EndOffset="8078" SrcFileId="1" StartOffset="8059"/>
<Loc EndOffset="8163" SrcFileId="1" StartOffset="8104"/>
<Loc EndOffset="8705" SrcFileId="1" StartOffset="8189"/>
<Loc EndOffset="8815" SrcFileId="1" StartOffset="8733"/>
</LocList>
<BasicStmnt CovItemId="S112" CovItemPrefix="TestUnit.ScheduleMakerController.java" Intrnl_Id="259">
<LocList>
<Loc EndOffset="8078" SrcFileId="1" StartOffset="8059"/>
</LocList>
</BasicStmnt>
<BasicStmnt CovItemId="S113" CovItemPrefix="TestUnit.ScheduleMakerController.java" Intrnl_Id="260">
<LocList>
<Loc EndOffset="8163" SrcFileId="1" StartOffset="8104"/>
</LocList>
</BasicStmnt>
<LoopStmnt CovItemId="S114" CovItemPrefix="TestUnit.ScheduleMakerController.java" Intrnl_Id="261" MltplExecId="L10-2" MltplExecPrefix="TestUnit.ScheduleMakerController.java" NvrExecId="L10-0" NvrExecPrefix="TestUnit.ScheduleMakerController.java" OnceExecutedId="L10-1" OnceExecutedPrefix="TestUnit.ScheduleMakerController.java" OptBodyExec="true">
<StmntSeq Intrnl_Id="262">
<LocList>
<Loc EndOffset="8678" SrcFileId="1" StartOffset="8273"/>
</LocList>
<CondStmnt CovItemId="S115" CovItemPrefix="TestUnit.ScheduleMakerController.java" Intrnl_Id="263">
<Branch CovItemId="B63" CovItemPrefix="TestUnit.ScheduleMakerController.java" Implct="false" Intrnl_Id="264">
<Cond/>
<LocList>
<Loc EndOffset="8678" SrcFileId="1" StartOffset="8323"/>
</LocList>
<StmntSeq Intrnl_Id="265">
<LocList>
<Loc EndOffset="8647" SrcFileId="1" StartOffset="8358"/>
</LocList>
<CondStmnt CovItemId="S116" CovItemPrefix="TestUnit.ScheduleMakerController.java" Intrnl_Id="266">
<Branch CovItemId="B65" CovItemPrefix="TestUnit.ScheduleMakerController.java" Implct="false" Intrnl_Id="267">
<Cond/>
<LocList>
<Loc EndOffset="8438" SrcFileId="1" StartOffset="8420"/>
</LocList>
<StmntSeq Intrnl_Id="268">
<LocList>
<Loc EndOffset="8438" SrcFileId="1" StartOffset="8420"/>
</LocList>
<BasicStmnt CovItemId="S117" CovItemPrefix="TestUnit.ScheduleMakerController.java" Intrnl_Id="269">
<LocList>
<Loc EndOffset="8438" SrcFileId="1" StartOffset="8420"/>
</LocList>
</BasicStmnt>
</StmntSeq>
</Branch>
<Branch CovItemId="B66" CovItemPrefix="TestUnit.ScheduleMakerController.java" Implct="false" Intrnl_Id="270">
<Cond>
<Loc EndOffset="8476" SrcFileId="1" StartOffset="8472"/>
</Cond>
<LocList>
<Loc EndOffset="8647" SrcFileId="1" StartOffset="8510"/>
</LocList>
<StmntSeq Intrnl_Id="271">
<LocList>
<Loc EndOffset="8568" SrcFileId="1" StartOffset="8549"/>
<Loc EndOffset="8612" SrcFileId="1" StartOffset="8606"/>
</LocList>
<BasicStmnt CovItemId="S118" CovItemPrefix="TestUnit.ScheduleMakerController.java" Intrnl_Id="272">
<LocList>
<Loc EndOffset="8568" SrcFileId="1" StartOffset="8549"/>
</LocList>
</BasicStmnt>
<BasicStmnt CovItemId="S119" CovItemPrefix="TestUnit.ScheduleMakerController.java" Intrnl_Id="273">
<LocList>
<Loc EndOffset="8612" SrcFileId="1" StartOffset="8606"/>
</LocList>
</BasicStmnt>
</StmntSeq>
</Branch>
<Keyword EndOffset="8360" SrcFileId="1" StartOffset="8358"/>
<LocList>
<Loc EndOffset="8647" SrcFileId="1" StartOffset="8358"/>
</LocList>
</CondStmnt>
</StmntSeq>
</Branch>
<Branch CovItemId="B64" CovItemPrefix="TestUnit.ScheduleMakerController.java" Implct="true" Intrnl_Id="274">
<Cond/>
<LocList/>
<StmntSeq Intrnl_Id="275">
<LocList/>
</StmntSeq>
</Branch>
<Keyword EndOffset="8275" SrcFileId="1" StartOffset="8273"/>
<LocList>
<Loc EndOffset="8678" SrcFileId="1" StartOffset="8273"/>
</LocList>
</CondStmnt>
</StmntSeq>
<Keyword EndOffset="8192" SrcFileId="1" StartOffset="8189"/>
<LocList>
<Loc EndOffset="8705" SrcFileId="1" StartOffset="8189"/>
</LocList>
</LoopStmnt>
<CondStmnt CovItemId="S120" CovItemPrefix="TestUnit.ScheduleMakerController.java" Intrnl_Id="276">
<Branch CovItemId="B67" CovItemPrefix="TestUnit.ScheduleMakerController.java" Implct="false" Intrnl_Id="277">
<Cond/>
<LocList>
<Loc EndOffset="8815" SrcFileId="1" StartOffset="8778"/>
</LocList>
<StmntSeq Intrnl_Id="278">
<LocList>
<Loc EndOffset="8815" SrcFileId="1" StartOffset="8778"/>
</LocList>
<BasicStmnt CovItemId="S121" CovItemPrefix="TestUnit.ScheduleMakerController.java" Intrnl_Id="279">
<LocList>
<Loc EndOffset="8815" SrcFileId="1" StartOffset="8778"/>
</LocList>
</BasicStmnt>
</StmntSeq>
</Branch>
<Branch CovItemId="B68" CovItemPrefix="TestUnit.ScheduleMakerController.java" Implct="true" Intrnl_Id="280">
<Cond/>
<LocList/>
<StmntSeq Intrnl_Id="281">
<LocList/>
</StmntSeq>
</Branch>
<Keyword EndOffset="8735" SrcFileId="1" StartOffset="8733"/>
<LocList>
<Loc EndOffset="8815" SrcFileId="1" StartOffset="8733"/>
</LocList>
</CondStmnt>
</StmntSeq>
<Keyword EndOffset="7984" SrcFileId="1" StartOffset="7981"/>
<LocList>
<Loc EndOffset="8840" SrcFileId="1" StartOffset="7981"/>
</LocList>
</LoopStmnt>
<CondStmnt CovItemId="S122" CovItemPrefix="TestUnit.ScheduleMakerController.java" Intrnl_Id="282">
<Branch CovItemId="B69" CovItemPrefix="TestUnit.ScheduleMakerController.java" Implct="false" Intrnl_Id="283">
<Cond/>
<LocList>
<Loc EndOffset="8954" SrcFileId="1" StartOffset="8917"/>
</LocList>
<StmntSeq Intrnl_Id="284">
<LocList>
<Loc EndOffset="8954" SrcFileId="1" StartOffset="8917"/>
</LocList>
<BasicStmnt CovItemId="S123" CovItemPrefix="TestUnit.ScheduleMakerController.java" Intrnl_Id="285">
<LocList>
<Loc EndOffset="8954" SrcFileId="1" StartOffset="8917"/>
</LocList>
</BasicStmnt>
</StmntSeq>
</Branch>
<Branch CovItemId="B70" CovItemPrefix="TestUnit.ScheduleMakerController.java" Implct="true" Intrnl_Id="286">
<Cond/>
<LocList/>
<StmntSeq Intrnl_Id="287">
<LocList/>
</StmntSeq>
</Branch>
<Keyword EndOffset="8864" SrcFileId="1" StartOffset="8862"/>
<LocList>
<Loc EndOffset="8954" SrcFileId="1" StartOffset="8862"/>
</LocList>
</CondStmnt>
</StmntSeq>
</Branch>
<Branch CovItemId="B62" CovItemPrefix="TestUnit.ScheduleMakerController.java" Implct="true" Intrnl_Id="288">
<Cond/>
<LocList/>
<StmntSeq Intrnl_Id="289">
<LocList/>
</StmntSeq>
</Branch>
<Keyword EndOffset="7720" SrcFileId="1" StartOffset="7718"/>
<LocList>
<Loc EndOffset="8973" SrcFileId="1" StartOffset="7718"/>
</LocList>
</CondStmnt>
</StmntSeq>
</Branch>
<Branch CovItemId="B60" CovItemPrefix="TestUnit.ScheduleMakerController.java" Implct="true" Intrnl_Id="290">
<Cond/>
<LocList/>
<StmntSeq Intrnl_Id="291">
<LocList/>
</StmntSeq>
</Branch>
<Keyword EndOffset="7466" SrcFileId="1" StartOffset="7464"/>
<LocList>
<Loc EndOffset="8988" SrcFileId="1" StartOffset="7464"/>
</LocList>
</CondStmnt>
</StmntSeq>
<Keyword EndOffset="7418" SrcFileId="1" StartOffset="7415"/>
<LocList>
<Loc EndOffset="8999" SrcFileId="1" StartOffset="7415"/>
</LocList>
</LoopStmnt>
<CondStmnt CovItemId="S124" CovItemPrefix="TestUnit.ScheduleMakerController.java" Intrnl_Id="292">
<Branch CovItemId="B71" CovItemPrefix="TestUnit.ScheduleMakerController.java" Implct="false" Intrnl_Id="293">
<Cond/>
<LocList>
<Loc EndOffset="9131" SrcFileId="1" StartOffset="9058"/>
</LocList>
<StmntSeq Intrnl_Id="294">
<LocList>
<Loc EndOffset="9131" SrcFileId="1" StartOffset="9058"/>
</LocList>
<BasicStmnt CovItemId="S125" CovItemPrefix="TestUnit.ScheduleMakerController.java" Intrnl_Id="295">
<LocList>
<Loc EndOffset="9131" SrcFileId="1" StartOffset="9058"/>
</LocList>
</BasicStmnt>
</StmntSeq>
</Branch>
<Branch CovItemId="B72" CovItemPrefix="TestUnit.ScheduleMakerController.java" Implct="true" Intrnl_Id="296">
<Cond/>
<LocList/>
<StmntSeq Intrnl_Id="297">
<LocList/>
</StmntSeq>
</Branch>
<Keyword EndOffset="9013" SrcFileId="1" StartOffset="9011"/>
<LocList>
<Loc EndOffset="9131" SrcFileId="1" StartOffset="9011"/>
</LocList>
</CondStmnt>
<BasicStmnt CovItemId="S126" CovItemPrefix="TestUnit.ScheduleMakerController.java" Intrnl_Id="298">
<LocList>
<Loc EndOffset="9160" SrcFileId="1" StartOffset="9143"/>
</LocList>
</BasicStmnt>
</StmntSeq>
</HierarchyLvl>
<HierarchyLvl HierarchyLvlId="169" HierarchyLvlTypeId="3" Intrnl_Id="299" Name="sortSchedules">
<Header>
<Loc EndOffset="9202" SrcFileId="1" StartOffset="9175"/>
</Header>
<LocList>
<Loc EndOffset="9228" SrcFileId="1" StartOffset="9175"/>
</LocList>
</HierarchyLvl>
<HierarchyLvl HierarchyLvlId="170" HierarchyLvlTypeId="3" Intrnl_Id="300" Name="getSavedSchedule">
<Header>
<Loc EndOffset="9266" SrcFileId="1" StartOffset="9236"/>
</Header>
<LocList>
<Loc EndOffset="9292" SrcFileId="1" StartOffset="9236"/>
</LocList>
</HierarchyLvl>
<HierarchyLvl HierarchyLvlId="171" HierarchyLvlTypeId="3" Intrnl_Id="301" Name="getBalance">
<Header>
<Loc EndOffset="9324" SrcFileId="1" StartOffset="9300"/>
</Header>
<LocList>
<Loc EndOffset="9350" SrcFileId="1" StartOffset="9300"/>
</LocList>
</HierarchyLvl>
<HierarchyLvl HierarchyLvlId="172" HierarchyLvlTypeId="3" Intrnl_Id="302" Name="findClasses">
<Header>
<Loc EndOffset="9384" SrcFileId="1" StartOffset="9358"/>
</Header>
<LocList>
<Loc EndOffset="9410" SrcFileId="1" StartOffset="9358"/>
</LocList>
</HierarchyLvl>
<HierarchyLvl HierarchyLvlId="173" HierarchyLvlTypeId="3" Intrnl_Id="303" Name="saveSchedules">
<Header>
<Loc EndOffset="9475" SrcFileId="1" StartOffset="9418"/>
</Header>
<LocList>
<Loc EndOffset="9484" SrcFileId="1" StartOffset="9418"/>
</LocList>
</HierarchyLvl>
</HierarchyLvl>
</HierarchyLvl>
</HierarchyLvl>
</MASTRoot>
</TestSessionContainer>
