<?xml version="1.0" encoding="UTF-8"?><TestSessionContainer xmlns="http://www.codecover.org/xml/testsession-container" Date="1501043224990" TestSessionContainerId="d2fab97c-5a8e-4a12-8351-1e62188b4f4e" version="1.0">
<SrcFileList>
<SrcFile Content="package stubs;&#13;&#10;//import org.junit.Test;&#13;&#10;import java.util.Collection;&#13;&#10;import java.util.ArrayList;&#13;&#10;&#13;&#10;import static org.mockito.Mockito.*;&#13;&#10;&#13;&#10;public class ScheduleMakerController {&#13;&#10;&#13;&#10;    private boolean conflict(Collection c) {&#13;&#10;        ArrayList tmp1, tmp2, list = (ArrayList) c;&#13;&#10;        if (list.size() &lt;= 1)&#13;&#10;            return false;&#13;&#10;        for (int i = 0; i &lt; list.size(); i++)&#13;&#10;            for (int j = i + 1; j &lt; list.size(); j++)&#13;&#10;            {&#13;&#10;                tmp1 = (ArrayList) list.get(i);&#13;&#10;                tmp2 = (ArrayList) list.get(j);&#13;&#10;                if (((ClassDetails) tmp1.get(0)).hasConflict((ClassDetails) tmp2.get(0)))&#13;&#10;                    return true;&#13;&#10;            }&#13;&#10;        return false;&#13;&#10;    }&#13;&#10;&#13;&#10;    private boolean sizeIsOne(Collection c) {&#13;&#10;        for (Object item : c)&#13;&#10;        {&#13;&#10;            if (((Collection) item).size() != 1)&#13;&#10;                return false;&#13;&#10;        }&#13;&#10;        return true;&#13;&#10;    }&#13;&#10;&#13;&#10;    /**&#13;&#10;     * @param c         Collection of courses&#13;&#10;     * @param cursor&#13;&#10;     * @param schedules&#13;&#10;     */&#13;&#10;    private void findSchedule(Collection&lt;Collection&lt;ClassDetails&gt;&gt; c, int cursor, Collection&lt;Schedule&gt; schedules) {&#13;&#10;        ArrayList list = (ArrayList) c;&#13;&#10;        if (sizeIsOne(list))&#13;&#10;        {&#13;&#10;            if (!conflict(list))&#13;&#10;                schedules.add(new Schedule(list));&#13;&#10;        }&#13;&#10;        else&#13;&#10;        {&#13;&#10;            if (((ArrayList) list.get(cursor)).size() &gt; 1)&#13;&#10;            {&#13;&#10;                for (int j = 0; j &lt; ((ArrayList) list.get(cursor)).size(); j++)&#13;&#10;                {&#13;&#10;                    ArrayList&lt;Collection&lt;ClassDetails&gt;&gt; tmp = new ArrayList&lt;Collection&lt;ClassDetails&gt;&gt;(list);&#13;&#10;                    ArrayList aux = new ArrayList();&#13;&#10;                    ArrayList aux1 = (ArrayList) list.get(cursor);&#13;&#10;                    aux.add(aux1.get(j));&#13;&#10;&#13;&#10;                    tmp.set(cursor, aux);&#13;&#10;                    findSchedule(tmp, cursor, schedules);&#13;&#10;                }&#13;&#10;            }&#13;&#10;            else&#13;&#10;            {&#13;&#10;                findSchedule(c, cursor - 1, schedules);&#13;&#10;            }&#13;&#10;        }&#13;&#10;    }&#13;&#10;&#13;&#10;    public Collection&lt;Schedule&gt; createSchedule(ScheduleOptions schOpt) {&#13;&#10;        Collection&lt;Schedule&gt; schedules = new ArrayList&lt;Schedule&gt;();&#13;&#10;&#13;&#10;        //get courses&#13;&#10;        // This class checks the ScheduleOptions class which its information&#13;&#10;        // is derived from the createschedule page, this logic checks for empty fields.&#13;&#10;        // If its not empty then insert into the courses String collection&#13;&#10;        Collection&lt;String&gt; courses = new ArrayList&lt;String&gt;();&#13;&#10;        if (schOpt.getCourse1() != null &amp;&amp; !schOpt.getCourse1().trim().equals(&quot;&quot;))&#13;&#10;            courses.add(schOpt.getCourse1());&#13;&#10;        if (schOpt.getCourse2() != null &amp;&amp; !schOpt.getCourse2().trim().equals(&quot;&quot;))&#13;&#10;            courses.add(schOpt.getCourse2());&#13;&#10;        if (schOpt.getCourse3() != null &amp;&amp; !schOpt.getCourse3().trim().equals(&quot;&quot;))&#13;&#10;            courses.add(schOpt.getCourse3());&#13;&#10;        if (schOpt.getCourse4() != null &amp;&amp; !schOpt.getCourse4().trim().equals(&quot;&quot;))&#13;&#10;            courses.add(schOpt.getCourse4());&#13;&#10;        if (schOpt.getCourse5() != null &amp;&amp; !schOpt.getCourse5().trim().equals(&quot;&quot;))&#13;&#10;            courses.add(schOpt.getCourse5());&#13;&#10;        if (schOpt.getCourse6() != null &amp;&amp; !schOpt.getCourse6().trim().equals(&quot;&quot;))&#13;&#10;            courses.add(schOpt.getCourse6());&#13;&#10;//        courses.add(schOpt.getCourse4());&#13;&#10;//        courses.add(schOpt.getCourse5());&#13;&#10;//        courses.add(schOpt.getCourse6());&#13;&#10;        &#13;&#10;        // This checks if any courses were added, if not just return an empty schedule&#13;&#10;        if (courses.size() &lt;= 0)&#13;&#10;            return schedules;&#13;&#10; &#13;&#10;        //get campus, if all then insert both, else insert from schedule option &#13;&#10;        Collection&lt;String&gt; campus = new ArrayList&lt;String&gt;();&#13;&#10;        if (schOpt.getCampus().equals(&quot;All&quot;))&#13;&#10;        {&#13;&#10;            campus.add(&quot;Biscayne&quot;);&#13;&#10;            campus.add(&quot;University&quot;);&#13;&#10;        }&#13;&#10;        else&#13;&#10;            campus.add(schOpt.getCampus());&#13;&#10;&#13;&#10;        //get term&#13;&#10;        String term = schOpt.getTerm();&#13;&#10;&#13;&#10;        //get preferred days&#13;&#10;        String SPDays = &quot;&quot;;&#13;&#10;        if (schOpt.getM() != null)&#13;&#10;            SPDays += schOpt.getM();&#13;&#10;        else&#13;&#10;            SPDays += &quot;1&quot;;&#13;&#10;        if (schOpt.getT() != null)&#13;&#10;            SPDays += schOpt.getT();&#13;&#10;        else&#13;&#10;            SPDays += &quot;1&quot;;&#13;&#10;        if (schOpt.getW() != null)&#13;&#10;            SPDays += schOpt.getW();&#13;&#10;        else&#13;&#10;            SPDays += &quot;1&quot;;&#13;&#10;        if (schOpt.getTh() != null)&#13;&#10;            SPDays += schOpt.getTh();&#13;&#10;        else&#13;&#10;            SPDays += &quot;1&quot;;&#13;&#10;        if (schOpt.getF() != null)&#13;&#10;            SPDays += schOpt.getF();&#13;&#10;        else&#13;&#10;            SPDays += &quot;1&quot;;&#13;&#10;        if (schOpt.getS() != null)&#13;&#10;            SPDays += schOpt.getS();&#13;&#10;        else&#13;&#10;            SPDays += &quot;1&quot;;&#13;&#10;        if (schOpt.getSu() != null)&#13;&#10;            SPDays += schOpt.getSu();&#13;&#10;        else&#13;&#10;            SPDays += &quot;1&quot;;&#13;&#10;&#13;&#10;        Course course_tmp;&#13;&#10;        Collection&lt;Collection&lt;ClassDetails&gt;&gt; course_collection = new ArrayList&lt;Collection&lt;ClassDetails&gt;&gt;();&#13;&#10;&#13;&#10;        for (Object c : courses)&#13;&#10;        {&#13;&#10;            course_tmp = new Course(((String) c).substring(0, 3), ((String) c).substring(3));&#13;&#10;            Collection&lt;ClassDetails&gt; classes_tmp = course_tmp.getClasses(term, campus);&#13;&#10;            if (classes_tmp.size() &gt; 0)&#13;&#10;            {&#13;&#10;                char[] days = SPDays.toCharArray();&#13;&#10;                Collection&lt;ClassDetails&gt; returnClasses = new ArrayList&lt;ClassDetails&gt;();&#13;&#10;                boolean daymatches;&#13;&#10;&#13;&#10;                for (Object cd : classes_tmp)&#13;&#10;                {&#13;&#10;                    daymatches = false;&#13;&#10;                    char[] cdays = ((ClassDetails) cd).getDays().toCharArray();&#13;&#10;                    for (int i = 0; i &lt; 7; i++)&#13;&#10;                    {&#13;&#10;                        if (cdays[i] == '1')&#13;&#10;                        {&#13;&#10;                            if (cdays[i] == days[i])&#13;&#10;                                daymatches = true;&#13;&#10;                            else&#13;&#10;                            {&#13;&#10;                                daymatches = false;&#13;&#10;                                break;&#13;&#10;                            }&#13;&#10;                        }&#13;&#10;                    }&#13;&#10;&#13;&#10;                    if (daymatches)&#13;&#10;                        returnClasses.add((ClassDetails) cd);&#13;&#10;&#13;&#10;                }&#13;&#10;                if (!returnClasses.isEmpty())&#13;&#10;                    course_collection.add(returnClasses);&#13;&#10;            }&#13;&#10;        }&#13;&#10;&#13;&#10;        if (!course_collection.isEmpty())&#13;&#10;            findSchedule(course_collection, course_collection.size() - 1, schedules);&#13;&#10;&#13;&#10;        return schedules;&#13;&#10;    }&#13;&#10;&#13;&#10;    public Collection&lt;Schedule&gt; createSchedule(String term, Collection&lt;String&gt; courses, String cmp, String SPDays) {&#13;&#10;        Collection&lt;Schedule&gt; schedules = new ArrayList&lt;Schedule&gt;();&#13;&#10;&#13;&#10;        if (courses.size() &lt;= 0)&#13;&#10;            return schedules;&#13;&#10;&#13;&#10;        //get campus&#13;&#10;        Collection&lt;String&gt; campus = new ArrayList&lt;String&gt;();&#13;&#10;        if (cmp.equals(&quot;All&quot;))&#13;&#10;        {&#13;&#10;            campus.add(&quot;Biscayne&quot;);&#13;&#10;            campus.add(&quot;University&quot;);&#13;&#10;        }&#13;&#10;        else&#13;&#10;            campus.add(cmp);&#13;&#10;&#13;&#10;        Course course_tmp;&#13;&#10;        Collection&lt;Collection&lt;ClassDetails&gt;&gt; course_collection = new ArrayList&lt;Collection&lt;ClassDetails&gt;&gt;();&#13;&#10;&#13;&#10;        for (Object c : courses)&#13;&#10;        {&#13;&#10;            if (!((String) c).equals(&quot;&quot;))&#13;&#10;            {&#13;&#10;                course_tmp = new Course(((String) c).substring(0, 3), ((String) c).substring(3));&#13;&#10;                Collection&lt;ClassDetails&gt; classes_tmp = course_tmp.getClasses(term, campus);&#13;&#10;                if (classes_tmp.size() &gt; 0)&#13;&#10;                {&#13;&#10;&#13;&#10;                    char[] days = SPDays.toCharArray();&#13;&#10;                    Collection&lt;ClassDetails&gt; returnClasses = new ArrayList&lt;ClassDetails&gt;();&#13;&#10;                    boolean daymatches;&#13;&#10;&#13;&#10;                    for (Object cd : classes_tmp)&#13;&#10;                    {&#13;&#10;                        daymatches = false;&#13;&#10;                        char[] cdays = ((ClassDetails) cd).getDays().toCharArray();&#13;&#10;                        for (int i = 0; i &lt; 7; i++)&#13;&#10;                        {&#13;&#10;                            if (cdays[i] == '1')&#13;&#10;                            {&#13;&#10;                                if (cdays[i] == days[i])&#13;&#10;                                    daymatches = true;&#13;&#10;                                else&#13;&#10;                                {&#13;&#10;                                    daymatches = false;&#13;&#10;                                    break;&#13;&#10;                                }&#13;&#10;                            }&#13;&#10;                        }&#13;&#10;&#13;&#10;                        if (daymatches)&#13;&#10;                            returnClasses.add((ClassDetails) cd);&#13;&#10;&#13;&#10;                    }&#13;&#10;                    if (!returnClasses.isEmpty())&#13;&#10;                        course_collection.add(returnClasses);&#13;&#10;                }&#13;&#10;            }&#13;&#10;        }&#13;&#10;&#13;&#10;        if (!course_collection.isEmpty())&#13;&#10;            findSchedule(course_collection, course_collection.size() - 1, schedules);&#13;&#10;&#13;&#10;        return schedules;&#13;&#10;    }&#13;&#10;&#13;&#10;    public void sortSchedules() { /*to be implemented*/ }&#13;&#10;&#13;&#10;    public void getSavedSchedule() { /*to be implemented*/ }&#13;&#10;&#13;&#10;    public void getBalance() { /*to be implemented*/ }&#13;&#10;&#13;&#10;    private void findClasses() { /*to be implemented*/ }&#13;&#10;&#13;&#10;    public void saveSchedules(Collection&lt;Schedule&gt; schedules) {&#13;&#10;    }&#13;&#10;}&#13;&#10;" Filename="ScheduleMakerController.java" Intrnl_Id="1"/>
<SrcFile Content="package stubs;&#13;&#10;&#13;&#10;import java.util.Collection;&#13;&#10;import java.util.ArrayList;&#13;&#10;import java.util.Iterator;&#13;&#10;import java.sql.ResultSet;&#13;&#10;import java.sql.SQLException;&#13;&#10;import java.io.CharArrayWriter;&#13;&#10;&#13;&#10;&#13;&#10;&#13;&#10;&#13;&#10;&#13;&#10;import stubs.*;&#13;&#10;&#13;&#10;&#13;&#10;public class ClassDetails {&#13;&#10;&#13;&#10;    private Course course;&#13;&#10;    private String classNbr;&#13;&#10;    private Professor instructor;&#13;&#10;    private String bldg_room;&#13;&#10;    private String campus;&#13;&#10;    private String term;&#13;&#10;    private Time time;&#13;&#10;&#13;&#10;    //constructor&#13;&#10;    public ClassDetails() {&#13;&#10;&#13;&#10;    }&#13;&#10;&#13;&#10;    public String getTerm() {&#13;&#10;    &#9;return term;&#13;&#10;    }&#13;&#10;    &#13;&#10;    public void setTerm(String term) {&#13;&#10;        this.term = term;&#13;&#10;    }&#13;&#10;    &#13;&#10;    public void setCampus(String campus) {&#13;&#10;        this.campus = campus;&#13;&#10;    }&#13;&#10;&#13;&#10;    public String getCampus() {&#13;&#10;    &#9;return campus;&#13;&#10;    }&#13;&#10;    public ClassDetails(Course course, String classNbr) {&#13;&#10;        this.course = course;&#13;&#10;        this.classNbr = classNbr;&#13;&#10;    }&#13;&#10;&#13;&#10;    public Professor getInstructor() {&#13;&#10;        return null;&#13;&#10;    }&#13;&#10;&#13;&#10;    public boolean hasConflict(ClassDetails cd) {&#13;&#10;        Time c1 = getTime();&#13;&#10;        Time c2 = cd.getTime();&#13;&#10;        //compare times&#13;&#10;        String daysofC1 = c1.days;&#13;&#10;        String daysofC2 = c2.days;&#13;&#10;        //System.out.println(daysofC1);&#13;&#10;        ArrayList&lt;String&gt; A1, A2;&#13;&#10;        A1 = new ArrayList&lt;String&gt;();&#13;&#10;        A2 = new ArrayList&lt;String&gt;();&#13;&#10;        String[] days = new String[7];&#13;&#10;        days[0] = &quot;Mon&quot;;&#13;&#10;        days[1] = &quot;Tues&quot;;&#13;&#10;        days[2] = &quot;Wed&quot;;&#13;&#10;        days[3] = &quot;Thurs&quot;;&#13;&#10;        days[4] = &quot;Fri&quot;;&#13;&#10;        days[5] = &quot;Sat&quot;;&#13;&#10;        days[6] = &quot;Sun&quot;;&#13;&#10;&#13;&#10;        for (int i = 0; i &lt; 7; i++)&#13;&#10;        {&#13;&#10;            if (daysofC1.charAt(i) == '1')&#13;&#10;            {&#13;&#10;                String day = new String(days[i]);&#13;&#10;                A1.add(day);&#13;&#10;            }&#13;&#10;        }&#13;&#10;&#13;&#10;        for (int i = 0; i &lt; 7; i++)&#13;&#10;        {&#13;&#10;            if (daysofC2.charAt(i) == '1')&#13;&#10;            {&#13;&#10;                String day = new String(days[i]);&#13;&#10;                A2.add(day);&#13;&#10;            }&#13;&#10;        }&#13;&#10;        Iterator&lt;String&gt; it1 = A1.iterator();&#13;&#10;        Iterator&lt;String&gt; it2 = A2.iterator();&#13;&#10;        while (it1.hasNext())&#13;&#10;        {&#13;&#10;            String d1 = it1.next();&#13;&#10;            while (it2.hasNext())&#13;&#10;            {&#13;&#10;                String d2 = it2.next();&#13;&#10;&#13;&#10;                if (d1.equals(d2))&#13;&#10;                {&#13;&#10;                    //both classes starts at same hour&#13;&#10;                    if (c1.frHr == c2.frHr)&#13;&#10;                    {&#13;&#10;                        if (c1.frMn &gt;= c2.frMn)&#13;&#10;                            return true;&#13;&#10;                    }&#13;&#10;                    // c1 starts before c2&#13;&#10;                    else if (c1.frHr &lt; c2.frHr)&#13;&#10;                    {&#13;&#10;                        if (c1.toHr == c2.frHr)&#13;&#10;                        {&#13;&#10;                            if (c1.toMn &gt;= c2.frMn)&#13;&#10;                                return true;&#13;&#10;                        }&#13;&#10;                        else if (c1.toHr &gt; c2.frHr)&#13;&#10;                            return true;&#13;&#10;                    }&#13;&#10;&#13;&#10;                    //c1 starts after c2&#13;&#10;&#13;&#10;                    else if (c1.frHr &gt; c2.frHr)&#13;&#10;                    {&#13;&#10;                    &#9;&#13;&#10;                    &#9;&#13;&#10;                        if (c2.toHr == c1.frHr)&#13;&#10;                        {&#13;&#10;                        &#9;&#13;&#10;                            if (c2.toMn &gt;= c1.frMn)&#13;&#10;                                return true;&#13;&#10;                        }&#13;&#10;                        else if (c2.toHr &gt; c1.frHr)&#13;&#10;                            return true;&#13;&#10;                    }&#13;&#10;                }&#13;&#10;            }&#13;&#10;        }&#13;&#10;&#13;&#10;        return false;&#13;&#10;    }&#13;&#10;&#13;&#10;    public Time getTime() {&#13;&#10;        return time;&#13;&#10;    }&#13;&#10;&#13;&#10;    public void setTime(Time t) {&#13;&#10;        time = t;&#13;&#10;    }&#13;&#10;&#13;&#10;    public boolean isAtTime(int hour) {&#13;&#10;        if(getTime().frHr &lt;= hour &amp;&amp; hour &lt;= getTime().toHr)&#13;&#10;            return true;&#13;&#10;        else&#13;&#10;            return false;&#13;&#10;    }&#13;&#10;&#13;&#10;    public boolean isAtDay(int day) {&#13;&#10;        if(getTime().days.substring(day, day+1).equals(&quot;1&quot;))&#13;&#10;            return true;&#13;&#10;        else&#13;&#10;            return false;&#13;&#10;    }&#13;&#10;&#13;&#10;    public String toString() {&#13;&#10;        String result = &quot;&quot;;&#13;&#10;        result += course.toString() + &quot;\n&quot; + classNbr + &quot;\n&quot;;&#13;&#10;        if (this.getTime() != null)&#13;&#10;            result += &quot;&quot; + this.getTime().toString() + &quot;\n&quot;;&#13;&#10;//        if (instructor != null)&#13;&#10;//            result += &quot;&quot; + instructor.toString();&#13;&#10;//        if (bldg_room != null)&#13;&#10;//            result += &quot;&quot; + bldg_room;&#13;&#10;        if (campus != null)&#13;&#10;            result += &quot;&quot; + campus + &quot;\n&quot;;&#13;&#10;//        if (term != null)&#13;&#10;//            result += &quot;&quot; + term.toString();&#13;&#10;        return result;&#13;&#10;    }&#13;&#10;&#13;&#10;    public String getDays() {&#13;&#10;        return getTime().days;&#13;&#10;    }&#13;&#10;&#9;&#9;&#13;&#10;    public void setCourse(Course c){&#13;&#10;    &#9;&#13;&#10;    &#9;this.course = c;&#13;&#10;    &#9;&#13;&#10;    }&#13;&#10; &#13;&#10;    public String getCourse(){&#13;&#10; &#9;&#13;&#10; &#9;return course.toString();&#13;&#10; &#9;&#13;&#10; }&#13;&#10;}&#13;&#10;" Filename="ClassDetails.java" Intrnl_Id="2"/>
</SrcFileList>
<CritList>
<CritListEntry Name="org.codecover.model.utils.criteria.BranchCoverage" PluginName="org.codecover"/>
<CritListEntry Name="org.codecover.model.utils.criteria.StatementCoverage" PluginName="org.codecover"/>
</CritList>
<BoolOpList/>
<HierarchyLvlTypeList>
<HierarchyLvlType EnglishName="package" IntrnlName="package" Intrnl_Id="3"/>
<HierarchyLvlType EnglishName="method" IntrnlName="method" Intrnl_Id="4"/>
<HierarchyLvlType EnglishName="class" IntrnlName="class" Intrnl_Id="5"/>
<HierarchyLvlType EnglishName="default package" IntrnlName="default package" Intrnl_Id="6"/>
</HierarchyLvlTypeList>
<MASTRoot>
<HierarchyLvl HierarchyLvlId="1119" HierarchyLvlTypeId="6" Intrnl_Id="7" Name="default package">
<Header/>
<LocList/>
<HierarchyLvl HierarchyLvlId="1118" HierarchyLvlTypeId="3" Intrnl_Id="8" Name="stubs">
<Header/>
<LocList/>
<HierarchyLvl HierarchyLvlId="1100" HierarchyLvlTypeId="5" Intrnl_Id="9" Name="ScheduleMakerController">
<Header>
<Loc EndOffset="179" SrcFileId="1" StartOffset="143"/>
</Header>
<LocList>
<Loc EndOffset="9381" SrcFileId="1" StartOffset="143"/>
</LocList>
<HierarchyLvl HierarchyLvlId="1090" HierarchyLvlTypeId="4" Intrnl_Id="10" Name="conflict">
<Header>
<Loc EndOffset="227" SrcFileId="1" StartOffset="189"/>
</Header>
<LocList>
<Loc EndOffset="725" SrcFileId="1" StartOffset="189"/>
</LocList>
<StmntSeq Intrnl_Id="11">
<LocList>
<Loc EndOffset="282" SrcFileId="1" StartOffset="239"/>
<Loc EndOffset="340" SrcFileId="1" StartOffset="292"/>
<Loc EndOffset="695" SrcFileId="1" StartOffset="350"/>
<Loc EndOffset="718" SrcFileId="1" StartOffset="705"/>
</LocList>
<BasicStmnt CovItemId="S1" CovItemPrefix="stubs.ScheduleMakerController.java" Intrnl_Id="12">
<LocList>
<Loc EndOffset="282" SrcFileId="1" StartOffset="239"/>
</LocList>
</BasicStmnt>
<CondStmnt CovItemId="S2" CovItemPrefix="stubs.ScheduleMakerController.java" Intrnl_Id="13">
<Branch CovItemId="B1" CovItemPrefix="stubs.ScheduleMakerController.java" Implct="false" Intrnl_Id="14">
<Cond/>
<LocList>
<Loc EndOffset="340" SrcFileId="1" StartOffset="327"/>
</LocList>
<StmntSeq Intrnl_Id="15">
<LocList>
<Loc EndOffset="340" SrcFileId="1" StartOffset="327"/>
</LocList>
<BasicStmnt CovItemId="S3" CovItemPrefix="stubs.ScheduleMakerController.java" Intrnl_Id="16">
<LocList>
<Loc EndOffset="340" SrcFileId="1" StartOffset="327"/>
</LocList>
</BasicStmnt>
</StmntSeq>
</Branch>
<Branch CovItemId="B2" CovItemPrefix="stubs.ScheduleMakerController.java" Implct="true" Intrnl_Id="17">
<Cond/>
<LocList/>
<StmntSeq Intrnl_Id="18">
<LocList/>
</StmntSeq>
</Branch>
<Keyword EndOffset="294" SrcFileId="1" StartOffset="292"/>
<LocList>
<Loc EndOffset="340" SrcFileId="1" StartOffset="292"/>
</LocList>
</CondStmnt>
<LoopStmnt CovItemId="S4" CovItemPrefix="stubs.ScheduleMakerController.java" Intrnl_Id="19" MltplExecId="L1-2" MltplExecPrefix="stubs.ScheduleMakerController.java" NvrExecId="L1-0" NvrExecPrefix="stubs.ScheduleMakerController.java" OnceExecutedId="L1-1" OnceExecutedPrefix="stubs.ScheduleMakerController.java" OptBodyExec="true">
<StmntSeq Intrnl_Id="20">
<LocList>
<Loc EndOffset="695" SrcFileId="1" StartOffset="401"/>
</LocList>
<LoopStmnt CovItemId="S5" CovItemPrefix="stubs.ScheduleMakerController.java" Intrnl_Id="21" MltplExecId="L2-2" MltplExecPrefix="stubs.ScheduleMakerController.java" NvrExecId="L2-0" NvrExecPrefix="stubs.ScheduleMakerController.java" OnceExecutedId="L2-1" OnceExecutedPrefix="stubs.ScheduleMakerController.java" OptBodyExec="true">
<StmntSeq Intrnl_Id="22">
<LocList>
<Loc EndOffset="506" SrcFileId="1" StartOffset="475"/>
<Loc EndOffset="555" SrcFileId="1" StartOffset="524"/>
<Loc EndOffset="680" SrcFileId="1" StartOffset="573"/>
</LocList>
<BasicStmnt CovItemId="S6" CovItemPrefix="stubs.ScheduleMakerController.java" Intrnl_Id="23">
<LocList>
<Loc EndOffset="506" SrcFileId="1" StartOffset="475"/>
</LocList>
</BasicStmnt>
<BasicStmnt CovItemId="S7" CovItemPrefix="stubs.ScheduleMakerController.java" Intrnl_Id="24">
<LocList>
<Loc EndOffset="555" SrcFileId="1" StartOffset="524"/>
</LocList>
</BasicStmnt>
<CondStmnt CovItemId="S8" CovItemPrefix="stubs.ScheduleMakerController.java" Intrnl_Id="25">
<Branch CovItemId="B3" CovItemPrefix="stubs.ScheduleMakerController.java" Implct="false" Intrnl_Id="26">
<Cond/>
<LocList>
<Loc EndOffset="680" SrcFileId="1" StartOffset="668"/>
</LocList>
<StmntSeq Intrnl_Id="27">
<LocList>
<Loc EndOffset="680" SrcFileId="1" StartOffset="668"/>
</LocList>
<BasicStmnt CovItemId="S9" CovItemPrefix="stubs.ScheduleMakerController.java" Intrnl_Id="28">
<LocList>
<Loc EndOffset="680" SrcFileId="1" StartOffset="668"/>
</LocList>
</BasicStmnt>
</StmntSeq>
</Branch>
<Branch CovItemId="B4" CovItemPrefix="stubs.ScheduleMakerController.java" Implct="true" Intrnl_Id="29">
<Cond/>
<LocList/>
<StmntSeq Intrnl_Id="30">
<LocList/>
</StmntSeq>
</Branch>
<Keyword EndOffset="575" SrcFileId="1" StartOffset="573"/>
<LocList>
<Loc EndOffset="680" SrcFileId="1" StartOffset="573"/>
</LocList>
</CondStmnt>
</StmntSeq>
<Keyword EndOffset="404" SrcFileId="1" StartOffset="401"/>
<LocList>
<Loc EndOffset="695" SrcFileId="1" StartOffset="401"/>
</LocList>
</LoopStmnt>
</StmntSeq>
<Keyword EndOffset="353" SrcFileId="1" StartOffset="350"/>
<LocList>
<Loc EndOffset="695" SrcFileId="1" StartOffset="350"/>
</LocList>
</LoopStmnt>
<BasicStmnt CovItemId="S10" CovItemPrefix="stubs.ScheduleMakerController.java" Intrnl_Id="31">
<LocList>
<Loc EndOffset="718" SrcFileId="1" StartOffset="705"/>
</LocList>
</BasicStmnt>
</StmntSeq>
</HierarchyLvl>
<HierarchyLvl HierarchyLvlId="1091" HierarchyLvlTypeId="4" Intrnl_Id="32" Name="sizeIsOne">
<Header>
<Loc EndOffset="772" SrcFileId="1" StartOffset="733"/>
</Header>
<LocList>
<Loc EndOffset="937" SrcFileId="1" StartOffset="733"/>
</LocList>
<StmntSeq Intrnl_Id="33">
<LocList>
<Loc EndOffset="908" SrcFileId="1" StartOffset="784"/>
<Loc EndOffset="930" SrcFileId="1" StartOffset="918"/>
</LocList>
<LoopStmnt CovItemId="S11" CovItemPrefix="stubs.ScheduleMakerController.java" Intrnl_Id="34" MltplExecId="L3-2" MltplExecPrefix="stubs.ScheduleMakerController.java" NvrExecId="L3-0" NvrExecPrefix="stubs.ScheduleMakerController.java" OnceExecutedId="L3-1" OnceExecutedPrefix="stubs.ScheduleMakerController.java" OptBodyExec="true">
<StmntSeq Intrnl_Id="35">
<LocList>
<Loc EndOffset="897" SrcFileId="1" StartOffset="830"/>
</LocList>
<CondStmnt CovItemId="S12" CovItemPrefix="stubs.ScheduleMakerController.java" Intrnl_Id="36">
<Branch CovItemId="B5" CovItemPrefix="stubs.ScheduleMakerController.java" Implct="false" Intrnl_Id="37">
<Cond/>
<LocList>
<Loc EndOffset="897" SrcFileId="1" StartOffset="884"/>
</LocList>
<StmntSeq Intrnl_Id="38">
<LocList>
<Loc EndOffset="897" SrcFileId="1" StartOffset="884"/>
</LocList>
<BasicStmnt CovItemId="S13" CovItemPrefix="stubs.ScheduleMakerController.java" Intrnl_Id="39">
<LocList>
<Loc EndOffset="897" SrcFileId="1" StartOffset="884"/>
</LocList>
</BasicStmnt>
</StmntSeq>
</Branch>
<Branch CovItemId="B6" CovItemPrefix="stubs.ScheduleMakerController.java" Implct="true" Intrnl_Id="40">
<Cond/>
<LocList/>
<StmntSeq Intrnl_Id="41">
<LocList/>
</StmntSeq>
</Branch>
<Keyword EndOffset="832" SrcFileId="1" StartOffset="830"/>
<LocList>
<Loc EndOffset="897" SrcFileId="1" StartOffset="830"/>
</LocList>
</CondStmnt>
</StmntSeq>
<Keyword EndOffset="787" SrcFileId="1" StartOffset="784"/>
<LocList>
<Loc EndOffset="908" SrcFileId="1" StartOffset="784"/>
</LocList>
</LoopStmnt>
<BasicStmnt CovItemId="S14" CovItemPrefix="stubs.ScheduleMakerController.java" Intrnl_Id="42">
<LocList>
<Loc EndOffset="930" SrcFileId="1" StartOffset="918"/>
</LocList>
</BasicStmnt>
</StmntSeq>
</HierarchyLvl>
<HierarchyLvl HierarchyLvlId="1092" HierarchyLvlTypeId="4" Intrnl_Id="43" Name="findSchedule">
<Header>
<Loc EndOffset="1166" SrcFileId="1" StartOffset="1057"/>
</Header>
<LocList>
<Loc EndOffset="2083" SrcFileId="1" StartOffset="1057"/>
</LocList>
<StmntSeq Intrnl_Id="44">
<LocList>
<Loc EndOffset="1209" SrcFileId="1" StartOffset="1178"/>
<Loc EndOffset="2076" SrcFileId="1" StartOffset="1219"/>
</LocList>
<BasicStmnt CovItemId="S15" CovItemPrefix="stubs.ScheduleMakerController.java" Intrnl_Id="45">
<LocList>
<Loc EndOffset="1209" SrcFileId="1" StartOffset="1178"/>
</LocList>
</BasicStmnt>
<CondStmnt CovItemId="S16" CovItemPrefix="stubs.ScheduleMakerController.java" Intrnl_Id="46">
<Branch CovItemId="B7" CovItemPrefix="stubs.ScheduleMakerController.java" Implct="false" Intrnl_Id="47">
<Cond/>
<LocList>
<Loc EndOffset="1347" SrcFileId="1" StartOffset="1249"/>
</LocList>
<StmntSeq Intrnl_Id="48">
<LocList>
<Loc EndOffset="1336" SrcFileId="1" StartOffset="1264"/>
</LocList>
<CondStmnt CovItemId="S17" CovItemPrefix="stubs.ScheduleMakerController.java" Intrnl_Id="49">
<Branch CovItemId="B9" CovItemPrefix="stubs.ScheduleMakerController.java" Implct="false" Intrnl_Id="50">
<Cond/>
<LocList>
<Loc EndOffset="1336" SrcFileId="1" StartOffset="1302"/>
</LocList>
<StmntSeq Intrnl_Id="51">
<LocList>
<Loc EndOffset="1336" SrcFileId="1" StartOffset="1302"/>
</LocList>
<BasicStmnt CovItemId="S18" CovItemPrefix="stubs.ScheduleMakerController.java" Intrnl_Id="52">
<LocList>
<Loc EndOffset="1336" SrcFileId="1" StartOffset="1302"/>
</LocList>
</BasicStmnt>
</StmntSeq>
</Branch>
<Branch CovItemId="B10" CovItemPrefix="stubs.ScheduleMakerController.java" Implct="true" Intrnl_Id="53">
<Cond/>
<LocList/>
<StmntSeq Intrnl_Id="54">
<LocList/>
</StmntSeq>
</Branch>
<Keyword EndOffset="1266" SrcFileId="1" StartOffset="1264"/>
<LocList>
<Loc EndOffset="1336" SrcFileId="1" StartOffset="1264"/>
</LocList>
</CondStmnt>
</StmntSeq>
</Branch>
<Branch CovItemId="B8" CovItemPrefix="stubs.ScheduleMakerController.java" Implct="false" Intrnl_Id="55">
<Cond>
<Loc EndOffset="1361" SrcFileId="1" StartOffset="1357"/>
</Cond>
<LocList>
<Loc EndOffset="2076" SrcFileId="1" StartOffset="1371"/>
</LocList>
<StmntSeq Intrnl_Id="56">
<LocList>
<Loc EndOffset="2065" SrcFileId="1" StartOffset="1386"/>
</LocList>
<CondStmnt CovItemId="S19" CovItemPrefix="stubs.ScheduleMakerController.java" Intrnl_Id="57">
<Branch CovItemId="B11" CovItemPrefix="stubs.ScheduleMakerController.java" Implct="false" Intrnl_Id="58">
<Cond/>
<LocList>
<Loc EndOffset="1960" SrcFileId="1" StartOffset="1446"/>
</LocList>
<StmntSeq Intrnl_Id="59">
<LocList>
<Loc EndOffset="1945" SrcFileId="1" StartOffset="1465"/>
</LocList>
<LoopStmnt CovItemId="S20" CovItemPrefix="stubs.ScheduleMakerController.java" Intrnl_Id="60" MltplExecId="L4-2" MltplExecPrefix="stubs.ScheduleMakerController.java" NvrExecId="L4-0" NvrExecPrefix="stubs.ScheduleMakerController.java" OnceExecutedId="L4-1" OnceExecutedPrefix="stubs.ScheduleMakerController.java" OptBodyExec="true">
<StmntSeq Intrnl_Id="61">
<LocList>
<Loc EndOffset="1657" SrcFileId="1" StartOffset="1569"/>
<Loc EndOffset="1711" SrcFileId="1" StartOffset="1679"/>
<Loc EndOffset="1779" SrcFileId="1" StartOffset="1733"/>
<Loc EndOffset="1822" SrcFileId="1" StartOffset="1801"/>
<Loc EndOffset="1867" SrcFileId="1" StartOffset="1846"/>
<Loc EndOffset="1926" SrcFileId="1" StartOffset="1889"/>
</LocList>
<BasicStmnt CovItemId="S21" CovItemPrefix="stubs.ScheduleMakerController.java" Intrnl_Id="62">
<LocList>
<Loc EndOffset="1657" SrcFileId="1" StartOffset="1569"/>
</LocList>
</BasicStmnt>
<BasicStmnt CovItemId="S22" CovItemPrefix="stubs.ScheduleMakerController.java" Intrnl_Id="63">
<LocList>
<Loc EndOffset="1711" SrcFileId="1" StartOffset="1679"/>
</LocList>
</BasicStmnt>
<BasicStmnt CovItemId="S23" CovItemPrefix="stubs.ScheduleMakerController.java" Intrnl_Id="64">
<LocList>
<Loc EndOffset="1779" SrcFileId="1" StartOffset="1733"/>
</LocList>
</BasicStmnt>
<BasicStmnt CovItemId="S24" CovItemPrefix="stubs.ScheduleMakerController.java" Intrnl_Id="65">
<LocList>
<Loc EndOffset="1822" SrcFileId="1" StartOffset="1801"/>
</LocList>
</BasicStmnt>
<BasicStmnt CovItemId="S25" CovItemPrefix="stubs.ScheduleMakerController.java" Intrnl_Id="66">
<LocList>
<Loc EndOffset="1867" SrcFileId="1" StartOffset="1846"/>
</LocList>
</BasicStmnt>
<BasicStmnt CovItemId="S26" CovItemPrefix="stubs.ScheduleMakerController.java" Intrnl_Id="67">
<LocList>
<Loc EndOffset="1926" SrcFileId="1" StartOffset="1889"/>
</LocList>
</BasicStmnt>
</StmntSeq>
<Keyword EndOffset="1468" SrcFileId="1" StartOffset="1465"/>
<LocList>
<Loc EndOffset="1945" SrcFileId="1" StartOffset="1465"/>
</LocList>
</LoopStmnt>
</StmntSeq>
</Branch>
<Branch CovItemId="B12" CovItemPrefix="stubs.ScheduleMakerController.java" Implct="false" Intrnl_Id="68">
<Cond>
<Loc EndOffset="1978" SrcFileId="1" StartOffset="1974"/>
</Cond>
<LocList>
<Loc EndOffset="2065" SrcFileId="1" StartOffset="1992"/>
</LocList>
<StmntSeq Intrnl_Id="69">
<LocList>
<Loc EndOffset="2050" SrcFileId="1" StartOffset="2011"/>
</LocList>
<BasicStmnt CovItemId="S27" CovItemPrefix="stubs.ScheduleMakerController.java" Intrnl_Id="70">
<LocList>
<Loc EndOffset="2050" SrcFileId="1" StartOffset="2011"/>
</LocList>
</BasicStmnt>
</StmntSeq>
</Branch>
<Keyword EndOffset="1388" SrcFileId="1" StartOffset="1386"/>
<LocList>
<Loc EndOffset="2065" SrcFileId="1" StartOffset="1386"/>
</LocList>
</CondStmnt>
</StmntSeq>
</Branch>
<Keyword EndOffset="1221" SrcFileId="1" StartOffset="1219"/>
<LocList>
<Loc EndOffset="2076" SrcFileId="1" StartOffset="1219"/>
</LocList>
</CondStmnt>
</StmntSeq>
</HierarchyLvl>
<HierarchyLvl HierarchyLvlId="1093" HierarchyLvlTypeId="4" Intrnl_Id="71" Name="createSchedule">
<Header>
<Loc EndOffset="2157" SrcFileId="1" StartOffset="2091"/>
</Header>
<LocList>
<Loc EndOffset="6642" SrcFileId="1" StartOffset="2091"/>
</LocList>
<StmntSeq Intrnl_Id="72">
<LocList>
<Loc EndOffset="2228" SrcFileId="1" StartOffset="2169"/>
<Loc EndOffset="2559" SrcFileId="1" StartOffset="2506"/>
<Loc EndOffset="2690" SrcFileId="1" StartOffset="2569"/>
<Loc EndOffset="2821" SrcFileId="1" StartOffset="2700"/>
<Loc EndOffset="2952" SrcFileId="1" StartOffset="2831"/>
<Loc EndOffset="3083" SrcFileId="1" StartOffset="2962"/>
<Loc EndOffset="3214" SrcFileId="1" StartOffset="3093"/>
<Loc EndOffset="3345" SrcFileId="1" StartOffset="3224"/>
<Loc EndOffset="3643" SrcFileId="1" StartOffset="3588"/>
<Loc EndOffset="3790" SrcFileId="1" StartOffset="3738"/>
<Loc EndOffset="3994" SrcFileId="1" StartOffset="3800"/>
<Loc EndOffset="4057" SrcFileId="1" StartOffset="4026"/>
<Loc EndOffset="4118" SrcFileId="1" StartOffset="4099"/>
<Loc EndOffset="4234" SrcFileId="1" StartOffset="4128"/>
<Loc EndOffset="4350" SrcFileId="1" StartOffset="4244"/>
<Loc EndOffset="4466" SrcFileId="1" StartOffset="4360"/>
<Loc EndOffset="4584" SrcFileId="1" StartOffset="4476"/>
<Loc EndOffset="4700" SrcFileId="1" StartOffset="4594"/>
<Loc EndOffset="4816" SrcFileId="1" StartOffset="4710"/>
<Loc EndOffset="4934" SrcFileId="1" StartOffset="4826"/>
<Loc EndOffset="5073" SrcFileId="1" StartOffset="4974"/>
<Loc EndOffset="6474" SrcFileId="1" StartOffset="5085"/>
<Loc EndOffset="6606" SrcFileId="1" StartOffset="6486"/>
<Loc EndOffset="6635" SrcFileId="1" StartOffset="6618"/>
</LocList>
<BasicStmnt CovItemId="S28" CovItemPrefix="stubs.ScheduleMakerController.java" Intrnl_Id="73">
<LocList>
<Loc EndOffset="2228" SrcFileId="1" StartOffset="2169"/>
</LocList>
</BasicStmnt>
<BasicStmnt CovItemId="S29" CovItemPrefix="stubs.ScheduleMakerController.java" Intrnl_Id="74">
<LocList>
<Loc EndOffset="2559" SrcFileId="1" StartOffset="2506"/>
</LocList>
</BasicStmnt>
<CondStmnt CovItemId="S30" CovItemPrefix="stubs.ScheduleMakerController.java" Intrnl_Id="75">
<Branch CovItemId="B13" CovItemPrefix="stubs.ScheduleMakerController.java" Implct="false" Intrnl_Id="76">
<Cond/>
<LocList>
<Loc EndOffset="2690" SrcFileId="1" StartOffset="2657"/>
</LocList>
<StmntSeq Intrnl_Id="77">
<LocList>
<Loc EndOffset="2690" SrcFileId="1" StartOffset="2657"/>
</LocList>
<BasicStmnt CovItemId="S31" CovItemPrefix="stubs.ScheduleMakerController.java" Intrnl_Id="78">
<LocList>
<Loc EndOffset="2690" SrcFileId="1" StartOffset="2657"/>
</LocList>
</BasicStmnt>
</StmntSeq>
</Branch>
<Branch CovItemId="B14" CovItemPrefix="stubs.ScheduleMakerController.java" Implct="true" Intrnl_Id="79">
<Cond/>
<LocList/>
<StmntSeq Intrnl_Id="80">
<LocList/>
</StmntSeq>
</Branch>
<Keyword EndOffset="2571" SrcFileId="1" StartOffset="2569"/>
<LocList>
<Loc EndOffset="2690" SrcFileId="1" StartOffset="2569"/>
</LocList>
</CondStmnt>
<CondStmnt CovItemId="S32" CovItemPrefix="stubs.ScheduleMakerController.java" Intrnl_Id="81">
<Branch CovItemId="B15" CovItemPrefix="stubs.ScheduleMakerController.java" Implct="false" Intrnl_Id="82">
<Cond/>
<LocList>
<Loc EndOffset="2821" SrcFileId="1" StartOffset="2788"/>
</LocList>
<StmntSeq Intrnl_Id="83">
<LocList>
<Loc EndOffset="2821" SrcFileId="1" StartOffset="2788"/>
</LocList>
<BasicStmnt CovItemId="S33" CovItemPrefix="stubs.ScheduleMakerController.java" Intrnl_Id="84">
<LocList>
<Loc EndOffset="2821" SrcFileId="1" StartOffset="2788"/>
</LocList>
</BasicStmnt>
</StmntSeq>
</Branch>
<Branch CovItemId="B16" CovItemPrefix="stubs.ScheduleMakerController.java" Implct="true" Intrnl_Id="85">
<Cond/>
<LocList/>
<StmntSeq Intrnl_Id="86">
<LocList/>
</StmntSeq>
</Branch>
<Keyword EndOffset="2702" SrcFileId="1" StartOffset="2700"/>
<LocList>
<Loc EndOffset="2821" SrcFileId="1" StartOffset="2700"/>
</LocList>
</CondStmnt>
<CondStmnt CovItemId="S34" CovItemPrefix="stubs.ScheduleMakerController.java" Intrnl_Id="87">
<Branch CovItemId="B17" CovItemPrefix="stubs.ScheduleMakerController.java" Implct="false" Intrnl_Id="88">
<Cond/>
<LocList>
<Loc EndOffset="2952" SrcFileId="1" StartOffset="2919"/>
</LocList>
<StmntSeq Intrnl_Id="89">
<LocList>
<Loc EndOffset="2952" SrcFileId="1" StartOffset="2919"/>
</LocList>
<BasicStmnt CovItemId="S35" CovItemPrefix="stubs.ScheduleMakerController.java" Intrnl_Id="90">
<LocList>
<Loc EndOffset="2952" SrcFileId="1" StartOffset="2919"/>
</LocList>
</BasicStmnt>
</StmntSeq>
</Branch>
<Branch CovItemId="B18" CovItemPrefix="stubs.ScheduleMakerController.java" Implct="true" Intrnl_Id="91">
<Cond/>
<LocList/>
<StmntSeq Intrnl_Id="92">
<LocList/>
</StmntSeq>
</Branch>
<Keyword EndOffset="2833" SrcFileId="1" StartOffset="2831"/>
<LocList>
<Loc EndOffset="2952" SrcFileId="1" StartOffset="2831"/>
</LocList>
</CondStmnt>
<CondStmnt CovItemId="S36" CovItemPrefix="stubs.ScheduleMakerController.java" Intrnl_Id="93">
<Branch CovItemId="B19" CovItemPrefix="stubs.ScheduleMakerController.java" Implct="false" Intrnl_Id="94">
<Cond/>
<LocList>
<Loc EndOffset="3083" SrcFileId="1" StartOffset="3050"/>
</LocList>
<StmntSeq Intrnl_Id="95">
<LocList>
<Loc EndOffset="3083" SrcFileId="1" StartOffset="3050"/>
</LocList>
<BasicStmnt CovItemId="S37" CovItemPrefix="stubs.ScheduleMakerController.java" Intrnl_Id="96">
<LocList>
<Loc EndOffset="3083" SrcFileId="1" StartOffset="3050"/>
</LocList>
</BasicStmnt>
</StmntSeq>
</Branch>
<Branch CovItemId="B20" CovItemPrefix="stubs.ScheduleMakerController.java" Implct="true" Intrnl_Id="97">
<Cond/>
<LocList/>
<StmntSeq Intrnl_Id="98">
<LocList/>
</StmntSeq>
</Branch>
<Keyword EndOffset="2964" SrcFileId="1" StartOffset="2962"/>
<LocList>
<Loc EndOffset="3083" SrcFileId="1" StartOffset="2962"/>
</LocList>
</CondStmnt>
<CondStmnt CovItemId="S38" CovItemPrefix="stubs.ScheduleMakerController.java" Intrnl_Id="99">
<Branch CovItemId="B21" CovItemPrefix="stubs.ScheduleMakerController.java" Implct="false" Intrnl_Id="100">
<Cond/>
<LocList>
<Loc EndOffset="3214" SrcFileId="1" StartOffset="3181"/>
</LocList>
<StmntSeq Intrnl_Id="101">
<LocList>
<Loc EndOffset="3214" SrcFileId="1" StartOffset="3181"/>
</LocList>
<BasicStmnt CovItemId="S39" CovItemPrefix="stubs.ScheduleMakerController.java" Intrnl_Id="102">
<LocList>
<Loc EndOffset="3214" SrcFileId="1" StartOffset="3181"/>
</LocList>
</BasicStmnt>
</StmntSeq>
</Branch>
<Branch CovItemId="B22" CovItemPrefix="stubs.ScheduleMakerController.java" Implct="true" Intrnl_Id="103">
<Cond/>
<LocList/>
<StmntSeq Intrnl_Id="104">
<LocList/>
</StmntSeq>
</Branch>
<Keyword EndOffset="3095" SrcFileId="1" StartOffset="3093"/>
<LocList>
<Loc EndOffset="3214" SrcFileId="1" StartOffset="3093"/>
</LocList>
</CondStmnt>
<CondStmnt CovItemId="S40" CovItemPrefix="stubs.ScheduleMakerController.java" Intrnl_Id="105">
<Branch CovItemId="B23" CovItemPrefix="stubs.ScheduleMakerController.java" Implct="false" Intrnl_Id="106">
<Cond/>
<LocList>
<Loc EndOffset="3345" SrcFileId="1" StartOffset="3312"/>
</LocList>
<StmntSeq Intrnl_Id="107">
<LocList>
<Loc EndOffset="3345" SrcFileId="1" StartOffset="3312"/>
</LocList>
<BasicStmnt CovItemId="S41" CovItemPrefix="stubs.ScheduleMakerController.java" Intrnl_Id="108">
<LocList>
<Loc EndOffset="3345" SrcFileId="1" StartOffset="3312"/>
</LocList>
</BasicStmnt>
</StmntSeq>
</Branch>
<Branch CovItemId="B24" CovItemPrefix="stubs.ScheduleMakerController.java" Implct="true" Intrnl_Id="109">
<Cond/>
<LocList/>
<StmntSeq Intrnl_Id="110">
<LocList/>
</StmntSeq>
</Branch>
<Keyword EndOffset="3226" SrcFileId="1" StartOffset="3224"/>
<LocList>
<Loc EndOffset="3345" SrcFileId="1" StartOffset="3224"/>
</LocList>
</CondStmnt>
<CondStmnt CovItemId="S42" CovItemPrefix="stubs.ScheduleMakerController.java" Intrnl_Id="111">
<Branch CovItemId="B25" CovItemPrefix="stubs.ScheduleMakerController.java" Implct="false" Intrnl_Id="112">
<Cond/>
<LocList>
<Loc EndOffset="3643" SrcFileId="1" StartOffset="3626"/>
</LocList>
<StmntSeq Intrnl_Id="113">
<LocList>
<Loc EndOffset="3643" SrcFileId="1" StartOffset="3626"/>
</LocList>
<BasicStmnt CovItemId="S43" CovItemPrefix="stubs.ScheduleMakerController.java" Intrnl_Id="114">
<LocList>
<Loc EndOffset="3643" SrcFileId="1" StartOffset="3626"/>
</LocList>
</BasicStmnt>
</StmntSeq>
</Branch>
<Branch CovItemId="B26" CovItemPrefix="stubs.ScheduleMakerController.java" Implct="true" Intrnl_Id="115">
<Cond/>
<LocList/>
<StmntSeq Intrnl_Id="116">
<LocList/>
</StmntSeq>
</Branch>
<Keyword EndOffset="3590" SrcFileId="1" StartOffset="3588"/>
<LocList>
<Loc EndOffset="3643" SrcFileId="1" StartOffset="3588"/>
</LocList>
</CondStmnt>
<BasicStmnt CovItemId="S44" CovItemPrefix="stubs.ScheduleMakerController.java" Intrnl_Id="117">
<LocList>
<Loc EndOffset="3790" SrcFileId="1" StartOffset="3738"/>
</LocList>
</BasicStmnt>
<CondStmnt CovItemId="S45" CovItemPrefix="stubs.ScheduleMakerController.java" Intrnl_Id="118">
<Branch CovItemId="B27" CovItemPrefix="stubs.ScheduleMakerController.java" Implct="false" Intrnl_Id="119">
<Cond/>
<LocList>
<Loc EndOffset="3935" SrcFileId="1" StartOffset="3847"/>
</LocList>
<StmntSeq Intrnl_Id="120">
<LocList>
<Loc EndOffset="3885" SrcFileId="1" StartOffset="3862"/>
<Loc EndOffset="3924" SrcFileId="1" StartOffset="3899"/>
</LocList>
<BasicStmnt CovItemId="S46" CovItemPrefix="stubs.ScheduleMakerController.java" Intrnl_Id="121">
<LocList>
<Loc EndOffset="3885" SrcFileId="1" StartOffset="3862"/>
</LocList>
</BasicStmnt>
<BasicStmnt CovItemId="S47" CovItemPrefix="stubs.ScheduleMakerController.java" Intrnl_Id="122">
<LocList>
<Loc EndOffset="3924" SrcFileId="1" StartOffset="3899"/>
</LocList>
</BasicStmnt>
</StmntSeq>
</Branch>
<Branch CovItemId="B28" CovItemPrefix="stubs.ScheduleMakerController.java" Implct="false" Intrnl_Id="123">
<Cond>
<Loc EndOffset="3949" SrcFileId="1" StartOffset="3945"/>
</Cond>
<LocList>
<Loc EndOffset="3994" SrcFileId="1" StartOffset="3963"/>
</LocList>
<StmntSeq Intrnl_Id="124">
<LocList>
<Loc EndOffset="3994" SrcFileId="1" StartOffset="3963"/>
</LocList>
<BasicStmnt CovItemId="S48" CovItemPrefix="stubs.ScheduleMakerController.java" Intrnl_Id="125">
<LocList>
<Loc EndOffset="3994" SrcFileId="1" StartOffset="3963"/>
</LocList>
</BasicStmnt>
</StmntSeq>
</Branch>
<Keyword EndOffset="3802" SrcFileId="1" StartOffset="3800"/>
<LocList>
<Loc EndOffset="3994" SrcFileId="1" StartOffset="3800"/>
</LocList>
</CondStmnt>
<BasicStmnt CovItemId="S49" CovItemPrefix="stubs.ScheduleMakerController.java" Intrnl_Id="126">
<LocList>
<Loc EndOffset="4057" SrcFileId="1" StartOffset="4026"/>
</LocList>
</BasicStmnt>
<BasicStmnt CovItemId="S50" CovItemPrefix="stubs.ScheduleMakerController.java" Intrnl_Id="127">
<LocList>
<Loc EndOffset="4118" SrcFileId="1" StartOffset="4099"/>
</LocList>
</BasicStmnt>
<CondStmnt CovItemId="S51" CovItemPrefix="stubs.ScheduleMakerController.java" Intrnl_Id="128">
<Branch CovItemId="B29" CovItemPrefix="stubs.ScheduleMakerController.java" Implct="false" Intrnl_Id="129">
<Cond/>
<LocList>
<Loc EndOffset="4192" SrcFileId="1" StartOffset="4168"/>
</LocList>
<StmntSeq Intrnl_Id="130">
<LocList>
<Loc EndOffset="4192" SrcFileId="1" StartOffset="4168"/>
</LocList>
<BasicStmnt CovItemId="S52" CovItemPrefix="stubs.ScheduleMakerController.java" Intrnl_Id="131">
<LocList>
<Loc EndOffset="4192" SrcFileId="1" StartOffset="4168"/>
</LocList>
</BasicStmnt>
</StmntSeq>
</Branch>
<Branch CovItemId="B30" CovItemPrefix="stubs.ScheduleMakerController.java" Implct="false" Intrnl_Id="132">
<Cond>
<Loc EndOffset="4206" SrcFileId="1" StartOffset="4202"/>
</Cond>
<LocList>
<Loc EndOffset="4234" SrcFileId="1" StartOffset="4220"/>
</LocList>
<StmntSeq Intrnl_Id="133">
<LocList>
<Loc EndOffset="4234" SrcFileId="1" StartOffset="4220"/>
</LocList>
<BasicStmnt CovItemId="S53" CovItemPrefix="stubs.ScheduleMakerController.java" Intrnl_Id="134">
<LocList>
<Loc EndOffset="4234" SrcFileId="1" StartOffset="4220"/>
</LocList>
</BasicStmnt>
</StmntSeq>
</Branch>
<Keyword EndOffset="4130" SrcFileId="1" StartOffset="4128"/>
<LocList>
<Loc EndOffset="4234" SrcFileId="1" StartOffset="4128"/>
</LocList>
</CondStmnt>
<CondStmnt CovItemId="S54" CovItemPrefix="stubs.ScheduleMakerController.java" Intrnl_Id="135">
<Branch CovItemId="B31" CovItemPrefix="stubs.ScheduleMakerController.java" Implct="false" Intrnl_Id="136">
<Cond/>
<LocList>
<Loc EndOffset="4308" SrcFileId="1" StartOffset="4284"/>
</LocList>
<StmntSeq Intrnl_Id="137">
<LocList>
<Loc EndOffset="4308" SrcFileId="1" StartOffset="4284"/>
</LocList>
<BasicStmnt CovItemId="S55" CovItemPrefix="stubs.ScheduleMakerController.java" Intrnl_Id="138">
<LocList>
<Loc EndOffset="4308" SrcFileId="1" StartOffset="4284"/>
</LocList>
</BasicStmnt>
</StmntSeq>
</Branch>
<Branch CovItemId="B32" CovItemPrefix="stubs.ScheduleMakerController.java" Implct="false" Intrnl_Id="139">
<Cond>
<Loc EndOffset="4322" SrcFileId="1" StartOffset="4318"/>
</Cond>
<LocList>
<Loc EndOffset="4350" SrcFileId="1" StartOffset="4336"/>
</LocList>
<StmntSeq Intrnl_Id="140">
<LocList>
<Loc EndOffset="4350" SrcFileId="1" StartOffset="4336"/>
</LocList>
<BasicStmnt CovItemId="S56" CovItemPrefix="stubs.ScheduleMakerController.java" Intrnl_Id="141">
<LocList>
<Loc EndOffset="4350" SrcFileId="1" StartOffset="4336"/>
</LocList>
</BasicStmnt>
</StmntSeq>
</Branch>
<Keyword EndOffset="4246" SrcFileId="1" StartOffset="4244"/>
<LocList>
<Loc EndOffset="4350" SrcFileId="1" StartOffset="4244"/>
</LocList>
</CondStmnt>
<CondStmnt CovItemId="S57" CovItemPrefix="stubs.ScheduleMakerController.java" Intrnl_Id="142">
<Branch CovItemId="B33" CovItemPrefix="stubs.ScheduleMakerController.java" Implct="false" Intrnl_Id="143">
<Cond/>
<LocList>
<Loc EndOffset="4424" SrcFileId="1" StartOffset="4400"/>
</LocList>
<StmntSeq Intrnl_Id="144">
<LocList>
<Loc EndOffset="4424" SrcFileId="1" StartOffset="4400"/>
</LocList>
<BasicStmnt CovItemId="S58" CovItemPrefix="stubs.ScheduleMakerController.java" Intrnl_Id="145">
<LocList>
<Loc EndOffset="4424" SrcFileId="1" StartOffset="4400"/>
</LocList>
</BasicStmnt>
</StmntSeq>
</Branch>
<Branch CovItemId="B34" CovItemPrefix="stubs.ScheduleMakerController.java" Implct="false" Intrnl_Id="146">
<Cond>
<Loc EndOffset="4438" SrcFileId="1" StartOffset="4434"/>
</Cond>
<LocList>
<Loc EndOffset="4466" SrcFileId="1" StartOffset="4452"/>
</LocList>
<StmntSeq Intrnl_Id="147">
<LocList>
<Loc EndOffset="4466" SrcFileId="1" StartOffset="4452"/>
</LocList>
<BasicStmnt CovItemId="S59" CovItemPrefix="stubs.ScheduleMakerController.java" Intrnl_Id="148">
<LocList>
<Loc EndOffset="4466" SrcFileId="1" StartOffset="4452"/>
</LocList>
</BasicStmnt>
</StmntSeq>
</Branch>
<Keyword EndOffset="4362" SrcFileId="1" StartOffset="4360"/>
<LocList>
<Loc EndOffset="4466" SrcFileId="1" StartOffset="4360"/>
</LocList>
</CondStmnt>
<CondStmnt CovItemId="S60" CovItemPrefix="stubs.ScheduleMakerController.java" Intrnl_Id="149">
<Branch CovItemId="B35" CovItemPrefix="stubs.ScheduleMakerController.java" Implct="false" Intrnl_Id="150">
<Cond/>
<LocList>
<Loc EndOffset="4542" SrcFileId="1" StartOffset="4517"/>
</LocList>
<StmntSeq Intrnl_Id="151">
<LocList>
<Loc EndOffset="4542" SrcFileId="1" StartOffset="4517"/>
</LocList>
<BasicStmnt CovItemId="S61" CovItemPrefix="stubs.ScheduleMakerController.java" Intrnl_Id="152">
<LocList>
<Loc EndOffset="4542" SrcFileId="1" StartOffset="4517"/>
</LocList>
</BasicStmnt>
</StmntSeq>
</Branch>
<Branch CovItemId="B36" CovItemPrefix="stubs.ScheduleMakerController.java" Implct="false" Intrnl_Id="153">
<Cond>
<Loc EndOffset="4556" SrcFileId="1" StartOffset="4552"/>
</Cond>
<LocList>
<Loc EndOffset="4584" SrcFileId="1" StartOffset="4570"/>
</LocList>
<StmntSeq Intrnl_Id="154">
<LocList>
<Loc EndOffset="4584" SrcFileId="1" StartOffset="4570"/>
</LocList>
<BasicStmnt CovItemId="S62" CovItemPrefix="stubs.ScheduleMakerController.java" Intrnl_Id="155">
<LocList>
<Loc EndOffset="4584" SrcFileId="1" StartOffset="4570"/>
</LocList>
</BasicStmnt>
</StmntSeq>
</Branch>
<Keyword EndOffset="4478" SrcFileId="1" StartOffset="4476"/>
<LocList>
<Loc EndOffset="4584" SrcFileId="1" StartOffset="4476"/>
</LocList>
</CondStmnt>
<CondStmnt CovItemId="S63" CovItemPrefix="stubs.ScheduleMakerController.java" Intrnl_Id="156">
<Branch CovItemId="B37" CovItemPrefix="stubs.ScheduleMakerController.java" Implct="false" Intrnl_Id="157">
<Cond/>
<LocList>
<Loc EndOffset="4658" SrcFileId="1" StartOffset="4634"/>
</LocList>
<StmntSeq Intrnl_Id="158">
<LocList>
<Loc EndOffset="4658" SrcFileId="1" StartOffset="4634"/>
</LocList>
<BasicStmnt CovItemId="S64" CovItemPrefix="stubs.ScheduleMakerController.java" Intrnl_Id="159">
<LocList>
<Loc EndOffset="4658" SrcFileId="1" StartOffset="4634"/>
</LocList>
</BasicStmnt>
</StmntSeq>
</Branch>
<Branch CovItemId="B38" CovItemPrefix="stubs.ScheduleMakerController.java" Implct="false" Intrnl_Id="160">
<Cond>
<Loc EndOffset="4672" SrcFileId="1" StartOffset="4668"/>
</Cond>
<LocList>
<Loc EndOffset="4700" SrcFileId="1" StartOffset="4686"/>
</LocList>
<StmntSeq Intrnl_Id="161">
<LocList>
<Loc EndOffset="4700" SrcFileId="1" StartOffset="4686"/>
</LocList>
<BasicStmnt CovItemId="S65" CovItemPrefix="stubs.ScheduleMakerController.java" Intrnl_Id="162">
<LocList>
<Loc EndOffset="4700" SrcFileId="1" StartOffset="4686"/>
</LocList>
</BasicStmnt>
</StmntSeq>
</Branch>
<Keyword EndOffset="4596" SrcFileId="1" StartOffset="4594"/>
<LocList>
<Loc EndOffset="4700" SrcFileId="1" StartOffset="4594"/>
</LocList>
</CondStmnt>
<CondStmnt CovItemId="S66" CovItemPrefix="stubs.ScheduleMakerController.java" Intrnl_Id="163">
<Branch CovItemId="B39" CovItemPrefix="stubs.ScheduleMakerController.java" Implct="false" Intrnl_Id="164">
<Cond/>
<LocList>
<Loc EndOffset="4774" SrcFileId="1" StartOffset="4750"/>
</LocList>
<StmntSeq Intrnl_Id="165">
<LocList>
<Loc EndOffset="4774" SrcFileId="1" StartOffset="4750"/>
</LocList>
<BasicStmnt CovItemId="S67" CovItemPrefix="stubs.ScheduleMakerController.java" Intrnl_Id="166">
<LocList>
<Loc EndOffset="4774" SrcFileId="1" StartOffset="4750"/>
</LocList>
</BasicStmnt>
</StmntSeq>
</Branch>
<Branch CovItemId="B40" CovItemPrefix="stubs.ScheduleMakerController.java" Implct="false" Intrnl_Id="167">
<Cond>
<Loc EndOffset="4788" SrcFileId="1" StartOffset="4784"/>
</Cond>
<LocList>
<Loc EndOffset="4816" SrcFileId="1" StartOffset="4802"/>
</LocList>
<StmntSeq Intrnl_Id="168">
<LocList>
<Loc EndOffset="4816" SrcFileId="1" StartOffset="4802"/>
</LocList>
<BasicStmnt CovItemId="S68" CovItemPrefix="stubs.ScheduleMakerController.java" Intrnl_Id="169">
<LocList>
<Loc EndOffset="4816" SrcFileId="1" StartOffset="4802"/>
</LocList>
</BasicStmnt>
</StmntSeq>
</Branch>
<Keyword EndOffset="4712" SrcFileId="1" StartOffset="4710"/>
<LocList>
<Loc EndOffset="4816" SrcFileId="1" StartOffset="4710"/>
</LocList>
</CondStmnt>
<CondStmnt CovItemId="S69" CovItemPrefix="stubs.ScheduleMakerController.java" Intrnl_Id="170">
<Branch CovItemId="B41" CovItemPrefix="stubs.ScheduleMakerController.java" Implct="false" Intrnl_Id="171">
<Cond/>
<LocList>
<Loc EndOffset="4892" SrcFileId="1" StartOffset="4867"/>
</LocList>
<StmntSeq Intrnl_Id="172">
<LocList>
<Loc EndOffset="4892" SrcFileId="1" StartOffset="4867"/>
</LocList>
<BasicStmnt CovItemId="S70" CovItemPrefix="stubs.ScheduleMakerController.java" Intrnl_Id="173">
<LocList>
<Loc EndOffset="4892" SrcFileId="1" StartOffset="4867"/>
</LocList>
</BasicStmnt>
</StmntSeq>
</Branch>
<Branch CovItemId="B42" CovItemPrefix="stubs.ScheduleMakerController.java" Implct="false" Intrnl_Id="174">
<Cond>
<Loc EndOffset="4906" SrcFileId="1" StartOffset="4902"/>
</Cond>
<LocList>
<Loc EndOffset="4934" SrcFileId="1" StartOffset="4920"/>
</LocList>
<StmntSeq Intrnl_Id="175">
<LocList>
<Loc EndOffset="4934" SrcFileId="1" StartOffset="4920"/>
</LocList>
<BasicStmnt CovItemId="S71" CovItemPrefix="stubs.ScheduleMakerController.java" Intrnl_Id="176">
<LocList>
<Loc EndOffset="4934" SrcFileId="1" StartOffset="4920"/>
</LocList>
</BasicStmnt>
</StmntSeq>
</Branch>
<Keyword EndOffset="4828" SrcFileId="1" StartOffset="4826"/>
<LocList>
<Loc EndOffset="4934" SrcFileId="1" StartOffset="4826"/>
</LocList>
</CondStmnt>
<BasicStmnt CovItemId="S72" CovItemPrefix="stubs.ScheduleMakerController.java" Intrnl_Id="177">
<LocList>
<Loc EndOffset="5073" SrcFileId="1" StartOffset="4974"/>
</LocList>
</BasicStmnt>
<LoopStmnt CovItemId="S73" CovItemPrefix="stubs.ScheduleMakerController.java" Intrnl_Id="178" MltplExecId="L5-2" MltplExecPrefix="stubs.ScheduleMakerController.java" NvrExecId="L5-0" NvrExecPrefix="stubs.ScheduleMakerController.java" OnceExecutedId="L5-1" OnceExecutedPrefix="stubs.ScheduleMakerController.java" OptBodyExec="true">
<StmntSeq Intrnl_Id="179">
<LocList>
<Loc EndOffset="5215" SrcFileId="1" StartOffset="5134"/>
<Loc EndOffset="5304" SrcFileId="1" StartOffset="5229"/>
<Loc EndOffset="6463" SrcFileId="1" StartOffset="5318"/>
</LocList>
<BasicStmnt CovItemId="S74" CovItemPrefix="stubs.ScheduleMakerController.java" Intrnl_Id="180">
<LocList>
<Loc EndOffset="5215" SrcFileId="1" StartOffset="5134"/>
</LocList>
</BasicStmnt>
<BasicStmnt CovItemId="S75" CovItemPrefix="stubs.ScheduleMakerController.java" Intrnl_Id="181">
<LocList>
<Loc EndOffset="5304" SrcFileId="1" StartOffset="5229"/>
</LocList>
</BasicStmnt>
<CondStmnt CovItemId="S76" CovItemPrefix="stubs.ScheduleMakerController.java" Intrnl_Id="182">
<Branch CovItemId="B43" CovItemPrefix="stubs.ScheduleMakerController.java" Implct="false" Intrnl_Id="183">
<Cond/>
<LocList>
<Loc EndOffset="6463" SrcFileId="1" StartOffset="5359"/>
</LocList>
<StmntSeq Intrnl_Id="184">
<LocList>
<Loc EndOffset="5413" SrcFileId="1" StartOffset="5378"/>
<Loc EndOffset="5502" SrcFileId="1" StartOffset="5431"/>
<Loc EndOffset="6342" SrcFileId="1" StartOffset="5559"/>
<Loc EndOffset="6448" SrcFileId="1" StartOffset="6360"/>
</LocList>
<BasicStmnt CovItemId="S77" CovItemPrefix="stubs.ScheduleMakerController.java" Intrnl_Id="185">
<LocList>
<Loc EndOffset="5413" SrcFileId="1" StartOffset="5378"/>
</LocList>
</BasicStmnt>
<BasicStmnt CovItemId="S78" CovItemPrefix="stubs.ScheduleMakerController.java" Intrnl_Id="186">
<LocList>
<Loc EndOffset="5502" SrcFileId="1" StartOffset="5431"/>
</LocList>
</BasicStmnt>
<LoopStmnt CovItemId="S79" CovItemPrefix="stubs.ScheduleMakerController.java" Intrnl_Id="187" MltplExecId="L6-2" MltplExecPrefix="stubs.ScheduleMakerController.java" NvrExecId="L6-0" NvrExecPrefix="stubs.ScheduleMakerController.java" OnceExecutedId="L6-1" OnceExecutedPrefix="stubs.ScheduleMakerController.java" OptBodyExec="true">
<StmntSeq Intrnl_Id="188">
<LocList>
<Loc EndOffset="5648" SrcFileId="1" StartOffset="5629"/>
<Loc EndOffset="5729" SrcFileId="1" StartOffset="5670"/>
<Loc EndOffset="6219" SrcFileId="1" StartOffset="5751"/>
<Loc EndOffset="6321" SrcFileId="1" StartOffset="6243"/>
</LocList>
<BasicStmnt CovItemId="S80" CovItemPrefix="stubs.ScheduleMakerController.java" Intrnl_Id="189">
<LocList>
<Loc EndOffset="5648" SrcFileId="1" StartOffset="5629"/>
</LocList>
</BasicStmnt>
<BasicStmnt CovItemId="S81" CovItemPrefix="stubs.ScheduleMakerController.java" Intrnl_Id="190">
<LocList>
<Loc EndOffset="5729" SrcFileId="1" StartOffset="5670"/>
</LocList>
</BasicStmnt>
<LoopStmnt CovItemId="S82" CovItemPrefix="stubs.ScheduleMakerController.java" Intrnl_Id="191" MltplExecId="L7-2" MltplExecPrefix="stubs.ScheduleMakerController.java" NvrExecId="L7-0" NvrExecPrefix="stubs.ScheduleMakerController.java" OnceExecutedId="L7-1" OnceExecutedPrefix="stubs.ScheduleMakerController.java" OptBodyExec="true">
<StmntSeq Intrnl_Id="192">
<LocList>
<Loc EndOffset="6196" SrcFileId="1" StartOffset="5827"/>
</LocList>
<CondStmnt CovItemId="S83" CovItemPrefix="stubs.ScheduleMakerController.java" Intrnl_Id="193">
<Branch CovItemId="B45" CovItemPrefix="stubs.ScheduleMakerController.java" Implct="false" Intrnl_Id="194">
<Cond/>
<LocList>
<Loc EndOffset="6196" SrcFileId="1" StartOffset="5873"/>
</LocList>
<StmntSeq Intrnl_Id="195">
<LocList>
<Loc EndOffset="6169" SrcFileId="1" StartOffset="5904"/>
</LocList>
<CondStmnt CovItemId="S84" CovItemPrefix="stubs.ScheduleMakerController.java" Intrnl_Id="196">
<Branch CovItemId="B47" CovItemPrefix="stubs.ScheduleMakerController.java" Implct="false" Intrnl_Id="197">
<Cond/>
<LocList>
<Loc EndOffset="5980" SrcFileId="1" StartOffset="5962"/>
</LocList>
<StmntSeq Intrnl_Id="198">
<LocList>
<Loc EndOffset="5980" SrcFileId="1" StartOffset="5962"/>
</LocList>
<BasicStmnt CovItemId="S85" CovItemPrefix="stubs.ScheduleMakerController.java" Intrnl_Id="199">
<LocList>
<Loc EndOffset="5980" SrcFileId="1" StartOffset="5962"/>
</LocList>
</BasicStmnt>
</StmntSeq>
</Branch>
<Branch CovItemId="B48" CovItemPrefix="stubs.ScheduleMakerController.java" Implct="false" Intrnl_Id="200">
<Cond>
<Loc EndOffset="6014" SrcFileId="1" StartOffset="6010"/>
</Cond>
<LocList>
<Loc EndOffset="6169" SrcFileId="1" StartOffset="6044"/>
</LocList>
<StmntSeq Intrnl_Id="201">
<LocList>
<Loc EndOffset="6098" SrcFileId="1" StartOffset="6079"/>
<Loc EndOffset="6138" SrcFileId="1" StartOffset="6132"/>
</LocList>
<BasicStmnt CovItemId="S86" CovItemPrefix="stubs.ScheduleMakerController.java" Intrnl_Id="202">
<LocList>
<Loc EndOffset="6098" SrcFileId="1" StartOffset="6079"/>
</LocList>
</BasicStmnt>
<BasicStmnt CovItemId="S87" CovItemPrefix="stubs.ScheduleMakerController.java" Intrnl_Id="203">
<LocList>
<Loc EndOffset="6138" SrcFileId="1" StartOffset="6132"/>
</LocList>
</BasicStmnt>
</StmntSeq>
</Branch>
<Keyword EndOffset="5906" SrcFileId="1" StartOffset="5904"/>
<LocList>
<Loc EndOffset="6169" SrcFileId="1" StartOffset="5904"/>
</LocList>
</CondStmnt>
</StmntSeq>
</Branch>
<Branch CovItemId="B46" CovItemPrefix="stubs.ScheduleMakerController.java" Implct="true" Intrnl_Id="204">
<Cond/>
<LocList/>
<StmntSeq Intrnl_Id="205">
<LocList/>
</StmntSeq>
</Branch>
<Keyword EndOffset="5829" SrcFileId="1" StartOffset="5827"/>
<LocList>
<Loc EndOffset="6196" SrcFileId="1" StartOffset="5827"/>
</LocList>
</CondStmnt>
</StmntSeq>
<Keyword EndOffset="5754" SrcFileId="1" StartOffset="5751"/>
<LocList>
<Loc EndOffset="6219" SrcFileId="1" StartOffset="5751"/>
</LocList>
</LoopStmnt>
<CondStmnt CovItemId="S88" CovItemPrefix="stubs.ScheduleMakerController.java" Intrnl_Id="206">
<Branch CovItemId="B49" CovItemPrefix="stubs.ScheduleMakerController.java" Implct="false" Intrnl_Id="207">
<Cond/>
<LocList>
<Loc EndOffset="6321" SrcFileId="1" StartOffset="6284"/>
</LocList>
<StmntSeq Intrnl_Id="208">
<LocList>
<Loc EndOffset="6321" SrcFileId="1" StartOffset="6284"/>
</LocList>
<BasicStmnt CovItemId="S89" CovItemPrefix="stubs.ScheduleMakerController.java" Intrnl_Id="209">
<LocList>
<Loc EndOffset="6321" SrcFileId="1" StartOffset="6284"/>
</LocList>
</BasicStmnt>
</StmntSeq>
</Branch>
<Branch CovItemId="B50" CovItemPrefix="stubs.ScheduleMakerController.java" Implct="true" Intrnl_Id="210">
<Cond/>
<LocList/>
<StmntSeq Intrnl_Id="211">
<LocList/>
</StmntSeq>
</Branch>
<Keyword EndOffset="6245" SrcFileId="1" StartOffset="6243"/>
<LocList>
<Loc EndOffset="6321" SrcFileId="1" StartOffset="6243"/>
</LocList>
</CondStmnt>
</StmntSeq>
<Keyword EndOffset="5562" SrcFileId="1" StartOffset="5559"/>
<LocList>
<Loc EndOffset="6342" SrcFileId="1" StartOffset="5559"/>
</LocList>
</LoopStmnt>
<CondStmnt CovItemId="S90" CovItemPrefix="stubs.ScheduleMakerController.java" Intrnl_Id="212">
<Branch CovItemId="B51" CovItemPrefix="stubs.ScheduleMakerController.java" Implct="false" Intrnl_Id="213">
<Cond/>
<LocList>
<Loc EndOffset="6448" SrcFileId="1" StartOffset="6411"/>
</LocList>
<StmntSeq Intrnl_Id="214">
<LocList>
<Loc EndOffset="6448" SrcFileId="1" StartOffset="6411"/>
</LocList>
<BasicStmnt CovItemId="S91" CovItemPrefix="stubs.ScheduleMakerController.java" Intrnl_Id="215">
<LocList>
<Loc EndOffset="6448" SrcFileId="1" StartOffset="6411"/>
</LocList>
</BasicStmnt>
</StmntSeq>
</Branch>
<Branch CovItemId="B52" CovItemPrefix="stubs.ScheduleMakerController.java" Implct="true" Intrnl_Id="216">
<Cond/>
<LocList/>
<StmntSeq Intrnl_Id="217">
<LocList/>
</StmntSeq>
</Branch>
<Keyword EndOffset="6362" SrcFileId="1" StartOffset="6360"/>
<LocList>
<Loc EndOffset="6448" SrcFileId="1" StartOffset="6360"/>
</LocList>
</CondStmnt>
</StmntSeq>
</Branch>
<Branch CovItemId="B44" CovItemPrefix="stubs.ScheduleMakerController.java" Implct="true" Intrnl_Id="218">
<Cond/>
<LocList/>
<StmntSeq Intrnl_Id="219">
<LocList/>
</StmntSeq>
</Branch>
<Keyword EndOffset="5320" SrcFileId="1" StartOffset="5318"/>
<LocList>
<Loc EndOffset="6463" SrcFileId="1" StartOffset="5318"/>
</LocList>
</CondStmnt>
</StmntSeq>
<Keyword EndOffset="5088" SrcFileId="1" StartOffset="5085"/>
<LocList>
<Loc EndOffset="6474" SrcFileId="1" StartOffset="5085"/>
</LocList>
</LoopStmnt>
<CondStmnt CovItemId="S92" CovItemPrefix="stubs.ScheduleMakerController.java" Intrnl_Id="220">
<Branch CovItemId="B53" CovItemPrefix="stubs.ScheduleMakerController.java" Implct="false" Intrnl_Id="221">
<Cond/>
<LocList>
<Loc EndOffset="6606" SrcFileId="1" StartOffset="6533"/>
</LocList>
<StmntSeq Intrnl_Id="222">
<LocList>
<Loc EndOffset="6606" SrcFileId="1" StartOffset="6533"/>
</LocList>
<BasicStmnt CovItemId="S93" CovItemPrefix="stubs.ScheduleMakerController.java" Intrnl_Id="223">
<LocList>
<Loc EndOffset="6606" SrcFileId="1" StartOffset="6533"/>
</LocList>
</BasicStmnt>
</StmntSeq>
</Branch>
<Branch CovItemId="B54" CovItemPrefix="stubs.ScheduleMakerController.java" Implct="true" Intrnl_Id="224">
<Cond/>
<LocList/>
<StmntSeq Intrnl_Id="225">
<LocList/>
</StmntSeq>
</Branch>
<Keyword EndOffset="6488" SrcFileId="1" StartOffset="6486"/>
<LocList>
<Loc EndOffset="6606" SrcFileId="1" StartOffset="6486"/>
</LocList>
</CondStmnt>
<BasicStmnt CovItemId="S94" CovItemPrefix="stubs.ScheduleMakerController.java" Intrnl_Id="226">
<LocList>
<Loc EndOffset="6635" SrcFileId="1" StartOffset="6618"/>
</LocList>
</BasicStmnt>
</StmntSeq>
</HierarchyLvl>
<HierarchyLvl HierarchyLvlId="1094" HierarchyLvlTypeId="4" Intrnl_Id="227" Name="createSchedule">
<Header>
<Loc EndOffset="6760" SrcFileId="1" StartOffset="6650"/>
</Header>
<LocList>
<Loc EndOffset="9061" SrcFileId="1" StartOffset="6650"/>
</LocList>
<StmntSeq Intrnl_Id="228">
<LocList>
<Loc EndOffset="6831" SrcFileId="1" StartOffset="6772"/>
<Loc EndOffset="6898" SrcFileId="1" StartOffset="6843"/>
<Loc EndOffset="6984" SrcFileId="1" StartOffset="6932"/>
<Loc EndOffset="7158" SrcFileId="1" StartOffset="6994"/>
<Loc EndOffset="7297" SrcFileId="1" StartOffset="7198"/>
<Loc EndOffset="8893" SrcFileId="1" StartOffset="7309"/>
<Loc EndOffset="9025" SrcFileId="1" StartOffset="8905"/>
<Loc EndOffset="9054" SrcFileId="1" StartOffset="9037"/>
</LocList>
<BasicStmnt CovItemId="S95" CovItemPrefix="stubs.ScheduleMakerController.java" Intrnl_Id="229">
<LocList>
<Loc EndOffset="6831" SrcFileId="1" StartOffset="6772"/>
</LocList>
</BasicStmnt>
<CondStmnt CovItemId="S96" CovItemPrefix="stubs.ScheduleMakerController.java" Intrnl_Id="230">
<Branch CovItemId="B55" CovItemPrefix="stubs.ScheduleMakerController.java" Implct="false" Intrnl_Id="231">
<Cond/>
<LocList>
<Loc EndOffset="6898" SrcFileId="1" StartOffset="6881"/>
</LocList>
<StmntSeq Intrnl_Id="232">
<LocList>
<Loc EndOffset="6898" SrcFileId="1" StartOffset="6881"/>
</LocList>
<BasicStmnt CovItemId="S97" CovItemPrefix="stubs.ScheduleMakerController.java" Intrnl_Id="233">
<LocList>
<Loc EndOffset="6898" SrcFileId="1" StartOffset="6881"/>
</LocList>
</BasicStmnt>
</StmntSeq>
</Branch>
<Branch CovItemId="B56" CovItemPrefix="stubs.ScheduleMakerController.java" Implct="true" Intrnl_Id="234">
<Cond/>
<LocList/>
<StmntSeq Intrnl_Id="235">
<LocList/>
</StmntSeq>
</Branch>
<Keyword EndOffset="6845" SrcFileId="1" StartOffset="6843"/>
<LocList>
<Loc EndOffset="6898" SrcFileId="1" StartOffset="6843"/>
</LocList>
</CondStmnt>
<BasicStmnt CovItemId="S98" CovItemPrefix="stubs.ScheduleMakerController.java" Intrnl_Id="236">
<LocList>
<Loc EndOffset="6984" SrcFileId="1" StartOffset="6932"/>
</LocList>
</BasicStmnt>
<CondStmnt CovItemId="S99" CovItemPrefix="stubs.ScheduleMakerController.java" Intrnl_Id="237">
<Branch CovItemId="B57" CovItemPrefix="stubs.ScheduleMakerController.java" Implct="false" Intrnl_Id="238">
<Cond/>
<LocList>
<Loc EndOffset="7114" SrcFileId="1" StartOffset="7026"/>
</LocList>
<StmntSeq Intrnl_Id="239">
<LocList>
<Loc EndOffset="7064" SrcFileId="1" StartOffset="7041"/>
<Loc EndOffset="7103" SrcFileId="1" StartOffset="7078"/>
</LocList>
<BasicStmnt CovItemId="S100" CovItemPrefix="stubs.ScheduleMakerController.java" Intrnl_Id="240">
<LocList>
<Loc EndOffset="7064" SrcFileId="1" StartOffset="7041"/>
</LocList>
</BasicStmnt>
<BasicStmnt CovItemId="S101" CovItemPrefix="stubs.ScheduleMakerController.java" Intrnl_Id="241">
<LocList>
<Loc EndOffset="7103" SrcFileId="1" StartOffset="7078"/>
</LocList>
</BasicStmnt>
</StmntSeq>
</Branch>
<Branch CovItemId="B58" CovItemPrefix="stubs.ScheduleMakerController.java" Implct="false" Intrnl_Id="242">
<Cond>
<Loc EndOffset="7128" SrcFileId="1" StartOffset="7124"/>
</Cond>
<LocList>
<Loc EndOffset="7158" SrcFileId="1" StartOffset="7142"/>
</LocList>
<StmntSeq Intrnl_Id="243">
<LocList>
<Loc EndOffset="7158" SrcFileId="1" StartOffset="7142"/>
</LocList>
<BasicStmnt CovItemId="S102" CovItemPrefix="stubs.ScheduleMakerController.java" Intrnl_Id="244">
<LocList>
<Loc EndOffset="7158" SrcFileId="1" StartOffset="7142"/>
</LocList>
</BasicStmnt>
</StmntSeq>
</Branch>
<Keyword EndOffset="6996" SrcFileId="1" StartOffset="6994"/>
<LocList>
<Loc EndOffset="7158" SrcFileId="1" StartOffset="6994"/>
</LocList>
</CondStmnt>
<BasicStmnt CovItemId="S103" CovItemPrefix="stubs.ScheduleMakerController.java" Intrnl_Id="245">
<LocList>
<Loc EndOffset="7297" SrcFileId="1" StartOffset="7198"/>
</LocList>
</BasicStmnt>
<LoopStmnt CovItemId="S104" CovItemPrefix="stubs.ScheduleMakerController.java" Intrnl_Id="246" MltplExecId="L8-2" MltplExecPrefix="stubs.ScheduleMakerController.java" NvrExecId="L8-0" NvrExecPrefix="stubs.ScheduleMakerController.java" OnceExecutedId="L8-1" OnceExecutedPrefix="stubs.ScheduleMakerController.java" OptBodyExec="true">
<StmntSeq Intrnl_Id="247">
<LocList>
<Loc EndOffset="8882" SrcFileId="1" StartOffset="7358"/>
</LocList>
<CondStmnt CovItemId="S105" CovItemPrefix="stubs.ScheduleMakerController.java" Intrnl_Id="248">
<Branch CovItemId="B59" CovItemPrefix="stubs.ScheduleMakerController.java" Implct="false" Intrnl_Id="249">
<Cond/>
<LocList>
<Loc EndOffset="8882" SrcFileId="1" StartOffset="7401"/>
</LocList>
<StmntSeq Intrnl_Id="250">
<LocList>
<Loc EndOffset="7501" SrcFileId="1" StartOffset="7420"/>
<Loc EndOffset="7594" SrcFileId="1" StartOffset="7519"/>
<Loc EndOffset="8867" SrcFileId="1" StartOffset="7612"/>
</LocList>
<BasicStmnt CovItemId="S106" CovItemPrefix="stubs.ScheduleMakerController.java" Intrnl_Id="251">
<LocList>
<Loc EndOffset="7501" SrcFileId="1" StartOffset="7420"/>
</LocList>
</BasicStmnt>
<BasicStmnt CovItemId="S107" CovItemPrefix="stubs.ScheduleMakerController.java" Intrnl_Id="252">
<LocList>
<Loc EndOffset="7594" SrcFileId="1" StartOffset="7519"/>
</LocList>
</BasicStmnt>
<CondStmnt CovItemId="S108" CovItemPrefix="stubs.ScheduleMakerController.java" Intrnl_Id="253">
<Branch CovItemId="B61" CovItemPrefix="stubs.ScheduleMakerController.java" Implct="false" Intrnl_Id="254">
<Cond/>
<LocList>
<Loc EndOffset="8867" SrcFileId="1" StartOffset="7657"/>
</LocList>
<StmntSeq Intrnl_Id="255">
<LocList>
<Loc EndOffset="7717" SrcFileId="1" StartOffset="7682"/>
<Loc EndOffset="7810" SrcFileId="1" StartOffset="7739"/>
<Loc EndOffset="8734" SrcFileId="1" StartOffset="7875"/>
<Loc EndOffset="8848" SrcFileId="1" StartOffset="8756"/>
</LocList>
<BasicStmnt CovItemId="S109" CovItemPrefix="stubs.ScheduleMakerController.java" Intrnl_Id="256">
<LocList>
<Loc EndOffset="7717" SrcFileId="1" StartOffset="7682"/>
</LocList>
</BasicStmnt>
<BasicStmnt CovItemId="S110" CovItemPrefix="stubs.ScheduleMakerController.java" Intrnl_Id="257">
<LocList>
<Loc EndOffset="7810" SrcFileId="1" StartOffset="7739"/>
</LocList>
</BasicStmnt>
<LoopStmnt CovItemId="S111" CovItemPrefix="stubs.ScheduleMakerController.java" Intrnl_Id="258" MltplExecId="L9-2" MltplExecPrefix="stubs.ScheduleMakerController.java" NvrExecId="L9-0" NvrExecPrefix="stubs.ScheduleMakerController.java" OnceExecutedId="L9-1" OnceExecutedPrefix="stubs.ScheduleMakerController.java" OptBodyExec="true">
<StmntSeq Intrnl_Id="259">
<LocList>
<Loc EndOffset="7972" SrcFileId="1" StartOffset="7953"/>
<Loc EndOffset="8057" SrcFileId="1" StartOffset="7998"/>
<Loc EndOffset="8599" SrcFileId="1" StartOffset="8083"/>
<Loc EndOffset="8709" SrcFileId="1" StartOffset="8627"/>
</LocList>
<BasicStmnt CovItemId="S112" CovItemPrefix="stubs.ScheduleMakerController.java" Intrnl_Id="260">
<LocList>
<Loc EndOffset="7972" SrcFileId="1" StartOffset="7953"/>
</LocList>
</BasicStmnt>
<BasicStmnt CovItemId="S113" CovItemPrefix="stubs.ScheduleMakerController.java" Intrnl_Id="261">
<LocList>
<Loc EndOffset="8057" SrcFileId="1" StartOffset="7998"/>
</LocList>
</BasicStmnt>
<LoopStmnt CovItemId="S114" CovItemPrefix="stubs.ScheduleMakerController.java" Intrnl_Id="262" MltplExecId="L10-2" MltplExecPrefix="stubs.ScheduleMakerController.java" NvrExecId="L10-0" NvrExecPrefix="stubs.ScheduleMakerController.java" OnceExecutedId="L10-1" OnceExecutedPrefix="stubs.ScheduleMakerController.java" OptBodyExec="true">
<StmntSeq Intrnl_Id="263">
<LocList>
<Loc EndOffset="8572" SrcFileId="1" StartOffset="8167"/>
</LocList>
<CondStmnt CovItemId="S115" CovItemPrefix="stubs.ScheduleMakerController.java" Intrnl_Id="264">
<Branch CovItemId="B63" CovItemPrefix="stubs.ScheduleMakerController.java" Implct="false" Intrnl_Id="265">
<Cond/>
<LocList>
<Loc EndOffset="8572" SrcFileId="1" StartOffset="8217"/>
</LocList>
<StmntSeq Intrnl_Id="266">
<LocList>
<Loc EndOffset="8541" SrcFileId="1" StartOffset="8252"/>
</LocList>
<CondStmnt CovItemId="S116" CovItemPrefix="stubs.ScheduleMakerController.java" Intrnl_Id="267">
<Branch CovItemId="B65" CovItemPrefix="stubs.ScheduleMakerController.java" Implct="false" Intrnl_Id="268">
<Cond/>
<LocList>
<Loc EndOffset="8332" SrcFileId="1" StartOffset="8314"/>
</LocList>
<StmntSeq Intrnl_Id="269">
<LocList>
<Loc EndOffset="8332" SrcFileId="1" StartOffset="8314"/>
</LocList>
<BasicStmnt CovItemId="S117" CovItemPrefix="stubs.ScheduleMakerController.java" Intrnl_Id="270">
<LocList>
<Loc EndOffset="8332" SrcFileId="1" StartOffset="8314"/>
</LocList>
</BasicStmnt>
</StmntSeq>
</Branch>
<Branch CovItemId="B66" CovItemPrefix="stubs.ScheduleMakerController.java" Implct="false" Intrnl_Id="271">
<Cond>
<Loc EndOffset="8370" SrcFileId="1" StartOffset="8366"/>
</Cond>
<LocList>
<Loc EndOffset="8541" SrcFileId="1" StartOffset="8404"/>
</LocList>
<StmntSeq Intrnl_Id="272">
<LocList>
<Loc EndOffset="8462" SrcFileId="1" StartOffset="8443"/>
<Loc EndOffset="8506" SrcFileId="1" StartOffset="8500"/>
</LocList>
<BasicStmnt CovItemId="S118" CovItemPrefix="stubs.ScheduleMakerController.java" Intrnl_Id="273">
<LocList>
<Loc EndOffset="8462" SrcFileId="1" StartOffset="8443"/>
</LocList>
</BasicStmnt>
<BasicStmnt CovItemId="S119" CovItemPrefix="stubs.ScheduleMakerController.java" Intrnl_Id="274">
<LocList>
<Loc EndOffset="8506" SrcFileId="1" StartOffset="8500"/>
</LocList>
</BasicStmnt>
</StmntSeq>
</Branch>
<Keyword EndOffset="8254" SrcFileId="1" StartOffset="8252"/>
<LocList>
<Loc EndOffset="8541" SrcFileId="1" StartOffset="8252"/>
</LocList>
</CondStmnt>
</StmntSeq>
</Branch>
<Branch CovItemId="B64" CovItemPrefix="stubs.ScheduleMakerController.java" Implct="true" Intrnl_Id="275">
<Cond/>
<LocList/>
<StmntSeq Intrnl_Id="276">
<LocList/>
</StmntSeq>
</Branch>
<Keyword EndOffset="8169" SrcFileId="1" StartOffset="8167"/>
<LocList>
<Loc EndOffset="8572" SrcFileId="1" StartOffset="8167"/>
</LocList>
</CondStmnt>
</StmntSeq>
<Keyword EndOffset="8086" SrcFileId="1" StartOffset="8083"/>
<LocList>
<Loc EndOffset="8599" SrcFileId="1" StartOffset="8083"/>
</LocList>
</LoopStmnt>
<CondStmnt CovItemId="S120" CovItemPrefix="stubs.ScheduleMakerController.java" Intrnl_Id="277">
<Branch CovItemId="B67" CovItemPrefix="stubs.ScheduleMakerController.java" Implct="false" Intrnl_Id="278">
<Cond/>
<LocList>
<Loc EndOffset="8709" SrcFileId="1" StartOffset="8672"/>
</LocList>
<StmntSeq Intrnl_Id="279">
<LocList>
<Loc EndOffset="8709" SrcFileId="1" StartOffset="8672"/>
</LocList>
<BasicStmnt CovItemId="S121" CovItemPrefix="stubs.ScheduleMakerController.java" Intrnl_Id="280">
<LocList>
<Loc EndOffset="8709" SrcFileId="1" StartOffset="8672"/>
</LocList>
</BasicStmnt>
</StmntSeq>
</Branch>
<Branch CovItemId="B68" CovItemPrefix="stubs.ScheduleMakerController.java" Implct="true" Intrnl_Id="281">
<Cond/>
<LocList/>
<StmntSeq Intrnl_Id="282">
<LocList/>
</StmntSeq>
</Branch>
<Keyword EndOffset="8629" SrcFileId="1" StartOffset="8627"/>
<LocList>
<Loc EndOffset="8709" SrcFileId="1" StartOffset="8627"/>
</LocList>
</CondStmnt>
</StmntSeq>
<Keyword EndOffset="7878" SrcFileId="1" StartOffset="7875"/>
<LocList>
<Loc EndOffset="8734" SrcFileId="1" StartOffset="7875"/>
</LocList>
</LoopStmnt>
<CondStmnt CovItemId="S122" CovItemPrefix="stubs.ScheduleMakerController.java" Intrnl_Id="283">
<Branch CovItemId="B69" CovItemPrefix="stubs.ScheduleMakerController.java" Implct="false" Intrnl_Id="284">
<Cond/>
<LocList>
<Loc EndOffset="8848" SrcFileId="1" StartOffset="8811"/>
</LocList>
<StmntSeq Intrnl_Id="285">
<LocList>
<Loc EndOffset="8848" SrcFileId="1" StartOffset="8811"/>
</LocList>
<BasicStmnt CovItemId="S123" CovItemPrefix="stubs.ScheduleMakerController.java" Intrnl_Id="286">
<LocList>
<Loc EndOffset="8848" SrcFileId="1" StartOffset="8811"/>
</LocList>
</BasicStmnt>
</StmntSeq>
</Branch>
<Branch CovItemId="B70" CovItemPrefix="stubs.ScheduleMakerController.java" Implct="true" Intrnl_Id="287">
<Cond/>
<LocList/>
<StmntSeq Intrnl_Id="288">
<LocList/>
</StmntSeq>
</Branch>
<Keyword EndOffset="8758" SrcFileId="1" StartOffset="8756"/>
<LocList>
<Loc EndOffset="8848" SrcFileId="1" StartOffset="8756"/>
</LocList>
</CondStmnt>
</StmntSeq>
</Branch>
<Branch CovItemId="B62" CovItemPrefix="stubs.ScheduleMakerController.java" Implct="true" Intrnl_Id="289">
<Cond/>
<LocList/>
<StmntSeq Intrnl_Id="290">
<LocList/>
</StmntSeq>
</Branch>
<Keyword EndOffset="7614" SrcFileId="1" StartOffset="7612"/>
<LocList>
<Loc EndOffset="8867" SrcFileId="1" StartOffset="7612"/>
</LocList>
</CondStmnt>
</StmntSeq>
</Branch>
<Branch CovItemId="B60" CovItemPrefix="stubs.ScheduleMakerController.java" Implct="true" Intrnl_Id="291">
<Cond/>
<LocList/>
<StmntSeq Intrnl_Id="292">
<LocList/>
</StmntSeq>
</Branch>
<Keyword EndOffset="7360" SrcFileId="1" StartOffset="7358"/>
<LocList>
<Loc EndOffset="8882" SrcFileId="1" StartOffset="7358"/>
</LocList>
</CondStmnt>
</StmntSeq>
<Keyword EndOffset="7312" SrcFileId="1" StartOffset="7309"/>
<LocList>
<Loc EndOffset="8893" SrcFileId="1" StartOffset="7309"/>
</LocList>
</LoopStmnt>
<CondStmnt CovItemId="S124" CovItemPrefix="stubs.ScheduleMakerController.java" Intrnl_Id="293">
<Branch CovItemId="B71" CovItemPrefix="stubs.ScheduleMakerController.java" Implct="false" Intrnl_Id="294">
<Cond/>
<LocList>
<Loc EndOffset="9025" SrcFileId="1" StartOffset="8952"/>
</LocList>
<StmntSeq Intrnl_Id="295">
<LocList>
<Loc EndOffset="9025" SrcFileId="1" StartOffset="8952"/>
</LocList>
<BasicStmnt CovItemId="S125" CovItemPrefix="stubs.ScheduleMakerController.java" Intrnl_Id="296">
<LocList>
<Loc EndOffset="9025" SrcFileId="1" StartOffset="8952"/>
</LocList>
</BasicStmnt>
</StmntSeq>
</Branch>
<Branch CovItemId="B72" CovItemPrefix="stubs.ScheduleMakerController.java" Implct="true" Intrnl_Id="297">
<Cond/>
<LocList/>
<StmntSeq Intrnl_Id="298">
<LocList/>
</StmntSeq>
</Branch>
<Keyword EndOffset="8907" SrcFileId="1" StartOffset="8905"/>
<LocList>
<Loc EndOffset="9025" SrcFileId="1" StartOffset="8905"/>
</LocList>
</CondStmnt>
<BasicStmnt CovItemId="S126" CovItemPrefix="stubs.ScheduleMakerController.java" Intrnl_Id="299">
<LocList>
<Loc EndOffset="9054" SrcFileId="1" StartOffset="9037"/>
</LocList>
</BasicStmnt>
</StmntSeq>
</HierarchyLvl>
<HierarchyLvl HierarchyLvlId="1095" HierarchyLvlTypeId="4" Intrnl_Id="300" Name="sortSchedules">
<Header>
<Loc EndOffset="9096" SrcFileId="1" StartOffset="9069"/>
</Header>
<LocList>
<Loc EndOffset="9122" SrcFileId="1" StartOffset="9069"/>
</LocList>
</HierarchyLvl>
<HierarchyLvl HierarchyLvlId="1096" HierarchyLvlTypeId="4" Intrnl_Id="301" Name="getSavedSchedule">
<Header>
<Loc EndOffset="9160" SrcFileId="1" StartOffset="9130"/>
</Header>
<LocList>
<Loc EndOffset="9186" SrcFileId="1" StartOffset="9130"/>
</LocList>
</HierarchyLvl>
<HierarchyLvl HierarchyLvlId="1097" HierarchyLvlTypeId="4" Intrnl_Id="302" Name="getBalance">
<Header>
<Loc EndOffset="9218" SrcFileId="1" StartOffset="9194"/>
</Header>
<LocList>
<Loc EndOffset="9244" SrcFileId="1" StartOffset="9194"/>
</LocList>
</HierarchyLvl>
<HierarchyLvl HierarchyLvlId="1098" HierarchyLvlTypeId="4" Intrnl_Id="303" Name="findClasses">
<Header>
<Loc EndOffset="9278" SrcFileId="1" StartOffset="9252"/>
</Header>
<LocList>
<Loc EndOffset="9304" SrcFileId="1" StartOffset="9252"/>
</LocList>
</HierarchyLvl>
<HierarchyLvl HierarchyLvlId="1099" HierarchyLvlTypeId="4" Intrnl_Id="304" Name="saveSchedules">
<Header>
<Loc EndOffset="9369" SrcFileId="1" StartOffset="9312"/>
</Header>
<LocList>
<Loc EndOffset="9378" SrcFileId="1" StartOffset="9312"/>
</LocList>
</HierarchyLvl>
</HierarchyLvl>
<HierarchyLvl HierarchyLvlId="1117" HierarchyLvlTypeId="5" Intrnl_Id="305" Name="ClassDetails">
<Header>
<Loc EndOffset="253" SrcFileId="2" StartOffset="228"/>
</Header>
<LocList>
<Loc EndOffset="4901" SrcFileId="2" StartOffset="228"/>
</LocList>
<HierarchyLvl HierarchyLvlId="1101" HierarchyLvlTypeId="4" Intrnl_Id="306" Name="ClassDetails">
<Header>
<Loc EndOffset="507" SrcFileId="2" StartOffset="486"/>
</Header>
<LocList>
<Loc EndOffset="518" SrcFileId="2" StartOffset="486"/>
</LocList>
</HierarchyLvl>
<HierarchyLvl HierarchyLvlId="1102" HierarchyLvlTypeId="4" Intrnl_Id="307" Name="getTerm">
<Header>
<Loc EndOffset="549" SrcFileId="2" StartOffset="526"/>
</Header>
<LocList>
<Loc EndOffset="577" SrcFileId="2" StartOffset="526"/>
</LocList>
<StmntSeq Intrnl_Id="308">
<LocList>
<Loc EndOffset="570" SrcFileId="2" StartOffset="558"/>
</LocList>
<BasicStmnt CovItemId="S1" CovItemPrefix="stubs.ClassDetails.java" Intrnl_Id="309">
<LocList>
<Loc EndOffset="570" SrcFileId="2" StartOffset="558"/>
</LocList>
</BasicStmnt>
</StmntSeq>
</HierarchyLvl>
<HierarchyLvl HierarchyLvlId="1103" HierarchyLvlTypeId="4" Intrnl_Id="310" Name="setTerm">
<Header>
<Loc EndOffset="621" SrcFileId="2" StartOffset="589"/>
</Header>
<LocList>
<Loc EndOffset="657" SrcFileId="2" StartOffset="589"/>
</LocList>
<StmntSeq Intrnl_Id="311">
<LocList>
<Loc EndOffset="650" SrcFileId="2" StartOffset="633"/>
</LocList>
<BasicStmnt CovItemId="S2" CovItemPrefix="stubs.ClassDetails.java" Intrnl_Id="312">
<LocList>
<Loc EndOffset="650" SrcFileId="2" StartOffset="633"/>
</LocList>
</BasicStmnt>
</StmntSeq>
</HierarchyLvl>
<HierarchyLvl HierarchyLvlId="1104" HierarchyLvlTypeId="4" Intrnl_Id="313" Name="setCampus">
<Header>
<Loc EndOffset="705" SrcFileId="2" StartOffset="669"/>
</Header>
<LocList>
<Loc EndOffset="745" SrcFileId="2" StartOffset="669"/>
</LocList>
<StmntSeq Intrnl_Id="314">
<LocList>
<Loc EndOffset="738" SrcFileId="2" StartOffset="717"/>
</LocList>
<BasicStmnt CovItemId="S3" CovItemPrefix="stubs.ClassDetails.java" Intrnl_Id="315">
<LocList>
<Loc EndOffset="738" SrcFileId="2" StartOffset="717"/>
</LocList>
</BasicStmnt>
</StmntSeq>
</HierarchyLvl>
<HierarchyLvl HierarchyLvlId="1105" HierarchyLvlTypeId="4" Intrnl_Id="316" Name="getCampus">
<Header>
<Loc EndOffset="778" SrcFileId="2" StartOffset="753"/>
</Header>
<LocList>
<Loc EndOffset="808" SrcFileId="2" StartOffset="753"/>
</LocList>
<StmntSeq Intrnl_Id="317">
<LocList>
<Loc EndOffset="801" SrcFileId="2" StartOffset="787"/>
</LocList>
<BasicStmnt CovItemId="S4" CovItemPrefix="stubs.ClassDetails.java" Intrnl_Id="318">
<LocList>
<Loc EndOffset="801" SrcFileId="2" StartOffset="787"/>
</LocList>
</BasicStmnt>
</StmntSeq>
</HierarchyLvl>
<HierarchyLvl HierarchyLvlId="1106" HierarchyLvlTypeId="4" Intrnl_Id="319" Name="ClassDetails">
<Header>
<Loc EndOffset="865" SrcFileId="2" StartOffset="814"/>
</Header>
<LocList>
<Loc EndOffset="940" SrcFileId="2" StartOffset="814"/>
</LocList>
<StmntSeq Intrnl_Id="320">
<LocList>
<Loc EndOffset="898" SrcFileId="2" StartOffset="877"/>
<Loc EndOffset="933" SrcFileId="2" StartOffset="908"/>
</LocList>
<BasicStmnt CovItemId="S5" CovItemPrefix="stubs.ClassDetails.java" Intrnl_Id="321">
<LocList>
<Loc EndOffset="898" SrcFileId="2" StartOffset="877"/>
</LocList>
</BasicStmnt>
<BasicStmnt CovItemId="S6" CovItemPrefix="stubs.ClassDetails.java" Intrnl_Id="322">
<LocList>
<Loc EndOffset="933" SrcFileId="2" StartOffset="908"/>
</LocList>
</BasicStmnt>
</StmntSeq>
</HierarchyLvl>
<HierarchyLvl HierarchyLvlId="1107" HierarchyLvlTypeId="4" Intrnl_Id="323" Name="getInstructor">
<Header>
<Loc EndOffset="980" SrcFileId="2" StartOffset="948"/>
</Header>
<LocList>
<Loc EndOffset="1011" SrcFileId="2" StartOffset="948"/>
</LocList>
<StmntSeq Intrnl_Id="324">
<LocList>
<Loc EndOffset="1004" SrcFileId="2" StartOffset="992"/>
</LocList>
<BasicStmnt CovItemId="S7" CovItemPrefix="stubs.ClassDetails.java" Intrnl_Id="325">
<LocList>
<Loc EndOffset="1004" SrcFileId="2" StartOffset="992"/>
</LocList>
</BasicStmnt>
</StmntSeq>
</HierarchyLvl>
<HierarchyLvl HierarchyLvlId="1108" HierarchyLvlTypeId="4" Intrnl_Id="326" Name="hasConflict">
<Header>
<Loc EndOffset="1062" SrcFileId="2" StartOffset="1019"/>
</Header>
<LocList>
<Loc EndOffset="3618" SrcFileId="2" StartOffset="1019"/>
</LocList>
<StmntSeq Intrnl_Id="327">
<LocList>
<Loc EndOffset="1094" SrcFileId="2" StartOffset="1074"/>
<Loc EndOffset="1127" SrcFileId="2" StartOffset="1104"/>
<Loc EndOffset="1188" SrcFileId="2" StartOffset="1162"/>
<Loc EndOffset="1224" SrcFileId="2" StartOffset="1198"/>
<Loc EndOffset="1339" SrcFileId="2" StartOffset="1310"/>
<Loc EndOffset="1378" SrcFileId="2" StartOffset="1349"/>
<Loc EndOffset="1418" SrcFileId="2" StartOffset="1388"/>
<Loc EndOffset="1444" SrcFileId="2" StartOffset="1428"/>
<Loc EndOffset="1471" SrcFileId="2" StartOffset="1454"/>
<Loc EndOffset="1497" SrcFileId="2" StartOffset="1481"/>
<Loc EndOffset="1525" SrcFileId="2" StartOffset="1507"/>
<Loc EndOffset="1551" SrcFileId="2" StartOffset="1535"/>
<Loc EndOffset="1577" SrcFileId="2" StartOffset="1561"/>
<Loc EndOffset="1603" SrcFileId="2" StartOffset="1587"/>
<Loc EndOffset="1819" SrcFileId="2" StartOffset="1615"/>
<Loc EndOffset="2035" SrcFileId="2" StartOffset="1831"/>
<Loc EndOffset="2082" SrcFileId="2" StartOffset="2045"/>
<Loc EndOffset="2129" SrcFileId="2" StartOffset="2092"/>
<Loc EndOffset="3586" SrcFileId="2" StartOffset="2139"/>
<Loc EndOffset="3611" SrcFileId="2" StartOffset="3598"/>
</LocList>
<BasicStmnt CovItemId="S8" CovItemPrefix="stubs.ClassDetails.java" Intrnl_Id="328">
<LocList>
<Loc EndOffset="1094" SrcFileId="2" StartOffset="1074"/>
</LocList>
</BasicStmnt>
<BasicStmnt CovItemId="S9" CovItemPrefix="stubs.ClassDetails.java" Intrnl_Id="329">
<LocList>
<Loc EndOffset="1127" SrcFileId="2" StartOffset="1104"/>
</LocList>
</BasicStmnt>
<BasicStmnt CovItemId="S10" CovItemPrefix="stubs.ClassDetails.java" Intrnl_Id="330">
<LocList>
<Loc EndOffset="1188" SrcFileId="2" StartOffset="1162"/>
</LocList>
</BasicStmnt>
<BasicStmnt CovItemId="S11" CovItemPrefix="stubs.ClassDetails.java" Intrnl_Id="331">
<LocList>
<Loc EndOffset="1224" SrcFileId="2" StartOffset="1198"/>
</LocList>
</BasicStmnt>
<BasicStmnt CovItemId="S12" CovItemPrefix="stubs.ClassDetails.java" Intrnl_Id="332">
<LocList>
<Loc EndOffset="1339" SrcFileId="2" StartOffset="1310"/>
</LocList>
</BasicStmnt>
<BasicStmnt CovItemId="S13" CovItemPrefix="stubs.ClassDetails.java" Intrnl_Id="333">
<LocList>
<Loc EndOffset="1378" SrcFileId="2" StartOffset="1349"/>
</LocList>
</BasicStmnt>
<BasicStmnt CovItemId="S14" CovItemPrefix="stubs.ClassDetails.java" Intrnl_Id="334">
<LocList>
<Loc EndOffset="1418" SrcFileId="2" StartOffset="1388"/>
</LocList>
</BasicStmnt>
<BasicStmnt CovItemId="S15" CovItemPrefix="stubs.ClassDetails.java" Intrnl_Id="335">
<LocList>
<Loc EndOffset="1444" SrcFileId="2" StartOffset="1428"/>
</LocList>
</BasicStmnt>
<BasicStmnt CovItemId="S16" CovItemPrefix="stubs.ClassDetails.java" Intrnl_Id="336">
<LocList>
<Loc EndOffset="1471" SrcFileId="2" StartOffset="1454"/>
</LocList>
</BasicStmnt>
<BasicStmnt CovItemId="S17" CovItemPrefix="stubs.ClassDetails.java" Intrnl_Id="337">
<LocList>
<Loc EndOffset="1497" SrcFileId="2" StartOffset="1481"/>
</LocList>
</BasicStmnt>
<BasicStmnt CovItemId="S18" CovItemPrefix="stubs.ClassDetails.java" Intrnl_Id="338">
<LocList>
<Loc EndOffset="1525" SrcFileId="2" StartOffset="1507"/>
</LocList>
</BasicStmnt>
<BasicStmnt CovItemId="S19" CovItemPrefix="stubs.ClassDetails.java" Intrnl_Id="339">
<LocList>
<Loc EndOffset="1551" SrcFileId="2" StartOffset="1535"/>
</LocList>
</BasicStmnt>
<BasicStmnt CovItemId="S20" CovItemPrefix="stubs.ClassDetails.java" Intrnl_Id="340">
<LocList>
<Loc EndOffset="1577" SrcFileId="2" StartOffset="1561"/>
</LocList>
</BasicStmnt>
<BasicStmnt CovItemId="S21" CovItemPrefix="stubs.ClassDetails.java" Intrnl_Id="341">
<LocList>
<Loc EndOffset="1603" SrcFileId="2" StartOffset="1587"/>
</LocList>
</BasicStmnt>
<LoopStmnt CovItemId="S22" CovItemPrefix="stubs.ClassDetails.java" Intrnl_Id="342" MltplExecId="L1-2" MltplExecPrefix="stubs.ClassDetails.java" NvrExecId="L1-0" NvrExecPrefix="stubs.ClassDetails.java" OnceExecutedId="L1-1" OnceExecutedPrefix="stubs.ClassDetails.java" OptBodyExec="true">
<StmntSeq Intrnl_Id="343">
<LocList>
<Loc EndOffset="1808" SrcFileId="2" StartOffset="1667"/>
</LocList>
<CondStmnt CovItemId="S23" CovItemPrefix="stubs.ClassDetails.java" Intrnl_Id="344">
<Branch CovItemId="B1" CovItemPrefix="stubs.ClassDetails.java" Implct="false" Intrnl_Id="345">
<Cond/>
<LocList>
<Loc EndOffset="1808" SrcFileId="2" StartOffset="1711"/>
</LocList>
<StmntSeq Intrnl_Id="346">
<LocList>
<Loc EndOffset="1763" SrcFileId="2" StartOffset="1730"/>
<Loc EndOffset="1793" SrcFileId="2" StartOffset="1781"/>
</LocList>
<BasicStmnt CovItemId="S24" CovItemPrefix="stubs.ClassDetails.java" Intrnl_Id="347">
<LocList>
<Loc EndOffset="1763" SrcFileId="2" StartOffset="1730"/>
</LocList>
</BasicStmnt>
<BasicStmnt CovItemId="S25" CovItemPrefix="stubs.ClassDetails.java" Intrnl_Id="348">
<LocList>
<Loc EndOffset="1793" SrcFileId="2" StartOffset="1781"/>
</LocList>
</BasicStmnt>
</StmntSeq>
</Branch>
<Branch CovItemId="B2" CovItemPrefix="stubs.ClassDetails.java" Implct="true" Intrnl_Id="349">
<Cond/>
<LocList/>
<StmntSeq Intrnl_Id="350">
<LocList/>
</StmntSeq>
</Branch>
<Keyword EndOffset="1669" SrcFileId="2" StartOffset="1667"/>
<LocList>
<Loc EndOffset="1808" SrcFileId="2" StartOffset="1667"/>
</LocList>
</CondStmnt>
</StmntSeq>
<Keyword EndOffset="1618" SrcFileId="2" StartOffset="1615"/>
<LocList>
<Loc EndOffset="1819" SrcFileId="2" StartOffset="1615"/>
</LocList>
</LoopStmnt>
<LoopStmnt CovItemId="S26" CovItemPrefix="stubs.ClassDetails.java" Intrnl_Id="351" MltplExecId="L2-2" MltplExecPrefix="stubs.ClassDetails.java" NvrExecId="L2-0" NvrExecPrefix="stubs.ClassDetails.java" OnceExecutedId="L2-1" OnceExecutedPrefix="stubs.ClassDetails.java" OptBodyExec="true">
<StmntSeq Intrnl_Id="352">
<LocList>
<Loc EndOffset="2024" SrcFileId="2" StartOffset="1883"/>
</LocList>
<CondStmnt CovItemId="S27" CovItemPrefix="stubs.ClassDetails.java" Intrnl_Id="353">
<Branch CovItemId="B3" CovItemPrefix="stubs.ClassDetails.java" Implct="false" Intrnl_Id="354">
<Cond/>
<LocList>
<Loc EndOffset="2024" SrcFileId="2" StartOffset="1927"/>
</LocList>
<StmntSeq Intrnl_Id="355">
<LocList>
<Loc EndOffset="1979" SrcFileId="2" StartOffset="1946"/>
<Loc EndOffset="2009" SrcFileId="2" StartOffset="1997"/>
</LocList>
<BasicStmnt CovItemId="S28" CovItemPrefix="stubs.ClassDetails.java" Intrnl_Id="356">
<LocList>
<Loc EndOffset="1979" SrcFileId="2" StartOffset="1946"/>
</LocList>
</BasicStmnt>
<BasicStmnt CovItemId="S29" CovItemPrefix="stubs.ClassDetails.java" Intrnl_Id="357">
<LocList>
<Loc EndOffset="2009" SrcFileId="2" StartOffset="1997"/>
</LocList>
</BasicStmnt>
</StmntSeq>
</Branch>
<Branch CovItemId="B4" CovItemPrefix="stubs.ClassDetails.java" Implct="true" Intrnl_Id="358">
<Cond/>
<LocList/>
<StmntSeq Intrnl_Id="359">
<LocList/>
</StmntSeq>
</Branch>
<Keyword EndOffset="1885" SrcFileId="2" StartOffset="1883"/>
<LocList>
<Loc EndOffset="2024" SrcFileId="2" StartOffset="1883"/>
</LocList>
</CondStmnt>
</StmntSeq>
<Keyword EndOffset="1834" SrcFileId="2" StartOffset="1831"/>
<LocList>
<Loc EndOffset="2035" SrcFileId="2" StartOffset="1831"/>
</LocList>
</LoopStmnt>
<BasicStmnt CovItemId="S30" CovItemPrefix="stubs.ClassDetails.java" Intrnl_Id="360">
<LocList>
<Loc EndOffset="2082" SrcFileId="2" StartOffset="2045"/>
</LocList>
</BasicStmnt>
<BasicStmnt CovItemId="S31" CovItemPrefix="stubs.ClassDetails.java" Intrnl_Id="361">
<LocList>
<Loc EndOffset="2129" SrcFileId="2" StartOffset="2092"/>
</LocList>
</BasicStmnt>
<LoopStmnt CovItemId="S32" CovItemPrefix="stubs.ClassDetails.java" Intrnl_Id="362" MltplExecId="L3-2" MltplExecPrefix="stubs.ClassDetails.java" NvrExecId="L3-0" NvrExecPrefix="stubs.ClassDetails.java" OnceExecutedId="L3-1" OnceExecutedPrefix="stubs.ClassDetails.java" OptBodyExec="true">
<StmntSeq Intrnl_Id="363">
<LocList>
<Loc EndOffset="2208" SrcFileId="2" StartOffset="2185"/>
<Loc EndOffset="3575" SrcFileId="2" StartOffset="2222"/>
</LocList>
<BasicStmnt CovItemId="S33" CovItemPrefix="stubs.ClassDetails.java" Intrnl_Id="364">
<LocList>
<Loc EndOffset="2208" SrcFileId="2" StartOffset="2185"/>
</LocList>
</BasicStmnt>
<LoopStmnt CovItemId="S34" CovItemPrefix="stubs.ClassDetails.java" Intrnl_Id="365" MltplExecId="L4-2" MltplExecPrefix="stubs.ClassDetails.java" NvrExecId="L4-0" NvrExecPrefix="stubs.ClassDetails.java" OnceExecutedId="L4-1" OnceExecutedPrefix="stubs.ClassDetails.java" OptBodyExec="true">
<StmntSeq Intrnl_Id="366">
<LocList>
<Loc EndOffset="2299" SrcFileId="2" StartOffset="2276"/>
<Loc EndOffset="3560" SrcFileId="2" StartOffset="2319"/>
</LocList>
<BasicStmnt CovItemId="S35" CovItemPrefix="stubs.ClassDetails.java" Intrnl_Id="367">
<LocList>
<Loc EndOffset="2299" SrcFileId="2" StartOffset="2276"/>
</LocList>
</BasicStmnt>
<CondStmnt CovItemId="S36" CovItemPrefix="stubs.ClassDetails.java" Intrnl_Id="368">
<Branch CovItemId="B5" CovItemPrefix="stubs.ClassDetails.java" Implct="false" Intrnl_Id="369">
<Cond/>
<LocList>
<Loc EndOffset="3560" SrcFileId="2" StartOffset="2355"/>
</LocList>
<StmntSeq Intrnl_Id="370">
<LocList>
<Loc EndOffset="3541" SrcFileId="2" StartOffset="2434"/>
</LocList>
<CondStmnt CovItemId="S37" CovItemPrefix="stubs.ClassDetails.java" Intrnl_Id="371">
<Branch CovItemId="B7" CovItemPrefix="stubs.ClassDetails.java" Implct="false" Intrnl_Id="372">
<Cond/>
<LocList>
<Loc EndOffset="2594" SrcFileId="2" StartOffset="2479"/>
</LocList>
<StmntSeq Intrnl_Id="373">
<LocList>
<Loc EndOffset="2571" SrcFileId="2" StartOffset="2506"/>
</LocList>
<CondStmnt CovItemId="S38" CovItemPrefix="stubs.ClassDetails.java" Intrnl_Id="374">
<Branch CovItemId="B9" CovItemPrefix="stubs.ClassDetails.java" Implct="false" Intrnl_Id="375">
<Cond/>
<LocList>
<Loc EndOffset="2571" SrcFileId="2" StartOffset="2559"/>
</LocList>
<StmntSeq Intrnl_Id="376">
<LocList>
<Loc EndOffset="2571" SrcFileId="2" StartOffset="2559"/>
</LocList>
<BasicStmnt CovItemId="S39" CovItemPrefix="stubs.ClassDetails.java" Intrnl_Id="377">
<LocList>
<Loc EndOffset="2571" SrcFileId="2" StartOffset="2559"/>
</LocList>
</BasicStmnt>
</StmntSeq>
</Branch>
<Branch CovItemId="B10" CovItemPrefix="stubs.ClassDetails.java" Implct="true" Intrnl_Id="378">
<Cond/>
<LocList/>
<StmntSeq Intrnl_Id="379">
<LocList/>
</StmntSeq>
</Branch>
<Keyword EndOffset="2508" SrcFileId="2" StartOffset="2506"/>
<LocList>
<Loc EndOffset="2571" SrcFileId="2" StartOffset="2506"/>
</LocList>
</CondStmnt>
</StmntSeq>
</Branch>
<Branch CovItemId="B8" CovItemPrefix="stubs.ClassDetails.java" Implct="false" Intrnl_Id="380">
<Cond>
<Loc EndOffset="2664" SrcFileId="2" StartOffset="2660"/>
</Cond>
<LocList>
<Loc EndOffset="3541" SrcFileId="2" StartOffset="2665"/>
</LocList>
<StmntSeq Intrnl_Id="381">
<LocList>
<Loc EndOffset="3541" SrcFileId="2" StartOffset="2665"/>
</LocList>
<CondStmnt CovItemId="S40" CovItemPrefix="stubs.ClassDetails.java" Intrnl_Id="382">
<Branch CovItemId="B11" CovItemPrefix="stubs.ClassDetails.java" Implct="false" Intrnl_Id="383">
<Cond/>
<LocList>
<Loc EndOffset="3030" SrcFileId="2" StartOffset="2709"/>
</LocList>
<StmntSeq Intrnl_Id="384">
<LocList>
<Loc EndOffset="3007" SrcFileId="2" StartOffset="2736"/>
</LocList>
<CondStmnt CovItemId="S41" CovItemPrefix="stubs.ClassDetails.java" Intrnl_Id="385">
<Branch CovItemId="B13" CovItemPrefix="stubs.ClassDetails.java" Implct="false" Intrnl_Id="386">
<Cond/>
<LocList>
<Loc EndOffset="2912" SrcFileId="2" StartOffset="2785"/>
</LocList>
<StmntSeq Intrnl_Id="387">
<LocList>
<Loc EndOffset="2885" SrcFileId="2" StartOffset="2816"/>
</LocList>
<CondStmnt CovItemId="S42" CovItemPrefix="stubs.ClassDetails.java" Intrnl_Id="388">
<Branch CovItemId="B15" CovItemPrefix="stubs.ClassDetails.java" Implct="false" Intrnl_Id="389">
<Cond/>
<LocList>
<Loc EndOffset="2885" SrcFileId="2" StartOffset="2873"/>
</LocList>
<StmntSeq Intrnl_Id="390">
<LocList>
<Loc EndOffset="2885" SrcFileId="2" StartOffset="2873"/>
</LocList>
<BasicStmnt CovItemId="S43" CovItemPrefix="stubs.ClassDetails.java" Intrnl_Id="391">
<LocList>
<Loc EndOffset="2885" SrcFileId="2" StartOffset="2873"/>
</LocList>
</BasicStmnt>
</StmntSeq>
</Branch>
<Branch CovItemId="B16" CovItemPrefix="stubs.ClassDetails.java" Implct="true" Intrnl_Id="392">
<Cond/>
<LocList/>
<StmntSeq Intrnl_Id="393">
<LocList/>
</StmntSeq>
</Branch>
<Keyword EndOffset="2818" SrcFileId="2" StartOffset="2816"/>
<LocList>
<Loc EndOffset="2885" SrcFileId="2" StartOffset="2816"/>
</LocList>
</CondStmnt>
</StmntSeq>
</Branch>
<Branch CovItemId="B14" CovItemPrefix="stubs.ClassDetails.java" Implct="false" Intrnl_Id="394">
<Cond>
<Loc EndOffset="2942" SrcFileId="2" StartOffset="2938"/>
</Cond>
<LocList>
<Loc EndOffset="3007" SrcFileId="2" StartOffset="2943"/>
</LocList>
<StmntSeq Intrnl_Id="395">
<LocList>
<Loc EndOffset="3007" SrcFileId="2" StartOffset="2943"/>
</LocList>
<CondStmnt CovItemId="S44" CovItemPrefix="stubs.ClassDetails.java" Intrnl_Id="396">
<Branch CovItemId="B17" CovItemPrefix="stubs.ClassDetails.java" Implct="false" Intrnl_Id="397">
<Cond/>
<LocList>
<Loc EndOffset="3007" SrcFileId="2" StartOffset="2995"/>
</LocList>
<StmntSeq Intrnl_Id="398">
<LocList>
<Loc EndOffset="3007" SrcFileId="2" StartOffset="2995"/>
</LocList>
<BasicStmnt CovItemId="S45" CovItemPrefix="stubs.ClassDetails.java" Intrnl_Id="399">
<LocList>
<Loc EndOffset="3007" SrcFileId="2" StartOffset="2995"/>
</LocList>
</BasicStmnt>
</StmntSeq>
</Branch>
<Branch CovItemId="B18" CovItemPrefix="stubs.ClassDetails.java" Implct="true" Intrnl_Id="400">
<Cond/>
<LocList/>
<StmntSeq Intrnl_Id="401">
<LocList/>
</StmntSeq>
</Branch>
<Keyword EndOffset="2945" SrcFileId="2" StartOffset="2943"/>
<LocList>
<Loc EndOffset="3007" SrcFileId="2" StartOffset="2943"/>
</LocList>
</CondStmnt>
</StmntSeq>
</Branch>
<Keyword EndOffset="2738" SrcFileId="2" StartOffset="2736"/>
<LocList>
<Loc EndOffset="3007" SrcFileId="2" StartOffset="2736"/>
</LocList>
</CondStmnt>
</StmntSeq>
</Branch>
<Branch CovItemId="B12" CovItemPrefix="stubs.ClassDetails.java" Implct="false" Intrnl_Id="402">
<Cond>
<Loc EndOffset="3102" SrcFileId="2" StartOffset="3098"/>
</Cond>
<LocList>
<Loc EndOffset="3541" SrcFileId="2" StartOffset="3103"/>
</LocList>
<StmntSeq Intrnl_Id="403">
<LocList>
<Loc EndOffset="3541" SrcFileId="2" StartOffset="3103"/>
</LocList>
<CondStmnt CovItemId="S46" CovItemPrefix="stubs.ClassDetails.java" Intrnl_Id="404">
<Branch CovItemId="B19" CovItemPrefix="stubs.ClassDetails.java" Implct="false" Intrnl_Id="405">
<Cond/>
<LocList>
<Loc EndOffset="3541" SrcFileId="2" StartOffset="3147"/>
</LocList>
<StmntSeq Intrnl_Id="406">
<LocList>
<Loc EndOffset="3518" SrcFileId="2" StartOffset="3220"/>
</LocList>
<CondStmnt CovItemId="S47" CovItemPrefix="stubs.ClassDetails.java" Intrnl_Id="407">
<Branch CovItemId="B21" CovItemPrefix="stubs.ClassDetails.java" Implct="false" Intrnl_Id="408">
<Cond/>
<LocList>
<Loc EndOffset="3423" SrcFileId="2" StartOffset="3269"/>
</LocList>
<StmntSeq Intrnl_Id="409">
<LocList>
<Loc EndOffset="3396" SrcFileId="2" StartOffset="3327"/>
</LocList>
<CondStmnt CovItemId="S48" CovItemPrefix="stubs.ClassDetails.java" Intrnl_Id="410">
<Branch CovItemId="B23" CovItemPrefix="stubs.ClassDetails.java" Implct="false" Intrnl_Id="411">
<Cond/>
<LocList>
<Loc EndOffset="3396" SrcFileId="2" StartOffset="3384"/>
</LocList>
<StmntSeq Intrnl_Id="412">
<LocList>
<Loc EndOffset="3396" SrcFileId="2" StartOffset="3384"/>
</LocList>
<BasicStmnt CovItemId="S49" CovItemPrefix="stubs.ClassDetails.java" Intrnl_Id="413">
<LocList>
<Loc EndOffset="3396" SrcFileId="2" StartOffset="3384"/>
</LocList>
</BasicStmnt>
</StmntSeq>
</Branch>
<Branch CovItemId="B24" CovItemPrefix="stubs.ClassDetails.java" Implct="true" Intrnl_Id="414">
<Cond/>
<LocList/>
<StmntSeq Intrnl_Id="415">
<LocList/>
</StmntSeq>
</Branch>
<Keyword EndOffset="3329" SrcFileId="2" StartOffset="3327"/>
<LocList>
<Loc EndOffset="3396" SrcFileId="2" StartOffset="3327"/>
</LocList>
</CondStmnt>
</StmntSeq>
</Branch>
<Branch CovItemId="B22" CovItemPrefix="stubs.ClassDetails.java" Implct="false" Intrnl_Id="416">
<Cond>
<Loc EndOffset="3453" SrcFileId="2" StartOffset="3449"/>
</Cond>
<LocList>
<Loc EndOffset="3518" SrcFileId="2" StartOffset="3454"/>
</LocList>
<StmntSeq Intrnl_Id="417">
<LocList>
<Loc EndOffset="3518" SrcFileId="2" StartOffset="3454"/>
</LocList>
<CondStmnt CovItemId="S50" CovItemPrefix="stubs.ClassDetails.java" Intrnl_Id="418">
<Branch CovItemId="B25" CovItemPrefix="stubs.ClassDetails.java" Implct="false" Intrnl_Id="419">
<Cond/>
<LocList>
<Loc EndOffset="3518" SrcFileId="2" StartOffset="3506"/>
</LocList>
<StmntSeq Intrnl_Id="420">
<LocList>
<Loc EndOffset="3518" SrcFileId="2" StartOffset="3506"/>
</LocList>
<BasicStmnt CovItemId="S51" CovItemPrefix="stubs.ClassDetails.java" Intrnl_Id="421">
<LocList>
<Loc EndOffset="3518" SrcFileId="2" StartOffset="3506"/>
</LocList>
</BasicStmnt>
</StmntSeq>
</Branch>
<Branch CovItemId="B26" CovItemPrefix="stubs.ClassDetails.java" Implct="true" Intrnl_Id="422">
<Cond/>
<LocList/>
<StmntSeq Intrnl_Id="423">
<LocList/>
</StmntSeq>
</Branch>
<Keyword EndOffset="3456" SrcFileId="2" StartOffset="3454"/>
<LocList>
<Loc EndOffset="3518" SrcFileId="2" StartOffset="3454"/>
</LocList>
</CondStmnt>
</StmntSeq>
</Branch>
<Keyword EndOffset="3222" SrcFileId="2" StartOffset="3220"/>
<LocList>
<Loc EndOffset="3518" SrcFileId="2" StartOffset="3220"/>
</LocList>
</CondStmnt>
</StmntSeq>
</Branch>
<Branch CovItemId="B20" CovItemPrefix="stubs.ClassDetails.java" Implct="true" Intrnl_Id="424">
<Cond/>
<LocList/>
<StmntSeq Intrnl_Id="425">
<LocList/>
</StmntSeq>
</Branch>
<Keyword EndOffset="3105" SrcFileId="2" StartOffset="3103"/>
<LocList>
<Loc EndOffset="3541" SrcFileId="2" StartOffset="3103"/>
</LocList>
</CondStmnt>
</StmntSeq>
</Branch>
<Keyword EndOffset="2667" SrcFileId="2" StartOffset="2665"/>
<LocList>
<Loc EndOffset="3541" SrcFileId="2" StartOffset="2665"/>
</LocList>
</CondStmnt>
</StmntSeq>
</Branch>
<Keyword EndOffset="2436" SrcFileId="2" StartOffset="2434"/>
<LocList>
<Loc EndOffset="3541" SrcFileId="2" StartOffset="2434"/>
</LocList>
</CondStmnt>
</StmntSeq>
</Branch>
<Branch CovItemId="B6" CovItemPrefix="stubs.ClassDetails.java" Implct="true" Intrnl_Id="426">
<Cond/>
<LocList/>
<StmntSeq Intrnl_Id="427">
<LocList/>
</StmntSeq>
</Branch>
<Keyword EndOffset="2321" SrcFileId="2" StartOffset="2319"/>
<LocList>
<Loc EndOffset="3560" SrcFileId="2" StartOffset="2319"/>
</LocList>
</CondStmnt>
</StmntSeq>
<Keyword EndOffset="2227" SrcFileId="2" StartOffset="2222"/>
<LocList>
<Loc EndOffset="3575" SrcFileId="2" StartOffset="2222"/>
</LocList>
</LoopStmnt>
</StmntSeq>
<Keyword EndOffset="2144" SrcFileId="2" StartOffset="2139"/>
<LocList>
<Loc EndOffset="3586" SrcFileId="2" StartOffset="2139"/>
</LocList>
</LoopStmnt>
<BasicStmnt CovItemId="S52" CovItemPrefix="stubs.ClassDetails.java" Intrnl_Id="428">
<LocList>
<Loc EndOffset="3611" SrcFileId="2" StartOffset="3598"/>
</LocList>
</BasicStmnt>
</StmntSeq>
</HierarchyLvl>
<HierarchyLvl HierarchyLvlId="1109" HierarchyLvlTypeId="4" Intrnl_Id="429" Name="getTime">
<Header>
<Loc EndOffset="3647" SrcFileId="2" StartOffset="3626"/>
</Header>
<LocList>
<Loc EndOffset="3678" SrcFileId="2" StartOffset="3626"/>
</LocList>
<StmntSeq Intrnl_Id="430">
<LocList>
<Loc EndOffset="3671" SrcFileId="2" StartOffset="3659"/>
</LocList>
<BasicStmnt CovItemId="S53" CovItemPrefix="stubs.ClassDetails.java" Intrnl_Id="431">
<LocList>
<Loc EndOffset="3671" SrcFileId="2" StartOffset="3659"/>
</LocList>
</BasicStmnt>
</StmntSeq>
</HierarchyLvl>
<HierarchyLvl HierarchyLvlId="1110" HierarchyLvlTypeId="4" Intrnl_Id="432" Name="setTime">
<Header>
<Loc EndOffset="3713" SrcFileId="2" StartOffset="3686"/>
</Header>
<LocList>
<Loc EndOffset="3741" SrcFileId="2" StartOffset="3686"/>
</LocList>
<StmntSeq Intrnl_Id="433">
<LocList>
<Loc EndOffset="3734" SrcFileId="2" StartOffset="3725"/>
</LocList>
<BasicStmnt CovItemId="S54" CovItemPrefix="stubs.ClassDetails.java" Intrnl_Id="434">
<LocList>
<Loc EndOffset="3734" SrcFileId="2" StartOffset="3725"/>
</LocList>
</BasicStmnt>
</StmntSeq>
</HierarchyLvl>
<HierarchyLvl HierarchyLvlId="1111" HierarchyLvlTypeId="4" Intrnl_Id="435" Name="isAtTime">
<Header>
<Loc EndOffset="3782" SrcFileId="2" StartOffset="3749"/>
</Header>
<LocList>
<Loc EndOffset="3920" SrcFileId="2" StartOffset="3749"/>
</LocList>
<StmntSeq Intrnl_Id="436">
<LocList>
<Loc EndOffset="3913" SrcFileId="2" StartOffset="3794"/>
</LocList>
<CondStmnt CovItemId="S55" CovItemPrefix="stubs.ClassDetails.java" Intrnl_Id="437">
<Branch CovItemId="B27" CovItemPrefix="stubs.ClassDetails.java" Implct="false" Intrnl_Id="438">
<Cond/>
<LocList>
<Loc EndOffset="3872" SrcFileId="2" StartOffset="3860"/>
</LocList>
<StmntSeq Intrnl_Id="439">
<LocList>
<Loc EndOffset="3872" SrcFileId="2" StartOffset="3860"/>
</LocList>
<BasicStmnt CovItemId="S56" CovItemPrefix="stubs.ClassDetails.java" Intrnl_Id="440">
<LocList>
<Loc EndOffset="3872" SrcFileId="2" StartOffset="3860"/>
</LocList>
</BasicStmnt>
</StmntSeq>
</Branch>
<Branch CovItemId="B28" CovItemPrefix="stubs.ClassDetails.java" Implct="false" Intrnl_Id="441">
<Cond>
<Loc EndOffset="3886" SrcFileId="2" StartOffset="3882"/>
</Cond>
<LocList>
<Loc EndOffset="3913" SrcFileId="2" StartOffset="3900"/>
</LocList>
<StmntSeq Intrnl_Id="442">
<LocList>
<Loc EndOffset="3913" SrcFileId="2" StartOffset="3900"/>
</LocList>
<BasicStmnt CovItemId="S57" CovItemPrefix="stubs.ClassDetails.java" Intrnl_Id="443">
<LocList>
<Loc EndOffset="3913" SrcFileId="2" StartOffset="3900"/>
</LocList>
</BasicStmnt>
</StmntSeq>
</Branch>
<Keyword EndOffset="3796" SrcFileId="2" StartOffset="3794"/>
<LocList>
<Loc EndOffset="3913" SrcFileId="2" StartOffset="3794"/>
</LocList>
</CondStmnt>
</StmntSeq>
</HierarchyLvl>
<HierarchyLvl HierarchyLvlId="1112" HierarchyLvlTypeId="4" Intrnl_Id="444" Name="isAtDay">
<Header>
<Loc EndOffset="3959" SrcFileId="2" StartOffset="3928"/>
</Header>
<LocList>
<Loc EndOffset="4097" SrcFileId="2" StartOffset="3928"/>
</LocList>
<StmntSeq Intrnl_Id="445">
<LocList>
<Loc EndOffset="4090" SrcFileId="2" StartOffset="3971"/>
</LocList>
<CondStmnt CovItemId="S58" CovItemPrefix="stubs.ClassDetails.java" Intrnl_Id="446">
<Branch CovItemId="B29" CovItemPrefix="stubs.ClassDetails.java" Implct="false" Intrnl_Id="447">
<Cond/>
<LocList>
<Loc EndOffset="4049" SrcFileId="2" StartOffset="4037"/>
</LocList>
<StmntSeq Intrnl_Id="448">
<LocList>
<Loc EndOffset="4049" SrcFileId="2" StartOffset="4037"/>
</LocList>
<BasicStmnt CovItemId="S59" CovItemPrefix="stubs.ClassDetails.java" Intrnl_Id="449">
<LocList>
<Loc EndOffset="4049" SrcFileId="2" StartOffset="4037"/>
</LocList>
</BasicStmnt>
</StmntSeq>
</Branch>
<Branch CovItemId="B30" CovItemPrefix="stubs.ClassDetails.java" Implct="false" Intrnl_Id="450">
<Cond>
<Loc EndOffset="4063" SrcFileId="2" StartOffset="4059"/>
</Cond>
<LocList>
<Loc EndOffset="4090" SrcFileId="2" StartOffset="4077"/>
</LocList>
<StmntSeq Intrnl_Id="451">
<LocList>
<Loc EndOffset="4090" SrcFileId="2" StartOffset="4077"/>
</LocList>
<BasicStmnt CovItemId="S60" CovItemPrefix="stubs.ClassDetails.java" Intrnl_Id="452">
<LocList>
<Loc EndOffset="4090" SrcFileId="2" StartOffset="4077"/>
</LocList>
</BasicStmnt>
</StmntSeq>
</Branch>
<Keyword EndOffset="3973" SrcFileId="2" StartOffset="3971"/>
<LocList>
<Loc EndOffset="4090" SrcFileId="2" StartOffset="3971"/>
</LocList>
</CondStmnt>
</StmntSeq>
</HierarchyLvl>
<HierarchyLvl HierarchyLvlId="1113" HierarchyLvlTypeId="4" Intrnl_Id="453" Name="toString">
<Header>
<Loc EndOffset="4129" SrcFileId="2" StartOffset="4105"/>
</Header>
<LocList>
<Loc EndOffset="4664" SrcFileId="2" StartOffset="4105"/>
</LocList>
<StmntSeq Intrnl_Id="454">
<LocList>
<Loc EndOffset="4160" SrcFileId="2" StartOffset="4141"/>
<Loc EndOffset="4223" SrcFileId="2" StartOffset="4170"/>
<Loc EndOffset="4322" SrcFileId="2" StartOffset="4233"/>
<Loc EndOffset="4557" SrcFileId="2" StartOffset="4495"/>
<Loc EndOffset="4657" SrcFileId="2" StartOffset="4643"/>
</LocList>
<BasicStmnt CovItemId="S61" CovItemPrefix="stubs.ClassDetails.java" Intrnl_Id="455">
<LocList>
<Loc EndOffset="4160" SrcFileId="2" StartOffset="4141"/>
</LocList>
</BasicStmnt>
<BasicStmnt CovItemId="S62" CovItemPrefix="stubs.ClassDetails.java" Intrnl_Id="456">
<LocList>
<Loc EndOffset="4223" SrcFileId="2" StartOffset="4170"/>
</LocList>
</BasicStmnt>
<CondStmnt CovItemId="S63" CovItemPrefix="stubs.ClassDetails.java" Intrnl_Id="457">
<Branch CovItemId="B31" CovItemPrefix="stubs.ClassDetails.java" Implct="false" Intrnl_Id="458">
<Cond/>
<LocList>
<Loc EndOffset="4322" SrcFileId="2" StartOffset="4274"/>
</LocList>
<StmntSeq Intrnl_Id="459">
<LocList>
<Loc EndOffset="4322" SrcFileId="2" StartOffset="4274"/>
</LocList>
<BasicStmnt CovItemId="S64" CovItemPrefix="stubs.ClassDetails.java" Intrnl_Id="460">
<LocList>
<Loc EndOffset="4322" SrcFileId="2" StartOffset="4274"/>
</LocList>
</BasicStmnt>
</StmntSeq>
</Branch>
<Branch CovItemId="B32" CovItemPrefix="stubs.ClassDetails.java" Implct="true" Intrnl_Id="461">
<Cond/>
<LocList/>
<StmntSeq Intrnl_Id="462">
<LocList/>
</StmntSeq>
</Branch>
<Keyword EndOffset="4235" SrcFileId="2" StartOffset="4233"/>
<LocList>
<Loc EndOffset="4322" SrcFileId="2" StartOffset="4233"/>
</LocList>
</CondStmnt>
<CondStmnt CovItemId="S65" CovItemPrefix="stubs.ClassDetails.java" Intrnl_Id="463">
<Branch CovItemId="B33" CovItemPrefix="stubs.ClassDetails.java" Implct="false" Intrnl_Id="464">
<Cond/>
<LocList>
<Loc EndOffset="4557" SrcFileId="2" StartOffset="4528"/>
</LocList>
<StmntSeq Intrnl_Id="465">
<LocList>
<Loc EndOffset="4557" SrcFileId="2" StartOffset="4528"/>
</LocList>
<BasicStmnt CovItemId="S66" CovItemPrefix="stubs.ClassDetails.java" Intrnl_Id="466">
<LocList>
<Loc EndOffset="4557" SrcFileId="2" StartOffset="4528"/>
</LocList>
</BasicStmnt>
</StmntSeq>
</Branch>
<Branch CovItemId="B34" CovItemPrefix="stubs.ClassDetails.java" Implct="true" Intrnl_Id="467">
<Cond/>
<LocList/>
<StmntSeq Intrnl_Id="468">
<LocList/>
</StmntSeq>
</Branch>
<Keyword EndOffset="4497" SrcFileId="2" StartOffset="4495"/>
<LocList>
<Loc EndOffset="4557" SrcFileId="2" StartOffset="4495"/>
</LocList>
</CondStmnt>
<BasicStmnt CovItemId="S67" CovItemPrefix="stubs.ClassDetails.java" Intrnl_Id="469">
<LocList>
<Loc EndOffset="4657" SrcFileId="2" StartOffset="4643"/>
</LocList>
</BasicStmnt>
</StmntSeq>
</HierarchyLvl>
<HierarchyLvl HierarchyLvlId="1114" HierarchyLvlTypeId="4" Intrnl_Id="470" Name="getDays">
<Header>
<Loc EndOffset="4695" SrcFileId="2" StartOffset="4672"/>
</Header>
<LocList>
<Loc EndOffset="4736" SrcFileId="2" StartOffset="4672"/>
</LocList>
<StmntSeq Intrnl_Id="471">
<LocList>
<Loc EndOffset="4729" SrcFileId="2" StartOffset="4707"/>
</LocList>
<BasicStmnt CovItemId="S68" CovItemPrefix="stubs.ClassDetails.java" Intrnl_Id="472">
<LocList>
<Loc EndOffset="4729" SrcFileId="2" StartOffset="4707"/>
</LocList>
</BasicStmnt>
</StmntSeq>
</HierarchyLvl>
<HierarchyLvl HierarchyLvlId="1115" HierarchyLvlTypeId="4" Intrnl_Id="473" Name="setCourse">
<Header>
<Loc EndOffset="4777" SrcFileId="2" StartOffset="4746"/>
</Header>
<LocList>
<Loc EndOffset="4822" SrcFileId="2" StartOffset="4746"/>
</LocList>
<StmntSeq Intrnl_Id="474">
<LocList>
<Loc EndOffset="4808" SrcFileId="2" StartOffset="4792"/>
</LocList>
<BasicStmnt CovItemId="S69" CovItemPrefix="stubs.ClassDetails.java" Intrnl_Id="475">
<LocList>
<Loc EndOffset="4808" SrcFileId="2" StartOffset="4792"/>
</LocList>
</BasicStmnt>
</StmntSeq>
</HierarchyLvl>
<HierarchyLvl HierarchyLvlId="1116" HierarchyLvlTypeId="4" Intrnl_Id="476" Name="getCourse">
<Header>
<Loc EndOffset="4856" SrcFileId="2" StartOffset="4831"/>
</Header>
<LocList>
<Loc EndOffset="4898" SrcFileId="2" StartOffset="4831"/>
</LocList>
<StmntSeq Intrnl_Id="477">
<LocList>
<Loc EndOffset="4890" SrcFileId="2" StartOffset="4865"/>
</LocList>
<BasicStmnt CovItemId="S70" CovItemPrefix="stubs.ClassDetails.java" Intrnl_Id="478">
<LocList>
<Loc EndOffset="4890" SrcFileId="2" StartOffset="4865"/>
</LocList>
</BasicStmnt>
</StmntSeq>
</HierarchyLvl>
</HierarchyLvl>
</HierarchyLvl>
</HierarchyLvl>
</MASTRoot>
</TestSessionContainer>
