<?xml version="1.0" encoding="UTF-8"?><TestSessionContainer xmlns="http://www.codecover.org/xml/testsession-container" Date="1501022305854" TestSessionContainerId="ee9c3494-0a30-4392-a365-785c3dc35cbc" version="1.0">
<SrcFileList>
<SrcFile Content="package stubs;&#13;&#10;&#13;&#10;import java.util.Collection;&#13;&#10;import java.util.ArrayList;&#13;&#10;import java.util.Iterator;&#13;&#10;import java.sql.ResultSet;&#13;&#10;import java.sql.SQLException;&#13;&#10;import java.io.CharArrayWriter;&#13;&#10;&#13;&#10;&#13;&#10;&#13;&#10;&#13;&#10;&#13;&#10;import stubs.*;&#13;&#10;&#13;&#10;&#13;&#10;public class ClassDetails {&#13;&#10;&#13;&#10;    private Course course;&#13;&#10;    private String classNbr;&#13;&#10;    private Professor instructor;&#13;&#10;    private String bldg_room;&#13;&#10;    private String campus;&#13;&#10;    private String term;&#13;&#10;    private Time time;&#13;&#10;&#13;&#10;    //constructor&#13;&#10;    public ClassDetails() {&#13;&#10;&#13;&#10;    }&#13;&#10;&#13;&#10;    public String getTerm() {&#13;&#10;    &#9;return term;&#13;&#10;    }&#13;&#10;    &#13;&#10;    public void setTerm(String term) {&#13;&#10;        this.term = term;&#13;&#10;    }&#13;&#10;    &#13;&#10;    public void setCampus(String campus) {&#13;&#10;        this.campus = campus;&#13;&#10;    }&#13;&#10;&#13;&#10;    public String getCampus() {&#13;&#10;    &#9;return campus;&#13;&#10;    }&#13;&#10;    public ClassDetails(Course course, String classNbr) {&#13;&#10;        this.course = course;&#13;&#10;        this.classNbr = classNbr;&#13;&#10;    }&#13;&#10;&#13;&#10;    public Professor getInstructor() {&#13;&#10;        return null;&#13;&#10;    }&#13;&#10;&#13;&#10;    public boolean hasConflict(ClassDetails cd) {&#13;&#10;        Time c1 = getTime();&#13;&#10;        Time c2 = cd.getTime();&#13;&#10;        //compare times&#13;&#10;        String daysofC1 = c1.days;&#13;&#10;        String daysofC2 = c2.days;&#13;&#10;        //System.out.println(daysofC1);&#13;&#10;        ArrayList&lt;String&gt; A1, A2;&#13;&#10;        A1 = new ArrayList&lt;String&gt;();&#13;&#10;        A2 = new ArrayList&lt;String&gt;();&#13;&#10;        String[] days = new String[7];&#13;&#10;        days[0] = &quot;Mon&quot;;&#13;&#10;        days[1] = &quot;Tues&quot;;&#13;&#10;        days[2] = &quot;Wed&quot;;&#13;&#10;        days[3] = &quot;Thurs&quot;;&#13;&#10;        days[4] = &quot;Fri&quot;;&#13;&#10;        days[5] = &quot;Sat&quot;;&#13;&#10;        days[6] = &quot;Sun&quot;;&#13;&#10;&#13;&#10;        for (int i = 0; i &lt; 7; i++)&#13;&#10;        {&#13;&#10;            if (daysofC1.charAt(i) == '1')&#13;&#10;            {&#13;&#10;                String day = new String(days[i]);&#13;&#10;                A1.add(day);&#13;&#10;            }&#13;&#10;        }&#13;&#10;&#13;&#10;        for (int i = 0; i &lt; 7; i++)&#13;&#10;        {&#13;&#10;            if (daysofC2.charAt(i) == '1')&#13;&#10;            {&#13;&#10;                String day = new String(days[i]);&#13;&#10;                A2.add(day);&#13;&#10;            }&#13;&#10;        }&#13;&#10;        Iterator&lt;String&gt; it1 = A1.iterator();&#13;&#10;        Iterator&lt;String&gt; it2 = A2.iterator();&#13;&#10;        while (it1.hasNext())&#13;&#10;        {&#13;&#10;            String d1 = it1.next();&#13;&#10;            while (it2.hasNext())&#13;&#10;            {&#13;&#10;                String d2 = it2.next();&#13;&#10;&#13;&#10;                if (d1.equals(d2))&#13;&#10;                {&#13;&#10;                    //both classes starts at same hour&#13;&#10;                    if (c1.frHr == c2.frHr)&#13;&#10;                    {&#13;&#10;                        if (c1.frMn &gt;= c2.frMn)&#13;&#10;                            return true;&#13;&#10;                    }&#13;&#10;                    // c1 starts before c2&#13;&#10;                    else if (c1.frHr &lt; c2.frHr)&#13;&#10;                    {&#13;&#10;                        if (c1.toHr == c2.frHr)&#13;&#10;                        {&#13;&#10;                            if (c1.toMn &gt;= c2.frMn)&#13;&#10;                                return true;&#13;&#10;                        }&#13;&#10;                        else if (c1.toHr &gt; c2.frHr)&#13;&#10;                            return true;&#13;&#10;                    }&#13;&#10;&#13;&#10;                    //c1 starts after c2&#13;&#10;&#13;&#10;                    else if (c1.frHr &gt; c2.frHr)&#13;&#10;                    {&#13;&#10;                    &#9;&#13;&#10;                    &#9;&#13;&#10;                        if (c2.toHr == c1.frHr)&#13;&#10;                        {&#13;&#10;                        &#9;&#13;&#10;                            if (c2.toMn &gt;= c1.frMn)&#13;&#10;                                return true;&#13;&#10;                        }&#13;&#10;                        else if (c2.toHr &gt; c1.frHr)&#13;&#10;                            return true;&#13;&#10;                    }&#13;&#10;                }&#13;&#10;            }&#13;&#10;        }&#13;&#10;&#13;&#10;        return false;&#13;&#10;    }&#13;&#10;&#13;&#10;    public Time getTime() {&#13;&#10;        return time;&#13;&#10;    }&#13;&#10;&#13;&#10;    public void setTime(Time t) {&#13;&#10;        time = t;&#13;&#10;    }&#13;&#10;&#13;&#10;    public boolean isAtTime(int hour) {&#13;&#10;        if(getTime().frHr &lt;= hour &amp;&amp; hour &lt;= getTime().toHr)&#13;&#10;            return true;&#13;&#10;        else&#13;&#10;            return false;&#13;&#10;    }&#13;&#10;&#13;&#10;    public boolean isAtDay(int day) {&#13;&#10;        if(getTime().days.substring(day, day+1).equals(&quot;1&quot;))&#13;&#10;            return true;&#13;&#10;        else&#13;&#10;            return false;&#13;&#10;    }&#13;&#10;&#13;&#10;    public String toString() {&#13;&#10;        String result = &quot;&quot;;&#13;&#10;        result += course.toString() + &quot;\n&quot; + classNbr + &quot;\n&quot;;&#13;&#10;        if (this.getTime() != null)&#13;&#10;            result += &quot;&quot; + this.getTime().toString() + &quot;\n&quot;;&#13;&#10;//        if (instructor != null)&#13;&#10;//            result += &quot;&quot; + instructor.toString();&#13;&#10;//        if (bldg_room != null)&#13;&#10;//            result += &quot;&quot; + bldg_room;&#13;&#10;        if (campus != null)&#13;&#10;            result += &quot;&quot; + campus + &quot;\n&quot;;&#13;&#10;//        if (term != null)&#13;&#10;//            result += &quot;&quot; + term.toString();&#13;&#10;        return result;&#13;&#10;    }&#13;&#10;&#13;&#10;    public String getDays() {&#13;&#10;        return getTime().days;&#13;&#10;    }&#13;&#10;&#9;&#9;&#13;&#10;    public void setCourse(Course c){&#13;&#10;    &#9;&#13;&#10;    &#9;this.course = c;&#13;&#10;    &#9;&#13;&#10;    }&#13;&#10; &#13;&#10;    public String getCourse(){&#13;&#10; &#9;&#13;&#10; &#9;return course.toString();&#13;&#10; &#9;&#13;&#10; }&#13;&#10;}&#13;&#10;" Filename="ClassDetails.java" Intrnl_Id="1"/>
<SrcFile Content="package TestUnit;&#13;&#10;//import org.junit.Test;&#13;&#10;import stubs.Schedule;&#13;&#10;import stubs.ClassDetails;&#13;&#10;import stubs.Course;&#13;&#10;import stubs.ScheduleOptions;&#13;&#10;import java.util.Collection;&#13;&#10;import java.util.ArrayList;&#13;&#10;import static org.mockito.Mockito.*;&#13;&#10;&#13;&#10;public class ScheduleMakerController {&#13;&#10;&#13;&#10;    private boolean conflict(Collection c) {&#13;&#10;        ArrayList tmp1, tmp2, list = (ArrayList) c;&#13;&#10;        if (list.size() &lt;= 1)&#13;&#10;            return false;&#13;&#10;        for (int i = 0; i &lt; list.size(); i++)&#13;&#10;            for (int j = i + 1; j &lt; list.size(); j++)&#13;&#10;            {&#13;&#10;                tmp1 = (ArrayList) list.get(i);&#13;&#10;                tmp2 = (ArrayList) list.get(j);&#13;&#10;                if (((ClassDetails) tmp1.get(0)).hasConflict((ClassDetails) tmp2.get(0)))&#13;&#10;                    return true;&#13;&#10;            }&#13;&#10;        return false;&#13;&#10;    }&#13;&#10;&#13;&#10;    private boolean sizeIsOne(Collection c) {&#13;&#10;        for (Object item : c)&#13;&#10;        {&#13;&#10;            if (((Collection) item).size() != 1)&#13;&#10;                return false;&#13;&#10;        }&#13;&#10;        return true;&#13;&#10;    }&#13;&#10;&#13;&#10;    /**&#13;&#10;     * @param c         Collection of courses&#13;&#10;     * @param cursor&#13;&#10;     * @param schedules&#13;&#10;     */&#13;&#10;    private void findSchedule(Collection&lt;Collection&lt;ClassDetails&gt;&gt; c, int cursor, Collection&lt;Schedule&gt; schedules) {&#13;&#10;        ArrayList list = (ArrayList) c;&#13;&#10;        if (sizeIsOne(list))&#13;&#10;        {&#13;&#10;            if (!conflict(list))&#13;&#10;                schedules.add(new Schedule(list));&#13;&#10;        }&#13;&#10;        else&#13;&#10;        {&#13;&#10;            if (((ArrayList) list.get(cursor)).size() &gt; 1)&#13;&#10;            {&#13;&#10;                for (int j = 0; j &lt; ((ArrayList) list.get(cursor)).size(); j++)&#13;&#10;                {&#13;&#10;                    ArrayList&lt;Collection&lt;ClassDetails&gt;&gt; tmp = new ArrayList&lt;Collection&lt;ClassDetails&gt;&gt;(list);&#13;&#10;                    ArrayList aux = new ArrayList();&#13;&#10;                    ArrayList aux1 = (ArrayList) list.get(cursor);&#13;&#10;                    aux.add(aux1.get(j));&#13;&#10;&#13;&#10;                    tmp.set(cursor, aux);&#13;&#10;                    findSchedule(tmp, cursor, schedules);&#13;&#10;                }&#13;&#10;            }&#13;&#10;            else&#13;&#10;            {&#13;&#10;                findSchedule(c, cursor - 1, schedules);&#13;&#10;            }&#13;&#10;        }&#13;&#10;    }&#13;&#10;&#13;&#10;    public Collection&lt;Schedule&gt; createSchedule(ScheduleOptions schOpt) {&#13;&#10;        Collection&lt;Schedule&gt; schedules = new ArrayList&lt;Schedule&gt;();&#13;&#10;&#13;&#10;        //get courses&#13;&#10;        // This class checks the ScheduleOptions class which its information&#13;&#10;        // is derived from the createschedule page, this logic checks for empty fields.&#13;&#10;        // If its not empty then insert into the courses String collection&#13;&#10;        Collection&lt;String&gt; courses = new ArrayList&lt;String&gt;();&#13;&#10;        if (schOpt.getCourse1() != null &amp;&amp; !schOpt.getCourse1().trim().equals(&quot;&quot;))&#13;&#10;            courses.add(schOpt.getCourse1());&#13;&#10;        if (schOpt.getCourse2() != null &amp;&amp; !schOpt.getCourse2().trim().equals(&quot;&quot;))&#13;&#10;            courses.add(schOpt.getCourse2());&#13;&#10;        if (schOpt.getCourse3() != null &amp;&amp; !schOpt.getCourse3().trim().equals(&quot;&quot;))&#13;&#10;            courses.add(schOpt.getCourse3());&#13;&#10;        if (schOpt.getCourse4() != null &amp;&amp; !schOpt.getCourse4().trim().equals(&quot;&quot;))&#13;&#10;            courses.add(schOpt.getCourse4());&#13;&#10;        if (schOpt.getCourse5() != null &amp;&amp; !schOpt.getCourse5().trim().equals(&quot;&quot;))&#13;&#10;            courses.add(schOpt.getCourse5());&#13;&#10;        if (schOpt.getCourse6() != null &amp;&amp; !schOpt.getCourse6().trim().equals(&quot;&quot;))&#13;&#10;            courses.add(schOpt.getCourse6());&#13;&#10;//        courses.add(schOpt.getCourse4());&#13;&#10;//        courses.add(schOpt.getCourse5());&#13;&#10;//        courses.add(schOpt.getCourse6());&#13;&#10;        &#13;&#10;        // This checks if any courses were added, if not just return an empty schedule&#13;&#10;        if (courses.size() &lt;= 0)&#13;&#10;            return schedules;&#13;&#10; &#13;&#10;        //get campus, if all then insert both, else insert from schedule option &#13;&#10;        Collection&lt;String&gt; campus = new ArrayList&lt;String&gt;();&#13;&#10;        if (schOpt.getCampus().equals(&quot;All&quot;))&#13;&#10;        {&#13;&#10;            campus.add(&quot;Biscayne&quot;);&#13;&#10;            campus.add(&quot;University&quot;);&#13;&#10;        }&#13;&#10;        else&#13;&#10;            campus.add(schOpt.getCampus());&#13;&#10;&#13;&#10;        //get term&#13;&#10;        String term = schOpt.getTerm();&#13;&#10;&#13;&#10;        //get preferred days&#13;&#10;        String SPDays = &quot;&quot;;&#13;&#10;        if (schOpt.getM() != null)&#13;&#10;            SPDays += schOpt.getM();&#13;&#10;        else&#13;&#10;            SPDays += &quot;1&quot;;&#13;&#10;        if (schOpt.getT() != null)&#13;&#10;            SPDays += schOpt.getT();&#13;&#10;        else&#13;&#10;            SPDays += &quot;1&quot;;&#13;&#10;        if (schOpt.getW() != null)&#13;&#10;            SPDays += schOpt.getW();&#13;&#10;        else&#13;&#10;            SPDays += &quot;1&quot;;&#13;&#10;        if (schOpt.getTh() != null)&#13;&#10;            SPDays += schOpt.getTh();&#13;&#10;        else&#13;&#10;            SPDays += &quot;1&quot;;&#13;&#10;        if (schOpt.getF() != null)&#13;&#10;            SPDays += schOpt.getF();&#13;&#10;        else&#13;&#10;            SPDays += &quot;1&quot;;&#13;&#10;        if (schOpt.getS() != null)&#13;&#10;            SPDays += schOpt.getS();&#13;&#10;        else&#13;&#10;            SPDays += &quot;1&quot;;&#13;&#10;        if (schOpt.getSu() != null)&#13;&#10;            SPDays += schOpt.getSu();&#13;&#10;        else&#13;&#10;            SPDays += &quot;1&quot;;&#13;&#10;&#13;&#10;        Course course_tmp;&#13;&#10;        Collection&lt;Collection&lt;ClassDetails&gt;&gt; course_collection = new ArrayList&lt;Collection&lt;ClassDetails&gt;&gt;();&#13;&#10;&#13;&#10;        for (Object c : courses)&#13;&#10;        {&#13;&#10;            course_tmp = new Course(((String) c).substring(0, 3), ((String) c).substring(3));&#13;&#10;            Collection&lt;ClassDetails&gt; classes_tmp = course_tmp.getClasses(term, campus);&#13;&#10;            if (classes_tmp.size() &gt; 0)&#13;&#10;            {&#13;&#10;                char[] days = SPDays.toCharArray();&#13;&#10;                Collection&lt;ClassDetails&gt; returnClasses = new ArrayList&lt;ClassDetails&gt;();&#13;&#10;                boolean daymatches;&#13;&#10;&#13;&#10;                for (Object cd : classes_tmp)&#13;&#10;                {&#13;&#10;                    daymatches = false;&#13;&#10;                    char[] cdays = ((ClassDetails) cd).getDays().toCharArray();&#13;&#10;                    for (int i = 0; i &lt; 7; i++)&#13;&#10;                    {&#13;&#10;                        if (cdays[i] == '1')&#13;&#10;                        {&#13;&#10;                            if (cdays[i] == days[i])&#13;&#10;                                daymatches = true;&#13;&#10;                            else&#13;&#10;                            {&#13;&#10;                                daymatches = false;&#13;&#10;                                break;&#13;&#10;                            }&#13;&#10;                        }&#13;&#10;                    }&#13;&#10;&#13;&#10;                    if (daymatches)&#13;&#10;                        returnClasses.add((ClassDetails) cd);&#13;&#10;&#13;&#10;                }&#13;&#10;                if (!returnClasses.isEmpty())&#13;&#10;                    course_collection.add(returnClasses);&#13;&#10;            }&#13;&#10;        }&#13;&#10;&#13;&#10;        if (!course_collection.isEmpty())&#13;&#10;            findSchedule(course_collection, course_collection.size() - 1, schedules);&#13;&#10;&#13;&#10;        return schedules;&#13;&#10;    }&#13;&#10;&#13;&#10;    public Collection&lt;Schedule&gt; createSchedule(String term, Collection&lt;String&gt; courses, String cmp, String SPDays) {&#13;&#10;        Collection&lt;Schedule&gt; schedules = new ArrayList&lt;Schedule&gt;();&#13;&#10;&#13;&#10;        if (courses.size() &lt;= 0)&#13;&#10;            return schedules;&#13;&#10;&#13;&#10;        //get campus&#13;&#10;        Collection&lt;String&gt; campus = new ArrayList&lt;String&gt;();&#13;&#10;        if (cmp.equals(&quot;All&quot;))&#13;&#10;        {&#13;&#10;            campus.add(&quot;Biscayne&quot;);&#13;&#10;            campus.add(&quot;University&quot;);&#13;&#10;        }&#13;&#10;        else&#13;&#10;            campus.add(cmp);&#13;&#10;&#13;&#10;        Course course_tmp;&#13;&#10;        Collection&lt;Collection&lt;ClassDetails&gt;&gt; course_collection = new ArrayList&lt;Collection&lt;ClassDetails&gt;&gt;();&#13;&#10;&#13;&#10;        for (Object c : courses)&#13;&#10;        {&#13;&#10;            if (!((String) c).equals(&quot;&quot;))&#13;&#10;            {&#13;&#10;                course_tmp = new Course(((String) c).substring(0, 3), ((String) c).substring(3));&#13;&#10;                Collection&lt;ClassDetails&gt; classes_tmp = course_tmp.getClasses(term, campus);&#13;&#10;                if (classes_tmp.size() &gt; 0)&#13;&#10;                {&#13;&#10;&#13;&#10;                    char[] days = SPDays.toCharArray();&#13;&#10;                    Collection&lt;ClassDetails&gt; returnClasses = new ArrayList&lt;ClassDetails&gt;();&#13;&#10;                    boolean daymatches;&#13;&#10;&#13;&#10;                    for (Object cd : classes_tmp)&#13;&#10;                    {&#13;&#10;                        daymatches = false;&#13;&#10;                        char[] cdays = ((ClassDetails) cd).getDays().toCharArray();&#13;&#10;                        for (int i = 0; i &lt; 7; i++)&#13;&#10;                        {&#13;&#10;                            if (cdays[i] == '1')&#13;&#10;                            {&#13;&#10;                                if (cdays[i] == days[i])&#13;&#10;                                    daymatches = true;&#13;&#10;                                else&#13;&#10;                                {&#13;&#10;                                    daymatches = false;&#13;&#10;                                    break;&#13;&#10;                                }&#13;&#10;                            }&#13;&#10;                        }&#13;&#10;&#13;&#10;                        if (daymatches)&#13;&#10;                            returnClasses.add((ClassDetails) cd);&#13;&#10;&#13;&#10;                    }&#13;&#10;                    if (!returnClasses.isEmpty())&#13;&#10;                        course_collection.add(returnClasses);&#13;&#10;                }&#13;&#10;            }&#13;&#10;        }&#13;&#10;&#13;&#10;        if (!course_collection.isEmpty())&#13;&#10;            findSchedule(course_collection, course_collection.size() - 1, schedules);&#13;&#10;&#13;&#10;        return schedules;&#13;&#10;    }&#13;&#10;&#13;&#10;    public void sortSchedules() { /*to be implemented*/ }&#13;&#10;&#13;&#10;    public void getSavedSchedule() { /*to be implemented*/ }&#13;&#10;&#13;&#10;    public void getBalance() { /*to be implemented*/ }&#13;&#10;&#13;&#10;    private void findClasses() { /*to be implemented*/ }&#13;&#10;&#13;&#10;    public void saveSchedules(Collection&lt;Schedule&gt; schedules) {&#13;&#10;    }&#13;&#10;}&#13;&#10;" Filename="ScheduleMakerController.java" Intrnl_Id="2"/>
</SrcFileList>
<CritList>
<CritListEntry Name="org.codecover.model.utils.criteria.BranchCoverage" PluginName="org.codecover"/>
<CritListEntry Name="org.codecover.model.utils.criteria.StatementCoverage" PluginName="org.codecover"/>
</CritList>
<BoolOpList/>
<HierarchyLvlTypeList>
<HierarchyLvlType EnglishName="package" IntrnlName="package" Intrnl_Id="3"/>
<HierarchyLvlType EnglishName="method" IntrnlName="method" Intrnl_Id="4"/>
<HierarchyLvlType EnglishName="class" IntrnlName="class" Intrnl_Id="5"/>
<HierarchyLvlType EnglishName="default package" IntrnlName="default package" Intrnl_Id="6"/>
</HierarchyLvlTypeList>
<MASTRoot>
<HierarchyLvl HierarchyLvlId="1089" HierarchyLvlTypeId="6" Intrnl_Id="7" Name="default package">
<Header/>
<LocList/>
<HierarchyLvl HierarchyLvlId="1087" HierarchyLvlTypeId="3" Intrnl_Id="8" Name="stubs">
<Header/>
<LocList/>
<HierarchyLvl HierarchyLvlId="1075" HierarchyLvlTypeId="5" Intrnl_Id="9" Name="ClassDetails">
<Header>
<Loc EndOffset="253" SrcFileId="1" StartOffset="228"/>
</Header>
<LocList>
<Loc EndOffset="4901" SrcFileId="1" StartOffset="228"/>
</LocList>
<HierarchyLvl HierarchyLvlId="1059" HierarchyLvlTypeId="4" Intrnl_Id="10" Name="ClassDetails">
<Header>
<Loc EndOffset="507" SrcFileId="1" StartOffset="486"/>
</Header>
<LocList>
<Loc EndOffset="518" SrcFileId="1" StartOffset="486"/>
</LocList>
</HierarchyLvl>
<HierarchyLvl HierarchyLvlId="1060" HierarchyLvlTypeId="4" Intrnl_Id="11" Name="getTerm">
<Header>
<Loc EndOffset="549" SrcFileId="1" StartOffset="526"/>
</Header>
<LocList>
<Loc EndOffset="577" SrcFileId="1" StartOffset="526"/>
</LocList>
<StmntSeq Intrnl_Id="12">
<LocList>
<Loc EndOffset="570" SrcFileId="1" StartOffset="558"/>
</LocList>
<BasicStmnt CovItemId="S1" CovItemPrefix="stubs.ClassDetails.java" Intrnl_Id="13">
<LocList>
<Loc EndOffset="570" SrcFileId="1" StartOffset="558"/>
</LocList>
</BasicStmnt>
</StmntSeq>
</HierarchyLvl>
<HierarchyLvl HierarchyLvlId="1061" HierarchyLvlTypeId="4" Intrnl_Id="14" Name="setTerm">
<Header>
<Loc EndOffset="621" SrcFileId="1" StartOffset="589"/>
</Header>
<LocList>
<Loc EndOffset="657" SrcFileId="1" StartOffset="589"/>
</LocList>
<StmntSeq Intrnl_Id="15">
<LocList>
<Loc EndOffset="650" SrcFileId="1" StartOffset="633"/>
</LocList>
<BasicStmnt CovItemId="S2" CovItemPrefix="stubs.ClassDetails.java" Intrnl_Id="16">
<LocList>
<Loc EndOffset="650" SrcFileId="1" StartOffset="633"/>
</LocList>
</BasicStmnt>
</StmntSeq>
</HierarchyLvl>
<HierarchyLvl HierarchyLvlId="1062" HierarchyLvlTypeId="4" Intrnl_Id="17" Name="setCampus">
<Header>
<Loc EndOffset="705" SrcFileId="1" StartOffset="669"/>
</Header>
<LocList>
<Loc EndOffset="745" SrcFileId="1" StartOffset="669"/>
</LocList>
<StmntSeq Intrnl_Id="18">
<LocList>
<Loc EndOffset="738" SrcFileId="1" StartOffset="717"/>
</LocList>
<BasicStmnt CovItemId="S3" CovItemPrefix="stubs.ClassDetails.java" Intrnl_Id="19">
<LocList>
<Loc EndOffset="738" SrcFileId="1" StartOffset="717"/>
</LocList>
</BasicStmnt>
</StmntSeq>
</HierarchyLvl>
<HierarchyLvl HierarchyLvlId="1063" HierarchyLvlTypeId="4" Intrnl_Id="20" Name="getCampus">
<Header>
<Loc EndOffset="778" SrcFileId="1" StartOffset="753"/>
</Header>
<LocList>
<Loc EndOffset="808" SrcFileId="1" StartOffset="753"/>
</LocList>
<StmntSeq Intrnl_Id="21">
<LocList>
<Loc EndOffset="801" SrcFileId="1" StartOffset="787"/>
</LocList>
<BasicStmnt CovItemId="S4" CovItemPrefix="stubs.ClassDetails.java" Intrnl_Id="22">
<LocList>
<Loc EndOffset="801" SrcFileId="1" StartOffset="787"/>
</LocList>
</BasicStmnt>
</StmntSeq>
</HierarchyLvl>
<HierarchyLvl HierarchyLvlId="1064" HierarchyLvlTypeId="4" Intrnl_Id="23" Name="ClassDetails">
<Header>
<Loc EndOffset="865" SrcFileId="1" StartOffset="814"/>
</Header>
<LocList>
<Loc EndOffset="940" SrcFileId="1" StartOffset="814"/>
</LocList>
<StmntSeq Intrnl_Id="24">
<LocList>
<Loc EndOffset="898" SrcFileId="1" StartOffset="877"/>
<Loc EndOffset="933" SrcFileId="1" StartOffset="908"/>
</LocList>
<BasicStmnt CovItemId="S5" CovItemPrefix="stubs.ClassDetails.java" Intrnl_Id="25">
<LocList>
<Loc EndOffset="898" SrcFileId="1" StartOffset="877"/>
</LocList>
</BasicStmnt>
<BasicStmnt CovItemId="S6" CovItemPrefix="stubs.ClassDetails.java" Intrnl_Id="26">
<LocList>
<Loc EndOffset="933" SrcFileId="1" StartOffset="908"/>
</LocList>
</BasicStmnt>
</StmntSeq>
</HierarchyLvl>
<HierarchyLvl HierarchyLvlId="1065" HierarchyLvlTypeId="4" Intrnl_Id="27" Name="getInstructor">
<Header>
<Loc EndOffset="980" SrcFileId="1" StartOffset="948"/>
</Header>
<LocList>
<Loc EndOffset="1011" SrcFileId="1" StartOffset="948"/>
</LocList>
<StmntSeq Intrnl_Id="28">
<LocList>
<Loc EndOffset="1004" SrcFileId="1" StartOffset="992"/>
</LocList>
<BasicStmnt CovItemId="S7" CovItemPrefix="stubs.ClassDetails.java" Intrnl_Id="29">
<LocList>
<Loc EndOffset="1004" SrcFileId="1" StartOffset="992"/>
</LocList>
</BasicStmnt>
</StmntSeq>
</HierarchyLvl>
<HierarchyLvl HierarchyLvlId="1066" HierarchyLvlTypeId="4" Intrnl_Id="30" Name="hasConflict">
<Header>
<Loc EndOffset="1062" SrcFileId="1" StartOffset="1019"/>
</Header>
<LocList>
<Loc EndOffset="3618" SrcFileId="1" StartOffset="1019"/>
</LocList>
<StmntSeq Intrnl_Id="31">
<LocList>
<Loc EndOffset="1094" SrcFileId="1" StartOffset="1074"/>
<Loc EndOffset="1127" SrcFileId="1" StartOffset="1104"/>
<Loc EndOffset="1188" SrcFileId="1" StartOffset="1162"/>
<Loc EndOffset="1224" SrcFileId="1" StartOffset="1198"/>
<Loc EndOffset="1339" SrcFileId="1" StartOffset="1310"/>
<Loc EndOffset="1378" SrcFileId="1" StartOffset="1349"/>
<Loc EndOffset="1418" SrcFileId="1" StartOffset="1388"/>
<Loc EndOffset="1444" SrcFileId="1" StartOffset="1428"/>
<Loc EndOffset="1471" SrcFileId="1" StartOffset="1454"/>
<Loc EndOffset="1497" SrcFileId="1" StartOffset="1481"/>
<Loc EndOffset="1525" SrcFileId="1" StartOffset="1507"/>
<Loc EndOffset="1551" SrcFileId="1" StartOffset="1535"/>
<Loc EndOffset="1577" SrcFileId="1" StartOffset="1561"/>
<Loc EndOffset="1603" SrcFileId="1" StartOffset="1587"/>
<Loc EndOffset="1819" SrcFileId="1" StartOffset="1615"/>
<Loc EndOffset="2035" SrcFileId="1" StartOffset="1831"/>
<Loc EndOffset="2082" SrcFileId="1" StartOffset="2045"/>
<Loc EndOffset="2129" SrcFileId="1" StartOffset="2092"/>
<Loc EndOffset="3586" SrcFileId="1" StartOffset="2139"/>
<Loc EndOffset="3611" SrcFileId="1" StartOffset="3598"/>
</LocList>
<BasicStmnt CovItemId="S8" CovItemPrefix="stubs.ClassDetails.java" Intrnl_Id="32">
<LocList>
<Loc EndOffset="1094" SrcFileId="1" StartOffset="1074"/>
</LocList>
</BasicStmnt>
<BasicStmnt CovItemId="S9" CovItemPrefix="stubs.ClassDetails.java" Intrnl_Id="33">
<LocList>
<Loc EndOffset="1127" SrcFileId="1" StartOffset="1104"/>
</LocList>
</BasicStmnt>
<BasicStmnt CovItemId="S10" CovItemPrefix="stubs.ClassDetails.java" Intrnl_Id="34">
<LocList>
<Loc EndOffset="1188" SrcFileId="1" StartOffset="1162"/>
</LocList>
</BasicStmnt>
<BasicStmnt CovItemId="S11" CovItemPrefix="stubs.ClassDetails.java" Intrnl_Id="35">
<LocList>
<Loc EndOffset="1224" SrcFileId="1" StartOffset="1198"/>
</LocList>
</BasicStmnt>
<BasicStmnt CovItemId="S12" CovItemPrefix="stubs.ClassDetails.java" Intrnl_Id="36">
<LocList>
<Loc EndOffset="1339" SrcFileId="1" StartOffset="1310"/>
</LocList>
</BasicStmnt>
<BasicStmnt CovItemId="S13" CovItemPrefix="stubs.ClassDetails.java" Intrnl_Id="37">
<LocList>
<Loc EndOffset="1378" SrcFileId="1" StartOffset="1349"/>
</LocList>
</BasicStmnt>
<BasicStmnt CovItemId="S14" CovItemPrefix="stubs.ClassDetails.java" Intrnl_Id="38">
<LocList>
<Loc EndOffset="1418" SrcFileId="1" StartOffset="1388"/>
</LocList>
</BasicStmnt>
<BasicStmnt CovItemId="S15" CovItemPrefix="stubs.ClassDetails.java" Intrnl_Id="39">
<LocList>
<Loc EndOffset="1444" SrcFileId="1" StartOffset="1428"/>
</LocList>
</BasicStmnt>
<BasicStmnt CovItemId="S16" CovItemPrefix="stubs.ClassDetails.java" Intrnl_Id="40">
<LocList>
<Loc EndOffset="1471" SrcFileId="1" StartOffset="1454"/>
</LocList>
</BasicStmnt>
<BasicStmnt CovItemId="S17" CovItemPrefix="stubs.ClassDetails.java" Intrnl_Id="41">
<LocList>
<Loc EndOffset="1497" SrcFileId="1" StartOffset="1481"/>
</LocList>
</BasicStmnt>
<BasicStmnt CovItemId="S18" CovItemPrefix="stubs.ClassDetails.java" Intrnl_Id="42">
<LocList>
<Loc EndOffset="1525" SrcFileId="1" StartOffset="1507"/>
</LocList>
</BasicStmnt>
<BasicStmnt CovItemId="S19" CovItemPrefix="stubs.ClassDetails.java" Intrnl_Id="43">
<LocList>
<Loc EndOffset="1551" SrcFileId="1" StartOffset="1535"/>
</LocList>
</BasicStmnt>
<BasicStmnt CovItemId="S20" CovItemPrefix="stubs.ClassDetails.java" Intrnl_Id="44">
<LocList>
<Loc EndOffset="1577" SrcFileId="1" StartOffset="1561"/>
</LocList>
</BasicStmnt>
<BasicStmnt CovItemId="S21" CovItemPrefix="stubs.ClassDetails.java" Intrnl_Id="45">
<LocList>
<Loc EndOffset="1603" SrcFileId="1" StartOffset="1587"/>
</LocList>
</BasicStmnt>
<LoopStmnt CovItemId="S22" CovItemPrefix="stubs.ClassDetails.java" Intrnl_Id="46" MltplExecId="L1-2" MltplExecPrefix="stubs.ClassDetails.java" NvrExecId="L1-0" NvrExecPrefix="stubs.ClassDetails.java" OnceExecutedId="L1-1" OnceExecutedPrefix="stubs.ClassDetails.java" OptBodyExec="true">
<StmntSeq Intrnl_Id="47">
<LocList>
<Loc EndOffset="1808" SrcFileId="1" StartOffset="1667"/>
</LocList>
<CondStmnt CovItemId="S23" CovItemPrefix="stubs.ClassDetails.java" Intrnl_Id="48">
<Branch CovItemId="B1" CovItemPrefix="stubs.ClassDetails.java" Implct="false" Intrnl_Id="49">
<Cond/>
<LocList>
<Loc EndOffset="1808" SrcFileId="1" StartOffset="1711"/>
</LocList>
<StmntSeq Intrnl_Id="50">
<LocList>
<Loc EndOffset="1763" SrcFileId="1" StartOffset="1730"/>
<Loc EndOffset="1793" SrcFileId="1" StartOffset="1781"/>
</LocList>
<BasicStmnt CovItemId="S24" CovItemPrefix="stubs.ClassDetails.java" Intrnl_Id="51">
<LocList>
<Loc EndOffset="1763" SrcFileId="1" StartOffset="1730"/>
</LocList>
</BasicStmnt>
<BasicStmnt CovItemId="S25" CovItemPrefix="stubs.ClassDetails.java" Intrnl_Id="52">
<LocList>
<Loc EndOffset="1793" SrcFileId="1" StartOffset="1781"/>
</LocList>
</BasicStmnt>
</StmntSeq>
</Branch>
<Branch CovItemId="B2" CovItemPrefix="stubs.ClassDetails.java" Implct="true" Intrnl_Id="53">
<Cond/>
<LocList/>
<StmntSeq Intrnl_Id="54">
<LocList/>
</StmntSeq>
</Branch>
<Keyword EndOffset="1669" SrcFileId="1" StartOffset="1667"/>
<LocList>
<Loc EndOffset="1808" SrcFileId="1" StartOffset="1667"/>
</LocList>
</CondStmnt>
</StmntSeq>
<Keyword EndOffset="1618" SrcFileId="1" StartOffset="1615"/>
<LocList>
<Loc EndOffset="1819" SrcFileId="1" StartOffset="1615"/>
</LocList>
</LoopStmnt>
<LoopStmnt CovItemId="S26" CovItemPrefix="stubs.ClassDetails.java" Intrnl_Id="55" MltplExecId="L2-2" MltplExecPrefix="stubs.ClassDetails.java" NvrExecId="L2-0" NvrExecPrefix="stubs.ClassDetails.java" OnceExecutedId="L2-1" OnceExecutedPrefix="stubs.ClassDetails.java" OptBodyExec="true">
<StmntSeq Intrnl_Id="56">
<LocList>
<Loc EndOffset="2024" SrcFileId="1" StartOffset="1883"/>
</LocList>
<CondStmnt CovItemId="S27" CovItemPrefix="stubs.ClassDetails.java" Intrnl_Id="57">
<Branch CovItemId="B3" CovItemPrefix="stubs.ClassDetails.java" Implct="false" Intrnl_Id="58">
<Cond/>
<LocList>
<Loc EndOffset="2024" SrcFileId="1" StartOffset="1927"/>
</LocList>
<StmntSeq Intrnl_Id="59">
<LocList>
<Loc EndOffset="1979" SrcFileId="1" StartOffset="1946"/>
<Loc EndOffset="2009" SrcFileId="1" StartOffset="1997"/>
</LocList>
<BasicStmnt CovItemId="S28" CovItemPrefix="stubs.ClassDetails.java" Intrnl_Id="60">
<LocList>
<Loc EndOffset="1979" SrcFileId="1" StartOffset="1946"/>
</LocList>
</BasicStmnt>
<BasicStmnt CovItemId="S29" CovItemPrefix="stubs.ClassDetails.java" Intrnl_Id="61">
<LocList>
<Loc EndOffset="2009" SrcFileId="1" StartOffset="1997"/>
</LocList>
</BasicStmnt>
</StmntSeq>
</Branch>
<Branch CovItemId="B4" CovItemPrefix="stubs.ClassDetails.java" Implct="true" Intrnl_Id="62">
<Cond/>
<LocList/>
<StmntSeq Intrnl_Id="63">
<LocList/>
</StmntSeq>
</Branch>
<Keyword EndOffset="1885" SrcFileId="1" StartOffset="1883"/>
<LocList>
<Loc EndOffset="2024" SrcFileId="1" StartOffset="1883"/>
</LocList>
</CondStmnt>
</StmntSeq>
<Keyword EndOffset="1834" SrcFileId="1" StartOffset="1831"/>
<LocList>
<Loc EndOffset="2035" SrcFileId="1" StartOffset="1831"/>
</LocList>
</LoopStmnt>
<BasicStmnt CovItemId="S30" CovItemPrefix="stubs.ClassDetails.java" Intrnl_Id="64">
<LocList>
<Loc EndOffset="2082" SrcFileId="1" StartOffset="2045"/>
</LocList>
</BasicStmnt>
<BasicStmnt CovItemId="S31" CovItemPrefix="stubs.ClassDetails.java" Intrnl_Id="65">
<LocList>
<Loc EndOffset="2129" SrcFileId="1" StartOffset="2092"/>
</LocList>
</BasicStmnt>
<LoopStmnt CovItemId="S32" CovItemPrefix="stubs.ClassDetails.java" Intrnl_Id="66" MltplExecId="L3-2" MltplExecPrefix="stubs.ClassDetails.java" NvrExecId="L3-0" NvrExecPrefix="stubs.ClassDetails.java" OnceExecutedId="L3-1" OnceExecutedPrefix="stubs.ClassDetails.java" OptBodyExec="true">
<StmntSeq Intrnl_Id="67">
<LocList>
<Loc EndOffset="2208" SrcFileId="1" StartOffset="2185"/>
<Loc EndOffset="3575" SrcFileId="1" StartOffset="2222"/>
</LocList>
<BasicStmnt CovItemId="S33" CovItemPrefix="stubs.ClassDetails.java" Intrnl_Id="68">
<LocList>
<Loc EndOffset="2208" SrcFileId="1" StartOffset="2185"/>
</LocList>
</BasicStmnt>
<LoopStmnt CovItemId="S34" CovItemPrefix="stubs.ClassDetails.java" Intrnl_Id="69" MltplExecId="L4-2" MltplExecPrefix="stubs.ClassDetails.java" NvrExecId="L4-0" NvrExecPrefix="stubs.ClassDetails.java" OnceExecutedId="L4-1" OnceExecutedPrefix="stubs.ClassDetails.java" OptBodyExec="true">
<StmntSeq Intrnl_Id="70">
<LocList>
<Loc EndOffset="2299" SrcFileId="1" StartOffset="2276"/>
<Loc EndOffset="3560" SrcFileId="1" StartOffset="2319"/>
</LocList>
<BasicStmnt CovItemId="S35" CovItemPrefix="stubs.ClassDetails.java" Intrnl_Id="71">
<LocList>
<Loc EndOffset="2299" SrcFileId="1" StartOffset="2276"/>
</LocList>
</BasicStmnt>
<CondStmnt CovItemId="S36" CovItemPrefix="stubs.ClassDetails.java" Intrnl_Id="72">
<Branch CovItemId="B5" CovItemPrefix="stubs.ClassDetails.java" Implct="false" Intrnl_Id="73">
<Cond/>
<LocList>
<Loc EndOffset="3560" SrcFileId="1" StartOffset="2355"/>
</LocList>
<StmntSeq Intrnl_Id="74">
<LocList>
<Loc EndOffset="3541" SrcFileId="1" StartOffset="2434"/>
</LocList>
<CondStmnt CovItemId="S37" CovItemPrefix="stubs.ClassDetails.java" Intrnl_Id="75">
<Branch CovItemId="B7" CovItemPrefix="stubs.ClassDetails.java" Implct="false" Intrnl_Id="76">
<Cond/>
<LocList>
<Loc EndOffset="2594" SrcFileId="1" StartOffset="2479"/>
</LocList>
<StmntSeq Intrnl_Id="77">
<LocList>
<Loc EndOffset="2571" SrcFileId="1" StartOffset="2506"/>
</LocList>
<CondStmnt CovItemId="S38" CovItemPrefix="stubs.ClassDetails.java" Intrnl_Id="78">
<Branch CovItemId="B9" CovItemPrefix="stubs.ClassDetails.java" Implct="false" Intrnl_Id="79">
<Cond/>
<LocList>
<Loc EndOffset="2571" SrcFileId="1" StartOffset="2559"/>
</LocList>
<StmntSeq Intrnl_Id="80">
<LocList>
<Loc EndOffset="2571" SrcFileId="1" StartOffset="2559"/>
</LocList>
<BasicStmnt CovItemId="S39" CovItemPrefix="stubs.ClassDetails.java" Intrnl_Id="81">
<LocList>
<Loc EndOffset="2571" SrcFileId="1" StartOffset="2559"/>
</LocList>
</BasicStmnt>
</StmntSeq>
</Branch>
<Branch CovItemId="B10" CovItemPrefix="stubs.ClassDetails.java" Implct="true" Intrnl_Id="82">
<Cond/>
<LocList/>
<StmntSeq Intrnl_Id="83">
<LocList/>
</StmntSeq>
</Branch>
<Keyword EndOffset="2508" SrcFileId="1" StartOffset="2506"/>
<LocList>
<Loc EndOffset="2571" SrcFileId="1" StartOffset="2506"/>
</LocList>
</CondStmnt>
</StmntSeq>
</Branch>
<Branch CovItemId="B8" CovItemPrefix="stubs.ClassDetails.java" Implct="false" Intrnl_Id="84">
<Cond>
<Loc EndOffset="2664" SrcFileId="1" StartOffset="2660"/>
</Cond>
<LocList>
<Loc EndOffset="3541" SrcFileId="1" StartOffset="2665"/>
</LocList>
<StmntSeq Intrnl_Id="85">
<LocList>
<Loc EndOffset="3541" SrcFileId="1" StartOffset="2665"/>
</LocList>
<CondStmnt CovItemId="S40" CovItemPrefix="stubs.ClassDetails.java" Intrnl_Id="86">
<Branch CovItemId="B11" CovItemPrefix="stubs.ClassDetails.java" Implct="false" Intrnl_Id="87">
<Cond/>
<LocList>
<Loc EndOffset="3030" SrcFileId="1" StartOffset="2709"/>
</LocList>
<StmntSeq Intrnl_Id="88">
<LocList>
<Loc EndOffset="3007" SrcFileId="1" StartOffset="2736"/>
</LocList>
<CondStmnt CovItemId="S41" CovItemPrefix="stubs.ClassDetails.java" Intrnl_Id="89">
<Branch CovItemId="B13" CovItemPrefix="stubs.ClassDetails.java" Implct="false" Intrnl_Id="90">
<Cond/>
<LocList>
<Loc EndOffset="2912" SrcFileId="1" StartOffset="2785"/>
</LocList>
<StmntSeq Intrnl_Id="91">
<LocList>
<Loc EndOffset="2885" SrcFileId="1" StartOffset="2816"/>
</LocList>
<CondStmnt CovItemId="S42" CovItemPrefix="stubs.ClassDetails.java" Intrnl_Id="92">
<Branch CovItemId="B15" CovItemPrefix="stubs.ClassDetails.java" Implct="false" Intrnl_Id="93">
<Cond/>
<LocList>
<Loc EndOffset="2885" SrcFileId="1" StartOffset="2873"/>
</LocList>
<StmntSeq Intrnl_Id="94">
<LocList>
<Loc EndOffset="2885" SrcFileId="1" StartOffset="2873"/>
</LocList>
<BasicStmnt CovItemId="S43" CovItemPrefix="stubs.ClassDetails.java" Intrnl_Id="95">
<LocList>
<Loc EndOffset="2885" SrcFileId="1" StartOffset="2873"/>
</LocList>
</BasicStmnt>
</StmntSeq>
</Branch>
<Branch CovItemId="B16" CovItemPrefix="stubs.ClassDetails.java" Implct="true" Intrnl_Id="96">
<Cond/>
<LocList/>
<StmntSeq Intrnl_Id="97">
<LocList/>
</StmntSeq>
</Branch>
<Keyword EndOffset="2818" SrcFileId="1" StartOffset="2816"/>
<LocList>
<Loc EndOffset="2885" SrcFileId="1" StartOffset="2816"/>
</LocList>
</CondStmnt>
</StmntSeq>
</Branch>
<Branch CovItemId="B14" CovItemPrefix="stubs.ClassDetails.java" Implct="false" Intrnl_Id="98">
<Cond>
<Loc EndOffset="2942" SrcFileId="1" StartOffset="2938"/>
</Cond>
<LocList>
<Loc EndOffset="3007" SrcFileId="1" StartOffset="2943"/>
</LocList>
<StmntSeq Intrnl_Id="99">
<LocList>
<Loc EndOffset="3007" SrcFileId="1" StartOffset="2943"/>
</LocList>
<CondStmnt CovItemId="S44" CovItemPrefix="stubs.ClassDetails.java" Intrnl_Id="100">
<Branch CovItemId="B17" CovItemPrefix="stubs.ClassDetails.java" Implct="false" Intrnl_Id="101">
<Cond/>
<LocList>
<Loc EndOffset="3007" SrcFileId="1" StartOffset="2995"/>
</LocList>
<StmntSeq Intrnl_Id="102">
<LocList>
<Loc EndOffset="3007" SrcFileId="1" StartOffset="2995"/>
</LocList>
<BasicStmnt CovItemId="S45" CovItemPrefix="stubs.ClassDetails.java" Intrnl_Id="103">
<LocList>
<Loc EndOffset="3007" SrcFileId="1" StartOffset="2995"/>
</LocList>
</BasicStmnt>
</StmntSeq>
</Branch>
<Branch CovItemId="B18" CovItemPrefix="stubs.ClassDetails.java" Implct="true" Intrnl_Id="104">
<Cond/>
<LocList/>
<StmntSeq Intrnl_Id="105">
<LocList/>
</StmntSeq>
</Branch>
<Keyword EndOffset="2945" SrcFileId="1" StartOffset="2943"/>
<LocList>
<Loc EndOffset="3007" SrcFileId="1" StartOffset="2943"/>
</LocList>
</CondStmnt>
</StmntSeq>
</Branch>
<Keyword EndOffset="2738" SrcFileId="1" StartOffset="2736"/>
<LocList>
<Loc EndOffset="3007" SrcFileId="1" StartOffset="2736"/>
</LocList>
</CondStmnt>
</StmntSeq>
</Branch>
<Branch CovItemId="B12" CovItemPrefix="stubs.ClassDetails.java" Implct="false" Intrnl_Id="106">
<Cond>
<Loc EndOffset="3102" SrcFileId="1" StartOffset="3098"/>
</Cond>
<LocList>
<Loc EndOffset="3541" SrcFileId="1" StartOffset="3103"/>
</LocList>
<StmntSeq Intrnl_Id="107">
<LocList>
<Loc EndOffset="3541" SrcFileId="1" StartOffset="3103"/>
</LocList>
<CondStmnt CovItemId="S46" CovItemPrefix="stubs.ClassDetails.java" Intrnl_Id="108">
<Branch CovItemId="B19" CovItemPrefix="stubs.ClassDetails.java" Implct="false" Intrnl_Id="109">
<Cond/>
<LocList>
<Loc EndOffset="3541" SrcFileId="1" StartOffset="3147"/>
</LocList>
<StmntSeq Intrnl_Id="110">
<LocList>
<Loc EndOffset="3518" SrcFileId="1" StartOffset="3220"/>
</LocList>
<CondStmnt CovItemId="S47" CovItemPrefix="stubs.ClassDetails.java" Intrnl_Id="111">
<Branch CovItemId="B21" CovItemPrefix="stubs.ClassDetails.java" Implct="false" Intrnl_Id="112">
<Cond/>
<LocList>
<Loc EndOffset="3423" SrcFileId="1" StartOffset="3269"/>
</LocList>
<StmntSeq Intrnl_Id="113">
<LocList>
<Loc EndOffset="3396" SrcFileId="1" StartOffset="3327"/>
</LocList>
<CondStmnt CovItemId="S48" CovItemPrefix="stubs.ClassDetails.java" Intrnl_Id="114">
<Branch CovItemId="B23" CovItemPrefix="stubs.ClassDetails.java" Implct="false" Intrnl_Id="115">
<Cond/>
<LocList>
<Loc EndOffset="3396" SrcFileId="1" StartOffset="3384"/>
</LocList>
<StmntSeq Intrnl_Id="116">
<LocList>
<Loc EndOffset="3396" SrcFileId="1" StartOffset="3384"/>
</LocList>
<BasicStmnt CovItemId="S49" CovItemPrefix="stubs.ClassDetails.java" Intrnl_Id="117">
<LocList>
<Loc EndOffset="3396" SrcFileId="1" StartOffset="3384"/>
</LocList>
</BasicStmnt>
</StmntSeq>
</Branch>
<Branch CovItemId="B24" CovItemPrefix="stubs.ClassDetails.java" Implct="true" Intrnl_Id="118">
<Cond/>
<LocList/>
<StmntSeq Intrnl_Id="119">
<LocList/>
</StmntSeq>
</Branch>
<Keyword EndOffset="3329" SrcFileId="1" StartOffset="3327"/>
<LocList>
<Loc EndOffset="3396" SrcFileId="1" StartOffset="3327"/>
</LocList>
</CondStmnt>
</StmntSeq>
</Branch>
<Branch CovItemId="B22" CovItemPrefix="stubs.ClassDetails.java" Implct="false" Intrnl_Id="120">
<Cond>
<Loc EndOffset="3453" SrcFileId="1" StartOffset="3449"/>
</Cond>
<LocList>
<Loc EndOffset="3518" SrcFileId="1" StartOffset="3454"/>
</LocList>
<StmntSeq Intrnl_Id="121">
<LocList>
<Loc EndOffset="3518" SrcFileId="1" StartOffset="3454"/>
</LocList>
<CondStmnt CovItemId="S50" CovItemPrefix="stubs.ClassDetails.java" Intrnl_Id="122">
<Branch CovItemId="B25" CovItemPrefix="stubs.ClassDetails.java" Implct="false" Intrnl_Id="123">
<Cond/>
<LocList>
<Loc EndOffset="3518" SrcFileId="1" StartOffset="3506"/>
</LocList>
<StmntSeq Intrnl_Id="124">
<LocList>
<Loc EndOffset="3518" SrcFileId="1" StartOffset="3506"/>
</LocList>
<BasicStmnt CovItemId="S51" CovItemPrefix="stubs.ClassDetails.java" Intrnl_Id="125">
<LocList>
<Loc EndOffset="3518" SrcFileId="1" StartOffset="3506"/>
</LocList>
</BasicStmnt>
</StmntSeq>
</Branch>
<Branch CovItemId="B26" CovItemPrefix="stubs.ClassDetails.java" Implct="true" Intrnl_Id="126">
<Cond/>
<LocList/>
<StmntSeq Intrnl_Id="127">
<LocList/>
</StmntSeq>
</Branch>
<Keyword EndOffset="3456" SrcFileId="1" StartOffset="3454"/>
<LocList>
<Loc EndOffset="3518" SrcFileId="1" StartOffset="3454"/>
</LocList>
</CondStmnt>
</StmntSeq>
</Branch>
<Keyword EndOffset="3222" SrcFileId="1" StartOffset="3220"/>
<LocList>
<Loc EndOffset="3518" SrcFileId="1" StartOffset="3220"/>
</LocList>
</CondStmnt>
</StmntSeq>
</Branch>
<Branch CovItemId="B20" CovItemPrefix="stubs.ClassDetails.java" Implct="true" Intrnl_Id="128">
<Cond/>
<LocList/>
<StmntSeq Intrnl_Id="129">
<LocList/>
</StmntSeq>
</Branch>
<Keyword EndOffset="3105" SrcFileId="1" StartOffset="3103"/>
<LocList>
<Loc EndOffset="3541" SrcFileId="1" StartOffset="3103"/>
</LocList>
</CondStmnt>
</StmntSeq>
</Branch>
<Keyword EndOffset="2667" SrcFileId="1" StartOffset="2665"/>
<LocList>
<Loc EndOffset="3541" SrcFileId="1" StartOffset="2665"/>
</LocList>
</CondStmnt>
</StmntSeq>
</Branch>
<Keyword EndOffset="2436" SrcFileId="1" StartOffset="2434"/>
<LocList>
<Loc EndOffset="3541" SrcFileId="1" StartOffset="2434"/>
</LocList>
</CondStmnt>
</StmntSeq>
</Branch>
<Branch CovItemId="B6" CovItemPrefix="stubs.ClassDetails.java" Implct="true" Intrnl_Id="130">
<Cond/>
<LocList/>
<StmntSeq Intrnl_Id="131">
<LocList/>
</StmntSeq>
</Branch>
<Keyword EndOffset="2321" SrcFileId="1" StartOffset="2319"/>
<LocList>
<Loc EndOffset="3560" SrcFileId="1" StartOffset="2319"/>
</LocList>
</CondStmnt>
</StmntSeq>
<Keyword EndOffset="2227" SrcFileId="1" StartOffset="2222"/>
<LocList>
<Loc EndOffset="3575" SrcFileId="1" StartOffset="2222"/>
</LocList>
</LoopStmnt>
</StmntSeq>
<Keyword EndOffset="2144" SrcFileId="1" StartOffset="2139"/>
<LocList>
<Loc EndOffset="3586" SrcFileId="1" StartOffset="2139"/>
</LocList>
</LoopStmnt>
<BasicStmnt CovItemId="S52" CovItemPrefix="stubs.ClassDetails.java" Intrnl_Id="132">
<LocList>
<Loc EndOffset="3611" SrcFileId="1" StartOffset="3598"/>
</LocList>
</BasicStmnt>
</StmntSeq>
</HierarchyLvl>
<HierarchyLvl HierarchyLvlId="1067" HierarchyLvlTypeId="4" Intrnl_Id="133" Name="getTime">
<Header>
<Loc EndOffset="3647" SrcFileId="1" StartOffset="3626"/>
</Header>
<LocList>
<Loc EndOffset="3678" SrcFileId="1" StartOffset="3626"/>
</LocList>
<StmntSeq Intrnl_Id="134">
<LocList>
<Loc EndOffset="3671" SrcFileId="1" StartOffset="3659"/>
</LocList>
<BasicStmnt CovItemId="S53" CovItemPrefix="stubs.ClassDetails.java" Intrnl_Id="135">
<LocList>
<Loc EndOffset="3671" SrcFileId="1" StartOffset="3659"/>
</LocList>
</BasicStmnt>
</StmntSeq>
</HierarchyLvl>
<HierarchyLvl HierarchyLvlId="1068" HierarchyLvlTypeId="4" Intrnl_Id="136" Name="setTime">
<Header>
<Loc EndOffset="3713" SrcFileId="1" StartOffset="3686"/>
</Header>
<LocList>
<Loc EndOffset="3741" SrcFileId="1" StartOffset="3686"/>
</LocList>
<StmntSeq Intrnl_Id="137">
<LocList>
<Loc EndOffset="3734" SrcFileId="1" StartOffset="3725"/>
</LocList>
<BasicStmnt CovItemId="S54" CovItemPrefix="stubs.ClassDetails.java" Intrnl_Id="138">
<LocList>
<Loc EndOffset="3734" SrcFileId="1" StartOffset="3725"/>
</LocList>
</BasicStmnt>
</StmntSeq>
</HierarchyLvl>
<HierarchyLvl HierarchyLvlId="1069" HierarchyLvlTypeId="4" Intrnl_Id="139" Name="isAtTime">
<Header>
<Loc EndOffset="3782" SrcFileId="1" StartOffset="3749"/>
</Header>
<LocList>
<Loc EndOffset="3920" SrcFileId="1" StartOffset="3749"/>
</LocList>
<StmntSeq Intrnl_Id="140">
<LocList>
<Loc EndOffset="3913" SrcFileId="1" StartOffset="3794"/>
</LocList>
<CondStmnt CovItemId="S55" CovItemPrefix="stubs.ClassDetails.java" Intrnl_Id="141">
<Branch CovItemId="B27" CovItemPrefix="stubs.ClassDetails.java" Implct="false" Intrnl_Id="142">
<Cond/>
<LocList>
<Loc EndOffset="3872" SrcFileId="1" StartOffset="3860"/>
</LocList>
<StmntSeq Intrnl_Id="143">
<LocList>
<Loc EndOffset="3872" SrcFileId="1" StartOffset="3860"/>
</LocList>
<BasicStmnt CovItemId="S56" CovItemPrefix="stubs.ClassDetails.java" Intrnl_Id="144">
<LocList>
<Loc EndOffset="3872" SrcFileId="1" StartOffset="3860"/>
</LocList>
</BasicStmnt>
</StmntSeq>
</Branch>
<Branch CovItemId="B28" CovItemPrefix="stubs.ClassDetails.java" Implct="false" Intrnl_Id="145">
<Cond>
<Loc EndOffset="3886" SrcFileId="1" StartOffset="3882"/>
</Cond>
<LocList>
<Loc EndOffset="3913" SrcFileId="1" StartOffset="3900"/>
</LocList>
<StmntSeq Intrnl_Id="146">
<LocList>
<Loc EndOffset="3913" SrcFileId="1" StartOffset="3900"/>
</LocList>
<BasicStmnt CovItemId="S57" CovItemPrefix="stubs.ClassDetails.java" Intrnl_Id="147">
<LocList>
<Loc EndOffset="3913" SrcFileId="1" StartOffset="3900"/>
</LocList>
</BasicStmnt>
</StmntSeq>
</Branch>
<Keyword EndOffset="3796" SrcFileId="1" StartOffset="3794"/>
<LocList>
<Loc EndOffset="3913" SrcFileId="1" StartOffset="3794"/>
</LocList>
</CondStmnt>
</StmntSeq>
</HierarchyLvl>
<HierarchyLvl HierarchyLvlId="1070" HierarchyLvlTypeId="4" Intrnl_Id="148" Name="isAtDay">
<Header>
<Loc EndOffset="3959" SrcFileId="1" StartOffset="3928"/>
</Header>
<LocList>
<Loc EndOffset="4097" SrcFileId="1" StartOffset="3928"/>
</LocList>
<StmntSeq Intrnl_Id="149">
<LocList>
<Loc EndOffset="4090" SrcFileId="1" StartOffset="3971"/>
</LocList>
<CondStmnt CovItemId="S58" CovItemPrefix="stubs.ClassDetails.java" Intrnl_Id="150">
<Branch CovItemId="B29" CovItemPrefix="stubs.ClassDetails.java" Implct="false" Intrnl_Id="151">
<Cond/>
<LocList>
<Loc EndOffset="4049" SrcFileId="1" StartOffset="4037"/>
</LocList>
<StmntSeq Intrnl_Id="152">
<LocList>
<Loc EndOffset="4049" SrcFileId="1" StartOffset="4037"/>
</LocList>
<BasicStmnt CovItemId="S59" CovItemPrefix="stubs.ClassDetails.java" Intrnl_Id="153">
<LocList>
<Loc EndOffset="4049" SrcFileId="1" StartOffset="4037"/>
</LocList>
</BasicStmnt>
</StmntSeq>
</Branch>
<Branch CovItemId="B30" CovItemPrefix="stubs.ClassDetails.java" Implct="false" Intrnl_Id="154">
<Cond>
<Loc EndOffset="4063" SrcFileId="1" StartOffset="4059"/>
</Cond>
<LocList>
<Loc EndOffset="4090" SrcFileId="1" StartOffset="4077"/>
</LocList>
<StmntSeq Intrnl_Id="155">
<LocList>
<Loc EndOffset="4090" SrcFileId="1" StartOffset="4077"/>
</LocList>
<BasicStmnt CovItemId="S60" CovItemPrefix="stubs.ClassDetails.java" Intrnl_Id="156">
<LocList>
<Loc EndOffset="4090" SrcFileId="1" StartOffset="4077"/>
</LocList>
</BasicStmnt>
</StmntSeq>
</Branch>
<Keyword EndOffset="3973" SrcFileId="1" StartOffset="3971"/>
<LocList>
<Loc EndOffset="4090" SrcFileId="1" StartOffset="3971"/>
</LocList>
</CondStmnt>
</StmntSeq>
</HierarchyLvl>
<HierarchyLvl HierarchyLvlId="1071" HierarchyLvlTypeId="4" Intrnl_Id="157" Name="toString">
<Header>
<Loc EndOffset="4129" SrcFileId="1" StartOffset="4105"/>
</Header>
<LocList>
<Loc EndOffset="4664" SrcFileId="1" StartOffset="4105"/>
</LocList>
<StmntSeq Intrnl_Id="158">
<LocList>
<Loc EndOffset="4160" SrcFileId="1" StartOffset="4141"/>
<Loc EndOffset="4223" SrcFileId="1" StartOffset="4170"/>
<Loc EndOffset="4322" SrcFileId="1" StartOffset="4233"/>
<Loc EndOffset="4557" SrcFileId="1" StartOffset="4495"/>
<Loc EndOffset="4657" SrcFileId="1" StartOffset="4643"/>
</LocList>
<BasicStmnt CovItemId="S61" CovItemPrefix="stubs.ClassDetails.java" Intrnl_Id="159">
<LocList>
<Loc EndOffset="4160" SrcFileId="1" StartOffset="4141"/>
</LocList>
</BasicStmnt>
<BasicStmnt CovItemId="S62" CovItemPrefix="stubs.ClassDetails.java" Intrnl_Id="160">
<LocList>
<Loc EndOffset="4223" SrcFileId="1" StartOffset="4170"/>
</LocList>
</BasicStmnt>
<CondStmnt CovItemId="S63" CovItemPrefix="stubs.ClassDetails.java" Intrnl_Id="161">
<Branch CovItemId="B31" CovItemPrefix="stubs.ClassDetails.java" Implct="false" Intrnl_Id="162">
<Cond/>
<LocList>
<Loc EndOffset="4322" SrcFileId="1" StartOffset="4274"/>
</LocList>
<StmntSeq Intrnl_Id="163">
<LocList>
<Loc EndOffset="4322" SrcFileId="1" StartOffset="4274"/>
</LocList>
<BasicStmnt CovItemId="S64" CovItemPrefix="stubs.ClassDetails.java" Intrnl_Id="164">
<LocList>
<Loc EndOffset="4322" SrcFileId="1" StartOffset="4274"/>
</LocList>
</BasicStmnt>
</StmntSeq>
</Branch>
<Branch CovItemId="B32" CovItemPrefix="stubs.ClassDetails.java" Implct="true" Intrnl_Id="165">
<Cond/>
<LocList/>
<StmntSeq Intrnl_Id="166">
<LocList/>
</StmntSeq>
</Branch>
<Keyword EndOffset="4235" SrcFileId="1" StartOffset="4233"/>
<LocList>
<Loc EndOffset="4322" SrcFileId="1" StartOffset="4233"/>
</LocList>
</CondStmnt>
<CondStmnt CovItemId="S65" CovItemPrefix="stubs.ClassDetails.java" Intrnl_Id="167">
<Branch CovItemId="B33" CovItemPrefix="stubs.ClassDetails.java" Implct="false" Intrnl_Id="168">
<Cond/>
<LocList>
<Loc EndOffset="4557" SrcFileId="1" StartOffset="4528"/>
</LocList>
<StmntSeq Intrnl_Id="169">
<LocList>
<Loc EndOffset="4557" SrcFileId="1" StartOffset="4528"/>
</LocList>
<BasicStmnt CovItemId="S66" CovItemPrefix="stubs.ClassDetails.java" Intrnl_Id="170">
<LocList>
<Loc EndOffset="4557" SrcFileId="1" StartOffset="4528"/>
</LocList>
</BasicStmnt>
</StmntSeq>
</Branch>
<Branch CovItemId="B34" CovItemPrefix="stubs.ClassDetails.java" Implct="true" Intrnl_Id="171">
<Cond/>
<LocList/>
<StmntSeq Intrnl_Id="172">
<LocList/>
</StmntSeq>
</Branch>
<Keyword EndOffset="4497" SrcFileId="1" StartOffset="4495"/>
<LocList>
<Loc EndOffset="4557" SrcFileId="1" StartOffset="4495"/>
</LocList>
</CondStmnt>
<BasicStmnt CovItemId="S67" CovItemPrefix="stubs.ClassDetails.java" Intrnl_Id="173">
<LocList>
<Loc EndOffset="4657" SrcFileId="1" StartOffset="4643"/>
</LocList>
</BasicStmnt>
</StmntSeq>
</HierarchyLvl>
<HierarchyLvl HierarchyLvlId="1072" HierarchyLvlTypeId="4" Intrnl_Id="174" Name="getDays">
<Header>
<Loc EndOffset="4695" SrcFileId="1" StartOffset="4672"/>
</Header>
<LocList>
<Loc EndOffset="4736" SrcFileId="1" StartOffset="4672"/>
</LocList>
<StmntSeq Intrnl_Id="175">
<LocList>
<Loc EndOffset="4729" SrcFileId="1" StartOffset="4707"/>
</LocList>
<BasicStmnt CovItemId="S68" CovItemPrefix="stubs.ClassDetails.java" Intrnl_Id="176">
<LocList>
<Loc EndOffset="4729" SrcFileId="1" StartOffset="4707"/>
</LocList>
</BasicStmnt>
</StmntSeq>
</HierarchyLvl>
<HierarchyLvl HierarchyLvlId="1073" HierarchyLvlTypeId="4" Intrnl_Id="177" Name="setCourse">
<Header>
<Loc EndOffset="4777" SrcFileId="1" StartOffset="4746"/>
</Header>
<LocList>
<Loc EndOffset="4822" SrcFileId="1" StartOffset="4746"/>
</LocList>
<StmntSeq Intrnl_Id="178">
<LocList>
<Loc EndOffset="4808" SrcFileId="1" StartOffset="4792"/>
</LocList>
<BasicStmnt CovItemId="S69" CovItemPrefix="stubs.ClassDetails.java" Intrnl_Id="179">
<LocList>
<Loc EndOffset="4808" SrcFileId="1" StartOffset="4792"/>
</LocList>
</BasicStmnt>
</StmntSeq>
</HierarchyLvl>
<HierarchyLvl HierarchyLvlId="1074" HierarchyLvlTypeId="4" Intrnl_Id="180" Name="getCourse">
<Header>
<Loc EndOffset="4856" SrcFileId="1" StartOffset="4831"/>
</Header>
<LocList>
<Loc EndOffset="4898" SrcFileId="1" StartOffset="4831"/>
</LocList>
<StmntSeq Intrnl_Id="181">
<LocList>
<Loc EndOffset="4890" SrcFileId="1" StartOffset="4865"/>
</LocList>
<BasicStmnt CovItemId="S70" CovItemPrefix="stubs.ClassDetails.java" Intrnl_Id="182">
<LocList>
<Loc EndOffset="4890" SrcFileId="1" StartOffset="4865"/>
</LocList>
</BasicStmnt>
</StmntSeq>
</HierarchyLvl>
</HierarchyLvl>
</HierarchyLvl>
<HierarchyLvl HierarchyLvlId="1088" HierarchyLvlTypeId="3" Intrnl_Id="183" Name="TestUnit">
<Header/>
<LocList/>
<HierarchyLvl HierarchyLvlId="1086" HierarchyLvlTypeId="5" Intrnl_Id="184" Name="ScheduleMakerController">
<Header>
<Loc EndOffset="285" SrcFileId="2" StartOffset="249"/>
</Header>
<LocList>
<Loc EndOffset="9487" SrcFileId="2" StartOffset="249"/>
</LocList>
<HierarchyLvl HierarchyLvlId="1076" HierarchyLvlTypeId="4" Intrnl_Id="185" Name="conflict">
<Header>
<Loc EndOffset="333" SrcFileId="2" StartOffset="295"/>
</Header>
<LocList>
<Loc EndOffset="831" SrcFileId="2" StartOffset="295"/>
</LocList>
<StmntSeq Intrnl_Id="186">
<LocList>
<Loc EndOffset="388" SrcFileId="2" StartOffset="345"/>
<Loc EndOffset="446" SrcFileId="2" StartOffset="398"/>
<Loc EndOffset="801" SrcFileId="2" StartOffset="456"/>
<Loc EndOffset="824" SrcFileId="2" StartOffset="811"/>
</LocList>
<BasicStmnt CovItemId="S1" CovItemPrefix="TestUnit.ScheduleMakerController.java" Intrnl_Id="187">
<LocList>
<Loc EndOffset="388" SrcFileId="2" StartOffset="345"/>
</LocList>
</BasicStmnt>
<CondStmnt CovItemId="S2" CovItemPrefix="TestUnit.ScheduleMakerController.java" Intrnl_Id="188">
<Branch CovItemId="B1" CovItemPrefix="TestUnit.ScheduleMakerController.java" Implct="false" Intrnl_Id="189">
<Cond/>
<LocList>
<Loc EndOffset="446" SrcFileId="2" StartOffset="433"/>
</LocList>
<StmntSeq Intrnl_Id="190">
<LocList>
<Loc EndOffset="446" SrcFileId="2" StartOffset="433"/>
</LocList>
<BasicStmnt CovItemId="S3" CovItemPrefix="TestUnit.ScheduleMakerController.java" Intrnl_Id="191">
<LocList>
<Loc EndOffset="446" SrcFileId="2" StartOffset="433"/>
</LocList>
</BasicStmnt>
</StmntSeq>
</Branch>
<Branch CovItemId="B2" CovItemPrefix="TestUnit.ScheduleMakerController.java" Implct="true" Intrnl_Id="192">
<Cond/>
<LocList/>
<StmntSeq Intrnl_Id="193">
<LocList/>
</StmntSeq>
</Branch>
<Keyword EndOffset="400" SrcFileId="2" StartOffset="398"/>
<LocList>
<Loc EndOffset="446" SrcFileId="2" StartOffset="398"/>
</LocList>
</CondStmnt>
<LoopStmnt CovItemId="S4" CovItemPrefix="TestUnit.ScheduleMakerController.java" Intrnl_Id="194" MltplExecId="L1-2" MltplExecPrefix="TestUnit.ScheduleMakerController.java" NvrExecId="L1-0" NvrExecPrefix="TestUnit.ScheduleMakerController.java" OnceExecutedId="L1-1" OnceExecutedPrefix="TestUnit.ScheduleMakerController.java" OptBodyExec="true">
<StmntSeq Intrnl_Id="195">
<LocList>
<Loc EndOffset="801" SrcFileId="2" StartOffset="507"/>
</LocList>
<LoopStmnt CovItemId="S5" CovItemPrefix="TestUnit.ScheduleMakerController.java" Intrnl_Id="196" MltplExecId="L2-2" MltplExecPrefix="TestUnit.ScheduleMakerController.java" NvrExecId="L2-0" NvrExecPrefix="TestUnit.ScheduleMakerController.java" OnceExecutedId="L2-1" OnceExecutedPrefix="TestUnit.ScheduleMakerController.java" OptBodyExec="true">
<StmntSeq Intrnl_Id="197">
<LocList>
<Loc EndOffset="612" SrcFileId="2" StartOffset="581"/>
<Loc EndOffset="661" SrcFileId="2" StartOffset="630"/>
<Loc EndOffset="786" SrcFileId="2" StartOffset="679"/>
</LocList>
<BasicStmnt CovItemId="S6" CovItemPrefix="TestUnit.ScheduleMakerController.java" Intrnl_Id="198">
<LocList>
<Loc EndOffset="612" SrcFileId="2" StartOffset="581"/>
</LocList>
</BasicStmnt>
<BasicStmnt CovItemId="S7" CovItemPrefix="TestUnit.ScheduleMakerController.java" Intrnl_Id="199">
<LocList>
<Loc EndOffset="661" SrcFileId="2" StartOffset="630"/>
</LocList>
</BasicStmnt>
<CondStmnt CovItemId="S8" CovItemPrefix="TestUnit.ScheduleMakerController.java" Intrnl_Id="200">
<Branch CovItemId="B3" CovItemPrefix="TestUnit.ScheduleMakerController.java" Implct="false" Intrnl_Id="201">
<Cond/>
<LocList>
<Loc EndOffset="786" SrcFileId="2" StartOffset="774"/>
</LocList>
<StmntSeq Intrnl_Id="202">
<LocList>
<Loc EndOffset="786" SrcFileId="2" StartOffset="774"/>
</LocList>
<BasicStmnt CovItemId="S9" CovItemPrefix="TestUnit.ScheduleMakerController.java" Intrnl_Id="203">
<LocList>
<Loc EndOffset="786" SrcFileId="2" StartOffset="774"/>
</LocList>
</BasicStmnt>
</StmntSeq>
</Branch>
<Branch CovItemId="B4" CovItemPrefix="TestUnit.ScheduleMakerController.java" Implct="true" Intrnl_Id="204">
<Cond/>
<LocList/>
<StmntSeq Intrnl_Id="205">
<LocList/>
</StmntSeq>
</Branch>
<Keyword EndOffset="681" SrcFileId="2" StartOffset="679"/>
<LocList>
<Loc EndOffset="786" SrcFileId="2" StartOffset="679"/>
</LocList>
</CondStmnt>
</StmntSeq>
<Keyword EndOffset="510" SrcFileId="2" StartOffset="507"/>
<LocList>
<Loc EndOffset="801" SrcFileId="2" StartOffset="507"/>
</LocList>
</LoopStmnt>
</StmntSeq>
<Keyword EndOffset="459" SrcFileId="2" StartOffset="456"/>
<LocList>
<Loc EndOffset="801" SrcFileId="2" StartOffset="456"/>
</LocList>
</LoopStmnt>
<BasicStmnt CovItemId="S10" CovItemPrefix="TestUnit.ScheduleMakerController.java" Intrnl_Id="206">
<LocList>
<Loc EndOffset="824" SrcFileId="2" StartOffset="811"/>
</LocList>
</BasicStmnt>
</StmntSeq>
</HierarchyLvl>
<HierarchyLvl HierarchyLvlId="1077" HierarchyLvlTypeId="4" Intrnl_Id="207" Name="sizeIsOne">
<Header>
<Loc EndOffset="878" SrcFileId="2" StartOffset="839"/>
</Header>
<LocList>
<Loc EndOffset="1043" SrcFileId="2" StartOffset="839"/>
</LocList>
<StmntSeq Intrnl_Id="208">
<LocList>
<Loc EndOffset="1014" SrcFileId="2" StartOffset="890"/>
<Loc EndOffset="1036" SrcFileId="2" StartOffset="1024"/>
</LocList>
<LoopStmnt CovItemId="S11" CovItemPrefix="TestUnit.ScheduleMakerController.java" Intrnl_Id="209" MltplExecId="L3-2" MltplExecPrefix="TestUnit.ScheduleMakerController.java" NvrExecId="L3-0" NvrExecPrefix="TestUnit.ScheduleMakerController.java" OnceExecutedId="L3-1" OnceExecutedPrefix="TestUnit.ScheduleMakerController.java" OptBodyExec="true">
<StmntSeq Intrnl_Id="210">
<LocList>
<Loc EndOffset="1003" SrcFileId="2" StartOffset="936"/>
</LocList>
<CondStmnt CovItemId="S12" CovItemPrefix="TestUnit.ScheduleMakerController.java" Intrnl_Id="211">
<Branch CovItemId="B5" CovItemPrefix="TestUnit.ScheduleMakerController.java" Implct="false" Intrnl_Id="212">
<Cond/>
<LocList>
<Loc EndOffset="1003" SrcFileId="2" StartOffset="990"/>
</LocList>
<StmntSeq Intrnl_Id="213">
<LocList>
<Loc EndOffset="1003" SrcFileId="2" StartOffset="990"/>
</LocList>
<BasicStmnt CovItemId="S13" CovItemPrefix="TestUnit.ScheduleMakerController.java" Intrnl_Id="214">
<LocList>
<Loc EndOffset="1003" SrcFileId="2" StartOffset="990"/>
</LocList>
</BasicStmnt>
</StmntSeq>
</Branch>
<Branch CovItemId="B6" CovItemPrefix="TestUnit.ScheduleMakerController.java" Implct="true" Intrnl_Id="215">
<Cond/>
<LocList/>
<StmntSeq Intrnl_Id="216">
<LocList/>
</StmntSeq>
</Branch>
<Keyword EndOffset="938" SrcFileId="2" StartOffset="936"/>
<LocList>
<Loc EndOffset="1003" SrcFileId="2" StartOffset="936"/>
</LocList>
</CondStmnt>
</StmntSeq>
<Keyword EndOffset="893" SrcFileId="2" StartOffset="890"/>
<LocList>
<Loc EndOffset="1014" SrcFileId="2" StartOffset="890"/>
</LocList>
</LoopStmnt>
<BasicStmnt CovItemId="S14" CovItemPrefix="TestUnit.ScheduleMakerController.java" Intrnl_Id="217">
<LocList>
<Loc EndOffset="1036" SrcFileId="2" StartOffset="1024"/>
</LocList>
</BasicStmnt>
</StmntSeq>
</HierarchyLvl>
<HierarchyLvl HierarchyLvlId="1078" HierarchyLvlTypeId="4" Intrnl_Id="218" Name="findSchedule">
<Header>
<Loc EndOffset="1272" SrcFileId="2" StartOffset="1163"/>
</Header>
<LocList>
<Loc EndOffset="2189" SrcFileId="2" StartOffset="1163"/>
</LocList>
<StmntSeq Intrnl_Id="219">
<LocList>
<Loc EndOffset="1315" SrcFileId="2" StartOffset="1284"/>
<Loc EndOffset="2182" SrcFileId="2" StartOffset="1325"/>
</LocList>
<BasicStmnt CovItemId="S15" CovItemPrefix="TestUnit.ScheduleMakerController.java" Intrnl_Id="220">
<LocList>
<Loc EndOffset="1315" SrcFileId="2" StartOffset="1284"/>
</LocList>
</BasicStmnt>
<CondStmnt CovItemId="S16" CovItemPrefix="TestUnit.ScheduleMakerController.java" Intrnl_Id="221">
<Branch CovItemId="B7" CovItemPrefix="TestUnit.ScheduleMakerController.java" Implct="false" Intrnl_Id="222">
<Cond/>
<LocList>
<Loc EndOffset="1453" SrcFileId="2" StartOffset="1355"/>
</LocList>
<StmntSeq Intrnl_Id="223">
<LocList>
<Loc EndOffset="1442" SrcFileId="2" StartOffset="1370"/>
</LocList>
<CondStmnt CovItemId="S17" CovItemPrefix="TestUnit.ScheduleMakerController.java" Intrnl_Id="224">
<Branch CovItemId="B9" CovItemPrefix="TestUnit.ScheduleMakerController.java" Implct="false" Intrnl_Id="225">
<Cond/>
<LocList>
<Loc EndOffset="1442" SrcFileId="2" StartOffset="1408"/>
</LocList>
<StmntSeq Intrnl_Id="226">
<LocList>
<Loc EndOffset="1442" SrcFileId="2" StartOffset="1408"/>
</LocList>
<BasicStmnt CovItemId="S18" CovItemPrefix="TestUnit.ScheduleMakerController.java" Intrnl_Id="227">
<LocList>
<Loc EndOffset="1442" SrcFileId="2" StartOffset="1408"/>
</LocList>
</BasicStmnt>
</StmntSeq>
</Branch>
<Branch CovItemId="B10" CovItemPrefix="TestUnit.ScheduleMakerController.java" Implct="true" Intrnl_Id="228">
<Cond/>
<LocList/>
<StmntSeq Intrnl_Id="229">
<LocList/>
</StmntSeq>
</Branch>
<Keyword EndOffset="1372" SrcFileId="2" StartOffset="1370"/>
<LocList>
<Loc EndOffset="1442" SrcFileId="2" StartOffset="1370"/>
</LocList>
</CondStmnt>
</StmntSeq>
</Branch>
<Branch CovItemId="B8" CovItemPrefix="TestUnit.ScheduleMakerController.java" Implct="false" Intrnl_Id="230">
<Cond>
<Loc EndOffset="1467" SrcFileId="2" StartOffset="1463"/>
</Cond>
<LocList>
<Loc EndOffset="2182" SrcFileId="2" StartOffset="1477"/>
</LocList>
<StmntSeq Intrnl_Id="231">
<LocList>
<Loc EndOffset="2171" SrcFileId="2" StartOffset="1492"/>
</LocList>
<CondStmnt CovItemId="S19" CovItemPrefix="TestUnit.ScheduleMakerController.java" Intrnl_Id="232">
<Branch CovItemId="B11" CovItemPrefix="TestUnit.ScheduleMakerController.java" Implct="false" Intrnl_Id="233">
<Cond/>
<LocList>
<Loc EndOffset="2066" SrcFileId="2" StartOffset="1552"/>
</LocList>
<StmntSeq Intrnl_Id="234">
<LocList>
<Loc EndOffset="2051" SrcFileId="2" StartOffset="1571"/>
</LocList>
<LoopStmnt CovItemId="S20" CovItemPrefix="TestUnit.ScheduleMakerController.java" Intrnl_Id="235" MltplExecId="L4-2" MltplExecPrefix="TestUnit.ScheduleMakerController.java" NvrExecId="L4-0" NvrExecPrefix="TestUnit.ScheduleMakerController.java" OnceExecutedId="L4-1" OnceExecutedPrefix="TestUnit.ScheduleMakerController.java" OptBodyExec="true">
<StmntSeq Intrnl_Id="236">
<LocList>
<Loc EndOffset="1763" SrcFileId="2" StartOffset="1675"/>
<Loc EndOffset="1817" SrcFileId="2" StartOffset="1785"/>
<Loc EndOffset="1885" SrcFileId="2" StartOffset="1839"/>
<Loc EndOffset="1928" SrcFileId="2" StartOffset="1907"/>
<Loc EndOffset="1973" SrcFileId="2" StartOffset="1952"/>
<Loc EndOffset="2032" SrcFileId="2" StartOffset="1995"/>
</LocList>
<BasicStmnt CovItemId="S21" CovItemPrefix="TestUnit.ScheduleMakerController.java" Intrnl_Id="237">
<LocList>
<Loc EndOffset="1763" SrcFileId="2" StartOffset="1675"/>
</LocList>
</BasicStmnt>
<BasicStmnt CovItemId="S22" CovItemPrefix="TestUnit.ScheduleMakerController.java" Intrnl_Id="238">
<LocList>
<Loc EndOffset="1817" SrcFileId="2" StartOffset="1785"/>
</LocList>
</BasicStmnt>
<BasicStmnt CovItemId="S23" CovItemPrefix="TestUnit.ScheduleMakerController.java" Intrnl_Id="239">
<LocList>
<Loc EndOffset="1885" SrcFileId="2" StartOffset="1839"/>
</LocList>
</BasicStmnt>
<BasicStmnt CovItemId="S24" CovItemPrefix="TestUnit.ScheduleMakerController.java" Intrnl_Id="240">
<LocList>
<Loc EndOffset="1928" SrcFileId="2" StartOffset="1907"/>
</LocList>
</BasicStmnt>
<BasicStmnt CovItemId="S25" CovItemPrefix="TestUnit.ScheduleMakerController.java" Intrnl_Id="241">
<LocList>
<Loc EndOffset="1973" SrcFileId="2" StartOffset="1952"/>
</LocList>
</BasicStmnt>
<BasicStmnt CovItemId="S26" CovItemPrefix="TestUnit.ScheduleMakerController.java" Intrnl_Id="242">
<LocList>
<Loc EndOffset="2032" SrcFileId="2" StartOffset="1995"/>
</LocList>
</BasicStmnt>
</StmntSeq>
<Keyword EndOffset="1574" SrcFileId="2" StartOffset="1571"/>
<LocList>
<Loc EndOffset="2051" SrcFileId="2" StartOffset="1571"/>
</LocList>
</LoopStmnt>
</StmntSeq>
</Branch>
<Branch CovItemId="B12" CovItemPrefix="TestUnit.ScheduleMakerController.java" Implct="false" Intrnl_Id="243">
<Cond>
<Loc EndOffset="2084" SrcFileId="2" StartOffset="2080"/>
</Cond>
<LocList>
<Loc EndOffset="2171" SrcFileId="2" StartOffset="2098"/>
</LocList>
<StmntSeq Intrnl_Id="244">
<LocList>
<Loc EndOffset="2156" SrcFileId="2" StartOffset="2117"/>
</LocList>
<BasicStmnt CovItemId="S27" CovItemPrefix="TestUnit.ScheduleMakerController.java" Intrnl_Id="245">
<LocList>
<Loc EndOffset="2156" SrcFileId="2" StartOffset="2117"/>
</LocList>
</BasicStmnt>
</StmntSeq>
</Branch>
<Keyword EndOffset="1494" SrcFileId="2" StartOffset="1492"/>
<LocList>
<Loc EndOffset="2171" SrcFileId="2" StartOffset="1492"/>
</LocList>
</CondStmnt>
</StmntSeq>
</Branch>
<Keyword EndOffset="1327" SrcFileId="2" StartOffset="1325"/>
<LocList>
<Loc EndOffset="2182" SrcFileId="2" StartOffset="1325"/>
</LocList>
</CondStmnt>
</StmntSeq>
</HierarchyLvl>
<HierarchyLvl HierarchyLvlId="1079" HierarchyLvlTypeId="4" Intrnl_Id="246" Name="createSchedule">
<Header>
<Loc EndOffset="2263" SrcFileId="2" StartOffset="2197"/>
</Header>
<LocList>
<Loc EndOffset="6748" SrcFileId="2" StartOffset="2197"/>
</LocList>
<StmntSeq Intrnl_Id="247">
<LocList>
<Loc EndOffset="2334" SrcFileId="2" StartOffset="2275"/>
<Loc EndOffset="2665" SrcFileId="2" StartOffset="2612"/>
<Loc EndOffset="2796" SrcFileId="2" StartOffset="2675"/>
<Loc EndOffset="2927" SrcFileId="2" StartOffset="2806"/>
<Loc EndOffset="3058" SrcFileId="2" StartOffset="2937"/>
<Loc EndOffset="3189" SrcFileId="2" StartOffset="3068"/>
<Loc EndOffset="3320" SrcFileId="2" StartOffset="3199"/>
<Loc EndOffset="3451" SrcFileId="2" StartOffset="3330"/>
<Loc EndOffset="3749" SrcFileId="2" StartOffset="3694"/>
<Loc EndOffset="3896" SrcFileId="2" StartOffset="3844"/>
<Loc EndOffset="4100" SrcFileId="2" StartOffset="3906"/>
<Loc EndOffset="4163" SrcFileId="2" StartOffset="4132"/>
<Loc EndOffset="4224" SrcFileId="2" StartOffset="4205"/>
<Loc EndOffset="4340" SrcFileId="2" StartOffset="4234"/>
<Loc EndOffset="4456" SrcFileId="2" StartOffset="4350"/>
<Loc EndOffset="4572" SrcFileId="2" StartOffset="4466"/>
<Loc EndOffset="4690" SrcFileId="2" StartOffset="4582"/>
<Loc EndOffset="4806" SrcFileId="2" StartOffset="4700"/>
<Loc EndOffset="4922" SrcFileId="2" StartOffset="4816"/>
<Loc EndOffset="5040" SrcFileId="2" StartOffset="4932"/>
<Loc EndOffset="5179" SrcFileId="2" StartOffset="5080"/>
<Loc EndOffset="6580" SrcFileId="2" StartOffset="5191"/>
<Loc EndOffset="6712" SrcFileId="2" StartOffset="6592"/>
<Loc EndOffset="6741" SrcFileId="2" StartOffset="6724"/>
</LocList>
<BasicStmnt CovItemId="S28" CovItemPrefix="TestUnit.ScheduleMakerController.java" Intrnl_Id="248">
<LocList>
<Loc EndOffset="2334" SrcFileId="2" StartOffset="2275"/>
</LocList>
</BasicStmnt>
<BasicStmnt CovItemId="S29" CovItemPrefix="TestUnit.ScheduleMakerController.java" Intrnl_Id="249">
<LocList>
<Loc EndOffset="2665" SrcFileId="2" StartOffset="2612"/>
</LocList>
</BasicStmnt>
<CondStmnt CovItemId="S30" CovItemPrefix="TestUnit.ScheduleMakerController.java" Intrnl_Id="250">
<Branch CovItemId="B13" CovItemPrefix="TestUnit.ScheduleMakerController.java" Implct="false" Intrnl_Id="251">
<Cond/>
<LocList>
<Loc EndOffset="2796" SrcFileId="2" StartOffset="2763"/>
</LocList>
<StmntSeq Intrnl_Id="252">
<LocList>
<Loc EndOffset="2796" SrcFileId="2" StartOffset="2763"/>
</LocList>
<BasicStmnt CovItemId="S31" CovItemPrefix="TestUnit.ScheduleMakerController.java" Intrnl_Id="253">
<LocList>
<Loc EndOffset="2796" SrcFileId="2" StartOffset="2763"/>
</LocList>
</BasicStmnt>
</StmntSeq>
</Branch>
<Branch CovItemId="B14" CovItemPrefix="TestUnit.ScheduleMakerController.java" Implct="true" Intrnl_Id="254">
<Cond/>
<LocList/>
<StmntSeq Intrnl_Id="255">
<LocList/>
</StmntSeq>
</Branch>
<Keyword EndOffset="2677" SrcFileId="2" StartOffset="2675"/>
<LocList>
<Loc EndOffset="2796" SrcFileId="2" StartOffset="2675"/>
</LocList>
</CondStmnt>
<CondStmnt CovItemId="S32" CovItemPrefix="TestUnit.ScheduleMakerController.java" Intrnl_Id="256">
<Branch CovItemId="B15" CovItemPrefix="TestUnit.ScheduleMakerController.java" Implct="false" Intrnl_Id="257">
<Cond/>
<LocList>
<Loc EndOffset="2927" SrcFileId="2" StartOffset="2894"/>
</LocList>
<StmntSeq Intrnl_Id="258">
<LocList>
<Loc EndOffset="2927" SrcFileId="2" StartOffset="2894"/>
</LocList>
<BasicStmnt CovItemId="S33" CovItemPrefix="TestUnit.ScheduleMakerController.java" Intrnl_Id="259">
<LocList>
<Loc EndOffset="2927" SrcFileId="2" StartOffset="2894"/>
</LocList>
</BasicStmnt>
</StmntSeq>
</Branch>
<Branch CovItemId="B16" CovItemPrefix="TestUnit.ScheduleMakerController.java" Implct="true" Intrnl_Id="260">
<Cond/>
<LocList/>
<StmntSeq Intrnl_Id="261">
<LocList/>
</StmntSeq>
</Branch>
<Keyword EndOffset="2808" SrcFileId="2" StartOffset="2806"/>
<LocList>
<Loc EndOffset="2927" SrcFileId="2" StartOffset="2806"/>
</LocList>
</CondStmnt>
<CondStmnt CovItemId="S34" CovItemPrefix="TestUnit.ScheduleMakerController.java" Intrnl_Id="262">
<Branch CovItemId="B17" CovItemPrefix="TestUnit.ScheduleMakerController.java" Implct="false" Intrnl_Id="263">
<Cond/>
<LocList>
<Loc EndOffset="3058" SrcFileId="2" StartOffset="3025"/>
</LocList>
<StmntSeq Intrnl_Id="264">
<LocList>
<Loc EndOffset="3058" SrcFileId="2" StartOffset="3025"/>
</LocList>
<BasicStmnt CovItemId="S35" CovItemPrefix="TestUnit.ScheduleMakerController.java" Intrnl_Id="265">
<LocList>
<Loc EndOffset="3058" SrcFileId="2" StartOffset="3025"/>
</LocList>
</BasicStmnt>
</StmntSeq>
</Branch>
<Branch CovItemId="B18" CovItemPrefix="TestUnit.ScheduleMakerController.java" Implct="true" Intrnl_Id="266">
<Cond/>
<LocList/>
<StmntSeq Intrnl_Id="267">
<LocList/>
</StmntSeq>
</Branch>
<Keyword EndOffset="2939" SrcFileId="2" StartOffset="2937"/>
<LocList>
<Loc EndOffset="3058" SrcFileId="2" StartOffset="2937"/>
</LocList>
</CondStmnt>
<CondStmnt CovItemId="S36" CovItemPrefix="TestUnit.ScheduleMakerController.java" Intrnl_Id="268">
<Branch CovItemId="B19" CovItemPrefix="TestUnit.ScheduleMakerController.java" Implct="false" Intrnl_Id="269">
<Cond/>
<LocList>
<Loc EndOffset="3189" SrcFileId="2" StartOffset="3156"/>
</LocList>
<StmntSeq Intrnl_Id="270">
<LocList>
<Loc EndOffset="3189" SrcFileId="2" StartOffset="3156"/>
</LocList>
<BasicStmnt CovItemId="S37" CovItemPrefix="TestUnit.ScheduleMakerController.java" Intrnl_Id="271">
<LocList>
<Loc EndOffset="3189" SrcFileId="2" StartOffset="3156"/>
</LocList>
</BasicStmnt>
</StmntSeq>
</Branch>
<Branch CovItemId="B20" CovItemPrefix="TestUnit.ScheduleMakerController.java" Implct="true" Intrnl_Id="272">
<Cond/>
<LocList/>
<StmntSeq Intrnl_Id="273">
<LocList/>
</StmntSeq>
</Branch>
<Keyword EndOffset="3070" SrcFileId="2" StartOffset="3068"/>
<LocList>
<Loc EndOffset="3189" SrcFileId="2" StartOffset="3068"/>
</LocList>
</CondStmnt>
<CondStmnt CovItemId="S38" CovItemPrefix="TestUnit.ScheduleMakerController.java" Intrnl_Id="274">
<Branch CovItemId="B21" CovItemPrefix="TestUnit.ScheduleMakerController.java" Implct="false" Intrnl_Id="275">
<Cond/>
<LocList>
<Loc EndOffset="3320" SrcFileId="2" StartOffset="3287"/>
</LocList>
<StmntSeq Intrnl_Id="276">
<LocList>
<Loc EndOffset="3320" SrcFileId="2" StartOffset="3287"/>
</LocList>
<BasicStmnt CovItemId="S39" CovItemPrefix="TestUnit.ScheduleMakerController.java" Intrnl_Id="277">
<LocList>
<Loc EndOffset="3320" SrcFileId="2" StartOffset="3287"/>
</LocList>
</BasicStmnt>
</StmntSeq>
</Branch>
<Branch CovItemId="B22" CovItemPrefix="TestUnit.ScheduleMakerController.java" Implct="true" Intrnl_Id="278">
<Cond/>
<LocList/>
<StmntSeq Intrnl_Id="279">
<LocList/>
</StmntSeq>
</Branch>
<Keyword EndOffset="3201" SrcFileId="2" StartOffset="3199"/>
<LocList>
<Loc EndOffset="3320" SrcFileId="2" StartOffset="3199"/>
</LocList>
</CondStmnt>
<CondStmnt CovItemId="S40" CovItemPrefix="TestUnit.ScheduleMakerController.java" Intrnl_Id="280">
<Branch CovItemId="B23" CovItemPrefix="TestUnit.ScheduleMakerController.java" Implct="false" Intrnl_Id="281">
<Cond/>
<LocList>
<Loc EndOffset="3451" SrcFileId="2" StartOffset="3418"/>
</LocList>
<StmntSeq Intrnl_Id="282">
<LocList>
<Loc EndOffset="3451" SrcFileId="2" StartOffset="3418"/>
</LocList>
<BasicStmnt CovItemId="S41" CovItemPrefix="TestUnit.ScheduleMakerController.java" Intrnl_Id="283">
<LocList>
<Loc EndOffset="3451" SrcFileId="2" StartOffset="3418"/>
</LocList>
</BasicStmnt>
</StmntSeq>
</Branch>
<Branch CovItemId="B24" CovItemPrefix="TestUnit.ScheduleMakerController.java" Implct="true" Intrnl_Id="284">
<Cond/>
<LocList/>
<StmntSeq Intrnl_Id="285">
<LocList/>
</StmntSeq>
</Branch>
<Keyword EndOffset="3332" SrcFileId="2" StartOffset="3330"/>
<LocList>
<Loc EndOffset="3451" SrcFileId="2" StartOffset="3330"/>
</LocList>
</CondStmnt>
<CondStmnt CovItemId="S42" CovItemPrefix="TestUnit.ScheduleMakerController.java" Intrnl_Id="286">
<Branch CovItemId="B25" CovItemPrefix="TestUnit.ScheduleMakerController.java" Implct="false" Intrnl_Id="287">
<Cond/>
<LocList>
<Loc EndOffset="3749" SrcFileId="2" StartOffset="3732"/>
</LocList>
<StmntSeq Intrnl_Id="288">
<LocList>
<Loc EndOffset="3749" SrcFileId="2" StartOffset="3732"/>
</LocList>
<BasicStmnt CovItemId="S43" CovItemPrefix="TestUnit.ScheduleMakerController.java" Intrnl_Id="289">
<LocList>
<Loc EndOffset="3749" SrcFileId="2" StartOffset="3732"/>
</LocList>
</BasicStmnt>
</StmntSeq>
</Branch>
<Branch CovItemId="B26" CovItemPrefix="TestUnit.ScheduleMakerController.java" Implct="true" Intrnl_Id="290">
<Cond/>
<LocList/>
<StmntSeq Intrnl_Id="291">
<LocList/>
</StmntSeq>
</Branch>
<Keyword EndOffset="3696" SrcFileId="2" StartOffset="3694"/>
<LocList>
<Loc EndOffset="3749" SrcFileId="2" StartOffset="3694"/>
</LocList>
</CondStmnt>
<BasicStmnt CovItemId="S44" CovItemPrefix="TestUnit.ScheduleMakerController.java" Intrnl_Id="292">
<LocList>
<Loc EndOffset="3896" SrcFileId="2" StartOffset="3844"/>
</LocList>
</BasicStmnt>
<CondStmnt CovItemId="S45" CovItemPrefix="TestUnit.ScheduleMakerController.java" Intrnl_Id="293">
<Branch CovItemId="B27" CovItemPrefix="TestUnit.ScheduleMakerController.java" Implct="false" Intrnl_Id="294">
<Cond/>
<LocList>
<Loc EndOffset="4041" SrcFileId="2" StartOffset="3953"/>
</LocList>
<StmntSeq Intrnl_Id="295">
<LocList>
<Loc EndOffset="3991" SrcFileId="2" StartOffset="3968"/>
<Loc EndOffset="4030" SrcFileId="2" StartOffset="4005"/>
</LocList>
<BasicStmnt CovItemId="S46" CovItemPrefix="TestUnit.ScheduleMakerController.java" Intrnl_Id="296">
<LocList>
<Loc EndOffset="3991" SrcFileId="2" StartOffset="3968"/>
</LocList>
</BasicStmnt>
<BasicStmnt CovItemId="S47" CovItemPrefix="TestUnit.ScheduleMakerController.java" Intrnl_Id="297">
<LocList>
<Loc EndOffset="4030" SrcFileId="2" StartOffset="4005"/>
</LocList>
</BasicStmnt>
</StmntSeq>
</Branch>
<Branch CovItemId="B28" CovItemPrefix="TestUnit.ScheduleMakerController.java" Implct="false" Intrnl_Id="298">
<Cond>
<Loc EndOffset="4055" SrcFileId="2" StartOffset="4051"/>
</Cond>
<LocList>
<Loc EndOffset="4100" SrcFileId="2" StartOffset="4069"/>
</LocList>
<StmntSeq Intrnl_Id="299">
<LocList>
<Loc EndOffset="4100" SrcFileId="2" StartOffset="4069"/>
</LocList>
<BasicStmnt CovItemId="S48" CovItemPrefix="TestUnit.ScheduleMakerController.java" Intrnl_Id="300">
<LocList>
<Loc EndOffset="4100" SrcFileId="2" StartOffset="4069"/>
</LocList>
</BasicStmnt>
</StmntSeq>
</Branch>
<Keyword EndOffset="3908" SrcFileId="2" StartOffset="3906"/>
<LocList>
<Loc EndOffset="4100" SrcFileId="2" StartOffset="3906"/>
</LocList>
</CondStmnt>
<BasicStmnt CovItemId="S49" CovItemPrefix="TestUnit.ScheduleMakerController.java" Intrnl_Id="301">
<LocList>
<Loc EndOffset="4163" SrcFileId="2" StartOffset="4132"/>
</LocList>
</BasicStmnt>
<BasicStmnt CovItemId="S50" CovItemPrefix="TestUnit.ScheduleMakerController.java" Intrnl_Id="302">
<LocList>
<Loc EndOffset="4224" SrcFileId="2" StartOffset="4205"/>
</LocList>
</BasicStmnt>
<CondStmnt CovItemId="S51" CovItemPrefix="TestUnit.ScheduleMakerController.java" Intrnl_Id="303">
<Branch CovItemId="B29" CovItemPrefix="TestUnit.ScheduleMakerController.java" Implct="false" Intrnl_Id="304">
<Cond/>
<LocList>
<Loc EndOffset="4298" SrcFileId="2" StartOffset="4274"/>
</LocList>
<StmntSeq Intrnl_Id="305">
<LocList>
<Loc EndOffset="4298" SrcFileId="2" StartOffset="4274"/>
</LocList>
<BasicStmnt CovItemId="S52" CovItemPrefix="TestUnit.ScheduleMakerController.java" Intrnl_Id="306">
<LocList>
<Loc EndOffset="4298" SrcFileId="2" StartOffset="4274"/>
</LocList>
</BasicStmnt>
</StmntSeq>
</Branch>
<Branch CovItemId="B30" CovItemPrefix="TestUnit.ScheduleMakerController.java" Implct="false" Intrnl_Id="307">
<Cond>
<Loc EndOffset="4312" SrcFileId="2" StartOffset="4308"/>
</Cond>
<LocList>
<Loc EndOffset="4340" SrcFileId="2" StartOffset="4326"/>
</LocList>
<StmntSeq Intrnl_Id="308">
<LocList>
<Loc EndOffset="4340" SrcFileId="2" StartOffset="4326"/>
</LocList>
<BasicStmnt CovItemId="S53" CovItemPrefix="TestUnit.ScheduleMakerController.java" Intrnl_Id="309">
<LocList>
<Loc EndOffset="4340" SrcFileId="2" StartOffset="4326"/>
</LocList>
</BasicStmnt>
</StmntSeq>
</Branch>
<Keyword EndOffset="4236" SrcFileId="2" StartOffset="4234"/>
<LocList>
<Loc EndOffset="4340" SrcFileId="2" StartOffset="4234"/>
</LocList>
</CondStmnt>
<CondStmnt CovItemId="S54" CovItemPrefix="TestUnit.ScheduleMakerController.java" Intrnl_Id="310">
<Branch CovItemId="B31" CovItemPrefix="TestUnit.ScheduleMakerController.java" Implct="false" Intrnl_Id="311">
<Cond/>
<LocList>
<Loc EndOffset="4414" SrcFileId="2" StartOffset="4390"/>
</LocList>
<StmntSeq Intrnl_Id="312">
<LocList>
<Loc EndOffset="4414" SrcFileId="2" StartOffset="4390"/>
</LocList>
<BasicStmnt CovItemId="S55" CovItemPrefix="TestUnit.ScheduleMakerController.java" Intrnl_Id="313">
<LocList>
<Loc EndOffset="4414" SrcFileId="2" StartOffset="4390"/>
</LocList>
</BasicStmnt>
</StmntSeq>
</Branch>
<Branch CovItemId="B32" CovItemPrefix="TestUnit.ScheduleMakerController.java" Implct="false" Intrnl_Id="314">
<Cond>
<Loc EndOffset="4428" SrcFileId="2" StartOffset="4424"/>
</Cond>
<LocList>
<Loc EndOffset="4456" SrcFileId="2" StartOffset="4442"/>
</LocList>
<StmntSeq Intrnl_Id="315">
<LocList>
<Loc EndOffset="4456" SrcFileId="2" StartOffset="4442"/>
</LocList>
<BasicStmnt CovItemId="S56" CovItemPrefix="TestUnit.ScheduleMakerController.java" Intrnl_Id="316">
<LocList>
<Loc EndOffset="4456" SrcFileId="2" StartOffset="4442"/>
</LocList>
</BasicStmnt>
</StmntSeq>
</Branch>
<Keyword EndOffset="4352" SrcFileId="2" StartOffset="4350"/>
<LocList>
<Loc EndOffset="4456" SrcFileId="2" StartOffset="4350"/>
</LocList>
</CondStmnt>
<CondStmnt CovItemId="S57" CovItemPrefix="TestUnit.ScheduleMakerController.java" Intrnl_Id="317">
<Branch CovItemId="B33" CovItemPrefix="TestUnit.ScheduleMakerController.java" Implct="false" Intrnl_Id="318">
<Cond/>
<LocList>
<Loc EndOffset="4530" SrcFileId="2" StartOffset="4506"/>
</LocList>
<StmntSeq Intrnl_Id="319">
<LocList>
<Loc EndOffset="4530" SrcFileId="2" StartOffset="4506"/>
</LocList>
<BasicStmnt CovItemId="S58" CovItemPrefix="TestUnit.ScheduleMakerController.java" Intrnl_Id="320">
<LocList>
<Loc EndOffset="4530" SrcFileId="2" StartOffset="4506"/>
</LocList>
</BasicStmnt>
</StmntSeq>
</Branch>
<Branch CovItemId="B34" CovItemPrefix="TestUnit.ScheduleMakerController.java" Implct="false" Intrnl_Id="321">
<Cond>
<Loc EndOffset="4544" SrcFileId="2" StartOffset="4540"/>
</Cond>
<LocList>
<Loc EndOffset="4572" SrcFileId="2" StartOffset="4558"/>
</LocList>
<StmntSeq Intrnl_Id="322">
<LocList>
<Loc EndOffset="4572" SrcFileId="2" StartOffset="4558"/>
</LocList>
<BasicStmnt CovItemId="S59" CovItemPrefix="TestUnit.ScheduleMakerController.java" Intrnl_Id="323">
<LocList>
<Loc EndOffset="4572" SrcFileId="2" StartOffset="4558"/>
</LocList>
</BasicStmnt>
</StmntSeq>
</Branch>
<Keyword EndOffset="4468" SrcFileId="2" StartOffset="4466"/>
<LocList>
<Loc EndOffset="4572" SrcFileId="2" StartOffset="4466"/>
</LocList>
</CondStmnt>
<CondStmnt CovItemId="S60" CovItemPrefix="TestUnit.ScheduleMakerController.java" Intrnl_Id="324">
<Branch CovItemId="B35" CovItemPrefix="TestUnit.ScheduleMakerController.java" Implct="false" Intrnl_Id="325">
<Cond/>
<LocList>
<Loc EndOffset="4648" SrcFileId="2" StartOffset="4623"/>
</LocList>
<StmntSeq Intrnl_Id="326">
<LocList>
<Loc EndOffset="4648" SrcFileId="2" StartOffset="4623"/>
</LocList>
<BasicStmnt CovItemId="S61" CovItemPrefix="TestUnit.ScheduleMakerController.java" Intrnl_Id="327">
<LocList>
<Loc EndOffset="4648" SrcFileId="2" StartOffset="4623"/>
</LocList>
</BasicStmnt>
</StmntSeq>
</Branch>
<Branch CovItemId="B36" CovItemPrefix="TestUnit.ScheduleMakerController.java" Implct="false" Intrnl_Id="328">
<Cond>
<Loc EndOffset="4662" SrcFileId="2" StartOffset="4658"/>
</Cond>
<LocList>
<Loc EndOffset="4690" SrcFileId="2" StartOffset="4676"/>
</LocList>
<StmntSeq Intrnl_Id="329">
<LocList>
<Loc EndOffset="4690" SrcFileId="2" StartOffset="4676"/>
</LocList>
<BasicStmnt CovItemId="S62" CovItemPrefix="TestUnit.ScheduleMakerController.java" Intrnl_Id="330">
<LocList>
<Loc EndOffset="4690" SrcFileId="2" StartOffset="4676"/>
</LocList>
</BasicStmnt>
</StmntSeq>
</Branch>
<Keyword EndOffset="4584" SrcFileId="2" StartOffset="4582"/>
<LocList>
<Loc EndOffset="4690" SrcFileId="2" StartOffset="4582"/>
</LocList>
</CondStmnt>
<CondStmnt CovItemId="S63" CovItemPrefix="TestUnit.ScheduleMakerController.java" Intrnl_Id="331">
<Branch CovItemId="B37" CovItemPrefix="TestUnit.ScheduleMakerController.java" Implct="false" Intrnl_Id="332">
<Cond/>
<LocList>
<Loc EndOffset="4764" SrcFileId="2" StartOffset="4740"/>
</LocList>
<StmntSeq Intrnl_Id="333">
<LocList>
<Loc EndOffset="4764" SrcFileId="2" StartOffset="4740"/>
</LocList>
<BasicStmnt CovItemId="S64" CovItemPrefix="TestUnit.ScheduleMakerController.java" Intrnl_Id="334">
<LocList>
<Loc EndOffset="4764" SrcFileId="2" StartOffset="4740"/>
</LocList>
</BasicStmnt>
</StmntSeq>
</Branch>
<Branch CovItemId="B38" CovItemPrefix="TestUnit.ScheduleMakerController.java" Implct="false" Intrnl_Id="335">
<Cond>
<Loc EndOffset="4778" SrcFileId="2" StartOffset="4774"/>
</Cond>
<LocList>
<Loc EndOffset="4806" SrcFileId="2" StartOffset="4792"/>
</LocList>
<StmntSeq Intrnl_Id="336">
<LocList>
<Loc EndOffset="4806" SrcFileId="2" StartOffset="4792"/>
</LocList>
<BasicStmnt CovItemId="S65" CovItemPrefix="TestUnit.ScheduleMakerController.java" Intrnl_Id="337">
<LocList>
<Loc EndOffset="4806" SrcFileId="2" StartOffset="4792"/>
</LocList>
</BasicStmnt>
</StmntSeq>
</Branch>
<Keyword EndOffset="4702" SrcFileId="2" StartOffset="4700"/>
<LocList>
<Loc EndOffset="4806" SrcFileId="2" StartOffset="4700"/>
</LocList>
</CondStmnt>
<CondStmnt CovItemId="S66" CovItemPrefix="TestUnit.ScheduleMakerController.java" Intrnl_Id="338">
<Branch CovItemId="B39" CovItemPrefix="TestUnit.ScheduleMakerController.java" Implct="false" Intrnl_Id="339">
<Cond/>
<LocList>
<Loc EndOffset="4880" SrcFileId="2" StartOffset="4856"/>
</LocList>
<StmntSeq Intrnl_Id="340">
<LocList>
<Loc EndOffset="4880" SrcFileId="2" StartOffset="4856"/>
</LocList>
<BasicStmnt CovItemId="S67" CovItemPrefix="TestUnit.ScheduleMakerController.java" Intrnl_Id="341">
<LocList>
<Loc EndOffset="4880" SrcFileId="2" StartOffset="4856"/>
</LocList>
</BasicStmnt>
</StmntSeq>
</Branch>
<Branch CovItemId="B40" CovItemPrefix="TestUnit.ScheduleMakerController.java" Implct="false" Intrnl_Id="342">
<Cond>
<Loc EndOffset="4894" SrcFileId="2" StartOffset="4890"/>
</Cond>
<LocList>
<Loc EndOffset="4922" SrcFileId="2" StartOffset="4908"/>
</LocList>
<StmntSeq Intrnl_Id="343">
<LocList>
<Loc EndOffset="4922" SrcFileId="2" StartOffset="4908"/>
</LocList>
<BasicStmnt CovItemId="S68" CovItemPrefix="TestUnit.ScheduleMakerController.java" Intrnl_Id="344">
<LocList>
<Loc EndOffset="4922" SrcFileId="2" StartOffset="4908"/>
</LocList>
</BasicStmnt>
</StmntSeq>
</Branch>
<Keyword EndOffset="4818" SrcFileId="2" StartOffset="4816"/>
<LocList>
<Loc EndOffset="4922" SrcFileId="2" StartOffset="4816"/>
</LocList>
</CondStmnt>
<CondStmnt CovItemId="S69" CovItemPrefix="TestUnit.ScheduleMakerController.java" Intrnl_Id="345">
<Branch CovItemId="B41" CovItemPrefix="TestUnit.ScheduleMakerController.java" Implct="false" Intrnl_Id="346">
<Cond/>
<LocList>
<Loc EndOffset="4998" SrcFileId="2" StartOffset="4973"/>
</LocList>
<StmntSeq Intrnl_Id="347">
<LocList>
<Loc EndOffset="4998" SrcFileId="2" StartOffset="4973"/>
</LocList>
<BasicStmnt CovItemId="S70" CovItemPrefix="TestUnit.ScheduleMakerController.java" Intrnl_Id="348">
<LocList>
<Loc EndOffset="4998" SrcFileId="2" StartOffset="4973"/>
</LocList>
</BasicStmnt>
</StmntSeq>
</Branch>
<Branch CovItemId="B42" CovItemPrefix="TestUnit.ScheduleMakerController.java" Implct="false" Intrnl_Id="349">
<Cond>
<Loc EndOffset="5012" SrcFileId="2" StartOffset="5008"/>
</Cond>
<LocList>
<Loc EndOffset="5040" SrcFileId="2" StartOffset="5026"/>
</LocList>
<StmntSeq Intrnl_Id="350">
<LocList>
<Loc EndOffset="5040" SrcFileId="2" StartOffset="5026"/>
</LocList>
<BasicStmnt CovItemId="S71" CovItemPrefix="TestUnit.ScheduleMakerController.java" Intrnl_Id="351">
<LocList>
<Loc EndOffset="5040" SrcFileId="2" StartOffset="5026"/>
</LocList>
</BasicStmnt>
</StmntSeq>
</Branch>
<Keyword EndOffset="4934" SrcFileId="2" StartOffset="4932"/>
<LocList>
<Loc EndOffset="5040" SrcFileId="2" StartOffset="4932"/>
</LocList>
</CondStmnt>
<BasicStmnt CovItemId="S72" CovItemPrefix="TestUnit.ScheduleMakerController.java" Intrnl_Id="352">
<LocList>
<Loc EndOffset="5179" SrcFileId="2" StartOffset="5080"/>
</LocList>
</BasicStmnt>
<LoopStmnt CovItemId="S73" CovItemPrefix="TestUnit.ScheduleMakerController.java" Intrnl_Id="353" MltplExecId="L5-2" MltplExecPrefix="TestUnit.ScheduleMakerController.java" NvrExecId="L5-0" NvrExecPrefix="TestUnit.ScheduleMakerController.java" OnceExecutedId="L5-1" OnceExecutedPrefix="TestUnit.ScheduleMakerController.java" OptBodyExec="true">
<StmntSeq Intrnl_Id="354">
<LocList>
<Loc EndOffset="5321" SrcFileId="2" StartOffset="5240"/>
<Loc EndOffset="5410" SrcFileId="2" StartOffset="5335"/>
<Loc EndOffset="6569" SrcFileId="2" StartOffset="5424"/>
</LocList>
<BasicStmnt CovItemId="S74" CovItemPrefix="TestUnit.ScheduleMakerController.java" Intrnl_Id="355">
<LocList>
<Loc EndOffset="5321" SrcFileId="2" StartOffset="5240"/>
</LocList>
</BasicStmnt>
<BasicStmnt CovItemId="S75" CovItemPrefix="TestUnit.ScheduleMakerController.java" Intrnl_Id="356">
<LocList>
<Loc EndOffset="5410" SrcFileId="2" StartOffset="5335"/>
</LocList>
</BasicStmnt>
<CondStmnt CovItemId="S76" CovItemPrefix="TestUnit.ScheduleMakerController.java" Intrnl_Id="357">
<Branch CovItemId="B43" CovItemPrefix="TestUnit.ScheduleMakerController.java" Implct="false" Intrnl_Id="358">
<Cond/>
<LocList>
<Loc EndOffset="6569" SrcFileId="2" StartOffset="5465"/>
</LocList>
<StmntSeq Intrnl_Id="359">
<LocList>
<Loc EndOffset="5519" SrcFileId="2" StartOffset="5484"/>
<Loc EndOffset="5608" SrcFileId="2" StartOffset="5537"/>
<Loc EndOffset="6448" SrcFileId="2" StartOffset="5665"/>
<Loc EndOffset="6554" SrcFileId="2" StartOffset="6466"/>
</LocList>
<BasicStmnt CovItemId="S77" CovItemPrefix="TestUnit.ScheduleMakerController.java" Intrnl_Id="360">
<LocList>
<Loc EndOffset="5519" SrcFileId="2" StartOffset="5484"/>
</LocList>
</BasicStmnt>
<BasicStmnt CovItemId="S78" CovItemPrefix="TestUnit.ScheduleMakerController.java" Intrnl_Id="361">
<LocList>
<Loc EndOffset="5608" SrcFileId="2" StartOffset="5537"/>
</LocList>
</BasicStmnt>
<LoopStmnt CovItemId="S79" CovItemPrefix="TestUnit.ScheduleMakerController.java" Intrnl_Id="362" MltplExecId="L6-2" MltplExecPrefix="TestUnit.ScheduleMakerController.java" NvrExecId="L6-0" NvrExecPrefix="TestUnit.ScheduleMakerController.java" OnceExecutedId="L6-1" OnceExecutedPrefix="TestUnit.ScheduleMakerController.java" OptBodyExec="true">
<StmntSeq Intrnl_Id="363">
<LocList>
<Loc EndOffset="5754" SrcFileId="2" StartOffset="5735"/>
<Loc EndOffset="5835" SrcFileId="2" StartOffset="5776"/>
<Loc EndOffset="6325" SrcFileId="2" StartOffset="5857"/>
<Loc EndOffset="6427" SrcFileId="2" StartOffset="6349"/>
</LocList>
<BasicStmnt CovItemId="S80" CovItemPrefix="TestUnit.ScheduleMakerController.java" Intrnl_Id="364">
<LocList>
<Loc EndOffset="5754" SrcFileId="2" StartOffset="5735"/>
</LocList>
</BasicStmnt>
<BasicStmnt CovItemId="S81" CovItemPrefix="TestUnit.ScheduleMakerController.java" Intrnl_Id="365">
<LocList>
<Loc EndOffset="5835" SrcFileId="2" StartOffset="5776"/>
</LocList>
</BasicStmnt>
<LoopStmnt CovItemId="S82" CovItemPrefix="TestUnit.ScheduleMakerController.java" Intrnl_Id="366" MltplExecId="L7-2" MltplExecPrefix="TestUnit.ScheduleMakerController.java" NvrExecId="L7-0" NvrExecPrefix="TestUnit.ScheduleMakerController.java" OnceExecutedId="L7-1" OnceExecutedPrefix="TestUnit.ScheduleMakerController.java" OptBodyExec="true">
<StmntSeq Intrnl_Id="367">
<LocList>
<Loc EndOffset="6302" SrcFileId="2" StartOffset="5933"/>
</LocList>
<CondStmnt CovItemId="S83" CovItemPrefix="TestUnit.ScheduleMakerController.java" Intrnl_Id="368">
<Branch CovItemId="B45" CovItemPrefix="TestUnit.ScheduleMakerController.java" Implct="false" Intrnl_Id="369">
<Cond/>
<LocList>
<Loc EndOffset="6302" SrcFileId="2" StartOffset="5979"/>
</LocList>
<StmntSeq Intrnl_Id="370">
<LocList>
<Loc EndOffset="6275" SrcFileId="2" StartOffset="6010"/>
</LocList>
<CondStmnt CovItemId="S84" CovItemPrefix="TestUnit.ScheduleMakerController.java" Intrnl_Id="371">
<Branch CovItemId="B47" CovItemPrefix="TestUnit.ScheduleMakerController.java" Implct="false" Intrnl_Id="372">
<Cond/>
<LocList>
<Loc EndOffset="6086" SrcFileId="2" StartOffset="6068"/>
</LocList>
<StmntSeq Intrnl_Id="373">
<LocList>
<Loc EndOffset="6086" SrcFileId="2" StartOffset="6068"/>
</LocList>
<BasicStmnt CovItemId="S85" CovItemPrefix="TestUnit.ScheduleMakerController.java" Intrnl_Id="374">
<LocList>
<Loc EndOffset="6086" SrcFileId="2" StartOffset="6068"/>
</LocList>
</BasicStmnt>
</StmntSeq>
</Branch>
<Branch CovItemId="B48" CovItemPrefix="TestUnit.ScheduleMakerController.java" Implct="false" Intrnl_Id="375">
<Cond>
<Loc EndOffset="6120" SrcFileId="2" StartOffset="6116"/>
</Cond>
<LocList>
<Loc EndOffset="6275" SrcFileId="2" StartOffset="6150"/>
</LocList>
<StmntSeq Intrnl_Id="376">
<LocList>
<Loc EndOffset="6204" SrcFileId="2" StartOffset="6185"/>
<Loc EndOffset="6244" SrcFileId="2" StartOffset="6238"/>
</LocList>
<BasicStmnt CovItemId="S86" CovItemPrefix="TestUnit.ScheduleMakerController.java" Intrnl_Id="377">
<LocList>
<Loc EndOffset="6204" SrcFileId="2" StartOffset="6185"/>
</LocList>
</BasicStmnt>
<BasicStmnt CovItemId="S87" CovItemPrefix="TestUnit.ScheduleMakerController.java" Intrnl_Id="378">
<LocList>
<Loc EndOffset="6244" SrcFileId="2" StartOffset="6238"/>
</LocList>
</BasicStmnt>
</StmntSeq>
</Branch>
<Keyword EndOffset="6012" SrcFileId="2" StartOffset="6010"/>
<LocList>
<Loc EndOffset="6275" SrcFileId="2" StartOffset="6010"/>
</LocList>
</CondStmnt>
</StmntSeq>
</Branch>
<Branch CovItemId="B46" CovItemPrefix="TestUnit.ScheduleMakerController.java" Implct="true" Intrnl_Id="379">
<Cond/>
<LocList/>
<StmntSeq Intrnl_Id="380">
<LocList/>
</StmntSeq>
</Branch>
<Keyword EndOffset="5935" SrcFileId="2" StartOffset="5933"/>
<LocList>
<Loc EndOffset="6302" SrcFileId="2" StartOffset="5933"/>
</LocList>
</CondStmnt>
</StmntSeq>
<Keyword EndOffset="5860" SrcFileId="2" StartOffset="5857"/>
<LocList>
<Loc EndOffset="6325" SrcFileId="2" StartOffset="5857"/>
</LocList>
</LoopStmnt>
<CondStmnt CovItemId="S88" CovItemPrefix="TestUnit.ScheduleMakerController.java" Intrnl_Id="381">
<Branch CovItemId="B49" CovItemPrefix="TestUnit.ScheduleMakerController.java" Implct="false" Intrnl_Id="382">
<Cond/>
<LocList>
<Loc EndOffset="6427" SrcFileId="2" StartOffset="6390"/>
</LocList>
<StmntSeq Intrnl_Id="383">
<LocList>
<Loc EndOffset="6427" SrcFileId="2" StartOffset="6390"/>
</LocList>
<BasicStmnt CovItemId="S89" CovItemPrefix="TestUnit.ScheduleMakerController.java" Intrnl_Id="384">
<LocList>
<Loc EndOffset="6427" SrcFileId="2" StartOffset="6390"/>
</LocList>
</BasicStmnt>
</StmntSeq>
</Branch>
<Branch CovItemId="B50" CovItemPrefix="TestUnit.ScheduleMakerController.java" Implct="true" Intrnl_Id="385">
<Cond/>
<LocList/>
<StmntSeq Intrnl_Id="386">
<LocList/>
</StmntSeq>
</Branch>
<Keyword EndOffset="6351" SrcFileId="2" StartOffset="6349"/>
<LocList>
<Loc EndOffset="6427" SrcFileId="2" StartOffset="6349"/>
</LocList>
</CondStmnt>
</StmntSeq>
<Keyword EndOffset="5668" SrcFileId="2" StartOffset="5665"/>
<LocList>
<Loc EndOffset="6448" SrcFileId="2" StartOffset="5665"/>
</LocList>
</LoopStmnt>
<CondStmnt CovItemId="S90" CovItemPrefix="TestUnit.ScheduleMakerController.java" Intrnl_Id="387">
<Branch CovItemId="B51" CovItemPrefix="TestUnit.ScheduleMakerController.java" Implct="false" Intrnl_Id="388">
<Cond/>
<LocList>
<Loc EndOffset="6554" SrcFileId="2" StartOffset="6517"/>
</LocList>
<StmntSeq Intrnl_Id="389">
<LocList>
<Loc EndOffset="6554" SrcFileId="2" StartOffset="6517"/>
</LocList>
<BasicStmnt CovItemId="S91" CovItemPrefix="TestUnit.ScheduleMakerController.java" Intrnl_Id="390">
<LocList>
<Loc EndOffset="6554" SrcFileId="2" StartOffset="6517"/>
</LocList>
</BasicStmnt>
</StmntSeq>
</Branch>
<Branch CovItemId="B52" CovItemPrefix="TestUnit.ScheduleMakerController.java" Implct="true" Intrnl_Id="391">
<Cond/>
<LocList/>
<StmntSeq Intrnl_Id="392">
<LocList/>
</StmntSeq>
</Branch>
<Keyword EndOffset="6468" SrcFileId="2" StartOffset="6466"/>
<LocList>
<Loc EndOffset="6554" SrcFileId="2" StartOffset="6466"/>
</LocList>
</CondStmnt>
</StmntSeq>
</Branch>
<Branch CovItemId="B44" CovItemPrefix="TestUnit.ScheduleMakerController.java" Implct="true" Intrnl_Id="393">
<Cond/>
<LocList/>
<StmntSeq Intrnl_Id="394">
<LocList/>
</StmntSeq>
</Branch>
<Keyword EndOffset="5426" SrcFileId="2" StartOffset="5424"/>
<LocList>
<Loc EndOffset="6569" SrcFileId="2" StartOffset="5424"/>
</LocList>
</CondStmnt>
</StmntSeq>
<Keyword EndOffset="5194" SrcFileId="2" StartOffset="5191"/>
<LocList>
<Loc EndOffset="6580" SrcFileId="2" StartOffset="5191"/>
</LocList>
</LoopStmnt>
<CondStmnt CovItemId="S92" CovItemPrefix="TestUnit.ScheduleMakerController.java" Intrnl_Id="395">
<Branch CovItemId="B53" CovItemPrefix="TestUnit.ScheduleMakerController.java" Implct="false" Intrnl_Id="396">
<Cond/>
<LocList>
<Loc EndOffset="6712" SrcFileId="2" StartOffset="6639"/>
</LocList>
<StmntSeq Intrnl_Id="397">
<LocList>
<Loc EndOffset="6712" SrcFileId="2" StartOffset="6639"/>
</LocList>
<BasicStmnt CovItemId="S93" CovItemPrefix="TestUnit.ScheduleMakerController.java" Intrnl_Id="398">
<LocList>
<Loc EndOffset="6712" SrcFileId="2" StartOffset="6639"/>
</LocList>
</BasicStmnt>
</StmntSeq>
</Branch>
<Branch CovItemId="B54" CovItemPrefix="TestUnit.ScheduleMakerController.java" Implct="true" Intrnl_Id="399">
<Cond/>
<LocList/>
<StmntSeq Intrnl_Id="400">
<LocList/>
</StmntSeq>
</Branch>
<Keyword EndOffset="6594" SrcFileId="2" StartOffset="6592"/>
<LocList>
<Loc EndOffset="6712" SrcFileId="2" StartOffset="6592"/>
</LocList>
</CondStmnt>
<BasicStmnt CovItemId="S94" CovItemPrefix="TestUnit.ScheduleMakerController.java" Intrnl_Id="401">
<LocList>
<Loc EndOffset="6741" SrcFileId="2" StartOffset="6724"/>
</LocList>
</BasicStmnt>
</StmntSeq>
</HierarchyLvl>
<HierarchyLvl HierarchyLvlId="1080" HierarchyLvlTypeId="4" Intrnl_Id="402" Name="createSchedule">
<Header>
<Loc EndOffset="6866" SrcFileId="2" StartOffset="6756"/>
</Header>
<LocList>
<Loc EndOffset="9167" SrcFileId="2" StartOffset="6756"/>
</LocList>
<StmntSeq Intrnl_Id="403">
<LocList>
<Loc EndOffset="6937" SrcFileId="2" StartOffset="6878"/>
<Loc EndOffset="7004" SrcFileId="2" StartOffset="6949"/>
<Loc EndOffset="7090" SrcFileId="2" StartOffset="7038"/>
<Loc EndOffset="7264" SrcFileId="2" StartOffset="7100"/>
<Loc EndOffset="7403" SrcFileId="2" StartOffset="7304"/>
<Loc EndOffset="8999" SrcFileId="2" StartOffset="7415"/>
<Loc EndOffset="9131" SrcFileId="2" StartOffset="9011"/>
<Loc EndOffset="9160" SrcFileId="2" StartOffset="9143"/>
</LocList>
<BasicStmnt CovItemId="S95" CovItemPrefix="TestUnit.ScheduleMakerController.java" Intrnl_Id="404">
<LocList>
<Loc EndOffset="6937" SrcFileId="2" StartOffset="6878"/>
</LocList>
</BasicStmnt>
<CondStmnt CovItemId="S96" CovItemPrefix="TestUnit.ScheduleMakerController.java" Intrnl_Id="405">
<Branch CovItemId="B55" CovItemPrefix="TestUnit.ScheduleMakerController.java" Implct="false" Intrnl_Id="406">
<Cond/>
<LocList>
<Loc EndOffset="7004" SrcFileId="2" StartOffset="6987"/>
</LocList>
<StmntSeq Intrnl_Id="407">
<LocList>
<Loc EndOffset="7004" SrcFileId="2" StartOffset="6987"/>
</LocList>
<BasicStmnt CovItemId="S97" CovItemPrefix="TestUnit.ScheduleMakerController.java" Intrnl_Id="408">
<LocList>
<Loc EndOffset="7004" SrcFileId="2" StartOffset="6987"/>
</LocList>
</BasicStmnt>
</StmntSeq>
</Branch>
<Branch CovItemId="B56" CovItemPrefix="TestUnit.ScheduleMakerController.java" Implct="true" Intrnl_Id="409">
<Cond/>
<LocList/>
<StmntSeq Intrnl_Id="410">
<LocList/>
</StmntSeq>
</Branch>
<Keyword EndOffset="6951" SrcFileId="2" StartOffset="6949"/>
<LocList>
<Loc EndOffset="7004" SrcFileId="2" StartOffset="6949"/>
</LocList>
</CondStmnt>
<BasicStmnt CovItemId="S98" CovItemPrefix="TestUnit.ScheduleMakerController.java" Intrnl_Id="411">
<LocList>
<Loc EndOffset="7090" SrcFileId="2" StartOffset="7038"/>
</LocList>
</BasicStmnt>
<CondStmnt CovItemId="S99" CovItemPrefix="TestUnit.ScheduleMakerController.java" Intrnl_Id="412">
<Branch CovItemId="B57" CovItemPrefix="TestUnit.ScheduleMakerController.java" Implct="false" Intrnl_Id="413">
<Cond/>
<LocList>
<Loc EndOffset="7220" SrcFileId="2" StartOffset="7132"/>
</LocList>
<StmntSeq Intrnl_Id="414">
<LocList>
<Loc EndOffset="7170" SrcFileId="2" StartOffset="7147"/>
<Loc EndOffset="7209" SrcFileId="2" StartOffset="7184"/>
</LocList>
<BasicStmnt CovItemId="S100" CovItemPrefix="TestUnit.ScheduleMakerController.java" Intrnl_Id="415">
<LocList>
<Loc EndOffset="7170" SrcFileId="2" StartOffset="7147"/>
</LocList>
</BasicStmnt>
<BasicStmnt CovItemId="S101" CovItemPrefix="TestUnit.ScheduleMakerController.java" Intrnl_Id="416">
<LocList>
<Loc EndOffset="7209" SrcFileId="2" StartOffset="7184"/>
</LocList>
</BasicStmnt>
</StmntSeq>
</Branch>
<Branch CovItemId="B58" CovItemPrefix="TestUnit.ScheduleMakerController.java" Implct="false" Intrnl_Id="417">
<Cond>
<Loc EndOffset="7234" SrcFileId="2" StartOffset="7230"/>
</Cond>
<LocList>
<Loc EndOffset="7264" SrcFileId="2" StartOffset="7248"/>
</LocList>
<StmntSeq Intrnl_Id="418">
<LocList>
<Loc EndOffset="7264" SrcFileId="2" StartOffset="7248"/>
</LocList>
<BasicStmnt CovItemId="S102" CovItemPrefix="TestUnit.ScheduleMakerController.java" Intrnl_Id="419">
<LocList>
<Loc EndOffset="7264" SrcFileId="2" StartOffset="7248"/>
</LocList>
</BasicStmnt>
</StmntSeq>
</Branch>
<Keyword EndOffset="7102" SrcFileId="2" StartOffset="7100"/>
<LocList>
<Loc EndOffset="7264" SrcFileId="2" StartOffset="7100"/>
</LocList>
</CondStmnt>
<BasicStmnt CovItemId="S103" CovItemPrefix="TestUnit.ScheduleMakerController.java" Intrnl_Id="420">
<LocList>
<Loc EndOffset="7403" SrcFileId="2" StartOffset="7304"/>
</LocList>
</BasicStmnt>
<LoopStmnt CovItemId="S104" CovItemPrefix="TestUnit.ScheduleMakerController.java" Intrnl_Id="421" MltplExecId="L8-2" MltplExecPrefix="TestUnit.ScheduleMakerController.java" NvrExecId="L8-0" NvrExecPrefix="TestUnit.ScheduleMakerController.java" OnceExecutedId="L8-1" OnceExecutedPrefix="TestUnit.ScheduleMakerController.java" OptBodyExec="true">
<StmntSeq Intrnl_Id="422">
<LocList>
<Loc EndOffset="8988" SrcFileId="2" StartOffset="7464"/>
</LocList>
<CondStmnt CovItemId="S105" CovItemPrefix="TestUnit.ScheduleMakerController.java" Intrnl_Id="423">
<Branch CovItemId="B59" CovItemPrefix="TestUnit.ScheduleMakerController.java" Implct="false" Intrnl_Id="424">
<Cond/>
<LocList>
<Loc EndOffset="8988" SrcFileId="2" StartOffset="7507"/>
</LocList>
<StmntSeq Intrnl_Id="425">
<LocList>
<Loc EndOffset="7607" SrcFileId="2" StartOffset="7526"/>
<Loc EndOffset="7700" SrcFileId="2" StartOffset="7625"/>
<Loc EndOffset="8973" SrcFileId="2" StartOffset="7718"/>
</LocList>
<BasicStmnt CovItemId="S106" CovItemPrefix="TestUnit.ScheduleMakerController.java" Intrnl_Id="426">
<LocList>
<Loc EndOffset="7607" SrcFileId="2" StartOffset="7526"/>
</LocList>
</BasicStmnt>
<BasicStmnt CovItemId="S107" CovItemPrefix="TestUnit.ScheduleMakerController.java" Intrnl_Id="427">
<LocList>
<Loc EndOffset="7700" SrcFileId="2" StartOffset="7625"/>
</LocList>
</BasicStmnt>
<CondStmnt CovItemId="S108" CovItemPrefix="TestUnit.ScheduleMakerController.java" Intrnl_Id="428">
<Branch CovItemId="B61" CovItemPrefix="TestUnit.ScheduleMakerController.java" Implct="false" Intrnl_Id="429">
<Cond/>
<LocList>
<Loc EndOffset="8973" SrcFileId="2" StartOffset="7763"/>
</LocList>
<StmntSeq Intrnl_Id="430">
<LocList>
<Loc EndOffset="7823" SrcFileId="2" StartOffset="7788"/>
<Loc EndOffset="7916" SrcFileId="2" StartOffset="7845"/>
<Loc EndOffset="8840" SrcFileId="2" StartOffset="7981"/>
<Loc EndOffset="8954" SrcFileId="2" StartOffset="8862"/>
</LocList>
<BasicStmnt CovItemId="S109" CovItemPrefix="TestUnit.ScheduleMakerController.java" Intrnl_Id="431">
<LocList>
<Loc EndOffset="7823" SrcFileId="2" StartOffset="7788"/>
</LocList>
</BasicStmnt>
<BasicStmnt CovItemId="S110" CovItemPrefix="TestUnit.ScheduleMakerController.java" Intrnl_Id="432">
<LocList>
<Loc EndOffset="7916" SrcFileId="2" StartOffset="7845"/>
</LocList>
</BasicStmnt>
<LoopStmnt CovItemId="S111" CovItemPrefix="TestUnit.ScheduleMakerController.java" Intrnl_Id="433" MltplExecId="L9-2" MltplExecPrefix="TestUnit.ScheduleMakerController.java" NvrExecId="L9-0" NvrExecPrefix="TestUnit.ScheduleMakerController.java" OnceExecutedId="L9-1" OnceExecutedPrefix="TestUnit.ScheduleMakerController.java" OptBodyExec="true">
<StmntSeq Intrnl_Id="434">
<LocList>
<Loc EndOffset="8078" SrcFileId="2" StartOffset="8059"/>
<Loc EndOffset="8163" SrcFileId="2" StartOffset="8104"/>
<Loc EndOffset="8705" SrcFileId="2" StartOffset="8189"/>
<Loc EndOffset="8815" SrcFileId="2" StartOffset="8733"/>
</LocList>
<BasicStmnt CovItemId="S112" CovItemPrefix="TestUnit.ScheduleMakerController.java" Intrnl_Id="435">
<LocList>
<Loc EndOffset="8078" SrcFileId="2" StartOffset="8059"/>
</LocList>
</BasicStmnt>
<BasicStmnt CovItemId="S113" CovItemPrefix="TestUnit.ScheduleMakerController.java" Intrnl_Id="436">
<LocList>
<Loc EndOffset="8163" SrcFileId="2" StartOffset="8104"/>
</LocList>
</BasicStmnt>
<LoopStmnt CovItemId="S114" CovItemPrefix="TestUnit.ScheduleMakerController.java" Intrnl_Id="437" MltplExecId="L10-2" MltplExecPrefix="TestUnit.ScheduleMakerController.java" NvrExecId="L10-0" NvrExecPrefix="TestUnit.ScheduleMakerController.java" OnceExecutedId="L10-1" OnceExecutedPrefix="TestUnit.ScheduleMakerController.java" OptBodyExec="true">
<StmntSeq Intrnl_Id="438">
<LocList>
<Loc EndOffset="8678" SrcFileId="2" StartOffset="8273"/>
</LocList>
<CondStmnt CovItemId="S115" CovItemPrefix="TestUnit.ScheduleMakerController.java" Intrnl_Id="439">
<Branch CovItemId="B63" CovItemPrefix="TestUnit.ScheduleMakerController.java" Implct="false" Intrnl_Id="440">
<Cond/>
<LocList>
<Loc EndOffset="8678" SrcFileId="2" StartOffset="8323"/>
</LocList>
<StmntSeq Intrnl_Id="441">
<LocList>
<Loc EndOffset="8647" SrcFileId="2" StartOffset="8358"/>
</LocList>
<CondStmnt CovItemId="S116" CovItemPrefix="TestUnit.ScheduleMakerController.java" Intrnl_Id="442">
<Branch CovItemId="B65" CovItemPrefix="TestUnit.ScheduleMakerController.java" Implct="false" Intrnl_Id="443">
<Cond/>
<LocList>
<Loc EndOffset="8438" SrcFileId="2" StartOffset="8420"/>
</LocList>
<StmntSeq Intrnl_Id="444">
<LocList>
<Loc EndOffset="8438" SrcFileId="2" StartOffset="8420"/>
</LocList>
<BasicStmnt CovItemId="S117" CovItemPrefix="TestUnit.ScheduleMakerController.java" Intrnl_Id="445">
<LocList>
<Loc EndOffset="8438" SrcFileId="2" StartOffset="8420"/>
</LocList>
</BasicStmnt>
</StmntSeq>
</Branch>
<Branch CovItemId="B66" CovItemPrefix="TestUnit.ScheduleMakerController.java" Implct="false" Intrnl_Id="446">
<Cond>
<Loc EndOffset="8476" SrcFileId="2" StartOffset="8472"/>
</Cond>
<LocList>
<Loc EndOffset="8647" SrcFileId="2" StartOffset="8510"/>
</LocList>
<StmntSeq Intrnl_Id="447">
<LocList>
<Loc EndOffset="8568" SrcFileId="2" StartOffset="8549"/>
<Loc EndOffset="8612" SrcFileId="2" StartOffset="8606"/>
</LocList>
<BasicStmnt CovItemId="S118" CovItemPrefix="TestUnit.ScheduleMakerController.java" Intrnl_Id="448">
<LocList>
<Loc EndOffset="8568" SrcFileId="2" StartOffset="8549"/>
</LocList>
</BasicStmnt>
<BasicStmnt CovItemId="S119" CovItemPrefix="TestUnit.ScheduleMakerController.java" Intrnl_Id="449">
<LocList>
<Loc EndOffset="8612" SrcFileId="2" StartOffset="8606"/>
</LocList>
</BasicStmnt>
</StmntSeq>
</Branch>
<Keyword EndOffset="8360" SrcFileId="2" StartOffset="8358"/>
<LocList>
<Loc EndOffset="8647" SrcFileId="2" StartOffset="8358"/>
</LocList>
</CondStmnt>
</StmntSeq>
</Branch>
<Branch CovItemId="B64" CovItemPrefix="TestUnit.ScheduleMakerController.java" Implct="true" Intrnl_Id="450">
<Cond/>
<LocList/>
<StmntSeq Intrnl_Id="451">
<LocList/>
</StmntSeq>
</Branch>
<Keyword EndOffset="8275" SrcFileId="2" StartOffset="8273"/>
<LocList>
<Loc EndOffset="8678" SrcFileId="2" StartOffset="8273"/>
</LocList>
</CondStmnt>
</StmntSeq>
<Keyword EndOffset="8192" SrcFileId="2" StartOffset="8189"/>
<LocList>
<Loc EndOffset="8705" SrcFileId="2" StartOffset="8189"/>
</LocList>
</LoopStmnt>
<CondStmnt CovItemId="S120" CovItemPrefix="TestUnit.ScheduleMakerController.java" Intrnl_Id="452">
<Branch CovItemId="B67" CovItemPrefix="TestUnit.ScheduleMakerController.java" Implct="false" Intrnl_Id="453">
<Cond/>
<LocList>
<Loc EndOffset="8815" SrcFileId="2" StartOffset="8778"/>
</LocList>
<StmntSeq Intrnl_Id="454">
<LocList>
<Loc EndOffset="8815" SrcFileId="2" StartOffset="8778"/>
</LocList>
<BasicStmnt CovItemId="S121" CovItemPrefix="TestUnit.ScheduleMakerController.java" Intrnl_Id="455">
<LocList>
<Loc EndOffset="8815" SrcFileId="2" StartOffset="8778"/>
</LocList>
</BasicStmnt>
</StmntSeq>
</Branch>
<Branch CovItemId="B68" CovItemPrefix="TestUnit.ScheduleMakerController.java" Implct="true" Intrnl_Id="456">
<Cond/>
<LocList/>
<StmntSeq Intrnl_Id="457">
<LocList/>
</StmntSeq>
</Branch>
<Keyword EndOffset="8735" SrcFileId="2" StartOffset="8733"/>
<LocList>
<Loc EndOffset="8815" SrcFileId="2" StartOffset="8733"/>
</LocList>
</CondStmnt>
</StmntSeq>
<Keyword EndOffset="7984" SrcFileId="2" StartOffset="7981"/>
<LocList>
<Loc EndOffset="8840" SrcFileId="2" StartOffset="7981"/>
</LocList>
</LoopStmnt>
<CondStmnt CovItemId="S122" CovItemPrefix="TestUnit.ScheduleMakerController.java" Intrnl_Id="458">
<Branch CovItemId="B69" CovItemPrefix="TestUnit.ScheduleMakerController.java" Implct="false" Intrnl_Id="459">
<Cond/>
<LocList>
<Loc EndOffset="8954" SrcFileId="2" StartOffset="8917"/>
</LocList>
<StmntSeq Intrnl_Id="460">
<LocList>
<Loc EndOffset="8954" SrcFileId="2" StartOffset="8917"/>
</LocList>
<BasicStmnt CovItemId="S123" CovItemPrefix="TestUnit.ScheduleMakerController.java" Intrnl_Id="461">
<LocList>
<Loc EndOffset="8954" SrcFileId="2" StartOffset="8917"/>
</LocList>
</BasicStmnt>
</StmntSeq>
</Branch>
<Branch CovItemId="B70" CovItemPrefix="TestUnit.ScheduleMakerController.java" Implct="true" Intrnl_Id="462">
<Cond/>
<LocList/>
<StmntSeq Intrnl_Id="463">
<LocList/>
</StmntSeq>
</Branch>
<Keyword EndOffset="8864" SrcFileId="2" StartOffset="8862"/>
<LocList>
<Loc EndOffset="8954" SrcFileId="2" StartOffset="8862"/>
</LocList>
</CondStmnt>
</StmntSeq>
</Branch>
<Branch CovItemId="B62" CovItemPrefix="TestUnit.ScheduleMakerController.java" Implct="true" Intrnl_Id="464">
<Cond/>
<LocList/>
<StmntSeq Intrnl_Id="465">
<LocList/>
</StmntSeq>
</Branch>
<Keyword EndOffset="7720" SrcFileId="2" StartOffset="7718"/>
<LocList>
<Loc EndOffset="8973" SrcFileId="2" StartOffset="7718"/>
</LocList>
</CondStmnt>
</StmntSeq>
</Branch>
<Branch CovItemId="B60" CovItemPrefix="TestUnit.ScheduleMakerController.java" Implct="true" Intrnl_Id="466">
<Cond/>
<LocList/>
<StmntSeq Intrnl_Id="467">
<LocList/>
</StmntSeq>
</Branch>
<Keyword EndOffset="7466" SrcFileId="2" StartOffset="7464"/>
<LocList>
<Loc EndOffset="8988" SrcFileId="2" StartOffset="7464"/>
</LocList>
</CondStmnt>
</StmntSeq>
<Keyword EndOffset="7418" SrcFileId="2" StartOffset="7415"/>
<LocList>
<Loc EndOffset="8999" SrcFileId="2" StartOffset="7415"/>
</LocList>
</LoopStmnt>
<CondStmnt CovItemId="S124" CovItemPrefix="TestUnit.ScheduleMakerController.java" Intrnl_Id="468">
<Branch CovItemId="B71" CovItemPrefix="TestUnit.ScheduleMakerController.java" Implct="false" Intrnl_Id="469">
<Cond/>
<LocList>
<Loc EndOffset="9131" SrcFileId="2" StartOffset="9058"/>
</LocList>
<StmntSeq Intrnl_Id="470">
<LocList>
<Loc EndOffset="9131" SrcFileId="2" StartOffset="9058"/>
</LocList>
<BasicStmnt CovItemId="S125" CovItemPrefix="TestUnit.ScheduleMakerController.java" Intrnl_Id="471">
<LocList>
<Loc EndOffset="9131" SrcFileId="2" StartOffset="9058"/>
</LocList>
</BasicStmnt>
</StmntSeq>
</Branch>
<Branch CovItemId="B72" CovItemPrefix="TestUnit.ScheduleMakerController.java" Implct="true" Intrnl_Id="472">
<Cond/>
<LocList/>
<StmntSeq Intrnl_Id="473">
<LocList/>
</StmntSeq>
</Branch>
<Keyword EndOffset="9013" SrcFileId="2" StartOffset="9011"/>
<LocList>
<Loc EndOffset="9131" SrcFileId="2" StartOffset="9011"/>
</LocList>
</CondStmnt>
<BasicStmnt CovItemId="S126" CovItemPrefix="TestUnit.ScheduleMakerController.java" Intrnl_Id="474">
<LocList>
<Loc EndOffset="9160" SrcFileId="2" StartOffset="9143"/>
</LocList>
</BasicStmnt>
</StmntSeq>
</HierarchyLvl>
<HierarchyLvl HierarchyLvlId="1081" HierarchyLvlTypeId="4" Intrnl_Id="475" Name="sortSchedules">
<Header>
<Loc EndOffset="9202" SrcFileId="2" StartOffset="9175"/>
</Header>
<LocList>
<Loc EndOffset="9228" SrcFileId="2" StartOffset="9175"/>
</LocList>
</HierarchyLvl>
<HierarchyLvl HierarchyLvlId="1082" HierarchyLvlTypeId="4" Intrnl_Id="476" Name="getSavedSchedule">
<Header>
<Loc EndOffset="9266" SrcFileId="2" StartOffset="9236"/>
</Header>
<LocList>
<Loc EndOffset="9292" SrcFileId="2" StartOffset="9236"/>
</LocList>
</HierarchyLvl>
<HierarchyLvl HierarchyLvlId="1083" HierarchyLvlTypeId="4" Intrnl_Id="477" Name="getBalance">
<Header>
<Loc EndOffset="9324" SrcFileId="2" StartOffset="9300"/>
</Header>
<LocList>
<Loc EndOffset="9350" SrcFileId="2" StartOffset="9300"/>
</LocList>
</HierarchyLvl>
<HierarchyLvl HierarchyLvlId="1084" HierarchyLvlTypeId="4" Intrnl_Id="478" Name="findClasses">
<Header>
<Loc EndOffset="9384" SrcFileId="2" StartOffset="9358"/>
</Header>
<LocList>
<Loc EndOffset="9410" SrcFileId="2" StartOffset="9358"/>
</LocList>
</HierarchyLvl>
<HierarchyLvl HierarchyLvlId="1085" HierarchyLvlTypeId="4" Intrnl_Id="479" Name="saveSchedules">
<Header>
<Loc EndOffset="9475" SrcFileId="2" StartOffset="9418"/>
</Header>
<LocList>
<Loc EndOffset="9484" SrcFileId="2" StartOffset="9418"/>
</LocList>
</HierarchyLvl>
</HierarchyLvl>
</HierarchyLvl>
</HierarchyLvl>
</MASTRoot>
<TestSession Comment="" Date="1501022308026" Name="Jul 25, 2017 6:38:27 PM">
<TestCase Comment="" Date="1501022307173" Name="TestUnit.ClassDetailsTests:testSetCampus1">
<CovList>
<CovPrefix CovItemPrefix="stubs.ClassDetails.java">
<Cov CovItemId="S3" Value="1"/>
<Cov CovItemId="S4" Value="1"/>
<Cov CovItemId="S5" Value="1"/>
<Cov CovItemId="S54" Value="9"/>
<Cov CovItemId="S6" Value="1"/>
</CovPrefix>
</CovList>
<AssgnmntList/>
<ObjMetaDataList/>
<MetaDataList/>
</TestCase>
<TestCase Comment="" Date="1501022307173" Name="TestUnit.ClassDetailsTests:testSetCampus2">
<CovList>
<CovPrefix CovItemPrefix="stubs.ClassDetails.java">
<Cov CovItemId="S3" Value="1"/>
<Cov CovItemId="S4" Value="1"/>
<Cov CovItemId="S5" Value="1"/>
<Cov CovItemId="S54" Value="9"/>
<Cov CovItemId="S6" Value="1"/>
</CovPrefix>
</CovList>
<AssgnmntList/>
<ObjMetaDataList/>
<MetaDataList/>
</TestCase>
<TestCase Comment="Failure&#10;java.lang.AssertionError&#13;&#10;&#9;at org.junit.Assert.fail(Assert.java:86)&#13;&#10;&#9;at org.junit.Assert.assertTrue(Assert.java:41)&#13;&#10;&#9;at org.junit.Assert.assertNotNull(Assert.java:621)&#13;&#10;&#9;at TestUnit.ClassDetailsTests.testGetInstructor(ClassDetailsTests.java:515)&#13;&#10;&#9;at sun.reflect.NativeMethodAccessorImpl.invoke0(Native Method)&#13;&#10;&#9;at sun.reflect.NativeMethodAccessorImpl.invoke(Unknown Source)&#13;&#10;&#9;at sun.reflect.DelegatingMethodAccessorImpl.invoke(Unknown Source)&#13;&#10;&#9;at java.lang.reflect.Method.invoke(Unknown Source)&#13;&#10;&#9;at org.junit.runners.model.FrameworkMethod$1.runReflectiveCall(FrameworkMethod.java:47)&#13;&#10;&#9;at org.junit.internal.runners.model.ReflectiveCallable.run(ReflectiveCallable.java:12)&#13;&#10;&#9;at org.junit.runners.model.FrameworkMethod.invokeExplosively(FrameworkMethod.java:44)&#13;&#10;&#9;at org.junit.internal.runners.statements.InvokeMethod.evaluate(InvokeMethod.java:17)&#13;&#10;&#9;at org.junit.internal.runners.statements.RunBefores.evaluate(RunBefores.java:26)&#13;&#10;&#9;at org.junit.internal.runners.statements.RunAfters.evaluate(RunAfters.java:27)&#13;&#10;&#9;at org.junit.runners.ParentRunner.runLeaf(ParentRunner.java:271)&#13;&#10;&#9;at org.junit.runners.BlockJUnit4ClassRunner.runChild(BlockJUnit4ClassRunner.java:70)&#13;&#10;&#9;at org.junit.runners.BlockJUnit4ClassRunner.runChild(BlockJUnit4ClassRunner.java:50)&#13;&#10;&#9;at org.junit.runners.ParentRunner$3.run(ParentRunner.java:238)&#13;&#10;&#9;at org.junit.runners.ParentRunner$1.schedule(ParentRunner.java:63)&#13;&#10;&#9;at org.junit.runners.ParentRunner.runChildren(ParentRunner.java:236)&#13;&#10;&#9;at org.junit.runners.ParentRunner.access$000(ParentRunner.java:53)&#13;&#10;&#9;at org.junit.runners.ParentRunner$2.evaluate(ParentRunner.java:229)&#13;&#10;&#9;at org.junit.runners.ParentRunner.run(ParentRunner.java:309)&#13;&#10;&#9;at org.eclipse.jdt.internal.junit4.runner.JUnit4TestReference.run(JUnit4TestReference.java:50)&#13;&#10;&#9;at org.eclipse.jdt.internal.junit.runner.TestExecution.run(TestExecution.java:38)&#13;&#10;&#9;at org.eclipse.jdt.internal.junit.runner.RemoteTestRunner.runTests(RemoteTestRunner.java:467)&#13;&#10;&#9;at org.eclipse.jdt.internal.junit.runner.RemoteTestRunner.runTests(RemoteTestRunner.java:683)&#13;&#10;&#9;at org.eclipse.jdt.internal.junit.runner.RemoteTestRunner.run(RemoteTestRunner.java:390)&#13;&#10;&#9;at org.codecover.juniteclipse.runner.EclipseTestRunner.main(EclipseTestRunner.java:40)" Date="1501022307173" Name="TestUnit.ClassDetailsTests:testGetInstructor">
<CovList>
<CovPrefix CovItemPrefix="stubs.ClassDetails.java">
<Cov CovItemId="S5" Value="1"/>
<Cov CovItemId="S54" Value="9"/>
<Cov CovItemId="S6" Value="1"/>
<Cov CovItemId="S7" Value="1"/>
</CovPrefix>
</CovList>
<AssgnmntList/>
<ObjMetaDataList/>
<MetaDataList/>
</TestCase>
<TestCase Comment="Failure&#10;org.junit.ComparisonFailure: expected:&lt;[Programming&#10;12345&#10;10:00-12:0]0&#10;MMC&#10;&gt; but was:&lt;[COP3337&#10;null&#10;10:0-12:]0&#10;MMC&#10;&gt;&#13;&#10;&#9;at org.junit.Assert.assertEquals(Assert.java:115)&#13;&#10;&#9;at org.junit.Assert.assertEquals(Assert.java:144)&#13;&#10;&#9;at TestUnit.ClassDetailsTests.testToString(ClassDetailsTests.java:735)&#13;&#10;&#9;at sun.reflect.NativeMethodAccessorImpl.invoke0(Native Method)&#13;&#10;&#9;at sun.reflect.NativeMethodAccessorImpl.invoke(Unknown Source)&#13;&#10;&#9;at sun.reflect.DelegatingMethodAccessorImpl.invoke(Unknown Source)&#13;&#10;&#9;at java.lang.reflect.Method.invoke(Unknown Source)&#13;&#10;&#9;at org.junit.runners.model.FrameworkMethod$1.runReflectiveCall(FrameworkMethod.java:47)&#13;&#10;&#9;at org.junit.internal.runners.model.ReflectiveCallable.run(ReflectiveCallable.java:12)&#13;&#10;&#9;at org.junit.runners.model.FrameworkMethod.invokeExplosively(FrameworkMethod.java:44)&#13;&#10;&#9;at org.junit.internal.runners.statements.InvokeMethod.evaluate(InvokeMethod.java:17)&#13;&#10;&#9;at org.junit.internal.runners.statements.RunBefores.evaluate(RunBefores.java:26)&#13;&#10;&#9;at org.junit.internal.runners.statements.RunAfters.evaluate(RunAfters.java:27)&#13;&#10;&#9;at org.junit.runners.ParentRunner.runLeaf(ParentRunner.java:271)&#13;&#10;&#9;at org.junit.runners.BlockJUnit4ClassRunner.runChild(BlockJUnit4ClassRunner.java:70)&#13;&#10;&#9;at org.junit.runners.BlockJUnit4ClassRunner.runChild(BlockJUnit4ClassRunner.java:50)&#13;&#10;&#9;at org.junit.runners.ParentRunner$3.run(ParentRunner.java:238)&#13;&#10;&#9;at org.junit.runners.ParentRunner$1.schedule(ParentRunner.java:63)&#13;&#10;&#9;at org.junit.runners.ParentRunner.runChildren(ParentRunner.java:236)&#13;&#10;&#9;at org.junit.runners.ParentRunner.access$000(ParentRunner.java:53)&#13;&#10;&#9;at org.junit.runners.ParentRunner$2.evaluate(ParentRunner.java:229)&#13;&#10;&#9;at org.junit.runners.ParentRunner.run(ParentRunner.java:309)&#13;&#10;&#9;at org.eclipse.jdt.internal.junit4.runner.JUnit4TestReference.run(JUnit4TestReference.java:50)&#13;&#10;&#9;at org.eclipse.jdt.internal.junit.runner.TestExecution.run(TestExecution.java:38)&#13;&#10;&#9;at org.eclipse.jdt.internal.junit.runner.RemoteTestRunner.runTests(RemoteTestRunner.java:467)&#13;&#10;&#9;at org.eclipse.jdt.internal.junit.runner.RemoteTestRunner.runTests(RemoteTestRunner.java:683)&#13;&#10;&#9;at org.eclipse.jdt.internal.junit.runner.RemoteTestRunner.run(RemoteTestRunner.java:390)&#13;&#10;&#9;at org.codecover.juniteclipse.runner.EclipseTestRunner.main(EclipseTestRunner.java:40)" Date="1501022307189" Name="TestUnit.ClassDetailsTests:testToString">
<CovList>
<CovPrefix CovItemPrefix="stubs.ClassDetails.java">
<Cov CovItemId="B31" Value="1"/>
<Cov CovItemId="B33" Value="1"/>
<Cov CovItemId="S3" Value="1"/>
<Cov CovItemId="S5" Value="1"/>
<Cov CovItemId="S53" Value="2"/>
<Cov CovItemId="S54" Value="10"/>
<Cov CovItemId="S6" Value="1"/>
<Cov CovItemId="S61" Value="1"/>
<Cov CovItemId="S62" Value="1"/>
<Cov CovItemId="S63" Value="1"/>
<Cov CovItemId="S64" Value="1"/>
<Cov CovItemId="S65" Value="1"/>
<Cov CovItemId="S66" Value="1"/>
<Cov CovItemId="S67" Value="1"/>
<Cov CovItemId="S69" Value="1"/>
</CovPrefix>
</CovList>
<AssgnmntList/>
<ObjMetaDataList/>
<MetaDataList/>
</TestCase>
<TestCase Comment="" Date="1501022307205" Name="TestUnit.ClassDetailsTests:testHasConflict1">
<CovList>
<CovPrefix CovItemPrefix="stubs.ClassDetails.java">
<Cov CovItemId="B1" Value="2"/>
<Cov CovItemId="B12" Value="1"/>
<Cov CovItemId="B19" Value="1"/>
<Cov CovItemId="B2" Value="5"/>
<Cov CovItemId="B22" Value="1"/>
<Cov CovItemId="B26" Value="1"/>
<Cov CovItemId="B3" Value="2"/>
<Cov CovItemId="B4" Value="5"/>
<Cov CovItemId="B5" Value="1"/>
<Cov CovItemId="B6" Value="1"/>
<Cov CovItemId="B8" Value="1"/>
<Cov CovItemId="S10" Value="1"/>
<Cov CovItemId="S11" Value="1"/>
<Cov CovItemId="S12" Value="1"/>
<Cov CovItemId="S13" Value="1"/>
<Cov CovItemId="S14" Value="1"/>
<Cov CovItemId="S15" Value="1"/>
<Cov CovItemId="S16" Value="1"/>
<Cov CovItemId="S17" Value="1"/>
<Cov CovItemId="S18" Value="1"/>
<Cov CovItemId="S19" Value="1"/>
<Cov CovItemId="S20" Value="1"/>
<Cov CovItemId="S21" Value="1"/>
<Cov CovItemId="S22" Value="1"/>
<Cov CovItemId="S23" Value="7"/>
<Cov CovItemId="S24" Value="2"/>
<Cov CovItemId="S25" Value="2"/>
<Cov CovItemId="S26" Value="1"/>
<Cov CovItemId="S27" Value="7"/>
<Cov CovItemId="S28" Value="2"/>
<Cov CovItemId="S29" Value="2"/>
<Cov CovItemId="S30" Value="1"/>
<Cov CovItemId="S31" Value="1"/>
<Cov CovItemId="S32" Value="1"/>
<Cov CovItemId="S33" Value="2"/>
<Cov CovItemId="S34" Value="2"/>
<Cov CovItemId="S35" Value="2"/>
<Cov CovItemId="S36" Value="2"/>
<Cov CovItemId="S37" Value="1"/>
<Cov CovItemId="S40" Value="1"/>
<Cov CovItemId="S46" Value="1"/>
<Cov CovItemId="S47" Value="1"/>
<Cov CovItemId="S5" Value="1"/>
<Cov CovItemId="S50" Value="1"/>
<Cov CovItemId="S52" Value="1"/>
<Cov CovItemId="S53" Value="2"/>
<Cov CovItemId="S54" Value="9"/>
<Cov CovItemId="S6" Value="1"/>
<Cov CovItemId="S8" Value="1"/>
<Cov CovItemId="S9" Value="1"/>
</CovPrefix>
</CovList>
<AssgnmntList/>
<ObjMetaDataList/>
<MetaDataList/>
</TestCase>
<TestCase Comment="" Date="1501022307205" Name="TestUnit.ClassDetailsTests:testHasConflict2">
<CovList>
<CovPrefix CovItemPrefix="stubs.ClassDetails.java">
<Cov CovItemId="B1" Value="2"/>
<Cov CovItemId="B2" Value="5"/>
<Cov CovItemId="B3" Value="2"/>
<Cov CovItemId="B4" Value="5"/>
<Cov CovItemId="B5" Value="1"/>
<Cov CovItemId="B7" Value="1"/>
<Cov CovItemId="B9" Value="1"/>
<Cov CovItemId="S10" Value="1"/>
<Cov CovItemId="S11" Value="1"/>
<Cov CovItemId="S12" Value="1"/>
<Cov CovItemId="S13" Value="1"/>
<Cov CovItemId="S14" Value="1"/>
<Cov CovItemId="S15" Value="1"/>
<Cov CovItemId="S16" Value="1"/>
<Cov CovItemId="S17" Value="1"/>
<Cov CovItemId="S18" Value="1"/>
<Cov CovItemId="S19" Value="1"/>
<Cov CovItemId="S20" Value="1"/>
<Cov CovItemId="S21" Value="1"/>
<Cov CovItemId="S22" Value="1"/>
<Cov CovItemId="S23" Value="7"/>
<Cov CovItemId="S24" Value="2"/>
<Cov CovItemId="S25" Value="2"/>
<Cov CovItemId="S26" Value="1"/>
<Cov CovItemId="S27" Value="7"/>
<Cov CovItemId="S28" Value="2"/>
<Cov CovItemId="S29" Value="2"/>
<Cov CovItemId="S30" Value="1"/>
<Cov CovItemId="S31" Value="1"/>
<Cov CovItemId="S32" Value="1"/>
<Cov CovItemId="S33" Value="1"/>
<Cov CovItemId="S34" Value="1"/>
<Cov CovItemId="S35" Value="1"/>
<Cov CovItemId="S36" Value="1"/>
<Cov CovItemId="S37" Value="1"/>
<Cov CovItemId="S38" Value="1"/>
<Cov CovItemId="S39" Value="1"/>
<Cov CovItemId="S5" Value="1"/>
<Cov CovItemId="S53" Value="2"/>
<Cov CovItemId="S54" Value="9"/>
<Cov CovItemId="S6" Value="1"/>
<Cov CovItemId="S8" Value="1"/>
<Cov CovItemId="S9" Value="1"/>
</CovPrefix>
</CovList>
<AssgnmntList/>
<ObjMetaDataList/>
<MetaDataList/>
</TestCase>
<TestCase Comment="" Date="1501022307205" Name="TestUnit.ClassDetailsTests:testHasConflict3">
<CovList>
<CovPrefix CovItemPrefix="stubs.ClassDetails.java">
<Cov CovItemId="B1" Value="2"/>
<Cov CovItemId="B2" Value="5"/>
<Cov CovItemId="B3" Value="2"/>
<Cov CovItemId="B4" Value="5"/>
<Cov CovItemId="B5" Value="1"/>
<Cov CovItemId="B7" Value="1"/>
<Cov CovItemId="B9" Value="1"/>
<Cov CovItemId="S10" Value="1"/>
<Cov CovItemId="S11" Value="1"/>
<Cov CovItemId="S12" Value="1"/>
<Cov CovItemId="S13" Value="1"/>
<Cov CovItemId="S14" Value="1"/>
<Cov CovItemId="S15" Value="1"/>
<Cov CovItemId="S16" Value="1"/>
<Cov CovItemId="S17" Value="1"/>
<Cov CovItemId="S18" Value="1"/>
<Cov CovItemId="S19" Value="1"/>
<Cov CovItemId="S20" Value="1"/>
<Cov CovItemId="S21" Value="1"/>
<Cov CovItemId="S22" Value="1"/>
<Cov CovItemId="S23" Value="7"/>
<Cov CovItemId="S24" Value="2"/>
<Cov CovItemId="S25" Value="2"/>
<Cov CovItemId="S26" Value="1"/>
<Cov CovItemId="S27" Value="7"/>
<Cov CovItemId="S28" Value="2"/>
<Cov CovItemId="S29" Value="2"/>
<Cov CovItemId="S30" Value="1"/>
<Cov CovItemId="S31" Value="1"/>
<Cov CovItemId="S32" Value="1"/>
<Cov CovItemId="S33" Value="1"/>
<Cov CovItemId="S34" Value="1"/>
<Cov CovItemId="S35" Value="1"/>
<Cov CovItemId="S36" Value="1"/>
<Cov CovItemId="S37" Value="1"/>
<Cov CovItemId="S38" Value="1"/>
<Cov CovItemId="S39" Value="1"/>
<Cov CovItemId="S5" Value="1"/>
<Cov CovItemId="S53" Value="2"/>
<Cov CovItemId="S54" Value="9"/>
<Cov CovItemId="S6" Value="1"/>
<Cov CovItemId="S8" Value="1"/>
<Cov CovItemId="S9" Value="1"/>
</CovPrefix>
</CovList>
<AssgnmntList/>
<ObjMetaDataList/>
<MetaDataList/>
</TestCase>
<TestCase Comment="Failure&#10;java.lang.AssertionError: expected:&lt;true&gt; but was:&lt;false&gt;&#13;&#10;&#9;at org.junit.Assert.fail(Assert.java:88)&#13;&#10;&#9;at org.junit.Assert.failNotEquals(Assert.java:743)&#13;&#10;&#9;at org.junit.Assert.assertEquals(Assert.java:118)&#13;&#10;&#9;at org.junit.Assert.assertEquals(Assert.java:144)&#13;&#10;&#9;at TestUnit.ClassDetailsTests.testHasConflict4(ClassDetailsTests.java:262)&#13;&#10;&#9;at sun.reflect.NativeMethodAccessorImpl.invoke0(Native Method)&#13;&#10;&#9;at sun.reflect.NativeMethodAccessorImpl.invoke(Unknown Source)&#13;&#10;&#9;at sun.reflect.DelegatingMethodAccessorImpl.invoke(Unknown Source)&#13;&#10;&#9;at java.lang.reflect.Method.invoke(Unknown Source)&#13;&#10;&#9;at org.junit.runners.model.FrameworkMethod$1.runReflectiveCall(FrameworkMethod.java:47)&#13;&#10;&#9;at org.junit.internal.runners.model.ReflectiveCallable.run(ReflectiveCallable.java:12)&#13;&#10;&#9;at org.junit.runners.model.FrameworkMethod.invokeExplosively(FrameworkMethod.java:44)&#13;&#10;&#9;at org.junit.internal.runners.statements.InvokeMethod.evaluate(InvokeMethod.java:17)&#13;&#10;&#9;at org.junit.internal.runners.statements.RunBefores.evaluate(RunBefores.java:26)&#13;&#10;&#9;at org.junit.internal.runners.statements.RunAfters.evaluate(RunAfters.java:27)&#13;&#10;&#9;at org.junit.runners.ParentRunner.runLeaf(ParentRunner.java:271)&#13;&#10;&#9;at org.junit.runners.BlockJUnit4ClassRunner.runChild(BlockJUnit4ClassRunner.java:70)&#13;&#10;&#9;at org.junit.runners.BlockJUnit4ClassRunner.runChild(BlockJUnit4ClassRunner.java:50)&#13;&#10;&#9;at org.junit.runners.ParentRunner$3.run(ParentRunner.java:238)&#13;&#10;&#9;at org.junit.runners.ParentRunner$1.schedule(ParentRunner.java:63)&#13;&#10;&#9;at org.junit.runners.ParentRunner.runChildren(ParentRunner.java:236)&#13;&#10;&#9;at org.junit.runners.ParentRunner.access$000(ParentRunner.java:53)&#13;&#10;&#9;at org.junit.runners.ParentRunner$2.evaluate(ParentRunner.java:229)&#13;&#10;&#9;at org.junit.runners.ParentRunner.run(ParentRunner.java:309)&#13;&#10;&#9;at org.eclipse.jdt.internal.junit4.runner.JUnit4TestReference.run(JUnit4TestReference.java:50)&#13;&#10;&#9;at org.eclipse.jdt.internal.junit.runner.TestExecution.run(TestExecution.java:38)&#13;&#10;&#9;at org.eclipse.jdt.internal.junit.runner.RemoteTestRunner.runTests(RemoteTestRunner.java:467)&#13;&#10;&#9;at org.eclipse.jdt.internal.junit.runner.RemoteTestRunner.runTests(RemoteTestRunner.java:683)&#13;&#10;&#9;at org.eclipse.jdt.internal.junit.runner.RemoteTestRunner.run(RemoteTestRunner.java:390)&#13;&#10;&#9;at org.codecover.juniteclipse.runner.EclipseTestRunner.main(EclipseTestRunner.java:40)" Date="1501022307205" Name="TestUnit.ClassDetailsTests:testHasConflict4">
<CovList>
<CovPrefix CovItemPrefix="stubs.ClassDetails.java">
<Cov CovItemId="B1" Value="2"/>
<Cov CovItemId="B10" Value="1"/>
<Cov CovItemId="B2" Value="5"/>
<Cov CovItemId="B3" Value="2"/>
<Cov CovItemId="B4" Value="5"/>
<Cov CovItemId="B5" Value="1"/>
<Cov CovItemId="B6" Value="1"/>
<Cov CovItemId="B7" Value="1"/>
<Cov CovItemId="S10" Value="1"/>
<Cov CovItemId="S11" Value="1"/>
<Cov CovItemId="S12" Value="1"/>
<Cov CovItemId="S13" Value="1"/>
<Cov CovItemId="S14" Value="1"/>
<Cov CovItemId="S15" Value="1"/>
<Cov CovItemId="S16" Value="1"/>
<Cov CovItemId="S17" Value="1"/>
<Cov CovItemId="S18" Value="1"/>
<Cov CovItemId="S19" Value="1"/>
<Cov CovItemId="S20" Value="1"/>
<Cov CovItemId="S21" Value="1"/>
<Cov CovItemId="S22" Value="1"/>
<Cov CovItemId="S23" Value="7"/>
<Cov CovItemId="S24" Value="2"/>
<Cov CovItemId="S25" Value="2"/>
<Cov CovItemId="S26" Value="1"/>
<Cov CovItemId="S27" Value="7"/>
<Cov CovItemId="S28" Value="2"/>
<Cov CovItemId="S29" Value="2"/>
<Cov CovItemId="S30" Value="1"/>
<Cov CovItemId="S31" Value="1"/>
<Cov CovItemId="S32" Value="1"/>
<Cov CovItemId="S33" Value="2"/>
<Cov CovItemId="S34" Value="2"/>
<Cov CovItemId="S35" Value="2"/>
<Cov CovItemId="S36" Value="2"/>
<Cov CovItemId="S37" Value="1"/>
<Cov CovItemId="S38" Value="1"/>
<Cov CovItemId="S5" Value="1"/>
<Cov CovItemId="S52" Value="1"/>
<Cov CovItemId="S53" Value="2"/>
<Cov CovItemId="S54" Value="9"/>
<Cov CovItemId="S6" Value="1"/>
<Cov CovItemId="S8" Value="1"/>
<Cov CovItemId="S9" Value="1"/>
</CovPrefix>
</CovList>
<AssgnmntList/>
<ObjMetaDataList/>
<MetaDataList/>
</TestCase>
<TestCase Comment="" Date="1501022307205" Name="TestUnit.ClassDetailsTests:testHasConflict5">
<CovList>
<CovPrefix CovItemPrefix="stubs.ClassDetails.java">
<Cov CovItemId="B1" Value="2"/>
<Cov CovItemId="B11" Value="1"/>
<Cov CovItemId="B13" Value="1"/>
<Cov CovItemId="B15" Value="1"/>
<Cov CovItemId="B2" Value="5"/>
<Cov CovItemId="B3" Value="2"/>
<Cov CovItemId="B4" Value="5"/>
<Cov CovItemId="B5" Value="1"/>
<Cov CovItemId="B8" Value="1"/>
<Cov CovItemId="S10" Value="1"/>
<Cov CovItemId="S11" Value="1"/>
<Cov CovItemId="S12" Value="1"/>
<Cov CovItemId="S13" Value="1"/>
<Cov CovItemId="S14" Value="1"/>
<Cov CovItemId="S15" Value="1"/>
<Cov CovItemId="S16" Value="1"/>
<Cov CovItemId="S17" Value="1"/>
<Cov CovItemId="S18" Value="1"/>
<Cov CovItemId="S19" Value="1"/>
<Cov CovItemId="S20" Value="1"/>
<Cov CovItemId="S21" Value="1"/>
<Cov CovItemId="S22" Value="1"/>
<Cov CovItemId="S23" Value="7"/>
<Cov CovItemId="S24" Value="2"/>
<Cov CovItemId="S25" Value="2"/>
<Cov CovItemId="S26" Value="1"/>
<Cov CovItemId="S27" Value="7"/>
<Cov CovItemId="S28" Value="2"/>
<Cov CovItemId="S29" Value="2"/>
<Cov CovItemId="S30" Value="1"/>
<Cov CovItemId="S31" Value="1"/>
<Cov CovItemId="S32" Value="1"/>
<Cov CovItemId="S33" Value="1"/>
<Cov CovItemId="S34" Value="1"/>
<Cov CovItemId="S35" Value="1"/>
<Cov CovItemId="S36" Value="1"/>
<Cov CovItemId="S37" Value="1"/>
<Cov CovItemId="S40" Value="1"/>
<Cov CovItemId="S41" Value="1"/>
<Cov CovItemId="S42" Value="1"/>
<Cov CovItemId="S43" Value="1"/>
<Cov CovItemId="S5" Value="1"/>
<Cov CovItemId="S53" Value="2"/>
<Cov CovItemId="S54" Value="9"/>
<Cov CovItemId="S6" Value="1"/>
<Cov CovItemId="S8" Value="1"/>
<Cov CovItemId="S9" Value="1"/>
</CovPrefix>
</CovList>
<AssgnmntList/>
<ObjMetaDataList/>
<MetaDataList/>
</TestCase>
<TestCase Comment="" Date="1501022307205" Name="TestUnit.ClassDetailsTests:testHasConflict6">
<CovList>
<CovPrefix CovItemPrefix="stubs.ClassDetails.java">
<Cov CovItemId="B1" Value="2"/>
<Cov CovItemId="B11" Value="1"/>
<Cov CovItemId="B14" Value="1"/>
<Cov CovItemId="B17" Value="1"/>
<Cov CovItemId="B2" Value="5"/>
<Cov CovItemId="B3" Value="2"/>
<Cov CovItemId="B4" Value="5"/>
<Cov CovItemId="B5" Value="1"/>
<Cov CovItemId="B8" Value="1"/>
<Cov CovItemId="S10" Value="1"/>
<Cov CovItemId="S11" Value="1"/>
<Cov CovItemId="S12" Value="1"/>
<Cov CovItemId="S13" Value="1"/>
<Cov CovItemId="S14" Value="1"/>
<Cov CovItemId="S15" Value="1"/>
<Cov CovItemId="S16" Value="1"/>
<Cov CovItemId="S17" Value="1"/>
<Cov CovItemId="S18" Value="1"/>
<Cov CovItemId="S19" Value="1"/>
<Cov CovItemId="S20" Value="1"/>
<Cov CovItemId="S21" Value="1"/>
<Cov CovItemId="S22" Value="1"/>
<Cov CovItemId="S23" Value="7"/>
<Cov CovItemId="S24" Value="2"/>
<Cov CovItemId="S25" Value="2"/>
<Cov CovItemId="S26" Value="1"/>
<Cov CovItemId="S27" Value="7"/>
<Cov CovItemId="S28" Value="2"/>
<Cov CovItemId="S29" Value="2"/>
<Cov CovItemId="S30" Value="1"/>
<Cov CovItemId="S31" Value="1"/>
<Cov CovItemId="S32" Value="1"/>
<Cov CovItemId="S33" Value="1"/>
<Cov CovItemId="S34" Value="1"/>
<Cov CovItemId="S35" Value="1"/>
<Cov CovItemId="S36" Value="1"/>
<Cov CovItemId="S37" Value="1"/>
<Cov CovItemId="S40" Value="1"/>
<Cov CovItemId="S41" Value="1"/>
<Cov CovItemId="S44" Value="1"/>
<Cov CovItemId="S45" Value="1"/>
<Cov CovItemId="S5" Value="1"/>
<Cov CovItemId="S53" Value="2"/>
<Cov CovItemId="S54" Value="9"/>
<Cov CovItemId="S6" Value="1"/>
<Cov CovItemId="S8" Value="1"/>
<Cov CovItemId="S9" Value="1"/>
</CovPrefix>
</CovList>
<AssgnmntList/>
<ObjMetaDataList/>
<MetaDataList/>
</TestCase>
<TestCase Comment="" Date="1501022307205" Name="TestUnit.ClassDetailsTests:testHasConflict7">
<CovList>
<CovPrefix CovItemPrefix="stubs.ClassDetails.java">
<Cov CovItemId="B1" Value="2"/>
<Cov CovItemId="B12" Value="1"/>
<Cov CovItemId="B19" Value="1"/>
<Cov CovItemId="B2" Value="5"/>
<Cov CovItemId="B22" Value="1"/>
<Cov CovItemId="B25" Value="1"/>
<Cov CovItemId="B3" Value="2"/>
<Cov CovItemId="B4" Value="5"/>
<Cov CovItemId="B5" Value="1"/>
<Cov CovItemId="B8" Value="1"/>
<Cov CovItemId="S10" Value="1"/>
<Cov CovItemId="S11" Value="1"/>
<Cov CovItemId="S12" Value="1"/>
<Cov CovItemId="S13" Value="1"/>
<Cov CovItemId="S14" Value="1"/>
<Cov CovItemId="S15" Value="1"/>
<Cov CovItemId="S16" Value="1"/>
<Cov CovItemId="S17" Value="1"/>
<Cov CovItemId="S18" Value="1"/>
<Cov CovItemId="S19" Value="1"/>
<Cov CovItemId="S20" Value="1"/>
<Cov CovItemId="S21" Value="1"/>
<Cov CovItemId="S22" Value="1"/>
<Cov CovItemId="S23" Value="7"/>
<Cov CovItemId="S24" Value="2"/>
<Cov CovItemId="S25" Value="2"/>
<Cov CovItemId="S26" Value="1"/>
<Cov CovItemId="S27" Value="7"/>
<Cov CovItemId="S28" Value="2"/>
<Cov CovItemId="S29" Value="2"/>
<Cov CovItemId="S30" Value="1"/>
<Cov CovItemId="S31" Value="1"/>
<Cov CovItemId="S32" Value="1"/>
<Cov CovItemId="S33" Value="1"/>
<Cov CovItemId="S34" Value="1"/>
<Cov CovItemId="S35" Value="1"/>
<Cov CovItemId="S36" Value="1"/>
<Cov CovItemId="S37" Value="1"/>
<Cov CovItemId="S40" Value="1"/>
<Cov CovItemId="S46" Value="1"/>
<Cov CovItemId="S47" Value="1"/>
<Cov CovItemId="S5" Value="1"/>
<Cov CovItemId="S50" Value="1"/>
<Cov CovItemId="S51" Value="1"/>
<Cov CovItemId="S53" Value="2"/>
<Cov CovItemId="S54" Value="9"/>
<Cov CovItemId="S6" Value="1"/>
<Cov CovItemId="S8" Value="1"/>
<Cov CovItemId="S9" Value="1"/>
</CovPrefix>
</CovList>
<AssgnmntList/>
<ObjMetaDataList/>
<MetaDataList/>
</TestCase>
<TestCase Comment="" Date="1501022307205" Name="TestUnit.ClassDetailsTests:testHasConflict8">
<CovList>
<CovPrefix CovItemPrefix="stubs.ClassDetails.java">
<Cov CovItemId="B1" Value="2"/>
<Cov CovItemId="B11" Value="1"/>
<Cov CovItemId="B14" Value="1"/>
<Cov CovItemId="B17" Value="1"/>
<Cov CovItemId="B2" Value="5"/>
<Cov CovItemId="B3" Value="2"/>
<Cov CovItemId="B4" Value="5"/>
<Cov CovItemId="B5" Value="1"/>
<Cov CovItemId="B8" Value="1"/>
<Cov CovItemId="S10" Value="1"/>
<Cov CovItemId="S11" Value="1"/>
<Cov CovItemId="S12" Value="1"/>
<Cov CovItemId="S13" Value="1"/>
<Cov CovItemId="S14" Value="1"/>
<Cov CovItemId="S15" Value="1"/>
<Cov CovItemId="S16" Value="1"/>
<Cov CovItemId="S17" Value="1"/>
<Cov CovItemId="S18" Value="1"/>
<Cov CovItemId="S19" Value="1"/>
<Cov CovItemId="S20" Value="1"/>
<Cov CovItemId="S21" Value="1"/>
<Cov CovItemId="S22" Value="1"/>
<Cov CovItemId="S23" Value="7"/>
<Cov CovItemId="S24" Value="2"/>
<Cov CovItemId="S25" Value="2"/>
<Cov CovItemId="S26" Value="1"/>
<Cov CovItemId="S27" Value="7"/>
<Cov CovItemId="S28" Value="2"/>
<Cov CovItemId="S29" Value="2"/>
<Cov CovItemId="S30" Value="1"/>
<Cov CovItemId="S31" Value="1"/>
<Cov CovItemId="S32" Value="1"/>
<Cov CovItemId="S33" Value="1"/>
<Cov CovItemId="S34" Value="1"/>
<Cov CovItemId="S35" Value="1"/>
<Cov CovItemId="S36" Value="1"/>
<Cov CovItemId="S37" Value="1"/>
<Cov CovItemId="S40" Value="1"/>
<Cov CovItemId="S41" Value="1"/>
<Cov CovItemId="S44" Value="1"/>
<Cov CovItemId="S45" Value="1"/>
<Cov CovItemId="S5" Value="1"/>
<Cov CovItemId="S53" Value="2"/>
<Cov CovItemId="S54" Value="9"/>
<Cov CovItemId="S6" Value="1"/>
<Cov CovItemId="S8" Value="1"/>
<Cov CovItemId="S9" Value="1"/>
</CovPrefix>
</CovList>
<AssgnmntList/>
<ObjMetaDataList/>
<MetaDataList/>
</TestCase>
<TestCase Comment="" Date="1501022307205" Name="TestUnit.ClassDetailsTests:testHasConflict9">
<CovList>
<CovPrefix CovItemPrefix="stubs.ClassDetails.java">
<Cov CovItemId="B1" Value="2"/>
<Cov CovItemId="B12" Value="1"/>
<Cov CovItemId="B19" Value="1"/>
<Cov CovItemId="B2" Value="5"/>
<Cov CovItemId="B21" Value="1"/>
<Cov CovItemId="B23" Value="1"/>
<Cov CovItemId="B3" Value="2"/>
<Cov CovItemId="B4" Value="5"/>
<Cov CovItemId="B5" Value="1"/>
<Cov CovItemId="B8" Value="1"/>
<Cov CovItemId="S10" Value="1"/>
<Cov CovItemId="S11" Value="1"/>
<Cov CovItemId="S12" Value="1"/>
<Cov CovItemId="S13" Value="1"/>
<Cov CovItemId="S14" Value="1"/>
<Cov CovItemId="S15" Value="1"/>
<Cov CovItemId="S16" Value="1"/>
<Cov CovItemId="S17" Value="1"/>
<Cov CovItemId="S18" Value="1"/>
<Cov CovItemId="S19" Value="1"/>
<Cov CovItemId="S20" Value="1"/>
<Cov CovItemId="S21" Value="1"/>
<Cov CovItemId="S22" Value="1"/>
<Cov CovItemId="S23" Value="7"/>
<Cov CovItemId="S24" Value="2"/>
<Cov CovItemId="S25" Value="2"/>
<Cov CovItemId="S26" Value="1"/>
<Cov CovItemId="S27" Value="7"/>
<Cov CovItemId="S28" Value="2"/>
<Cov CovItemId="S29" Value="2"/>
<Cov CovItemId="S30" Value="1"/>
<Cov CovItemId="S31" Value="1"/>
<Cov CovItemId="S32" Value="1"/>
<Cov CovItemId="S33" Value="1"/>
<Cov CovItemId="S34" Value="1"/>
<Cov CovItemId="S35" Value="1"/>
<Cov CovItemId="S36" Value="1"/>
<Cov CovItemId="S37" Value="1"/>
<Cov CovItemId="S40" Value="1"/>
<Cov CovItemId="S46" Value="1"/>
<Cov CovItemId="S47" Value="1"/>
<Cov CovItemId="S48" Value="1"/>
<Cov CovItemId="S49" Value="1"/>
<Cov CovItemId="S5" Value="1"/>
<Cov CovItemId="S53" Value="2"/>
<Cov CovItemId="S54" Value="9"/>
<Cov CovItemId="S6" Value="1"/>
<Cov CovItemId="S8" Value="1"/>
<Cov CovItemId="S9" Value="1"/>
</CovPrefix>
</CovList>
<AssgnmntList/>
<ObjMetaDataList/>
<MetaDataList/>
</TestCase>
<TestCase Comment="" Date="1501022307220" Name="TestUnit.ClassDetailsTests:testIsAtTime1">
<CovList>
<CovPrefix CovItemPrefix="stubs.ClassDetails.java">
<Cov CovItemId="B28" Value="1"/>
<Cov CovItemId="S5" Value="1"/>
<Cov CovItemId="S53" Value="1"/>
<Cov CovItemId="S54" Value="10"/>
<Cov CovItemId="S55" Value="1"/>
<Cov CovItemId="S57" Value="1"/>
<Cov CovItemId="S6" Value="1"/>
</CovPrefix>
</CovList>
<AssgnmntList/>
<ObjMetaDataList/>
<MetaDataList/>
</TestCase>
<TestCase Comment="" Date="1501022307783" Name="TestUnit.ClassDetailsTests:testIsAtTime2">
<CovList>
<CovPrefix CovItemPrefix="stubs.ClassDetails.java">
<Cov CovItemId="B27" Value="1"/>
<Cov CovItemId="S5" Value="1"/>
<Cov CovItemId="S53" Value="2"/>
<Cov CovItemId="S54" Value="10"/>
<Cov CovItemId="S55" Value="1"/>
<Cov CovItemId="S56" Value="1"/>
<Cov CovItemId="S6" Value="1"/>
</CovPrefix>
</CovList>
<AssgnmntList/>
<ObjMetaDataList/>
<MetaDataList/>
</TestCase>
<TestCase Comment="" Date="1501022307783" Name="TestUnit.ClassDetailsTests:testGetDays">
<CovList>
<CovPrefix CovItemPrefix="stubs.ClassDetails.java">
<Cov CovItemId="S5" Value="1"/>
<Cov CovItemId="S53" Value="1"/>
<Cov CovItemId="S54" Value="10"/>
<Cov CovItemId="S6" Value="1"/>
<Cov CovItemId="S68" Value="1"/>
</CovPrefix>
</CovList>
<AssgnmntList/>
<ObjMetaDataList/>
<MetaDataList/>
</TestCase>
<TestCase Comment="" Date="1501022307783" Name="TestUnit.ClassDetailsTests:testGetTerm">
<CovList>
<CovPrefix CovItemPrefix="stubs.ClassDetails.java">
<Cov CovItemId="S1" Value="1"/>
<Cov CovItemId="S2" Value="1"/>
<Cov CovItemId="S5" Value="1"/>
<Cov CovItemId="S54" Value="9"/>
<Cov CovItemId="S6" Value="1"/>
</CovPrefix>
</CovList>
<AssgnmntList/>
<ObjMetaDataList/>
<MetaDataList/>
</TestCase>
<TestCase Comment="" Date="1501022307783" Name="TestUnit.ClassDetailsTests:testGetTime">
<CovList>
<CovPrefix CovItemPrefix="stubs.ClassDetails.java">
<Cov CovItemId="S5" Value="1"/>
<Cov CovItemId="S53" Value="1"/>
<Cov CovItemId="S54" Value="10"/>
<Cov CovItemId="S6" Value="1"/>
</CovPrefix>
</CovList>
<AssgnmntList/>
<ObjMetaDataList/>
<MetaDataList/>
</TestCase>
<TestCase Comment="" Date="1501022307845" Name="TestUnit.ClassDetailsTests:testIsAtDay1">
<CovList>
<CovPrefix CovItemPrefix="stubs.ClassDetails.java">
<Cov CovItemId="B29" Value="1"/>
<Cov CovItemId="S5" Value="1"/>
<Cov CovItemId="S53" Value="1"/>
<Cov CovItemId="S54" Value="10"/>
<Cov CovItemId="S58" Value="1"/>
<Cov CovItemId="S59" Value="1"/>
<Cov CovItemId="S6" Value="1"/>
</CovPrefix>
</CovList>
<AssgnmntList/>
<ObjMetaDataList/>
<MetaDataList/>
</TestCase>
<TestCase Comment="" Date="1501022307845" Name="TestUnit.ClassDetailsTests:testIsAtDay2">
<CovList>
<CovPrefix CovItemPrefix="stubs.ClassDetails.java">
<Cov CovItemId="B30" Value="1"/>
<Cov CovItemId="S5" Value="1"/>
<Cov CovItemId="S53" Value="1"/>
<Cov CovItemId="S54" Value="10"/>
<Cov CovItemId="S58" Value="1"/>
<Cov CovItemId="S6" Value="1"/>
<Cov CovItemId="S60" Value="1"/>
</CovPrefix>
</CovList>
<AssgnmntList/>
<ObjMetaDataList/>
<MetaDataList/>
</TestCase>
<TestCase Comment="" Date="1501022307845" Name="TestUnit.ClassDetailsTests:testSetCourse">
<CovList>
<CovPrefix CovItemPrefix="stubs.ClassDetails.java">
<Cov CovItemId="S5" Value="1"/>
<Cov CovItemId="S54" Value="9"/>
<Cov CovItemId="S6" Value="1"/>
<Cov CovItemId="S69" Value="1"/>
<Cov CovItemId="S70" Value="1"/>
</CovPrefix>
</CovList>
<AssgnmntList/>
<ObjMetaDataList/>
<MetaDataList/>
</TestCase>
<TestCase Comment="" Date="1501022307845" Name="TestUnit.ClassDetailsTests:testGetCampus">
<CovList>
<CovPrefix CovItemPrefix="stubs.ClassDetails.java">
<Cov CovItemId="S3" Value="1"/>
<Cov CovItemId="S4" Value="1"/>
<Cov CovItemId="S5" Value="1"/>
<Cov CovItemId="S54" Value="9"/>
<Cov CovItemId="S6" Value="1"/>
</CovPrefix>
</CovList>
<AssgnmntList/>
<ObjMetaDataList/>
<MetaDataList/>
</TestCase>
<TestCase Comment="" Date="1501022307845" Name="TestUnit.ClassDetailsTests:testGetCourse">
<CovList>
<CovPrefix CovItemPrefix="stubs.ClassDetails.java">
<Cov CovItemId="S5" Value="1"/>
<Cov CovItemId="S54" Value="9"/>
<Cov CovItemId="S6" Value="1"/>
<Cov CovItemId="S69" Value="1"/>
<Cov CovItemId="S70" Value="1"/>
</CovPrefix>
</CovList>
<AssgnmntList/>
<ObjMetaDataList/>
<MetaDataList/>
</TestCase>
<TestCase Comment="" Date="1501022307877" Name="TestUnit.ClassDetailsTests:testSetTerm">
<CovList>
<CovPrefix CovItemPrefix="stubs.ClassDetails.java">
<Cov CovItemId="S1" Value="1"/>
<Cov CovItemId="S2" Value="1"/>
<Cov CovItemId="S5" Value="1"/>
<Cov CovItemId="S54" Value="9"/>
<Cov CovItemId="S6" Value="1"/>
</CovPrefix>
</CovList>
<AssgnmntList/>
<ObjMetaDataList/>
<MetaDataList/>
</TestCase>
<TestCase Comment="" Date="1501022307877" Name="TestUnit.ClassDetailsTests:testSetTime">
<CovList>
<CovPrefix CovItemPrefix="stubs.ClassDetails.java">
<Cov CovItemId="S5" Value="1"/>
<Cov CovItemId="S53" Value="1"/>
<Cov CovItemId="S54" Value="10"/>
<Cov CovItemId="S6" Value="1"/>
</CovPrefix>
</CovList>
<AssgnmntList/>
<ObjMetaDataList/>
<MetaDataList/>
</TestCase>
<TestCase Comment="" Date="1501022307877" Name="TestUnit.ClassDetailsTests:testSetClassNbr">
<CovList>
<CovPrefix CovItemPrefix="stubs.ClassDetails.java">
<Cov CovItemId="S5" Value="1"/>
<Cov CovItemId="S54" Value="9"/>
<Cov CovItemId="S6" Value="1"/>
</CovPrefix>
</CovList>
<AssgnmntList/>
<ObjMetaDataList/>
<MetaDataList/>
</TestCase>
<MetaDataList/>
</TestSession>
</TestSessionContainer>
