<?xml version="1.0" encoding="UTF-8"?><TestSessionContainer xmlns="http://www.codecover.org/xml/testsession-container" Date="1500932464545" TestSessionContainerId="7b564443-c233-4b59-b2ac-790ff211689c" version="1.0">
<SrcFileList>
<SrcFile Content="package TestUnit;&#13;&#10;&#13;&#10;import java.util.Collection;&#13;&#10;import java.util.ArrayList;&#13;&#10;import java.util.Iterator;&#13;&#10;import java.sql.ResultSet;&#13;&#10;import java.sql.SQLException;&#13;&#10;import java.io.CharArrayWriter;&#13;&#10;&#13;&#10;&#13;&#10;&#13;&#10;&#13;&#10;&#13;&#10;import stubs.*;&#13;&#10;&#13;&#10;&#13;&#10;public class ClassDetails {&#13;&#10;&#13;&#10;    private Course course;&#13;&#10;    private String classNbr;&#13;&#10;    private Professor instructor;&#13;&#10;    private String bldg_room;&#13;&#10;    private String campus;&#13;&#10;    private String term;&#13;&#10;    private Time time;&#13;&#10;&#13;&#10;    //constructor&#13;&#10;    public ClassDetails() {&#13;&#10;&#13;&#10;    }&#13;&#10;&#13;&#10;    public String getTerm() {&#13;&#10;    &#9;return term;&#13;&#10;    }&#13;&#10;    &#13;&#10;    public void setTerm(String term) {&#13;&#10;        this.term = term;&#13;&#10;    }&#13;&#10;    &#13;&#10;    public void setCampus(String campus) {&#13;&#10;        this.campus = campus;&#13;&#10;    }&#13;&#10;&#13;&#10;    public String getCampus() {&#13;&#10;    &#9;return campus;&#13;&#10;    }&#13;&#10;    public ClassDetails(Course course, String classNbr) {&#13;&#10;        this.course = course;&#13;&#10;        this.classNbr = classNbr;&#13;&#10;    }&#13;&#10;&#13;&#10;    public Professor getInstructor() {&#13;&#10;        return null;&#13;&#10;    }&#13;&#10;&#13;&#10;    public boolean hasConflict(ClassDetails cd) {&#13;&#10;        Time c1 = getTime();&#13;&#10;        Time c2 = cd.getTime();&#13;&#10;        //compare times&#13;&#10;        String daysofC1 = c1.days;&#13;&#10;        String daysofC2 = c2.days;&#13;&#10;        //System.out.println(daysofC1);&#13;&#10;        ArrayList&lt;String&gt; A1, A2;&#13;&#10;        A1 = new ArrayList&lt;String&gt;();&#13;&#10;        A2 = new ArrayList&lt;String&gt;();&#13;&#10;        String[] days = new String[7];&#13;&#10;        days[0] = &quot;Mon&quot;;&#13;&#10;        days[1] = &quot;Tues&quot;;&#13;&#10;        days[2] = &quot;Wed&quot;;&#13;&#10;        days[3] = &quot;Thurs&quot;;&#13;&#10;        days[4] = &quot;Fri&quot;;&#13;&#10;        days[5] = &quot;Sat&quot;;&#13;&#10;        days[6] = &quot;Sun&quot;;&#13;&#10;&#13;&#10;        for (int i = 0; i &lt; 7; i++)&#13;&#10;        {&#13;&#10;            if (daysofC1.charAt(i) == '1')&#13;&#10;            {&#13;&#10;                String day = new String(days[i]);&#13;&#10;                A1.add(day);&#13;&#10;            }&#13;&#10;        }&#13;&#10;&#13;&#10;        for (int i = 0; i &lt; 7; i++)&#13;&#10;        {&#13;&#10;            if (daysofC2.charAt(i) == '1')&#13;&#10;            {&#13;&#10;                String day = new String(days[i]);&#13;&#10;                A2.add(day);&#13;&#10;            }&#13;&#10;        }&#13;&#10;        Iterator&lt;String&gt; it1 = A1.iterator();&#13;&#10;        Iterator&lt;String&gt; it2 = A2.iterator();&#13;&#10;        while (it1.hasNext())&#13;&#10;        {&#13;&#10;            String d1 = it1.next();&#13;&#10;            while (it2.hasNext())&#13;&#10;            {&#13;&#10;                String d2 = it2.next();&#13;&#10;&#13;&#10;                if (d1.equals(d2))&#13;&#10;                {&#13;&#10;                    //both classes starts at same hour&#13;&#10;                    if (c1.frHr == c2.frHr)&#13;&#10;                    {&#13;&#10;                        if (c1.frMn &gt;= c2.frMn)&#13;&#10;                            return true;&#13;&#10;                    }&#13;&#10;                    // c1 starts before c2&#13;&#10;                    else if (c1.frHr &lt; c2.frHr)&#13;&#10;                    {&#13;&#10;                        if (c1.toHr == c2.frHr)&#13;&#10;                        {&#13;&#10;                            if (c1.toMn &gt;= c2.frMn)&#13;&#10;                                return true;&#13;&#10;                        }&#13;&#10;                        else if (c1.toHr &gt; c2.frHr)&#13;&#10;                            return true;&#13;&#10;                    }&#13;&#10;&#13;&#10;                    //c1 starts after c2&#13;&#10;&#13;&#10;                    else if (c1.frHr &gt; c2.frHr)&#13;&#10;                    {&#13;&#10;                        if (c2.toHr == c1.frHr)&#13;&#10;                        {&#13;&#10;                            if (c2.toMn &gt;= c1.frMn)&#13;&#10;                                return true;&#13;&#10;                        }&#13;&#10;                        else if (c2.toHr &gt; c1.frHr)&#13;&#10;                            return true;&#13;&#10;                    }&#13;&#10;                }&#13;&#10;            }&#13;&#10;        }&#13;&#10;&#13;&#10;        return false;&#13;&#10;    }&#13;&#10;&#13;&#10;    public Time getTime() {&#13;&#10;        return time;&#13;&#10;    }&#13;&#10;&#13;&#10;    public void setTime(Time t) {&#13;&#10;        time = t;&#13;&#10;    }&#13;&#10;&#13;&#10;    public boolean isAtTime(int hour) {&#13;&#10;        if(getTime().frHr &lt;= hour &amp;&amp; hour &lt;= getTime().toHr)&#13;&#10;            return true;&#13;&#10;        else&#13;&#10;            return false;&#13;&#10;    }&#13;&#10;&#13;&#10;    public boolean isAtDay(int day) {&#13;&#10;        if(getTime().days.substring(day, day+1).equals(&quot;1&quot;))&#13;&#10;            return true;&#13;&#10;        else&#13;&#10;            return false;&#13;&#10;    }&#13;&#10;&#13;&#10;    public String toString() {&#13;&#10;        String result = &quot;&quot;;&#13;&#10;        result += course.toString() + &quot;\n&quot; + classNbr + &quot;\n&quot;;&#13;&#10;        if (this.getTime() != null)&#13;&#10;            result += &quot;&quot; + this.getTime().toString() + &quot;\n&quot;;&#13;&#10;//        if (instructor != null)&#13;&#10;//            result += &quot;&quot; + instructor.toString();&#13;&#10;//        if (bldg_room != null)&#13;&#10;//            result += &quot;&quot; + bldg_room;&#13;&#10;        if (campus != null)&#13;&#10;            result += &quot;&quot; + campus + &quot;\n&quot;;&#13;&#10;//        if (term != null)&#13;&#10;//            result += &quot;&quot; + term.toString();&#13;&#10;        return result;&#13;&#10;    }&#13;&#10;&#13;&#10;    public String getDays() {&#13;&#10;        return getTime().days;&#13;&#10;    }&#13;&#10;&#9;&#9;&#13;&#10;    public void setCourse(Course c){&#13;&#10;    &#9;&#13;&#10;    &#9;this.course = c;&#13;&#10;    &#9;&#13;&#10;    }&#13;&#10; &#13;&#10;    public String getCourse(){&#13;&#10; &#9;&#13;&#10; &#9;return course.toString();&#13;&#10; &#9;&#13;&#10; }&#13;&#10;}&#13;&#10;" Filename="ClassDetails.java" Intrnl_Id="1"/>
</SrcFileList>
<CritList>
<CritListEntry Name="org.codecover.model.utils.criteria.LoopCoverage" PluginName="org.codecover"/>
<CritListEntry Name="org.codecover.model.utils.criteria.ConditionCoverage" PluginName="org.codecover"/>
<CritListEntry Name="org.codecover.model.utils.criteria.BranchCoverage" PluginName="org.codecover"/>
<CritListEntry Name="org.codecover.model.utils.criteria.StatementCoverage" PluginName="org.codecover"/>
</CritList>
<BoolOpList>
<BoolOp Arity="2" Intrnl_Id="2" Name="conditional and (&amp;&amp;)">
<BoolAssgnmntBoolMapList>
<MapEntry BoolAssgnmnt="02" Value="false"/>
<MapEntry BoolAssgnmnt="10" Value="false"/>
<MapEntry BoolAssgnmnt="11" Value="true"/>
</BoolAssgnmntBoolMapList>
</BoolOp>
</BoolOpList>
<HierarchyLvlTypeList>
<HierarchyLvlType EnglishName="package" IntrnlName="package" Intrnl_Id="3"/>
<HierarchyLvlType EnglishName="method" IntrnlName="method" Intrnl_Id="4"/>
<HierarchyLvlType EnglishName="class" IntrnlName="class" Intrnl_Id="5"/>
<HierarchyLvlType EnglishName="default package" IntrnlName="default package" Intrnl_Id="6"/>
</HierarchyLvlTypeList>
<MASTRoot>
<HierarchyLvl HierarchyLvlId="266" HierarchyLvlTypeId="6" Intrnl_Id="7" Name="default package">
<Header/>
<LocList/>
<HierarchyLvl HierarchyLvlId="265" HierarchyLvlTypeId="3" Intrnl_Id="8" Name="TestUnit">
<Header/>
<LocList/>
<HierarchyLvl HierarchyLvlId="264" HierarchyLvlTypeId="5" Intrnl_Id="9" Name="ClassDetails">
<Header>
<Loc EndOffset="256" SrcFileId="1" StartOffset="231"/>
</Header>
<LocList>
<Loc EndOffset="4831" SrcFileId="1" StartOffset="231"/>
</LocList>
<HierarchyLvl HierarchyLvlId="248" HierarchyLvlTypeId="4" Intrnl_Id="10" Name="ClassDetails">
<Header>
<Loc EndOffset="510" SrcFileId="1" StartOffset="489"/>
</Header>
<LocList>
<Loc EndOffset="521" SrcFileId="1" StartOffset="489"/>
</LocList>
</HierarchyLvl>
<HierarchyLvl HierarchyLvlId="249" HierarchyLvlTypeId="4" Intrnl_Id="11" Name="getTerm">
<Header>
<Loc EndOffset="552" SrcFileId="1" StartOffset="529"/>
</Header>
<LocList>
<Loc EndOffset="580" SrcFileId="1" StartOffset="529"/>
</LocList>
<StmntSeq Intrnl_Id="12">
<LocList>
<Loc EndOffset="573" SrcFileId="1" StartOffset="561"/>
</LocList>
<BasicStmnt CovItemId="S1" CovItemPrefix="TestUnit.ClassDetails.java" Intrnl_Id="13">
<LocList>
<Loc EndOffset="573" SrcFileId="1" StartOffset="561"/>
</LocList>
</BasicStmnt>
</StmntSeq>
</HierarchyLvl>
<HierarchyLvl HierarchyLvlId="250" HierarchyLvlTypeId="4" Intrnl_Id="14" Name="setTerm">
<Header>
<Loc EndOffset="624" SrcFileId="1" StartOffset="592"/>
</Header>
<LocList>
<Loc EndOffset="660" SrcFileId="1" StartOffset="592"/>
</LocList>
<StmntSeq Intrnl_Id="15">
<LocList>
<Loc EndOffset="653" SrcFileId="1" StartOffset="636"/>
</LocList>
<BasicStmnt CovItemId="S2" CovItemPrefix="TestUnit.ClassDetails.java" Intrnl_Id="16">
<LocList>
<Loc EndOffset="653" SrcFileId="1" StartOffset="636"/>
</LocList>
</BasicStmnt>
</StmntSeq>
</HierarchyLvl>
<HierarchyLvl HierarchyLvlId="251" HierarchyLvlTypeId="4" Intrnl_Id="17" Name="setCampus">
<Header>
<Loc EndOffset="708" SrcFileId="1" StartOffset="672"/>
</Header>
<LocList>
<Loc EndOffset="748" SrcFileId="1" StartOffset="672"/>
</LocList>
<StmntSeq Intrnl_Id="18">
<LocList>
<Loc EndOffset="741" SrcFileId="1" StartOffset="720"/>
</LocList>
<BasicStmnt CovItemId="S3" CovItemPrefix="TestUnit.ClassDetails.java" Intrnl_Id="19">
<LocList>
<Loc EndOffset="741" SrcFileId="1" StartOffset="720"/>
</LocList>
</BasicStmnt>
</StmntSeq>
</HierarchyLvl>
<HierarchyLvl HierarchyLvlId="252" HierarchyLvlTypeId="4" Intrnl_Id="20" Name="getCampus">
<Header>
<Loc EndOffset="781" SrcFileId="1" StartOffset="756"/>
</Header>
<LocList>
<Loc EndOffset="811" SrcFileId="1" StartOffset="756"/>
</LocList>
<StmntSeq Intrnl_Id="21">
<LocList>
<Loc EndOffset="804" SrcFileId="1" StartOffset="790"/>
</LocList>
<BasicStmnt CovItemId="S4" CovItemPrefix="TestUnit.ClassDetails.java" Intrnl_Id="22">
<LocList>
<Loc EndOffset="804" SrcFileId="1" StartOffset="790"/>
</LocList>
</BasicStmnt>
</StmntSeq>
</HierarchyLvl>
<HierarchyLvl HierarchyLvlId="253" HierarchyLvlTypeId="4" Intrnl_Id="23" Name="ClassDetails">
<Header>
<Loc EndOffset="868" SrcFileId="1" StartOffset="817"/>
</Header>
<LocList>
<Loc EndOffset="943" SrcFileId="1" StartOffset="817"/>
</LocList>
<StmntSeq Intrnl_Id="24">
<LocList>
<Loc EndOffset="901" SrcFileId="1" StartOffset="880"/>
<Loc EndOffset="936" SrcFileId="1" StartOffset="911"/>
</LocList>
<BasicStmnt CovItemId="S5" CovItemPrefix="TestUnit.ClassDetails.java" Intrnl_Id="25">
<LocList>
<Loc EndOffset="901" SrcFileId="1" StartOffset="880"/>
</LocList>
</BasicStmnt>
<BasicStmnt CovItemId="S6" CovItemPrefix="TestUnit.ClassDetails.java" Intrnl_Id="26">
<LocList>
<Loc EndOffset="936" SrcFileId="1" StartOffset="911"/>
</LocList>
</BasicStmnt>
</StmntSeq>
</HierarchyLvl>
<HierarchyLvl HierarchyLvlId="254" HierarchyLvlTypeId="4" Intrnl_Id="27" Name="getInstructor">
<Header>
<Loc EndOffset="983" SrcFileId="1" StartOffset="951"/>
</Header>
<LocList>
<Loc EndOffset="1014" SrcFileId="1" StartOffset="951"/>
</LocList>
<StmntSeq Intrnl_Id="28">
<LocList>
<Loc EndOffset="1007" SrcFileId="1" StartOffset="995"/>
</LocList>
<BasicStmnt CovItemId="S7" CovItemPrefix="TestUnit.ClassDetails.java" Intrnl_Id="29">
<LocList>
<Loc EndOffset="1007" SrcFileId="1" StartOffset="995"/>
</LocList>
</BasicStmnt>
</StmntSeq>
</HierarchyLvl>
<HierarchyLvl HierarchyLvlId="255" HierarchyLvlTypeId="4" Intrnl_Id="30" Name="hasConflict">
<Header>
<Loc EndOffset="1065" SrcFileId="1" StartOffset="1022"/>
</Header>
<LocList>
<Loc EndOffset="3548" SrcFileId="1" StartOffset="1022"/>
</LocList>
<StmntSeq Intrnl_Id="31">
<LocList>
<Loc EndOffset="1097" SrcFileId="1" StartOffset="1077"/>
<Loc EndOffset="1130" SrcFileId="1" StartOffset="1107"/>
<Loc EndOffset="1191" SrcFileId="1" StartOffset="1165"/>
<Loc EndOffset="1227" SrcFileId="1" StartOffset="1201"/>
<Loc EndOffset="1342" SrcFileId="1" StartOffset="1313"/>
<Loc EndOffset="1381" SrcFileId="1" StartOffset="1352"/>
<Loc EndOffset="1421" SrcFileId="1" StartOffset="1391"/>
<Loc EndOffset="1447" SrcFileId="1" StartOffset="1431"/>
<Loc EndOffset="1474" SrcFileId="1" StartOffset="1457"/>
<Loc EndOffset="1500" SrcFileId="1" StartOffset="1484"/>
<Loc EndOffset="1528" SrcFileId="1" StartOffset="1510"/>
<Loc EndOffset="1554" SrcFileId="1" StartOffset="1538"/>
<Loc EndOffset="1580" SrcFileId="1" StartOffset="1564"/>
<Loc EndOffset="1606" SrcFileId="1" StartOffset="1590"/>
<Loc EndOffset="1822" SrcFileId="1" StartOffset="1618"/>
<Loc EndOffset="2038" SrcFileId="1" StartOffset="1834"/>
<Loc EndOffset="2085" SrcFileId="1" StartOffset="2048"/>
<Loc EndOffset="2132" SrcFileId="1" StartOffset="2095"/>
<Loc EndOffset="3516" SrcFileId="1" StartOffset="2142"/>
<Loc EndOffset="3541" SrcFileId="1" StartOffset="3528"/>
</LocList>
<BasicStmnt CovItemId="S8" CovItemPrefix="TestUnit.ClassDetails.java" Intrnl_Id="32">
<LocList>
<Loc EndOffset="1097" SrcFileId="1" StartOffset="1077"/>
</LocList>
</BasicStmnt>
<BasicStmnt CovItemId="S9" CovItemPrefix="TestUnit.ClassDetails.java" Intrnl_Id="33">
<LocList>
<Loc EndOffset="1130" SrcFileId="1" StartOffset="1107"/>
</LocList>
</BasicStmnt>
<BasicStmnt CovItemId="S10" CovItemPrefix="TestUnit.ClassDetails.java" Intrnl_Id="34">
<LocList>
<Loc EndOffset="1191" SrcFileId="1" StartOffset="1165"/>
</LocList>
</BasicStmnt>
<BasicStmnt CovItemId="S11" CovItemPrefix="TestUnit.ClassDetails.java" Intrnl_Id="35">
<LocList>
<Loc EndOffset="1227" SrcFileId="1" StartOffset="1201"/>
</LocList>
</BasicStmnt>
<BasicStmnt CovItemId="S12" CovItemPrefix="TestUnit.ClassDetails.java" Intrnl_Id="36">
<LocList>
<Loc EndOffset="1342" SrcFileId="1" StartOffset="1313"/>
</LocList>
</BasicStmnt>
<BasicStmnt CovItemId="S13" CovItemPrefix="TestUnit.ClassDetails.java" Intrnl_Id="37">
<LocList>
<Loc EndOffset="1381" SrcFileId="1" StartOffset="1352"/>
</LocList>
</BasicStmnt>
<BasicStmnt CovItemId="S14" CovItemPrefix="TestUnit.ClassDetails.java" Intrnl_Id="38">
<LocList>
<Loc EndOffset="1421" SrcFileId="1" StartOffset="1391"/>
</LocList>
</BasicStmnt>
<BasicStmnt CovItemId="S15" CovItemPrefix="TestUnit.ClassDetails.java" Intrnl_Id="39">
<LocList>
<Loc EndOffset="1447" SrcFileId="1" StartOffset="1431"/>
</LocList>
</BasicStmnt>
<BasicStmnt CovItemId="S16" CovItemPrefix="TestUnit.ClassDetails.java" Intrnl_Id="40">
<LocList>
<Loc EndOffset="1474" SrcFileId="1" StartOffset="1457"/>
</LocList>
</BasicStmnt>
<BasicStmnt CovItemId="S17" CovItemPrefix="TestUnit.ClassDetails.java" Intrnl_Id="41">
<LocList>
<Loc EndOffset="1500" SrcFileId="1" StartOffset="1484"/>
</LocList>
</BasicStmnt>
<BasicStmnt CovItemId="S18" CovItemPrefix="TestUnit.ClassDetails.java" Intrnl_Id="42">
<LocList>
<Loc EndOffset="1528" SrcFileId="1" StartOffset="1510"/>
</LocList>
</BasicStmnt>
<BasicStmnt CovItemId="S19" CovItemPrefix="TestUnit.ClassDetails.java" Intrnl_Id="43">
<LocList>
<Loc EndOffset="1554" SrcFileId="1" StartOffset="1538"/>
</LocList>
</BasicStmnt>
<BasicStmnt CovItemId="S20" CovItemPrefix="TestUnit.ClassDetails.java" Intrnl_Id="44">
<LocList>
<Loc EndOffset="1580" SrcFileId="1" StartOffset="1564"/>
</LocList>
</BasicStmnt>
<BasicStmnt CovItemId="S21" CovItemPrefix="TestUnit.ClassDetails.java" Intrnl_Id="45">
<LocList>
<Loc EndOffset="1606" SrcFileId="1" StartOffset="1590"/>
</LocList>
</BasicStmnt>
<LoopStmnt CovItemId="S22" CovItemPrefix="TestUnit.ClassDetails.java" Intrnl_Id="46" MltplExecId="L1-2" MltplExecPrefix="TestUnit.ClassDetails.java" NvrExecId="L1-0" NvrExecPrefix="TestUnit.ClassDetails.java" OnceExecutedId="L1-1" OnceExecutedPrefix="TestUnit.ClassDetails.java" OptBodyExec="true">
<StmntSeq Intrnl_Id="47">
<LocList>
<Loc EndOffset="1811" SrcFileId="1" StartOffset="1670"/>
</LocList>
<CondStmnt CovItemId="S23" CovItemPrefix="TestUnit.ClassDetails.java" Intrnl_Id="48">
<Branch CovItemId="B1" CovItemPrefix="TestUnit.ClassDetails.java" Implct="false" Intrnl_Id="49">
<Cond/>
<LocList>
<Loc EndOffset="1811" SrcFileId="1" StartOffset="1714"/>
</LocList>
<StmntSeq Intrnl_Id="50">
<LocList>
<Loc EndOffset="1766" SrcFileId="1" StartOffset="1733"/>
<Loc EndOffset="1796" SrcFileId="1" StartOffset="1784"/>
</LocList>
<BasicStmnt CovItemId="S24" CovItemPrefix="TestUnit.ClassDetails.java" Intrnl_Id="51">
<LocList>
<Loc EndOffset="1766" SrcFileId="1" StartOffset="1733"/>
</LocList>
</BasicStmnt>
<BasicStmnt CovItemId="S25" CovItemPrefix="TestUnit.ClassDetails.java" Intrnl_Id="52">
<LocList>
<Loc EndOffset="1796" SrcFileId="1" StartOffset="1784"/>
</LocList>
</BasicStmnt>
</StmntSeq>
</Branch>
<Branch CovItemId="B2" CovItemPrefix="TestUnit.ClassDetails.java" Implct="true" Intrnl_Id="53">
<Cond/>
<LocList/>
<StmntSeq Intrnl_Id="54">
<LocList/>
</StmntSeq>
</Branch>
<Keyword EndOffset="1672" SrcFileId="1" StartOffset="1670"/>
<LocList>
<Loc EndOffset="1811" SrcFileId="1" StartOffset="1670"/>
</LocList>
<RootTerm CovItemId="C2" CovItemPrefix="TestUnit.ClassDetails.java" Intrnl_Id="55">
<BasicBoolTerm Intrnl_Id="56">
<LocList>
<Loc EndOffset="1699" SrcFileId="1" StartOffset="1674"/>
</LocList>
</BasicBoolTerm>
</RootTerm>
</CondStmnt>
</StmntSeq>
<Keyword EndOffset="1621" SrcFileId="1" StartOffset="1618"/>
<LocList>
<Loc EndOffset="1822" SrcFileId="1" StartOffset="1618"/>
</LocList>
<RootTerm CovItemId="C1" CovItemPrefix="TestUnit.ClassDetails.java" Intrnl_Id="57">
<BasicBoolTerm Intrnl_Id="58">
<LocList>
<Loc EndOffset="1639" SrcFileId="1" StartOffset="1634"/>
</LocList>
</BasicBoolTerm>
</RootTerm>
</LoopStmnt>
<LoopStmnt CovItemId="S26" CovItemPrefix="TestUnit.ClassDetails.java" Intrnl_Id="59" MltplExecId="L2-2" MltplExecPrefix="TestUnit.ClassDetails.java" NvrExecId="L2-0" NvrExecPrefix="TestUnit.ClassDetails.java" OnceExecutedId="L2-1" OnceExecutedPrefix="TestUnit.ClassDetails.java" OptBodyExec="true">
<StmntSeq Intrnl_Id="60">
<LocList>
<Loc EndOffset="2027" SrcFileId="1" StartOffset="1886"/>
</LocList>
<CondStmnt CovItemId="S27" CovItemPrefix="TestUnit.ClassDetails.java" Intrnl_Id="61">
<Branch CovItemId="B3" CovItemPrefix="TestUnit.ClassDetails.java" Implct="false" Intrnl_Id="62">
<Cond/>
<LocList>
<Loc EndOffset="2027" SrcFileId="1" StartOffset="1930"/>
</LocList>
<StmntSeq Intrnl_Id="63">
<LocList>
<Loc EndOffset="1982" SrcFileId="1" StartOffset="1949"/>
<Loc EndOffset="2012" SrcFileId="1" StartOffset="2000"/>
</LocList>
<BasicStmnt CovItemId="S28" CovItemPrefix="TestUnit.ClassDetails.java" Intrnl_Id="64">
<LocList>
<Loc EndOffset="1982" SrcFileId="1" StartOffset="1949"/>
</LocList>
</BasicStmnt>
<BasicStmnt CovItemId="S29" CovItemPrefix="TestUnit.ClassDetails.java" Intrnl_Id="65">
<LocList>
<Loc EndOffset="2012" SrcFileId="1" StartOffset="2000"/>
</LocList>
</BasicStmnt>
</StmntSeq>
</Branch>
<Branch CovItemId="B4" CovItemPrefix="TestUnit.ClassDetails.java" Implct="true" Intrnl_Id="66">
<Cond/>
<LocList/>
<StmntSeq Intrnl_Id="67">
<LocList/>
</StmntSeq>
</Branch>
<Keyword EndOffset="1888" SrcFileId="1" StartOffset="1886"/>
<LocList>
<Loc EndOffset="2027" SrcFileId="1" StartOffset="1886"/>
</LocList>
<RootTerm CovItemId="C4" CovItemPrefix="TestUnit.ClassDetails.java" Intrnl_Id="68">
<BasicBoolTerm Intrnl_Id="69">
<LocList>
<Loc EndOffset="1915" SrcFileId="1" StartOffset="1890"/>
</LocList>
</BasicBoolTerm>
</RootTerm>
</CondStmnt>
</StmntSeq>
<Keyword EndOffset="1837" SrcFileId="1" StartOffset="1834"/>
<LocList>
<Loc EndOffset="2038" SrcFileId="1" StartOffset="1834"/>
</LocList>
<RootTerm CovItemId="C3" CovItemPrefix="TestUnit.ClassDetails.java" Intrnl_Id="70">
<BasicBoolTerm Intrnl_Id="71">
<LocList>
<Loc EndOffset="1855" SrcFileId="1" StartOffset="1850"/>
</LocList>
</BasicBoolTerm>
</RootTerm>
</LoopStmnt>
<BasicStmnt CovItemId="S30" CovItemPrefix="TestUnit.ClassDetails.java" Intrnl_Id="72">
<LocList>
<Loc EndOffset="2085" SrcFileId="1" StartOffset="2048"/>
</LocList>
</BasicStmnt>
<BasicStmnt CovItemId="S31" CovItemPrefix="TestUnit.ClassDetails.java" Intrnl_Id="73">
<LocList>
<Loc EndOffset="2132" SrcFileId="1" StartOffset="2095"/>
</LocList>
</BasicStmnt>
<LoopStmnt CovItemId="S32" CovItemPrefix="TestUnit.ClassDetails.java" Intrnl_Id="74" MltplExecId="L3-2" MltplExecPrefix="TestUnit.ClassDetails.java" NvrExecId="L3-0" NvrExecPrefix="TestUnit.ClassDetails.java" OnceExecutedId="L3-1" OnceExecutedPrefix="TestUnit.ClassDetails.java" OptBodyExec="true">
<StmntSeq Intrnl_Id="75">
<LocList>
<Loc EndOffset="2211" SrcFileId="1" StartOffset="2188"/>
<Loc EndOffset="3505" SrcFileId="1" StartOffset="2225"/>
</LocList>
<BasicStmnt CovItemId="S33" CovItemPrefix="TestUnit.ClassDetails.java" Intrnl_Id="76">
<LocList>
<Loc EndOffset="2211" SrcFileId="1" StartOffset="2188"/>
</LocList>
</BasicStmnt>
<LoopStmnt CovItemId="S34" CovItemPrefix="TestUnit.ClassDetails.java" Intrnl_Id="77" MltplExecId="L4-2" MltplExecPrefix="TestUnit.ClassDetails.java" NvrExecId="L4-0" NvrExecPrefix="TestUnit.ClassDetails.java" OnceExecutedId="L4-1" OnceExecutedPrefix="TestUnit.ClassDetails.java" OptBodyExec="true">
<StmntSeq Intrnl_Id="78">
<LocList>
<Loc EndOffset="2302" SrcFileId="1" StartOffset="2279"/>
<Loc EndOffset="3490" SrcFileId="1" StartOffset="2322"/>
</LocList>
<BasicStmnt CovItemId="S35" CovItemPrefix="TestUnit.ClassDetails.java" Intrnl_Id="79">
<LocList>
<Loc EndOffset="2302" SrcFileId="1" StartOffset="2279"/>
</LocList>
</BasicStmnt>
<CondStmnt CovItemId="S36" CovItemPrefix="TestUnit.ClassDetails.java" Intrnl_Id="80">
<Branch CovItemId="B5" CovItemPrefix="TestUnit.ClassDetails.java" Implct="false" Intrnl_Id="81">
<Cond/>
<LocList>
<Loc EndOffset="3490" SrcFileId="1" StartOffset="2358"/>
</LocList>
<StmntSeq Intrnl_Id="82">
<LocList>
<Loc EndOffset="3471" SrcFileId="1" StartOffset="2437"/>
</LocList>
<CondStmnt CovItemId="S37" CovItemPrefix="TestUnit.ClassDetails.java" Intrnl_Id="83">
<Branch CovItemId="B7" CovItemPrefix="TestUnit.ClassDetails.java" Implct="false" Intrnl_Id="84">
<Cond/>
<LocList>
<Loc EndOffset="2597" SrcFileId="1" StartOffset="2482"/>
</LocList>
<StmntSeq Intrnl_Id="85">
<LocList>
<Loc EndOffset="2574" SrcFileId="1" StartOffset="2509"/>
</LocList>
<CondStmnt CovItemId="S38" CovItemPrefix="TestUnit.ClassDetails.java" Intrnl_Id="86">
<Branch CovItemId="B9" CovItemPrefix="TestUnit.ClassDetails.java" Implct="false" Intrnl_Id="87">
<Cond/>
<LocList>
<Loc EndOffset="2574" SrcFileId="1" StartOffset="2562"/>
</LocList>
<StmntSeq Intrnl_Id="88">
<LocList>
<Loc EndOffset="2574" SrcFileId="1" StartOffset="2562"/>
</LocList>
<BasicStmnt CovItemId="S39" CovItemPrefix="TestUnit.ClassDetails.java" Intrnl_Id="89">
<LocList>
<Loc EndOffset="2574" SrcFileId="1" StartOffset="2562"/>
</LocList>
</BasicStmnt>
</StmntSeq>
</Branch>
<Branch CovItemId="B10" CovItemPrefix="TestUnit.ClassDetails.java" Implct="true" Intrnl_Id="90">
<Cond/>
<LocList/>
<StmntSeq Intrnl_Id="91">
<LocList/>
</StmntSeq>
</Branch>
<Keyword EndOffset="2511" SrcFileId="1" StartOffset="2509"/>
<LocList>
<Loc EndOffset="2574" SrcFileId="1" StartOffset="2509"/>
</LocList>
<RootTerm CovItemId="C9" CovItemPrefix="TestUnit.ClassDetails.java" Intrnl_Id="92">
<BasicBoolTerm Intrnl_Id="93">
<LocList>
<Loc EndOffset="2531" SrcFileId="1" StartOffset="2513"/>
</LocList>
</BasicBoolTerm>
</RootTerm>
</CondStmnt>
</StmntSeq>
</Branch>
<Branch CovItemId="B8" CovItemPrefix="TestUnit.ClassDetails.java" Implct="false" Intrnl_Id="94">
<Cond>
<Loc EndOffset="2667" SrcFileId="1" StartOffset="2663"/>
</Cond>
<LocList>
<Loc EndOffset="3471" SrcFileId="1" StartOffset="2668"/>
</LocList>
<StmntSeq Intrnl_Id="95">
<LocList>
<Loc EndOffset="3471" SrcFileId="1" StartOffset="2668"/>
</LocList>
<CondStmnt CovItemId="S40" CovItemPrefix="TestUnit.ClassDetails.java" Intrnl_Id="96">
<Branch CovItemId="B11" CovItemPrefix="TestUnit.ClassDetails.java" Implct="false" Intrnl_Id="97">
<Cond/>
<LocList>
<Loc EndOffset="3033" SrcFileId="1" StartOffset="2712"/>
</LocList>
<StmntSeq Intrnl_Id="98">
<LocList>
<Loc EndOffset="3010" SrcFileId="1" StartOffset="2739"/>
</LocList>
<CondStmnt CovItemId="S41" CovItemPrefix="TestUnit.ClassDetails.java" Intrnl_Id="99">
<Branch CovItemId="B13" CovItemPrefix="TestUnit.ClassDetails.java" Implct="false" Intrnl_Id="100">
<Cond/>
<LocList>
<Loc EndOffset="2915" SrcFileId="1" StartOffset="2788"/>
</LocList>
<StmntSeq Intrnl_Id="101">
<LocList>
<Loc EndOffset="2888" SrcFileId="1" StartOffset="2819"/>
</LocList>
<CondStmnt CovItemId="S42" CovItemPrefix="TestUnit.ClassDetails.java" Intrnl_Id="102">
<Branch CovItemId="B15" CovItemPrefix="TestUnit.ClassDetails.java" Implct="false" Intrnl_Id="103">
<Cond/>
<LocList>
<Loc EndOffset="2888" SrcFileId="1" StartOffset="2876"/>
</LocList>
<StmntSeq Intrnl_Id="104">
<LocList>
<Loc EndOffset="2888" SrcFileId="1" StartOffset="2876"/>
</LocList>
<BasicStmnt CovItemId="S43" CovItemPrefix="TestUnit.ClassDetails.java" Intrnl_Id="105">
<LocList>
<Loc EndOffset="2888" SrcFileId="1" StartOffset="2876"/>
</LocList>
</BasicStmnt>
</StmntSeq>
</Branch>
<Branch CovItemId="B16" CovItemPrefix="TestUnit.ClassDetails.java" Implct="true" Intrnl_Id="106">
<Cond/>
<LocList/>
<StmntSeq Intrnl_Id="107">
<LocList/>
</StmntSeq>
</Branch>
<Keyword EndOffset="2821" SrcFileId="1" StartOffset="2819"/>
<LocList>
<Loc EndOffset="2888" SrcFileId="1" StartOffset="2819"/>
</LocList>
<RootTerm CovItemId="C12" CovItemPrefix="TestUnit.ClassDetails.java" Intrnl_Id="108">
<BasicBoolTerm Intrnl_Id="109">
<LocList>
<Loc EndOffset="2841" SrcFileId="1" StartOffset="2823"/>
</LocList>
</BasicBoolTerm>
</RootTerm>
</CondStmnt>
</StmntSeq>
</Branch>
<Branch CovItemId="B14" CovItemPrefix="TestUnit.ClassDetails.java" Implct="false" Intrnl_Id="110">
<Cond>
<Loc EndOffset="2945" SrcFileId="1" StartOffset="2941"/>
</Cond>
<LocList>
<Loc EndOffset="3010" SrcFileId="1" StartOffset="2946"/>
</LocList>
<StmntSeq Intrnl_Id="111">
<LocList>
<Loc EndOffset="3010" SrcFileId="1" StartOffset="2946"/>
</LocList>
<CondStmnt CovItemId="S44" CovItemPrefix="TestUnit.ClassDetails.java" Intrnl_Id="112">
<Branch CovItemId="B17" CovItemPrefix="TestUnit.ClassDetails.java" Implct="false" Intrnl_Id="113">
<Cond/>
<LocList>
<Loc EndOffset="3010" SrcFileId="1" StartOffset="2998"/>
</LocList>
<StmntSeq Intrnl_Id="114">
<LocList>
<Loc EndOffset="3010" SrcFileId="1" StartOffset="2998"/>
</LocList>
<BasicStmnt CovItemId="S45" CovItemPrefix="TestUnit.ClassDetails.java" Intrnl_Id="115">
<LocList>
<Loc EndOffset="3010" SrcFileId="1" StartOffset="2998"/>
</LocList>
</BasicStmnt>
</StmntSeq>
</Branch>
<Branch CovItemId="B18" CovItemPrefix="TestUnit.ClassDetails.java" Implct="true" Intrnl_Id="116">
<Cond/>
<LocList/>
<StmntSeq Intrnl_Id="117">
<LocList/>
</StmntSeq>
</Branch>
<Keyword EndOffset="2948" SrcFileId="1" StartOffset="2946"/>
<LocList>
<Loc EndOffset="3010" SrcFileId="1" StartOffset="2946"/>
</LocList>
<RootTerm CovItemId="C13" CovItemPrefix="TestUnit.ClassDetails.java" Intrnl_Id="118">
<BasicBoolTerm Intrnl_Id="119">
<LocList>
<Loc EndOffset="2967" SrcFileId="1" StartOffset="2950"/>
</LocList>
</BasicBoolTerm>
</RootTerm>
</CondStmnt>
</StmntSeq>
</Branch>
<Keyword EndOffset="2741" SrcFileId="1" StartOffset="2739"/>
<LocList>
<Loc EndOffset="3010" SrcFileId="1" StartOffset="2739"/>
</LocList>
<RootTerm CovItemId="C11" CovItemPrefix="TestUnit.ClassDetails.java" Intrnl_Id="120">
<BasicBoolTerm Intrnl_Id="121">
<LocList>
<Loc EndOffset="2761" SrcFileId="1" StartOffset="2743"/>
</LocList>
</BasicBoolTerm>
</RootTerm>
</CondStmnt>
</StmntSeq>
</Branch>
<Branch CovItemId="B12" CovItemPrefix="TestUnit.ClassDetails.java" Implct="false" Intrnl_Id="122">
<Cond>
<Loc EndOffset="3105" SrcFileId="1" StartOffset="3101"/>
</Cond>
<LocList>
<Loc EndOffset="3471" SrcFileId="1" StartOffset="3106"/>
</LocList>
<StmntSeq Intrnl_Id="123">
<LocList>
<Loc EndOffset="3471" SrcFileId="1" StartOffset="3106"/>
</LocList>
<CondStmnt CovItemId="S46" CovItemPrefix="TestUnit.ClassDetails.java" Intrnl_Id="124">
<Branch CovItemId="B19" CovItemPrefix="TestUnit.ClassDetails.java" Implct="false" Intrnl_Id="125">
<Cond/>
<LocList>
<Loc EndOffset="3471" SrcFileId="1" StartOffset="3150"/>
</LocList>
<StmntSeq Intrnl_Id="126">
<LocList>
<Loc EndOffset="3448" SrcFileId="1" StartOffset="3177"/>
</LocList>
<CondStmnt CovItemId="S47" CovItemPrefix="TestUnit.ClassDetails.java" Intrnl_Id="127">
<Branch CovItemId="B21" CovItemPrefix="TestUnit.ClassDetails.java" Implct="false" Intrnl_Id="128">
<Cond/>
<LocList>
<Loc EndOffset="3353" SrcFileId="1" StartOffset="3226"/>
</LocList>
<StmntSeq Intrnl_Id="129">
<LocList>
<Loc EndOffset="3326" SrcFileId="1" StartOffset="3257"/>
</LocList>
<CondStmnt CovItemId="S48" CovItemPrefix="TestUnit.ClassDetails.java" Intrnl_Id="130">
<Branch CovItemId="B23" CovItemPrefix="TestUnit.ClassDetails.java" Implct="false" Intrnl_Id="131">
<Cond/>
<LocList>
<Loc EndOffset="3326" SrcFileId="1" StartOffset="3314"/>
</LocList>
<StmntSeq Intrnl_Id="132">
<LocList>
<Loc EndOffset="3326" SrcFileId="1" StartOffset="3314"/>
</LocList>
<BasicStmnt CovItemId="S49" CovItemPrefix="TestUnit.ClassDetails.java" Intrnl_Id="133">
<LocList>
<Loc EndOffset="3326" SrcFileId="1" StartOffset="3314"/>
</LocList>
</BasicStmnt>
</StmntSeq>
</Branch>
<Branch CovItemId="B24" CovItemPrefix="TestUnit.ClassDetails.java" Implct="true" Intrnl_Id="134">
<Cond/>
<LocList/>
<StmntSeq Intrnl_Id="135">
<LocList/>
</StmntSeq>
</Branch>
<Keyword EndOffset="3259" SrcFileId="1" StartOffset="3257"/>
<LocList>
<Loc EndOffset="3326" SrcFileId="1" StartOffset="3257"/>
</LocList>
<RootTerm CovItemId="C16" CovItemPrefix="TestUnit.ClassDetails.java" Intrnl_Id="136">
<BasicBoolTerm Intrnl_Id="137">
<LocList>
<Loc EndOffset="3279" SrcFileId="1" StartOffset="3261"/>
</LocList>
</BasicBoolTerm>
</RootTerm>
</CondStmnt>
</StmntSeq>
</Branch>
<Branch CovItemId="B22" CovItemPrefix="TestUnit.ClassDetails.java" Implct="false" Intrnl_Id="138">
<Cond>
<Loc EndOffset="3383" SrcFileId="1" StartOffset="3379"/>
</Cond>
<LocList>
<Loc EndOffset="3448" SrcFileId="1" StartOffset="3384"/>
</LocList>
<StmntSeq Intrnl_Id="139">
<LocList>
<Loc EndOffset="3448" SrcFileId="1" StartOffset="3384"/>
</LocList>
<CondStmnt CovItemId="S50" CovItemPrefix="TestUnit.ClassDetails.java" Intrnl_Id="140">
<Branch CovItemId="B25" CovItemPrefix="TestUnit.ClassDetails.java" Implct="false" Intrnl_Id="141">
<Cond/>
<LocList>
<Loc EndOffset="3448" SrcFileId="1" StartOffset="3436"/>
</LocList>
<StmntSeq Intrnl_Id="142">
<LocList>
<Loc EndOffset="3448" SrcFileId="1" StartOffset="3436"/>
</LocList>
<BasicStmnt CovItemId="S51" CovItemPrefix="TestUnit.ClassDetails.java" Intrnl_Id="143">
<LocList>
<Loc EndOffset="3448" SrcFileId="1" StartOffset="3436"/>
</LocList>
</BasicStmnt>
</StmntSeq>
</Branch>
<Branch CovItemId="B26" CovItemPrefix="TestUnit.ClassDetails.java" Implct="true" Intrnl_Id="144">
<Cond/>
<LocList/>
<StmntSeq Intrnl_Id="145">
<LocList/>
</StmntSeq>
</Branch>
<Keyword EndOffset="3386" SrcFileId="1" StartOffset="3384"/>
<LocList>
<Loc EndOffset="3448" SrcFileId="1" StartOffset="3384"/>
</LocList>
<RootTerm CovItemId="C17" CovItemPrefix="TestUnit.ClassDetails.java" Intrnl_Id="146">
<BasicBoolTerm Intrnl_Id="147">
<LocList>
<Loc EndOffset="3405" SrcFileId="1" StartOffset="3388"/>
</LocList>
</BasicBoolTerm>
</RootTerm>
</CondStmnt>
</StmntSeq>
</Branch>
<Keyword EndOffset="3179" SrcFileId="1" StartOffset="3177"/>
<LocList>
<Loc EndOffset="3448" SrcFileId="1" StartOffset="3177"/>
</LocList>
<RootTerm CovItemId="C15" CovItemPrefix="TestUnit.ClassDetails.java" Intrnl_Id="148">
<BasicBoolTerm Intrnl_Id="149">
<LocList>
<Loc EndOffset="3199" SrcFileId="1" StartOffset="3181"/>
</LocList>
</BasicBoolTerm>
</RootTerm>
</CondStmnt>
</StmntSeq>
</Branch>
<Branch CovItemId="B20" CovItemPrefix="TestUnit.ClassDetails.java" Implct="true" Intrnl_Id="150">
<Cond/>
<LocList/>
<StmntSeq Intrnl_Id="151">
<LocList/>
</StmntSeq>
</Branch>
<Keyword EndOffset="3108" SrcFileId="1" StartOffset="3106"/>
<LocList>
<Loc EndOffset="3471" SrcFileId="1" StartOffset="3106"/>
</LocList>
<RootTerm CovItemId="C14" CovItemPrefix="TestUnit.ClassDetails.java" Intrnl_Id="152">
<BasicBoolTerm Intrnl_Id="153">
<LocList>
<Loc EndOffset="3127" SrcFileId="1" StartOffset="3110"/>
</LocList>
</BasicBoolTerm>
</RootTerm>
</CondStmnt>
</StmntSeq>
</Branch>
<Keyword EndOffset="2670" SrcFileId="1" StartOffset="2668"/>
<LocList>
<Loc EndOffset="3471" SrcFileId="1" StartOffset="2668"/>
</LocList>
<RootTerm CovItemId="C10" CovItemPrefix="TestUnit.ClassDetails.java" Intrnl_Id="154">
<BasicBoolTerm Intrnl_Id="155">
<LocList>
<Loc EndOffset="2689" SrcFileId="1" StartOffset="2672"/>
</LocList>
</BasicBoolTerm>
</RootTerm>
</CondStmnt>
</StmntSeq>
</Branch>
<Keyword EndOffset="2439" SrcFileId="1" StartOffset="2437"/>
<LocList>
<Loc EndOffset="3471" SrcFileId="1" StartOffset="2437"/>
</LocList>
<RootTerm CovItemId="C8" CovItemPrefix="TestUnit.ClassDetails.java" Intrnl_Id="156">
<BasicBoolTerm Intrnl_Id="157">
<LocList>
<Loc EndOffset="2459" SrcFileId="1" StartOffset="2441"/>
</LocList>
</BasicBoolTerm>
</RootTerm>
</CondStmnt>
</StmntSeq>
</Branch>
<Branch CovItemId="B6" CovItemPrefix="TestUnit.ClassDetails.java" Implct="true" Intrnl_Id="158">
<Cond/>
<LocList/>
<StmntSeq Intrnl_Id="159">
<LocList/>
</StmntSeq>
</Branch>
<Keyword EndOffset="2324" SrcFileId="1" StartOffset="2322"/>
<LocList>
<Loc EndOffset="3490" SrcFileId="1" StartOffset="2322"/>
</LocList>
<RootTerm CovItemId="C7" CovItemPrefix="TestUnit.ClassDetails.java" Intrnl_Id="160">
<BasicBoolTerm Intrnl_Id="161">
<LocList>
<Loc EndOffset="2339" SrcFileId="1" StartOffset="2326"/>
</LocList>
</BasicBoolTerm>
</RootTerm>
</CondStmnt>
</StmntSeq>
<Keyword EndOffset="2230" SrcFileId="1" StartOffset="2225"/>
<LocList>
<Loc EndOffset="3505" SrcFileId="1" StartOffset="2225"/>
</LocList>
<RootTerm CovItemId="C6" CovItemPrefix="TestUnit.ClassDetails.java" Intrnl_Id="162">
<BasicBoolTerm Intrnl_Id="163">
<LocList>
<Loc EndOffset="2245" SrcFileId="1" StartOffset="2232"/>
</LocList>
</BasicBoolTerm>
</RootTerm>
</LoopStmnt>
</StmntSeq>
<Keyword EndOffset="2147" SrcFileId="1" StartOffset="2142"/>
<LocList>
<Loc EndOffset="3516" SrcFileId="1" StartOffset="2142"/>
</LocList>
<RootTerm CovItemId="C5" CovItemPrefix="TestUnit.ClassDetails.java" Intrnl_Id="164">
<BasicBoolTerm Intrnl_Id="165">
<LocList>
<Loc EndOffset="2162" SrcFileId="1" StartOffset="2149"/>
</LocList>
</BasicBoolTerm>
</RootTerm>
</LoopStmnt>
<BasicStmnt CovItemId="S52" CovItemPrefix="TestUnit.ClassDetails.java" Intrnl_Id="166">
<LocList>
<Loc EndOffset="3541" SrcFileId="1" StartOffset="3528"/>
</LocList>
</BasicStmnt>
</StmntSeq>
</HierarchyLvl>
<HierarchyLvl HierarchyLvlId="256" HierarchyLvlTypeId="4" Intrnl_Id="167" Name="getTime">
<Header>
<Loc EndOffset="3577" SrcFileId="1" StartOffset="3556"/>
</Header>
<LocList>
<Loc EndOffset="3608" SrcFileId="1" StartOffset="3556"/>
</LocList>
<StmntSeq Intrnl_Id="168">
<LocList>
<Loc EndOffset="3601" SrcFileId="1" StartOffset="3589"/>
</LocList>
<BasicStmnt CovItemId="S53" CovItemPrefix="TestUnit.ClassDetails.java" Intrnl_Id="169">
<LocList>
<Loc EndOffset="3601" SrcFileId="1" StartOffset="3589"/>
</LocList>
</BasicStmnt>
</StmntSeq>
</HierarchyLvl>
<HierarchyLvl HierarchyLvlId="257" HierarchyLvlTypeId="4" Intrnl_Id="170" Name="setTime">
<Header>
<Loc EndOffset="3643" SrcFileId="1" StartOffset="3616"/>
</Header>
<LocList>
<Loc EndOffset="3671" SrcFileId="1" StartOffset="3616"/>
</LocList>
<StmntSeq Intrnl_Id="171">
<LocList>
<Loc EndOffset="3664" SrcFileId="1" StartOffset="3655"/>
</LocList>
<BasicStmnt CovItemId="S54" CovItemPrefix="TestUnit.ClassDetails.java" Intrnl_Id="172">
<LocList>
<Loc EndOffset="3664" SrcFileId="1" StartOffset="3655"/>
</LocList>
</BasicStmnt>
</StmntSeq>
</HierarchyLvl>
<HierarchyLvl HierarchyLvlId="258" HierarchyLvlTypeId="4" Intrnl_Id="173" Name="isAtTime">
<Header>
<Loc EndOffset="3712" SrcFileId="1" StartOffset="3679"/>
</Header>
<LocList>
<Loc EndOffset="3850" SrcFileId="1" StartOffset="3679"/>
</LocList>
<StmntSeq Intrnl_Id="174">
<LocList>
<Loc EndOffset="3843" SrcFileId="1" StartOffset="3724"/>
</LocList>
<CondStmnt CovItemId="S55" CovItemPrefix="TestUnit.ClassDetails.java" Intrnl_Id="175">
<Branch CovItemId="B27" CovItemPrefix="TestUnit.ClassDetails.java" Implct="false" Intrnl_Id="176">
<Cond/>
<LocList>
<Loc EndOffset="3802" SrcFileId="1" StartOffset="3790"/>
</LocList>
<StmntSeq Intrnl_Id="177">
<LocList>
<Loc EndOffset="3802" SrcFileId="1" StartOffset="3790"/>
</LocList>
<BasicStmnt CovItemId="S56" CovItemPrefix="TestUnit.ClassDetails.java" Intrnl_Id="178">
<LocList>
<Loc EndOffset="3802" SrcFileId="1" StartOffset="3790"/>
</LocList>
</BasicStmnt>
</StmntSeq>
</Branch>
<Branch CovItemId="B28" CovItemPrefix="TestUnit.ClassDetails.java" Implct="false" Intrnl_Id="179">
<Cond>
<Loc EndOffset="3816" SrcFileId="1" StartOffset="3812"/>
</Cond>
<LocList>
<Loc EndOffset="3843" SrcFileId="1" StartOffset="3830"/>
</LocList>
<StmntSeq Intrnl_Id="180">
<LocList>
<Loc EndOffset="3843" SrcFileId="1" StartOffset="3830"/>
</LocList>
<BasicStmnt CovItemId="S57" CovItemPrefix="TestUnit.ClassDetails.java" Intrnl_Id="181">
<LocList>
<Loc EndOffset="3843" SrcFileId="1" StartOffset="3830"/>
</LocList>
</BasicStmnt>
</StmntSeq>
</Branch>
<Keyword EndOffset="3726" SrcFileId="1" StartOffset="3724"/>
<LocList>
<Loc EndOffset="3843" SrcFileId="1" StartOffset="3724"/>
</LocList>
<RootTerm CovItemId="C18" CovItemPrefix="TestUnit.ClassDetails.java" Intrnl_Id="182">
<OpTerm BooleanOpId="2" Intrnl_Id="183">
<BasicBoolTerm Intrnl_Id="184">
<LocList>
<Loc EndOffset="3749" SrcFileId="1" StartOffset="3727"/>
</LocList>
</BasicBoolTerm>
<BasicBoolTerm Intrnl_Id="185">
<LocList>
<Loc EndOffset="3775" SrcFileId="1" StartOffset="3753"/>
</LocList>
</BasicBoolTerm>
<LocList>
<Loc EndOffset="3752" SrcFileId="1" StartOffset="3750"/>
</LocList>
</OpTerm>
</RootTerm>
</CondStmnt>
</StmntSeq>
</HierarchyLvl>
<HierarchyLvl HierarchyLvlId="259" HierarchyLvlTypeId="4" Intrnl_Id="186" Name="isAtDay">
<Header>
<Loc EndOffset="3889" SrcFileId="1" StartOffset="3858"/>
</Header>
<LocList>
<Loc EndOffset="4027" SrcFileId="1" StartOffset="3858"/>
</LocList>
<StmntSeq Intrnl_Id="187">
<LocList>
<Loc EndOffset="4020" SrcFileId="1" StartOffset="3901"/>
</LocList>
<CondStmnt CovItemId="S58" CovItemPrefix="TestUnit.ClassDetails.java" Intrnl_Id="188">
<Branch CovItemId="B29" CovItemPrefix="TestUnit.ClassDetails.java" Implct="false" Intrnl_Id="189">
<Cond/>
<LocList>
<Loc EndOffset="3979" SrcFileId="1" StartOffset="3967"/>
</LocList>
<StmntSeq Intrnl_Id="190">
<LocList>
<Loc EndOffset="3979" SrcFileId="1" StartOffset="3967"/>
</LocList>
<BasicStmnt CovItemId="S59" CovItemPrefix="TestUnit.ClassDetails.java" Intrnl_Id="191">
<LocList>
<Loc EndOffset="3979" SrcFileId="1" StartOffset="3967"/>
</LocList>
</BasicStmnt>
</StmntSeq>
</Branch>
<Branch CovItemId="B30" CovItemPrefix="TestUnit.ClassDetails.java" Implct="false" Intrnl_Id="192">
<Cond>
<Loc EndOffset="3993" SrcFileId="1" StartOffset="3989"/>
</Cond>
<LocList>
<Loc EndOffset="4020" SrcFileId="1" StartOffset="4007"/>
</LocList>
<StmntSeq Intrnl_Id="193">
<LocList>
<Loc EndOffset="4020" SrcFileId="1" StartOffset="4007"/>
</LocList>
<BasicStmnt CovItemId="S60" CovItemPrefix="TestUnit.ClassDetails.java" Intrnl_Id="194">
<LocList>
<Loc EndOffset="4020" SrcFileId="1" StartOffset="4007"/>
</LocList>
</BasicStmnt>
</StmntSeq>
</Branch>
<Keyword EndOffset="3903" SrcFileId="1" StartOffset="3901"/>
<LocList>
<Loc EndOffset="4020" SrcFileId="1" StartOffset="3901"/>
</LocList>
<RootTerm CovItemId="C19" CovItemPrefix="TestUnit.ClassDetails.java" Intrnl_Id="195">
<BasicBoolTerm Intrnl_Id="196">
<LocList>
<Loc EndOffset="3952" SrcFileId="1" StartOffset="3904"/>
</LocList>
</BasicBoolTerm>
</RootTerm>
</CondStmnt>
</StmntSeq>
</HierarchyLvl>
<HierarchyLvl HierarchyLvlId="260" HierarchyLvlTypeId="4" Intrnl_Id="197" Name="toString">
<Header>
<Loc EndOffset="4059" SrcFileId="1" StartOffset="4035"/>
</Header>
<LocList>
<Loc EndOffset="4594" SrcFileId="1" StartOffset="4035"/>
</LocList>
<StmntSeq Intrnl_Id="198">
<LocList>
<Loc EndOffset="4090" SrcFileId="1" StartOffset="4071"/>
<Loc EndOffset="4153" SrcFileId="1" StartOffset="4100"/>
<Loc EndOffset="4252" SrcFileId="1" StartOffset="4163"/>
<Loc EndOffset="4487" SrcFileId="1" StartOffset="4425"/>
<Loc EndOffset="4587" SrcFileId="1" StartOffset="4573"/>
</LocList>
<BasicStmnt CovItemId="S61" CovItemPrefix="TestUnit.ClassDetails.java" Intrnl_Id="199">
<LocList>
<Loc EndOffset="4090" SrcFileId="1" StartOffset="4071"/>
</LocList>
</BasicStmnt>
<BasicStmnt CovItemId="S62" CovItemPrefix="TestUnit.ClassDetails.java" Intrnl_Id="200">
<LocList>
<Loc EndOffset="4153" SrcFileId="1" StartOffset="4100"/>
</LocList>
</BasicStmnt>
<CondStmnt CovItemId="S63" CovItemPrefix="TestUnit.ClassDetails.java" Intrnl_Id="201">
<Branch CovItemId="B31" CovItemPrefix="TestUnit.ClassDetails.java" Implct="false" Intrnl_Id="202">
<Cond/>
<LocList>
<Loc EndOffset="4252" SrcFileId="1" StartOffset="4204"/>
</LocList>
<StmntSeq Intrnl_Id="203">
<LocList>
<Loc EndOffset="4252" SrcFileId="1" StartOffset="4204"/>
</LocList>
<BasicStmnt CovItemId="S64" CovItemPrefix="TestUnit.ClassDetails.java" Intrnl_Id="204">
<LocList>
<Loc EndOffset="4252" SrcFileId="1" StartOffset="4204"/>
</LocList>
</BasicStmnt>
</StmntSeq>
</Branch>
<Branch CovItemId="B32" CovItemPrefix="TestUnit.ClassDetails.java" Implct="true" Intrnl_Id="205">
<Cond/>
<LocList/>
<StmntSeq Intrnl_Id="206">
<LocList/>
</StmntSeq>
</Branch>
<Keyword EndOffset="4165" SrcFileId="1" StartOffset="4163"/>
<LocList>
<Loc EndOffset="4252" SrcFileId="1" StartOffset="4163"/>
</LocList>
<RootTerm CovItemId="C20" CovItemPrefix="TestUnit.ClassDetails.java" Intrnl_Id="207">
<BasicBoolTerm Intrnl_Id="208">
<LocList>
<Loc EndOffset="4189" SrcFileId="1" StartOffset="4167"/>
</LocList>
</BasicBoolTerm>
</RootTerm>
</CondStmnt>
<CondStmnt CovItemId="S65" CovItemPrefix="TestUnit.ClassDetails.java" Intrnl_Id="209">
<Branch CovItemId="B33" CovItemPrefix="TestUnit.ClassDetails.java" Implct="false" Intrnl_Id="210">
<Cond/>
<LocList>
<Loc EndOffset="4487" SrcFileId="1" StartOffset="4458"/>
</LocList>
<StmntSeq Intrnl_Id="211">
<LocList>
<Loc EndOffset="4487" SrcFileId="1" StartOffset="4458"/>
</LocList>
<BasicStmnt CovItemId="S66" CovItemPrefix="TestUnit.ClassDetails.java" Intrnl_Id="212">
<LocList>
<Loc EndOffset="4487" SrcFileId="1" StartOffset="4458"/>
</LocList>
</BasicStmnt>
</StmntSeq>
</Branch>
<Branch CovItemId="B34" CovItemPrefix="TestUnit.ClassDetails.java" Implct="true" Intrnl_Id="213">
<Cond/>
<LocList/>
<StmntSeq Intrnl_Id="214">
<LocList/>
</StmntSeq>
</Branch>
<Keyword EndOffset="4427" SrcFileId="1" StartOffset="4425"/>
<LocList>
<Loc EndOffset="4487" SrcFileId="1" StartOffset="4425"/>
</LocList>
<RootTerm CovItemId="C21" CovItemPrefix="TestUnit.ClassDetails.java" Intrnl_Id="215">
<BasicBoolTerm Intrnl_Id="216">
<LocList>
<Loc EndOffset="4443" SrcFileId="1" StartOffset="4429"/>
</LocList>
</BasicBoolTerm>
</RootTerm>
</CondStmnt>
<BasicStmnt CovItemId="S67" CovItemPrefix="TestUnit.ClassDetails.java" Intrnl_Id="217">
<LocList>
<Loc EndOffset="4587" SrcFileId="1" StartOffset="4573"/>
</LocList>
</BasicStmnt>
</StmntSeq>
</HierarchyLvl>
<HierarchyLvl HierarchyLvlId="261" HierarchyLvlTypeId="4" Intrnl_Id="218" Name="getDays">
<Header>
<Loc EndOffset="4625" SrcFileId="1" StartOffset="4602"/>
</Header>
<LocList>
<Loc EndOffset="4666" SrcFileId="1" StartOffset="4602"/>
</LocList>
<StmntSeq Intrnl_Id="219">
<LocList>
<Loc EndOffset="4659" SrcFileId="1" StartOffset="4637"/>
</LocList>
<BasicStmnt CovItemId="S68" CovItemPrefix="TestUnit.ClassDetails.java" Intrnl_Id="220">
<LocList>
<Loc EndOffset="4659" SrcFileId="1" StartOffset="4637"/>
</LocList>
</BasicStmnt>
</StmntSeq>
</HierarchyLvl>
<HierarchyLvl HierarchyLvlId="262" HierarchyLvlTypeId="4" Intrnl_Id="221" Name="setCourse">
<Header>
<Loc EndOffset="4707" SrcFileId="1" StartOffset="4676"/>
</Header>
<LocList>
<Loc EndOffset="4752" SrcFileId="1" StartOffset="4676"/>
</LocList>
<StmntSeq Intrnl_Id="222">
<LocList>
<Loc EndOffset="4738" SrcFileId="1" StartOffset="4722"/>
</LocList>
<BasicStmnt CovItemId="S69" CovItemPrefix="TestUnit.ClassDetails.java" Intrnl_Id="223">
<LocList>
<Loc EndOffset="4738" SrcFileId="1" StartOffset="4722"/>
</LocList>
</BasicStmnt>
</StmntSeq>
</HierarchyLvl>
<HierarchyLvl HierarchyLvlId="263" HierarchyLvlTypeId="4" Intrnl_Id="224" Name="getCourse">
<Header>
<Loc EndOffset="4786" SrcFileId="1" StartOffset="4761"/>
</Header>
<LocList>
<Loc EndOffset="4828" SrcFileId="1" StartOffset="4761"/>
</LocList>
<StmntSeq Intrnl_Id="225">
<LocList>
<Loc EndOffset="4820" SrcFileId="1" StartOffset="4795"/>
</LocList>
<BasicStmnt CovItemId="S70" CovItemPrefix="TestUnit.ClassDetails.java" Intrnl_Id="226">
<LocList>
<Loc EndOffset="4820" SrcFileId="1" StartOffset="4795"/>
</LocList>
</BasicStmnt>
</StmntSeq>
</HierarchyLvl>
</HierarchyLvl>
</HierarchyLvl>
</HierarchyLvl>
</MASTRoot>
</TestSessionContainer>
