<?xml version="1.0" encoding="UTF-8"?><TestSessionContainer xmlns="http://www.codecover.org/xml/testsession-container" Date="1500934696954" TestSessionContainerId="75fb726b-fea6-4721-950c-5f2d2c56e60c" version="1.0">
<SrcFileList>
<SrcFile Content="package TestUnit;&#13;&#10;import stubs.*;&#13;&#10;import static org.junit.Assert.*;&#13;&#10;&#13;&#10;import org.junit.After;&#13;&#10;import org.junit.Before;&#13;&#10;import org.junit.Test;&#13;&#10;import static org.mockito.Mockito.*;&#13;&#10;import java.util.*;&#13;&#10;&#13;&#10;public class ClassDetailsTests {&#13;&#10;&#13;&#10;&#9;Time t1;&#13;&#10;&#9;Time t2;&#13;&#10;&#9;Time t3;&#13;&#10;&#9;Time t4;&#13;&#10;&#9;Time t5;&#13;&#10;&#9;Time t6;&#13;&#10;&#9;Time t7;&#13;&#10;&#9;Time t8;&#13;&#10;&#9;ClassDetails cd1;&#13;&#10;&#9;ClassDetails cd2;&#13;&#10;&#9;ClassDetails cd3;&#13;&#10;&#9;ClassDetails cd4;&#13;&#10;&#9;ClassDetails cd5;&#13;&#10;&#9;ClassDetails cd6;&#13;&#10;&#9;ClassDetails cd7;&#13;&#10;&#9;ClassDetails cd8;&#13;&#10;&#9;&#13;&#10;&#9;@Before&#13;&#10;&#9;public void setUp() throws Exception {&#13;&#10;&#9;&#9;// Change the value of the time in the Time constructors&#13;&#10;&#9;&#9;t1 = new Time(&quot;04:30&quot;, &quot;06:20&quot;, &quot;0101000&quot;);&#13;&#10;&#9;&#9;t2 = new Time(&quot;03:30&quot;, &quot;03:45&quot;, &quot;0101000&quot;);&#13;&#10;&#9;&#9;t3 = new Time(&quot;12:00&quot;, &quot;01:00&quot;, &quot;1010000&quot;);&#13;&#10;&#9;&#9;t4 = new Time(&quot;04:30&quot;, &quot;06:20&quot;, &quot;0101000&quot;);&#13;&#10;&#9;&#9;t5 = new Time(&quot;04:20&quot;, &quot;06:10&quot;, &quot;0101000&quot;);&#13;&#10;&#9;&#9;t6 = new Time(&quot;06:20&quot;, &quot;09:20&quot; ,&quot;0101000&quot;);&#13;&#10;&#9;&#9;t7 = new Time(&quot;05:00&quot;, &quot;06:00&quot; ,&quot;0101000&quot;);&#13;&#10;&#9;&#9;t8 = new Time(&quot;03:30&quot;, &quot;05:00&quot;, &quot;0101000&quot;);&#13;&#10;&#9;&#9;cd1 = new ClassDetails();&#13;&#10;&#9;&#9;cd2 = new ClassDetails();&#13;&#10;&#9;&#9;cd4 = new ClassDetails();&#13;&#10;&#9;&#9;cd5 = new ClassDetails();&#13;&#10;&#9;&#9;cd6 = new ClassDetails();&#13;&#10;&#9;&#9;cd7 = new ClassDetails();&#13;&#10;&#9;&#9;cd8 = new ClassDetails();&#13;&#10;&#9;&#9;cd1.setTime(t1);&#13;&#10;&#9;&#9;cd4.setTime(t4);&#13;&#10;&#9;&#9;cd2.setTime(t2);&#13;&#10;&#9;&#9;cd3 = new ClassDetails(new Course(&quot;cop&quot;, &quot;2210&quot;),&quot;10772&quot;);&#13;&#10;&#9;&#9;cd3.setTime(t3);&#13;&#10;&#9;&#9;cd5.setTime(t5);&#13;&#10;&#9;&#9;cd6.setTime(t6);&#13;&#10;&#9;&#9;cd7.setTime(t7);&#13;&#10;&#9;&#9;cd8.setTime(t8);&#13;&#10;&#9;&#9;&#13;&#10;&#9;}&#13;&#10;&#13;&#10;&#9;@After&#13;&#10;&#9;public void tearDown() throws Exception {&#13;&#10;&#9;}&#13;&#10;/*&#13;&#10; * Test ID: UT_CD_001_SetTerm&#13;&#10; * Purpose: To set the setTerm(String) method. This method allows to set the&#13;&#10; *          term for a ClassDetails object&#13;&#10; * Precondition:A &#13;&#10; * Input:&#13;&#10; * Expected Output:&#13;&#10; */&#13;&#10;&#9;@Test&#13;&#10;&#9;public void testSetTerm() {&#9;    &#13;&#10;&#9;&#9;cd1.setTerm(&quot;Fall 2017&quot;);&#13;&#10;&#9;&#9;assertEquals(&quot;Fall 2017&quot;, cd1.getTerm());   &#13;&#10;&#9;}&#13;&#10;&#9;&#13;&#10;&#9;// This test two objects with no interference&#13;&#10;&#9;@Test&#13;&#10;&#9;public void testHasConflict1() {&#13;&#10;&#9;&#9;assertEquals(false, cd1.hasConflict(cd2));&#13;&#10;&#9;}&#13;&#10;&#9;&#13;&#10;&#9;// This tests two objects with the same exact time&#13;&#10;&#9;@Test&#13;&#10;&#9;public void testHasConflict2() {&#13;&#10;&#9;&#9;assertEquals(true, cd1.hasConflict(cd4));&#13;&#10;&#9;}&#13;&#10;&#9;// This test two objects where cd1 happens after cd5&#13;&#10;&#9;@Test&#13;&#10;&#9;public void testHasConflict3() {&#13;&#10;&#9;&#9;assertEquals(true, cd1.hasConflict(cd5));&#13;&#10;&#9;}&#13;&#10;&#9;&#13;&#10;&#9;// This test two objects where cd1 happens before cd5&#13;&#10;&#9;&#9;@Test&#13;&#10;&#9;public void testHasConflict4() {&#13;&#10;&#9;&#9;assertEquals(true, cd5.hasConflict(cd1));&#13;&#10;&#9;}&#13;&#10;&#9;&#9;&#13;&#10;&#9;//This tests for overlapping end(cd1) and start times(cd6)&#13;&#10;&#9;@Test&#13;&#10;&#9;public void testHasConflict5() {&#13;&#10;&#9;&#9;assertEquals(true, cd1.hasConflict(cd6));&#13;&#10;&#9;}&#13;&#10;&#9;&#9;&#13;&#10;&#9;//Test if cd7 is ending earlier than cd1 even though cd1 started earlier&#13;&#10;&#9;@Test&#13;&#10;&#9;public void testHasConflict6() {&#13;&#10;&#9;&#9;assertEquals(true, cd1.hasConflict(cd7));&#13;&#10;&#9;}&#13;&#10;&#9;&#13;&#10;&#9;// Tests if cd8 starts before cd1 and cd8 ends before cd1&#13;&#10;&#9;@Test&#13;&#10;&#9;public void testHasConflict7() {&#13;&#10;&#9;&#9;assertEquals(true, cd1.hasConflict(cd8));&#13;&#10;&#9;}&#13;&#10;&#9;&#13;&#10;&#9;@Test&#13;&#10;&#9;public void testGetTerm() {&#13;&#10;&#9;&#9;cd1.setTerm(&quot;Spring 2018&quot;);&#13;&#10;&#9;&#9;assertEquals(&quot;Spring 2018&quot;, cd1.getTerm());&#13;&#10;&#9;}&#13;&#10;&#9;&#13;&#10;&#9;@Test&#13;&#10;&#9;public void testSetCampus1() {&#13;&#10;&#9;&#9;cd1.setCampus(&quot;MMC&quot;);&#13;&#10;&#9;&#9;assertEquals(&quot;MMC&quot;, cd1.getCampus());&#13;&#10;&#9;}&#13;&#10;&#9;&#13;&#10;&#9;@Test&#13;&#10;&#9;public void testSetCampus2() {&#13;&#10;&#9;&#9;cd1.setCampus(&quot;&quot;);&#13;&#10;&#9;&#9;assertEquals(&quot;&quot;, cd1.getCampus());&#13;&#10;&#9;}&#13;&#10;&#9;&#13;&#10;&#9;@Test&#13;&#10;&#9;public void testGetCampus() {&#13;&#10;&#9;&#9;cd1.setCampus(&quot;MMC&quot;);&#13;&#10;&#9;&#9;assertEquals(&quot;MMC&quot;, cd1.getCampus());&#13;&#10;&#9;}&#13;&#10;&#9;&#13;&#10;&#9;@Test&#13;&#10;&#9;public void testGetInstructor() {&#13;&#10;&#9;&#9;assertNotNull(null, cd1.getInstructor());&#13;&#10;&#9;}&#13;&#10;&#9;&#13;&#10;&#9;@Test &#13;&#10;&#9;public void testSetTime() {&#13;&#10;&#9;&#9;Time mockedTime = mock(Time.class);&#13;&#10;&#9;&#9;when(mockedTime.toString()).thenReturn(&quot;04:30-06:20&quot;);&#13;&#10;&#9;&#9;cd1.setTime(mockedTime);&#13;&#10;&#9;&#9;assertEquals(&quot;04:30-06:20&quot;, cd1.getTime().toString());&#13;&#10;&#9;}&#13;&#10;&#9;&#13;&#10;&#9;@Test&#13;&#10;&#9;public void testGetTime() {&#13;&#10;&#9;&#9;Time mockedTime = mock(Time.class);&#13;&#10;&#9;&#9;when(mockedTime.toString()).thenReturn(&quot;04:30-06:20&quot;);&#13;&#10;&#9;&#9;cd1.setTime(mockedTime);&#13;&#10;&#9;&#9;assertEquals(&quot;04:30-06:20&quot;, cd1.getTime().toString());&#13;&#10;&#9;}&#13;&#10;&#9;&#13;&#10;&#9;&#13;&#10;&#9;@Test&#13;&#10;&#9;public void testGetDays() {&#13;&#10;&#9;&#9;Time mockedTime = mock(Time.class);&#13;&#10;&#9;&#9;mockedTime.days = &quot;0101000&quot;;&#13;&#10;&#9;&#9;cd1.setTime(mockedTime);&#13;&#10;&#9;&#9;assertEquals(&quot;0101000&quot;, cd1.getDays());&#13;&#10;&#9;}&#13;&#10;&#9;&#13;&#10;&#9;@Test&#13;&#10;&#9;public void testIsAtDay1() {&#13;&#10;&#9;&#9;Time mockedTime = mock(Time.class);&#13;&#10;&#9;&#9;cd1.setTime(mockedTime);&#13;&#10;&#9;&#9;mockedTime.days = &quot;0101000&quot;;&#13;&#10;&#9;&#9;// The day entered here corresponds to Monday = 0 and Tuesday = 1 and so on...&#13;&#10;&#9;&#9;assertEquals(true, cd1.isAtDay(3));&#13;&#10;&#9;}&#13;&#10;&#9;&#13;&#10;&#9;@Test&#13;&#10;&#9;public void testIsAtDay2() {&#13;&#10;&#9;&#9;Time mockedTime = mock(Time.class);&#13;&#10;&#9;&#9;cd1.setTime(mockedTime);&#13;&#10;&#9;&#9;mockedTime.days = &quot;0101000&quot;;&#13;&#10;&#9;&#9;// The day entered here corresponds to Monday = 0 and Tuesday = 1 and so on...&#13;&#10;&#9;&#9;assertEquals(false, cd1.isAtDay(2));&#13;&#10;&#9;}&#13;&#10;&#9;&#13;&#10;&#9;@Test&#13;&#10;&#9;public void testIsAtTime1() {&#13;&#10;&#9;&#9;Time mockedTime = mock(Time.class);&#13;&#10;&#9;&#9;mockedTime.toHr = 12;&#13;&#10;&#9;&#9;mockedTime.frHr = 10;&#13;&#10;&#9;&#9;cd1.setTime(mockedTime);&#13;&#10;&#9;&#9;assertEquals(false, cd1.isAtTime(07));&#13;&#10;&#9;}&#13;&#10;&#9;&#13;&#10;&#9;@Test&#13;&#10;&#9;public void testIsAtTime2() {&#13;&#10;&#9;&#9;Time mockedTime = mock(Time.class);&#13;&#10;&#9;&#9;mockedTime.toHr = 12;&#13;&#10;&#9;&#9;mockedTime.frHr = 10;&#13;&#10;&#9;&#9;cd1.setTime(mockedTime);&#13;&#10;&#9;&#9;assertEquals(true, cd1.isAtTime(11));&#13;&#10;&#9;}&#13;&#10;&#9;&#13;&#10;&#9;@Test&#13;&#10;&#9;public void testToString() {&#13;&#10;&#9;&#9;Time mockedTime = new Time(&quot;10:00&quot;, &quot;12:00&quot;, &quot;1010000&quot;);&#13;&#10;&#9;&#9;Course mockedCourse = new Course(&quot;COP&quot;, &quot;3337&quot;);&#13;&#10;&#9;&#9;mockedTime.toHr = 12;&#13;&#10;&#9;&#9;mockedTime.frHr = 10;&#13;&#10;&#9;&#9;cd1.setTime(mockedTime);&#13;&#10;&#9;&#9;cd1.setCourse(mockedCourse);&#13;&#10;&#9;&#9;cd1.setCampus(&quot;MMC&quot;);&#13;&#10;&#9;&#9;//cd1.setClassNbr(&quot;12345&quot;);&#13;&#10;&#9;&#9;&#13;&#10;&#9;&#9;assertEquals(&quot;Programming\n12345\n10:00-12:00\nMMC\n&quot;, cd1.toString());&#13;&#10;&#9;}&#13;&#10;&#9;&#13;&#10;&#9;@Test&#13;&#10;&#9;public void testSetCourse() {&#13;&#10;&#9;&#9;Course mockedCourse = new Course(&quot;COP&quot;, &quot;3337&quot;);&#13;&#10;&#9;&#9;cd1.setCourse(mockedCourse);&#13;&#10;&#9;&#9;assertEquals(&quot;COP3337&quot;, cd1.getCourse());&#13;&#10;&#9;}&#13;&#10;&#9;&#13;&#10;&#9;@Test&#13;&#10;&#9;public void testGetCourse(){&#13;&#10;&#9;&#9;&#13;&#10;&#9;&#9;Course mockedCourse = mock(Course.class);&#13;&#10;&#9;&#9;when(mockedCourse.toString()).thenReturn(&quot;COP3337&quot;);&#13;&#10;&#9;&#9;cd1.setCourse(mockedCourse);&#13;&#10;&#9;&#9;assertEquals(&quot;COP3337&quot;, cd1.getCourse());&#13;&#10;&#9;&#9;&#13;&#10;&#9;}&#13;&#10;&#9;&#13;&#10;&#9;@Test&#13;&#10;&#9;public void testSetClassNbr() {&#13;&#10;&#9;&#13;&#10;&#9;}&#13;&#10;}&#13;&#10;" Filename="ClassDetailsTests.java" Intrnl_Id="1"/>
<SrcFile Content="package TestUnit;&#13;&#10;&#13;&#10;import java.util.Collection;&#13;&#10;import java.util.ArrayList;&#13;&#10;import java.util.Iterator;&#13;&#10;import java.sql.ResultSet;&#13;&#10;import java.sql.SQLException;&#13;&#10;import java.io.CharArrayWriter;&#13;&#10;&#13;&#10;&#13;&#10;&#13;&#10;&#13;&#10;&#13;&#10;import stubs.*;&#13;&#10;&#13;&#10;&#13;&#10;public class ClassDetails {&#13;&#10;&#13;&#10;    private Course course;&#13;&#10;    private String classNbr;&#13;&#10;    private Professor instructor;&#13;&#10;    private String bldg_room;&#13;&#10;    private String campus;&#13;&#10;    private String term;&#13;&#10;    private Time time;&#13;&#10;&#13;&#10;    //constructor&#13;&#10;    public ClassDetails() {&#13;&#10;&#13;&#10;    }&#13;&#10;&#13;&#10;    public String getTerm() {&#13;&#10;    &#9;return term;&#13;&#10;    }&#13;&#10;    &#13;&#10;    public void setTerm(String term) {&#13;&#10;        this.term = term;&#13;&#10;    }&#13;&#10;    &#13;&#10;    public void setCampus(String campus) {&#13;&#10;        this.campus = campus;&#13;&#10;    }&#13;&#10;&#13;&#10;    public String getCampus() {&#13;&#10;    &#9;return campus;&#13;&#10;    }&#13;&#10;    public ClassDetails(Course course, String classNbr) {&#13;&#10;        this.course = course;&#13;&#10;        this.classNbr = classNbr;&#13;&#10;    }&#13;&#10;&#13;&#10;    public Professor getInstructor() {&#13;&#10;        return null;&#13;&#10;    }&#13;&#10;&#13;&#10;    public boolean hasConflict(ClassDetails cd) {&#13;&#10;        Time c1 = getTime();&#13;&#10;        Time c2 = cd.getTime();&#13;&#10;        //compare times&#13;&#10;        String daysofC1 = c1.days;&#13;&#10;        String daysofC2 = c2.days;&#13;&#10;        //System.out.println(daysofC1);&#13;&#10;        ArrayList&lt;String&gt; A1, A2;&#13;&#10;        A1 = new ArrayList&lt;String&gt;();&#13;&#10;        A2 = new ArrayList&lt;String&gt;();&#13;&#10;        String[] days = new String[7];&#13;&#10;        days[0] = &quot;Mon&quot;;&#13;&#10;        days[1] = &quot;Tues&quot;;&#13;&#10;        days[2] = &quot;Wed&quot;;&#13;&#10;        days[3] = &quot;Thurs&quot;;&#13;&#10;        days[4] = &quot;Fri&quot;;&#13;&#10;        days[5] = &quot;Sat&quot;;&#13;&#10;        days[6] = &quot;Sun&quot;;&#13;&#10;&#13;&#10;        for (int i = 0; i &lt; 7; i++)&#13;&#10;        {&#13;&#10;            if (daysofC1.charAt(i) == '1')&#13;&#10;            {&#13;&#10;                String day = new String(days[i]);&#13;&#10;                A1.add(day);&#13;&#10;            }&#13;&#10;        }&#13;&#10;&#13;&#10;        for (int i = 0; i &lt; 7; i++)&#13;&#10;        {&#13;&#10;            if (daysofC2.charAt(i) == '1')&#13;&#10;            {&#13;&#10;                String day = new String(days[i]);&#13;&#10;                A2.add(day);&#13;&#10;            }&#13;&#10;        }&#13;&#10;        Iterator&lt;String&gt; it1 = A1.iterator();&#13;&#10;        Iterator&lt;String&gt; it2 = A2.iterator();&#13;&#10;        while (it1.hasNext())&#13;&#10;        {&#13;&#10;            String d1 = it1.next();&#13;&#10;            while (it2.hasNext())&#13;&#10;            {&#13;&#10;                String d2 = it2.next();&#13;&#10;&#13;&#10;                if (d1.equals(d2))&#13;&#10;                {&#13;&#10;                    //both classes starts at same hour&#13;&#10;                    if (c1.frHr == c2.frHr)&#13;&#10;                    {&#13;&#10;                        if (c1.frMn &gt;= c2.frMn)&#13;&#10;                            return true;&#13;&#10;                    }&#13;&#10;                    // c1 starts before c2&#13;&#10;                    else if (c1.frHr &lt; c2.frHr)&#13;&#10;                    {&#13;&#10;                        if (c1.toHr == c2.frHr)&#13;&#10;                        {&#13;&#10;                            if (c1.toMn &gt;= c2.frMn)&#13;&#10;                                return true;&#13;&#10;                        }&#13;&#10;                        else if (c1.toHr &gt; c2.frHr)&#13;&#10;                            return true;&#13;&#10;                    }&#13;&#10;&#13;&#10;                    //c1 starts after c2&#13;&#10;&#13;&#10;                    else if (c1.frHr &gt; c2.frHr)&#13;&#10;                    {&#13;&#10;                        if (c2.toHr == c1.frHr)&#13;&#10;                        {&#13;&#10;                            if (c2.toMn &gt;= c1.frMn)&#13;&#10;                                return true;&#13;&#10;                        }&#13;&#10;                        else if (c2.toHr &gt; c1.frHr)&#13;&#10;                            return true;&#13;&#10;                    }&#13;&#10;                }&#13;&#10;            }&#13;&#10;        }&#13;&#10;&#13;&#10;        return false;&#13;&#10;    }&#13;&#10;&#13;&#10;    public Time getTime() {&#13;&#10;        return time;&#13;&#10;    }&#13;&#10;&#13;&#10;    public void setTime(Time t) {&#13;&#10;        time = t;&#13;&#10;    }&#13;&#10;&#13;&#10;    public boolean isAtTime(int hour) {&#13;&#10;        if(getTime().frHr &lt;= hour &amp;&amp; hour &lt;= getTime().toHr)&#13;&#10;            return true;&#13;&#10;        else&#13;&#10;            return false;&#13;&#10;    }&#13;&#10;&#13;&#10;    public boolean isAtDay(int day) {&#13;&#10;        if(getTime().days.substring(day, day+1).equals(&quot;1&quot;))&#13;&#10;            return true;&#13;&#10;        else&#13;&#10;            return false;&#13;&#10;    }&#13;&#10;&#13;&#10;    public String toString() {&#13;&#10;        String result = &quot;&quot;;&#13;&#10;        result += course.toString() + &quot;\n&quot; + classNbr + &quot;\n&quot;;&#13;&#10;        if (this.getTime() != null)&#13;&#10;            result += &quot;&quot; + this.getTime().toString() + &quot;\n&quot;;&#13;&#10;//        if (instructor != null)&#13;&#10;//            result += &quot;&quot; + instructor.toString();&#13;&#10;//        if (bldg_room != null)&#13;&#10;//            result += &quot;&quot; + bldg_room;&#13;&#10;        if (campus != null)&#13;&#10;            result += &quot;&quot; + campus + &quot;\n&quot;;&#13;&#10;//        if (term != null)&#13;&#10;//            result += &quot;&quot; + term.toString();&#13;&#10;        return result;&#13;&#10;    }&#13;&#10;&#13;&#10;    public String getDays() {&#13;&#10;        return getTime().days;&#13;&#10;    }&#13;&#10;&#9;&#9;&#13;&#10;    public void setCourse(Course c){&#13;&#10;    &#9;&#13;&#10;    &#9;this.course = c;&#13;&#10;    &#9;&#13;&#10;    }&#13;&#10; &#13;&#10;    public String getCourse(){&#13;&#10; &#9;&#13;&#10; &#9;return course.toString();&#13;&#10; &#9;&#13;&#10; }&#13;&#10;}&#13;&#10;" Filename="ClassDetails.java" Intrnl_Id="2"/>
</SrcFileList>
<CritList>
<CritListEntry Name="org.codecover.model.utils.criteria.BranchCoverage" PluginName="org.codecover"/>
<CritListEntry Name="org.codecover.model.utils.criteria.StatementCoverage" PluginName="org.codecover"/>
</CritList>
<BoolOpList/>
<HierarchyLvlTypeList>
<HierarchyLvlType EnglishName="package" IntrnlName="package" Intrnl_Id="3"/>
<HierarchyLvlType EnglishName="method" IntrnlName="method" Intrnl_Id="4"/>
<HierarchyLvlType EnglishName="class" IntrnlName="class" Intrnl_Id="5"/>
<HierarchyLvlType EnglishName="default package" IntrnlName="default package" Intrnl_Id="6"/>
</HierarchyLvlTypeList>
<MASTRoot>
<HierarchyLvl HierarchyLvlId="496" HierarchyLvlTypeId="6" Intrnl_Id="7" Name="default package">
<Header/>
<LocList/>
<HierarchyLvl HierarchyLvlId="495" HierarchyLvlTypeId="3" Intrnl_Id="8" Name="TestUnit">
<Header/>
<LocList/>
<HierarchyLvl HierarchyLvlId="477" HierarchyLvlTypeId="5" Intrnl_Id="9" Name="ClassDetailsTests">
<Header>
<Loc EndOffset="239" SrcFileId="1" StartOffset="209"/>
</Header>
<LocList>
<Loc EndOffset="5896" SrcFileId="1" StartOffset="209"/>
</LocList>
<HierarchyLvl HierarchyLvlId="451" HierarchyLvlTypeId="4" Intrnl_Id="10" Name="setUp">
<Header>
<Loc EndOffset="543" SrcFileId="1" StartOffset="497"/>
</Header>
<LocList>
<Loc EndOffset="1414" SrcFileId="1" StartOffset="497"/>
</LocList>
<StmntSeq Intrnl_Id="11">
<LocList>
<Loc EndOffset="652" SrcFileId="1" StartOffset="609"/>
<Loc EndOffset="699" SrcFileId="1" StartOffset="656"/>
<Loc EndOffset="746" SrcFileId="1" StartOffset="703"/>
<Loc EndOffset="793" SrcFileId="1" StartOffset="750"/>
<Loc EndOffset="840" SrcFileId="1" StartOffset="797"/>
<Loc EndOffset="887" SrcFileId="1" StartOffset="844"/>
<Loc EndOffset="934" SrcFileId="1" StartOffset="891"/>
<Loc EndOffset="981" SrcFileId="1" StartOffset="938"/>
<Loc EndOffset="1010" SrcFileId="1" StartOffset="985"/>
<Loc EndOffset="1039" SrcFileId="1" StartOffset="1014"/>
<Loc EndOffset="1068" SrcFileId="1" StartOffset="1043"/>
<Loc EndOffset="1097" SrcFileId="1" StartOffset="1072"/>
<Loc EndOffset="1126" SrcFileId="1" StartOffset="1101"/>
<Loc EndOffset="1155" SrcFileId="1" StartOffset="1130"/>
<Loc EndOffset="1184" SrcFileId="1" StartOffset="1159"/>
<Loc EndOffset="1204" SrcFileId="1" StartOffset="1188"/>
<Loc EndOffset="1224" SrcFileId="1" StartOffset="1208"/>
<Loc EndOffset="1244" SrcFileId="1" StartOffset="1228"/>
<Loc EndOffset="1306" SrcFileId="1" StartOffset="1248"/>
<Loc EndOffset="1326" SrcFileId="1" StartOffset="1310"/>
<Loc EndOffset="1346" SrcFileId="1" StartOffset="1330"/>
<Loc EndOffset="1366" SrcFileId="1" StartOffset="1350"/>
<Loc EndOffset="1386" SrcFileId="1" StartOffset="1370"/>
<Loc EndOffset="1406" SrcFileId="1" StartOffset="1390"/>
</LocList>
<BasicStmnt CovItemId="S1" CovItemPrefix="TestUnit.ClassDetailsTests.java" Intrnl_Id="12">
<LocList>
<Loc EndOffset="652" SrcFileId="1" StartOffset="609"/>
</LocList>
</BasicStmnt>
<BasicStmnt CovItemId="S2" CovItemPrefix="TestUnit.ClassDetailsTests.java" Intrnl_Id="13">
<LocList>
<Loc EndOffset="699" SrcFileId="1" StartOffset="656"/>
</LocList>
</BasicStmnt>
<BasicStmnt CovItemId="S3" CovItemPrefix="TestUnit.ClassDetailsTests.java" Intrnl_Id="14">
<LocList>
<Loc EndOffset="746" SrcFileId="1" StartOffset="703"/>
</LocList>
</BasicStmnt>
<BasicStmnt CovItemId="S4" CovItemPrefix="TestUnit.ClassDetailsTests.java" Intrnl_Id="15">
<LocList>
<Loc EndOffset="793" SrcFileId="1" StartOffset="750"/>
</LocList>
</BasicStmnt>
<BasicStmnt CovItemId="S5" CovItemPrefix="TestUnit.ClassDetailsTests.java" Intrnl_Id="16">
<LocList>
<Loc EndOffset="840" SrcFileId="1" StartOffset="797"/>
</LocList>
</BasicStmnt>
<BasicStmnt CovItemId="S6" CovItemPrefix="TestUnit.ClassDetailsTests.java" Intrnl_Id="17">
<LocList>
<Loc EndOffset="887" SrcFileId="1" StartOffset="844"/>
</LocList>
</BasicStmnt>
<BasicStmnt CovItemId="S7" CovItemPrefix="TestUnit.ClassDetailsTests.java" Intrnl_Id="18">
<LocList>
<Loc EndOffset="934" SrcFileId="1" StartOffset="891"/>
</LocList>
</BasicStmnt>
<BasicStmnt CovItemId="S8" CovItemPrefix="TestUnit.ClassDetailsTests.java" Intrnl_Id="19">
<LocList>
<Loc EndOffset="981" SrcFileId="1" StartOffset="938"/>
</LocList>
</BasicStmnt>
<BasicStmnt CovItemId="S9" CovItemPrefix="TestUnit.ClassDetailsTests.java" Intrnl_Id="20">
<LocList>
<Loc EndOffset="1010" SrcFileId="1" StartOffset="985"/>
</LocList>
</BasicStmnt>
<BasicStmnt CovItemId="S10" CovItemPrefix="TestUnit.ClassDetailsTests.java" Intrnl_Id="21">
<LocList>
<Loc EndOffset="1039" SrcFileId="1" StartOffset="1014"/>
</LocList>
</BasicStmnt>
<BasicStmnt CovItemId="S11" CovItemPrefix="TestUnit.ClassDetailsTests.java" Intrnl_Id="22">
<LocList>
<Loc EndOffset="1068" SrcFileId="1" StartOffset="1043"/>
</LocList>
</BasicStmnt>
<BasicStmnt CovItemId="S12" CovItemPrefix="TestUnit.ClassDetailsTests.java" Intrnl_Id="23">
<LocList>
<Loc EndOffset="1097" SrcFileId="1" StartOffset="1072"/>
</LocList>
</BasicStmnt>
<BasicStmnt CovItemId="S13" CovItemPrefix="TestUnit.ClassDetailsTests.java" Intrnl_Id="24">
<LocList>
<Loc EndOffset="1126" SrcFileId="1" StartOffset="1101"/>
</LocList>
</BasicStmnt>
<BasicStmnt CovItemId="S14" CovItemPrefix="TestUnit.ClassDetailsTests.java" Intrnl_Id="25">
<LocList>
<Loc EndOffset="1155" SrcFileId="1" StartOffset="1130"/>
</LocList>
</BasicStmnt>
<BasicStmnt CovItemId="S15" CovItemPrefix="TestUnit.ClassDetailsTests.java" Intrnl_Id="26">
<LocList>
<Loc EndOffset="1184" SrcFileId="1" StartOffset="1159"/>
</LocList>
</BasicStmnt>
<BasicStmnt CovItemId="S16" CovItemPrefix="TestUnit.ClassDetailsTests.java" Intrnl_Id="27">
<LocList>
<Loc EndOffset="1204" SrcFileId="1" StartOffset="1188"/>
</LocList>
</BasicStmnt>
<BasicStmnt CovItemId="S17" CovItemPrefix="TestUnit.ClassDetailsTests.java" Intrnl_Id="28">
<LocList>
<Loc EndOffset="1224" SrcFileId="1" StartOffset="1208"/>
</LocList>
</BasicStmnt>
<BasicStmnt CovItemId="S18" CovItemPrefix="TestUnit.ClassDetailsTests.java" Intrnl_Id="29">
<LocList>
<Loc EndOffset="1244" SrcFileId="1" StartOffset="1228"/>
</LocList>
</BasicStmnt>
<BasicStmnt CovItemId="S19" CovItemPrefix="TestUnit.ClassDetailsTests.java" Intrnl_Id="30">
<LocList>
<Loc EndOffset="1306" SrcFileId="1" StartOffset="1248"/>
</LocList>
</BasicStmnt>
<BasicStmnt CovItemId="S20" CovItemPrefix="TestUnit.ClassDetailsTests.java" Intrnl_Id="31">
<LocList>
<Loc EndOffset="1326" SrcFileId="1" StartOffset="1310"/>
</LocList>
</BasicStmnt>
<BasicStmnt CovItemId="S21" CovItemPrefix="TestUnit.ClassDetailsTests.java" Intrnl_Id="32">
<LocList>
<Loc EndOffset="1346" SrcFileId="1" StartOffset="1330"/>
</LocList>
</BasicStmnt>
<BasicStmnt CovItemId="S22" CovItemPrefix="TestUnit.ClassDetailsTests.java" Intrnl_Id="33">
<LocList>
<Loc EndOffset="1366" SrcFileId="1" StartOffset="1350"/>
</LocList>
</BasicStmnt>
<BasicStmnt CovItemId="S23" CovItemPrefix="TestUnit.ClassDetailsTests.java" Intrnl_Id="34">
<LocList>
<Loc EndOffset="1386" SrcFileId="1" StartOffset="1370"/>
</LocList>
</BasicStmnt>
<BasicStmnt CovItemId="S24" CovItemPrefix="TestUnit.ClassDetailsTests.java" Intrnl_Id="35">
<LocList>
<Loc EndOffset="1406" SrcFileId="1" StartOffset="1390"/>
</LocList>
</BasicStmnt>
</StmntSeq>
</HierarchyLvl>
<HierarchyLvl HierarchyLvlId="452" HierarchyLvlTypeId="4" Intrnl_Id="36" Name="tearDown">
<Header>
<Loc EndOffset="1467" SrcFileId="1" StartOffset="1419"/>
</Header>
<LocList>
<Loc EndOffset="1473" SrcFileId="1" StartOffset="1419"/>
</LocList>
</HierarchyLvl>
<HierarchyLvl HierarchyLvlId="453" HierarchyLvlTypeId="4" Intrnl_Id="37" Name="testSetTerm">
<Header>
<Loc EndOffset="1723" SrcFileId="1" StartOffset="1690"/>
</Header>
<LocList>
<Loc EndOffset="1811" SrcFileId="1" StartOffset="1690"/>
</LocList>
<StmntSeq Intrnl_Id="38">
<LocList>
<Loc EndOffset="1759" SrcFileId="1" StartOffset="1734"/>
<Loc EndOffset="1804" SrcFileId="1" StartOffset="1763"/>
</LocList>
<BasicStmnt CovItemId="S25" CovItemPrefix="TestUnit.ClassDetailsTests.java" Intrnl_Id="39">
<LocList>
<Loc EndOffset="1759" SrcFileId="1" StartOffset="1734"/>
</LocList>
</BasicStmnt>
<BasicStmnt CovItemId="S26" CovItemPrefix="TestUnit.ClassDetailsTests.java" Intrnl_Id="40">
<LocList>
<Loc EndOffset="1804" SrcFileId="1" StartOffset="1763"/>
</LocList>
</BasicStmnt>
</StmntSeq>
</HierarchyLvl>
<HierarchyLvl HierarchyLvlId="454" HierarchyLvlTypeId="4" Intrnl_Id="41" Name="testHasConflict1">
<Header>
<Loc EndOffset="1903" SrcFileId="1" StartOffset="1865"/>
</Header>
<LocList>
<Loc EndOffset="1955" SrcFileId="1" StartOffset="1865"/>
</LocList>
<StmntSeq Intrnl_Id="42">
<LocList>
<Loc EndOffset="1951" SrcFileId="1" StartOffset="1909"/>
</LocList>
<BasicStmnt CovItemId="S27" CovItemPrefix="TestUnit.ClassDetailsTests.java" Intrnl_Id="43">
<LocList>
<Loc EndOffset="1951" SrcFileId="1" StartOffset="1909"/>
</LocList>
</BasicStmnt>
</StmntSeq>
</HierarchyLvl>
<HierarchyLvl HierarchyLvlId="455" HierarchyLvlTypeId="4" Intrnl_Id="44" Name="testHasConflict2">
<Header>
<Loc EndOffset="2052" SrcFileId="1" StartOffset="2014"/>
</Header>
<LocList>
<Loc EndOffset="2103" SrcFileId="1" StartOffset="2014"/>
</LocList>
<StmntSeq Intrnl_Id="45">
<LocList>
<Loc EndOffset="2099" SrcFileId="1" StartOffset="2058"/>
</LocList>
<BasicStmnt CovItemId="S28" CovItemPrefix="TestUnit.ClassDetailsTests.java" Intrnl_Id="46">
<LocList>
<Loc EndOffset="2099" SrcFileId="1" StartOffset="2058"/>
</LocList>
</BasicStmnt>
</StmntSeq>
</HierarchyLvl>
<HierarchyLvl HierarchyLvlId="456" HierarchyLvlTypeId="4" Intrnl_Id="47" Name="testHasConflict3">
<Header>
<Loc EndOffset="2199" SrcFileId="1" StartOffset="2161"/>
</Header>
<LocList>
<Loc EndOffset="2250" SrcFileId="1" StartOffset="2161"/>
</LocList>
<StmntSeq Intrnl_Id="48">
<LocList>
<Loc EndOffset="2246" SrcFileId="1" StartOffset="2205"/>
</LocList>
<BasicStmnt CovItemId="S29" CovItemPrefix="TestUnit.ClassDetailsTests.java" Intrnl_Id="49">
<LocList>
<Loc EndOffset="2246" SrcFileId="1" StartOffset="2205"/>
</LocList>
</BasicStmnt>
</StmntSeq>
</HierarchyLvl>
<HierarchyLvl HierarchyLvlId="457" HierarchyLvlTypeId="4" Intrnl_Id="50" Name="testHasConflict4">
<Header>
<Loc EndOffset="2351" SrcFileId="1" StartOffset="2313"/>
</Header>
<LocList>
<Loc EndOffset="2402" SrcFileId="1" StartOffset="2313"/>
</LocList>
<StmntSeq Intrnl_Id="51">
<LocList>
<Loc EndOffset="2398" SrcFileId="1" StartOffset="2357"/>
</LocList>
<BasicStmnt CovItemId="S30" CovItemPrefix="TestUnit.ClassDetailsTests.java" Intrnl_Id="52">
<LocList>
<Loc EndOffset="2398" SrcFileId="1" StartOffset="2357"/>
</LocList>
</BasicStmnt>
</StmntSeq>
</HierarchyLvl>
<HierarchyLvl HierarchyLvlId="458" HierarchyLvlTypeId="4" Intrnl_Id="53" Name="testHasConflict5">
<Header>
<Loc EndOffset="2508" SrcFileId="1" StartOffset="2470"/>
</Header>
<LocList>
<Loc EndOffset="2559" SrcFileId="1" StartOffset="2470"/>
</LocList>
<StmntSeq Intrnl_Id="54">
<LocList>
<Loc EndOffset="2555" SrcFileId="1" StartOffset="2514"/>
</LocList>
<BasicStmnt CovItemId="S31" CovItemPrefix="TestUnit.ClassDetailsTests.java" Intrnl_Id="55">
<LocList>
<Loc EndOffset="2555" SrcFileId="1" StartOffset="2514"/>
</LocList>
</BasicStmnt>
</StmntSeq>
</HierarchyLvl>
<HierarchyLvl HierarchyLvlId="459" HierarchyLvlTypeId="4" Intrnl_Id="56" Name="testHasConflict6">
<Header>
<Loc EndOffset="2679" SrcFileId="1" StartOffset="2641"/>
</Header>
<LocList>
<Loc EndOffset="2730" SrcFileId="1" StartOffset="2641"/>
</LocList>
<StmntSeq Intrnl_Id="57">
<LocList>
<Loc EndOffset="2726" SrcFileId="1" StartOffset="2685"/>
</LocList>
<BasicStmnt CovItemId="S32" CovItemPrefix="TestUnit.ClassDetailsTests.java" Intrnl_Id="58">
<LocList>
<Loc EndOffset="2726" SrcFileId="1" StartOffset="2685"/>
</LocList>
</BasicStmnt>
</StmntSeq>
</HierarchyLvl>
<HierarchyLvl HierarchyLvlId="460" HierarchyLvlTypeId="4" Intrnl_Id="59" Name="testHasConflict7">
<Header>
<Loc EndOffset="2834" SrcFileId="1" StartOffset="2796"/>
</Header>
<LocList>
<Loc EndOffset="2885" SrcFileId="1" StartOffset="2796"/>
</LocList>
<StmntSeq Intrnl_Id="60">
<LocList>
<Loc EndOffset="2881" SrcFileId="1" StartOffset="2840"/>
</LocList>
<BasicStmnt CovItemId="S33" CovItemPrefix="TestUnit.ClassDetailsTests.java" Intrnl_Id="61">
<LocList>
<Loc EndOffset="2881" SrcFileId="1" StartOffset="2840"/>
</LocList>
</BasicStmnt>
</StmntSeq>
</HierarchyLvl>
<HierarchyLvl HierarchyLvlId="461" HierarchyLvlTypeId="4" Intrnl_Id="62" Name="testGetTerm">
<Header>
<Loc EndOffset="2924" SrcFileId="1" StartOffset="2891"/>
</Header>
<LocList>
<Loc EndOffset="3008" SrcFileId="1" StartOffset="2891"/>
</LocList>
<StmntSeq Intrnl_Id="63">
<LocList>
<Loc EndOffset="2957" SrcFileId="1" StartOffset="2930"/>
<Loc EndOffset="3004" SrcFileId="1" StartOffset="2961"/>
</LocList>
<BasicStmnt CovItemId="S34" CovItemPrefix="TestUnit.ClassDetailsTests.java" Intrnl_Id="64">
<LocList>
<Loc EndOffset="2957" SrcFileId="1" StartOffset="2930"/>
</LocList>
</BasicStmnt>
<BasicStmnt CovItemId="S35" CovItemPrefix="TestUnit.ClassDetailsTests.java" Intrnl_Id="65">
<LocList>
<Loc EndOffset="3004" SrcFileId="1" StartOffset="2961"/>
</LocList>
</BasicStmnt>
</StmntSeq>
</HierarchyLvl>
<HierarchyLvl HierarchyLvlId="462" HierarchyLvlTypeId="4" Intrnl_Id="66" Name="testSetCampus1">
<Header>
<Loc EndOffset="3050" SrcFileId="1" StartOffset="3014"/>
</Header>
<LocList>
<Loc EndOffset="3122" SrcFileId="1" StartOffset="3014"/>
</LocList>
<StmntSeq Intrnl_Id="67">
<LocList>
<Loc EndOffset="3077" SrcFileId="1" StartOffset="3056"/>
<Loc EndOffset="3118" SrcFileId="1" StartOffset="3081"/>
</LocList>
<BasicStmnt CovItemId="S36" CovItemPrefix="TestUnit.ClassDetailsTests.java" Intrnl_Id="68">
<LocList>
<Loc EndOffset="3077" SrcFileId="1" StartOffset="3056"/>
</LocList>
</BasicStmnt>
<BasicStmnt CovItemId="S37" CovItemPrefix="TestUnit.ClassDetailsTests.java" Intrnl_Id="69">
<LocList>
<Loc EndOffset="3118" SrcFileId="1" StartOffset="3081"/>
</LocList>
</BasicStmnt>
</StmntSeq>
</HierarchyLvl>
<HierarchyLvl HierarchyLvlId="463" HierarchyLvlTypeId="4" Intrnl_Id="70" Name="testSetCampus2">
<Header>
<Loc EndOffset="3164" SrcFileId="1" StartOffset="3128"/>
</Header>
<LocList>
<Loc EndOffset="3230" SrcFileId="1" StartOffset="3128"/>
</LocList>
<StmntSeq Intrnl_Id="71">
<LocList>
<Loc EndOffset="3188" SrcFileId="1" StartOffset="3170"/>
<Loc EndOffset="3226" SrcFileId="1" StartOffset="3192"/>
</LocList>
<BasicStmnt CovItemId="S38" CovItemPrefix="TestUnit.ClassDetailsTests.java" Intrnl_Id="72">
<LocList>
<Loc EndOffset="3188" SrcFileId="1" StartOffset="3170"/>
</LocList>
</BasicStmnt>
<BasicStmnt CovItemId="S39" CovItemPrefix="TestUnit.ClassDetailsTests.java" Intrnl_Id="73">
<LocList>
<Loc EndOffset="3226" SrcFileId="1" StartOffset="3192"/>
</LocList>
</BasicStmnt>
</StmntSeq>
</HierarchyLvl>
<HierarchyLvl HierarchyLvlId="464" HierarchyLvlTypeId="4" Intrnl_Id="74" Name="testGetCampus">
<Header>
<Loc EndOffset="3271" SrcFileId="1" StartOffset="3236"/>
</Header>
<LocList>
<Loc EndOffset="3343" SrcFileId="1" StartOffset="3236"/>
</LocList>
<StmntSeq Intrnl_Id="75">
<LocList>
<Loc EndOffset="3298" SrcFileId="1" StartOffset="3277"/>
<Loc EndOffset="3339" SrcFileId="1" StartOffset="3302"/>
</LocList>
<BasicStmnt CovItemId="S40" CovItemPrefix="TestUnit.ClassDetailsTests.java" Intrnl_Id="76">
<LocList>
<Loc EndOffset="3298" SrcFileId="1" StartOffset="3277"/>
</LocList>
</BasicStmnt>
<BasicStmnt CovItemId="S41" CovItemPrefix="TestUnit.ClassDetailsTests.java" Intrnl_Id="77">
<LocList>
<Loc EndOffset="3339" SrcFileId="1" StartOffset="3302"/>
</LocList>
</BasicStmnt>
</StmntSeq>
</HierarchyLvl>
<HierarchyLvl HierarchyLvlId="465" HierarchyLvlTypeId="4" Intrnl_Id="78" Name="testGetInstructor">
<Header>
<Loc EndOffset="3388" SrcFileId="1" StartOffset="3349"/>
</Header>
<LocList>
<Loc EndOffset="3439" SrcFileId="1" StartOffset="3349"/>
</LocList>
<StmntSeq Intrnl_Id="79">
<LocList>
<Loc EndOffset="3435" SrcFileId="1" StartOffset="3394"/>
</LocList>
<BasicStmnt CovItemId="S42" CovItemPrefix="TestUnit.ClassDetailsTests.java" Intrnl_Id="80">
<LocList>
<Loc EndOffset="3435" SrcFileId="1" StartOffset="3394"/>
</LocList>
</BasicStmnt>
</StmntSeq>
</HierarchyLvl>
<HierarchyLvl HierarchyLvlId="466" HierarchyLvlTypeId="4" Intrnl_Id="81" Name="testSetTime">
<Header>
<Loc EndOffset="3479" SrcFileId="1" StartOffset="3445"/>
</Header>
<LocList>
<Loc EndOffset="3668" SrcFileId="1" StartOffset="3445"/>
</LocList>
<StmntSeq Intrnl_Id="82">
<LocList>
<Loc EndOffset="3520" SrcFileId="1" StartOffset="3485"/>
<Loc EndOffset="3578" SrcFileId="1" StartOffset="3524"/>
<Loc EndOffset="3606" SrcFileId="1" StartOffset="3582"/>
<Loc EndOffset="3664" SrcFileId="1" StartOffset="3610"/>
</LocList>
<BasicStmnt CovItemId="S43" CovItemPrefix="TestUnit.ClassDetailsTests.java" Intrnl_Id="83">
<LocList>
<Loc EndOffset="3520" SrcFileId="1" StartOffset="3485"/>
</LocList>
</BasicStmnt>
<BasicStmnt CovItemId="S44" CovItemPrefix="TestUnit.ClassDetailsTests.java" Intrnl_Id="84">
<LocList>
<Loc EndOffset="3578" SrcFileId="1" StartOffset="3524"/>
</LocList>
</BasicStmnt>
<BasicStmnt CovItemId="S45" CovItemPrefix="TestUnit.ClassDetailsTests.java" Intrnl_Id="85">
<LocList>
<Loc EndOffset="3606" SrcFileId="1" StartOffset="3582"/>
</LocList>
</BasicStmnt>
<BasicStmnt CovItemId="S46" CovItemPrefix="TestUnit.ClassDetailsTests.java" Intrnl_Id="86">
<LocList>
<Loc EndOffset="3664" SrcFileId="1" StartOffset="3610"/>
</LocList>
</BasicStmnt>
</StmntSeq>
</HierarchyLvl>
<HierarchyLvl HierarchyLvlId="467" HierarchyLvlTypeId="4" Intrnl_Id="87" Name="testGetTime">
<Header>
<Loc EndOffset="3707" SrcFileId="1" StartOffset="3674"/>
</Header>
<LocList>
<Loc EndOffset="3896" SrcFileId="1" StartOffset="3674"/>
</LocList>
<StmntSeq Intrnl_Id="88">
<LocList>
<Loc EndOffset="3748" SrcFileId="1" StartOffset="3713"/>
<Loc EndOffset="3806" SrcFileId="1" StartOffset="3752"/>
<Loc EndOffset="3834" SrcFileId="1" StartOffset="3810"/>
<Loc EndOffset="3892" SrcFileId="1" StartOffset="3838"/>
</LocList>
<BasicStmnt CovItemId="S47" CovItemPrefix="TestUnit.ClassDetailsTests.java" Intrnl_Id="89">
<LocList>
<Loc EndOffset="3748" SrcFileId="1" StartOffset="3713"/>
</LocList>
</BasicStmnt>
<BasicStmnt CovItemId="S48" CovItemPrefix="TestUnit.ClassDetailsTests.java" Intrnl_Id="90">
<LocList>
<Loc EndOffset="3806" SrcFileId="1" StartOffset="3752"/>
</LocList>
</BasicStmnt>
<BasicStmnt CovItemId="S49" CovItemPrefix="TestUnit.ClassDetailsTests.java" Intrnl_Id="91">
<LocList>
<Loc EndOffset="3834" SrcFileId="1" StartOffset="3810"/>
</LocList>
</BasicStmnt>
<BasicStmnt CovItemId="S50" CovItemPrefix="TestUnit.ClassDetailsTests.java" Intrnl_Id="92">
<LocList>
<Loc EndOffset="3892" SrcFileId="1" StartOffset="3838"/>
</LocList>
</BasicStmnt>
</StmntSeq>
</HierarchyLvl>
<HierarchyLvl HierarchyLvlId="468" HierarchyLvlTypeId="4" Intrnl_Id="93" Name="testGetDays">
<Header>
<Loc EndOffset="3938" SrcFileId="1" StartOffset="3905"/>
</Header>
<LocList>
<Loc EndOffset="4086" SrcFileId="1" StartOffset="3905"/>
</LocList>
<StmntSeq Intrnl_Id="94">
<LocList>
<Loc EndOffset="3979" SrcFileId="1" StartOffset="3944"/>
<Loc EndOffset="4011" SrcFileId="1" StartOffset="3983"/>
<Loc EndOffset="4039" SrcFileId="1" StartOffset="4015"/>
<Loc EndOffset="4082" SrcFileId="1" StartOffset="4043"/>
</LocList>
<BasicStmnt CovItemId="S51" CovItemPrefix="TestUnit.ClassDetailsTests.java" Intrnl_Id="95">
<LocList>
<Loc EndOffset="3979" SrcFileId="1" StartOffset="3944"/>
</LocList>
</BasicStmnt>
<BasicStmnt CovItemId="S52" CovItemPrefix="TestUnit.ClassDetailsTests.java" Intrnl_Id="96">
<LocList>
<Loc EndOffset="4011" SrcFileId="1" StartOffset="3983"/>
</LocList>
</BasicStmnt>
<BasicStmnt CovItemId="S53" CovItemPrefix="TestUnit.ClassDetailsTests.java" Intrnl_Id="97">
<LocList>
<Loc EndOffset="4039" SrcFileId="1" StartOffset="4015"/>
</LocList>
</BasicStmnt>
<BasicStmnt CovItemId="S54" CovItemPrefix="TestUnit.ClassDetailsTests.java" Intrnl_Id="98">
<LocList>
<Loc EndOffset="4082" SrcFileId="1" StartOffset="4043"/>
</LocList>
</BasicStmnt>
</StmntSeq>
</HierarchyLvl>
<HierarchyLvl HierarchyLvlId="469" HierarchyLvlTypeId="4" Intrnl_Id="99" Name="testIsAtDay1">
<Header>
<Loc EndOffset="4126" SrcFileId="1" StartOffset="4092"/>
</Header>
<LocList>
<Loc EndOffset="4352" SrcFileId="1" StartOffset="4092"/>
</LocList>
<StmntSeq Intrnl_Id="100">
<LocList>
<Loc EndOffset="4167" SrcFileId="1" StartOffset="4132"/>
<Loc EndOffset="4195" SrcFileId="1" StartOffset="4171"/>
<Loc EndOffset="4227" SrcFileId="1" StartOffset="4199"/>
<Loc EndOffset="4348" SrcFileId="1" StartOffset="4313"/>
</LocList>
<BasicStmnt CovItemId="S55" CovItemPrefix="TestUnit.ClassDetailsTests.java" Intrnl_Id="101">
<LocList>
<Loc EndOffset="4167" SrcFileId="1" StartOffset="4132"/>
</LocList>
</BasicStmnt>
<BasicStmnt CovItemId="S56" CovItemPrefix="TestUnit.ClassDetailsTests.java" Intrnl_Id="102">
<LocList>
<Loc EndOffset="4195" SrcFileId="1" StartOffset="4171"/>
</LocList>
</BasicStmnt>
<BasicStmnt CovItemId="S57" CovItemPrefix="TestUnit.ClassDetailsTests.java" Intrnl_Id="103">
<LocList>
<Loc EndOffset="4227" SrcFileId="1" StartOffset="4199"/>
</LocList>
</BasicStmnt>
<BasicStmnt CovItemId="S58" CovItemPrefix="TestUnit.ClassDetailsTests.java" Intrnl_Id="104">
<LocList>
<Loc EndOffset="4348" SrcFileId="1" StartOffset="4313"/>
</LocList>
</BasicStmnt>
</StmntSeq>
</HierarchyLvl>
<HierarchyLvl HierarchyLvlId="470" HierarchyLvlTypeId="4" Intrnl_Id="105" Name="testIsAtDay2">
<Header>
<Loc EndOffset="4392" SrcFileId="1" StartOffset="4358"/>
</Header>
<LocList>
<Loc EndOffset="4619" SrcFileId="1" StartOffset="4358"/>
</LocList>
<StmntSeq Intrnl_Id="106">
<LocList>
<Loc EndOffset="4433" SrcFileId="1" StartOffset="4398"/>
<Loc EndOffset="4461" SrcFileId="1" StartOffset="4437"/>
<Loc EndOffset="4493" SrcFileId="1" StartOffset="4465"/>
<Loc EndOffset="4615" SrcFileId="1" StartOffset="4579"/>
</LocList>
<BasicStmnt CovItemId="S59" CovItemPrefix="TestUnit.ClassDetailsTests.java" Intrnl_Id="107">
<LocList>
<Loc EndOffset="4433" SrcFileId="1" StartOffset="4398"/>
</LocList>
</BasicStmnt>
<BasicStmnt CovItemId="S60" CovItemPrefix="TestUnit.ClassDetailsTests.java" Intrnl_Id="108">
<LocList>
<Loc EndOffset="4461" SrcFileId="1" StartOffset="4437"/>
</LocList>
</BasicStmnt>
<BasicStmnt CovItemId="S61" CovItemPrefix="TestUnit.ClassDetailsTests.java" Intrnl_Id="109">
<LocList>
<Loc EndOffset="4493" SrcFileId="1" StartOffset="4465"/>
</LocList>
</BasicStmnt>
<BasicStmnt CovItemId="S62" CovItemPrefix="TestUnit.ClassDetailsTests.java" Intrnl_Id="110">
<LocList>
<Loc EndOffset="4615" SrcFileId="1" StartOffset="4579"/>
</LocList>
</BasicStmnt>
</StmntSeq>
</HierarchyLvl>
<HierarchyLvl HierarchyLvlId="471" HierarchyLvlTypeId="4" Intrnl_Id="111" Name="testIsAtTime1">
<Header>
<Loc EndOffset="4660" SrcFileId="1" StartOffset="4625"/>
</Header>
<LocList>
<Loc EndOffset="4825" SrcFileId="1" StartOffset="4625"/>
</LocList>
<StmntSeq Intrnl_Id="112">
<LocList>
<Loc EndOffset="4701" SrcFileId="1" StartOffset="4666"/>
<Loc EndOffset="4726" SrcFileId="1" StartOffset="4705"/>
<Loc EndOffset="4751" SrcFileId="1" StartOffset="4730"/>
<Loc EndOffset="4779" SrcFileId="1" StartOffset="4755"/>
<Loc EndOffset="4821" SrcFileId="1" StartOffset="4783"/>
</LocList>
<BasicStmnt CovItemId="S63" CovItemPrefix="TestUnit.ClassDetailsTests.java" Intrnl_Id="113">
<LocList>
<Loc EndOffset="4701" SrcFileId="1" StartOffset="4666"/>
</LocList>
</BasicStmnt>
<BasicStmnt CovItemId="S64" CovItemPrefix="TestUnit.ClassDetailsTests.java" Intrnl_Id="114">
<LocList>
<Loc EndOffset="4726" SrcFileId="1" StartOffset="4705"/>
</LocList>
</BasicStmnt>
<BasicStmnt CovItemId="S65" CovItemPrefix="TestUnit.ClassDetailsTests.java" Intrnl_Id="115">
<LocList>
<Loc EndOffset="4751" SrcFileId="1" StartOffset="4730"/>
</LocList>
</BasicStmnt>
<BasicStmnt CovItemId="S66" CovItemPrefix="TestUnit.ClassDetailsTests.java" Intrnl_Id="116">
<LocList>
<Loc EndOffset="4779" SrcFileId="1" StartOffset="4755"/>
</LocList>
</BasicStmnt>
<BasicStmnt CovItemId="S67" CovItemPrefix="TestUnit.ClassDetailsTests.java" Intrnl_Id="117">
<LocList>
<Loc EndOffset="4821" SrcFileId="1" StartOffset="4783"/>
</LocList>
</BasicStmnt>
</StmntSeq>
</HierarchyLvl>
<HierarchyLvl HierarchyLvlId="472" HierarchyLvlTypeId="4" Intrnl_Id="118" Name="testIsAtTime2">
<Header>
<Loc EndOffset="4866" SrcFileId="1" StartOffset="4831"/>
</Header>
<LocList>
<Loc EndOffset="5030" SrcFileId="1" StartOffset="4831"/>
</LocList>
<StmntSeq Intrnl_Id="119">
<LocList>
<Loc EndOffset="4907" SrcFileId="1" StartOffset="4872"/>
<Loc EndOffset="4932" SrcFileId="1" StartOffset="4911"/>
<Loc EndOffset="4957" SrcFileId="1" StartOffset="4936"/>
<Loc EndOffset="4985" SrcFileId="1" StartOffset="4961"/>
<Loc EndOffset="5026" SrcFileId="1" StartOffset="4989"/>
</LocList>
<BasicStmnt CovItemId="S68" CovItemPrefix="TestUnit.ClassDetailsTests.java" Intrnl_Id="120">
<LocList>
<Loc EndOffset="4907" SrcFileId="1" StartOffset="4872"/>
</LocList>
</BasicStmnt>
<BasicStmnt CovItemId="S69" CovItemPrefix="TestUnit.ClassDetailsTests.java" Intrnl_Id="121">
<LocList>
<Loc EndOffset="4932" SrcFileId="1" StartOffset="4911"/>
</LocList>
</BasicStmnt>
<BasicStmnt CovItemId="S70" CovItemPrefix="TestUnit.ClassDetailsTests.java" Intrnl_Id="122">
<LocList>
<Loc EndOffset="4957" SrcFileId="1" StartOffset="4936"/>
</LocList>
</BasicStmnt>
<BasicStmnt CovItemId="S71" CovItemPrefix="TestUnit.ClassDetailsTests.java" Intrnl_Id="123">
<LocList>
<Loc EndOffset="4985" SrcFileId="1" StartOffset="4961"/>
</LocList>
</BasicStmnt>
<BasicStmnt CovItemId="S72" CovItemPrefix="TestUnit.ClassDetailsTests.java" Intrnl_Id="124">
<LocList>
<Loc EndOffset="5026" SrcFileId="1" StartOffset="4989"/>
</LocList>
</BasicStmnt>
</StmntSeq>
</HierarchyLvl>
<HierarchyLvl HierarchyLvlId="473" HierarchyLvlTypeId="4" Intrnl_Id="125" Name="testToString">
<Header>
<Loc EndOffset="5070" SrcFileId="1" StartOffset="5036"/>
</Header>
<LocList>
<Loc EndOffset="5433" SrcFileId="1" StartOffset="5036"/>
</LocList>
<StmntSeq Intrnl_Id="126">
<LocList>
<Loc EndOffset="5132" SrcFileId="1" StartOffset="5076"/>
<Loc EndOffset="5184" SrcFileId="1" StartOffset="5136"/>
<Loc EndOffset="5209" SrcFileId="1" StartOffset="5188"/>
<Loc EndOffset="5234" SrcFileId="1" StartOffset="5213"/>
<Loc EndOffset="5262" SrcFileId="1" StartOffset="5238"/>
<Loc EndOffset="5294" SrcFileId="1" StartOffset="5266"/>
<Loc EndOffset="5319" SrcFileId="1" StartOffset="5298"/>
<Loc EndOffset="5429" SrcFileId="1" StartOffset="5358"/>
</LocList>
<BasicStmnt CovItemId="S73" CovItemPrefix="TestUnit.ClassDetailsTests.java" Intrnl_Id="127">
<LocList>
<Loc EndOffset="5132" SrcFileId="1" StartOffset="5076"/>
</LocList>
</BasicStmnt>
<BasicStmnt CovItemId="S74" CovItemPrefix="TestUnit.ClassDetailsTests.java" Intrnl_Id="128">
<LocList>
<Loc EndOffset="5184" SrcFileId="1" StartOffset="5136"/>
</LocList>
</BasicStmnt>
<BasicStmnt CovItemId="S75" CovItemPrefix="TestUnit.ClassDetailsTests.java" Intrnl_Id="129">
<LocList>
<Loc EndOffset="5209" SrcFileId="1" StartOffset="5188"/>
</LocList>
</BasicStmnt>
<BasicStmnt CovItemId="S76" CovItemPrefix="TestUnit.ClassDetailsTests.java" Intrnl_Id="130">
<LocList>
<Loc EndOffset="5234" SrcFileId="1" StartOffset="5213"/>
</LocList>
</BasicStmnt>
<BasicStmnt CovItemId="S77" CovItemPrefix="TestUnit.ClassDetailsTests.java" Intrnl_Id="131">
<LocList>
<Loc EndOffset="5262" SrcFileId="1" StartOffset="5238"/>
</LocList>
</BasicStmnt>
<BasicStmnt CovItemId="S78" CovItemPrefix="TestUnit.ClassDetailsTests.java" Intrnl_Id="132">
<LocList>
<Loc EndOffset="5294" SrcFileId="1" StartOffset="5266"/>
</LocList>
</BasicStmnt>
<BasicStmnt CovItemId="S79" CovItemPrefix="TestUnit.ClassDetailsTests.java" Intrnl_Id="133">
<LocList>
<Loc EndOffset="5319" SrcFileId="1" StartOffset="5298"/>
</LocList>
</BasicStmnt>
<BasicStmnt CovItemId="S80" CovItemPrefix="TestUnit.ClassDetailsTests.java" Intrnl_Id="134">
<LocList>
<Loc EndOffset="5429" SrcFileId="1" StartOffset="5358"/>
</LocList>
</BasicStmnt>
</StmntSeq>
</HierarchyLvl>
<HierarchyLvl HierarchyLvlId="474" HierarchyLvlTypeId="4" Intrnl_Id="135" Name="testSetCourse">
<Header>
<Loc EndOffset="5474" SrcFileId="1" StartOffset="5439"/>
</Header>
<LocList>
<Loc EndOffset="5609" SrcFileId="1" StartOffset="5439"/>
</LocList>
<StmntSeq Intrnl_Id="136">
<LocList>
<Loc EndOffset="5528" SrcFileId="1" StartOffset="5480"/>
<Loc EndOffset="5560" SrcFileId="1" StartOffset="5532"/>
<Loc EndOffset="5605" SrcFileId="1" StartOffset="5564"/>
</LocList>
<BasicStmnt CovItemId="S81" CovItemPrefix="TestUnit.ClassDetailsTests.java" Intrnl_Id="137">
<LocList>
<Loc EndOffset="5528" SrcFileId="1" StartOffset="5480"/>
</LocList>
</BasicStmnt>
<BasicStmnt CovItemId="S82" CovItemPrefix="TestUnit.ClassDetailsTests.java" Intrnl_Id="138">
<LocList>
<Loc EndOffset="5560" SrcFileId="1" StartOffset="5532"/>
</LocList>
</BasicStmnt>
<BasicStmnt CovItemId="S83" CovItemPrefix="TestUnit.ClassDetailsTests.java" Intrnl_Id="139">
<LocList>
<Loc EndOffset="5605" SrcFileId="1" StartOffset="5564"/>
</LocList>
</BasicStmnt>
</StmntSeq>
</HierarchyLvl>
<HierarchyLvl HierarchyLvlId="475" HierarchyLvlTypeId="4" Intrnl_Id="140" Name="testGetCourse">
<Header>
<Loc EndOffset="5650" SrcFileId="1" StartOffset="5615"/>
</Header>
<LocList>
<Loc EndOffset="5841" SrcFileId="1" StartOffset="5615"/>
</LocList>
<StmntSeq Intrnl_Id="141">
<LocList>
<Loc EndOffset="5700" SrcFileId="1" StartOffset="5659"/>
<Loc EndOffset="5756" SrcFileId="1" StartOffset="5704"/>
<Loc EndOffset="5788" SrcFileId="1" StartOffset="5760"/>
<Loc EndOffset="5833" SrcFileId="1" StartOffset="5792"/>
</LocList>
<BasicStmnt CovItemId="S84" CovItemPrefix="TestUnit.ClassDetailsTests.java" Intrnl_Id="142">
<LocList>
<Loc EndOffset="5700" SrcFileId="1" StartOffset="5659"/>
</LocList>
</BasicStmnt>
<BasicStmnt CovItemId="S85" CovItemPrefix="TestUnit.ClassDetailsTests.java" Intrnl_Id="143">
<LocList>
<Loc EndOffset="5756" SrcFileId="1" StartOffset="5704"/>
</LocList>
</BasicStmnt>
<BasicStmnt CovItemId="S86" CovItemPrefix="TestUnit.ClassDetailsTests.java" Intrnl_Id="144">
<LocList>
<Loc EndOffset="5788" SrcFileId="1" StartOffset="5760"/>
</LocList>
</BasicStmnt>
<BasicStmnt CovItemId="S87" CovItemPrefix="TestUnit.ClassDetailsTests.java" Intrnl_Id="145">
<LocList>
<Loc EndOffset="5833" SrcFileId="1" StartOffset="5792"/>
</LocList>
</BasicStmnt>
</StmntSeq>
</HierarchyLvl>
<HierarchyLvl HierarchyLvlId="476" HierarchyLvlTypeId="4" Intrnl_Id="146" Name="testSetClassNbr">
<Header>
<Loc EndOffset="5884" SrcFileId="1" StartOffset="5847"/>
</Header>
<LocList>
<Loc EndOffset="5893" SrcFileId="1" StartOffset="5847"/>
</LocList>
</HierarchyLvl>
</HierarchyLvl>
<HierarchyLvl HierarchyLvlId="494" HierarchyLvlTypeId="5" Intrnl_Id="147" Name="ClassDetails">
<Header>
<Loc EndOffset="256" SrcFileId="2" StartOffset="231"/>
</Header>
<LocList>
<Loc EndOffset="4831" SrcFileId="2" StartOffset="231"/>
</LocList>
<HierarchyLvl HierarchyLvlId="478" HierarchyLvlTypeId="4" Intrnl_Id="148" Name="ClassDetails">
<Header>
<Loc EndOffset="510" SrcFileId="2" StartOffset="489"/>
</Header>
<LocList>
<Loc EndOffset="521" SrcFileId="2" StartOffset="489"/>
</LocList>
</HierarchyLvl>
<HierarchyLvl HierarchyLvlId="479" HierarchyLvlTypeId="4" Intrnl_Id="149" Name="getTerm">
<Header>
<Loc EndOffset="552" SrcFileId="2" StartOffset="529"/>
</Header>
<LocList>
<Loc EndOffset="580" SrcFileId="2" StartOffset="529"/>
</LocList>
<StmntSeq Intrnl_Id="150">
<LocList>
<Loc EndOffset="573" SrcFileId="2" StartOffset="561"/>
</LocList>
<BasicStmnt CovItemId="S1" CovItemPrefix="TestUnit.ClassDetails.java" Intrnl_Id="151">
<LocList>
<Loc EndOffset="573" SrcFileId="2" StartOffset="561"/>
</LocList>
</BasicStmnt>
</StmntSeq>
</HierarchyLvl>
<HierarchyLvl HierarchyLvlId="480" HierarchyLvlTypeId="4" Intrnl_Id="152" Name="setTerm">
<Header>
<Loc EndOffset="624" SrcFileId="2" StartOffset="592"/>
</Header>
<LocList>
<Loc EndOffset="660" SrcFileId="2" StartOffset="592"/>
</LocList>
<StmntSeq Intrnl_Id="153">
<LocList>
<Loc EndOffset="653" SrcFileId="2" StartOffset="636"/>
</LocList>
<BasicStmnt CovItemId="S2" CovItemPrefix="TestUnit.ClassDetails.java" Intrnl_Id="154">
<LocList>
<Loc EndOffset="653" SrcFileId="2" StartOffset="636"/>
</LocList>
</BasicStmnt>
</StmntSeq>
</HierarchyLvl>
<HierarchyLvl HierarchyLvlId="481" HierarchyLvlTypeId="4" Intrnl_Id="155" Name="setCampus">
<Header>
<Loc EndOffset="708" SrcFileId="2" StartOffset="672"/>
</Header>
<LocList>
<Loc EndOffset="748" SrcFileId="2" StartOffset="672"/>
</LocList>
<StmntSeq Intrnl_Id="156">
<LocList>
<Loc EndOffset="741" SrcFileId="2" StartOffset="720"/>
</LocList>
<BasicStmnt CovItemId="S3" CovItemPrefix="TestUnit.ClassDetails.java" Intrnl_Id="157">
<LocList>
<Loc EndOffset="741" SrcFileId="2" StartOffset="720"/>
</LocList>
</BasicStmnt>
</StmntSeq>
</HierarchyLvl>
<HierarchyLvl HierarchyLvlId="482" HierarchyLvlTypeId="4" Intrnl_Id="158" Name="getCampus">
<Header>
<Loc EndOffset="781" SrcFileId="2" StartOffset="756"/>
</Header>
<LocList>
<Loc EndOffset="811" SrcFileId="2" StartOffset="756"/>
</LocList>
<StmntSeq Intrnl_Id="159">
<LocList>
<Loc EndOffset="804" SrcFileId="2" StartOffset="790"/>
</LocList>
<BasicStmnt CovItemId="S4" CovItemPrefix="TestUnit.ClassDetails.java" Intrnl_Id="160">
<LocList>
<Loc EndOffset="804" SrcFileId="2" StartOffset="790"/>
</LocList>
</BasicStmnt>
</StmntSeq>
</HierarchyLvl>
<HierarchyLvl HierarchyLvlId="483" HierarchyLvlTypeId="4" Intrnl_Id="161" Name="ClassDetails">
<Header>
<Loc EndOffset="868" SrcFileId="2" StartOffset="817"/>
</Header>
<LocList>
<Loc EndOffset="943" SrcFileId="2" StartOffset="817"/>
</LocList>
<StmntSeq Intrnl_Id="162">
<LocList>
<Loc EndOffset="901" SrcFileId="2" StartOffset="880"/>
<Loc EndOffset="936" SrcFileId="2" StartOffset="911"/>
</LocList>
<BasicStmnt CovItemId="S5" CovItemPrefix="TestUnit.ClassDetails.java" Intrnl_Id="163">
<LocList>
<Loc EndOffset="901" SrcFileId="2" StartOffset="880"/>
</LocList>
</BasicStmnt>
<BasicStmnt CovItemId="S6" CovItemPrefix="TestUnit.ClassDetails.java" Intrnl_Id="164">
<LocList>
<Loc EndOffset="936" SrcFileId="2" StartOffset="911"/>
</LocList>
</BasicStmnt>
</StmntSeq>
</HierarchyLvl>
<HierarchyLvl HierarchyLvlId="484" HierarchyLvlTypeId="4" Intrnl_Id="165" Name="getInstructor">
<Header>
<Loc EndOffset="983" SrcFileId="2" StartOffset="951"/>
</Header>
<LocList>
<Loc EndOffset="1014" SrcFileId="2" StartOffset="951"/>
</LocList>
<StmntSeq Intrnl_Id="166">
<LocList>
<Loc EndOffset="1007" SrcFileId="2" StartOffset="995"/>
</LocList>
<BasicStmnt CovItemId="S7" CovItemPrefix="TestUnit.ClassDetails.java" Intrnl_Id="167">
<LocList>
<Loc EndOffset="1007" SrcFileId="2" StartOffset="995"/>
</LocList>
</BasicStmnt>
</StmntSeq>
</HierarchyLvl>
<HierarchyLvl HierarchyLvlId="485" HierarchyLvlTypeId="4" Intrnl_Id="168" Name="hasConflict">
<Header>
<Loc EndOffset="1065" SrcFileId="2" StartOffset="1022"/>
</Header>
<LocList>
<Loc EndOffset="3548" SrcFileId="2" StartOffset="1022"/>
</LocList>
<StmntSeq Intrnl_Id="169">
<LocList>
<Loc EndOffset="1097" SrcFileId="2" StartOffset="1077"/>
<Loc EndOffset="1130" SrcFileId="2" StartOffset="1107"/>
<Loc EndOffset="1191" SrcFileId="2" StartOffset="1165"/>
<Loc EndOffset="1227" SrcFileId="2" StartOffset="1201"/>
<Loc EndOffset="1342" SrcFileId="2" StartOffset="1313"/>
<Loc EndOffset="1381" SrcFileId="2" StartOffset="1352"/>
<Loc EndOffset="1421" SrcFileId="2" StartOffset="1391"/>
<Loc EndOffset="1447" SrcFileId="2" StartOffset="1431"/>
<Loc EndOffset="1474" SrcFileId="2" StartOffset="1457"/>
<Loc EndOffset="1500" SrcFileId="2" StartOffset="1484"/>
<Loc EndOffset="1528" SrcFileId="2" StartOffset="1510"/>
<Loc EndOffset="1554" SrcFileId="2" StartOffset="1538"/>
<Loc EndOffset="1580" SrcFileId="2" StartOffset="1564"/>
<Loc EndOffset="1606" SrcFileId="2" StartOffset="1590"/>
<Loc EndOffset="1822" SrcFileId="2" StartOffset="1618"/>
<Loc EndOffset="2038" SrcFileId="2" StartOffset="1834"/>
<Loc EndOffset="2085" SrcFileId="2" StartOffset="2048"/>
<Loc EndOffset="2132" SrcFileId="2" StartOffset="2095"/>
<Loc EndOffset="3516" SrcFileId="2" StartOffset="2142"/>
<Loc EndOffset="3541" SrcFileId="2" StartOffset="3528"/>
</LocList>
<BasicStmnt CovItemId="S8" CovItemPrefix="TestUnit.ClassDetails.java" Intrnl_Id="170">
<LocList>
<Loc EndOffset="1097" SrcFileId="2" StartOffset="1077"/>
</LocList>
</BasicStmnt>
<BasicStmnt CovItemId="S9" CovItemPrefix="TestUnit.ClassDetails.java" Intrnl_Id="171">
<LocList>
<Loc EndOffset="1130" SrcFileId="2" StartOffset="1107"/>
</LocList>
</BasicStmnt>
<BasicStmnt CovItemId="S10" CovItemPrefix="TestUnit.ClassDetails.java" Intrnl_Id="172">
<LocList>
<Loc EndOffset="1191" SrcFileId="2" StartOffset="1165"/>
</LocList>
</BasicStmnt>
<BasicStmnt CovItemId="S11" CovItemPrefix="TestUnit.ClassDetails.java" Intrnl_Id="173">
<LocList>
<Loc EndOffset="1227" SrcFileId="2" StartOffset="1201"/>
</LocList>
</BasicStmnt>
<BasicStmnt CovItemId="S12" CovItemPrefix="TestUnit.ClassDetails.java" Intrnl_Id="174">
<LocList>
<Loc EndOffset="1342" SrcFileId="2" StartOffset="1313"/>
</LocList>
</BasicStmnt>
<BasicStmnt CovItemId="S13" CovItemPrefix="TestUnit.ClassDetails.java" Intrnl_Id="175">
<LocList>
<Loc EndOffset="1381" SrcFileId="2" StartOffset="1352"/>
</LocList>
</BasicStmnt>
<BasicStmnt CovItemId="S14" CovItemPrefix="TestUnit.ClassDetails.java" Intrnl_Id="176">
<LocList>
<Loc EndOffset="1421" SrcFileId="2" StartOffset="1391"/>
</LocList>
</BasicStmnt>
<BasicStmnt CovItemId="S15" CovItemPrefix="TestUnit.ClassDetails.java" Intrnl_Id="177">
<LocList>
<Loc EndOffset="1447" SrcFileId="2" StartOffset="1431"/>
</LocList>
</BasicStmnt>
<BasicStmnt CovItemId="S16" CovItemPrefix="TestUnit.ClassDetails.java" Intrnl_Id="178">
<LocList>
<Loc EndOffset="1474" SrcFileId="2" StartOffset="1457"/>
</LocList>
</BasicStmnt>
<BasicStmnt CovItemId="S17" CovItemPrefix="TestUnit.ClassDetails.java" Intrnl_Id="179">
<LocList>
<Loc EndOffset="1500" SrcFileId="2" StartOffset="1484"/>
</LocList>
</BasicStmnt>
<BasicStmnt CovItemId="S18" CovItemPrefix="TestUnit.ClassDetails.java" Intrnl_Id="180">
<LocList>
<Loc EndOffset="1528" SrcFileId="2" StartOffset="1510"/>
</LocList>
</BasicStmnt>
<BasicStmnt CovItemId="S19" CovItemPrefix="TestUnit.ClassDetails.java" Intrnl_Id="181">
<LocList>
<Loc EndOffset="1554" SrcFileId="2" StartOffset="1538"/>
</LocList>
</BasicStmnt>
<BasicStmnt CovItemId="S20" CovItemPrefix="TestUnit.ClassDetails.java" Intrnl_Id="182">
<LocList>
<Loc EndOffset="1580" SrcFileId="2" StartOffset="1564"/>
</LocList>
</BasicStmnt>
<BasicStmnt CovItemId="S21" CovItemPrefix="TestUnit.ClassDetails.java" Intrnl_Id="183">
<LocList>
<Loc EndOffset="1606" SrcFileId="2" StartOffset="1590"/>
</LocList>
</BasicStmnt>
<LoopStmnt CovItemId="S22" CovItemPrefix="TestUnit.ClassDetails.java" Intrnl_Id="184" MltplExecId="L1-2" MltplExecPrefix="TestUnit.ClassDetails.java" NvrExecId="L1-0" NvrExecPrefix="TestUnit.ClassDetails.java" OnceExecutedId="L1-1" OnceExecutedPrefix="TestUnit.ClassDetails.java" OptBodyExec="true">
<StmntSeq Intrnl_Id="185">
<LocList>
<Loc EndOffset="1811" SrcFileId="2" StartOffset="1670"/>
</LocList>
<CondStmnt CovItemId="S23" CovItemPrefix="TestUnit.ClassDetails.java" Intrnl_Id="186">
<Branch CovItemId="B1" CovItemPrefix="TestUnit.ClassDetails.java" Implct="false" Intrnl_Id="187">
<Cond/>
<LocList>
<Loc EndOffset="1811" SrcFileId="2" StartOffset="1714"/>
</LocList>
<StmntSeq Intrnl_Id="188">
<LocList>
<Loc EndOffset="1766" SrcFileId="2" StartOffset="1733"/>
<Loc EndOffset="1796" SrcFileId="2" StartOffset="1784"/>
</LocList>
<BasicStmnt CovItemId="S24" CovItemPrefix="TestUnit.ClassDetails.java" Intrnl_Id="189">
<LocList>
<Loc EndOffset="1766" SrcFileId="2" StartOffset="1733"/>
</LocList>
</BasicStmnt>
<BasicStmnt CovItemId="S25" CovItemPrefix="TestUnit.ClassDetails.java" Intrnl_Id="190">
<LocList>
<Loc EndOffset="1796" SrcFileId="2" StartOffset="1784"/>
</LocList>
</BasicStmnt>
</StmntSeq>
</Branch>
<Branch CovItemId="B2" CovItemPrefix="TestUnit.ClassDetails.java" Implct="true" Intrnl_Id="191">
<Cond/>
<LocList/>
<StmntSeq Intrnl_Id="192">
<LocList/>
</StmntSeq>
</Branch>
<Keyword EndOffset="1672" SrcFileId="2" StartOffset="1670"/>
<LocList>
<Loc EndOffset="1811" SrcFileId="2" StartOffset="1670"/>
</LocList>
</CondStmnt>
</StmntSeq>
<Keyword EndOffset="1621" SrcFileId="2" StartOffset="1618"/>
<LocList>
<Loc EndOffset="1822" SrcFileId="2" StartOffset="1618"/>
</LocList>
</LoopStmnt>
<LoopStmnt CovItemId="S26" CovItemPrefix="TestUnit.ClassDetails.java" Intrnl_Id="193" MltplExecId="L2-2" MltplExecPrefix="TestUnit.ClassDetails.java" NvrExecId="L2-0" NvrExecPrefix="TestUnit.ClassDetails.java" OnceExecutedId="L2-1" OnceExecutedPrefix="TestUnit.ClassDetails.java" OptBodyExec="true">
<StmntSeq Intrnl_Id="194">
<LocList>
<Loc EndOffset="2027" SrcFileId="2" StartOffset="1886"/>
</LocList>
<CondStmnt CovItemId="S27" CovItemPrefix="TestUnit.ClassDetails.java" Intrnl_Id="195">
<Branch CovItemId="B3" CovItemPrefix="TestUnit.ClassDetails.java" Implct="false" Intrnl_Id="196">
<Cond/>
<LocList>
<Loc EndOffset="2027" SrcFileId="2" StartOffset="1930"/>
</LocList>
<StmntSeq Intrnl_Id="197">
<LocList>
<Loc EndOffset="1982" SrcFileId="2" StartOffset="1949"/>
<Loc EndOffset="2012" SrcFileId="2" StartOffset="2000"/>
</LocList>
<BasicStmnt CovItemId="S28" CovItemPrefix="TestUnit.ClassDetails.java" Intrnl_Id="198">
<LocList>
<Loc EndOffset="1982" SrcFileId="2" StartOffset="1949"/>
</LocList>
</BasicStmnt>
<BasicStmnt CovItemId="S29" CovItemPrefix="TestUnit.ClassDetails.java" Intrnl_Id="199">
<LocList>
<Loc EndOffset="2012" SrcFileId="2" StartOffset="2000"/>
</LocList>
</BasicStmnt>
</StmntSeq>
</Branch>
<Branch CovItemId="B4" CovItemPrefix="TestUnit.ClassDetails.java" Implct="true" Intrnl_Id="200">
<Cond/>
<LocList/>
<StmntSeq Intrnl_Id="201">
<LocList/>
</StmntSeq>
</Branch>
<Keyword EndOffset="1888" SrcFileId="2" StartOffset="1886"/>
<LocList>
<Loc EndOffset="2027" SrcFileId="2" StartOffset="1886"/>
</LocList>
</CondStmnt>
</StmntSeq>
<Keyword EndOffset="1837" SrcFileId="2" StartOffset="1834"/>
<LocList>
<Loc EndOffset="2038" SrcFileId="2" StartOffset="1834"/>
</LocList>
</LoopStmnt>
<BasicStmnt CovItemId="S30" CovItemPrefix="TestUnit.ClassDetails.java" Intrnl_Id="202">
<LocList>
<Loc EndOffset="2085" SrcFileId="2" StartOffset="2048"/>
</LocList>
</BasicStmnt>
<BasicStmnt CovItemId="S31" CovItemPrefix="TestUnit.ClassDetails.java" Intrnl_Id="203">
<LocList>
<Loc EndOffset="2132" SrcFileId="2" StartOffset="2095"/>
</LocList>
</BasicStmnt>
<LoopStmnt CovItemId="S32" CovItemPrefix="TestUnit.ClassDetails.java" Intrnl_Id="204" MltplExecId="L3-2" MltplExecPrefix="TestUnit.ClassDetails.java" NvrExecId="L3-0" NvrExecPrefix="TestUnit.ClassDetails.java" OnceExecutedId="L3-1" OnceExecutedPrefix="TestUnit.ClassDetails.java" OptBodyExec="true">
<StmntSeq Intrnl_Id="205">
<LocList>
<Loc EndOffset="2211" SrcFileId="2" StartOffset="2188"/>
<Loc EndOffset="3505" SrcFileId="2" StartOffset="2225"/>
</LocList>
<BasicStmnt CovItemId="S33" CovItemPrefix="TestUnit.ClassDetails.java" Intrnl_Id="206">
<LocList>
<Loc EndOffset="2211" SrcFileId="2" StartOffset="2188"/>
</LocList>
</BasicStmnt>
<LoopStmnt CovItemId="S34" CovItemPrefix="TestUnit.ClassDetails.java" Intrnl_Id="207" MltplExecId="L4-2" MltplExecPrefix="TestUnit.ClassDetails.java" NvrExecId="L4-0" NvrExecPrefix="TestUnit.ClassDetails.java" OnceExecutedId="L4-1" OnceExecutedPrefix="TestUnit.ClassDetails.java" OptBodyExec="true">
<StmntSeq Intrnl_Id="208">
<LocList>
<Loc EndOffset="2302" SrcFileId="2" StartOffset="2279"/>
<Loc EndOffset="3490" SrcFileId="2" StartOffset="2322"/>
</LocList>
<BasicStmnt CovItemId="S35" CovItemPrefix="TestUnit.ClassDetails.java" Intrnl_Id="209">
<LocList>
<Loc EndOffset="2302" SrcFileId="2" StartOffset="2279"/>
</LocList>
</BasicStmnt>
<CondStmnt CovItemId="S36" CovItemPrefix="TestUnit.ClassDetails.java" Intrnl_Id="210">
<Branch CovItemId="B5" CovItemPrefix="TestUnit.ClassDetails.java" Implct="false" Intrnl_Id="211">
<Cond/>
<LocList>
<Loc EndOffset="3490" SrcFileId="2" StartOffset="2358"/>
</LocList>
<StmntSeq Intrnl_Id="212">
<LocList>
<Loc EndOffset="3471" SrcFileId="2" StartOffset="2437"/>
</LocList>
<CondStmnt CovItemId="S37" CovItemPrefix="TestUnit.ClassDetails.java" Intrnl_Id="213">
<Branch CovItemId="B7" CovItemPrefix="TestUnit.ClassDetails.java" Implct="false" Intrnl_Id="214">
<Cond/>
<LocList>
<Loc EndOffset="2597" SrcFileId="2" StartOffset="2482"/>
</LocList>
<StmntSeq Intrnl_Id="215">
<LocList>
<Loc EndOffset="2574" SrcFileId="2" StartOffset="2509"/>
</LocList>
<CondStmnt CovItemId="S38" CovItemPrefix="TestUnit.ClassDetails.java" Intrnl_Id="216">
<Branch CovItemId="B9" CovItemPrefix="TestUnit.ClassDetails.java" Implct="false" Intrnl_Id="217">
<Cond/>
<LocList>
<Loc EndOffset="2574" SrcFileId="2" StartOffset="2562"/>
</LocList>
<StmntSeq Intrnl_Id="218">
<LocList>
<Loc EndOffset="2574" SrcFileId="2" StartOffset="2562"/>
</LocList>
<BasicStmnt CovItemId="S39" CovItemPrefix="TestUnit.ClassDetails.java" Intrnl_Id="219">
<LocList>
<Loc EndOffset="2574" SrcFileId="2" StartOffset="2562"/>
</LocList>
</BasicStmnt>
</StmntSeq>
</Branch>
<Branch CovItemId="B10" CovItemPrefix="TestUnit.ClassDetails.java" Implct="true" Intrnl_Id="220">
<Cond/>
<LocList/>
<StmntSeq Intrnl_Id="221">
<LocList/>
</StmntSeq>
</Branch>
<Keyword EndOffset="2511" SrcFileId="2" StartOffset="2509"/>
<LocList>
<Loc EndOffset="2574" SrcFileId="2" StartOffset="2509"/>
</LocList>
</CondStmnt>
</StmntSeq>
</Branch>
<Branch CovItemId="B8" CovItemPrefix="TestUnit.ClassDetails.java" Implct="false" Intrnl_Id="222">
<Cond>
<Loc EndOffset="2667" SrcFileId="2" StartOffset="2663"/>
</Cond>
<LocList>
<Loc EndOffset="3471" SrcFileId="2" StartOffset="2668"/>
</LocList>
<StmntSeq Intrnl_Id="223">
<LocList>
<Loc EndOffset="3471" SrcFileId="2" StartOffset="2668"/>
</LocList>
<CondStmnt CovItemId="S40" CovItemPrefix="TestUnit.ClassDetails.java" Intrnl_Id="224">
<Branch CovItemId="B11" CovItemPrefix="TestUnit.ClassDetails.java" Implct="false" Intrnl_Id="225">
<Cond/>
<LocList>
<Loc EndOffset="3033" SrcFileId="2" StartOffset="2712"/>
</LocList>
<StmntSeq Intrnl_Id="226">
<LocList>
<Loc EndOffset="3010" SrcFileId="2" StartOffset="2739"/>
</LocList>
<CondStmnt CovItemId="S41" CovItemPrefix="TestUnit.ClassDetails.java" Intrnl_Id="227">
<Branch CovItemId="B13" CovItemPrefix="TestUnit.ClassDetails.java" Implct="false" Intrnl_Id="228">
<Cond/>
<LocList>
<Loc EndOffset="2915" SrcFileId="2" StartOffset="2788"/>
</LocList>
<StmntSeq Intrnl_Id="229">
<LocList>
<Loc EndOffset="2888" SrcFileId="2" StartOffset="2819"/>
</LocList>
<CondStmnt CovItemId="S42" CovItemPrefix="TestUnit.ClassDetails.java" Intrnl_Id="230">
<Branch CovItemId="B15" CovItemPrefix="TestUnit.ClassDetails.java" Implct="false" Intrnl_Id="231">
<Cond/>
<LocList>
<Loc EndOffset="2888" SrcFileId="2" StartOffset="2876"/>
</LocList>
<StmntSeq Intrnl_Id="232">
<LocList>
<Loc EndOffset="2888" SrcFileId="2" StartOffset="2876"/>
</LocList>
<BasicStmnt CovItemId="S43" CovItemPrefix="TestUnit.ClassDetails.java" Intrnl_Id="233">
<LocList>
<Loc EndOffset="2888" SrcFileId="2" StartOffset="2876"/>
</LocList>
</BasicStmnt>
</StmntSeq>
</Branch>
<Branch CovItemId="B16" CovItemPrefix="TestUnit.ClassDetails.java" Implct="true" Intrnl_Id="234">
<Cond/>
<LocList/>
<StmntSeq Intrnl_Id="235">
<LocList/>
</StmntSeq>
</Branch>
<Keyword EndOffset="2821" SrcFileId="2" StartOffset="2819"/>
<LocList>
<Loc EndOffset="2888" SrcFileId="2" StartOffset="2819"/>
</LocList>
</CondStmnt>
</StmntSeq>
</Branch>
<Branch CovItemId="B14" CovItemPrefix="TestUnit.ClassDetails.java" Implct="false" Intrnl_Id="236">
<Cond>
<Loc EndOffset="2945" SrcFileId="2" StartOffset="2941"/>
</Cond>
<LocList>
<Loc EndOffset="3010" SrcFileId="2" StartOffset="2946"/>
</LocList>
<StmntSeq Intrnl_Id="237">
<LocList>
<Loc EndOffset="3010" SrcFileId="2" StartOffset="2946"/>
</LocList>
<CondStmnt CovItemId="S44" CovItemPrefix="TestUnit.ClassDetails.java" Intrnl_Id="238">
<Branch CovItemId="B17" CovItemPrefix="TestUnit.ClassDetails.java" Implct="false" Intrnl_Id="239">
<Cond/>
<LocList>
<Loc EndOffset="3010" SrcFileId="2" StartOffset="2998"/>
</LocList>
<StmntSeq Intrnl_Id="240">
<LocList>
<Loc EndOffset="3010" SrcFileId="2" StartOffset="2998"/>
</LocList>
<BasicStmnt CovItemId="S45" CovItemPrefix="TestUnit.ClassDetails.java" Intrnl_Id="241">
<LocList>
<Loc EndOffset="3010" SrcFileId="2" StartOffset="2998"/>
</LocList>
</BasicStmnt>
</StmntSeq>
</Branch>
<Branch CovItemId="B18" CovItemPrefix="TestUnit.ClassDetails.java" Implct="true" Intrnl_Id="242">
<Cond/>
<LocList/>
<StmntSeq Intrnl_Id="243">
<LocList/>
</StmntSeq>
</Branch>
<Keyword EndOffset="2948" SrcFileId="2" StartOffset="2946"/>
<LocList>
<Loc EndOffset="3010" SrcFileId="2" StartOffset="2946"/>
</LocList>
</CondStmnt>
</StmntSeq>
</Branch>
<Keyword EndOffset="2741" SrcFileId="2" StartOffset="2739"/>
<LocList>
<Loc EndOffset="3010" SrcFileId="2" StartOffset="2739"/>
</LocList>
</CondStmnt>
</StmntSeq>
</Branch>
<Branch CovItemId="B12" CovItemPrefix="TestUnit.ClassDetails.java" Implct="false" Intrnl_Id="244">
<Cond>
<Loc EndOffset="3105" SrcFileId="2" StartOffset="3101"/>
</Cond>
<LocList>
<Loc EndOffset="3471" SrcFileId="2" StartOffset="3106"/>
</LocList>
<StmntSeq Intrnl_Id="245">
<LocList>
<Loc EndOffset="3471" SrcFileId="2" StartOffset="3106"/>
</LocList>
<CondStmnt CovItemId="S46" CovItemPrefix="TestUnit.ClassDetails.java" Intrnl_Id="246">
<Branch CovItemId="B19" CovItemPrefix="TestUnit.ClassDetails.java" Implct="false" Intrnl_Id="247">
<Cond/>
<LocList>
<Loc EndOffset="3471" SrcFileId="2" StartOffset="3150"/>
</LocList>
<StmntSeq Intrnl_Id="248">
<LocList>
<Loc EndOffset="3448" SrcFileId="2" StartOffset="3177"/>
</LocList>
<CondStmnt CovItemId="S47" CovItemPrefix="TestUnit.ClassDetails.java" Intrnl_Id="249">
<Branch CovItemId="B21" CovItemPrefix="TestUnit.ClassDetails.java" Implct="false" Intrnl_Id="250">
<Cond/>
<LocList>
<Loc EndOffset="3353" SrcFileId="2" StartOffset="3226"/>
</LocList>
<StmntSeq Intrnl_Id="251">
<LocList>
<Loc EndOffset="3326" SrcFileId="2" StartOffset="3257"/>
</LocList>
<CondStmnt CovItemId="S48" CovItemPrefix="TestUnit.ClassDetails.java" Intrnl_Id="252">
<Branch CovItemId="B23" CovItemPrefix="TestUnit.ClassDetails.java" Implct="false" Intrnl_Id="253">
<Cond/>
<LocList>
<Loc EndOffset="3326" SrcFileId="2" StartOffset="3314"/>
</LocList>
<StmntSeq Intrnl_Id="254">
<LocList>
<Loc EndOffset="3326" SrcFileId="2" StartOffset="3314"/>
</LocList>
<BasicStmnt CovItemId="S49" CovItemPrefix="TestUnit.ClassDetails.java" Intrnl_Id="255">
<LocList>
<Loc EndOffset="3326" SrcFileId="2" StartOffset="3314"/>
</LocList>
</BasicStmnt>
</StmntSeq>
</Branch>
<Branch CovItemId="B24" CovItemPrefix="TestUnit.ClassDetails.java" Implct="true" Intrnl_Id="256">
<Cond/>
<LocList/>
<StmntSeq Intrnl_Id="257">
<LocList/>
</StmntSeq>
</Branch>
<Keyword EndOffset="3259" SrcFileId="2" StartOffset="3257"/>
<LocList>
<Loc EndOffset="3326" SrcFileId="2" StartOffset="3257"/>
</LocList>
</CondStmnt>
</StmntSeq>
</Branch>
<Branch CovItemId="B22" CovItemPrefix="TestUnit.ClassDetails.java" Implct="false" Intrnl_Id="258">
<Cond>
<Loc EndOffset="3383" SrcFileId="2" StartOffset="3379"/>
</Cond>
<LocList>
<Loc EndOffset="3448" SrcFileId="2" StartOffset="3384"/>
</LocList>
<StmntSeq Intrnl_Id="259">
<LocList>
<Loc EndOffset="3448" SrcFileId="2" StartOffset="3384"/>
</LocList>
<CondStmnt CovItemId="S50" CovItemPrefix="TestUnit.ClassDetails.java" Intrnl_Id="260">
<Branch CovItemId="B25" CovItemPrefix="TestUnit.ClassDetails.java" Implct="false" Intrnl_Id="261">
<Cond/>
<LocList>
<Loc EndOffset="3448" SrcFileId="2" StartOffset="3436"/>
</LocList>
<StmntSeq Intrnl_Id="262">
<LocList>
<Loc EndOffset="3448" SrcFileId="2" StartOffset="3436"/>
</LocList>
<BasicStmnt CovItemId="S51" CovItemPrefix="TestUnit.ClassDetails.java" Intrnl_Id="263">
<LocList>
<Loc EndOffset="3448" SrcFileId="2" StartOffset="3436"/>
</LocList>
</BasicStmnt>
</StmntSeq>
</Branch>
<Branch CovItemId="B26" CovItemPrefix="TestUnit.ClassDetails.java" Implct="true" Intrnl_Id="264">
<Cond/>
<LocList/>
<StmntSeq Intrnl_Id="265">
<LocList/>
</StmntSeq>
</Branch>
<Keyword EndOffset="3386" SrcFileId="2" StartOffset="3384"/>
<LocList>
<Loc EndOffset="3448" SrcFileId="2" StartOffset="3384"/>
</LocList>
</CondStmnt>
</StmntSeq>
</Branch>
<Keyword EndOffset="3179" SrcFileId="2" StartOffset="3177"/>
<LocList>
<Loc EndOffset="3448" SrcFileId="2" StartOffset="3177"/>
</LocList>
</CondStmnt>
</StmntSeq>
</Branch>
<Branch CovItemId="B20" CovItemPrefix="TestUnit.ClassDetails.java" Implct="true" Intrnl_Id="266">
<Cond/>
<LocList/>
<StmntSeq Intrnl_Id="267">
<LocList/>
</StmntSeq>
</Branch>
<Keyword EndOffset="3108" SrcFileId="2" StartOffset="3106"/>
<LocList>
<Loc EndOffset="3471" SrcFileId="2" StartOffset="3106"/>
</LocList>
</CondStmnt>
</StmntSeq>
</Branch>
<Keyword EndOffset="2670" SrcFileId="2" StartOffset="2668"/>
<LocList>
<Loc EndOffset="3471" SrcFileId="2" StartOffset="2668"/>
</LocList>
</CondStmnt>
</StmntSeq>
</Branch>
<Keyword EndOffset="2439" SrcFileId="2" StartOffset="2437"/>
<LocList>
<Loc EndOffset="3471" SrcFileId="2" StartOffset="2437"/>
</LocList>
</CondStmnt>
</StmntSeq>
</Branch>
<Branch CovItemId="B6" CovItemPrefix="TestUnit.ClassDetails.java" Implct="true" Intrnl_Id="268">
<Cond/>
<LocList/>
<StmntSeq Intrnl_Id="269">
<LocList/>
</StmntSeq>
</Branch>
<Keyword EndOffset="2324" SrcFileId="2" StartOffset="2322"/>
<LocList>
<Loc EndOffset="3490" SrcFileId="2" StartOffset="2322"/>
</LocList>
</CondStmnt>
</StmntSeq>
<Keyword EndOffset="2230" SrcFileId="2" StartOffset="2225"/>
<LocList>
<Loc EndOffset="3505" SrcFileId="2" StartOffset="2225"/>
</LocList>
</LoopStmnt>
</StmntSeq>
<Keyword EndOffset="2147" SrcFileId="2" StartOffset="2142"/>
<LocList>
<Loc EndOffset="3516" SrcFileId="2" StartOffset="2142"/>
</LocList>
</LoopStmnt>
<BasicStmnt CovItemId="S52" CovItemPrefix="TestUnit.ClassDetails.java" Intrnl_Id="270">
<LocList>
<Loc EndOffset="3541" SrcFileId="2" StartOffset="3528"/>
</LocList>
</BasicStmnt>
</StmntSeq>
</HierarchyLvl>
<HierarchyLvl HierarchyLvlId="486" HierarchyLvlTypeId="4" Intrnl_Id="271" Name="getTime">
<Header>
<Loc EndOffset="3577" SrcFileId="2" StartOffset="3556"/>
</Header>
<LocList>
<Loc EndOffset="3608" SrcFileId="2" StartOffset="3556"/>
</LocList>
<StmntSeq Intrnl_Id="272">
<LocList>
<Loc EndOffset="3601" SrcFileId="2" StartOffset="3589"/>
</LocList>
<BasicStmnt CovItemId="S53" CovItemPrefix="TestUnit.ClassDetails.java" Intrnl_Id="273">
<LocList>
<Loc EndOffset="3601" SrcFileId="2" StartOffset="3589"/>
</LocList>
</BasicStmnt>
</StmntSeq>
</HierarchyLvl>
<HierarchyLvl HierarchyLvlId="487" HierarchyLvlTypeId="4" Intrnl_Id="274" Name="setTime">
<Header>
<Loc EndOffset="3643" SrcFileId="2" StartOffset="3616"/>
</Header>
<LocList>
<Loc EndOffset="3671" SrcFileId="2" StartOffset="3616"/>
</LocList>
<StmntSeq Intrnl_Id="275">
<LocList>
<Loc EndOffset="3664" SrcFileId="2" StartOffset="3655"/>
</LocList>
<BasicStmnt CovItemId="S54" CovItemPrefix="TestUnit.ClassDetails.java" Intrnl_Id="276">
<LocList>
<Loc EndOffset="3664" SrcFileId="2" StartOffset="3655"/>
</LocList>
</BasicStmnt>
</StmntSeq>
</HierarchyLvl>
<HierarchyLvl HierarchyLvlId="488" HierarchyLvlTypeId="4" Intrnl_Id="277" Name="isAtTime">
<Header>
<Loc EndOffset="3712" SrcFileId="2" StartOffset="3679"/>
</Header>
<LocList>
<Loc EndOffset="3850" SrcFileId="2" StartOffset="3679"/>
</LocList>
<StmntSeq Intrnl_Id="278">
<LocList>
<Loc EndOffset="3843" SrcFileId="2" StartOffset="3724"/>
</LocList>
<CondStmnt CovItemId="S55" CovItemPrefix="TestUnit.ClassDetails.java" Intrnl_Id="279">
<Branch CovItemId="B27" CovItemPrefix="TestUnit.ClassDetails.java" Implct="false" Intrnl_Id="280">
<Cond/>
<LocList>
<Loc EndOffset="3802" SrcFileId="2" StartOffset="3790"/>
</LocList>
<StmntSeq Intrnl_Id="281">
<LocList>
<Loc EndOffset="3802" SrcFileId="2" StartOffset="3790"/>
</LocList>
<BasicStmnt CovItemId="S56" CovItemPrefix="TestUnit.ClassDetails.java" Intrnl_Id="282">
<LocList>
<Loc EndOffset="3802" SrcFileId="2" StartOffset="3790"/>
</LocList>
</BasicStmnt>
</StmntSeq>
</Branch>
<Branch CovItemId="B28" CovItemPrefix="TestUnit.ClassDetails.java" Implct="false" Intrnl_Id="283">
<Cond>
<Loc EndOffset="3816" SrcFileId="2" StartOffset="3812"/>
</Cond>
<LocList>
<Loc EndOffset="3843" SrcFileId="2" StartOffset="3830"/>
</LocList>
<StmntSeq Intrnl_Id="284">
<LocList>
<Loc EndOffset="3843" SrcFileId="2" StartOffset="3830"/>
</LocList>
<BasicStmnt CovItemId="S57" CovItemPrefix="TestUnit.ClassDetails.java" Intrnl_Id="285">
<LocList>
<Loc EndOffset="3843" SrcFileId="2" StartOffset="3830"/>
</LocList>
</BasicStmnt>
</StmntSeq>
</Branch>
<Keyword EndOffset="3726" SrcFileId="2" StartOffset="3724"/>
<LocList>
<Loc EndOffset="3843" SrcFileId="2" StartOffset="3724"/>
</LocList>
</CondStmnt>
</StmntSeq>
</HierarchyLvl>
<HierarchyLvl HierarchyLvlId="489" HierarchyLvlTypeId="4" Intrnl_Id="286" Name="isAtDay">
<Header>
<Loc EndOffset="3889" SrcFileId="2" StartOffset="3858"/>
</Header>
<LocList>
<Loc EndOffset="4027" SrcFileId="2" StartOffset="3858"/>
</LocList>
<StmntSeq Intrnl_Id="287">
<LocList>
<Loc EndOffset="4020" SrcFileId="2" StartOffset="3901"/>
</LocList>
<CondStmnt CovItemId="S58" CovItemPrefix="TestUnit.ClassDetails.java" Intrnl_Id="288">
<Branch CovItemId="B29" CovItemPrefix="TestUnit.ClassDetails.java" Implct="false" Intrnl_Id="289">
<Cond/>
<LocList>
<Loc EndOffset="3979" SrcFileId="2" StartOffset="3967"/>
</LocList>
<StmntSeq Intrnl_Id="290">
<LocList>
<Loc EndOffset="3979" SrcFileId="2" StartOffset="3967"/>
</LocList>
<BasicStmnt CovItemId="S59" CovItemPrefix="TestUnit.ClassDetails.java" Intrnl_Id="291">
<LocList>
<Loc EndOffset="3979" SrcFileId="2" StartOffset="3967"/>
</LocList>
</BasicStmnt>
</StmntSeq>
</Branch>
<Branch CovItemId="B30" CovItemPrefix="TestUnit.ClassDetails.java" Implct="false" Intrnl_Id="292">
<Cond>
<Loc EndOffset="3993" SrcFileId="2" StartOffset="3989"/>
</Cond>
<LocList>
<Loc EndOffset="4020" SrcFileId="2" StartOffset="4007"/>
</LocList>
<StmntSeq Intrnl_Id="293">
<LocList>
<Loc EndOffset="4020" SrcFileId="2" StartOffset="4007"/>
</LocList>
<BasicStmnt CovItemId="S60" CovItemPrefix="TestUnit.ClassDetails.java" Intrnl_Id="294">
<LocList>
<Loc EndOffset="4020" SrcFileId="2" StartOffset="4007"/>
</LocList>
</BasicStmnt>
</StmntSeq>
</Branch>
<Keyword EndOffset="3903" SrcFileId="2" StartOffset="3901"/>
<LocList>
<Loc EndOffset="4020" SrcFileId="2" StartOffset="3901"/>
</LocList>
</CondStmnt>
</StmntSeq>
</HierarchyLvl>
<HierarchyLvl HierarchyLvlId="490" HierarchyLvlTypeId="4" Intrnl_Id="295" Name="toString">
<Header>
<Loc EndOffset="4059" SrcFileId="2" StartOffset="4035"/>
</Header>
<LocList>
<Loc EndOffset="4594" SrcFileId="2" StartOffset="4035"/>
</LocList>
<StmntSeq Intrnl_Id="296">
<LocList>
<Loc EndOffset="4090" SrcFileId="2" StartOffset="4071"/>
<Loc EndOffset="4153" SrcFileId="2" StartOffset="4100"/>
<Loc EndOffset="4252" SrcFileId="2" StartOffset="4163"/>
<Loc EndOffset="4487" SrcFileId="2" StartOffset="4425"/>
<Loc EndOffset="4587" SrcFileId="2" StartOffset="4573"/>
</LocList>
<BasicStmnt CovItemId="S61" CovItemPrefix="TestUnit.ClassDetails.java" Intrnl_Id="297">
<LocList>
<Loc EndOffset="4090" SrcFileId="2" StartOffset="4071"/>
</LocList>
</BasicStmnt>
<BasicStmnt CovItemId="S62" CovItemPrefix="TestUnit.ClassDetails.java" Intrnl_Id="298">
<LocList>
<Loc EndOffset="4153" SrcFileId="2" StartOffset="4100"/>
</LocList>
</BasicStmnt>
<CondStmnt CovItemId="S63" CovItemPrefix="TestUnit.ClassDetails.java" Intrnl_Id="299">
<Branch CovItemId="B31" CovItemPrefix="TestUnit.ClassDetails.java" Implct="false" Intrnl_Id="300">
<Cond/>
<LocList>
<Loc EndOffset="4252" SrcFileId="2" StartOffset="4204"/>
</LocList>
<StmntSeq Intrnl_Id="301">
<LocList>
<Loc EndOffset="4252" SrcFileId="2" StartOffset="4204"/>
</LocList>
<BasicStmnt CovItemId="S64" CovItemPrefix="TestUnit.ClassDetails.java" Intrnl_Id="302">
<LocList>
<Loc EndOffset="4252" SrcFileId="2" StartOffset="4204"/>
</LocList>
</BasicStmnt>
</StmntSeq>
</Branch>
<Branch CovItemId="B32" CovItemPrefix="TestUnit.ClassDetails.java" Implct="true" Intrnl_Id="303">
<Cond/>
<LocList/>
<StmntSeq Intrnl_Id="304">
<LocList/>
</StmntSeq>
</Branch>
<Keyword EndOffset="4165" SrcFileId="2" StartOffset="4163"/>
<LocList>
<Loc EndOffset="4252" SrcFileId="2" StartOffset="4163"/>
</LocList>
</CondStmnt>
<CondStmnt CovItemId="S65" CovItemPrefix="TestUnit.ClassDetails.java" Intrnl_Id="305">
<Branch CovItemId="B33" CovItemPrefix="TestUnit.ClassDetails.java" Implct="false" Intrnl_Id="306">
<Cond/>
<LocList>
<Loc EndOffset="4487" SrcFileId="2" StartOffset="4458"/>
</LocList>
<StmntSeq Intrnl_Id="307">
<LocList>
<Loc EndOffset="4487" SrcFileId="2" StartOffset="4458"/>
</LocList>
<BasicStmnt CovItemId="S66" CovItemPrefix="TestUnit.ClassDetails.java" Intrnl_Id="308">
<LocList>
<Loc EndOffset="4487" SrcFileId="2" StartOffset="4458"/>
</LocList>
</BasicStmnt>
</StmntSeq>
</Branch>
<Branch CovItemId="B34" CovItemPrefix="TestUnit.ClassDetails.java" Implct="true" Intrnl_Id="309">
<Cond/>
<LocList/>
<StmntSeq Intrnl_Id="310">
<LocList/>
</StmntSeq>
</Branch>
<Keyword EndOffset="4427" SrcFileId="2" StartOffset="4425"/>
<LocList>
<Loc EndOffset="4487" SrcFileId="2" StartOffset="4425"/>
</LocList>
</CondStmnt>
<BasicStmnt CovItemId="S67" CovItemPrefix="TestUnit.ClassDetails.java" Intrnl_Id="311">
<LocList>
<Loc EndOffset="4587" SrcFileId="2" StartOffset="4573"/>
</LocList>
</BasicStmnt>
</StmntSeq>
</HierarchyLvl>
<HierarchyLvl HierarchyLvlId="491" HierarchyLvlTypeId="4" Intrnl_Id="312" Name="getDays">
<Header>
<Loc EndOffset="4625" SrcFileId="2" StartOffset="4602"/>
</Header>
<LocList>
<Loc EndOffset="4666" SrcFileId="2" StartOffset="4602"/>
</LocList>
<StmntSeq Intrnl_Id="313">
<LocList>
<Loc EndOffset="4659" SrcFileId="2" StartOffset="4637"/>
</LocList>
<BasicStmnt CovItemId="S68" CovItemPrefix="TestUnit.ClassDetails.java" Intrnl_Id="314">
<LocList>
<Loc EndOffset="4659" SrcFileId="2" StartOffset="4637"/>
</LocList>
</BasicStmnt>
</StmntSeq>
</HierarchyLvl>
<HierarchyLvl HierarchyLvlId="492" HierarchyLvlTypeId="4" Intrnl_Id="315" Name="setCourse">
<Header>
<Loc EndOffset="4707" SrcFileId="2" StartOffset="4676"/>
</Header>
<LocList>
<Loc EndOffset="4752" SrcFileId="2" StartOffset="4676"/>
</LocList>
<StmntSeq Intrnl_Id="316">
<LocList>
<Loc EndOffset="4738" SrcFileId="2" StartOffset="4722"/>
</LocList>
<BasicStmnt CovItemId="S69" CovItemPrefix="TestUnit.ClassDetails.java" Intrnl_Id="317">
<LocList>
<Loc EndOffset="4738" SrcFileId="2" StartOffset="4722"/>
</LocList>
</BasicStmnt>
</StmntSeq>
</HierarchyLvl>
<HierarchyLvl HierarchyLvlId="493" HierarchyLvlTypeId="4" Intrnl_Id="318" Name="getCourse">
<Header>
<Loc EndOffset="4786" SrcFileId="2" StartOffset="4761"/>
</Header>
<LocList>
<Loc EndOffset="4828" SrcFileId="2" StartOffset="4761"/>
</LocList>
<StmntSeq Intrnl_Id="319">
<LocList>
<Loc EndOffset="4820" SrcFileId="2" StartOffset="4795"/>
</LocList>
<BasicStmnt CovItemId="S70" CovItemPrefix="TestUnit.ClassDetails.java" Intrnl_Id="320">
<LocList>
<Loc EndOffset="4820" SrcFileId="2" StartOffset="4795"/>
</LocList>
</BasicStmnt>
</StmntSeq>
</HierarchyLvl>
</HierarchyLvl>
</HierarchyLvl>
</HierarchyLvl>
</MASTRoot>
<TestSession Comment="" Date="1500934699070" Name="Jul 24, 2017 6:18:18 PM">
<TestCase Comment="" Date="1500934698395" Name="TestUnit.ClassDetailsTests:testSetCampus1">
<CovList>
<CovPrefix CovItemPrefix="TestUnit.ClassDetails.java">
<Cov CovItemId="S3" Value="1"/>
<Cov CovItemId="S4" Value="1"/>
<Cov CovItemId="S5" Value="1"/>
<Cov CovItemId="S54" Value="8"/>
<Cov CovItemId="S6" Value="1"/>
</CovPrefix>
<CovPrefix CovItemPrefix="TestUnit.ClassDetailsTests.java">
<Cov CovItemId="S1" Value="1"/>
<Cov CovItemId="S10" Value="1"/>
<Cov CovItemId="S11" Value="1"/>
<Cov CovItemId="S12" Value="1"/>
<Cov CovItemId="S13" Value="1"/>
<Cov CovItemId="S14" Value="1"/>
<Cov CovItemId="S15" Value="1"/>
<Cov CovItemId="S16" Value="1"/>
<Cov CovItemId="S17" Value="1"/>
<Cov CovItemId="S18" Value="1"/>
<Cov CovItemId="S19" Value="1"/>
<Cov CovItemId="S2" Value="1"/>
<Cov CovItemId="S20" Value="1"/>
<Cov CovItemId="S21" Value="1"/>
<Cov CovItemId="S22" Value="1"/>
<Cov CovItemId="S23" Value="1"/>
<Cov CovItemId="S24" Value="1"/>
<Cov CovItemId="S3" Value="1"/>
<Cov CovItemId="S36" Value="1"/>
<Cov CovItemId="S37" Value="1"/>
<Cov CovItemId="S4" Value="1"/>
<Cov CovItemId="S5" Value="1"/>
<Cov CovItemId="S6" Value="1"/>
<Cov CovItemId="S7" Value="1"/>
<Cov CovItemId="S8" Value="1"/>
<Cov CovItemId="S9" Value="1"/>
</CovPrefix>
</CovList>
<AssgnmntList/>
<ObjMetaDataList/>
<MetaDataList/>
</TestCase>
<TestCase Comment="" Date="1500934698411" Name="TestUnit.ClassDetailsTests:testSetCampus2">
<CovList>
<CovPrefix CovItemPrefix="TestUnit.ClassDetails.java">
<Cov CovItemId="S3" Value="1"/>
<Cov CovItemId="S4" Value="1"/>
<Cov CovItemId="S5" Value="1"/>
<Cov CovItemId="S54" Value="8"/>
<Cov CovItemId="S6" Value="1"/>
</CovPrefix>
<CovPrefix CovItemPrefix="TestUnit.ClassDetailsTests.java">
<Cov CovItemId="S1" Value="1"/>
<Cov CovItemId="S10" Value="1"/>
<Cov CovItemId="S11" Value="1"/>
<Cov CovItemId="S12" Value="1"/>
<Cov CovItemId="S13" Value="1"/>
<Cov CovItemId="S14" Value="1"/>
<Cov CovItemId="S15" Value="1"/>
<Cov CovItemId="S16" Value="1"/>
<Cov CovItemId="S17" Value="1"/>
<Cov CovItemId="S18" Value="1"/>
<Cov CovItemId="S19" Value="1"/>
<Cov CovItemId="S2" Value="1"/>
<Cov CovItemId="S20" Value="1"/>
<Cov CovItemId="S21" Value="1"/>
<Cov CovItemId="S22" Value="1"/>
<Cov CovItemId="S23" Value="1"/>
<Cov CovItemId="S24" Value="1"/>
<Cov CovItemId="S3" Value="1"/>
<Cov CovItemId="S38" Value="1"/>
<Cov CovItemId="S39" Value="1"/>
<Cov CovItemId="S4" Value="1"/>
<Cov CovItemId="S5" Value="1"/>
<Cov CovItemId="S6" Value="1"/>
<Cov CovItemId="S7" Value="1"/>
<Cov CovItemId="S8" Value="1"/>
<Cov CovItemId="S9" Value="1"/>
</CovPrefix>
</CovList>
<AssgnmntList/>
<ObjMetaDataList/>
<MetaDataList/>
</TestCase>
<TestCase Comment="Failure&#10;java.lang.AssertionError&#13;&#10;&#9;at org.junit.Assert.fail(Assert.java:86)&#13;&#10;&#9;at org.junit.Assert.assertTrue(Assert.java:41)&#13;&#10;&#9;at org.junit.Assert.assertNotNull(Assert.java:621)&#13;&#10;&#9;at TestUnit.ClassDetailsTests.testGetInstructor(ClassDetailsTests.java:190)&#13;&#10;&#9;at sun.reflect.NativeMethodAccessorImpl.invoke0(Native Method)&#13;&#10;&#9;at sun.reflect.NativeMethodAccessorImpl.invoke(Unknown Source)&#13;&#10;&#9;at sun.reflect.DelegatingMethodAccessorImpl.invoke(Unknown Source)&#13;&#10;&#9;at java.lang.reflect.Method.invoke(Unknown Source)&#13;&#10;&#9;at org.junit.runners.model.FrameworkMethod$1.runReflectiveCall(FrameworkMethod.java:47)&#13;&#10;&#9;at org.junit.internal.runners.model.ReflectiveCallable.run(ReflectiveCallable.java:12)&#13;&#10;&#9;at org.junit.runners.model.FrameworkMethod.invokeExplosively(FrameworkMethod.java:44)&#13;&#10;&#9;at org.junit.internal.runners.statements.InvokeMethod.evaluate(InvokeMethod.java:17)&#13;&#10;&#9;at org.junit.internal.runners.statements.RunBefores.evaluate(RunBefores.java:26)&#13;&#10;&#9;at org.junit.internal.runners.statements.RunAfters.evaluate(RunAfters.java:27)&#13;&#10;&#9;at org.junit.runners.ParentRunner.runLeaf(ParentRunner.java:271)&#13;&#10;&#9;at org.junit.runners.BlockJUnit4ClassRunner.runChild(BlockJUnit4ClassRunner.java:70)&#13;&#10;&#9;at org.junit.runners.BlockJUnit4ClassRunner.runChild(BlockJUnit4ClassRunner.java:50)&#13;&#10;&#9;at org.junit.runners.ParentRunner$3.run(ParentRunner.java:238)&#13;&#10;&#9;at org.junit.runners.ParentRunner$1.schedule(ParentRunner.java:63)&#13;&#10;&#9;at org.junit.runners.ParentRunner.runChildren(ParentRunner.java:236)&#13;&#10;&#9;at org.junit.runners.ParentRunner.access$000(ParentRunner.java:53)&#13;&#10;&#9;at org.junit.runners.ParentRunner$2.evaluate(ParentRunner.java:229)&#13;&#10;&#9;at org.junit.runners.ParentRunner.run(ParentRunner.java:309)&#13;&#10;&#9;at org.eclipse.jdt.internal.junit4.runner.JUnit4TestReference.run(JUnit4TestReference.java:50)&#13;&#10;&#9;at org.eclipse.jdt.internal.junit.runner.TestExecution.run(TestExecution.java:38)&#13;&#10;&#9;at org.eclipse.jdt.internal.junit.runner.RemoteTestRunner.runTests(RemoteTestRunner.java:467)&#13;&#10;&#9;at org.eclipse.jdt.internal.junit.runner.RemoteTestRunner.runTests(RemoteTestRunner.java:683)&#13;&#10;&#9;at org.eclipse.jdt.internal.junit.runner.RemoteTestRunner.run(RemoteTestRunner.java:390)&#13;&#10;&#9;at org.codecover.juniteclipse.runner.EclipseTestRunner.main(EclipseTestRunner.java:40)" Date="1500934698411" Name="TestUnit.ClassDetailsTests:testGetInstructor">
<CovList>
<CovPrefix CovItemPrefix="TestUnit.ClassDetails.java">
<Cov CovItemId="S5" Value="1"/>
<Cov CovItemId="S54" Value="8"/>
<Cov CovItemId="S6" Value="1"/>
<Cov CovItemId="S7" Value="1"/>
</CovPrefix>
<CovPrefix CovItemPrefix="TestUnit.ClassDetailsTests.java">
<Cov CovItemId="S1" Value="1"/>
<Cov CovItemId="S10" Value="1"/>
<Cov CovItemId="S11" Value="1"/>
<Cov CovItemId="S12" Value="1"/>
<Cov CovItemId="S13" Value="1"/>
<Cov CovItemId="S14" Value="1"/>
<Cov CovItemId="S15" Value="1"/>
<Cov CovItemId="S16" Value="1"/>
<Cov CovItemId="S17" Value="1"/>
<Cov CovItemId="S18" Value="1"/>
<Cov CovItemId="S19" Value="1"/>
<Cov CovItemId="S2" Value="1"/>
<Cov CovItemId="S20" Value="1"/>
<Cov CovItemId="S21" Value="1"/>
<Cov CovItemId="S22" Value="1"/>
<Cov CovItemId="S23" Value="1"/>
<Cov CovItemId="S24" Value="1"/>
<Cov CovItemId="S3" Value="1"/>
<Cov CovItemId="S4" Value="1"/>
<Cov CovItemId="S42" Value="1"/>
<Cov CovItemId="S5" Value="1"/>
<Cov CovItemId="S6" Value="1"/>
<Cov CovItemId="S7" Value="1"/>
<Cov CovItemId="S8" Value="1"/>
<Cov CovItemId="S9" Value="1"/>
</CovPrefix>
</CovList>
<AssgnmntList/>
<ObjMetaDataList/>
<MetaDataList/>
</TestCase>
<TestCase Comment="Failure&#10;org.junit.ComparisonFailure: expected:&lt;[Programming&#10;12345&#10;10:00-12:0]0&#10;MMC&#10;&gt; but was:&lt;[COP3337&#10;null&#10;10:0-12:]0&#10;MMC&#10;&gt;&#13;&#10;&#9;at org.junit.Assert.assertEquals(Assert.java:115)&#13;&#10;&#9;at org.junit.Assert.assertEquals(Assert.java:144)&#13;&#10;&#9;at TestUnit.ClassDetailsTests.testToString(ClassDetailsTests.java:303)&#13;&#10;&#9;at sun.reflect.NativeMethodAccessorImpl.invoke0(Native Method)&#13;&#10;&#9;at sun.reflect.NativeMethodAccessorImpl.invoke(Unknown Source)&#13;&#10;&#9;at sun.reflect.DelegatingMethodAccessorImpl.invoke(Unknown Source)&#13;&#10;&#9;at java.lang.reflect.Method.invoke(Unknown Source)&#13;&#10;&#9;at org.junit.runners.model.FrameworkMethod$1.runReflectiveCall(FrameworkMethod.java:47)&#13;&#10;&#9;at org.junit.internal.runners.model.ReflectiveCallable.run(ReflectiveCallable.java:12)&#13;&#10;&#9;at org.junit.runners.model.FrameworkMethod.invokeExplosively(FrameworkMethod.java:44)&#13;&#10;&#9;at org.junit.internal.runners.statements.InvokeMethod.evaluate(InvokeMethod.java:17)&#13;&#10;&#9;at org.junit.internal.runners.statements.RunBefores.evaluate(RunBefores.java:26)&#13;&#10;&#9;at org.junit.internal.runners.statements.RunAfters.evaluate(RunAfters.java:27)&#13;&#10;&#9;at org.junit.runners.ParentRunner.runLeaf(ParentRunner.java:271)&#13;&#10;&#9;at org.junit.runners.BlockJUnit4ClassRunner.runChild(BlockJUnit4ClassRunner.java:70)&#13;&#10;&#9;at org.junit.runners.BlockJUnit4ClassRunner.runChild(BlockJUnit4ClassRunner.java:50)&#13;&#10;&#9;at org.junit.runners.ParentRunner$3.run(ParentRunner.java:238)&#13;&#10;&#9;at org.junit.runners.ParentRunner$1.schedule(ParentRunner.java:63)&#13;&#10;&#9;at org.junit.runners.ParentRunner.runChildren(ParentRunner.java:236)&#13;&#10;&#9;at org.junit.runners.ParentRunner.access$000(ParentRunner.java:53)&#13;&#10;&#9;at org.junit.runners.ParentRunner$2.evaluate(ParentRunner.java:229)&#13;&#10;&#9;at org.junit.runners.ParentRunner.run(ParentRunner.java:309)&#13;&#10;&#9;at org.eclipse.jdt.internal.junit4.runner.JUnit4TestReference.run(JUnit4TestReference.java:50)&#13;&#10;&#9;at org.eclipse.jdt.internal.junit.runner.TestExecution.run(TestExecution.java:38)&#13;&#10;&#9;at org.eclipse.jdt.internal.junit.runner.RemoteTestRunner.runTests(RemoteTestRunner.java:467)&#13;&#10;&#9;at org.eclipse.jdt.internal.junit.runner.RemoteTestRunner.runTests(RemoteTestRunner.java:683)&#13;&#10;&#9;at org.eclipse.jdt.internal.junit.runner.RemoteTestRunner.run(RemoteTestRunner.java:390)&#13;&#10;&#9;at org.codecover.juniteclipse.runner.EclipseTestRunner.main(EclipseTestRunner.java:40)" Date="1500934698426" Name="TestUnit.ClassDetailsTests:testToString">
<CovList>
<CovPrefix CovItemPrefix="TestUnit.ClassDetails.java">
<Cov CovItemId="B31" Value="1"/>
<Cov CovItemId="B33" Value="1"/>
<Cov CovItemId="S3" Value="1"/>
<Cov CovItemId="S5" Value="1"/>
<Cov CovItemId="S53" Value="2"/>
<Cov CovItemId="S54" Value="9"/>
<Cov CovItemId="S6" Value="1"/>
<Cov CovItemId="S61" Value="1"/>
<Cov CovItemId="S62" Value="1"/>
<Cov CovItemId="S63" Value="1"/>
<Cov CovItemId="S64" Value="1"/>
<Cov CovItemId="S65" Value="1"/>
<Cov CovItemId="S66" Value="1"/>
<Cov CovItemId="S67" Value="1"/>
<Cov CovItemId="S69" Value="1"/>
</CovPrefix>
<CovPrefix CovItemPrefix="TestUnit.ClassDetailsTests.java">
<Cov CovItemId="S1" Value="1"/>
<Cov CovItemId="S10" Value="1"/>
<Cov CovItemId="S11" Value="1"/>
<Cov CovItemId="S12" Value="1"/>
<Cov CovItemId="S13" Value="1"/>
<Cov CovItemId="S14" Value="1"/>
<Cov CovItemId="S15" Value="1"/>
<Cov CovItemId="S16" Value="1"/>
<Cov CovItemId="S17" Value="1"/>
<Cov CovItemId="S18" Value="1"/>
<Cov CovItemId="S19" Value="1"/>
<Cov CovItemId="S2" Value="1"/>
<Cov CovItemId="S20" Value="1"/>
<Cov CovItemId="S21" Value="1"/>
<Cov CovItemId="S22" Value="1"/>
<Cov CovItemId="S23" Value="1"/>
<Cov CovItemId="S24" Value="1"/>
<Cov CovItemId="S3" Value="1"/>
<Cov CovItemId="S4" Value="1"/>
<Cov CovItemId="S5" Value="1"/>
<Cov CovItemId="S6" Value="1"/>
<Cov CovItemId="S7" Value="1"/>
<Cov CovItemId="S73" Value="1"/>
<Cov CovItemId="S74" Value="1"/>
<Cov CovItemId="S75" Value="1"/>
<Cov CovItemId="S76" Value="1"/>
<Cov CovItemId="S77" Value="1"/>
<Cov CovItemId="S78" Value="1"/>
<Cov CovItemId="S79" Value="1"/>
<Cov CovItemId="S8" Value="1"/>
<Cov CovItemId="S80" Value="1"/>
<Cov CovItemId="S9" Value="1"/>
</CovPrefix>
</CovList>
<AssgnmntList/>
<ObjMetaDataList/>
<MetaDataList/>
</TestCase>
<TestCase Comment="" Date="1500934698442" Name="TestUnit.ClassDetailsTests:testHasConflict1">
<CovList>
<CovPrefix CovItemPrefix="TestUnit.ClassDetails.java">
<Cov CovItemId="B1" Value="2"/>
<Cov CovItemId="B12" Value="1"/>
<Cov CovItemId="B19" Value="1"/>
<Cov CovItemId="B2" Value="5"/>
<Cov CovItemId="B22" Value="1"/>
<Cov CovItemId="B26" Value="1"/>
<Cov CovItemId="B3" Value="2"/>
<Cov CovItemId="B4" Value="5"/>
<Cov CovItemId="B5" Value="1"/>
<Cov CovItemId="B6" Value="1"/>
<Cov CovItemId="B8" Value="1"/>
<Cov CovItemId="S10" Value="1"/>
<Cov CovItemId="S11" Value="1"/>
<Cov CovItemId="S12" Value="1"/>
<Cov CovItemId="S13" Value="1"/>
<Cov CovItemId="S14" Value="1"/>
<Cov CovItemId="S15" Value="1"/>
<Cov CovItemId="S16" Value="1"/>
<Cov CovItemId="S17" Value="1"/>
<Cov CovItemId="S18" Value="1"/>
<Cov CovItemId="S19" Value="1"/>
<Cov CovItemId="S20" Value="1"/>
<Cov CovItemId="S21" Value="1"/>
<Cov CovItemId="S22" Value="1"/>
<Cov CovItemId="S23" Value="7"/>
<Cov CovItemId="S24" Value="2"/>
<Cov CovItemId="S25" Value="2"/>
<Cov CovItemId="S26" Value="1"/>
<Cov CovItemId="S27" Value="7"/>
<Cov CovItemId="S28" Value="2"/>
<Cov CovItemId="S29" Value="2"/>
<Cov CovItemId="S30" Value="1"/>
<Cov CovItemId="S31" Value="1"/>
<Cov CovItemId="S32" Value="1"/>
<Cov CovItemId="S33" Value="2"/>
<Cov CovItemId="S34" Value="2"/>
<Cov CovItemId="S35" Value="2"/>
<Cov CovItemId="S36" Value="2"/>
<Cov CovItemId="S37" Value="1"/>
<Cov CovItemId="S40" Value="1"/>
<Cov CovItemId="S46" Value="1"/>
<Cov CovItemId="S47" Value="1"/>
<Cov CovItemId="S5" Value="1"/>
<Cov CovItemId="S50" Value="1"/>
<Cov CovItemId="S52" Value="1"/>
<Cov CovItemId="S53" Value="2"/>
<Cov CovItemId="S54" Value="8"/>
<Cov CovItemId="S6" Value="1"/>
<Cov CovItemId="S8" Value="1"/>
<Cov CovItemId="S9" Value="1"/>
</CovPrefix>
<CovPrefix CovItemPrefix="TestUnit.ClassDetailsTests.java">
<Cov CovItemId="S1" Value="1"/>
<Cov CovItemId="S10" Value="1"/>
<Cov CovItemId="S11" Value="1"/>
<Cov CovItemId="S12" Value="1"/>
<Cov CovItemId="S13" Value="1"/>
<Cov CovItemId="S14" Value="1"/>
<Cov CovItemId="S15" Value="1"/>
<Cov CovItemId="S16" Value="1"/>
<Cov CovItemId="S17" Value="1"/>
<Cov CovItemId="S18" Value="1"/>
<Cov CovItemId="S19" Value="1"/>
<Cov CovItemId="S2" Value="1"/>
<Cov CovItemId="S20" Value="1"/>
<Cov CovItemId="S21" Value="1"/>
<Cov CovItemId="S22" Value="1"/>
<Cov CovItemId="S23" Value="1"/>
<Cov CovItemId="S24" Value="1"/>
<Cov CovItemId="S27" Value="1"/>
<Cov CovItemId="S3" Value="1"/>
<Cov CovItemId="S4" Value="1"/>
<Cov CovItemId="S5" Value="1"/>
<Cov CovItemId="S6" Value="1"/>
<Cov CovItemId="S7" Value="1"/>
<Cov CovItemId="S8" Value="1"/>
<Cov CovItemId="S9" Value="1"/>
</CovPrefix>
</CovList>
<AssgnmntList/>
<ObjMetaDataList/>
<MetaDataList/>
</TestCase>
<TestCase Comment="" Date="1500934698442" Name="TestUnit.ClassDetailsTests:testHasConflict2">
<CovList>
<CovPrefix CovItemPrefix="TestUnit.ClassDetails.java">
<Cov CovItemId="B1" Value="2"/>
<Cov CovItemId="B2" Value="5"/>
<Cov CovItemId="B3" Value="2"/>
<Cov CovItemId="B4" Value="5"/>
<Cov CovItemId="B5" Value="1"/>
<Cov CovItemId="B7" Value="1"/>
<Cov CovItemId="B9" Value="1"/>
<Cov CovItemId="S10" Value="1"/>
<Cov CovItemId="S11" Value="1"/>
<Cov CovItemId="S12" Value="1"/>
<Cov CovItemId="S13" Value="1"/>
<Cov CovItemId="S14" Value="1"/>
<Cov CovItemId="S15" Value="1"/>
<Cov CovItemId="S16" Value="1"/>
<Cov CovItemId="S17" Value="1"/>
<Cov CovItemId="S18" Value="1"/>
<Cov CovItemId="S19" Value="1"/>
<Cov CovItemId="S20" Value="1"/>
<Cov CovItemId="S21" Value="1"/>
<Cov CovItemId="S22" Value="1"/>
<Cov CovItemId="S23" Value="7"/>
<Cov CovItemId="S24" Value="2"/>
<Cov CovItemId="S25" Value="2"/>
<Cov CovItemId="S26" Value="1"/>
<Cov CovItemId="S27" Value="7"/>
<Cov CovItemId="S28" Value="2"/>
<Cov CovItemId="S29" Value="2"/>
<Cov CovItemId="S30" Value="1"/>
<Cov CovItemId="S31" Value="1"/>
<Cov CovItemId="S32" Value="1"/>
<Cov CovItemId="S33" Value="1"/>
<Cov CovItemId="S34" Value="1"/>
<Cov CovItemId="S35" Value="1"/>
<Cov CovItemId="S36" Value="1"/>
<Cov CovItemId="S37" Value="1"/>
<Cov CovItemId="S38" Value="1"/>
<Cov CovItemId="S39" Value="1"/>
<Cov CovItemId="S5" Value="1"/>
<Cov CovItemId="S53" Value="2"/>
<Cov CovItemId="S54" Value="8"/>
<Cov CovItemId="S6" Value="1"/>
<Cov CovItemId="S8" Value="1"/>
<Cov CovItemId="S9" Value="1"/>
</CovPrefix>
<CovPrefix CovItemPrefix="TestUnit.ClassDetailsTests.java">
<Cov CovItemId="S1" Value="1"/>
<Cov CovItemId="S10" Value="1"/>
<Cov CovItemId="S11" Value="1"/>
<Cov CovItemId="S12" Value="1"/>
<Cov CovItemId="S13" Value="1"/>
<Cov CovItemId="S14" Value="1"/>
<Cov CovItemId="S15" Value="1"/>
<Cov CovItemId="S16" Value="1"/>
<Cov CovItemId="S17" Value="1"/>
<Cov CovItemId="S18" Value="1"/>
<Cov CovItemId="S19" Value="1"/>
<Cov CovItemId="S2" Value="1"/>
<Cov CovItemId="S20" Value="1"/>
<Cov CovItemId="S21" Value="1"/>
<Cov CovItemId="S22" Value="1"/>
<Cov CovItemId="S23" Value="1"/>
<Cov CovItemId="S24" Value="1"/>
<Cov CovItemId="S28" Value="1"/>
<Cov CovItemId="S3" Value="1"/>
<Cov CovItemId="S4" Value="1"/>
<Cov CovItemId="S5" Value="1"/>
<Cov CovItemId="S6" Value="1"/>
<Cov CovItemId="S7" Value="1"/>
<Cov CovItemId="S8" Value="1"/>
<Cov CovItemId="S9" Value="1"/>
</CovPrefix>
</CovList>
<AssgnmntList/>
<ObjMetaDataList/>
<MetaDataList/>
</TestCase>
<TestCase Comment="" Date="1500934698442" Name="TestUnit.ClassDetailsTests:testHasConflict3">
<CovList>
<CovPrefix CovItemPrefix="TestUnit.ClassDetails.java">
<Cov CovItemId="B1" Value="2"/>
<Cov CovItemId="B2" Value="5"/>
<Cov CovItemId="B3" Value="2"/>
<Cov CovItemId="B4" Value="5"/>
<Cov CovItemId="B5" Value="1"/>
<Cov CovItemId="B7" Value="1"/>
<Cov CovItemId="B9" Value="1"/>
<Cov CovItemId="S10" Value="1"/>
<Cov CovItemId="S11" Value="1"/>
<Cov CovItemId="S12" Value="1"/>
<Cov CovItemId="S13" Value="1"/>
<Cov CovItemId="S14" Value="1"/>
<Cov CovItemId="S15" Value="1"/>
<Cov CovItemId="S16" Value="1"/>
<Cov CovItemId="S17" Value="1"/>
<Cov CovItemId="S18" Value="1"/>
<Cov CovItemId="S19" Value="1"/>
<Cov CovItemId="S20" Value="1"/>
<Cov CovItemId="S21" Value="1"/>
<Cov CovItemId="S22" Value="1"/>
<Cov CovItemId="S23" Value="7"/>
<Cov CovItemId="S24" Value="2"/>
<Cov CovItemId="S25" Value="2"/>
<Cov CovItemId="S26" Value="1"/>
<Cov CovItemId="S27" Value="7"/>
<Cov CovItemId="S28" Value="2"/>
<Cov CovItemId="S29" Value="2"/>
<Cov CovItemId="S30" Value="1"/>
<Cov CovItemId="S31" Value="1"/>
<Cov CovItemId="S32" Value="1"/>
<Cov CovItemId="S33" Value="1"/>
<Cov CovItemId="S34" Value="1"/>
<Cov CovItemId="S35" Value="1"/>
<Cov CovItemId="S36" Value="1"/>
<Cov CovItemId="S37" Value="1"/>
<Cov CovItemId="S38" Value="1"/>
<Cov CovItemId="S39" Value="1"/>
<Cov CovItemId="S5" Value="1"/>
<Cov CovItemId="S53" Value="2"/>
<Cov CovItemId="S54" Value="8"/>
<Cov CovItemId="S6" Value="1"/>
<Cov CovItemId="S8" Value="1"/>
<Cov CovItemId="S9" Value="1"/>
</CovPrefix>
<CovPrefix CovItemPrefix="TestUnit.ClassDetailsTests.java">
<Cov CovItemId="S1" Value="1"/>
<Cov CovItemId="S10" Value="1"/>
<Cov CovItemId="S11" Value="1"/>
<Cov CovItemId="S12" Value="1"/>
<Cov CovItemId="S13" Value="1"/>
<Cov CovItemId="S14" Value="1"/>
<Cov CovItemId="S15" Value="1"/>
<Cov CovItemId="S16" Value="1"/>
<Cov CovItemId="S17" Value="1"/>
<Cov CovItemId="S18" Value="1"/>
<Cov CovItemId="S19" Value="1"/>
<Cov CovItemId="S2" Value="1"/>
<Cov CovItemId="S20" Value="1"/>
<Cov CovItemId="S21" Value="1"/>
<Cov CovItemId="S22" Value="1"/>
<Cov CovItemId="S23" Value="1"/>
<Cov CovItemId="S24" Value="1"/>
<Cov CovItemId="S29" Value="1"/>
<Cov CovItemId="S3" Value="1"/>
<Cov CovItemId="S4" Value="1"/>
<Cov CovItemId="S5" Value="1"/>
<Cov CovItemId="S6" Value="1"/>
<Cov CovItemId="S7" Value="1"/>
<Cov CovItemId="S8" Value="1"/>
<Cov CovItemId="S9" Value="1"/>
</CovPrefix>
</CovList>
<AssgnmntList/>
<ObjMetaDataList/>
<MetaDataList/>
</TestCase>
<TestCase Comment="Failure&#10;java.lang.AssertionError: expected:&lt;true&gt; but was:&lt;false&gt;&#13;&#10;&#9;at org.junit.Assert.fail(Assert.java:88)&#13;&#10;&#9;at org.junit.Assert.failNotEquals(Assert.java:743)&#13;&#10;&#9;at org.junit.Assert.assertEquals(Assert.java:118)&#13;&#10;&#9;at org.junit.Assert.assertEquals(Assert.java:144)&#13;&#10;&#9;at TestUnit.ClassDetailsTests.testHasConflict4(ClassDetailsTests.java:131)&#13;&#10;&#9;at sun.reflect.NativeMethodAccessorImpl.invoke0(Native Method)&#13;&#10;&#9;at sun.reflect.NativeMethodAccessorImpl.invoke(Unknown Source)&#13;&#10;&#9;at sun.reflect.DelegatingMethodAccessorImpl.invoke(Unknown Source)&#13;&#10;&#9;at java.lang.reflect.Method.invoke(Unknown Source)&#13;&#10;&#9;at org.junit.runners.model.FrameworkMethod$1.runReflectiveCall(FrameworkMethod.java:47)&#13;&#10;&#9;at org.junit.internal.runners.model.ReflectiveCallable.run(ReflectiveCallable.java:12)&#13;&#10;&#9;at org.junit.runners.model.FrameworkMethod.invokeExplosively(FrameworkMethod.java:44)&#13;&#10;&#9;at org.junit.internal.runners.statements.InvokeMethod.evaluate(InvokeMethod.java:17)&#13;&#10;&#9;at org.junit.internal.runners.statements.RunBefores.evaluate(RunBefores.java:26)&#13;&#10;&#9;at org.junit.internal.runners.statements.RunAfters.evaluate(RunAfters.java:27)&#13;&#10;&#9;at org.junit.runners.ParentRunner.runLeaf(ParentRunner.java:271)&#13;&#10;&#9;at org.junit.runners.BlockJUnit4ClassRunner.runChild(BlockJUnit4ClassRunner.java:70)&#13;&#10;&#9;at org.junit.runners.BlockJUnit4ClassRunner.runChild(BlockJUnit4ClassRunner.java:50)&#13;&#10;&#9;at org.junit.runners.ParentRunner$3.run(ParentRunner.java:238)&#13;&#10;&#9;at org.junit.runners.ParentRunner$1.schedule(ParentRunner.java:63)&#13;&#10;&#9;at org.junit.runners.ParentRunner.runChildren(ParentRunner.java:236)&#13;&#10;&#9;at org.junit.runners.ParentRunner.access$000(ParentRunner.java:53)&#13;&#10;&#9;at org.junit.runners.ParentRunner$2.evaluate(ParentRunner.java:229)&#13;&#10;&#9;at org.junit.runners.ParentRunner.run(ParentRunner.java:309)&#13;&#10;&#9;at org.eclipse.jdt.internal.junit4.runner.JUnit4TestReference.run(JUnit4TestReference.java:50)&#13;&#10;&#9;at org.eclipse.jdt.internal.junit.runner.TestExecution.run(TestExecution.java:38)&#13;&#10;&#9;at org.eclipse.jdt.internal.junit.runner.RemoteTestRunner.runTests(RemoteTestRunner.java:467)&#13;&#10;&#9;at org.eclipse.jdt.internal.junit.runner.RemoteTestRunner.runTests(RemoteTestRunner.java:683)&#13;&#10;&#9;at org.eclipse.jdt.internal.junit.runner.RemoteTestRunner.run(RemoteTestRunner.java:390)&#13;&#10;&#9;at org.codecover.juniteclipse.runner.EclipseTestRunner.main(EclipseTestRunner.java:40)" Date="1500934698457" Name="TestUnit.ClassDetailsTests:testHasConflict4">
<CovList>
<CovPrefix CovItemPrefix="TestUnit.ClassDetails.java">
<Cov CovItemId="B1" Value="2"/>
<Cov CovItemId="B10" Value="1"/>
<Cov CovItemId="B2" Value="5"/>
<Cov CovItemId="B3" Value="2"/>
<Cov CovItemId="B4" Value="5"/>
<Cov CovItemId="B5" Value="1"/>
<Cov CovItemId="B6" Value="1"/>
<Cov CovItemId="B7" Value="1"/>
<Cov CovItemId="S10" Value="1"/>
<Cov CovItemId="S11" Value="1"/>
<Cov CovItemId="S12" Value="1"/>
<Cov CovItemId="S13" Value="1"/>
<Cov CovItemId="S14" Value="1"/>
<Cov CovItemId="S15" Value="1"/>
<Cov CovItemId="S16" Value="1"/>
<Cov CovItemId="S17" Value="1"/>
<Cov CovItemId="S18" Value="1"/>
<Cov CovItemId="S19" Value="1"/>
<Cov CovItemId="S20" Value="1"/>
<Cov CovItemId="S21" Value="1"/>
<Cov CovItemId="S22" Value="1"/>
<Cov CovItemId="S23" Value="7"/>
<Cov CovItemId="S24" Value="2"/>
<Cov CovItemId="S25" Value="2"/>
<Cov CovItemId="S26" Value="1"/>
<Cov CovItemId="S27" Value="7"/>
<Cov CovItemId="S28" Value="2"/>
<Cov CovItemId="S29" Value="2"/>
<Cov CovItemId="S30" Value="1"/>
<Cov CovItemId="S31" Value="1"/>
<Cov CovItemId="S32" Value="1"/>
<Cov CovItemId="S33" Value="2"/>
<Cov CovItemId="S34" Value="2"/>
<Cov CovItemId="S35" Value="2"/>
<Cov CovItemId="S36" Value="2"/>
<Cov CovItemId="S37" Value="1"/>
<Cov CovItemId="S38" Value="1"/>
<Cov CovItemId="S5" Value="1"/>
<Cov CovItemId="S52" Value="1"/>
<Cov CovItemId="S53" Value="2"/>
<Cov CovItemId="S54" Value="8"/>
<Cov CovItemId="S6" Value="1"/>
<Cov CovItemId="S8" Value="1"/>
<Cov CovItemId="S9" Value="1"/>
</CovPrefix>
<CovPrefix CovItemPrefix="TestUnit.ClassDetailsTests.java">
<Cov CovItemId="S1" Value="1"/>
<Cov CovItemId="S10" Value="1"/>
<Cov CovItemId="S11" Value="1"/>
<Cov CovItemId="S12" Value="1"/>
<Cov CovItemId="S13" Value="1"/>
<Cov CovItemId="S14" Value="1"/>
<Cov CovItemId="S15" Value="1"/>
<Cov CovItemId="S16" Value="1"/>
<Cov CovItemId="S17" Value="1"/>
<Cov CovItemId="S18" Value="1"/>
<Cov CovItemId="S19" Value="1"/>
<Cov CovItemId="S2" Value="1"/>
<Cov CovItemId="S20" Value="1"/>
<Cov CovItemId="S21" Value="1"/>
<Cov CovItemId="S22" Value="1"/>
<Cov CovItemId="S23" Value="1"/>
<Cov CovItemId="S24" Value="1"/>
<Cov CovItemId="S3" Value="1"/>
<Cov CovItemId="S30" Value="1"/>
<Cov CovItemId="S4" Value="1"/>
<Cov CovItemId="S5" Value="1"/>
<Cov CovItemId="S6" Value="1"/>
<Cov CovItemId="S7" Value="1"/>
<Cov CovItemId="S8" Value="1"/>
<Cov CovItemId="S9" Value="1"/>
</CovPrefix>
</CovList>
<AssgnmntList/>
<ObjMetaDataList/>
<MetaDataList/>
</TestCase>
<TestCase Comment="" Date="1500934698457" Name="TestUnit.ClassDetailsTests:testHasConflict5">
<CovList>
<CovPrefix CovItemPrefix="TestUnit.ClassDetails.java">
<Cov CovItemId="B1" Value="2"/>
<Cov CovItemId="B11" Value="1"/>
<Cov CovItemId="B13" Value="1"/>
<Cov CovItemId="B15" Value="1"/>
<Cov CovItemId="B2" Value="5"/>
<Cov CovItemId="B3" Value="2"/>
<Cov CovItemId="B4" Value="5"/>
<Cov CovItemId="B5" Value="1"/>
<Cov CovItemId="B8" Value="1"/>
<Cov CovItemId="S10" Value="1"/>
<Cov CovItemId="S11" Value="1"/>
<Cov CovItemId="S12" Value="1"/>
<Cov CovItemId="S13" Value="1"/>
<Cov CovItemId="S14" Value="1"/>
<Cov CovItemId="S15" Value="1"/>
<Cov CovItemId="S16" Value="1"/>
<Cov CovItemId="S17" Value="1"/>
<Cov CovItemId="S18" Value="1"/>
<Cov CovItemId="S19" Value="1"/>
<Cov CovItemId="S20" Value="1"/>
<Cov CovItemId="S21" Value="1"/>
<Cov CovItemId="S22" Value="1"/>
<Cov CovItemId="S23" Value="7"/>
<Cov CovItemId="S24" Value="2"/>
<Cov CovItemId="S25" Value="2"/>
<Cov CovItemId="S26" Value="1"/>
<Cov CovItemId="S27" Value="7"/>
<Cov CovItemId="S28" Value="2"/>
<Cov CovItemId="S29" Value="2"/>
<Cov CovItemId="S30" Value="1"/>
<Cov CovItemId="S31" Value="1"/>
<Cov CovItemId="S32" Value="1"/>
<Cov CovItemId="S33" Value="1"/>
<Cov CovItemId="S34" Value="1"/>
<Cov CovItemId="S35" Value="1"/>
<Cov CovItemId="S36" Value="1"/>
<Cov CovItemId="S37" Value="1"/>
<Cov CovItemId="S40" Value="1"/>
<Cov CovItemId="S41" Value="1"/>
<Cov CovItemId="S42" Value="1"/>
<Cov CovItemId="S43" Value="1"/>
<Cov CovItemId="S5" Value="1"/>
<Cov CovItemId="S53" Value="2"/>
<Cov CovItemId="S54" Value="8"/>
<Cov CovItemId="S6" Value="1"/>
<Cov CovItemId="S8" Value="1"/>
<Cov CovItemId="S9" Value="1"/>
</CovPrefix>
<CovPrefix CovItemPrefix="TestUnit.ClassDetailsTests.java">
<Cov CovItemId="S1" Value="1"/>
<Cov CovItemId="S10" Value="1"/>
<Cov CovItemId="S11" Value="1"/>
<Cov CovItemId="S12" Value="1"/>
<Cov CovItemId="S13" Value="1"/>
<Cov CovItemId="S14" Value="1"/>
<Cov CovItemId="S15" Value="1"/>
<Cov CovItemId="S16" Value="1"/>
<Cov CovItemId="S17" Value="1"/>
<Cov CovItemId="S18" Value="1"/>
<Cov CovItemId="S19" Value="1"/>
<Cov CovItemId="S2" Value="1"/>
<Cov CovItemId="S20" Value="1"/>
<Cov CovItemId="S21" Value="1"/>
<Cov CovItemId="S22" Value="1"/>
<Cov CovItemId="S23" Value="1"/>
<Cov CovItemId="S24" Value="1"/>
<Cov CovItemId="S3" Value="1"/>
<Cov CovItemId="S31" Value="1"/>
<Cov CovItemId="S4" Value="1"/>
<Cov CovItemId="S5" Value="1"/>
<Cov CovItemId="S6" Value="1"/>
<Cov CovItemId="S7" Value="1"/>
<Cov CovItemId="S8" Value="1"/>
<Cov CovItemId="S9" Value="1"/>
</CovPrefix>
</CovList>
<AssgnmntList/>
<ObjMetaDataList/>
<MetaDataList/>
</TestCase>
<TestCase Comment="" Date="1500934698457" Name="TestUnit.ClassDetailsTests:testHasConflict6">
<CovList>
<CovPrefix CovItemPrefix="TestUnit.ClassDetails.java">
<Cov CovItemId="B1" Value="2"/>
<Cov CovItemId="B11" Value="1"/>
<Cov CovItemId="B14" Value="1"/>
<Cov CovItemId="B17" Value="1"/>
<Cov CovItemId="B2" Value="5"/>
<Cov CovItemId="B3" Value="2"/>
<Cov CovItemId="B4" Value="5"/>
<Cov CovItemId="B5" Value="1"/>
<Cov CovItemId="B8" Value="1"/>
<Cov CovItemId="S10" Value="1"/>
<Cov CovItemId="S11" Value="1"/>
<Cov CovItemId="S12" Value="1"/>
<Cov CovItemId="S13" Value="1"/>
<Cov CovItemId="S14" Value="1"/>
<Cov CovItemId="S15" Value="1"/>
<Cov CovItemId="S16" Value="1"/>
<Cov CovItemId="S17" Value="1"/>
<Cov CovItemId="S18" Value="1"/>
<Cov CovItemId="S19" Value="1"/>
<Cov CovItemId="S20" Value="1"/>
<Cov CovItemId="S21" Value="1"/>
<Cov CovItemId="S22" Value="1"/>
<Cov CovItemId="S23" Value="7"/>
<Cov CovItemId="S24" Value="2"/>
<Cov CovItemId="S25" Value="2"/>
<Cov CovItemId="S26" Value="1"/>
<Cov CovItemId="S27" Value="7"/>
<Cov CovItemId="S28" Value="2"/>
<Cov CovItemId="S29" Value="2"/>
<Cov CovItemId="S30" Value="1"/>
<Cov CovItemId="S31" Value="1"/>
<Cov CovItemId="S32" Value="1"/>
<Cov CovItemId="S33" Value="1"/>
<Cov CovItemId="S34" Value="1"/>
<Cov CovItemId="S35" Value="1"/>
<Cov CovItemId="S36" Value="1"/>
<Cov CovItemId="S37" Value="1"/>
<Cov CovItemId="S40" Value="1"/>
<Cov CovItemId="S41" Value="1"/>
<Cov CovItemId="S44" Value="1"/>
<Cov CovItemId="S45" Value="1"/>
<Cov CovItemId="S5" Value="1"/>
<Cov CovItemId="S53" Value="2"/>
<Cov CovItemId="S54" Value="8"/>
<Cov CovItemId="S6" Value="1"/>
<Cov CovItemId="S8" Value="1"/>
<Cov CovItemId="S9" Value="1"/>
</CovPrefix>
<CovPrefix CovItemPrefix="TestUnit.ClassDetailsTests.java">
<Cov CovItemId="S1" Value="1"/>
<Cov CovItemId="S10" Value="1"/>
<Cov CovItemId="S11" Value="1"/>
<Cov CovItemId="S12" Value="1"/>
<Cov CovItemId="S13" Value="1"/>
<Cov CovItemId="S14" Value="1"/>
<Cov CovItemId="S15" Value="1"/>
<Cov CovItemId="S16" Value="1"/>
<Cov CovItemId="S17" Value="1"/>
<Cov CovItemId="S18" Value="1"/>
<Cov CovItemId="S19" Value="1"/>
<Cov CovItemId="S2" Value="1"/>
<Cov CovItemId="S20" Value="1"/>
<Cov CovItemId="S21" Value="1"/>
<Cov CovItemId="S22" Value="1"/>
<Cov CovItemId="S23" Value="1"/>
<Cov CovItemId="S24" Value="1"/>
<Cov CovItemId="S3" Value="1"/>
<Cov CovItemId="S32" Value="1"/>
<Cov CovItemId="S4" Value="1"/>
<Cov CovItemId="S5" Value="1"/>
<Cov CovItemId="S6" Value="1"/>
<Cov CovItemId="S7" Value="1"/>
<Cov CovItemId="S8" Value="1"/>
<Cov CovItemId="S9" Value="1"/>
</CovPrefix>
</CovList>
<AssgnmntList/>
<ObjMetaDataList/>
<MetaDataList/>
</TestCase>
<TestCase Comment="" Date="1500934698457" Name="TestUnit.ClassDetailsTests:testHasConflict7">
<CovList>
<CovPrefix CovItemPrefix="TestUnit.ClassDetails.java">
<Cov CovItemId="B1" Value="2"/>
<Cov CovItemId="B12" Value="1"/>
<Cov CovItemId="B19" Value="1"/>
<Cov CovItemId="B2" Value="5"/>
<Cov CovItemId="B22" Value="1"/>
<Cov CovItemId="B25" Value="1"/>
<Cov CovItemId="B3" Value="2"/>
<Cov CovItemId="B4" Value="5"/>
<Cov CovItemId="B5" Value="1"/>
<Cov CovItemId="B8" Value="1"/>
<Cov CovItemId="S10" Value="1"/>
<Cov CovItemId="S11" Value="1"/>
<Cov CovItemId="S12" Value="1"/>
<Cov CovItemId="S13" Value="1"/>
<Cov CovItemId="S14" Value="1"/>
<Cov CovItemId="S15" Value="1"/>
<Cov CovItemId="S16" Value="1"/>
<Cov CovItemId="S17" Value="1"/>
<Cov CovItemId="S18" Value="1"/>
<Cov CovItemId="S19" Value="1"/>
<Cov CovItemId="S20" Value="1"/>
<Cov CovItemId="S21" Value="1"/>
<Cov CovItemId="S22" Value="1"/>
<Cov CovItemId="S23" Value="7"/>
<Cov CovItemId="S24" Value="2"/>
<Cov CovItemId="S25" Value="2"/>
<Cov CovItemId="S26" Value="1"/>
<Cov CovItemId="S27" Value="7"/>
<Cov CovItemId="S28" Value="2"/>
<Cov CovItemId="S29" Value="2"/>
<Cov CovItemId="S30" Value="1"/>
<Cov CovItemId="S31" Value="1"/>
<Cov CovItemId="S32" Value="1"/>
<Cov CovItemId="S33" Value="1"/>
<Cov CovItemId="S34" Value="1"/>
<Cov CovItemId="S35" Value="1"/>
<Cov CovItemId="S36" Value="1"/>
<Cov CovItemId="S37" Value="1"/>
<Cov CovItemId="S40" Value="1"/>
<Cov CovItemId="S46" Value="1"/>
<Cov CovItemId="S47" Value="1"/>
<Cov CovItemId="S5" Value="1"/>
<Cov CovItemId="S50" Value="1"/>
<Cov CovItemId="S51" Value="1"/>
<Cov CovItemId="S53" Value="2"/>
<Cov CovItemId="S54" Value="8"/>
<Cov CovItemId="S6" Value="1"/>
<Cov CovItemId="S8" Value="1"/>
<Cov CovItemId="S9" Value="1"/>
</CovPrefix>
<CovPrefix CovItemPrefix="TestUnit.ClassDetailsTests.java">
<Cov CovItemId="S1" Value="1"/>
<Cov CovItemId="S10" Value="1"/>
<Cov CovItemId="S11" Value="1"/>
<Cov CovItemId="S12" Value="1"/>
<Cov CovItemId="S13" Value="1"/>
<Cov CovItemId="S14" Value="1"/>
<Cov CovItemId="S15" Value="1"/>
<Cov CovItemId="S16" Value="1"/>
<Cov CovItemId="S17" Value="1"/>
<Cov CovItemId="S18" Value="1"/>
<Cov CovItemId="S19" Value="1"/>
<Cov CovItemId="S2" Value="1"/>
<Cov CovItemId="S20" Value="1"/>
<Cov CovItemId="S21" Value="1"/>
<Cov CovItemId="S22" Value="1"/>
<Cov CovItemId="S23" Value="1"/>
<Cov CovItemId="S24" Value="1"/>
<Cov CovItemId="S3" Value="1"/>
<Cov CovItemId="S33" Value="1"/>
<Cov CovItemId="S4" Value="1"/>
<Cov CovItemId="S5" Value="1"/>
<Cov CovItemId="S6" Value="1"/>
<Cov CovItemId="S7" Value="1"/>
<Cov CovItemId="S8" Value="1"/>
<Cov CovItemId="S9" Value="1"/>
</CovPrefix>
</CovList>
<AssgnmntList/>
<ObjMetaDataList/>
<MetaDataList/>
</TestCase>
<TestCase Comment="" Date="1500934698473" Name="TestUnit.ClassDetailsTests:testIsAtTime1">
<CovList>
<CovPrefix CovItemPrefix="TestUnit.ClassDetails.java">
<Cov CovItemId="B28" Value="1"/>
<Cov CovItemId="S5" Value="1"/>
<Cov CovItemId="S53" Value="1"/>
<Cov CovItemId="S54" Value="9"/>
<Cov CovItemId="S55" Value="1"/>
<Cov CovItemId="S57" Value="1"/>
<Cov CovItemId="S6" Value="1"/>
</CovPrefix>
<CovPrefix CovItemPrefix="TestUnit.ClassDetailsTests.java">
<Cov CovItemId="S1" Value="1"/>
<Cov CovItemId="S10" Value="1"/>
<Cov CovItemId="S11" Value="1"/>
<Cov CovItemId="S12" Value="1"/>
<Cov CovItemId="S13" Value="1"/>
<Cov CovItemId="S14" Value="1"/>
<Cov CovItemId="S15" Value="1"/>
<Cov CovItemId="S16" Value="1"/>
<Cov CovItemId="S17" Value="1"/>
<Cov CovItemId="S18" Value="1"/>
<Cov CovItemId="S19" Value="1"/>
<Cov CovItemId="S2" Value="1"/>
<Cov CovItemId="S20" Value="1"/>
<Cov CovItemId="S21" Value="1"/>
<Cov CovItemId="S22" Value="1"/>
<Cov CovItemId="S23" Value="1"/>
<Cov CovItemId="S24" Value="1"/>
<Cov CovItemId="S3" Value="1"/>
<Cov CovItemId="S4" Value="1"/>
<Cov CovItemId="S5" Value="1"/>
<Cov CovItemId="S6" Value="1"/>
<Cov CovItemId="S63" Value="1"/>
<Cov CovItemId="S64" Value="1"/>
<Cov CovItemId="S65" Value="1"/>
<Cov CovItemId="S66" Value="1"/>
<Cov CovItemId="S67" Value="1"/>
<Cov CovItemId="S7" Value="1"/>
<Cov CovItemId="S8" Value="1"/>
<Cov CovItemId="S9" Value="1"/>
</CovPrefix>
</CovList>
<AssgnmntList/>
<ObjMetaDataList/>
<MetaDataList/>
</TestCase>
<TestCase Comment="" Date="1500934698854" Name="TestUnit.ClassDetailsTests:testIsAtTime2">
<CovList>
<CovPrefix CovItemPrefix="TestUnit.ClassDetails.java">
<Cov CovItemId="B27" Value="1"/>
<Cov CovItemId="S5" Value="1"/>
<Cov CovItemId="S53" Value="2"/>
<Cov CovItemId="S54" Value="9"/>
<Cov CovItemId="S55" Value="1"/>
<Cov CovItemId="S56" Value="1"/>
<Cov CovItemId="S6" Value="1"/>
</CovPrefix>
<CovPrefix CovItemPrefix="TestUnit.ClassDetailsTests.java">
<Cov CovItemId="S1" Value="1"/>
<Cov CovItemId="S10" Value="1"/>
<Cov CovItemId="S11" Value="1"/>
<Cov CovItemId="S12" Value="1"/>
<Cov CovItemId="S13" Value="1"/>
<Cov CovItemId="S14" Value="1"/>
<Cov CovItemId="S15" Value="1"/>
<Cov CovItemId="S16" Value="1"/>
<Cov CovItemId="S17" Value="1"/>
<Cov CovItemId="S18" Value="1"/>
<Cov CovItemId="S19" Value="1"/>
<Cov CovItemId="S2" Value="1"/>
<Cov CovItemId="S20" Value="1"/>
<Cov CovItemId="S21" Value="1"/>
<Cov CovItemId="S22" Value="1"/>
<Cov CovItemId="S23" Value="1"/>
<Cov CovItemId="S24" Value="1"/>
<Cov CovItemId="S3" Value="1"/>
<Cov CovItemId="S4" Value="1"/>
<Cov CovItemId="S5" Value="1"/>
<Cov CovItemId="S6" Value="1"/>
<Cov CovItemId="S68" Value="1"/>
<Cov CovItemId="S69" Value="1"/>
<Cov CovItemId="S7" Value="1"/>
<Cov CovItemId="S70" Value="1"/>
<Cov CovItemId="S71" Value="1"/>
<Cov CovItemId="S72" Value="1"/>
<Cov CovItemId="S8" Value="1"/>
<Cov CovItemId="S9" Value="1"/>
</CovPrefix>
</CovList>
<AssgnmntList/>
<ObjMetaDataList/>
<MetaDataList/>
</TestCase>
<TestCase Comment="" Date="1500934698869" Name="TestUnit.ClassDetailsTests:testGetDays">
<CovList>
<CovPrefix CovItemPrefix="TestUnit.ClassDetails.java">
<Cov CovItemId="S5" Value="1"/>
<Cov CovItemId="S53" Value="1"/>
<Cov CovItemId="S54" Value="9"/>
<Cov CovItemId="S6" Value="1"/>
<Cov CovItemId="S68" Value="1"/>
</CovPrefix>
<CovPrefix CovItemPrefix="TestUnit.ClassDetailsTests.java">
<Cov CovItemId="S1" Value="1"/>
<Cov CovItemId="S10" Value="1"/>
<Cov CovItemId="S11" Value="1"/>
<Cov CovItemId="S12" Value="1"/>
<Cov CovItemId="S13" Value="1"/>
<Cov CovItemId="S14" Value="1"/>
<Cov CovItemId="S15" Value="1"/>
<Cov CovItemId="S16" Value="1"/>
<Cov CovItemId="S17" Value="1"/>
<Cov CovItemId="S18" Value="1"/>
<Cov CovItemId="S19" Value="1"/>
<Cov CovItemId="S2" Value="1"/>
<Cov CovItemId="S20" Value="1"/>
<Cov CovItemId="S21" Value="1"/>
<Cov CovItemId="S22" Value="1"/>
<Cov CovItemId="S23" Value="1"/>
<Cov CovItemId="S24" Value="1"/>
<Cov CovItemId="S3" Value="1"/>
<Cov CovItemId="S4" Value="1"/>
<Cov CovItemId="S5" Value="1"/>
<Cov CovItemId="S51" Value="1"/>
<Cov CovItemId="S52" Value="1"/>
<Cov CovItemId="S53" Value="1"/>
<Cov CovItemId="S54" Value="1"/>
<Cov CovItemId="S6" Value="1"/>
<Cov CovItemId="S7" Value="1"/>
<Cov CovItemId="S8" Value="1"/>
<Cov CovItemId="S9" Value="1"/>
</CovPrefix>
</CovList>
<AssgnmntList/>
<ObjMetaDataList/>
<MetaDataList/>
</TestCase>
<TestCase Comment="" Date="1500934698869" Name="TestUnit.ClassDetailsTests:testGetTerm">
<CovList>
<CovPrefix CovItemPrefix="TestUnit.ClassDetails.java">
<Cov CovItemId="S1" Value="1"/>
<Cov CovItemId="S2" Value="1"/>
<Cov CovItemId="S5" Value="1"/>
<Cov CovItemId="S54" Value="8"/>
<Cov CovItemId="S6" Value="1"/>
</CovPrefix>
<CovPrefix CovItemPrefix="TestUnit.ClassDetailsTests.java">
<Cov CovItemId="S1" Value="1"/>
<Cov CovItemId="S10" Value="1"/>
<Cov CovItemId="S11" Value="1"/>
<Cov CovItemId="S12" Value="1"/>
<Cov CovItemId="S13" Value="1"/>
<Cov CovItemId="S14" Value="1"/>
<Cov CovItemId="S15" Value="1"/>
<Cov CovItemId="S16" Value="1"/>
<Cov CovItemId="S17" Value="1"/>
<Cov CovItemId="S18" Value="1"/>
<Cov CovItemId="S19" Value="1"/>
<Cov CovItemId="S2" Value="1"/>
<Cov CovItemId="S20" Value="1"/>
<Cov CovItemId="S21" Value="1"/>
<Cov CovItemId="S22" Value="1"/>
<Cov CovItemId="S23" Value="1"/>
<Cov CovItemId="S24" Value="1"/>
<Cov CovItemId="S3" Value="1"/>
<Cov CovItemId="S34" Value="1"/>
<Cov CovItemId="S35" Value="1"/>
<Cov CovItemId="S4" Value="1"/>
<Cov CovItemId="S5" Value="1"/>
<Cov CovItemId="S6" Value="1"/>
<Cov CovItemId="S7" Value="1"/>
<Cov CovItemId="S8" Value="1"/>
<Cov CovItemId="S9" Value="1"/>
</CovPrefix>
</CovList>
<AssgnmntList/>
<ObjMetaDataList/>
<MetaDataList/>
</TestCase>
<TestCase Comment="" Date="1500934698869" Name="TestUnit.ClassDetailsTests:testGetTime">
<CovList>
<CovPrefix CovItemPrefix="TestUnit.ClassDetails.java">
<Cov CovItemId="S5" Value="1"/>
<Cov CovItemId="S53" Value="1"/>
<Cov CovItemId="S54" Value="9"/>
<Cov CovItemId="S6" Value="1"/>
</CovPrefix>
<CovPrefix CovItemPrefix="TestUnit.ClassDetailsTests.java">
<Cov CovItemId="S1" Value="1"/>
<Cov CovItemId="S10" Value="1"/>
<Cov CovItemId="S11" Value="1"/>
<Cov CovItemId="S12" Value="1"/>
<Cov CovItemId="S13" Value="1"/>
<Cov CovItemId="S14" Value="1"/>
<Cov CovItemId="S15" Value="1"/>
<Cov CovItemId="S16" Value="1"/>
<Cov CovItemId="S17" Value="1"/>
<Cov CovItemId="S18" Value="1"/>
<Cov CovItemId="S19" Value="1"/>
<Cov CovItemId="S2" Value="1"/>
<Cov CovItemId="S20" Value="1"/>
<Cov CovItemId="S21" Value="1"/>
<Cov CovItemId="S22" Value="1"/>
<Cov CovItemId="S23" Value="1"/>
<Cov CovItemId="S24" Value="1"/>
<Cov CovItemId="S3" Value="1"/>
<Cov CovItemId="S4" Value="1"/>
<Cov CovItemId="S47" Value="1"/>
<Cov CovItemId="S48" Value="1"/>
<Cov CovItemId="S49" Value="1"/>
<Cov CovItemId="S5" Value="1"/>
<Cov CovItemId="S50" Value="1"/>
<Cov CovItemId="S6" Value="1"/>
<Cov CovItemId="S7" Value="1"/>
<Cov CovItemId="S8" Value="1"/>
<Cov CovItemId="S9" Value="1"/>
</CovPrefix>
</CovList>
<AssgnmntList/>
<ObjMetaDataList/>
<MetaDataList/>
</TestCase>
<TestCase Comment="" Date="1500934698907" Name="TestUnit.ClassDetailsTests:testIsAtDay1">
<CovList>
<CovPrefix CovItemPrefix="TestUnit.ClassDetails.java">
<Cov CovItemId="B29" Value="1"/>
<Cov CovItemId="S5" Value="1"/>
<Cov CovItemId="S53" Value="1"/>
<Cov CovItemId="S54" Value="9"/>
<Cov CovItemId="S58" Value="1"/>
<Cov CovItemId="S59" Value="1"/>
<Cov CovItemId="S6" Value="1"/>
</CovPrefix>
<CovPrefix CovItemPrefix="TestUnit.ClassDetailsTests.java">
<Cov CovItemId="S1" Value="1"/>
<Cov CovItemId="S10" Value="1"/>
<Cov CovItemId="S11" Value="1"/>
<Cov CovItemId="S12" Value="1"/>
<Cov CovItemId="S13" Value="1"/>
<Cov CovItemId="S14" Value="1"/>
<Cov CovItemId="S15" Value="1"/>
<Cov CovItemId="S16" Value="1"/>
<Cov CovItemId="S17" Value="1"/>
<Cov CovItemId="S18" Value="1"/>
<Cov CovItemId="S19" Value="1"/>
<Cov CovItemId="S2" Value="1"/>
<Cov CovItemId="S20" Value="1"/>
<Cov CovItemId="S21" Value="1"/>
<Cov CovItemId="S22" Value="1"/>
<Cov CovItemId="S23" Value="1"/>
<Cov CovItemId="S24" Value="1"/>
<Cov CovItemId="S3" Value="1"/>
<Cov CovItemId="S4" Value="1"/>
<Cov CovItemId="S5" Value="1"/>
<Cov CovItemId="S55" Value="1"/>
<Cov CovItemId="S56" Value="1"/>
<Cov CovItemId="S57" Value="1"/>
<Cov CovItemId="S58" Value="1"/>
<Cov CovItemId="S6" Value="1"/>
<Cov CovItemId="S7" Value="1"/>
<Cov CovItemId="S8" Value="1"/>
<Cov CovItemId="S9" Value="1"/>
</CovPrefix>
</CovList>
<AssgnmntList/>
<ObjMetaDataList/>
<MetaDataList/>
</TestCase>
<TestCase Comment="" Date="1500934698907" Name="TestUnit.ClassDetailsTests:testIsAtDay2">
<CovList>
<CovPrefix CovItemPrefix="TestUnit.ClassDetails.java">
<Cov CovItemId="B30" Value="1"/>
<Cov CovItemId="S5" Value="1"/>
<Cov CovItemId="S53" Value="1"/>
<Cov CovItemId="S54" Value="9"/>
<Cov CovItemId="S58" Value="1"/>
<Cov CovItemId="S6" Value="1"/>
<Cov CovItemId="S60" Value="1"/>
</CovPrefix>
<CovPrefix CovItemPrefix="TestUnit.ClassDetailsTests.java">
<Cov CovItemId="S1" Value="1"/>
<Cov CovItemId="S10" Value="1"/>
<Cov CovItemId="S11" Value="1"/>
<Cov CovItemId="S12" Value="1"/>
<Cov CovItemId="S13" Value="1"/>
<Cov CovItemId="S14" Value="1"/>
<Cov CovItemId="S15" Value="1"/>
<Cov CovItemId="S16" Value="1"/>
<Cov CovItemId="S17" Value="1"/>
<Cov CovItemId="S18" Value="1"/>
<Cov CovItemId="S19" Value="1"/>
<Cov CovItemId="S2" Value="1"/>
<Cov CovItemId="S20" Value="1"/>
<Cov CovItemId="S21" Value="1"/>
<Cov CovItemId="S22" Value="1"/>
<Cov CovItemId="S23" Value="1"/>
<Cov CovItemId="S24" Value="1"/>
<Cov CovItemId="S3" Value="1"/>
<Cov CovItemId="S4" Value="1"/>
<Cov CovItemId="S5" Value="1"/>
<Cov CovItemId="S59" Value="1"/>
<Cov CovItemId="S6" Value="1"/>
<Cov CovItemId="S60" Value="1"/>
<Cov CovItemId="S61" Value="1"/>
<Cov CovItemId="S62" Value="1"/>
<Cov CovItemId="S7" Value="1"/>
<Cov CovItemId="S8" Value="1"/>
<Cov CovItemId="S9" Value="1"/>
</CovPrefix>
</CovList>
<AssgnmntList/>
<ObjMetaDataList/>
<MetaDataList/>
</TestCase>
<TestCase Comment="" Date="1500934698907" Name="TestUnit.ClassDetailsTests:testSetCourse">
<CovList>
<CovPrefix CovItemPrefix="TestUnit.ClassDetails.java">
<Cov CovItemId="S5" Value="1"/>
<Cov CovItemId="S54" Value="8"/>
<Cov CovItemId="S6" Value="1"/>
<Cov CovItemId="S69" Value="1"/>
<Cov CovItemId="S70" Value="1"/>
</CovPrefix>
<CovPrefix CovItemPrefix="TestUnit.ClassDetailsTests.java">
<Cov CovItemId="S1" Value="1"/>
<Cov CovItemId="S10" Value="1"/>
<Cov CovItemId="S11" Value="1"/>
<Cov CovItemId="S12" Value="1"/>
<Cov CovItemId="S13" Value="1"/>
<Cov CovItemId="S14" Value="1"/>
<Cov CovItemId="S15" Value="1"/>
<Cov CovItemId="S16" Value="1"/>
<Cov CovItemId="S17" Value="1"/>
<Cov CovItemId="S18" Value="1"/>
<Cov CovItemId="S19" Value="1"/>
<Cov CovItemId="S2" Value="1"/>
<Cov CovItemId="S20" Value="1"/>
<Cov CovItemId="S21" Value="1"/>
<Cov CovItemId="S22" Value="1"/>
<Cov CovItemId="S23" Value="1"/>
<Cov CovItemId="S24" Value="1"/>
<Cov CovItemId="S3" Value="1"/>
<Cov CovItemId="S4" Value="1"/>
<Cov CovItemId="S5" Value="1"/>
<Cov CovItemId="S6" Value="1"/>
<Cov CovItemId="S7" Value="1"/>
<Cov CovItemId="S8" Value="1"/>
<Cov CovItemId="S81" Value="1"/>
<Cov CovItemId="S82" Value="1"/>
<Cov CovItemId="S83" Value="1"/>
<Cov CovItemId="S9" Value="1"/>
</CovPrefix>
</CovList>
<AssgnmntList/>
<ObjMetaDataList/>
<MetaDataList/>
</TestCase>
<TestCase Comment="" Date="1500934698911" Name="TestUnit.ClassDetailsTests:testGetCampus">
<CovList>
<CovPrefix CovItemPrefix="TestUnit.ClassDetails.java">
<Cov CovItemId="S3" Value="1"/>
<Cov CovItemId="S4" Value="1"/>
<Cov CovItemId="S5" Value="1"/>
<Cov CovItemId="S54" Value="8"/>
<Cov CovItemId="S6" Value="1"/>
</CovPrefix>
<CovPrefix CovItemPrefix="TestUnit.ClassDetailsTests.java">
<Cov CovItemId="S1" Value="1"/>
<Cov CovItemId="S10" Value="1"/>
<Cov CovItemId="S11" Value="1"/>
<Cov CovItemId="S12" Value="1"/>
<Cov CovItemId="S13" Value="1"/>
<Cov CovItemId="S14" Value="1"/>
<Cov CovItemId="S15" Value="1"/>
<Cov CovItemId="S16" Value="1"/>
<Cov CovItemId="S17" Value="1"/>
<Cov CovItemId="S18" Value="1"/>
<Cov CovItemId="S19" Value="1"/>
<Cov CovItemId="S2" Value="1"/>
<Cov CovItemId="S20" Value="1"/>
<Cov CovItemId="S21" Value="1"/>
<Cov CovItemId="S22" Value="1"/>
<Cov CovItemId="S23" Value="1"/>
<Cov CovItemId="S24" Value="1"/>
<Cov CovItemId="S3" Value="1"/>
<Cov CovItemId="S4" Value="1"/>
<Cov CovItemId="S40" Value="1"/>
<Cov CovItemId="S41" Value="1"/>
<Cov CovItemId="S5" Value="1"/>
<Cov CovItemId="S6" Value="1"/>
<Cov CovItemId="S7" Value="1"/>
<Cov CovItemId="S8" Value="1"/>
<Cov CovItemId="S9" Value="1"/>
</CovPrefix>
</CovList>
<AssgnmntList/>
<ObjMetaDataList/>
<MetaDataList/>
</TestCase>
<TestCase Comment="" Date="1500934698911" Name="TestUnit.ClassDetailsTests:testGetCourse">
<CovList>
<CovPrefix CovItemPrefix="TestUnit.ClassDetails.java">
<Cov CovItemId="S5" Value="1"/>
<Cov CovItemId="S54" Value="8"/>
<Cov CovItemId="S6" Value="1"/>
<Cov CovItemId="S69" Value="1"/>
<Cov CovItemId="S70" Value="1"/>
</CovPrefix>
<CovPrefix CovItemPrefix="TestUnit.ClassDetailsTests.java">
<Cov CovItemId="S1" Value="1"/>
<Cov CovItemId="S10" Value="1"/>
<Cov CovItemId="S11" Value="1"/>
<Cov CovItemId="S12" Value="1"/>
<Cov CovItemId="S13" Value="1"/>
<Cov CovItemId="S14" Value="1"/>
<Cov CovItemId="S15" Value="1"/>
<Cov CovItemId="S16" Value="1"/>
<Cov CovItemId="S17" Value="1"/>
<Cov CovItemId="S18" Value="1"/>
<Cov CovItemId="S19" Value="1"/>
<Cov CovItemId="S2" Value="1"/>
<Cov CovItemId="S20" Value="1"/>
<Cov CovItemId="S21" Value="1"/>
<Cov CovItemId="S22" Value="1"/>
<Cov CovItemId="S23" Value="1"/>
<Cov CovItemId="S24" Value="1"/>
<Cov CovItemId="S3" Value="1"/>
<Cov CovItemId="S4" Value="1"/>
<Cov CovItemId="S5" Value="1"/>
<Cov CovItemId="S6" Value="1"/>
<Cov CovItemId="S7" Value="1"/>
<Cov CovItemId="S8" Value="1"/>
<Cov CovItemId="S84" Value="1"/>
<Cov CovItemId="S85" Value="1"/>
<Cov CovItemId="S86" Value="1"/>
<Cov CovItemId="S87" Value="1"/>
<Cov CovItemId="S9" Value="1"/>
</CovPrefix>
</CovList>
<AssgnmntList/>
<ObjMetaDataList/>
<MetaDataList/>
</TestCase>
<TestCase Comment="" Date="1500934698919" Name="TestUnit.ClassDetailsTests:testSetTerm">
<CovList>
<CovPrefix CovItemPrefix="TestUnit.ClassDetails.java">
<Cov CovItemId="S1" Value="1"/>
<Cov CovItemId="S2" Value="1"/>
<Cov CovItemId="S5" Value="1"/>
<Cov CovItemId="S54" Value="8"/>
<Cov CovItemId="S6" Value="1"/>
</CovPrefix>
<CovPrefix CovItemPrefix="TestUnit.ClassDetailsTests.java">
<Cov CovItemId="S1" Value="1"/>
<Cov CovItemId="S10" Value="1"/>
<Cov CovItemId="S11" Value="1"/>
<Cov CovItemId="S12" Value="1"/>
<Cov CovItemId="S13" Value="1"/>
<Cov CovItemId="S14" Value="1"/>
<Cov CovItemId="S15" Value="1"/>
<Cov CovItemId="S16" Value="1"/>
<Cov CovItemId="S17" Value="1"/>
<Cov CovItemId="S18" Value="1"/>
<Cov CovItemId="S19" Value="1"/>
<Cov CovItemId="S2" Value="1"/>
<Cov CovItemId="S20" Value="1"/>
<Cov CovItemId="S21" Value="1"/>
<Cov CovItemId="S22" Value="1"/>
<Cov CovItemId="S23" Value="1"/>
<Cov CovItemId="S24" Value="1"/>
<Cov CovItemId="S25" Value="1"/>
<Cov CovItemId="S26" Value="1"/>
<Cov CovItemId="S3" Value="1"/>
<Cov CovItemId="S4" Value="1"/>
<Cov CovItemId="S5" Value="1"/>
<Cov CovItemId="S6" Value="1"/>
<Cov CovItemId="S7" Value="1"/>
<Cov CovItemId="S8" Value="1"/>
<Cov CovItemId="S9" Value="1"/>
</CovPrefix>
</CovList>
<AssgnmntList/>
<ObjMetaDataList/>
<MetaDataList/>
</TestCase>
<TestCase Comment="" Date="1500934698919" Name="TestUnit.ClassDetailsTests:testSetTime">
<CovList>
<CovPrefix CovItemPrefix="TestUnit.ClassDetails.java">
<Cov CovItemId="S5" Value="1"/>
<Cov CovItemId="S53" Value="1"/>
<Cov CovItemId="S54" Value="9"/>
<Cov CovItemId="S6" Value="1"/>
</CovPrefix>
<CovPrefix CovItemPrefix="TestUnit.ClassDetailsTests.java">
<Cov CovItemId="S1" Value="1"/>
<Cov CovItemId="S10" Value="1"/>
<Cov CovItemId="S11" Value="1"/>
<Cov CovItemId="S12" Value="1"/>
<Cov CovItemId="S13" Value="1"/>
<Cov CovItemId="S14" Value="1"/>
<Cov CovItemId="S15" Value="1"/>
<Cov CovItemId="S16" Value="1"/>
<Cov CovItemId="S17" Value="1"/>
<Cov CovItemId="S18" Value="1"/>
<Cov CovItemId="S19" Value="1"/>
<Cov CovItemId="S2" Value="1"/>
<Cov CovItemId="S20" Value="1"/>
<Cov CovItemId="S21" Value="1"/>
<Cov CovItemId="S22" Value="1"/>
<Cov CovItemId="S23" Value="1"/>
<Cov CovItemId="S24" Value="1"/>
<Cov CovItemId="S3" Value="1"/>
<Cov CovItemId="S4" Value="1"/>
<Cov CovItemId="S43" Value="1"/>
<Cov CovItemId="S44" Value="1"/>
<Cov CovItemId="S45" Value="1"/>
<Cov CovItemId="S46" Value="1"/>
<Cov CovItemId="S5" Value="1"/>
<Cov CovItemId="S6" Value="1"/>
<Cov CovItemId="S7" Value="1"/>
<Cov CovItemId="S8" Value="1"/>
<Cov CovItemId="S9" Value="1"/>
</CovPrefix>
</CovList>
<AssgnmntList/>
<ObjMetaDataList/>
<MetaDataList/>
</TestCase>
<TestCase Comment="" Date="1500934698919" Name="TestUnit.ClassDetailsTests:testSetClassNbr">
<CovList>
<CovPrefix CovItemPrefix="TestUnit.ClassDetails.java">
<Cov CovItemId="S5" Value="1"/>
<Cov CovItemId="S54" Value="8"/>
<Cov CovItemId="S6" Value="1"/>
</CovPrefix>
<CovPrefix CovItemPrefix="TestUnit.ClassDetailsTests.java">
<Cov CovItemId="S1" Value="1"/>
<Cov CovItemId="S10" Value="1"/>
<Cov CovItemId="S11" Value="1"/>
<Cov CovItemId="S12" Value="1"/>
<Cov CovItemId="S13" Value="1"/>
<Cov CovItemId="S14" Value="1"/>
<Cov CovItemId="S15" Value="1"/>
<Cov CovItemId="S16" Value="1"/>
<Cov CovItemId="S17" Value="1"/>
<Cov CovItemId="S18" Value="1"/>
<Cov CovItemId="S19" Value="1"/>
<Cov CovItemId="S2" Value="1"/>
<Cov CovItemId="S20" Value="1"/>
<Cov CovItemId="S21" Value="1"/>
<Cov CovItemId="S22" Value="1"/>
<Cov CovItemId="S23" Value="1"/>
<Cov CovItemId="S24" Value="1"/>
<Cov CovItemId="S3" Value="1"/>
<Cov CovItemId="S4" Value="1"/>
<Cov CovItemId="S5" Value="1"/>
<Cov CovItemId="S6" Value="1"/>
<Cov CovItemId="S7" Value="1"/>
<Cov CovItemId="S8" Value="1"/>
<Cov CovItemId="S9" Value="1"/>
</CovPrefix>
</CovList>
<AssgnmntList/>
<ObjMetaDataList/>
<MetaDataList/>
</TestCase>
<MetaDataList/>
</TestSession>
<TestSession Comment="" Date="1500935233307" Name="Jul 24, 2017 6:27:13 PM">
<TestCase Comment="" Date="1500935232725" Name="TestUnit.ClassDetailsTests:testSetCampus1">
<CovList>
<CovPrefix CovItemPrefix="TestUnit.ClassDetails.java">
<Cov CovItemId="S3" Value="1"/>
<Cov CovItemId="S4" Value="1"/>
<Cov CovItemId="S5" Value="1"/>
<Cov CovItemId="S54" Value="8"/>
<Cov CovItemId="S6" Value="1"/>
</CovPrefix>
<CovPrefix CovItemPrefix="TestUnit.ClassDetailsTests.java">
<Cov CovItemId="S1" Value="1"/>
<Cov CovItemId="S10" Value="1"/>
<Cov CovItemId="S11" Value="1"/>
<Cov CovItemId="S12" Value="1"/>
<Cov CovItemId="S13" Value="1"/>
<Cov CovItemId="S14" Value="1"/>
<Cov CovItemId="S15" Value="1"/>
<Cov CovItemId="S16" Value="1"/>
<Cov CovItemId="S17" Value="1"/>
<Cov CovItemId="S18" Value="1"/>
<Cov CovItemId="S19" Value="1"/>
<Cov CovItemId="S2" Value="1"/>
<Cov CovItemId="S20" Value="1"/>
<Cov CovItemId="S21" Value="1"/>
<Cov CovItemId="S22" Value="1"/>
<Cov CovItemId="S23" Value="1"/>
<Cov CovItemId="S24" Value="1"/>
<Cov CovItemId="S3" Value="1"/>
<Cov CovItemId="S36" Value="1"/>
<Cov CovItemId="S37" Value="1"/>
<Cov CovItemId="S4" Value="1"/>
<Cov CovItemId="S5" Value="1"/>
<Cov CovItemId="S6" Value="1"/>
<Cov CovItemId="S7" Value="1"/>
<Cov CovItemId="S8" Value="1"/>
<Cov CovItemId="S9" Value="1"/>
</CovPrefix>
</CovList>
<AssgnmntList/>
<ObjMetaDataList/>
<MetaDataList/>
</TestCase>
<TestCase Comment="" Date="1500935232741" Name="TestUnit.ClassDetailsTests:testSetCampus2">
<CovList>
<CovPrefix CovItemPrefix="TestUnit.ClassDetails.java">
<Cov CovItemId="S3" Value="1"/>
<Cov CovItemId="S4" Value="1"/>
<Cov CovItemId="S5" Value="1"/>
<Cov CovItemId="S54" Value="8"/>
<Cov CovItemId="S6" Value="1"/>
</CovPrefix>
<CovPrefix CovItemPrefix="TestUnit.ClassDetailsTests.java">
<Cov CovItemId="S1" Value="1"/>
<Cov CovItemId="S10" Value="1"/>
<Cov CovItemId="S11" Value="1"/>
<Cov CovItemId="S12" Value="1"/>
<Cov CovItemId="S13" Value="1"/>
<Cov CovItemId="S14" Value="1"/>
<Cov CovItemId="S15" Value="1"/>
<Cov CovItemId="S16" Value="1"/>
<Cov CovItemId="S17" Value="1"/>
<Cov CovItemId="S18" Value="1"/>
<Cov CovItemId="S19" Value="1"/>
<Cov CovItemId="S2" Value="1"/>
<Cov CovItemId="S20" Value="1"/>
<Cov CovItemId="S21" Value="1"/>
<Cov CovItemId="S22" Value="1"/>
<Cov CovItemId="S23" Value="1"/>
<Cov CovItemId="S24" Value="1"/>
<Cov CovItemId="S3" Value="1"/>
<Cov CovItemId="S38" Value="1"/>
<Cov CovItemId="S39" Value="1"/>
<Cov CovItemId="S4" Value="1"/>
<Cov CovItemId="S5" Value="1"/>
<Cov CovItemId="S6" Value="1"/>
<Cov CovItemId="S7" Value="1"/>
<Cov CovItemId="S8" Value="1"/>
<Cov CovItemId="S9" Value="1"/>
</CovPrefix>
</CovList>
<AssgnmntList/>
<ObjMetaDataList/>
<MetaDataList/>
</TestCase>
<TestCase Comment="Failure&#10;java.lang.AssertionError&#13;&#10;&#9;at org.junit.Assert.fail(Assert.java:86)&#13;&#10;&#9;at org.junit.Assert.assertTrue(Assert.java:41)&#13;&#10;&#9;at org.junit.Assert.assertNotNull(Assert.java:621)&#13;&#10;&#9;at TestUnit.ClassDetailsTests.testGetInstructor(ClassDetailsTests.java:190)&#13;&#10;&#9;at sun.reflect.NativeMethodAccessorImpl.invoke0(Native Method)&#13;&#10;&#9;at sun.reflect.NativeMethodAccessorImpl.invoke(Unknown Source)&#13;&#10;&#9;at sun.reflect.DelegatingMethodAccessorImpl.invoke(Unknown Source)&#13;&#10;&#9;at java.lang.reflect.Method.invoke(Unknown Source)&#13;&#10;&#9;at org.junit.runners.model.FrameworkMethod$1.runReflectiveCall(FrameworkMethod.java:47)&#13;&#10;&#9;at org.junit.internal.runners.model.ReflectiveCallable.run(ReflectiveCallable.java:12)&#13;&#10;&#9;at org.junit.runners.model.FrameworkMethod.invokeExplosively(FrameworkMethod.java:44)&#13;&#10;&#9;at org.junit.internal.runners.statements.InvokeMethod.evaluate(InvokeMethod.java:17)&#13;&#10;&#9;at org.junit.internal.runners.statements.RunBefores.evaluate(RunBefores.java:26)&#13;&#10;&#9;at org.junit.internal.runners.statements.RunAfters.evaluate(RunAfters.java:27)&#13;&#10;&#9;at org.junit.runners.ParentRunner.runLeaf(ParentRunner.java:271)&#13;&#10;&#9;at org.junit.runners.BlockJUnit4ClassRunner.runChild(BlockJUnit4ClassRunner.java:70)&#13;&#10;&#9;at org.junit.runners.BlockJUnit4ClassRunner.runChild(BlockJUnit4ClassRunner.java:50)&#13;&#10;&#9;at org.junit.runners.ParentRunner$3.run(ParentRunner.java:238)&#13;&#10;&#9;at org.junit.runners.ParentRunner$1.schedule(ParentRunner.java:63)&#13;&#10;&#9;at org.junit.runners.ParentRunner.runChildren(ParentRunner.java:236)&#13;&#10;&#9;at org.junit.runners.ParentRunner.access$000(ParentRunner.java:53)&#13;&#10;&#9;at org.junit.runners.ParentRunner$2.evaluate(ParentRunner.java:229)&#13;&#10;&#9;at org.junit.runners.ParentRunner.run(ParentRunner.java:309)&#13;&#10;&#9;at org.eclipse.jdt.internal.junit4.runner.JUnit4TestReference.run(JUnit4TestReference.java:50)&#13;&#10;&#9;at org.eclipse.jdt.internal.junit.runner.TestExecution.run(TestExecution.java:38)&#13;&#10;&#9;at org.eclipse.jdt.internal.junit.runner.RemoteTestRunner.runTests(RemoteTestRunner.java:467)&#13;&#10;&#9;at org.eclipse.jdt.internal.junit.runner.RemoteTestRunner.runTests(RemoteTestRunner.java:683)&#13;&#10;&#9;at org.eclipse.jdt.internal.junit.runner.RemoteTestRunner.run(RemoteTestRunner.java:390)&#13;&#10;&#9;at org.codecover.juniteclipse.runner.EclipseTestRunner.main(EclipseTestRunner.java:40)" Date="1500935232741" Name="TestUnit.ClassDetailsTests:testGetInstructor">
<CovList>
<CovPrefix CovItemPrefix="TestUnit.ClassDetails.java">
<Cov CovItemId="S5" Value="1"/>
<Cov CovItemId="S54" Value="8"/>
<Cov CovItemId="S6" Value="1"/>
<Cov CovItemId="S7" Value="1"/>
</CovPrefix>
<CovPrefix CovItemPrefix="TestUnit.ClassDetailsTests.java">
<Cov CovItemId="S1" Value="1"/>
<Cov CovItemId="S10" Value="1"/>
<Cov CovItemId="S11" Value="1"/>
<Cov CovItemId="S12" Value="1"/>
<Cov CovItemId="S13" Value="1"/>
<Cov CovItemId="S14" Value="1"/>
<Cov CovItemId="S15" Value="1"/>
<Cov CovItemId="S16" Value="1"/>
<Cov CovItemId="S17" Value="1"/>
<Cov CovItemId="S18" Value="1"/>
<Cov CovItemId="S19" Value="1"/>
<Cov CovItemId="S2" Value="1"/>
<Cov CovItemId="S20" Value="1"/>
<Cov CovItemId="S21" Value="1"/>
<Cov CovItemId="S22" Value="1"/>
<Cov CovItemId="S23" Value="1"/>
<Cov CovItemId="S24" Value="1"/>
<Cov CovItemId="S3" Value="1"/>
<Cov CovItemId="S4" Value="1"/>
<Cov CovItemId="S42" Value="1"/>
<Cov CovItemId="S5" Value="1"/>
<Cov CovItemId="S6" Value="1"/>
<Cov CovItemId="S7" Value="1"/>
<Cov CovItemId="S8" Value="1"/>
<Cov CovItemId="S9" Value="1"/>
</CovPrefix>
</CovList>
<AssgnmntList/>
<ObjMetaDataList/>
<MetaDataList/>
</TestCase>
<TestCase Comment="Failure&#10;org.junit.ComparisonFailure: expected:&lt;[Programming&#10;12345&#10;10:00-12:0]0&#10;MMC&#10;&gt; but was:&lt;[COP3337&#10;null&#10;10:0-12:]0&#10;MMC&#10;&gt;&#13;&#10;&#9;at org.junit.Assert.assertEquals(Assert.java:115)&#13;&#10;&#9;at org.junit.Assert.assertEquals(Assert.java:144)&#13;&#10;&#9;at TestUnit.ClassDetailsTests.testToString(ClassDetailsTests.java:303)&#13;&#10;&#9;at sun.reflect.NativeMethodAccessorImpl.invoke0(Native Method)&#13;&#10;&#9;at sun.reflect.NativeMethodAccessorImpl.invoke(Unknown Source)&#13;&#10;&#9;at sun.reflect.DelegatingMethodAccessorImpl.invoke(Unknown Source)&#13;&#10;&#9;at java.lang.reflect.Method.invoke(Unknown Source)&#13;&#10;&#9;at org.junit.runners.model.FrameworkMethod$1.runReflectiveCall(FrameworkMethod.java:47)&#13;&#10;&#9;at org.junit.internal.runners.model.ReflectiveCallable.run(ReflectiveCallable.java:12)&#13;&#10;&#9;at org.junit.runners.model.FrameworkMethod.invokeExplosively(FrameworkMethod.java:44)&#13;&#10;&#9;at org.junit.internal.runners.statements.InvokeMethod.evaluate(InvokeMethod.java:17)&#13;&#10;&#9;at org.junit.internal.runners.statements.RunBefores.evaluate(RunBefores.java:26)&#13;&#10;&#9;at org.junit.internal.runners.statements.RunAfters.evaluate(RunAfters.java:27)&#13;&#10;&#9;at org.junit.runners.ParentRunner.runLeaf(ParentRunner.java:271)&#13;&#10;&#9;at org.junit.runners.BlockJUnit4ClassRunner.runChild(BlockJUnit4ClassRunner.java:70)&#13;&#10;&#9;at org.junit.runners.BlockJUnit4ClassRunner.runChild(BlockJUnit4ClassRunner.java:50)&#13;&#10;&#9;at org.junit.runners.ParentRunner$3.run(ParentRunner.java:238)&#13;&#10;&#9;at org.junit.runners.ParentRunner$1.schedule(ParentRunner.java:63)&#13;&#10;&#9;at org.junit.runners.ParentRunner.runChildren(ParentRunner.java:236)&#13;&#10;&#9;at org.junit.runners.ParentRunner.access$000(ParentRunner.java:53)&#13;&#10;&#9;at org.junit.runners.ParentRunner$2.evaluate(ParentRunner.java:229)&#13;&#10;&#9;at org.junit.runners.ParentRunner.run(ParentRunner.java:309)&#13;&#10;&#9;at org.eclipse.jdt.internal.junit4.runner.JUnit4TestReference.run(JUnit4TestReference.java:50)&#13;&#10;&#9;at org.eclipse.jdt.internal.junit.runner.TestExecution.run(TestExecution.java:38)&#13;&#10;&#9;at org.eclipse.jdt.internal.junit.runner.RemoteTestRunner.runTests(RemoteTestRunner.java:467)&#13;&#10;&#9;at org.eclipse.jdt.internal.junit.runner.RemoteTestRunner.runTests(RemoteTestRunner.java:683)&#13;&#10;&#9;at org.eclipse.jdt.internal.junit.runner.RemoteTestRunner.run(RemoteTestRunner.java:390)&#13;&#10;&#9;at org.codecover.juniteclipse.runner.EclipseTestRunner.main(EclipseTestRunner.java:40)" Date="1500935232756" Name="TestUnit.ClassDetailsTests:testToString">
<CovList>
<CovPrefix CovItemPrefix="TestUnit.ClassDetails.java">
<Cov CovItemId="B31" Value="1"/>
<Cov CovItemId="B33" Value="1"/>
<Cov CovItemId="S3" Value="1"/>
<Cov CovItemId="S5" Value="1"/>
<Cov CovItemId="S53" Value="2"/>
<Cov CovItemId="S54" Value="9"/>
<Cov CovItemId="S6" Value="1"/>
<Cov CovItemId="S61" Value="1"/>
<Cov CovItemId="S62" Value="1"/>
<Cov CovItemId="S63" Value="1"/>
<Cov CovItemId="S64" Value="1"/>
<Cov CovItemId="S65" Value="1"/>
<Cov CovItemId="S66" Value="1"/>
<Cov CovItemId="S67" Value="1"/>
<Cov CovItemId="S69" Value="1"/>
</CovPrefix>
<CovPrefix CovItemPrefix="TestUnit.ClassDetailsTests.java">
<Cov CovItemId="S1" Value="1"/>
<Cov CovItemId="S10" Value="1"/>
<Cov CovItemId="S11" Value="1"/>
<Cov CovItemId="S12" Value="1"/>
<Cov CovItemId="S13" Value="1"/>
<Cov CovItemId="S14" Value="1"/>
<Cov CovItemId="S15" Value="1"/>
<Cov CovItemId="S16" Value="1"/>
<Cov CovItemId="S17" Value="1"/>
<Cov CovItemId="S18" Value="1"/>
<Cov CovItemId="S19" Value="1"/>
<Cov CovItemId="S2" Value="1"/>
<Cov CovItemId="S20" Value="1"/>
<Cov CovItemId="S21" Value="1"/>
<Cov CovItemId="S22" Value="1"/>
<Cov CovItemId="S23" Value="1"/>
<Cov CovItemId="S24" Value="1"/>
<Cov CovItemId="S3" Value="1"/>
<Cov CovItemId="S4" Value="1"/>
<Cov CovItemId="S5" Value="1"/>
<Cov CovItemId="S6" Value="1"/>
<Cov CovItemId="S7" Value="1"/>
<Cov CovItemId="S73" Value="1"/>
<Cov CovItemId="S74" Value="1"/>
<Cov CovItemId="S75" Value="1"/>
<Cov CovItemId="S76" Value="1"/>
<Cov CovItemId="S77" Value="1"/>
<Cov CovItemId="S78" Value="1"/>
<Cov CovItemId="S79" Value="1"/>
<Cov CovItemId="S8" Value="1"/>
<Cov CovItemId="S80" Value="1"/>
<Cov CovItemId="S9" Value="1"/>
</CovPrefix>
</CovList>
<AssgnmntList/>
<ObjMetaDataList/>
<MetaDataList/>
</TestCase>
<TestCase Comment="" Date="1500935232756" Name="TestUnit.ClassDetailsTests:testHasConflict1">
<CovList>
<CovPrefix CovItemPrefix="TestUnit.ClassDetails.java">
<Cov CovItemId="B1" Value="2"/>
<Cov CovItemId="B12" Value="1"/>
<Cov CovItemId="B19" Value="1"/>
<Cov CovItemId="B2" Value="5"/>
<Cov CovItemId="B22" Value="1"/>
<Cov CovItemId="B26" Value="1"/>
<Cov CovItemId="B3" Value="2"/>
<Cov CovItemId="B4" Value="5"/>
<Cov CovItemId="B5" Value="1"/>
<Cov CovItemId="B6" Value="1"/>
<Cov CovItemId="B8" Value="1"/>
<Cov CovItemId="S10" Value="1"/>
<Cov CovItemId="S11" Value="1"/>
<Cov CovItemId="S12" Value="1"/>
<Cov CovItemId="S13" Value="1"/>
<Cov CovItemId="S14" Value="1"/>
<Cov CovItemId="S15" Value="1"/>
<Cov CovItemId="S16" Value="1"/>
<Cov CovItemId="S17" Value="1"/>
<Cov CovItemId="S18" Value="1"/>
<Cov CovItemId="S19" Value="1"/>
<Cov CovItemId="S20" Value="1"/>
<Cov CovItemId="S21" Value="1"/>
<Cov CovItemId="S22" Value="1"/>
<Cov CovItemId="S23" Value="7"/>
<Cov CovItemId="S24" Value="2"/>
<Cov CovItemId="S25" Value="2"/>
<Cov CovItemId="S26" Value="1"/>
<Cov CovItemId="S27" Value="7"/>
<Cov CovItemId="S28" Value="2"/>
<Cov CovItemId="S29" Value="2"/>
<Cov CovItemId="S30" Value="1"/>
<Cov CovItemId="S31" Value="1"/>
<Cov CovItemId="S32" Value="1"/>
<Cov CovItemId="S33" Value="2"/>
<Cov CovItemId="S34" Value="2"/>
<Cov CovItemId="S35" Value="2"/>
<Cov CovItemId="S36" Value="2"/>
<Cov CovItemId="S37" Value="1"/>
<Cov CovItemId="S40" Value="1"/>
<Cov CovItemId="S46" Value="1"/>
<Cov CovItemId="S47" Value="1"/>
<Cov CovItemId="S5" Value="1"/>
<Cov CovItemId="S50" Value="1"/>
<Cov CovItemId="S52" Value="1"/>
<Cov CovItemId="S53" Value="2"/>
<Cov CovItemId="S54" Value="8"/>
<Cov CovItemId="S6" Value="1"/>
<Cov CovItemId="S8" Value="1"/>
<Cov CovItemId="S9" Value="1"/>
</CovPrefix>
<CovPrefix CovItemPrefix="TestUnit.ClassDetailsTests.java">
<Cov CovItemId="S1" Value="1"/>
<Cov CovItemId="S10" Value="1"/>
<Cov CovItemId="S11" Value="1"/>
<Cov CovItemId="S12" Value="1"/>
<Cov CovItemId="S13" Value="1"/>
<Cov CovItemId="S14" Value="1"/>
<Cov CovItemId="S15" Value="1"/>
<Cov CovItemId="S16" Value="1"/>
<Cov CovItemId="S17" Value="1"/>
<Cov CovItemId="S18" Value="1"/>
<Cov CovItemId="S19" Value="1"/>
<Cov CovItemId="S2" Value="1"/>
<Cov CovItemId="S20" Value="1"/>
<Cov CovItemId="S21" Value="1"/>
<Cov CovItemId="S22" Value="1"/>
<Cov CovItemId="S23" Value="1"/>
<Cov CovItemId="S24" Value="1"/>
<Cov CovItemId="S27" Value="1"/>
<Cov CovItemId="S3" Value="1"/>
<Cov CovItemId="S4" Value="1"/>
<Cov CovItemId="S5" Value="1"/>
<Cov CovItemId="S6" Value="1"/>
<Cov CovItemId="S7" Value="1"/>
<Cov CovItemId="S8" Value="1"/>
<Cov CovItemId="S9" Value="1"/>
</CovPrefix>
</CovList>
<AssgnmntList/>
<ObjMetaDataList/>
<MetaDataList/>
</TestCase>
<TestCase Comment="" Date="1500935232756" Name="TestUnit.ClassDetailsTests:testHasConflict2">
<CovList>
<CovPrefix CovItemPrefix="TestUnit.ClassDetails.java">
<Cov CovItemId="B1" Value="2"/>
<Cov CovItemId="B2" Value="5"/>
<Cov CovItemId="B3" Value="2"/>
<Cov CovItemId="B4" Value="5"/>
<Cov CovItemId="B5" Value="1"/>
<Cov CovItemId="B7" Value="1"/>
<Cov CovItemId="B9" Value="1"/>
<Cov CovItemId="S10" Value="1"/>
<Cov CovItemId="S11" Value="1"/>
<Cov CovItemId="S12" Value="1"/>
<Cov CovItemId="S13" Value="1"/>
<Cov CovItemId="S14" Value="1"/>
<Cov CovItemId="S15" Value="1"/>
<Cov CovItemId="S16" Value="1"/>
<Cov CovItemId="S17" Value="1"/>
<Cov CovItemId="S18" Value="1"/>
<Cov CovItemId="S19" Value="1"/>
<Cov CovItemId="S20" Value="1"/>
<Cov CovItemId="S21" Value="1"/>
<Cov CovItemId="S22" Value="1"/>
<Cov CovItemId="S23" Value="7"/>
<Cov CovItemId="S24" Value="2"/>
<Cov CovItemId="S25" Value="2"/>
<Cov CovItemId="S26" Value="1"/>
<Cov CovItemId="S27" Value="7"/>
<Cov CovItemId="S28" Value="2"/>
<Cov CovItemId="S29" Value="2"/>
<Cov CovItemId="S30" Value="1"/>
<Cov CovItemId="S31" Value="1"/>
<Cov CovItemId="S32" Value="1"/>
<Cov CovItemId="S33" Value="1"/>
<Cov CovItemId="S34" Value="1"/>
<Cov CovItemId="S35" Value="1"/>
<Cov CovItemId="S36" Value="1"/>
<Cov CovItemId="S37" Value="1"/>
<Cov CovItemId="S38" Value="1"/>
<Cov CovItemId="S39" Value="1"/>
<Cov CovItemId="S5" Value="1"/>
<Cov CovItemId="S53" Value="2"/>
<Cov CovItemId="S54" Value="8"/>
<Cov CovItemId="S6" Value="1"/>
<Cov CovItemId="S8" Value="1"/>
<Cov CovItemId="S9" Value="1"/>
</CovPrefix>
<CovPrefix CovItemPrefix="TestUnit.ClassDetailsTests.java">
<Cov CovItemId="S1" Value="1"/>
<Cov CovItemId="S10" Value="1"/>
<Cov CovItemId="S11" Value="1"/>
<Cov CovItemId="S12" Value="1"/>
<Cov CovItemId="S13" Value="1"/>
<Cov CovItemId="S14" Value="1"/>
<Cov CovItemId="S15" Value="1"/>
<Cov CovItemId="S16" Value="1"/>
<Cov CovItemId="S17" Value="1"/>
<Cov CovItemId="S18" Value="1"/>
<Cov CovItemId="S19" Value="1"/>
<Cov CovItemId="S2" Value="1"/>
<Cov CovItemId="S20" Value="1"/>
<Cov CovItemId="S21" Value="1"/>
<Cov CovItemId="S22" Value="1"/>
<Cov CovItemId="S23" Value="1"/>
<Cov CovItemId="S24" Value="1"/>
<Cov CovItemId="S28" Value="1"/>
<Cov CovItemId="S3" Value="1"/>
<Cov CovItemId="S4" Value="1"/>
<Cov CovItemId="S5" Value="1"/>
<Cov CovItemId="S6" Value="1"/>
<Cov CovItemId="S7" Value="1"/>
<Cov CovItemId="S8" Value="1"/>
<Cov CovItemId="S9" Value="1"/>
</CovPrefix>
</CovList>
<AssgnmntList/>
<ObjMetaDataList/>
<MetaDataList/>
</TestCase>
<TestCase Comment="" Date="1500935232772" Name="TestUnit.ClassDetailsTests:testHasConflict3">
<CovList>
<CovPrefix CovItemPrefix="TestUnit.ClassDetails.java">
<Cov CovItemId="B1" Value="2"/>
<Cov CovItemId="B2" Value="5"/>
<Cov CovItemId="B3" Value="2"/>
<Cov CovItemId="B4" Value="5"/>
<Cov CovItemId="B5" Value="1"/>
<Cov CovItemId="B7" Value="1"/>
<Cov CovItemId="B9" Value="1"/>
<Cov CovItemId="S10" Value="1"/>
<Cov CovItemId="S11" Value="1"/>
<Cov CovItemId="S12" Value="1"/>
<Cov CovItemId="S13" Value="1"/>
<Cov CovItemId="S14" Value="1"/>
<Cov CovItemId="S15" Value="1"/>
<Cov CovItemId="S16" Value="1"/>
<Cov CovItemId="S17" Value="1"/>
<Cov CovItemId="S18" Value="1"/>
<Cov CovItemId="S19" Value="1"/>
<Cov CovItemId="S20" Value="1"/>
<Cov CovItemId="S21" Value="1"/>
<Cov CovItemId="S22" Value="1"/>
<Cov CovItemId="S23" Value="7"/>
<Cov CovItemId="S24" Value="2"/>
<Cov CovItemId="S25" Value="2"/>
<Cov CovItemId="S26" Value="1"/>
<Cov CovItemId="S27" Value="7"/>
<Cov CovItemId="S28" Value="2"/>
<Cov CovItemId="S29" Value="2"/>
<Cov CovItemId="S30" Value="1"/>
<Cov CovItemId="S31" Value="1"/>
<Cov CovItemId="S32" Value="1"/>
<Cov CovItemId="S33" Value="1"/>
<Cov CovItemId="S34" Value="1"/>
<Cov CovItemId="S35" Value="1"/>
<Cov CovItemId="S36" Value="1"/>
<Cov CovItemId="S37" Value="1"/>
<Cov CovItemId="S38" Value="1"/>
<Cov CovItemId="S39" Value="1"/>
<Cov CovItemId="S5" Value="1"/>
<Cov CovItemId="S53" Value="2"/>
<Cov CovItemId="S54" Value="8"/>
<Cov CovItemId="S6" Value="1"/>
<Cov CovItemId="S8" Value="1"/>
<Cov CovItemId="S9" Value="1"/>
</CovPrefix>
<CovPrefix CovItemPrefix="TestUnit.ClassDetailsTests.java">
<Cov CovItemId="S1" Value="1"/>
<Cov CovItemId="S10" Value="1"/>
<Cov CovItemId="S11" Value="1"/>
<Cov CovItemId="S12" Value="1"/>
<Cov CovItemId="S13" Value="1"/>
<Cov CovItemId="S14" Value="1"/>
<Cov CovItemId="S15" Value="1"/>
<Cov CovItemId="S16" Value="1"/>
<Cov CovItemId="S17" Value="1"/>
<Cov CovItemId="S18" Value="1"/>
<Cov CovItemId="S19" Value="1"/>
<Cov CovItemId="S2" Value="1"/>
<Cov CovItemId="S20" Value="1"/>
<Cov CovItemId="S21" Value="1"/>
<Cov CovItemId="S22" Value="1"/>
<Cov CovItemId="S23" Value="1"/>
<Cov CovItemId="S24" Value="1"/>
<Cov CovItemId="S29" Value="1"/>
<Cov CovItemId="S3" Value="1"/>
<Cov CovItemId="S4" Value="1"/>
<Cov CovItemId="S5" Value="1"/>
<Cov CovItemId="S6" Value="1"/>
<Cov CovItemId="S7" Value="1"/>
<Cov CovItemId="S8" Value="1"/>
<Cov CovItemId="S9" Value="1"/>
</CovPrefix>
</CovList>
<AssgnmntList/>
<ObjMetaDataList/>
<MetaDataList/>
</TestCase>
<TestCase Comment="Failure&#10;java.lang.AssertionError: expected:&lt;true&gt; but was:&lt;false&gt;&#13;&#10;&#9;at org.junit.Assert.fail(Assert.java:88)&#13;&#10;&#9;at org.junit.Assert.failNotEquals(Assert.java:743)&#13;&#10;&#9;at org.junit.Assert.assertEquals(Assert.java:118)&#13;&#10;&#9;at org.junit.Assert.assertEquals(Assert.java:144)&#13;&#10;&#9;at TestUnit.ClassDetailsTests.testHasConflict4(ClassDetailsTests.java:131)&#13;&#10;&#9;at sun.reflect.NativeMethodAccessorImpl.invoke0(Native Method)&#13;&#10;&#9;at sun.reflect.NativeMethodAccessorImpl.invoke(Unknown Source)&#13;&#10;&#9;at sun.reflect.DelegatingMethodAccessorImpl.invoke(Unknown Source)&#13;&#10;&#9;at java.lang.reflect.Method.invoke(Unknown Source)&#13;&#10;&#9;at org.junit.runners.model.FrameworkMethod$1.runReflectiveCall(FrameworkMethod.java:47)&#13;&#10;&#9;at org.junit.internal.runners.model.ReflectiveCallable.run(ReflectiveCallable.java:12)&#13;&#10;&#9;at org.junit.runners.model.FrameworkMethod.invokeExplosively(FrameworkMethod.java:44)&#13;&#10;&#9;at org.junit.internal.runners.statements.InvokeMethod.evaluate(InvokeMethod.java:17)&#13;&#10;&#9;at org.junit.internal.runners.statements.RunBefores.evaluate(RunBefores.java:26)&#13;&#10;&#9;at org.junit.internal.runners.statements.RunAfters.evaluate(RunAfters.java:27)&#13;&#10;&#9;at org.junit.runners.ParentRunner.runLeaf(ParentRunner.java:271)&#13;&#10;&#9;at org.junit.runners.BlockJUnit4ClassRunner.runChild(BlockJUnit4ClassRunner.java:70)&#13;&#10;&#9;at org.junit.runners.BlockJUnit4ClassRunner.runChild(BlockJUnit4ClassRunner.java:50)&#13;&#10;&#9;at org.junit.runners.ParentRunner$3.run(ParentRunner.java:238)&#13;&#10;&#9;at org.junit.runners.ParentRunner$1.schedule(ParentRunner.java:63)&#13;&#10;&#9;at org.junit.runners.ParentRunner.runChildren(ParentRunner.java:236)&#13;&#10;&#9;at org.junit.runners.ParentRunner.access$000(ParentRunner.java:53)&#13;&#10;&#9;at org.junit.runners.ParentRunner$2.evaluate(ParentRunner.java:229)&#13;&#10;&#9;at org.junit.runners.ParentRunner.run(ParentRunner.java:309)&#13;&#10;&#9;at org.eclipse.jdt.internal.junit4.runner.JUnit4TestReference.run(JUnit4TestReference.java:50)&#13;&#10;&#9;at org.eclipse.jdt.internal.junit.runner.TestExecution.run(TestExecution.java:38)&#13;&#10;&#9;at org.eclipse.jdt.internal.junit.runner.RemoteTestRunner.runTests(RemoteTestRunner.java:467)&#13;&#10;&#9;at org.eclipse.jdt.internal.junit.runner.RemoteTestRunner.runTests(RemoteTestRunner.java:683)&#13;&#10;&#9;at org.eclipse.jdt.internal.junit.runner.RemoteTestRunner.run(RemoteTestRunner.java:390)&#13;&#10;&#9;at org.codecover.juniteclipse.runner.EclipseTestRunner.main(EclipseTestRunner.java:40)" Date="1500935232772" Name="TestUnit.ClassDetailsTests:testHasConflict4">
<CovList>
<CovPrefix CovItemPrefix="TestUnit.ClassDetails.java">
<Cov CovItemId="B1" Value="2"/>
<Cov CovItemId="B10" Value="1"/>
<Cov CovItemId="B2" Value="5"/>
<Cov CovItemId="B3" Value="2"/>
<Cov CovItemId="B4" Value="5"/>
<Cov CovItemId="B5" Value="1"/>
<Cov CovItemId="B6" Value="1"/>
<Cov CovItemId="B7" Value="1"/>
<Cov CovItemId="S10" Value="1"/>
<Cov CovItemId="S11" Value="1"/>
<Cov CovItemId="S12" Value="1"/>
<Cov CovItemId="S13" Value="1"/>
<Cov CovItemId="S14" Value="1"/>
<Cov CovItemId="S15" Value="1"/>
<Cov CovItemId="S16" Value="1"/>
<Cov CovItemId="S17" Value="1"/>
<Cov CovItemId="S18" Value="1"/>
<Cov CovItemId="S19" Value="1"/>
<Cov CovItemId="S20" Value="1"/>
<Cov CovItemId="S21" Value="1"/>
<Cov CovItemId="S22" Value="1"/>
<Cov CovItemId="S23" Value="7"/>
<Cov CovItemId="S24" Value="2"/>
<Cov CovItemId="S25" Value="2"/>
<Cov CovItemId="S26" Value="1"/>
<Cov CovItemId="S27" Value="7"/>
<Cov CovItemId="S28" Value="2"/>
<Cov CovItemId="S29" Value="2"/>
<Cov CovItemId="S30" Value="1"/>
<Cov CovItemId="S31" Value="1"/>
<Cov CovItemId="S32" Value="1"/>
<Cov CovItemId="S33" Value="2"/>
<Cov CovItemId="S34" Value="2"/>
<Cov CovItemId="S35" Value="2"/>
<Cov CovItemId="S36" Value="2"/>
<Cov CovItemId="S37" Value="1"/>
<Cov CovItemId="S38" Value="1"/>
<Cov CovItemId="S5" Value="1"/>
<Cov CovItemId="S52" Value="1"/>
<Cov CovItemId="S53" Value="2"/>
<Cov CovItemId="S54" Value="8"/>
<Cov CovItemId="S6" Value="1"/>
<Cov CovItemId="S8" Value="1"/>
<Cov CovItemId="S9" Value="1"/>
</CovPrefix>
<CovPrefix CovItemPrefix="TestUnit.ClassDetailsTests.java">
<Cov CovItemId="S1" Value="1"/>
<Cov CovItemId="S10" Value="1"/>
<Cov CovItemId="S11" Value="1"/>
<Cov CovItemId="S12" Value="1"/>
<Cov CovItemId="S13" Value="1"/>
<Cov CovItemId="S14" Value="1"/>
<Cov CovItemId="S15" Value="1"/>
<Cov CovItemId="S16" Value="1"/>
<Cov CovItemId="S17" Value="1"/>
<Cov CovItemId="S18" Value="1"/>
<Cov CovItemId="S19" Value="1"/>
<Cov CovItemId="S2" Value="1"/>
<Cov CovItemId="S20" Value="1"/>
<Cov CovItemId="S21" Value="1"/>
<Cov CovItemId="S22" Value="1"/>
<Cov CovItemId="S23" Value="1"/>
<Cov CovItemId="S24" Value="1"/>
<Cov CovItemId="S3" Value="1"/>
<Cov CovItemId="S30" Value="1"/>
<Cov CovItemId="S4" Value="1"/>
<Cov CovItemId="S5" Value="1"/>
<Cov CovItemId="S6" Value="1"/>
<Cov CovItemId="S7" Value="1"/>
<Cov CovItemId="S8" Value="1"/>
<Cov CovItemId="S9" Value="1"/>
</CovPrefix>
</CovList>
<AssgnmntList/>
<ObjMetaDataList/>
<MetaDataList/>
</TestCase>
<TestCase Comment="" Date="1500935232788" Name="TestUnit.ClassDetailsTests:testHasConflict5">
<CovList>
<CovPrefix CovItemPrefix="TestUnit.ClassDetails.java">
<Cov CovItemId="B1" Value="2"/>
<Cov CovItemId="B11" Value="1"/>
<Cov CovItemId="B13" Value="1"/>
<Cov CovItemId="B15" Value="1"/>
<Cov CovItemId="B2" Value="5"/>
<Cov CovItemId="B3" Value="2"/>
<Cov CovItemId="B4" Value="5"/>
<Cov CovItemId="B5" Value="1"/>
<Cov CovItemId="B8" Value="1"/>
<Cov CovItemId="S10" Value="1"/>
<Cov CovItemId="S11" Value="1"/>
<Cov CovItemId="S12" Value="1"/>
<Cov CovItemId="S13" Value="1"/>
<Cov CovItemId="S14" Value="1"/>
<Cov CovItemId="S15" Value="1"/>
<Cov CovItemId="S16" Value="1"/>
<Cov CovItemId="S17" Value="1"/>
<Cov CovItemId="S18" Value="1"/>
<Cov CovItemId="S19" Value="1"/>
<Cov CovItemId="S20" Value="1"/>
<Cov CovItemId="S21" Value="1"/>
<Cov CovItemId="S22" Value="1"/>
<Cov CovItemId="S23" Value="7"/>
<Cov CovItemId="S24" Value="2"/>
<Cov CovItemId="S25" Value="2"/>
<Cov CovItemId="S26" Value="1"/>
<Cov CovItemId="S27" Value="7"/>
<Cov CovItemId="S28" Value="2"/>
<Cov CovItemId="S29" Value="2"/>
<Cov CovItemId="S30" Value="1"/>
<Cov CovItemId="S31" Value="1"/>
<Cov CovItemId="S32" Value="1"/>
<Cov CovItemId="S33" Value="1"/>
<Cov CovItemId="S34" Value="1"/>
<Cov CovItemId="S35" Value="1"/>
<Cov CovItemId="S36" Value="1"/>
<Cov CovItemId="S37" Value="1"/>
<Cov CovItemId="S40" Value="1"/>
<Cov CovItemId="S41" Value="1"/>
<Cov CovItemId="S42" Value="1"/>
<Cov CovItemId="S43" Value="1"/>
<Cov CovItemId="S5" Value="1"/>
<Cov CovItemId="S53" Value="2"/>
<Cov CovItemId="S54" Value="8"/>
<Cov CovItemId="S6" Value="1"/>
<Cov CovItemId="S8" Value="1"/>
<Cov CovItemId="S9" Value="1"/>
</CovPrefix>
<CovPrefix CovItemPrefix="TestUnit.ClassDetailsTests.java">
<Cov CovItemId="S1" Value="1"/>
<Cov CovItemId="S10" Value="1"/>
<Cov CovItemId="S11" Value="1"/>
<Cov CovItemId="S12" Value="1"/>
<Cov CovItemId="S13" Value="1"/>
<Cov CovItemId="S14" Value="1"/>
<Cov CovItemId="S15" Value="1"/>
<Cov CovItemId="S16" Value="1"/>
<Cov CovItemId="S17" Value="1"/>
<Cov CovItemId="S18" Value="1"/>
<Cov CovItemId="S19" Value="1"/>
<Cov CovItemId="S2" Value="1"/>
<Cov CovItemId="S20" Value="1"/>
<Cov CovItemId="S21" Value="1"/>
<Cov CovItemId="S22" Value="1"/>
<Cov CovItemId="S23" Value="1"/>
<Cov CovItemId="S24" Value="1"/>
<Cov CovItemId="S3" Value="1"/>
<Cov CovItemId="S31" Value="1"/>
<Cov CovItemId="S4" Value="1"/>
<Cov CovItemId="S5" Value="1"/>
<Cov CovItemId="S6" Value="1"/>
<Cov CovItemId="S7" Value="1"/>
<Cov CovItemId="S8" Value="1"/>
<Cov CovItemId="S9" Value="1"/>
</CovPrefix>
</CovList>
<AssgnmntList/>
<ObjMetaDataList/>
<MetaDataList/>
</TestCase>
<TestCase Comment="" Date="1500935232788" Name="TestUnit.ClassDetailsTests:testHasConflict6">
<CovList>
<CovPrefix CovItemPrefix="TestUnit.ClassDetails.java">
<Cov CovItemId="B1" Value="2"/>
<Cov CovItemId="B11" Value="1"/>
<Cov CovItemId="B14" Value="1"/>
<Cov CovItemId="B17" Value="1"/>
<Cov CovItemId="B2" Value="5"/>
<Cov CovItemId="B3" Value="2"/>
<Cov CovItemId="B4" Value="5"/>
<Cov CovItemId="B5" Value="1"/>
<Cov CovItemId="B8" Value="1"/>
<Cov CovItemId="S10" Value="1"/>
<Cov CovItemId="S11" Value="1"/>
<Cov CovItemId="S12" Value="1"/>
<Cov CovItemId="S13" Value="1"/>
<Cov CovItemId="S14" Value="1"/>
<Cov CovItemId="S15" Value="1"/>
<Cov CovItemId="S16" Value="1"/>
<Cov CovItemId="S17" Value="1"/>
<Cov CovItemId="S18" Value="1"/>
<Cov CovItemId="S19" Value="1"/>
<Cov CovItemId="S20" Value="1"/>
<Cov CovItemId="S21" Value="1"/>
<Cov CovItemId="S22" Value="1"/>
<Cov CovItemId="S23" Value="7"/>
<Cov CovItemId="S24" Value="2"/>
<Cov CovItemId="S25" Value="2"/>
<Cov CovItemId="S26" Value="1"/>
<Cov CovItemId="S27" Value="7"/>
<Cov CovItemId="S28" Value="2"/>
<Cov CovItemId="S29" Value="2"/>
<Cov CovItemId="S30" Value="1"/>
<Cov CovItemId="S31" Value="1"/>
<Cov CovItemId="S32" Value="1"/>
<Cov CovItemId="S33" Value="1"/>
<Cov CovItemId="S34" Value="1"/>
<Cov CovItemId="S35" Value="1"/>
<Cov CovItemId="S36" Value="1"/>
<Cov CovItemId="S37" Value="1"/>
<Cov CovItemId="S40" Value="1"/>
<Cov CovItemId="S41" Value="1"/>
<Cov CovItemId="S44" Value="1"/>
<Cov CovItemId="S45" Value="1"/>
<Cov CovItemId="S5" Value="1"/>
<Cov CovItemId="S53" Value="2"/>
<Cov CovItemId="S54" Value="8"/>
<Cov CovItemId="S6" Value="1"/>
<Cov CovItemId="S8" Value="1"/>
<Cov CovItemId="S9" Value="1"/>
</CovPrefix>
<CovPrefix CovItemPrefix="TestUnit.ClassDetailsTests.java">
<Cov CovItemId="S1" Value="1"/>
<Cov CovItemId="S10" Value="1"/>
<Cov CovItemId="S11" Value="1"/>
<Cov CovItemId="S12" Value="1"/>
<Cov CovItemId="S13" Value="1"/>
<Cov CovItemId="S14" Value="1"/>
<Cov CovItemId="S15" Value="1"/>
<Cov CovItemId="S16" Value="1"/>
<Cov CovItemId="S17" Value="1"/>
<Cov CovItemId="S18" Value="1"/>
<Cov CovItemId="S19" Value="1"/>
<Cov CovItemId="S2" Value="1"/>
<Cov CovItemId="S20" Value="1"/>
<Cov CovItemId="S21" Value="1"/>
<Cov CovItemId="S22" Value="1"/>
<Cov CovItemId="S23" Value="1"/>
<Cov CovItemId="S24" Value="1"/>
<Cov CovItemId="S3" Value="1"/>
<Cov CovItemId="S32" Value="1"/>
<Cov CovItemId="S4" Value="1"/>
<Cov CovItemId="S5" Value="1"/>
<Cov CovItemId="S6" Value="1"/>
<Cov CovItemId="S7" Value="1"/>
<Cov CovItemId="S8" Value="1"/>
<Cov CovItemId="S9" Value="1"/>
</CovPrefix>
</CovList>
<AssgnmntList/>
<ObjMetaDataList/>
<MetaDataList/>
</TestCase>
<TestCase Comment="" Date="1500935232788" Name="TestUnit.ClassDetailsTests:testHasConflict7">
<CovList>
<CovPrefix CovItemPrefix="TestUnit.ClassDetails.java">
<Cov CovItemId="B1" Value="2"/>
<Cov CovItemId="B12" Value="1"/>
<Cov CovItemId="B19" Value="1"/>
<Cov CovItemId="B2" Value="5"/>
<Cov CovItemId="B22" Value="1"/>
<Cov CovItemId="B25" Value="1"/>
<Cov CovItemId="B3" Value="2"/>
<Cov CovItemId="B4" Value="5"/>
<Cov CovItemId="B5" Value="1"/>
<Cov CovItemId="B8" Value="1"/>
<Cov CovItemId="S10" Value="1"/>
<Cov CovItemId="S11" Value="1"/>
<Cov CovItemId="S12" Value="1"/>
<Cov CovItemId="S13" Value="1"/>
<Cov CovItemId="S14" Value="1"/>
<Cov CovItemId="S15" Value="1"/>
<Cov CovItemId="S16" Value="1"/>
<Cov CovItemId="S17" Value="1"/>
<Cov CovItemId="S18" Value="1"/>
<Cov CovItemId="S19" Value="1"/>
<Cov CovItemId="S20" Value="1"/>
<Cov CovItemId="S21" Value="1"/>
<Cov CovItemId="S22" Value="1"/>
<Cov CovItemId="S23" Value="7"/>
<Cov CovItemId="S24" Value="2"/>
<Cov CovItemId="S25" Value="2"/>
<Cov CovItemId="S26" Value="1"/>
<Cov CovItemId="S27" Value="7"/>
<Cov CovItemId="S28" Value="2"/>
<Cov CovItemId="S29" Value="2"/>
<Cov CovItemId="S30" Value="1"/>
<Cov CovItemId="S31" Value="1"/>
<Cov CovItemId="S32" Value="1"/>
<Cov CovItemId="S33" Value="1"/>
<Cov CovItemId="S34" Value="1"/>
<Cov CovItemId="S35" Value="1"/>
<Cov CovItemId="S36" Value="1"/>
<Cov CovItemId="S37" Value="1"/>
<Cov CovItemId="S40" Value="1"/>
<Cov CovItemId="S46" Value="1"/>
<Cov CovItemId="S47" Value="1"/>
<Cov CovItemId="S5" Value="1"/>
<Cov CovItemId="S50" Value="1"/>
<Cov CovItemId="S51" Value="1"/>
<Cov CovItemId="S53" Value="2"/>
<Cov CovItemId="S54" Value="8"/>
<Cov CovItemId="S6" Value="1"/>
<Cov CovItemId="S8" Value="1"/>
<Cov CovItemId="S9" Value="1"/>
</CovPrefix>
<CovPrefix CovItemPrefix="TestUnit.ClassDetailsTests.java">
<Cov CovItemId="S1" Value="1"/>
<Cov CovItemId="S10" Value="1"/>
<Cov CovItemId="S11" Value="1"/>
<Cov CovItemId="S12" Value="1"/>
<Cov CovItemId="S13" Value="1"/>
<Cov CovItemId="S14" Value="1"/>
<Cov CovItemId="S15" Value="1"/>
<Cov CovItemId="S16" Value="1"/>
<Cov CovItemId="S17" Value="1"/>
<Cov CovItemId="S18" Value="1"/>
<Cov CovItemId="S19" Value="1"/>
<Cov CovItemId="S2" Value="1"/>
<Cov CovItemId="S20" Value="1"/>
<Cov CovItemId="S21" Value="1"/>
<Cov CovItemId="S22" Value="1"/>
<Cov CovItemId="S23" Value="1"/>
<Cov CovItemId="S24" Value="1"/>
<Cov CovItemId="S3" Value="1"/>
<Cov CovItemId="S33" Value="1"/>
<Cov CovItemId="S4" Value="1"/>
<Cov CovItemId="S5" Value="1"/>
<Cov CovItemId="S6" Value="1"/>
<Cov CovItemId="S7" Value="1"/>
<Cov CovItemId="S8" Value="1"/>
<Cov CovItemId="S9" Value="1"/>
</CovPrefix>
</CovList>
<AssgnmntList/>
<ObjMetaDataList/>
<MetaDataList/>
</TestCase>
<TestCase Comment="" Date="1500935232803" Name="TestUnit.ClassDetailsTests:testIsAtTime1">
<CovList>
<CovPrefix CovItemPrefix="TestUnit.ClassDetails.java">
<Cov CovItemId="B28" Value="1"/>
<Cov CovItemId="S5" Value="1"/>
<Cov CovItemId="S53" Value="1"/>
<Cov CovItemId="S54" Value="9"/>
<Cov CovItemId="S55" Value="1"/>
<Cov CovItemId="S57" Value="1"/>
<Cov CovItemId="S6" Value="1"/>
</CovPrefix>
<CovPrefix CovItemPrefix="TestUnit.ClassDetailsTests.java">
<Cov CovItemId="S1" Value="1"/>
<Cov CovItemId="S10" Value="1"/>
<Cov CovItemId="S11" Value="1"/>
<Cov CovItemId="S12" Value="1"/>
<Cov CovItemId="S13" Value="1"/>
<Cov CovItemId="S14" Value="1"/>
<Cov CovItemId="S15" Value="1"/>
<Cov CovItemId="S16" Value="1"/>
<Cov CovItemId="S17" Value="1"/>
<Cov CovItemId="S18" Value="1"/>
<Cov CovItemId="S19" Value="1"/>
<Cov CovItemId="S2" Value="1"/>
<Cov CovItemId="S20" Value="1"/>
<Cov CovItemId="S21" Value="1"/>
<Cov CovItemId="S22" Value="1"/>
<Cov CovItemId="S23" Value="1"/>
<Cov CovItemId="S24" Value="1"/>
<Cov CovItemId="S3" Value="1"/>
<Cov CovItemId="S4" Value="1"/>
<Cov CovItemId="S5" Value="1"/>
<Cov CovItemId="S6" Value="1"/>
<Cov CovItemId="S63" Value="1"/>
<Cov CovItemId="S64" Value="1"/>
<Cov CovItemId="S65" Value="1"/>
<Cov CovItemId="S66" Value="1"/>
<Cov CovItemId="S67" Value="1"/>
<Cov CovItemId="S7" Value="1"/>
<Cov CovItemId="S8" Value="1"/>
<Cov CovItemId="S9" Value="1"/>
</CovPrefix>
</CovList>
<AssgnmntList/>
<ObjMetaDataList/>
<MetaDataList/>
</TestCase>
<TestCase Comment="" Date="1500935233225" Name="TestUnit.ClassDetailsTests:testIsAtTime2">
<CovList>
<CovPrefix CovItemPrefix="TestUnit.ClassDetails.java">
<Cov CovItemId="B27" Value="1"/>
<Cov CovItemId="S5" Value="1"/>
<Cov CovItemId="S53" Value="2"/>
<Cov CovItemId="S54" Value="9"/>
<Cov CovItemId="S55" Value="1"/>
<Cov CovItemId="S56" Value="1"/>
<Cov CovItemId="S6" Value="1"/>
</CovPrefix>
<CovPrefix CovItemPrefix="TestUnit.ClassDetailsTests.java">
<Cov CovItemId="S1" Value="1"/>
<Cov CovItemId="S10" Value="1"/>
<Cov CovItemId="S11" Value="1"/>
<Cov CovItemId="S12" Value="1"/>
<Cov CovItemId="S13" Value="1"/>
<Cov CovItemId="S14" Value="1"/>
<Cov CovItemId="S15" Value="1"/>
<Cov CovItemId="S16" Value="1"/>
<Cov CovItemId="S17" Value="1"/>
<Cov CovItemId="S18" Value="1"/>
<Cov CovItemId="S19" Value="1"/>
<Cov CovItemId="S2" Value="1"/>
<Cov CovItemId="S20" Value="1"/>
<Cov CovItemId="S21" Value="1"/>
<Cov CovItemId="S22" Value="1"/>
<Cov CovItemId="S23" Value="1"/>
<Cov CovItemId="S24" Value="1"/>
<Cov CovItemId="S3" Value="1"/>
<Cov CovItemId="S4" Value="1"/>
<Cov CovItemId="S5" Value="1"/>
<Cov CovItemId="S6" Value="1"/>
<Cov CovItemId="S68" Value="1"/>
<Cov CovItemId="S69" Value="1"/>
<Cov CovItemId="S7" Value="1"/>
<Cov CovItemId="S70" Value="1"/>
<Cov CovItemId="S71" Value="1"/>
<Cov CovItemId="S72" Value="1"/>
<Cov CovItemId="S8" Value="1"/>
<Cov CovItemId="S9" Value="1"/>
</CovPrefix>
</CovList>
<AssgnmntList/>
<ObjMetaDataList/>
<MetaDataList/>
</TestCase>
<TestCase Comment="" Date="1500935233225" Name="TestUnit.ClassDetailsTests:testGetDays">
<CovList>
<CovPrefix CovItemPrefix="TestUnit.ClassDetails.java">
<Cov CovItemId="S5" Value="1"/>
<Cov CovItemId="S53" Value="1"/>
<Cov CovItemId="S54" Value="9"/>
<Cov CovItemId="S6" Value="1"/>
<Cov CovItemId="S68" Value="1"/>
</CovPrefix>
<CovPrefix CovItemPrefix="TestUnit.ClassDetailsTests.java">
<Cov CovItemId="S1" Value="1"/>
<Cov CovItemId="S10" Value="1"/>
<Cov CovItemId="S11" Value="1"/>
<Cov CovItemId="S12" Value="1"/>
<Cov CovItemId="S13" Value="1"/>
<Cov CovItemId="S14" Value="1"/>
<Cov CovItemId="S15" Value="1"/>
<Cov CovItemId="S16" Value="1"/>
<Cov CovItemId="S17" Value="1"/>
<Cov CovItemId="S18" Value="1"/>
<Cov CovItemId="S19" Value="1"/>
<Cov CovItemId="S2" Value="1"/>
<Cov CovItemId="S20" Value="1"/>
<Cov CovItemId="S21" Value="1"/>
<Cov CovItemId="S22" Value="1"/>
<Cov CovItemId="S23" Value="1"/>
<Cov CovItemId="S24" Value="1"/>
<Cov CovItemId="S3" Value="1"/>
<Cov CovItemId="S4" Value="1"/>
<Cov CovItemId="S5" Value="1"/>
<Cov CovItemId="S51" Value="1"/>
<Cov CovItemId="S52" Value="1"/>
<Cov CovItemId="S53" Value="1"/>
<Cov CovItemId="S54" Value="1"/>
<Cov CovItemId="S6" Value="1"/>
<Cov CovItemId="S7" Value="1"/>
<Cov CovItemId="S8" Value="1"/>
<Cov CovItemId="S9" Value="1"/>
</CovPrefix>
</CovList>
<AssgnmntList/>
<ObjMetaDataList/>
<MetaDataList/>
</TestCase>
<TestCase Comment="" Date="1500935233225" Name="TestUnit.ClassDetailsTests:testGetTerm">
<CovList>
<CovPrefix CovItemPrefix="TestUnit.ClassDetails.java">
<Cov CovItemId="S1" Value="1"/>
<Cov CovItemId="S2" Value="1"/>
<Cov CovItemId="S5" Value="1"/>
<Cov CovItemId="S54" Value="8"/>
<Cov CovItemId="S6" Value="1"/>
</CovPrefix>
<CovPrefix CovItemPrefix="TestUnit.ClassDetailsTests.java">
<Cov CovItemId="S1" Value="1"/>
<Cov CovItemId="S10" Value="1"/>
<Cov CovItemId="S11" Value="1"/>
<Cov CovItemId="S12" Value="1"/>
<Cov CovItemId="S13" Value="1"/>
<Cov CovItemId="S14" Value="1"/>
<Cov CovItemId="S15" Value="1"/>
<Cov CovItemId="S16" Value="1"/>
<Cov CovItemId="S17" Value="1"/>
<Cov CovItemId="S18" Value="1"/>
<Cov CovItemId="S19" Value="1"/>
<Cov CovItemId="S2" Value="1"/>
<Cov CovItemId="S20" Value="1"/>
<Cov CovItemId="S21" Value="1"/>
<Cov CovItemId="S22" Value="1"/>
<Cov CovItemId="S23" Value="1"/>
<Cov CovItemId="S24" Value="1"/>
<Cov CovItemId="S3" Value="1"/>
<Cov CovItemId="S34" Value="1"/>
<Cov CovItemId="S35" Value="1"/>
<Cov CovItemId="S4" Value="1"/>
<Cov CovItemId="S5" Value="1"/>
<Cov CovItemId="S6" Value="1"/>
<Cov CovItemId="S7" Value="1"/>
<Cov CovItemId="S8" Value="1"/>
<Cov CovItemId="S9" Value="1"/>
</CovPrefix>
</CovList>
<AssgnmntList/>
<ObjMetaDataList/>
<MetaDataList/>
</TestCase>
<TestCase Comment="" Date="1500935233241" Name="TestUnit.ClassDetailsTests:testGetTime">
<CovList>
<CovPrefix CovItemPrefix="TestUnit.ClassDetails.java">
<Cov CovItemId="S5" Value="1"/>
<Cov CovItemId="S53" Value="1"/>
<Cov CovItemId="S54" Value="9"/>
<Cov CovItemId="S6" Value="1"/>
</CovPrefix>
<CovPrefix CovItemPrefix="TestUnit.ClassDetailsTests.java">
<Cov CovItemId="S1" Value="1"/>
<Cov CovItemId="S10" Value="1"/>
<Cov CovItemId="S11" Value="1"/>
<Cov CovItemId="S12" Value="1"/>
<Cov CovItemId="S13" Value="1"/>
<Cov CovItemId="S14" Value="1"/>
<Cov CovItemId="S15" Value="1"/>
<Cov CovItemId="S16" Value="1"/>
<Cov CovItemId="S17" Value="1"/>
<Cov CovItemId="S18" Value="1"/>
<Cov CovItemId="S19" Value="1"/>
<Cov CovItemId="S2" Value="1"/>
<Cov CovItemId="S20" Value="1"/>
<Cov CovItemId="S21" Value="1"/>
<Cov CovItemId="S22" Value="1"/>
<Cov CovItemId="S23" Value="1"/>
<Cov CovItemId="S24" Value="1"/>
<Cov CovItemId="S3" Value="1"/>
<Cov CovItemId="S4" Value="1"/>
<Cov CovItemId="S47" Value="1"/>
<Cov CovItemId="S48" Value="1"/>
<Cov CovItemId="S49" Value="1"/>
<Cov CovItemId="S5" Value="1"/>
<Cov CovItemId="S50" Value="1"/>
<Cov CovItemId="S6" Value="1"/>
<Cov CovItemId="S7" Value="1"/>
<Cov CovItemId="S8" Value="1"/>
<Cov CovItemId="S9" Value="1"/>
</CovPrefix>
</CovList>
<AssgnmntList/>
<ObjMetaDataList/>
<MetaDataList/>
</TestCase>
<TestCase Comment="" Date="1500935233256" Name="TestUnit.ClassDetailsTests:testIsAtDay1">
<CovList>
<CovPrefix CovItemPrefix="TestUnit.ClassDetails.java">
<Cov CovItemId="B29" Value="1"/>
<Cov CovItemId="S5" Value="1"/>
<Cov CovItemId="S53" Value="1"/>
<Cov CovItemId="S54" Value="9"/>
<Cov CovItemId="S58" Value="1"/>
<Cov CovItemId="S59" Value="1"/>
<Cov CovItemId="S6" Value="1"/>
</CovPrefix>
<CovPrefix CovItemPrefix="TestUnit.ClassDetailsTests.java">
<Cov CovItemId="S1" Value="1"/>
<Cov CovItemId="S10" Value="1"/>
<Cov CovItemId="S11" Value="1"/>
<Cov CovItemId="S12" Value="1"/>
<Cov CovItemId="S13" Value="1"/>
<Cov CovItemId="S14" Value="1"/>
<Cov CovItemId="S15" Value="1"/>
<Cov CovItemId="S16" Value="1"/>
<Cov CovItemId="S17" Value="1"/>
<Cov CovItemId="S18" Value="1"/>
<Cov CovItemId="S19" Value="1"/>
<Cov CovItemId="S2" Value="1"/>
<Cov CovItemId="S20" Value="1"/>
<Cov CovItemId="S21" Value="1"/>
<Cov CovItemId="S22" Value="1"/>
<Cov CovItemId="S23" Value="1"/>
<Cov CovItemId="S24" Value="1"/>
<Cov CovItemId="S3" Value="1"/>
<Cov CovItemId="S4" Value="1"/>
<Cov CovItemId="S5" Value="1"/>
<Cov CovItemId="S55" Value="1"/>
<Cov CovItemId="S56" Value="1"/>
<Cov CovItemId="S57" Value="1"/>
<Cov CovItemId="S58" Value="1"/>
<Cov CovItemId="S6" Value="1"/>
<Cov CovItemId="S7" Value="1"/>
<Cov CovItemId="S8" Value="1"/>
<Cov CovItemId="S9" Value="1"/>
</CovPrefix>
</CovList>
<AssgnmntList/>
<ObjMetaDataList/>
<MetaDataList/>
</TestCase>
<TestCase Comment="" Date="1500935233256" Name="TestUnit.ClassDetailsTests:testIsAtDay2">
<CovList>
<CovPrefix CovItemPrefix="TestUnit.ClassDetails.java">
<Cov CovItemId="B30" Value="1"/>
<Cov CovItemId="S5" Value="1"/>
<Cov CovItemId="S53" Value="1"/>
<Cov CovItemId="S54" Value="9"/>
<Cov CovItemId="S58" Value="1"/>
<Cov CovItemId="S6" Value="1"/>
<Cov CovItemId="S60" Value="1"/>
</CovPrefix>
<CovPrefix CovItemPrefix="TestUnit.ClassDetailsTests.java">
<Cov CovItemId="S1" Value="1"/>
<Cov CovItemId="S10" Value="1"/>
<Cov CovItemId="S11" Value="1"/>
<Cov CovItemId="S12" Value="1"/>
<Cov CovItemId="S13" Value="1"/>
<Cov CovItemId="S14" Value="1"/>
<Cov CovItemId="S15" Value="1"/>
<Cov CovItemId="S16" Value="1"/>
<Cov CovItemId="S17" Value="1"/>
<Cov CovItemId="S18" Value="1"/>
<Cov CovItemId="S19" Value="1"/>
<Cov CovItemId="S2" Value="1"/>
<Cov CovItemId="S20" Value="1"/>
<Cov CovItemId="S21" Value="1"/>
<Cov CovItemId="S22" Value="1"/>
<Cov CovItemId="S23" Value="1"/>
<Cov CovItemId="S24" Value="1"/>
<Cov CovItemId="S3" Value="1"/>
<Cov CovItemId="S4" Value="1"/>
<Cov CovItemId="S5" Value="1"/>
<Cov CovItemId="S59" Value="1"/>
<Cov CovItemId="S6" Value="1"/>
<Cov CovItemId="S60" Value="1"/>
<Cov CovItemId="S61" Value="1"/>
<Cov CovItemId="S62" Value="1"/>
<Cov CovItemId="S7" Value="1"/>
<Cov CovItemId="S8" Value="1"/>
<Cov CovItemId="S9" Value="1"/>
</CovPrefix>
</CovList>
<AssgnmntList/>
<ObjMetaDataList/>
<MetaDataList/>
</TestCase>
<TestCase Comment="" Date="1500935233256" Name="TestUnit.ClassDetailsTests:testSetCourse">
<CovList>
<CovPrefix CovItemPrefix="TestUnit.ClassDetails.java">
<Cov CovItemId="S5" Value="1"/>
<Cov CovItemId="S54" Value="8"/>
<Cov CovItemId="S6" Value="1"/>
<Cov CovItemId="S69" Value="1"/>
<Cov CovItemId="S70" Value="1"/>
</CovPrefix>
<CovPrefix CovItemPrefix="TestUnit.ClassDetailsTests.java">
<Cov CovItemId="S1" Value="1"/>
<Cov CovItemId="S10" Value="1"/>
<Cov CovItemId="S11" Value="1"/>
<Cov CovItemId="S12" Value="1"/>
<Cov CovItemId="S13" Value="1"/>
<Cov CovItemId="S14" Value="1"/>
<Cov CovItemId="S15" Value="1"/>
<Cov CovItemId="S16" Value="1"/>
<Cov CovItemId="S17" Value="1"/>
<Cov CovItemId="S18" Value="1"/>
<Cov CovItemId="S19" Value="1"/>
<Cov CovItemId="S2" Value="1"/>
<Cov CovItemId="S20" Value="1"/>
<Cov CovItemId="S21" Value="1"/>
<Cov CovItemId="S22" Value="1"/>
<Cov CovItemId="S23" Value="1"/>
<Cov CovItemId="S24" Value="1"/>
<Cov CovItemId="S3" Value="1"/>
<Cov CovItemId="S4" Value="1"/>
<Cov CovItemId="S5" Value="1"/>
<Cov CovItemId="S6" Value="1"/>
<Cov CovItemId="S7" Value="1"/>
<Cov CovItemId="S8" Value="1"/>
<Cov CovItemId="S81" Value="1"/>
<Cov CovItemId="S82" Value="1"/>
<Cov CovItemId="S83" Value="1"/>
<Cov CovItemId="S9" Value="1"/>
</CovPrefix>
</CovList>
<AssgnmntList/>
<ObjMetaDataList/>
<MetaDataList/>
</TestCase>
<TestCase Comment="" Date="1500935233256" Name="TestUnit.ClassDetailsTests:testGetCampus">
<CovList>
<CovPrefix CovItemPrefix="TestUnit.ClassDetails.java">
<Cov CovItemId="S3" Value="1"/>
<Cov CovItemId="S4" Value="1"/>
<Cov CovItemId="S5" Value="1"/>
<Cov CovItemId="S54" Value="8"/>
<Cov CovItemId="S6" Value="1"/>
</CovPrefix>
<CovPrefix CovItemPrefix="TestUnit.ClassDetailsTests.java">
<Cov CovItemId="S1" Value="1"/>
<Cov CovItemId="S10" Value="1"/>
<Cov CovItemId="S11" Value="1"/>
<Cov CovItemId="S12" Value="1"/>
<Cov CovItemId="S13" Value="1"/>
<Cov CovItemId="S14" Value="1"/>
<Cov CovItemId="S15" Value="1"/>
<Cov CovItemId="S16" Value="1"/>
<Cov CovItemId="S17" Value="1"/>
<Cov CovItemId="S18" Value="1"/>
<Cov CovItemId="S19" Value="1"/>
<Cov CovItemId="S2" Value="1"/>
<Cov CovItemId="S20" Value="1"/>
<Cov CovItemId="S21" Value="1"/>
<Cov CovItemId="S22" Value="1"/>
<Cov CovItemId="S23" Value="1"/>
<Cov CovItemId="S24" Value="1"/>
<Cov CovItemId="S3" Value="1"/>
<Cov CovItemId="S4" Value="1"/>
<Cov CovItemId="S40" Value="1"/>
<Cov CovItemId="S41" Value="1"/>
<Cov CovItemId="S5" Value="1"/>
<Cov CovItemId="S6" Value="1"/>
<Cov CovItemId="S7" Value="1"/>
<Cov CovItemId="S8" Value="1"/>
<Cov CovItemId="S9" Value="1"/>
</CovPrefix>
</CovList>
<AssgnmntList/>
<ObjMetaDataList/>
<MetaDataList/>
</TestCase>
<TestCase Comment="" Date="1500935233272" Name="TestUnit.ClassDetailsTests:testGetCourse">
<CovList>
<CovPrefix CovItemPrefix="TestUnit.ClassDetails.java">
<Cov CovItemId="S5" Value="1"/>
<Cov CovItemId="S54" Value="8"/>
<Cov CovItemId="S6" Value="1"/>
<Cov CovItemId="S69" Value="1"/>
<Cov CovItemId="S70" Value="1"/>
</CovPrefix>
<CovPrefix CovItemPrefix="TestUnit.ClassDetailsTests.java">
<Cov CovItemId="S1" Value="1"/>
<Cov CovItemId="S10" Value="1"/>
<Cov CovItemId="S11" Value="1"/>
<Cov CovItemId="S12" Value="1"/>
<Cov CovItemId="S13" Value="1"/>
<Cov CovItemId="S14" Value="1"/>
<Cov CovItemId="S15" Value="1"/>
<Cov CovItemId="S16" Value="1"/>
<Cov CovItemId="S17" Value="1"/>
<Cov CovItemId="S18" Value="1"/>
<Cov CovItemId="S19" Value="1"/>
<Cov CovItemId="S2" Value="1"/>
<Cov CovItemId="S20" Value="1"/>
<Cov CovItemId="S21" Value="1"/>
<Cov CovItemId="S22" Value="1"/>
<Cov CovItemId="S23" Value="1"/>
<Cov CovItemId="S24" Value="1"/>
<Cov CovItemId="S3" Value="1"/>
<Cov CovItemId="S4" Value="1"/>
<Cov CovItemId="S5" Value="1"/>
<Cov CovItemId="S6" Value="1"/>
<Cov CovItemId="S7" Value="1"/>
<Cov CovItemId="S8" Value="1"/>
<Cov CovItemId="S84" Value="1"/>
<Cov CovItemId="S85" Value="1"/>
<Cov CovItemId="S86" Value="1"/>
<Cov CovItemId="S87" Value="1"/>
<Cov CovItemId="S9" Value="1"/>
</CovPrefix>
</CovList>
<AssgnmntList/>
<ObjMetaDataList/>
<MetaDataList/>
</TestCase>
<TestCase Comment="" Date="1500935233272" Name="TestUnit.ClassDetailsTests:testSetTerm">
<CovList>
<CovPrefix CovItemPrefix="TestUnit.ClassDetails.java">
<Cov CovItemId="S1" Value="1"/>
<Cov CovItemId="S2" Value="1"/>
<Cov CovItemId="S5" Value="1"/>
<Cov CovItemId="S54" Value="8"/>
<Cov CovItemId="S6" Value="1"/>
</CovPrefix>
<CovPrefix CovItemPrefix="TestUnit.ClassDetailsTests.java">
<Cov CovItemId="S1" Value="1"/>
<Cov CovItemId="S10" Value="1"/>
<Cov CovItemId="S11" Value="1"/>
<Cov CovItemId="S12" Value="1"/>
<Cov CovItemId="S13" Value="1"/>
<Cov CovItemId="S14" Value="1"/>
<Cov CovItemId="S15" Value="1"/>
<Cov CovItemId="S16" Value="1"/>
<Cov CovItemId="S17" Value="1"/>
<Cov CovItemId="S18" Value="1"/>
<Cov CovItemId="S19" Value="1"/>
<Cov CovItemId="S2" Value="1"/>
<Cov CovItemId="S20" Value="1"/>
<Cov CovItemId="S21" Value="1"/>
<Cov CovItemId="S22" Value="1"/>
<Cov CovItemId="S23" Value="1"/>
<Cov CovItemId="S24" Value="1"/>
<Cov CovItemId="S25" Value="1"/>
<Cov CovItemId="S26" Value="1"/>
<Cov CovItemId="S3" Value="1"/>
<Cov CovItemId="S4" Value="1"/>
<Cov CovItemId="S5" Value="1"/>
<Cov CovItemId="S6" Value="1"/>
<Cov CovItemId="S7" Value="1"/>
<Cov CovItemId="S8" Value="1"/>
<Cov CovItemId="S9" Value="1"/>
</CovPrefix>
</CovList>
<AssgnmntList/>
<ObjMetaDataList/>
<MetaDataList/>
</TestCase>
<TestCase Comment="" Date="1500935233272" Name="TestUnit.ClassDetailsTests:testSetTime">
<CovList>
<CovPrefix CovItemPrefix="TestUnit.ClassDetails.java">
<Cov CovItemId="S5" Value="1"/>
<Cov CovItemId="S53" Value="1"/>
<Cov CovItemId="S54" Value="9"/>
<Cov CovItemId="S6" Value="1"/>
</CovPrefix>
<CovPrefix CovItemPrefix="TestUnit.ClassDetailsTests.java">
<Cov CovItemId="S1" Value="1"/>
<Cov CovItemId="S10" Value="1"/>
<Cov CovItemId="S11" Value="1"/>
<Cov CovItemId="S12" Value="1"/>
<Cov CovItemId="S13" Value="1"/>
<Cov CovItemId="S14" Value="1"/>
<Cov CovItemId="S15" Value="1"/>
<Cov CovItemId="S16" Value="1"/>
<Cov CovItemId="S17" Value="1"/>
<Cov CovItemId="S18" Value="1"/>
<Cov CovItemId="S19" Value="1"/>
<Cov CovItemId="S2" Value="1"/>
<Cov CovItemId="S20" Value="1"/>
<Cov CovItemId="S21" Value="1"/>
<Cov CovItemId="S22" Value="1"/>
<Cov CovItemId="S23" Value="1"/>
<Cov CovItemId="S24" Value="1"/>
<Cov CovItemId="S3" Value="1"/>
<Cov CovItemId="S4" Value="1"/>
<Cov CovItemId="S43" Value="1"/>
<Cov CovItemId="S44" Value="1"/>
<Cov CovItemId="S45" Value="1"/>
<Cov CovItemId="S46" Value="1"/>
<Cov CovItemId="S5" Value="1"/>
<Cov CovItemId="S6" Value="1"/>
<Cov CovItemId="S7" Value="1"/>
<Cov CovItemId="S8" Value="1"/>
<Cov CovItemId="S9" Value="1"/>
</CovPrefix>
</CovList>
<AssgnmntList/>
<ObjMetaDataList/>
<MetaDataList/>
</TestCase>
<TestCase Comment="" Date="1500935233272" Name="TestUnit.ClassDetailsTests:testSetClassNbr">
<CovList>
<CovPrefix CovItemPrefix="TestUnit.ClassDetails.java">
<Cov CovItemId="S5" Value="1"/>
<Cov CovItemId="S54" Value="8"/>
<Cov CovItemId="S6" Value="1"/>
</CovPrefix>
<CovPrefix CovItemPrefix="TestUnit.ClassDetailsTests.java">
<Cov CovItemId="S1" Value="1"/>
<Cov CovItemId="S10" Value="1"/>
<Cov CovItemId="S11" Value="1"/>
<Cov CovItemId="S12" Value="1"/>
<Cov CovItemId="S13" Value="1"/>
<Cov CovItemId="S14" Value="1"/>
<Cov CovItemId="S15" Value="1"/>
<Cov CovItemId="S16" Value="1"/>
<Cov CovItemId="S17" Value="1"/>
<Cov CovItemId="S18" Value="1"/>
<Cov CovItemId="S19" Value="1"/>
<Cov CovItemId="S2" Value="1"/>
<Cov CovItemId="S20" Value="1"/>
<Cov CovItemId="S21" Value="1"/>
<Cov CovItemId="S22" Value="1"/>
<Cov CovItemId="S23" Value="1"/>
<Cov CovItemId="S24" Value="1"/>
<Cov CovItemId="S3" Value="1"/>
<Cov CovItemId="S4" Value="1"/>
<Cov CovItemId="S5" Value="1"/>
<Cov CovItemId="S6" Value="1"/>
<Cov CovItemId="S7" Value="1"/>
<Cov CovItemId="S8" Value="1"/>
<Cov CovItemId="S9" Value="1"/>
</CovPrefix>
</CovList>
<AssgnmntList/>
<ObjMetaDataList/>
<MetaDataList/>
</TestCase>
<MetaDataList/>
</TestSession>
</TestSessionContainer>
